prt-get: updating /usr/ports/core-riscv64/acl
prt-get: starting build Tue Feb 21 12:27:51 2023
=======> Building '/home/devel/packages/acl#2.3.1-1.riscv64.pkg.tar.zst'.
bsdtar -p -o -C /home/devel/building/work/src -xf /home/devel/sources/acl-2.3.1.tar.gz
+ build
+ cd acl-2.3.1
+ ./configure --prefix=/usr --bindir=/bin --disable-static
checking for a BSD-compatible install... /usr/bin/install -c
checking whether build environment is sane... yes
checking for a thread-safe mkdir -p... /bin/mkdir -p
checking for gawk... gawk
checking whether make sets $(MAKE)... yes
checking whether make supports nested variables... yes
checking whether make supports nested variables... (cached) yes
checking for gcc... gcc
checking whether the C compiler works... yes
checking for C compiler default output file name... a.out
checking for suffix of executables... 
checking whether we are cross compiling... no
checking for suffix of object files... o
checking whether we are using the GNU C compiler... yes
checking whether gcc accepts -g... yes
checking for gcc option to accept ISO C89... none needed
checking whether gcc understands -c and -o together... yes
checking whether make supports the include directive... yes (GNU style)
checking dependency style of gcc... gcc3
checking how to run the C preprocessor... gcc -E
checking for grep that handles long lines and -e... /usr/bin/grep
checking for egrep... /usr/bin/grep -E
checking for ANSI C header files... yes
checking for sys/types.h... yes
checking for sys/stat.h... yes
checking for stdlib.h... yes
checking for string.h... yes
checking for memory.h... yes
checking for strings.h... yes
checking for inttypes.h... yes
checking for stdint.h... yes
checking for unistd.h... yes
checking minix/config.h usability... no
checking minix/config.h presence... no
checking for minix/config.h... no
checking whether it is safe to define __EXTENSIONS__... yes
checking whether __attribute__((visibility())) is supported... yes
checking whether byte ordering is bigendian... no
checking for special C compiler options needed for large files... no
checking for _FILE_OFFSET_BITS value needed for large files... no
checking for ar... ar
checking the archiver (ar) interface... ar
checking build system type... riscv64-unknown-linux-gnu
checking host system type... riscv64-unknown-linux-gnu
checking how to print strings... printf
checking for a sed that does not truncate output... /bin/sed
checking for fgrep... /usr/bin/grep -F
checking for ld used by gcc... /usr/bin/ld
checking if the linker (/usr/bin/ld) is GNU ld... yes
checking for BSD- or MS-compatible name lister (nm)... /usr/bin/nm -B
checking the name lister (/usr/bin/nm -B) interface... BSD nm
checking whether ln -s works... yes
checking the maximum length of command line arguments... 1572864
checking how to convert riscv64-unknown-linux-gnu file names to riscv64-unknown-linux-gnu format... func_convert_file_noop
checking how to convert riscv64-unknown-linux-gnu file names to toolchain format... func_convert_file_noop
checking for /usr/bin/ld option to reload object files... -r
checking for objdump... objdump
checking how to recognize dependent libraries... pass_all
checking for dlltool... no
checking how to associate runtime and link libraries... printf %s\n
checking for archiver @FILE support... @
checking for strip... strip
checking for ranlib... ranlib
checking command to parse /usr/bin/nm -B output from gcc object... ok
checking for sysroot... no
checking for a working dd... /bin/dd
checking how to truncate binary pipes... /bin/dd bs=4096 count=1
checking for mt... no
checking if : is a manifest tool... no
checking for dlfcn.h... yes
checking for objdir... .libs
checking if gcc supports -fno-rtti -fno-exceptions... no
checking for gcc option to produce PIC... -fPIC -DPIC
checking if gcc PIC flag -fPIC -DPIC works... yes
checking if gcc static flag -static works... yes
checking if gcc supports -c -o file.o... yes
checking if gcc supports -c -o file.o... (cached) yes
checking whether the gcc linker (/usr/bin/ld) supports shared libraries... yes
checking whether -lc should be explicitly linked in... no
checking dynamic linker characteristics... GNU/Linux ld.so
checking how to hardcode library paths into programs... immediate
checking whether stripping libraries is possible... yes
checking if libtool supports shared libraries... yes
checking whether to build shared libraries... yes
checking whether to build static libraries... no
checking whether NLS is requested... yes
checking for msgfmt... /usr/bin/msgfmt
checking for gmsgfmt... /usr/bin/msgfmt
checking for xgettext... /usr/bin/xgettext
checking for msgmerge... /usr/bin/msgmerge
checking for ld used by gcc... /usr/bin/ld
checking if the linker (/usr/bin/ld) is GNU ld... yes
checking for shared library run path origin... done
checking for CFPreferencesCopyAppValue... no
checking for CFLocaleCopyCurrent... no
checking for GNU gettext in libc... yes
checking whether to use NLS... yes
checking where the gettext function comes from... libc
checking attr/error_context.h usability... yes
checking attr/error_context.h presence... yes
checking for attr/error_context.h... yes
checking for getxattr in -lattr... yes
checking that generated files are newer than configure... done
configure: creating ./config.status
config.status: creating libacl.pc
config.status: creating Makefile
config.status: creating po/Makefile.in
config.status: creating include/config.h
config.status: executing depfiles commands
config.status: executing libtool commands
config.status: executing po-directories commands
config.status: creating po/POTFILES
config.status: creating po/Makefile
config.status: executing include/acl commands
config.status: executing include/sys commands
+ make V=1
Making all in po
make[1]: Entering directory '/home/devel/building/work/src/acl-2.3.1/po'
make[1]: Nothing to be done for 'all'.
make[1]: Leaving directory '/home/devel/building/work/src/acl-2.3.1/po'
make[1]: Entering directory '/home/devel/building/work/src/acl-2.3.1'
depbase=`echo tools/chacl.o | sed 's|[^/]*$|.deps/&|;s|\.o$||'`;\
gcc -DHAVE_CONFIG_H -I. -I./include  -I./include -I./include -DLOCALEDIR=\"/usr/share/locale\" -DNDEBUG  -O2 -mabi=lp64d -march=rv64gc -fvisibility=hidden -MT tools/chacl.o -MD -MP -MF $depbase.Tpo -c -o tools/chacl.o tools/chacl.c &&\
mv -f $depbase.Tpo $depbase.Po
/bin/sh ./libtool  --tag=CC   --mode=compile gcc -DHAVE_CONFIG_H -I. -I./include  -I./include -I./include -DLOCALEDIR=\"/usr/share/locale\" -DNDEBUG  -include ./libacl/perm_copy.h -O2 -mabi=lp64d -march=rv64gc -fvisibility=hidden -MT libacl/la-acl_add_perm.lo -MD -MP -MF libacl/.deps/la-acl_add_perm.Tpo -c -o libacl/la-acl_add_perm.lo `test -f 'libacl/acl_add_perm.c' || echo './'`libacl/acl_add_perm.c
/bin/sh ./libtool  --tag=CC   --mode=compile gcc -DHAVE_CONFIG_H -I. -I./include  -I./include -I./include -DLOCALEDIR=\"/usr/share/locale\" -DNDEBUG  -include ./libacl/perm_copy.h -O2 -mabi=lp64d -march=rv64gc -fvisibility=hidden -MT libacl/la-acl_calc_mask.lo -MD -MP -MF libacl/.deps/la-acl_calc_mask.Tpo -c -o libacl/la-acl_calc_mask.lo `test -f 'libacl/acl_calc_mask.c' || echo './'`libacl/acl_calc_mask.c
/bin/sh ./libtool  --tag=CC   --mode=compile gcc -DHAVE_CONFIG_H -I. -I./include  -I./include -I./include -DLOCALEDIR=\"/usr/share/locale\" -DNDEBUG  -include ./libacl/perm_copy.h -O2 -mabi=lp64d -march=rv64gc -fvisibility=hidden -MT libacl/la-acl_clear_perms.lo -MD -MP -MF libacl/.deps/la-acl_clear_perms.Tpo -c -o libacl/la-acl_clear_perms.lo `test -f 'libacl/acl_clear_perms.c' || echo './'`libacl/acl_clear_perms.c
/bin/sh ./libtool  --tag=CC   --mode=compile gcc -DHAVE_CONFIG_H -I. -I./include  -I./include -I./include -DLOCALEDIR=\"/usr/share/locale\" -DNDEBUG  -include ./libacl/perm_copy.h -O2 -mabi=lp64d -march=rv64gc -fvisibility=hidden -MT libacl/la-acl_copy_entry.lo -MD -MP -MF libacl/.deps/la-acl_copy_entry.Tpo -c -o libacl/la-acl_copy_entry.lo `test -f 'libacl/acl_copy_entry.c' || echo './'`libacl/acl_copy_entry.c
/bin/sh ./libtool  --tag=CC   --mode=compile gcc -DHAVE_CONFIG_H -I. -I./include  -I./include -I./include -DLOCALEDIR=\"/usr/share/locale\" -DNDEBUG  -include ./libacl/perm_copy.h -O2 -mabi=lp64d -march=rv64gc -fvisibility=hidden -MT libacl/la-acl_copy_ext.lo -MD -MP -MF libacl/.deps/la-acl_copy_ext.Tpo -c -o libacl/la-acl_copy_ext.lo `test -f 'libacl/acl_copy_ext.c' || echo './'`libacl/acl_copy_ext.c
/bin/sh ./libtool  --tag=CC   --mode=compile gcc -DHAVE_CONFIG_H -I. -I./include  -I./include -I./include -DLOCALEDIR=\"/usr/share/locale\" -DNDEBUG  -include ./libacl/perm_copy.h -O2 -mabi=lp64d -march=rv64gc -fvisibility=hidden -MT libacl/la-acl_copy_int.lo -MD -MP -MF libacl/.deps/la-acl_copy_int.Tpo -c -o libacl/la-acl_copy_int.lo `test -f 'libacl/acl_copy_int.c' || echo './'`libacl/acl_copy_int.c
/bin/sh ./libtool  --tag=CC   --mode=compile gcc -DHAVE_CONFIG_H -I. -I./include  -I./include -I./include -DLOCALEDIR=\"/usr/share/locale\" -DNDEBUG  -include ./libacl/perm_copy.h -O2 -mabi=lp64d -march=rv64gc -fvisibility=hidden -MT libacl/la-acl_create_entry.lo -MD -MP -MF libacl/.deps/la-acl_create_entry.Tpo -c -o libacl/la-acl_create_entry.lo `test -f 'libacl/acl_create_entry.c' || echo './'`libacl/acl_create_entry.c
libtool: compile:  gcc -DHAVE_CONFIG_H -I. -I./include -I./include -I./include -DLOCALEDIR=\"/usr/share/locale\" -DNDEBUG -include ./libacl/perm_copy.h -O2 -mabi=lp64d -march=rv64gc -fvisibility=hidden -MT libacl/la-acl_copy_entry.lo -MD -MP -MF libacl/.deps/la-acl_copy_entry.Tpo -c libacl/acl_copy_entry.c  -fPIC -DPIC -o libacl/.libs/la-acl_copy_entry.o
libtool: compile:  gcc -DHAVE_CONFIG_H -I. -I./include -I./include -I./include -DLOCALEDIR=\"/usr/share/locale\" -DNDEBUG -include ./libacl/perm_copy.h -O2 -mabi=lp64d -march=rv64gc -fvisibility=hidden -MT libacl/la-acl_copy_ext.lo -MD -MP -MF libacl/.deps/la-acl_copy_ext.Tpo -c libacl/acl_copy_ext.c  -fPIC -DPIC -o libacl/.libs/la-acl_copy_ext.o
libtool: compile:  gcc -DHAVE_CONFIG_H -I. -I./include -I./include -I./include -DLOCALEDIR=\"/usr/share/locale\" -DNDEBUG -include ./libacl/perm_copy.h -O2 -mabi=lp64d -march=rv64gc -fvisibility=hidden -MT libacl/la-acl_create_entry.lo -MD -MP -MF libacl/.deps/la-acl_create_entry.Tpo -c libacl/acl_create_entry.c  -fPIC -DPIC -o libacl/.libs/la-acl_create_entry.o
libtool: compile:  gcc -DHAVE_CONFIG_H -I. -I./include -I./include -I./include -DLOCALEDIR=\"/usr/share/locale\" -DNDEBUG -include ./libacl/perm_copy.h -O2 -mabi=lp64d -march=rv64gc -fvisibility=hidden -MT libacl/la-acl_calc_mask.lo -MD -MP -MF libacl/.deps/la-acl_calc_mask.Tpo -c libacl/acl_calc_mask.c  -fPIC -DPIC -o libacl/.libs/la-acl_calc_mask.o
libtool: compile:  gcc -DHAVE_CONFIG_H -I. -I./include -I./include -I./include -DLOCALEDIR=\"/usr/share/locale\" -DNDEBUG -include ./libacl/perm_copy.h -O2 -mabi=lp64d -march=rv64gc -fvisibility=hidden -MT libacl/la-acl_clear_perms.lo -MD -MP -MF libacl/.deps/la-acl_clear_perms.Tpo -c libacl/acl_clear_perms.c  -fPIC -DPIC -o libacl/.libs/la-acl_clear_perms.o
libtool: compile:  gcc -DHAVE_CONFIG_H -I. -I./include -I./include -I./include -DLOCALEDIR=\"/usr/share/locale\" -DNDEBUG -include ./libacl/perm_copy.h -O2 -mabi=lp64d -march=rv64gc -fvisibility=hidden -MT libacl/la-acl_add_perm.lo -MD -MP -MF libacl/.deps/la-acl_add_perm.Tpo -c libacl/acl_add_perm.c  -fPIC -DPIC -o libacl/.libs/la-acl_add_perm.o
libtool: compile:  gcc -DHAVE_CONFIG_H -I. -I./include -I./include -I./include -DLOCALEDIR=\"/usr/share/locale\" -DNDEBUG -include ./libacl/perm_copy.h -O2 -mabi=lp64d -march=rv64gc -fvisibility=hidden -MT libacl/la-acl_copy_int.lo -MD -MP -MF libacl/.deps/la-acl_copy_int.Tpo -c libacl/acl_copy_int.c  -fPIC -DPIC -o libacl/.libs/la-acl_copy_int.o
mv -f libacl/.deps/la-acl_copy_entry.Tpo libacl/.deps/la-acl_copy_entry.Plo
mv -f libacl/.deps/la-acl_clear_perms.Tpo libacl/.deps/la-acl_clear_perms.Plo
/bin/sh ./libtool  --tag=CC   --mode=compile gcc -DHAVE_CONFIG_H -I. -I./include  -I./include -I./include -DLOCALEDIR=\"/usr/share/locale\" -DNDEBUG  -include ./libacl/perm_copy.h -O2 -mabi=lp64d -march=rv64gc -fvisibility=hidden -MT libacl/la-acl_delete_def_file.lo -MD -MP -MF libacl/.deps/la-acl_delete_def_file.Tpo -c -o libacl/la-acl_delete_def_file.lo `test -f 'libacl/acl_delete_def_file.c' || echo './'`libacl/acl_delete_def_file.c
/bin/sh ./libtool  --tag=CC   --mode=compile gcc -DHAVE_CONFIG_H -I. -I./include  -I./include -I./include -DLOCALEDIR=\"/usr/share/locale\" -DNDEBUG  -include ./libacl/perm_copy.h -O2 -mabi=lp64d -march=rv64gc -fvisibility=hidden -MT libacl/la-acl_delete_entry.lo -MD -MP -MF libacl/.deps/la-acl_delete_entry.Tpo -c -o libacl/la-acl_delete_entry.lo `test -f 'libacl/acl_delete_entry.c' || echo './'`libacl/acl_delete_entry.c
mv -f libacl/.deps/la-acl_add_perm.Tpo libacl/.deps/la-acl_add_perm.Plo
/bin/sh ./libtool  --tag=CC   --mode=compile gcc -DHAVE_CONFIG_H -I. -I./include  -I./include -I./include -DLOCALEDIR=\"/usr/share/locale\" -DNDEBUG  -include ./libacl/perm_copy.h -O2 -mabi=lp64d -march=rv64gc -fvisibility=hidden -MT libacl/la-acl_delete_perm.lo -MD -MP -MF libacl/.deps/la-acl_delete_perm.Tpo -c -o libacl/la-acl_delete_perm.lo `test -f 'libacl/acl_delete_perm.c' || echo './'`libacl/acl_delete_perm.c
/bin/sh ./libtool  --tag=CC   --mode=compile gcc -DHAVE_CONFIG_H -I. -I./include  -I./include -I./include -DLOCALEDIR=\"/usr/share/locale\" -DNDEBUG  -include ./libacl/perm_copy.h -O2 -mabi=lp64d -march=rv64gc -fvisibility=hidden -MT libacl/la-acl_dup.lo -MD -MP -MF libacl/.deps/la-acl_dup.Tpo -c -o libacl/la-acl_dup.lo `test -f 'libacl/acl_dup.c' || echo './'`libacl/acl_dup.c
mv -f libacl/.deps/la-acl_copy_ext.Tpo libacl/.deps/la-acl_copy_ext.Plo
/bin/sh ./libtool  --tag=CC   --mode=compile gcc -DHAVE_CONFIG_H -I. -I./include  -I./include -I./include -DLOCALEDIR=\"/usr/share/locale\" -DNDEBUG  -include ./libacl/perm_copy.h -O2 -mabi=lp64d -march=rv64gc -fvisibility=hidden -MT libacl/la-acl_free.lo -MD -MP -MF libacl/.deps/la-acl_free.Tpo -c -o libacl/la-acl_free.lo `test -f 'libacl/acl_free.c' || echo './'`libacl/acl_free.c
mv -f libacl/.deps/la-acl_create_entry.Tpo libacl/.deps/la-acl_create_entry.Plo
/bin/sh ./libtool  --tag=CC   --mode=compile gcc -DHAVE_CONFIG_H -I. -I./include  -I./include -I./include -DLOCALEDIR=\"/usr/share/locale\" -DNDEBUG  -include ./libacl/perm_copy.h -O2 -mabi=lp64d -march=rv64gc -fvisibility=hidden -MT libacl/la-acl_from_text.lo -MD -MP -MF libacl/.deps/la-acl_from_text.Tpo -c -o libacl/la-acl_from_text.lo `test -f 'libacl/acl_from_text.c' || echo './'`libacl/acl_from_text.c
mv -f libacl/.deps/la-acl_calc_mask.Tpo libacl/.deps/la-acl_calc_mask.Plo
/bin/sh ./libtool  --tag=CC   --mode=compile gcc -DHAVE_CONFIG_H -I. -I./include  -I./include -I./include -DLOCALEDIR=\"/usr/share/locale\" -DNDEBUG  -include ./libacl/perm_copy.h -O2 -mabi=lp64d -march=rv64gc -fvisibility=hidden -MT libacl/la-acl_get_entry.lo -MD -MP -MF libacl/.deps/la-acl_get_entry.Tpo -c -o libacl/la-acl_get_entry.lo `test -f 'libacl/acl_get_entry.c' || echo './'`libacl/acl_get_entry.c
mv -f libacl/.deps/la-acl_copy_int.Tpo libacl/.deps/la-acl_copy_int.Plo
/bin/sh ./libtool  --tag=CC   --mode=compile gcc -DHAVE_CONFIG_H -I. -I./include  -I./include -I./include -DLOCALEDIR=\"/usr/share/locale\" -DNDEBUG  -include ./libacl/perm_copy.h -O2 -mabi=lp64d -march=rv64gc -fvisibility=hidden -MT libacl/la-acl_get_fd.lo -MD -MP -MF libacl/.deps/la-acl_get_fd.Tpo -c -o libacl/la-acl_get_fd.lo `test -f 'libacl/acl_get_fd.c' || echo './'`libacl/acl_get_fd.c
libtool: compile:  gcc -DHAVE_CONFIG_H -I. -I./include -I./include -I./include -DLOCALEDIR=\"/usr/share/locale\" -DNDEBUG -include ./libacl/perm_copy.h -O2 -mabi=lp64d -march=rv64gc -fvisibility=hidden -MT libacl/la-acl_delete_def_file.lo -MD -MP -MF libacl/.deps/la-acl_delete_def_file.Tpo -c libacl/acl_delete_def_file.c  -fPIC -DPIC -o libacl/.libs/la-acl_delete_def_file.o
libtool: compile:  gcc -DHAVE_CONFIG_H -I. -I./include -I./include -I./include -DLOCALEDIR=\"/usr/share/locale\" -DNDEBUG -include ./libacl/perm_copy.h -O2 -mabi=lp64d -march=rv64gc -fvisibility=hidden -MT libacl/la-acl_delete_entry.lo -MD -MP -MF libacl/.deps/la-acl_delete_entry.Tpo -c libacl/acl_delete_entry.c  -fPIC -DPIC -o libacl/.libs/la-acl_delete_entry.o
libtool: compile:  gcc -DHAVE_CONFIG_H -I. -I./include -I./include -I./include -DLOCALEDIR=\"/usr/share/locale\" -DNDEBUG -include ./libacl/perm_copy.h -O2 -mabi=lp64d -march=rv64gc -fvisibility=hidden -MT libacl/la-acl_delete_perm.lo -MD -MP -MF libacl/.deps/la-acl_delete_perm.Tpo -c libacl/acl_delete_perm.c  -fPIC -DPIC -o libacl/.libs/la-acl_delete_perm.o
libtool: compile:  gcc -DHAVE_CONFIG_H -I. -I./include -I./include -I./include -DLOCALEDIR=\"/usr/share/locale\" -DNDEBUG -include ./libacl/perm_copy.h -O2 -mabi=lp64d -march=rv64gc -fvisibility=hidden -MT libacl/la-acl_dup.lo -MD -MP -MF libacl/.deps/la-acl_dup.Tpo -c libacl/acl_dup.c  -fPIC -DPIC -o libacl/.libs/la-acl_dup.o
libtool: compile:  gcc -DHAVE_CONFIG_H -I. -I./include -I./include -I./include -DLOCALEDIR=\"/usr/share/locale\" -DNDEBUG -include ./libacl/perm_copy.h -O2 -mabi=lp64d -march=rv64gc -fvisibility=hidden -MT libacl/la-acl_free.lo -MD -MP -MF libacl/.deps/la-acl_free.Tpo -c libacl/acl_free.c  -fPIC -DPIC -o libacl/.libs/la-acl_free.o
libtool: compile:  gcc -DHAVE_CONFIG_H -I. -I./include -I./include -I./include -DLOCALEDIR=\"/usr/share/locale\" -DNDEBUG -include ./libacl/perm_copy.h -O2 -mabi=lp64d -march=rv64gc -fvisibility=hidden -MT libacl/la-acl_from_text.lo -MD -MP -MF libacl/.deps/la-acl_from_text.Tpo -c libacl/acl_from_text.c  -fPIC -DPIC -o libacl/.libs/la-acl_from_text.o
libtool: compile:  gcc -DHAVE_CONFIG_H -I. -I./include -I./include -I./include -DLOCALEDIR=\"/usr/share/locale\" -DNDEBUG -include ./libacl/perm_copy.h -O2 -mabi=lp64d -march=rv64gc -fvisibility=hidden -MT libacl/la-acl_get_entry.lo -MD -MP -MF libacl/.deps/la-acl_get_entry.Tpo -c libacl/acl_get_entry.c  -fPIC -DPIC -o libacl/.libs/la-acl_get_entry.o
libtool: compile:  gcc -DHAVE_CONFIG_H -I. -I./include -I./include -I./include -DLOCALEDIR=\"/usr/share/locale\" -DNDEBUG -include ./libacl/perm_copy.h -O2 -mabi=lp64d -march=rv64gc -fvisibility=hidden -MT libacl/la-acl_get_fd.lo -MD -MP -MF libacl/.deps/la-acl_get_fd.Tpo -c libacl/acl_get_fd.c  -fPIC -DPIC -o libacl/.libs/la-acl_get_fd.o
mv -f libacl/.deps/la-acl_delete_def_file.Tpo libacl/.deps/la-acl_delete_def_file.Plo
/bin/sh ./libtool  --tag=CC   --mode=compile gcc -DHAVE_CONFIG_H -I. -I./include  -I./include -I./include -DLOCALEDIR=\"/usr/share/locale\" -DNDEBUG  -include ./libacl/perm_copy.h -O2 -mabi=lp64d -march=rv64gc -fvisibility=hidden -MT libacl/la-acl_get_file.lo -MD -MP -MF libacl/.deps/la-acl_get_file.Tpo -c -o libacl/la-acl_get_file.lo `test -f 'libacl/acl_get_file.c' || echo './'`libacl/acl_get_file.c
mv -f libacl/.deps/la-acl_delete_entry.Tpo libacl/.deps/la-acl_delete_entry.Plo
/bin/sh ./libtool  --tag=CC   --mode=compile gcc -DHAVE_CONFIG_H -I. -I./include  -I./include -I./include -DLOCALEDIR=\"/usr/share/locale\" -DNDEBUG  -include ./libacl/perm_copy.h -O2 -mabi=lp64d -march=rv64gc -fvisibility=hidden -MT libacl/la-acl_get_perm.lo -MD -MP -MF libacl/.deps/la-acl_get_perm.Tpo -c -o libacl/la-acl_get_perm.lo `test -f 'libacl/acl_get_perm.c' || echo './'`libacl/acl_get_perm.c
mv -f libacl/.deps/la-acl_delete_perm.Tpo libacl/.deps/la-acl_delete_perm.Plo
/bin/sh ./libtool  --tag=CC   --mode=compile gcc -DHAVE_CONFIG_H -I. -I./include  -I./include -I./include -DLOCALEDIR=\"/usr/share/locale\" -DNDEBUG  -include ./libacl/perm_copy.h -O2 -mabi=lp64d -march=rv64gc -fvisibility=hidden -MT libacl/la-acl_get_permset.lo -MD -MP -MF libacl/.deps/la-acl_get_permset.Tpo -c -o libacl/la-acl_get_permset.lo `test -f 'libacl/acl_get_permset.c' || echo './'`libacl/acl_get_permset.c
mv -f libacl/.deps/la-acl_dup.Tpo libacl/.deps/la-acl_dup.Plo
/bin/sh ./libtool  --tag=CC   --mode=compile gcc -DHAVE_CONFIG_H -I. -I./include  -I./include -I./include -DLOCALEDIR=\"/usr/share/locale\" -DNDEBUG  -include ./libacl/perm_copy.h -O2 -mabi=lp64d -march=rv64gc -fvisibility=hidden -MT libacl/la-acl_get_qualifier.lo -MD -MP -MF libacl/.deps/la-acl_get_qualifier.Tpo -c -o libacl/la-acl_get_qualifier.lo `test -f 'libacl/acl_get_qualifier.c' || echo './'`libacl/acl_get_qualifier.c
mv -f libacl/.deps/la-acl_free.Tpo libacl/.deps/la-acl_free.Plo
/bin/sh ./libtool  --tag=CC   --mode=compile gcc -DHAVE_CONFIG_H -I. -I./include  -I./include -I./include -DLOCALEDIR=\"/usr/share/locale\" -DNDEBUG  -include ./libacl/perm_copy.h -O2 -mabi=lp64d -march=rv64gc -fvisibility=hidden -MT libacl/la-acl_get_tag_type.lo -MD -MP -MF libacl/.deps/la-acl_get_tag_type.Tpo -c -o libacl/la-acl_get_tag_type.lo `test -f 'libacl/acl_get_tag_type.c' || echo './'`libacl/acl_get_tag_type.c
mv -f libacl/.deps/la-acl_get_entry.Tpo libacl/.deps/la-acl_get_entry.Plo
/bin/sh ./libtool  --tag=CC   --mode=compile gcc -DHAVE_CONFIG_H -I. -I./include  -I./include -I./include -DLOCALEDIR=\"/usr/share/locale\" -DNDEBUG  -include ./libacl/perm_copy.h -O2 -mabi=lp64d -march=rv64gc -fvisibility=hidden -MT libacl/la-acl_init.lo -MD -MP -MF libacl/.deps/la-acl_init.Tpo -c -o libacl/la-acl_init.lo `test -f 'libacl/acl_init.c' || echo './'`libacl/acl_init.c
mv -f libacl/.deps/la-acl_get_fd.Tpo libacl/.deps/la-acl_get_fd.Plo
/bin/sh ./libtool  --tag=CC   --mode=compile gcc -DHAVE_CONFIG_H -I. -I./include  -I./include -I./include -DLOCALEDIR=\"/usr/share/locale\" -DNDEBUG  -include ./libacl/perm_copy.h -O2 -mabi=lp64d -march=rv64gc -fvisibility=hidden -MT libacl/la-acl_set_fd.lo -MD -MP -MF libacl/.deps/la-acl_set_fd.Tpo -c -o libacl/la-acl_set_fd.lo `test -f 'libacl/acl_set_fd.c' || echo './'`libacl/acl_set_fd.c
libtool: compile:  gcc -DHAVE_CONFIG_H -I. -I./include -I./include -I./include -DLOCALEDIR=\"/usr/share/locale\" -DNDEBUG -include ./libacl/perm_copy.h -O2 -mabi=lp64d -march=rv64gc -fvisibility=hidden -MT libacl/la-acl_get_file.lo -MD -MP -MF libacl/.deps/la-acl_get_file.Tpo -c libacl/acl_get_file.c  -fPIC -DPIC -o libacl/.libs/la-acl_get_file.o
libtool: compile:  gcc -DHAVE_CONFIG_H -I. -I./include -I./include -I./include -DLOCALEDIR=\"/usr/share/locale\" -DNDEBUG -include ./libacl/perm_copy.h -O2 -mabi=lp64d -march=rv64gc -fvisibility=hidden -MT libacl/la-acl_get_perm.lo -MD -MP -MF libacl/.deps/la-acl_get_perm.Tpo -c libacl/acl_get_perm.c  -fPIC -DPIC -o libacl/.libs/la-acl_get_perm.o
libtool: compile:  gcc -DHAVE_CONFIG_H -I. -I./include -I./include -I./include -DLOCALEDIR=\"/usr/share/locale\" -DNDEBUG -include ./libacl/perm_copy.h -O2 -mabi=lp64d -march=rv64gc -fvisibility=hidden -MT libacl/la-acl_get_permset.lo -MD -MP -MF libacl/.deps/la-acl_get_permset.Tpo -c libacl/acl_get_permset.c  -fPIC -DPIC -o libacl/.libs/la-acl_get_permset.o
libtool: compile:  gcc -DHAVE_CONFIG_H -I. -I./include -I./include -I./include -DLOCALEDIR=\"/usr/share/locale\" -DNDEBUG -include ./libacl/perm_copy.h -O2 -mabi=lp64d -march=rv64gc -fvisibility=hidden -MT libacl/la-acl_get_qualifier.lo -MD -MP -MF libacl/.deps/la-acl_get_qualifier.Tpo -c libacl/acl_get_qualifier.c  -fPIC -DPIC -o libacl/.libs/la-acl_get_qualifier.o
libtool: compile:  gcc -DHAVE_CONFIG_H -I. -I./include -I./include -I./include -DLOCALEDIR=\"/usr/share/locale\" -DNDEBUG -include ./libacl/perm_copy.h -O2 -mabi=lp64d -march=rv64gc -fvisibility=hidden -MT libacl/la-acl_get_tag_type.lo -MD -MP -MF libacl/.deps/la-acl_get_tag_type.Tpo -c libacl/acl_get_tag_type.c  -fPIC -DPIC -o libacl/.libs/la-acl_get_tag_type.o
mv -f libacl/.deps/la-acl_from_text.Tpo libacl/.deps/la-acl_from_text.Plo
/bin/sh ./libtool  --tag=CC   --mode=compile gcc -DHAVE_CONFIG_H -I. -I./include  -I./include -I./include -DLOCALEDIR=\"/usr/share/locale\" -DNDEBUG  -include ./libacl/perm_copy.h -O2 -mabi=lp64d -march=rv64gc -fvisibility=hidden -MT libacl/la-acl_set_file.lo -MD -MP -MF libacl/.deps/la-acl_set_file.Tpo -c -o libacl/la-acl_set_file.lo `test -f 'libacl/acl_set_file.c' || echo './'`libacl/acl_set_file.c
libtool: compile:  gcc -DHAVE_CONFIG_H -I. -I./include -I./include -I./include -DLOCALEDIR=\"/usr/share/locale\" -DNDEBUG -include ./libacl/perm_copy.h -O2 -mabi=lp64d -march=rv64gc -fvisibility=hidden -MT libacl/la-acl_init.lo -MD -MP -MF libacl/.deps/la-acl_init.Tpo -c libacl/acl_init.c  -fPIC -DPIC -o libacl/.libs/la-acl_init.o
libtool: compile:  gcc -DHAVE_CONFIG_H -I. -I./include -I./include -I./include -DLOCALEDIR=\"/usr/share/locale\" -DNDEBUG -include ./libacl/perm_copy.h -O2 -mabi=lp64d -march=rv64gc -fvisibility=hidden -MT libacl/la-acl_set_fd.lo -MD -MP -MF libacl/.deps/la-acl_set_fd.Tpo -c libacl/acl_set_fd.c  -fPIC -DPIC -o libacl/.libs/la-acl_set_fd.o
mv -f libacl/.deps/la-acl_get_permset.Tpo libacl/.deps/la-acl_get_permset.Plo
mv -f libacl/.deps/la-acl_get_perm.Tpo libacl/.deps/la-acl_get_perm.Plo
/bin/sh ./libtool  --tag=CC   --mode=compile gcc -DHAVE_CONFIG_H -I. -I./include  -I./include -I./include -DLOCALEDIR=\"/usr/share/locale\" -DNDEBUG  -include ./libacl/perm_copy.h -O2 -mabi=lp64d -march=rv64gc -fvisibility=hidden -MT libacl/la-acl_set_permset.lo -MD -MP -MF libacl/.deps/la-acl_set_permset.Tpo -c -o libacl/la-acl_set_permset.lo `test -f 'libacl/acl_set_permset.c' || echo './'`libacl/acl_set_permset.c
/bin/sh ./libtool  --tag=CC   --mode=compile gcc -DHAVE_CONFIG_H -I. -I./include  -I./include -I./include -DLOCALEDIR=\"/usr/share/locale\" -DNDEBUG  -include ./libacl/perm_copy.h -O2 -mabi=lp64d -march=rv64gc -fvisibility=hidden -MT libacl/la-acl_set_qualifier.lo -MD -MP -MF libacl/.deps/la-acl_set_qualifier.Tpo -c -o libacl/la-acl_set_qualifier.lo `test -f 'libacl/acl_set_qualifier.c' || echo './'`libacl/acl_set_qualifier.c
mv -f libacl/.deps/la-acl_get_qualifier.Tpo libacl/.deps/la-acl_get_qualifier.Plo
/bin/sh ./libtool  --tag=CC   --mode=compile gcc -DHAVE_CONFIG_H -I. -I./include  -I./include -I./include -DLOCALEDIR=\"/usr/share/locale\" -DNDEBUG  -include ./libacl/perm_copy.h -O2 -mabi=lp64d -march=rv64gc -fvisibility=hidden -MT libacl/la-acl_set_tag_type.lo -MD -MP -MF libacl/.deps/la-acl_set_tag_type.Tpo -c -o libacl/la-acl_set_tag_type.lo `test -f 'libacl/acl_set_tag_type.c' || echo './'`libacl/acl_set_tag_type.c
mv -f libacl/.deps/la-acl_get_tag_type.Tpo libacl/.deps/la-acl_get_tag_type.Plo
/bin/sh ./libtool  --tag=CC   --mode=compile gcc -DHAVE_CONFIG_H -I. -I./include  -I./include -I./include -DLOCALEDIR=\"/usr/share/locale\" -DNDEBUG  -include ./libacl/perm_copy.h -O2 -mabi=lp64d -march=rv64gc -fvisibility=hidden -MT libacl/la-acl_size.lo -MD -MP -MF libacl/.deps/la-acl_size.Tpo -c -o libacl/la-acl_size.lo `test -f 'libacl/acl_size.c' || echo './'`libacl/acl_size.c
mv -f libacl/.deps/la-acl_get_file.Tpo libacl/.deps/la-acl_get_file.Plo
/bin/sh ./libtool  --tag=CC   --mode=compile gcc -DHAVE_CONFIG_H -I. -I./include  -I./include -I./include -DLOCALEDIR=\"/usr/share/locale\" -DNDEBUG  -include ./libacl/perm_copy.h -O2 -mabi=lp64d -march=rv64gc -fvisibility=hidden -MT libacl/la-acl_to_text.lo -MD -MP -MF libacl/.deps/la-acl_to_text.Tpo -c -o libacl/la-acl_to_text.lo `test -f 'libacl/acl_to_text.c' || echo './'`libacl/acl_to_text.c
libtool: compile:  gcc -DHAVE_CONFIG_H -I. -I./include -I./include -I./include -DLOCALEDIR=\"/usr/share/locale\" -DNDEBUG -include ./libacl/perm_copy.h -O2 -mabi=lp64d -march=rv64gc -fvisibility=hidden -MT libacl/la-acl_set_file.lo -MD -MP -MF libacl/.deps/la-acl_set_file.Tpo -c libacl/acl_set_file.c  -fPIC -DPIC -o libacl/.libs/la-acl_set_file.o
mv -f libacl/.deps/la-acl_init.Tpo libacl/.deps/la-acl_init.Plo
/bin/sh ./libtool  --tag=CC   --mode=compile gcc -DHAVE_CONFIG_H -I. -I./include  -I./include -I./include -DLOCALEDIR=\"/usr/share/locale\" -DNDEBUG  -include ./libacl/perm_copy.h -O2 -mabi=lp64d -march=rv64gc -fvisibility=hidden -MT libacl/la-acl_valid.lo -MD -MP -MF libacl/.deps/la-acl_valid.Tpo -c -o libacl/la-acl_valid.lo `test -f 'libacl/acl_valid.c' || echo './'`libacl/acl_valid.c
mv -f libacl/.deps/la-acl_set_fd.Tpo libacl/.deps/la-acl_set_fd.Plo
/bin/sh ./libtool  --tag=CC   --mode=compile gcc -DHAVE_CONFIG_H -I. -I./include  -I./include -I./include -DLOCALEDIR=\"/usr/share/locale\" -DNDEBUG  -include ./libacl/perm_copy.h -O2 -mabi=lp64d -march=rv64gc -fvisibility=hidden -MT libacl/la-acl_check.lo -MD -MP -MF libacl/.deps/la-acl_check.Tpo -c -o libacl/la-acl_check.lo `test -f 'libacl/acl_check.c' || echo './'`libacl/acl_check.c
libtool: compile:  gcc -DHAVE_CONFIG_H -I. -I./include -I./include -I./include -DLOCALEDIR=\"/usr/share/locale\" -DNDEBUG -include ./libacl/perm_copy.h -O2 -mabi=lp64d -march=rv64gc -fvisibility=hidden -MT libacl/la-acl_set_permset.lo -MD -MP -MF libacl/.deps/la-acl_set_permset.Tpo -c libacl/acl_set_permset.c  -fPIC -DPIC -o libacl/.libs/la-acl_set_permset.o
libtool: compile:  gcc -DHAVE_CONFIG_H -I. -I./include -I./include -I./include -DLOCALEDIR=\"/usr/share/locale\" -DNDEBUG -include ./libacl/perm_copy.h -O2 -mabi=lp64d -march=rv64gc -fvisibility=hidden -MT libacl/la-acl_set_qualifier.lo -MD -MP -MF libacl/.deps/la-acl_set_qualifier.Tpo -c libacl/acl_set_qualifier.c  -fPIC -DPIC -o libacl/.libs/la-acl_set_qualifier.o
libtool: compile:  gcc -DHAVE_CONFIG_H -I. -I./include -I./include -I./include -DLOCALEDIR=\"/usr/share/locale\" -DNDEBUG -include ./libacl/perm_copy.h -O2 -mabi=lp64d -march=rv64gc -fvisibility=hidden -MT libacl/la-acl_set_tag_type.lo -MD -MP -MF libacl/.deps/la-acl_set_tag_type.Tpo -c libacl/acl_set_tag_type.c  -fPIC -DPIC -o libacl/.libs/la-acl_set_tag_type.o
libtool: compile:  gcc -DHAVE_CONFIG_H -I. -I./include -I./include -I./include -DLOCALEDIR=\"/usr/share/locale\" -DNDEBUG -include ./libacl/perm_copy.h -O2 -mabi=lp64d -march=rv64gc -fvisibility=hidden -MT libacl/la-acl_size.lo -MD -MP -MF libacl/.deps/la-acl_size.Tpo -c libacl/acl_size.c  -fPIC -DPIC -o libacl/.libs/la-acl_size.o
libtool: compile:  gcc -DHAVE_CONFIG_H -I. -I./include -I./include -I./include -DLOCALEDIR=\"/usr/share/locale\" -DNDEBUG -include ./libacl/perm_copy.h -O2 -mabi=lp64d -march=rv64gc -fvisibility=hidden -MT libacl/la-acl_to_text.lo -MD -MP -MF libacl/.deps/la-acl_to_text.Tpo -c libacl/acl_to_text.c  -fPIC -DPIC -o libacl/.libs/la-acl_to_text.o
mv -f libacl/.deps/la-acl_set_file.Tpo libacl/.deps/la-acl_set_file.Plo
libtool: compile:  gcc -DHAVE_CONFIG_H -I. -I./include -I./include -I./include -DLOCALEDIR=\"/usr/share/locale\" -DNDEBUG -include ./libacl/perm_copy.h -O2 -mabi=lp64d -march=rv64gc -fvisibility=hidden -MT libacl/la-acl_valid.lo -MD -MP -MF libacl/.deps/la-acl_valid.Tpo -c libacl/acl_valid.c  -fPIC -DPIC -o libacl/.libs/la-acl_valid.o
/bin/sh ./libtool  --tag=CC   --mode=compile gcc -DHAVE_CONFIG_H -I. -I./include  -I./include -I./include -DLOCALEDIR=\"/usr/share/locale\" -DNDEBUG  -include ./libacl/perm_copy.h -O2 -mabi=lp64d -march=rv64gc -fvisibility=hidden -MT libacl/la-acl_cmp.lo -MD -MP -MF libacl/.deps/la-acl_cmp.Tpo -c -o libacl/la-acl_cmp.lo `test -f 'libacl/acl_cmp.c' || echo './'`libacl/acl_cmp.c
libtool: compile:  gcc -DHAVE_CONFIG_H -I. -I./include -I./include -I./include -DLOCALEDIR=\"/usr/share/locale\" -DNDEBUG -include ./libacl/perm_copy.h -O2 -mabi=lp64d -march=rv64gc -fvisibility=hidden -MT libacl/la-acl_check.lo -MD -MP -MF libacl/.deps/la-acl_check.Tpo -c libacl/acl_check.c  -fPIC -DPIC -o libacl/.libs/la-acl_check.o
mv -f libacl/.deps/la-acl_set_permset.Tpo libacl/.deps/la-acl_set_permset.Plo
/bin/sh ./libtool  --tag=CC   --mode=compile gcc -DHAVE_CONFIG_H -I. -I./include  -I./include -I./include -DLOCALEDIR=\"/usr/share/locale\" -DNDEBUG  -include ./libacl/perm_copy.h -O2 -mabi=lp64d -march=rv64gc -fvisibility=hidden -MT libacl/la-acl_entries.lo -MD -MP -MF libacl/.deps/la-acl_entries.Tpo -c -o libacl/la-acl_entries.lo `test -f 'libacl/acl_entries.c' || echo './'`libacl/acl_entries.c
mv -f libacl/.deps/la-acl_set_qualifier.Tpo libacl/.deps/la-acl_set_qualifier.Plo
/bin/sh ./libtool  --tag=CC   --mode=compile gcc -DHAVE_CONFIG_H -I. -I./include  -I./include -I./include -DLOCALEDIR=\"/usr/share/locale\" -DNDEBUG  -include ./libacl/perm_copy.h -O2 -mabi=lp64d -march=rv64gc -fvisibility=hidden -MT libacl/la-acl_equiv_mode.lo -MD -MP -MF libacl/.deps/la-acl_equiv_mode.Tpo -c -o libacl/la-acl_equiv_mode.lo `test -f 'libacl/acl_equiv_mode.c' || echo './'`libacl/acl_equiv_mode.c
mv -f libacl/.deps/la-acl_to_text.Tpo libacl/.deps/la-acl_to_text.Plo
/bin/sh ./libtool  --tag=CC   --mode=compile gcc -DHAVE_CONFIG_H -I. -I./include  -I./include -I./include -DLOCALEDIR=\"/usr/share/locale\" -DNDEBUG  -include ./libacl/perm_copy.h -O2 -mabi=lp64d -march=rv64gc -fvisibility=hidden -MT libacl/la-acl_error.lo -MD -MP -MF libacl/.deps/la-acl_error.Tpo -c -o libacl/la-acl_error.lo `test -f 'libacl/acl_error.c' || echo './'`libacl/acl_error.c
mv -f libacl/.deps/la-acl_set_tag_type.Tpo libacl/.deps/la-acl_set_tag_type.Plo
/bin/sh ./libtool  --tag=CC   --mode=compile gcc -DHAVE_CONFIG_H -I. -I./include  -I./include -I./include -DLOCALEDIR=\"/usr/share/locale\" -DNDEBUG  -include ./libacl/perm_copy.h -O2 -mabi=lp64d -march=rv64gc -fvisibility=hidden -MT libacl/la-acl_extended_fd.lo -MD -MP -MF libacl/.deps/la-acl_extended_fd.Tpo -c -o libacl/la-acl_extended_fd.lo `test -f 'libacl/acl_extended_fd.c' || echo './'`libacl/acl_extended_fd.c
mv -f libacl/.deps/la-acl_size.Tpo libacl/.deps/la-acl_size.Plo
/bin/sh ./libtool  --tag=CC   --mode=compile gcc -DHAVE_CONFIG_H -I. -I./include  -I./include -I./include -DLOCALEDIR=\"/usr/share/locale\" -DNDEBUG  -include ./libacl/perm_copy.h -O2 -mabi=lp64d -march=rv64gc -fvisibility=hidden -MT libacl/la-acl_extended_file.lo -MD -MP -MF libacl/.deps/la-acl_extended_file.Tpo -c -o libacl/la-acl_extended_file.lo `test -f 'libacl/acl_extended_file.c' || echo './'`libacl/acl_extended_file.c
mv -f libacl/.deps/la-acl_valid.Tpo libacl/.deps/la-acl_valid.Plo
/bin/sh ./libtool  --tag=CC   --mode=compile gcc -DHAVE_CONFIG_H -I. -I./include  -I./include -I./include -DLOCALEDIR=\"/usr/share/locale\" -DNDEBUG  -include ./libacl/perm_copy.h -O2 -mabi=lp64d -march=rv64gc -fvisibility=hidden -MT libacl/la-acl_extended_file_nofollow.lo -MD -MP -MF libacl/.deps/la-acl_extended_file_nofollow.Tpo -c -o libacl/la-acl_extended_file_nofollow.lo `test -f 'libacl/acl_extended_file_nofollow.c' || echo './'`libacl/acl_extended_file_nofollow.c
libtool: compile:  gcc -DHAVE_CONFIG_H -I. -I./include -I./include -I./include -DLOCALEDIR=\"/usr/share/locale\" -DNDEBUG -include ./libacl/perm_copy.h -O2 -mabi=lp64d -march=rv64gc -fvisibility=hidden -MT libacl/la-acl_cmp.lo -MD -MP -MF libacl/.deps/la-acl_cmp.Tpo -c libacl/acl_cmp.c  -fPIC -DPIC -o libacl/.libs/la-acl_cmp.o
mv -f libacl/.deps/la-acl_check.Tpo libacl/.deps/la-acl_check.Plo
/bin/sh ./libtool  --tag=CC   --mode=compile gcc -DHAVE_CONFIG_H -I. -I./include  -I./include -I./include -DLOCALEDIR=\"/usr/share/locale\" -DNDEBUG  -include ./libacl/perm_copy.h -O2 -mabi=lp64d -march=rv64gc -fvisibility=hidden -MT libacl/la-acl_from_mode.lo -MD -MP -MF libacl/.deps/la-acl_from_mode.Tpo -c -o libacl/la-acl_from_mode.lo `test -f 'libacl/acl_from_mode.c' || echo './'`libacl/acl_from_mode.c
libtool: compile:  gcc -DHAVE_CONFIG_H -I. -I./include -I./include -I./include -DLOCALEDIR=\"/usr/share/locale\" -DNDEBUG -include ./libacl/perm_copy.h -O2 -mabi=lp64d -march=rv64gc -fvisibility=hidden -MT libacl/la-acl_entries.lo -MD -MP -MF libacl/.deps/la-acl_entries.Tpo -c libacl/acl_entries.c  -fPIC -DPIC -o libacl/.libs/la-acl_entries.o
libtool: compile:  gcc -DHAVE_CONFIG_H -I. -I./include -I./include -I./include -DLOCALEDIR=\"/usr/share/locale\" -DNDEBUG -include ./libacl/perm_copy.h -O2 -mabi=lp64d -march=rv64gc -fvisibility=hidden -MT libacl/la-acl_equiv_mode.lo -MD -MP -MF libacl/.deps/la-acl_equiv_mode.Tpo -c libacl/acl_equiv_mode.c  -fPIC -DPIC -o libacl/.libs/la-acl_equiv_mode.o
libtool: compile:  gcc -DHAVE_CONFIG_H -I. -I./include -I./include -I./include -DLOCALEDIR=\"/usr/share/locale\" -DNDEBUG -include ./libacl/perm_copy.h -O2 -mabi=lp64d -march=rv64gc -fvisibility=hidden -MT libacl/la-acl_error.lo -MD -MP -MF libacl/.deps/la-acl_error.Tpo -c libacl/acl_error.c  -fPIC -DPIC -o libacl/.libs/la-acl_error.o
libtool: compile:  gcc -DHAVE_CONFIG_H -I. -I./include -I./include -I./include -DLOCALEDIR=\"/usr/share/locale\" -DNDEBUG -include ./libacl/perm_copy.h -O2 -mabi=lp64d -march=rv64gc -fvisibility=hidden -MT libacl/la-acl_extended_fd.lo -MD -MP -MF libacl/.deps/la-acl_extended_fd.Tpo -c libacl/acl_extended_fd.c  -fPIC -DPIC -o libacl/.libs/la-acl_extended_fd.o
libtool: compile:  gcc -DHAVE_CONFIG_H -I. -I./include -I./include -I./include -DLOCALEDIR=\"/usr/share/locale\" -DNDEBUG -include ./libacl/perm_copy.h -O2 -mabi=lp64d -march=rv64gc -fvisibility=hidden -MT libacl/la-acl_extended_file.lo -MD -MP -MF libacl/.deps/la-acl_extended_file.Tpo -c libacl/acl_extended_file.c  -fPIC -DPIC -o libacl/.libs/la-acl_extended_file.o
libtool: compile:  gcc -DHAVE_CONFIG_H -I. -I./include -I./include -I./include -DLOCALEDIR=\"/usr/share/locale\" -DNDEBUG -include ./libacl/perm_copy.h -O2 -mabi=lp64d -march=rv64gc -fvisibility=hidden -MT libacl/la-acl_extended_file_nofollow.lo -MD -MP -MF libacl/.deps/la-acl_extended_file_nofollow.Tpo -c libacl/acl_extended_file_nofollow.c  -fPIC -DPIC -o libacl/.libs/la-acl_extended_file_nofollow.o
mv -f libacl/.deps/la-acl_cmp.Tpo libacl/.deps/la-acl_cmp.Plo
/bin/sh ./libtool  --tag=CC   --mode=compile gcc -DHAVE_CONFIG_H -I. -I./include  -I./include -I./include -DLOCALEDIR=\"/usr/share/locale\" -DNDEBUG  -include ./libacl/perm_copy.h -O2 -mabi=lp64d -march=rv64gc -fvisibility=hidden -MT libacl/la-acl_to_any_text.lo -MD -MP -MF libacl/.deps/la-acl_to_any_text.Tpo -c -o libacl/la-acl_to_any_text.lo `test -f 'libacl/acl_to_any_text.c' || echo './'`libacl/acl_to_any_text.c
libtool: compile:  gcc -DHAVE_CONFIG_H -I. -I./include -I./include -I./include -DLOCALEDIR=\"/usr/share/locale\" -DNDEBUG -include ./libacl/perm_copy.h -O2 -mabi=lp64d -march=rv64gc -fvisibility=hidden -MT libacl/la-acl_from_mode.lo -MD -MP -MF libacl/.deps/la-acl_from_mode.Tpo -c libacl/acl_from_mode.c  -fPIC -DPIC -o libacl/.libs/la-acl_from_mode.o
mv -f libacl/.deps/la-acl_entries.Tpo libacl/.deps/la-acl_entries.Plo
/bin/sh ./libtool  --tag=CC   --mode=compile gcc -DHAVE_CONFIG_H -I. -I./include  -I./include -I./include -DLOCALEDIR=\"/usr/share/locale\" -DNDEBUG  -include ./libacl/perm_copy.h -O2 -mabi=lp64d -march=rv64gc -fvisibility=hidden -MT libacl/la-__acl_extended_file.lo -MD -MP -MF libacl/.deps/la-__acl_extended_file.Tpo -c -o libacl/la-__acl_extended_file.lo `test -f 'libacl/__acl_extended_file.c' || echo './'`libacl/__acl_extended_file.c
mv -f libacl/.deps/la-acl_error.Tpo libacl/.deps/la-acl_error.Plo
/bin/sh ./libtool  --tag=CC   --mode=compile gcc -DHAVE_CONFIG_H -I. -I./include  -I./include -I./include -DLOCALEDIR=\"/usr/share/locale\" -DNDEBUG  -include ./libacl/perm_copy.h -O2 -mabi=lp64d -march=rv64gc -fvisibility=hidden -MT libacl/la-__acl_from_xattr.lo -MD -MP -MF libacl/.deps/la-__acl_from_xattr.Tpo -c -o libacl/la-__acl_from_xattr.lo `test -f 'libacl/__acl_from_xattr.c' || echo './'`libacl/__acl_from_xattr.c
mv -f libacl/.deps/la-acl_extended_file.Tpo libacl/.deps/la-acl_extended_file.Plo
/bin/sh ./libtool  --tag=CC   --mode=compile gcc -DHAVE_CONFIG_H -I. -I./include  -I./include -I./include -DLOCALEDIR=\"/usr/share/locale\" -DNDEBUG  -include ./libacl/perm_copy.h -O2 -mabi=lp64d -march=rv64gc -fvisibility=hidden -MT libacl/la-__acl_reorder_obj_p.lo -MD -MP -MF libacl/.deps/la-__acl_reorder_obj_p.Tpo -c -o libacl/la-__acl_reorder_obj_p.lo `test -f 'libacl/__acl_reorder_obj_p.c' || echo './'`libacl/__acl_reorder_obj_p.c
mv -f libacl/.deps/la-acl_extended_fd.Tpo libacl/.deps/la-acl_extended_fd.Plo
/bin/sh ./libtool  --tag=CC   --mode=compile gcc -DHAVE_CONFIG_H -I. -I./include  -I./include -I./include -DLOCALEDIR=\"/usr/share/locale\" -DNDEBUG  -include ./libacl/perm_copy.h -O2 -mabi=lp64d -march=rv64gc -fvisibility=hidden -MT libacl/la-__acl_to_any_text.lo -MD -MP -MF libacl/.deps/la-__acl_to_any_text.Tpo -c -o libacl/la-__acl_to_any_text.lo `test -f 'libacl/__acl_to_any_text.c' || echo './'`libacl/__acl_to_any_text.c
mv -f libacl/.deps/la-acl_equiv_mode.Tpo libacl/.deps/la-acl_equiv_mode.Plo
/bin/sh ./libtool  --tag=CC   --mode=compile gcc -DHAVE_CONFIG_H -I. -I./include  -I./include -I./include -DLOCALEDIR=\"/usr/share/locale\" -DNDEBUG  -include ./libacl/perm_copy.h -O2 -mabi=lp64d -march=rv64gc -fvisibility=hidden -MT libacl/la-__acl_to_xattr.lo -MD -MP -MF libacl/.deps/la-__acl_to_xattr.Tpo -c -o libacl/la-__acl_to_xattr.lo `test -f 'libacl/__acl_to_xattr.c' || echo './'`libacl/__acl_to_xattr.c
mv -f libacl/.deps/la-acl_extended_file_nofollow.Tpo libacl/.deps/la-acl_extended_file_nofollow.Plo
/bin/sh ./libtool  --tag=CC   --mode=compile gcc -DHAVE_CONFIG_H -I. -I./include  -I./include -I./include -DLOCALEDIR=\"/usr/share/locale\" -DNDEBUG  -include ./libacl/perm_copy.h -O2 -mabi=lp64d -march=rv64gc -fvisibility=hidden -MT libacl/la-__apply_mask_to_mode.lo -MD -MP -MF libacl/.deps/la-__apply_mask_to_mode.Tpo -c -o libacl/la-__apply_mask_to_mode.lo `test -f 'libacl/__apply_mask_to_mode.c' || echo './'`libacl/__apply_mask_to_mode.c
libtool: compile:  gcc -DHAVE_CONFIG_H -I. -I./include -I./include -I./include -DLOCALEDIR=\"/usr/share/locale\" -DNDEBUG -include ./libacl/perm_copy.h -O2 -mabi=lp64d -march=rv64gc -fvisibility=hidden -MT libacl/la-acl_to_any_text.lo -MD -MP -MF libacl/.deps/la-acl_to_any_text.Tpo -c libacl/acl_to_any_text.c  -fPIC -DPIC -o libacl/.libs/la-acl_to_any_text.o
libtool: compile:  gcc -DHAVE_CONFIG_H -I. -I./include -I./include -I./include -DLOCALEDIR=\"/usr/share/locale\" -DNDEBUG -include ./libacl/perm_copy.h -O2 -mabi=lp64d -march=rv64gc -fvisibility=hidden -MT libacl/la-__acl_extended_file.lo -MD -MP -MF libacl/.deps/la-__acl_extended_file.Tpo -c libacl/__acl_extended_file.c  -fPIC -DPIC -o libacl/.libs/la-__acl_extended_file.o
mv -f libacl/.deps/la-acl_from_mode.Tpo libacl/.deps/la-acl_from_mode.Plo
/bin/sh ./libtool  --tag=CC   --mode=compile gcc -DHAVE_CONFIG_H -I. -I./include  -I./include -I./include -DLOCALEDIR=\"/usr/share/locale\" -DNDEBUG  -include ./libacl/perm_copy.h -O2 -mabi=lp64d -march=rv64gc -fvisibility=hidden -MT libacl/la-__libobj.lo -MD -MP -MF libacl/.deps/la-__libobj.Tpo -c -o libacl/la-__libobj.lo `test -f 'libacl/__libobj.c' || echo './'`libacl/__libobj.c
libtool: compile:  gcc -DHAVE_CONFIG_H -I. -I./include -I./include -I./include -DLOCALEDIR=\"/usr/share/locale\" -DNDEBUG -include ./libacl/perm_copy.h -O2 -mabi=lp64d -march=rv64gc -fvisibility=hidden -MT libacl/la-__acl_from_xattr.lo -MD -MP -MF libacl/.deps/la-__acl_from_xattr.Tpo -c libacl/__acl_from_xattr.c  -fPIC -DPIC -o libacl/.libs/la-__acl_from_xattr.o
libtool: compile:  gcc -DHAVE_CONFIG_H -I. -I./include -I./include -I./include -DLOCALEDIR=\"/usr/share/locale\" -DNDEBUG -include ./libacl/perm_copy.h -O2 -mabi=lp64d -march=rv64gc -fvisibility=hidden -MT libacl/la-__acl_to_any_text.lo -MD -MP -MF libacl/.deps/la-__acl_to_any_text.Tpo -c libacl/__acl_to_any_text.c  -fPIC -DPIC -o libacl/.libs/la-__acl_to_any_text.o
libtool: compile:  gcc -DHAVE_CONFIG_H -I. -I./include -I./include -I./include -DLOCALEDIR=\"/usr/share/locale\" -DNDEBUG -include ./libacl/perm_copy.h -O2 -mabi=lp64d -march=rv64gc -fvisibility=hidden -MT libacl/la-__acl_reorder_obj_p.lo -MD -MP -MF libacl/.deps/la-__acl_reorder_obj_p.Tpo -c libacl/__acl_reorder_obj_p.c  -fPIC -DPIC -o libacl/.libs/la-__acl_reorder_obj_p.o
libtool: compile:  gcc -DHAVE_CONFIG_H -I. -I./include -I./include -I./include -DLOCALEDIR=\"/usr/share/locale\" -DNDEBUG -include ./libacl/perm_copy.h -O2 -mabi=lp64d -march=rv64gc -fvisibility=hidden -MT libacl/la-__acl_to_xattr.lo -MD -MP -MF libacl/.deps/la-__acl_to_xattr.Tpo -c libacl/__acl_to_xattr.c  -fPIC -DPIC -o libacl/.libs/la-__acl_to_xattr.o
libtool: compile:  gcc -DHAVE_CONFIG_H -I. -I./include -I./include -I./include -DLOCALEDIR=\"/usr/share/locale\" -DNDEBUG -include ./libacl/perm_copy.h -O2 -mabi=lp64d -march=rv64gc -fvisibility=hidden -MT libacl/la-__apply_mask_to_mode.lo -MD -MP -MF libacl/.deps/la-__apply_mask_to_mode.Tpo -c libacl/__apply_mask_to_mode.c  -fPIC -DPIC -o libacl/.libs/la-__apply_mask_to_mode.o
mv -f libacl/.deps/la-acl_to_any_text.Tpo libacl/.deps/la-acl_to_any_text.Plo
/bin/sh ./libtool  --tag=CC   --mode=compile gcc -DHAVE_CONFIG_H -I. -I./include  -I./include -I./include -DLOCALEDIR=\"/usr/share/locale\" -DNDEBUG  -include ./libacl/perm_copy.h -O2 -mabi=lp64d -march=rv64gc -fvisibility=hidden -MT libacl/la-perm_copy_fd.lo -MD -MP -MF libacl/.deps/la-perm_copy_fd.Tpo -c -o libacl/la-perm_copy_fd.lo `test -f 'libacl/perm_copy_fd.c' || echo './'`libacl/perm_copy_fd.c
mv -f libacl/.deps/la-__acl_extended_file.Tpo libacl/.deps/la-__acl_extended_file.Plo
/bin/sh ./libtool  --tag=CC   --mode=compile gcc -DHAVE_CONFIG_H -I. -I./include  -I./include -I./include -DLOCALEDIR=\"/usr/share/locale\" -DNDEBUG  -include ./libacl/perm_copy.h -O2 -mabi=lp64d -march=rv64gc -fvisibility=hidden -MT libacl/la-perm_copy_file.lo -MD -MP -MF libacl/.deps/la-perm_copy_file.Tpo -c -o libacl/la-perm_copy_file.lo `test -f 'libacl/perm_copy_file.c' || echo './'`libacl/perm_copy_file.c
libtool: compile:  gcc -DHAVE_CONFIG_H -I. -I./include -I./include -I./include -DLOCALEDIR=\"/usr/share/locale\" -DNDEBUG -include ./libacl/perm_copy.h -O2 -mabi=lp64d -march=rv64gc -fvisibility=hidden -MT libacl/la-__libobj.lo -MD -MP -MF libacl/.deps/la-__libobj.Tpo -c libacl/__libobj.c  -fPIC -DPIC -o libacl/.libs/la-__libobj.o
mv -f libacl/.deps/la-__acl_from_xattr.Tpo libacl/.deps/la-__acl_from_xattr.Plo
depbase=`echo libmisc/high_water_alloc.lo | sed 's|[^/]*$|.deps/&|;s|\.lo$||'`;\
/bin/sh ./libtool  --tag=CC   --mode=compile gcc -DHAVE_CONFIG_H -I. -I./include  -I./include -I./include -DLOCALEDIR=\"/usr/share/locale\" -DNDEBUG  -O2 -mabi=lp64d -march=rv64gc -fvisibility=hidden -MT libmisc/high_water_alloc.lo -MD -MP -MF $depbase.Tpo -c -o libmisc/high_water_alloc.lo libmisc/high_water_alloc.c &&\
mv -f $depbase.Tpo $depbase.Plo
mv -f libacl/.deps/la-__apply_mask_to_mode.Tpo libacl/.deps/la-__apply_mask_to_mode.Plo
depbase=`echo libmisc/next_line.lo | sed 's|[^/]*$|.deps/&|;s|\.lo$||'`;\
/bin/sh ./libtool  --tag=CC   --mode=compile gcc -DHAVE_CONFIG_H -I. -I./include  -I./include -I./include -DLOCALEDIR=\"/usr/share/locale\" -DNDEBUG  -O2 -mabi=lp64d -march=rv64gc -fvisibility=hidden -MT libmisc/next_line.lo -MD -MP -MF $depbase.Tpo -c -o libmisc/next_line.lo libmisc/next_line.c &&\
mv -f $depbase.Tpo $depbase.Plo
mv -f libacl/.deps/la-__acl_to_xattr.Tpo libacl/.deps/la-__acl_to_xattr.Plo
libtool: compile:  gcc -DHAVE_CONFIG_H -I. -I./include -I./include -I./include -DLOCALEDIR=\"/usr/share/locale\" -DNDEBUG -include ./libacl/perm_copy.h -O2 -mabi=lp64d -march=rv64gc -fvisibility=hidden -MT libacl/la-perm_copy_fd.lo -MD -MP -MF libacl/.deps/la-perm_copy_fd.Tpo -c libacl/perm_copy_fd.c  -fPIC -DPIC -o libacl/.libs/la-perm_copy_fd.o
depbase=`echo libmisc/quote.lo | sed 's|[^/]*$|.deps/&|;s|\.lo$||'`;\
/bin/sh ./libtool  --tag=CC   --mode=compile gcc -DHAVE_CONFIG_H -I. -I./include  -I./include -I./include -DLOCALEDIR=\"/usr/share/locale\" -DNDEBUG  -O2 -mabi=lp64d -march=rv64gc -fvisibility=hidden -MT libmisc/quote.lo -MD -MP -MF $depbase.Tpo -c -o libmisc/quote.lo libmisc/quote.c &&\
mv -f $depbase.Tpo $depbase.Plo
mv -f libacl/.deps/la-__acl_reorder_obj_p.Tpo libacl/.deps/la-__acl_reorder_obj_p.Plo
depbase=`echo libmisc/unquote.lo | sed 's|[^/]*$|.deps/&|;s|\.lo$||'`;\
/bin/sh ./libtool  --tag=CC   --mode=compile gcc -DHAVE_CONFIG_H -I. -I./include  -I./include -I./include -DLOCALEDIR=\"/usr/share/locale\" -DNDEBUG  -O2 -mabi=lp64d -march=rv64gc -fvisibility=hidden -MT libmisc/unquote.lo -MD -MP -MF $depbase.Tpo -c -o libmisc/unquote.lo libmisc/unquote.c &&\
mv -f $depbase.Tpo $depbase.Plo
libtool: compile:  gcc -DHAVE_CONFIG_H -I. -I./include -I./include -I./include -DLOCALEDIR=\"/usr/share/locale\" -DNDEBUG -include ./libacl/perm_copy.h -O2 -mabi=lp64d -march=rv64gc -fvisibility=hidden -MT libacl/la-perm_copy_file.lo -MD -MP -MF libacl/.deps/la-perm_copy_file.Tpo -c libacl/perm_copy_file.c  -fPIC -DPIC -o libacl/.libs/la-perm_copy_file.o
mv -f libacl/.deps/la-__libobj.Tpo libacl/.deps/la-__libobj.Plo
depbase=`echo libmisc/walk_tree.lo | sed 's|[^/]*$|.deps/&|;s|\.lo$||'`;\
/bin/sh ./libtool  --tag=CC   --mode=compile gcc -DHAVE_CONFIG_H -I. -I./include  -I./include -I./include -DLOCALEDIR=\"/usr/share/locale\" -DNDEBUG  -O2 -mabi=lp64d -march=rv64gc -fvisibility=hidden -MT libmisc/walk_tree.lo -MD -MP -MF $depbase.Tpo -c -o libmisc/walk_tree.lo libmisc/walk_tree.c &&\
mv -f $depbase.Tpo $depbase.Plo
libtool: compile:  gcc -DHAVE_CONFIG_H -I. -I./include -I./include -I./include -DLOCALEDIR=\"/usr/share/locale\" -DNDEBUG -O2 -mabi=lp64d -march=rv64gc -fvisibility=hidden -MT libmisc/high_water_alloc.lo -MD -MP -MF libmisc/.deps/high_water_alloc.Tpo -c libmisc/high_water_alloc.c  -fPIC -DPIC -o libmisc/.libs/high_water_alloc.o
mv -f libacl/.deps/la-__acl_to_any_text.Tpo libacl/.deps/la-__acl_to_any_text.Plo
depbase=`echo tools/getfacl.o | sed 's|[^/]*$|.deps/&|;s|\.o$||'`;\
gcc -DHAVE_CONFIG_H -I. -I./include  -I./include -I./include -DLOCALEDIR=\"/usr/share/locale\" -DNDEBUG  -O2 -mabi=lp64d -march=rv64gc -fvisibility=hidden -MT tools/getfacl.o -MD -MP -MF $depbase.Tpo -c -o tools/getfacl.o tools/getfacl.c &&\
mv -f $depbase.Tpo $depbase.Po
libtool: compile:  gcc -DHAVE_CONFIG_H -I. -I./include -I./include -I./include -DLOCALEDIR=\"/usr/share/locale\" -DNDEBUG -O2 -mabi=lp64d -march=rv64gc -fvisibility=hidden -MT libmisc/next_line.lo -MD -MP -MF libmisc/.deps/next_line.Tpo -c libmisc/next_line.c  -fPIC -DPIC -o libmisc/.libs/next_line.o
libtool: compile:  gcc -DHAVE_CONFIG_H -I. -I./include -I./include -I./include -DLOCALEDIR=\"/usr/share/locale\" -DNDEBUG -O2 -mabi=lp64d -march=rv64gc -fvisibility=hidden -MT libmisc/quote.lo -MD -MP -MF libmisc/.deps/quote.Tpo -c libmisc/quote.c  -fPIC -DPIC -o libmisc/.libs/quote.o
libtool: compile:  gcc -DHAVE_CONFIG_H -I. -I./include -I./include -I./include -DLOCALEDIR=\"/usr/share/locale\" -DNDEBUG -O2 -mabi=lp64d -march=rv64gc -fvisibility=hidden -MT libmisc/unquote.lo -MD -MP -MF libmisc/.deps/unquote.Tpo -c libmisc/unquote.c  -fPIC -DPIC -o libmisc/.libs/unquote.o
mv -f libacl/.deps/la-perm_copy_fd.Tpo libacl/.deps/la-perm_copy_fd.Plo
depbase=`echo tools/user_group.o | sed 's|[^/]*$|.deps/&|;s|\.o$||'`;\
gcc -DHAVE_CONFIG_H -I. -I./include  -I./include -I./include -DLOCALEDIR=\"/usr/share/locale\" -DNDEBUG  -O2 -mabi=lp64d -march=rv64gc -fvisibility=hidden -MT tools/user_group.o -MD -MP -MF $depbase.Tpo -c -o tools/user_group.o tools/user_group.c &&\
mv -f $depbase.Tpo $depbase.Po
libtool: compile:  gcc -DHAVE_CONFIG_H -I. -I./include -I./include -I./include -DLOCALEDIR=\"/usr/share/locale\" -DNDEBUG -O2 -mabi=lp64d -march=rv64gc -fvisibility=hidden -MT libmisc/walk_tree.lo -MD -MP -MF libmisc/.deps/walk_tree.Tpo -c libmisc/walk_tree.c  -fPIC -DPIC -o libmisc/.libs/walk_tree.o
depbase=`echo tools/do_set.o | sed 's|[^/]*$|.deps/&|;s|\.o$||'`;\
gcc -DHAVE_CONFIG_H -I. -I./include  -I./include -I./include -DLOCALEDIR=\"/usr/share/locale\" -DNDEBUG  -O2 -mabi=lp64d -march=rv64gc -fvisibility=hidden -MT tools/do_set.o -MD -MP -MF $depbase.Tpo -c -o tools/do_set.o tools/do_set.c &&\
mv -f $depbase.Tpo $depbase.Po
mv -f libacl/.deps/la-perm_copy_file.Tpo libacl/.deps/la-perm_copy_file.Plo
depbase=`echo tools/parse.o | sed 's|[^/]*$|.deps/&|;s|\.o$||'`;\
gcc -DHAVE_CONFIG_H -I. -I./include  -I./include -I./include -DLOCALEDIR=\"/usr/share/locale\" -DNDEBUG  -O2 -mabi=lp64d -march=rv64gc -fvisibility=hidden -MT tools/parse.o -MD -MP -MF $depbase.Tpo -c -o tools/parse.o tools/parse.c &&\
mv -f $depbase.Tpo $depbase.Po
depbase=`echo tools/sequence.o | sed 's|[^/]*$|.deps/&|;s|\.o$||'`;\
gcc -DHAVE_CONFIG_H -I. -I./include  -I./include -I./include -DLOCALEDIR=\"/usr/share/locale\" -DNDEBUG  -O2 -mabi=lp64d -march=rv64gc -fvisibility=hidden -MT tools/sequence.o -MD -MP -MF $depbase.Tpo -c -o tools/sequence.o tools/sequence.c &&\
mv -f $depbase.Tpo $depbase.Po
depbase=`echo tools/setfacl.o | sed 's|[^/]*$|.deps/&|;s|\.o$||'`;\
gcc -DHAVE_CONFIG_H -I. -I./include  -I./include -I./include -DLOCALEDIR=\"/usr/share/locale\" -DNDEBUG  -O2 -mabi=lp64d -march=rv64gc -fvisibility=hidden -MT tools/setfacl.o -MD -MP -MF $depbase.Tpo -c -o tools/setfacl.o tools/setfacl.c &&\
mv -f $depbase.Tpo $depbase.Po
/bin/sh ./libtool  --tag=CC   --mode=link gcc  -O2 -mabi=lp64d -march=rv64gc -fvisibility=hidden   -o libmisc.la  libmisc/high_water_alloc.lo libmisc/next_line.lo libmisc/quote.lo libmisc/unquote.lo libmisc/walk_tree.lo  -lattr 
libtool: link: ar cru .libs/libmisc.a libmisc/.libs/high_water_alloc.o libmisc/.libs/next_line.o libmisc/.libs/quote.o libmisc/.libs/unquote.o libmisc/.libs/walk_tree.o 
/usr/bin/ar: `u' modifier ignored since `D' is the default (see `U')
libtool: link: ranlib .libs/libmisc.a
libtool: link: ( cd ".libs" && rm -f "libmisc.la" && ln -s "../libmisc.la" "libmisc.la" )
/bin/sh ./libtool  --tag=CC   --mode=link gcc  -include ./libacl/perm_copy.h -O2 -mabi=lp64d -march=rv64gc -fvisibility=hidden -Wl,--version-script,./exports -version-info 2:2301:1  -o libacl.la -rpath /usr/lib libacl/la-acl_add_perm.lo libacl/la-acl_calc_mask.lo libacl/la-acl_clear_perms.lo libacl/la-acl_copy_entry.lo libacl/la-acl_copy_ext.lo libacl/la-acl_copy_int.lo libacl/la-acl_create_entry.lo libacl/la-acl_delete_def_file.lo libacl/la-acl_delete_entry.lo libacl/la-acl_delete_perm.lo libacl/la-acl_dup.lo libacl/la-acl_free.lo libacl/la-acl_from_text.lo libacl/la-acl_get_entry.lo libacl/la-acl_get_fd.lo libacl/la-acl_get_file.lo libacl/la-acl_get_perm.lo libacl/la-acl_get_permset.lo libacl/la-acl_get_qualifier.lo libacl/la-acl_get_tag_type.lo libacl/la-acl_init.lo libacl/la-acl_set_fd.lo libacl/la-acl_set_file.lo libacl/la-acl_set_permset.lo libacl/la-acl_set_qualifier.lo libacl/la-acl_set_tag_type.lo libacl/la-acl_size.lo libacl/la-acl_to_text.lo libacl/la-acl_valid.lo libacl/la-acl_check.lo libacl/la-acl_cmp.lo libacl/la-acl_entries.lo libacl/la-acl_equiv_mode.lo libacl/la-acl_error.lo libacl/la-acl_extended_fd.lo libacl/la-acl_extended_file.lo libacl/la-acl_extended_file_nofollow.lo libacl/la-acl_from_mode.lo libacl/la-acl_to_any_text.lo libacl/la-__acl_extended_file.lo libacl/la-__acl_from_xattr.lo libacl/la-__acl_reorder_obj_p.lo libacl/la-__acl_to_any_text.lo libacl/la-__acl_to_xattr.lo libacl/la-__apply_mask_to_mode.lo libacl/la-__libobj.lo libacl/la-perm_copy_fd.lo libacl/la-perm_copy_file.lo  -lattr libmisc.la -lattr 
libtool: link: gcc -shared  -fPIC -DPIC  libacl/.libs/la-acl_add_perm.o libacl/.libs/la-acl_calc_mask.o libacl/.libs/la-acl_clear_perms.o libacl/.libs/la-acl_copy_entry.o libacl/.libs/la-acl_copy_ext.o libacl/.libs/la-acl_copy_int.o libacl/.libs/la-acl_create_entry.o libacl/.libs/la-acl_delete_def_file.o libacl/.libs/la-acl_delete_entry.o libacl/.libs/la-acl_delete_perm.o libacl/.libs/la-acl_dup.o libacl/.libs/la-acl_free.o libacl/.libs/la-acl_from_text.o libacl/.libs/la-acl_get_entry.o libacl/.libs/la-acl_get_fd.o libacl/.libs/la-acl_get_file.o libacl/.libs/la-acl_get_perm.o libacl/.libs/la-acl_get_permset.o libacl/.libs/la-acl_get_qualifier.o libacl/.libs/la-acl_get_tag_type.o libacl/.libs/la-acl_init.o libacl/.libs/la-acl_set_fd.o libacl/.libs/la-acl_set_file.o libacl/.libs/la-acl_set_permset.o libacl/.libs/la-acl_set_qualifier.o libacl/.libs/la-acl_set_tag_type.o libacl/.libs/la-acl_size.o libacl/.libs/la-acl_to_text.o libacl/.libs/la-acl_valid.o libacl/.libs/la-acl_check.o libacl/.libs/la-acl_cmp.o libacl/.libs/la-acl_entries.o libacl/.libs/la-acl_equiv_mode.o libacl/.libs/la-acl_error.o libacl/.libs/la-acl_extended_fd.o libacl/.libs/la-acl_extended_file.o libacl/.libs/la-acl_extended_file_nofollow.o libacl/.libs/la-acl_from_mode.o libacl/.libs/la-acl_to_any_text.o libacl/.libs/la-__acl_extended_file.o libacl/.libs/la-__acl_from_xattr.o libacl/.libs/la-__acl_reorder_obj_p.o libacl/.libs/la-__acl_to_any_text.o libacl/.libs/la-__acl_to_xattr.o libacl/.libs/la-__apply_mask_to_mode.o libacl/.libs/la-__libobj.o libacl/.libs/la-perm_copy_fd.o libacl/.libs/la-perm_copy_file.o  -Wl,--whole-archive ./.libs/libmisc.a -Wl,--no-whole-archive  -lattr  -O2 -mabi=lp64d -march=rv64gc -Wl,--version-script -Wl,./exports   -Wl,-soname -Wl,libacl.so.1 -o .libs/libacl.so.1.1.2301
libtool: link: (cd ".libs" && rm -f "libacl.so.1" && ln -s "libacl.so.1.1.2301" "libacl.so.1")
libtool: link: (cd ".libs" && rm -f "libacl.so" && ln -s "libacl.so.1.1.2301" "libacl.so")
libtool: link: ( cd ".libs" && rm -f "libacl.la" && ln -s "../libacl.la" "libacl.la" )
/bin/sh ./libtool  --tag=CC   --mode=link gcc  -O2 -mabi=lp64d -march=rv64gc -fvisibility=hidden   -o chacl tools/chacl.o  libacl.la libmisc.la -lattr 
/bin/sh ./libtool  --tag=CC   --mode=link gcc  -O2 -mabi=lp64d -march=rv64gc -fvisibility=hidden   -o getfacl tools/getfacl.o tools/user_group.o  libacl.la libmisc.la -lattr 
/bin/sh ./libtool  --tag=CC   --mode=link gcc  -O2 -mabi=lp64d -march=rv64gc -fvisibility=hidden   -o setfacl tools/do_set.o tools/parse.o tools/sequence.o tools/setfacl.o  libacl.la libmisc.la -lattr 
libtool: link: gcc -O2 -mabi=lp64d -march=rv64gc -fvisibility=hidden -o .libs/getfacl tools/getfacl.o tools/user_group.o  ./.libs/libacl.so ./.libs/libmisc.a -lattr
libtool: link: gcc -O2 -mabi=lp64d -march=rv64gc -fvisibility=hidden -o .libs/chacl tools/chacl.o  ./.libs/libacl.so ./.libs/libmisc.a -lattr
libtool: link: gcc -O2 -mabi=lp64d -march=rv64gc -fvisibility=hidden -o .libs/setfacl tools/do_set.o tools/parse.o tools/sequence.o tools/setfacl.o  ./.libs/libacl.so ./.libs/libmisc.a -lattr
make[1]: Leaving directory '/home/devel/building/work/src/acl-2.3.1'
+ make DESTDIR=/home/devel/building/work/pkg install
Making install in po
make[1]: Entering directory '/home/devel/building/work/src/acl-2.3.1/po'
installing de.gmo as /home/devel/building/work/pkg/usr/share/locale/de/LC_MESSAGES/acl.mo
installing es.gmo as /home/devel/building/work/pkg/usr/share/locale/es/LC_MESSAGES/acl.mo
installing fr.gmo as /home/devel/building/work/pkg/usr/share/locale/fr/LC_MESSAGES/acl.mo
installing gl.gmo as /home/devel/building/work/pkg/usr/share/locale/gl/LC_MESSAGES/acl.mo
installing pl.gmo as /home/devel/building/work/pkg/usr/share/locale/pl/LC_MESSAGES/acl.mo
installing sv.gmo as /home/devel/building/work/pkg/usr/share/locale/sv/LC_MESSAGES/acl.mo
installing en@boldquot.gmo as /home/devel/building/work/pkg/usr/share/locale/en@boldquot/LC_MESSAGES/acl.mo
installing en@quot.gmo as /home/devel/building/work/pkg/usr/share/locale/en@quot/LC_MESSAGES/acl.mo
if test "acl" = "gettext-tools"; then \
  /bin/mkdir -p /home/devel/building/work/pkg/usr/share/gettext/po; \
  for file in Makefile.in.in remove-potcdate.sin quot.sed boldquot.sed en@quot.header en@boldquot.header insert-header.sin Rules-quot   Makevars.template; do \
    /usr/bin/install -c -m 644 ./$file \
		    /home/devel/building/work/pkg/usr/share/gettext/po/$file; \
  done; \
  for file in Makevars; do \
    rm -f /home/devel/building/work/pkg/usr/share/gettext/po/$file; \
  done; \
else \
  : ; \
fi
make[1]: Leaving directory '/home/devel/building/work/src/acl-2.3.1/po'
make[1]: Entering directory '/home/devel/building/work/src/acl-2.3.1'
make[2]: Entering directory '/home/devel/building/work/src/acl-2.3.1'
subst_install_header() { file=`echo "$1" | sed -e 's,^.*/,,'`; /bin/sed -e "s/\<EXPORT\>/extern/" < "$1" > "include/$file.t" || exit 1; /bin/mkdir -p "$2" || exit 1; /usr/bin/install -c -m 644 "include/$file.t" "$2/$file" || exit 1; rm -f "include/$file.t"; }; subst_install_header "include/libacl.h" "/home/devel/building/work/pkg/usr/include/acl"
subst_install_header() { file=`echo "$1" | sed -e 's,^.*/,,'`; /bin/sed -e "s/\<EXPORT\>/extern/" < "$1" > "include/$file.t" || exit 1; /bin/mkdir -p "$2" || exit 1; /usr/bin/install -c -m 644 "include/$file.t" "$2/$file" || exit 1; rm -f "include/$file.t"; }; subst_install_header "include/acl.h" "/home/devel/building/work/pkg/usr/include/sys"
 /bin/mkdir -p '/home/devel/building/work/pkg/usr/share/doc/acl'
 /bin/mkdir -p '/home/devel/building/work/pkg/usr/share/man/man1'
 /bin/mkdir -p '/home/devel/building/work/pkg/usr/share/man/man5'
 /bin/mkdir -p '/home/devel/building/work/pkg/usr/share/man/man3'
 /bin/mkdir -p '/home/devel/building/work/pkg/usr/lib/pkgconfig'
 /usr/bin/install -c -m 644 doc/extensions.txt doc/CHANGES doc/COPYING doc/COPYING.LGPL doc/libacl.txt doc/PORTING '/home/devel/building/work/pkg/usr/share/doc/acl'
 /usr/bin/install -c -m 644 libacl.pc '/home/devel/building/work/pkg/usr/lib/pkgconfig'
 /bin/mkdir -p '/home/devel/building/work/pkg/usr/lib'
 /bin/sh ./libtool   --mode=install /usr/bin/install -c   libacl.la '/home/devel/building/work/pkg/usr/lib'
 /usr/bin/install -c -m 644 man/man1/chacl.1 man/man1/getfacl.1 man/man1/setfacl.1 '/home/devel/building/work/pkg/usr/share/man/man1'
 /usr/bin/install -c -m 644 man/man5/acl.5 '/home/devel/building/work/pkg/usr/share/man/man5'
 /usr/bin/install -c -m 644 man/man3/acl_add_perm.3 man/man3/acl_calc_mask.3 man/man3/acl_check.3 man/man3/acl_clear_perms.3 man/man3/acl_cmp.3 man/man3/acl_copy_entry.3 man/man3/acl_copy_ext.3 man/man3/acl_copy_int.3 man/man3/acl_create_entry.3 man/man3/acl_delete_def_file.3 man/man3/acl_delete_entry.3 man/man3/acl_delete_perm.3 man/man3/acl_dup.3 man/man3/acl_entries.3 man/man3/acl_equiv_mode.3 man/man3/acl_error.3 man/man3/acl_extended_fd.3 man/man3/acl_extended_file.3 man/man3/acl_extended_file_nofollow.3 man/man3/acl_free.3 man/man3/acl_from_mode.3 man/man3/acl_from_text.3 man/man3/acl_get_entry.3 man/man3/acl_get_fd.3 man/man3/acl_get_file.3 man/man3/acl_get_perm.3 man/man3/acl_get_permset.3 man/man3/acl_get_qualifier.3 man/man3/acl_get_tag_type.3 man/man3/acl_init.3 man/man3/acl_set_fd.3 man/man3/acl_set_file.3 man/man3/acl_set_permset.3 man/man3/acl_set_qualifier.3 man/man3/acl_set_tag_type.3 man/man3/acl_size.3 man/man3/acl_to_any_text.3 man/man3/acl_to_text.3 man/man3/acl_valid.3 '/home/devel/building/work/pkg/usr/share/man/man3'
libtool: install: /usr/bin/install -c .libs/libacl.so.1.1.2301 /home/devel/building/work/pkg/usr/lib/libacl.so.1.1.2301
libtool: install: (cd /home/devel/building/work/pkg/usr/lib && { ln -s -f libacl.so.1.1.2301 libacl.so.1 || { rm -f libacl.so.1 && ln -s libacl.so.1.1.2301 libacl.so.1; }; })
libtool: install: (cd /home/devel/building/work/pkg/usr/lib && { ln -s -f libacl.so.1.1.2301 libacl.so || { rm -f libacl.so && ln -s libacl.so.1.1.2301 libacl.so; }; })
libtool: install: /usr/bin/install -c .libs/libacl.lai /home/devel/building/work/pkg/usr/lib/libacl.la
libtool: warning: remember to run 'libtool --finish /usr/lib'
 /bin/mkdir -p '/home/devel/building/work/pkg/bin'
  /bin/sh ./libtool   --mode=install /usr/bin/install -c chacl getfacl setfacl '/home/devel/building/work/pkg/bin'
libtool: warning: 'libacl.la' has not been installed in '/usr/lib'
libtool: install: /usr/bin/install -c .libs/chacl /home/devel/building/work/pkg/bin/chacl
libtool: warning: 'libacl.la' has not been installed in '/usr/lib'
libtool: install: /usr/bin/install -c .libs/getfacl /home/devel/building/work/pkg/bin/getfacl
libtool: warning: 'libacl.la' has not been installed in '/usr/lib'
libtool: install: /usr/bin/install -c .libs/setfacl /home/devel/building/work/pkg/bin/setfacl
make[2]: Leaving directory '/home/devel/building/work/src/acl-2.3.1'
make[1]: Leaving directory '/home/devel/building/work/src/acl-2.3.1'
+ install -d /home/devel/building/work/pkg/lib
+ mv /home/devel/building/work/pkg/usr/lib/libacl.so.1 /home/devel/building/work/pkg/usr/lib/libacl.so.1.1.2301 /home/devel/building/work/pkg/lib
++ readlink /home/devel/building/work/pkg/usr/lib/libacl.so
+ ln -sf ../../lib/libacl.so.1.1.2301 /home/devel/building/work/pkg/usr/lib/libacl.so
+ rm -r /home/devel/building/work/pkg/usr/share/doc /home/devel/building/work/pkg/usr/share/locale
+ find /home/devel/building/work/pkg -type f -name '*.la' -delete
=======> Build result:
drwxr-xr-x  0 root   root        0 Feb 21 12:28 bin/
-rwxr-xr-x  0 root   root    27976 Feb 21 12:28 bin/setfacl
-rwxr-xr-x  0 root   root    23672 Feb 21 12:28 bin/getfacl
-rwxr-xr-x  0 root   root    10600 Feb 21 12:28 bin/chacl
drwxr-xr-x  0 root   root        0 Feb 21 12:28 lib/
-rwxr-xr-x  0 root   root    26968 Feb 21 12:28 lib/libacl.so.1.1.2301
lrwxrwxrwx  0 root   root        0 Feb 21 12:28 lib/libacl.so.1 -> libacl.so.1.1.2301
drwxr-xr-x  0 root   root        0 Feb 21 12:28 usr/
drwxr-xr-x  0 root   root        0 Feb 21 12:28 usr/include/
drwxr-xr-x  0 root   root        0 Feb 21 12:28 usr/lib/
drwxr-xr-x  0 root   root        0 Feb 21 12:28 usr/share/
drwxr-xr-x  0 root   root        0 Feb 21 12:28 usr/share/man/
drwxr-xr-x  0 root   root        0 Feb 21 12:28 usr/share/man/man3/
drwxr-xr-x  0 root   root        0 Feb 21 12:28 usr/share/man/man1/
drwxr-xr-x  0 root   root        0 Feb 21 12:28 usr/share/man/man5/
-rw-r--r--  0 root   root     5101 Feb 21 12:28 usr/share/man/man5/acl.5.gz
-rw-r--r--  0 root   root     2149 Feb 21 12:28 usr/share/man/man1/chacl.1.gz
-rw-r--r--  0 root   root     2704 Feb 21 12:28 usr/share/man/man1/getfacl.1.gz
-rw-r--r--  0 root   root     3964 Feb 21 12:28 usr/share/man/man1/setfacl.1.gz
-rw-r--r--  0 root   root     1274 Feb 21 12:28 usr/share/man/man3/acl_add_perm.3.gz
-rw-r--r--  0 root   root     1565 Feb 21 12:28 usr/share/man/man3/acl_calc_mask.3.gz
-rw-r--r--  0 root   root     1679 Feb 21 12:28 usr/share/man/man3/acl_check.3.gz
-rw-r--r--  0 root   root     1179 Feb 21 12:28 usr/share/man/man3/acl_clear_perms.3.gz
-rw-r--r--  0 root   root     1236 Feb 21 12:28 usr/share/man/man3/acl_cmp.3.gz
-rw-r--r--  0 root   root     1175 Feb 21 12:28 usr/share/man/man3/acl_copy_entry.3.gz
-rw-r--r--  0 root   root     1583 Feb 21 12:28 usr/share/man/man3/acl_copy_ext.3.gz
-rw-r--r--  0 root   root     1398 Feb 21 12:28 usr/share/man/man3/acl_copy_int.3.gz
-rw-r--r--  0 root   root     1641 Feb 21 12:28 usr/share/man/man3/acl_create_entry.3.gz
-rw-r--r--  0 root   root     1405 Feb 21 12:28 usr/share/man/man3/acl_delete_def_file.3.gz
-rw-r--r--  0 root   root     1261 Feb 21 12:28 usr/share/man/man3/acl_delete_entry.3.gz
-rw-r--r--  0 root   root     1275 Feb 21 12:28 usr/share/man/man3/acl_delete_perm.3.gz
-rw-r--r--  0 root   root     1293 Feb 21 12:28 usr/share/man/man3/acl_dup.3.gz
-rw-r--r--  0 root   root     1142 Feb 21 12:28 usr/share/man/man3/acl_entries.3.gz
-rw-r--r--  0 root   root     1389 Feb 21 12:28 usr/share/man/man3/acl_equiv_mode.3.gz
-rw-r--r--  0 root   root     1168 Feb 21 12:28 usr/share/man/man3/acl_error.3.gz
-rw-r--r--  0 root   root     1524 Feb 21 12:28 usr/share/man/man3/acl_extended_fd.3.gz
-rw-r--r--  0 root   root     1796 Feb 21 12:28 usr/share/man/man3/acl_extended_file.3.gz
-rw-r--r--  0 root   root       78 Feb 21 12:28 usr/share/man/man3/acl_extended_file_nofollow.3.gz
-rw-r--r--  0 root   root     1266 Feb 21 12:28 usr/share/man/man3/acl_free.3.gz
-rw-r--r--  0 root   root     1282 Feb 21 12:28 usr/share/man/man3/acl_from_mode.3.gz
-rw-r--r--  0 root   root     1427 Feb 21 12:28 usr/share/man/man3/acl_from_text.3.gz
-rw-r--r--  0 root   root     1669 Feb 21 12:28 usr/share/man/man3/acl_get_entry.3.gz
-rw-r--r--  0 root   root     1466 Feb 21 12:28 usr/share/man/man3/acl_get_fd.3.gz
-rw-r--r--  0 root   root     1821 Feb 21 12:28 usr/share/man/man3/acl_get_file.3.gz
-rw-r--r--  0 root   root     1312 Feb 21 12:28 usr/share/man/man3/acl_get_perm.3.gz
-rw-r--r--  0 root   root     1263 Feb 21 12:28 usr/share/man/man3/acl_get_permset.3.gz
-rw-r--r--  0 root   root     1690 Feb 21 12:28 usr/share/man/man3/acl_get_qualifier.3.gz
-rw-r--r--  0 root   root     1256 Feb 21 12:28 usr/share/man/man3/acl_get_tag_type.3.gz
-rw-r--r--  0 root   root     1354 Feb 21 12:28 usr/share/man/man3/acl_init.3.gz
-rw-r--r--  0 root   root     1453 Feb 21 12:28 usr/share/man/man3/acl_set_fd.3.gz
-rw-r--r--  0 root   root     2033 Feb 21 12:28 usr/share/man/man3/acl_set_file.3.gz
-rw-r--r--  0 root   root     1320 Feb 21 12:28 usr/share/man/man3/acl_set_permset.3.gz
-rw-r--r--  0 root   root     1475 Feb 21 12:28 usr/share/man/man3/acl_set_qualifier.3.gz
-rw-r--r--  0 root   root     1213 Feb 21 12:28 usr/share/man/man3/acl_set_tag_type.3.gz
-rw-r--r--  0 root   root     1301 Feb 21 12:28 usr/share/man/man3/acl_size.3.gz
-rw-r--r--  0 root   root     2185 Feb 21 12:28 usr/share/man/man3/acl_to_any_text.3.gz
-rw-r--r--  0 root   root     1548 Feb 21 12:28 usr/share/man/man3/acl_to_text.3.gz
-rw-r--r--  0 root   root     1311 Feb 21 12:28 usr/share/man/man3/acl_valid.3.gz
lrwxrwxrwx  0 root   root        0 Feb 21 12:28 usr/lib/libacl.so -> ../../lib/libacl.so.1.1.2301
drwxr-xr-x  0 root   root        0 Feb 21 12:28 usr/lib/pkgconfig/
-rw-r--r--  0 root   root      223 Feb 21 12:28 usr/lib/pkgconfig/libacl.pc
drwxr-xr-x  0 root   root        0 Feb 21 12:28 usr/include/sys/
drwxr-xr-x  0 root   root        0 Feb 21 12:28 usr/include/acl/
-rw-r--r--  0 root   root     2611 Feb 21 12:28 usr/include/acl/libacl.h
-rw-r--r--  0 root   root     3700 Feb 21 12:28 usr/include/sys/acl.h
=======> Building '/home/devel/packages/acl#2.3.1-1.riscv64.pkg.tar.zst' succeeded.
prt-get: Using PKGMK_PACKAGE_DIR: /home/devel/packages
prt-get: reinstalling acl 2.3.1-1
prt-get: /usr/bin/pkgadd -u acl#2.3.1-1.riscv64.pkg.tar.zst
prt-get: build done Tue Feb 21 12:28:40 2023

