prt-get: updating /usr/ports/core-riscv64/lzip
prt-get: starting build Tue Feb 21 20:18:32 2023
=======> Building '/home/devel/packages/lzip#1.22-1.riscv64.pkg.tar.zst'.
bsdtar -p -o -C /home/devel/building/work/src -xf /home/devel/sources/lzip-1.22.tar.gz
+ build
+ cd lzip-1.22
+ ./configure --prefix=/usr CXX=g++ 'CXXFLAGS=-O2 -mabi=lp64d -march=rv64gc'

creating config.status
creating Makefile
VPATH = .
prefix = /usr
exec_prefix = $(prefix)
bindir = $(exec_prefix)/bin
datarootdir = $(prefix)/share
infodir = $(datarootdir)/info
mandir = $(datarootdir)/man
CXX = g++
CPPFLAGS = 
CXXFLAGS = -O2 -mabi=lp64d -march=rv64gc
LDFLAGS = 
OK. Now you can run make.
+ make V=1
g++  -O2 -mabi=lp64d -march=rv64gc -c -o arg_parser.o arg_parser.cc
g++  -O2 -mabi=lp64d -march=rv64gc -c -o lzip_index.o lzip_index.cc
g++  -O2 -mabi=lp64d -march=rv64gc -c -o list.o list.cc
g++  -O2 -mabi=lp64d -march=rv64gc -c -o encoder_base.o encoder_base.cc
g++  -O2 -mabi=lp64d -march=rv64gc -c -o encoder.o encoder.cc
g++  -O2 -mabi=lp64d -march=rv64gc -c -o fast_encoder.o fast_encoder.cc
g++  -O2 -mabi=lp64d -march=rv64gc -c -o decoder.o decoder.cc
g++  -O2 -mabi=lp64d -march=rv64gc -DPROGVERSION=\"1.22\" -c -o main.o main.cc
g++  -O2 -mabi=lp64d -march=rv64gc -o lzip arg_parser.o lzip_index.o list.o encoder_base.o encoder.o fast_encoder.o decoder.o main.o
+ make DESTDIR=/home/devel/building/work/pkg install
if [ ! -d "/home/devel/building/work/pkg/usr/bin" ] ; then install -d -m 755 "/home/devel/building/work/pkg/usr/bin" ; fi
if [ ! -d "/home/devel/building/work/pkg/usr/share/info" ] ; then install -d -m 755 "/home/devel/building/work/pkg/usr/share/info" ; fi
if [ ! -d "/home/devel/building/work/pkg/usr/share/man/man1" ] ; then install -d -m 755 "/home/devel/building/work/pkg/usr/share/man/man1" ; fi
install -m 755 ./lzip "/home/devel/building/work/pkg/usr/bin/lzip"
rm -f "/home/devel/building/work/pkg/usr/share/info/lzip.info"*
rm -f "/home/devel/building/work/pkg/usr/share/man/man1/lzip.1"*
install -m 644 ./doc/lzip.info "/home/devel/building/work/pkg/usr/share/info/lzip.info"
install -m 644 ./doc/lzip.1 "/home/devel/building/work/pkg/usr/share/man/man1/lzip.1"
if /bin/sh -c "install-info --version" > /dev/null 2>&1 ; then \
  install-info --info-dir="/home/devel/building/work/pkg/usr/share/info" "/home/devel/building/work/pkg/usr/share/info/lzip.info" ; \
fi
+ rm -r /home/devel/building/work/pkg/usr/share/info
=======> Build result:
drwxr-xr-x  0 root   root        0 Feb 21 20:18 usr/
drwxr-xr-x  0 root   root        0 Feb 21 20:18 usr/share/
drwxr-xr-x  0 root   root        0 Feb 21 20:18 usr/bin/
-rwxr-xr-x  0 root   root    97096 Feb 21 20:18 usr/bin/lzip
drwxr-xr-x  0 root   root        0 Feb 21 20:18 usr/share/man/
drwxr-xr-x  0 root   root        0 Feb 21 20:18 usr/share/man/man1/
-rw-r--r--  0 root   root     2061 Feb 21 20:18 usr/share/man/man1/lzip.1.gz
=======> Building '/home/devel/packages/lzip#1.22-1.riscv64.pkg.tar.zst' succeeded.
prt-get: Using PKGMK_PACKAGE_DIR: /home/devel/packages
prt-get: reinstalling lzip 1.22-1
prt-get: /usr/bin/pkgadd -u lzip#1.22-1.riscv64.pkg.tar.zst
prt-get: build done Tue Feb 21 20:18:43 2023

