prt-get: updating /usr/ports/core-riscv64/patch
prt-get: starting build Tue Feb 21 21:39:41 2023
=======> Building '/home/devel/packages/patch#2.7.6-1.riscv64.pkg.tar.zst'.
bsdtar -p -o -C /home/devel/building/work/src -xf /home/devel/sources/patch-2.7.6.tar.xz
cp 0001-Allow-input-files-to-be-missing-for-ed-style-patches.patch /home/devel/building/work/src
cp 0002-Fix-arbitrary-command-execution-in-ed-style-patches-.patch /home/devel/building/work/src
cp CVE-2018-6951.patch /home/devel/building/work/src
cp CVE-2018-6952.patch /home/devel/building/work/src
cp CVE-2019-13636.patch /home/devel/building/work/src
cp CVE-2019-13638.patch /home/devel/building/work/src
cp CVE-2019-20633.patch /home/devel/building/work/src
+ build
+ cd patch-2.7.6
+ patch -p1 -i /home/devel/building/work/src/0001-Allow-input-files-to-be-missing-for-ed-style-patches.patch
patching file src/pch.c
Hunk #1 succeeded at 2393 (offset -1 lines).
+ patch -p1 -i /home/devel/building/work/src/0002-Fix-arbitrary-command-execution-in-ed-style-patches-.patch
patching file src/pch.c
Hunk #2 succeeded at 2389 (offset -1 lines).
Hunk #3 succeeded at 2421 (offset -1 lines).
Hunk #4 succeeded at 2441 (offset -1 lines).
patching file tests/Makefile.am
patching file tests/ed-style
+ patch -p1 -i /home/devel/building/work/src/CVE-2018-6951.patch
patching file src/pch.c
Hunk #1 succeeded at 975 (offset 1 line).
+ patch -p1 -i /home/devel/building/work/src/CVE-2018-6952.patch
patching file src/pch.c
Hunk #1 succeeded at 2115 (offset -7 lines).
+ patch -p1 -i /home/devel/building/work/src/CVE-2019-13636.patch
patching file src/inp.c
patching file src/util.c
+ patch -p1 -i /home/devel/building/work/src/CVE-2019-13638.patch
patching file src/pch.c
+ patch -p1 -i /home/devel/building/work/src/CVE-2019-20633.patch
patching file src/pch.c
Hunk #1 succeeded at 1327 (offset -1 lines).
+ aclocal
+ autoheader
+ autoconf
configure.ac:42: warning: The macro `AC_PROG_CC_STDC' is obsolete.
configure.ac:42: You should run autoupdate.
./lib/autoconf/c.m4:1666: AC_PROG_CC_STDC is expanded from...
configure.ac:42: the top level
configure.ac:43: warning: The macro `AC_GNU_SOURCE' is obsolete.
configure.ac:43: You should run autoupdate.
./lib/autoconf/specific.m4:312: AC_GNU_SOURCE is expanded from...
m4/gnulib-comp.m4:34: gl_EARLY is expanded from...
configure.ac:43: the top level
configure.ac:45: warning: The macro `AC_HEADER_STDC' is obsolete.
configure.ac:45: You should run autoupdate.
./lib/autoconf/headers.m4:704: AC_HEADER_STDC is expanded from...
configure.ac:45: the top level
configure.ac:46: warning: $as_echo_n is obsolete; use AS_ECHO_N(["message"]) instead
m4/gnulib-common.m4:399: gl_CACHE_VAL_SILENT is expanded from...
m4/stdarg.m4:10: gl_STDARG_H is expanded from...
m4/gnulib-comp.m4:248: gl_INIT is expanded from...
configure.ac:46: the top level
configure.ac:144: warning: The macro `AC_HELP_STRING' is obsolete.
configure.ac:144: You should run autoupdate.
./lib/autoconf/general.m4:204: AC_HELP_STRING is expanded from...
m4/xattr.m4:12: gl_FUNC_XATTR is expanded from...
configure.ac:144: the top level
configure.ac:147: warning: The macro `AC_TRY_LINK' is obsolete.
configure.ac:147: You should run autoupdate.
./lib/autoconf/general.m4:2920: AC_TRY_LINK is expanded from...
lib/m4sugar/m4sh.m4:692: _AS_IF_ELSE is expanded from...
lib/m4sugar/m4sh.m4:699: AS_IF is expanded from...
./lib/autoconf/general.m4:2249: AC_CACHE_VAL is expanded from...
./lib/autoconf/general.m4:2270: AC_CACHE_CHECK is expanded from...
m4/setmode.m4:20: AC_FUNC_SETMODE_DOS is expanded from...
configure.ac:147: the top level
+ automake --add-missing
+ ./configure --prefix=/usr gl_cv_func_gettimeofday_clobber=no gl_cv_func_tzset_clobber=no
checking for a BSD-compatible install... /usr/bin/install -c
checking whether build environment is sane... yes
checking for a race-free mkdir -p... /bin/mkdir -p
checking for gawk... gawk
checking whether make sets $(MAKE)... yes
checking whether make supports nested variables... yes
checking whether make supports nested variables... (cached) yes
checking for gcc... gcc
checking whether the C compiler works... yes
checking for C compiler default output file name... a.out
checking for suffix of executables... 
checking whether we are cross compiling... no
checking for suffix of object files... o
checking whether the compiler supports GNU C... yes
checking whether gcc accepts -g... yes
checking for gcc option to enable C11 features... none needed
checking whether gcc understands -c and -o together... yes
checking whether make supports the include directive... yes (GNU style)
checking dependency style of gcc... gcc3
checking for stdio.h... yes
checking for stdlib.h... yes
checking for string.h... yes
checking for inttypes.h... yes
checking for stdint.h... yes
checking for strings.h... yes
checking for sys/stat.h... yes
checking for sys/types.h... yes
checking for unistd.h... yes
checking for sys/param.h... yes
checking for sys/socket.h... yes
checking for dirent.h... yes
checking for getopt.h... yes
checking for sys/cdefs.h... yes
checking for sys/time.h... yes
checking for limits.h... yes
checking for wchar.h... yes
checking for sys/mman.h... yes
checking for utime.h... yes
checking for features.h... yes
checking for crtdefs.h... no
checking for wctype.h... yes
checking for minix/config.h... no
checking whether it is safe to define __EXTENSIONS__... yes
checking whether _XOPEN_SOURCE should be defined... no
checking how to run the C preprocessor... gcc -E
checking for grep that handles long lines and -e... /usr/bin/grep
checking for egrep... /usr/bin/grep -E
checking for Minix Amsterdam compiler... no
checking for ar... ar
checking the archiver (ar) interface... ar
checking for ar... (cached) ar
checking for ranlib... ranlib
checking for special C compiler options needed for large files... no
checking for _FILE_OFFSET_BITS value needed for large files... no
checking for egrep... (cached) /usr/bin/grep -E
checking for size_t... yes
checking for working alloca.h... yes
checking for alloca... yes
checking build system type... riscv64-unknown-linux-gnu
checking host system type... riscv64-unknown-linux-gnu
checking for d_ino member in directory struct... yes
checking for long file names... yes
checking for pathconf... yes
checking for canonicalize_file_name... yes
checking for getcwd... yes
checking for readlink... yes
checking for realpath... yes
checking for chown... yes
checking for fchown... yes
checking for _set_invalid_parameter_handler... no
checking for fchdir... yes
checking for fdopendir... yes
checking for faccessat... yes
checking for fchmodat... yes
checking for lchmod... yes
checking for fcntl... yes
checking for symlink... yes
checking for mempcpy... yes
checking for fstatat... yes
checking for getdtablesize... yes
checking for getprogname... no
checking for getexecname... no
checking for gettimeofday... yes
checking for nanotime... no
checking for lstat... yes
checking for mbsinit... yes
checking for mbrtowc... yes
checking for mprotect... yes
checking for mkdirat... yes
checking for tzset... yes
checking for openat... yes
checking for readlinkat... yes
checking for link... yes
checking for renameat... yes
checking for setenv... yes
checking for strdup... yes
checking for strndup... yes
checking for symlinkat... yes
checking for localtime_r... yes
checking for timegm... yes
checking for pipe... yes
checking for unlinkat... yes
checking for utime... yes
checking for futimes... yes
checking for futimesat... yes
checking for futimens... yes
checking for utimensat... yes
checking for lutimes... yes
checking for vasnprintf... no
checking for snprintf... yes
checking for iswcntrl... yes
checking whether // is distinct from /... no
checking whether realpath works... yes
checking for uid_t in sys/types.h... yes
checking for unistd.h... (cached) yes
checking for working chown... yes
checking whether chown dereferences symlinks... yes
checking whether chown honors trailing slash... yes
checking whether chown always updates ctime... yes
checking whether the preprocessor supports include_next... yes
checking whether system header files limit the line length... no
checking for gcc options needed to detect all undeclared functions... none needed
checking if environ is properly declared... yes
checking for complete errno.h... yes
checking whether strerror_r is declared... yes
checking whether strerror_r returns char *... yes
checking type of array argument to getgroups... gid_t
checking whether lstat correctly handles trailing slash... yes
checking whether fchdir is declared... yes
checking for working fcntl.h... yes
checking for pid_t... yes
checking for mode_t... yes
checking whether stat file-mode macros are broken... no
checking for nlink_t... yes
checking whether fchmodat is declared without a macro... yes
checking whether fstat is declared without a macro... yes
checking whether fstatat is declared without a macro... yes
checking whether futimens is declared without a macro... yes
checking whether lchmod is declared without a macro... yes
checking whether lstat is declared without a macro... yes
checking whether mkdirat is declared without a macro... yes
checking whether mkfifo is declared without a macro... yes
checking whether mkfifoat is declared without a macro... yes
checking whether mknod is declared without a macro... yes
checking whether mknodat is declared without a macro... yes
checking whether stat is declared without a macro... yes
checking whether utimensat is declared without a macro... yes
checking whether getcwd (NULL, 0) allocates memory for result... yes
checking for getcwd with POSIX signature... yes
checking whether getdtablesize is declared... yes
checking for getopt.h... (cached) yes
checking for getopt_long_only... yes
checking whether getopt is POSIX compatible... yes
checking for working GNU getopt function... yes
checking for working GNU getopt_long function... yes
checking for C/C++ restrict keyword... __restrict
checking for struct timeval... yes
checking for wide-enough struct timeval.tv_sec member... yes
checking whether gettimeofday is declared without a macro... yes
checking whether limits.h has ULLONG_WIDTH etc.... yes
checking for wint_t... yes
checking whether wint_t is too small... no
checking for unsigned long long int... yes
checking for long long int... yes
checking whether stdint.h conforms to C99... yes
checking whether stdint.h predates C++11... no
checking whether stdint.h has UINTMAX_WIDTH etc.... yes
checking whether imaxabs is declared without a macro... yes
checking whether imaxdiv is declared without a macro... yes
checking whether strtoimax is declared without a macro... yes
checking whether strtoumax is declared without a macro... yes
checking for inttypes.h... (cached) yes
checking whether the inttypes.h PRIxNN macros are broken... no
checking for nl_langinfo and CODESET... yes
checking whether getc_unlocked is declared... yes
checking whether we are using the GNU C Library >= 2.1 or uClibc... yes
checking for a sed that does not truncate output... /bin/sed
checking whether malloc, realloc, calloc are POSIX compliant... yes
checking for GNU libc compatible malloc... yes
checking for mbstate_t... yes
checking for a traditional japanese locale... none
checking for a transitional chinese locale... none
checking for a french Unicode locale... none
checking for mmap... yes
checking for MAP_ANONYMOUS... yes
checking whether memchr works... yes
checking whether memrchr is declared... yes
checking whether <limits.h> defines MIN and MAX... no
checking whether <sys/param.h> defines MIN and MAX... yes
checking whether time_t is signed... yes
checking whether alarm is declared... yes
checking for working mktime... yes
checking whether struct tm is in sys/time.h or time.h... time.h
checking for struct tm.tm_zone... yes
checking for struct tm.tm_gmtoff... yes
checking for O_CLOEXEC... yes
checking for promoted mode_t type... mode_t
checking for stdbool.h that conforms to C99... yes
checking for _Bool... yes
checking for compound literals... yes
checking for ssize_t... yes
checking whether setenv is declared... yes
checking for search.h... yes
checking for tsearch... yes
checking for sigset_t... yes
checking for wchar_t... yes
checking whether strdup is declared... yes
checking whether strerror(0) succeeds... yes
checking whether ffsl is declared without a macro... yes
checking whether ffsll is declared without a macro... yes
checking whether memmem is declared without a macro... yes
checking whether mempcpy is declared without a macro... yes
checking whether memrchr is declared without a macro... yes
checking whether rawmemchr is declared without a macro... yes
checking whether stpcpy is declared without a macro... yes
checking whether stpncpy is declared without a macro... yes
checking whether strchrnul is declared without a macro... yes
checking whether strdup is declared without a macro... yes
checking whether strncat is declared without a macro... yes
checking whether strndup is declared without a macro... yes
checking whether strnlen is declared without a macro... yes
checking whether strpbrk is declared without a macro... yes
checking whether strsep is declared without a macro... yes
checking whether strcasestr is declared without a macro... yes
checking whether strtok_r is declared without a macro... yes
checking whether strerror_r is declared without a macro... yes
checking whether strsignal is declared without a macro... yes
checking whether strverscmp is declared without a macro... yes
checking whether strndup is declared... (cached) yes
checking whether strnlen is declared... (cached) yes
checking for struct timespec in <time.h>... yes
checking whether unsetenv is declared... yes
checking whether the utimes function works... yes
checking for inttypes.h... yes
checking for stdint.h... yes
checking for intmax_t... yes
checking where to find the exponent in a 'double'... word 1 bit 20
checking whether snprintf returns a byte count as in C99... yes
checking for snprintf... (cached) yes
checking for strnlen... yes
checking for wcslen... yes
checking for wcsnlen... yes
checking for mbrtowc... (cached) yes
checking for wcrtomb... yes
checking whether _snprintf is declared... no
checking whether <wchar.h> uses 'inline' correctly... yes
checking for alloca as a compiler built-in... yes
checking whether this system has an arbitrary file name length limit... yes
checking for library containing clock_gettime... none required
checking for clock_gettime... yes
checking for clock_settime... yes
checking for closedir... yes
checking for d_ino member in directory struct... (cached) yes
checking whether alphasort is declared without a macro... yes
checking whether closedir is declared without a macro... yes
checking whether dirfd is declared without a macro... yes
checking whether fdopendir is declared without a macro... yes
checking whether opendir is declared without a macro... yes
checking whether readdir is declared without a macro... yes
checking whether rewinddir is declared without a macro... yes
checking whether scandir is declared without a macro... yes
checking for dirfd... yes
checking whether dirfd is declared... (cached) yes
checking whether dirfd is a macro... no
checking whether // is distinct from /... (cached) no
checking whether dup2 works... yes
checking for error_at_line... yes
checking for euidaccess... yes
checking for fchownat... yes
checking whether fchownat works with AT_SYMLINK_NOFOLLOW... yes
checking whether fchownat works with an empty file name... yes
checking whether fcntl handles F_DUPFD correctly... yes
checking whether fcntl understands F_DUPFD_CLOEXEC... needs runtime check
checking whether fcntl is declared without a macro... yes
checking whether openat is declared without a macro... yes
checking for flexible array member... yes
checking whether conversion from 'int' to 'long double' works... yes
checking whether fstatat (..., 0) works... yes
checking whether getdtablesize works... yes
checking for getgroups... yes
checking for working getgroups... yes
checking whether getgroups handles negative values... yes
checking whether program_invocation_name is declared... yes
checking whether program_invocation_short_name is declared... yes
checking whether __argv is declared... no
checking whether gettimeofday clobbers localtime buffer... (cached) no
checking for gettimeofday with POSIX signature... yes
checking for group_member... yes
checking whether INT32_MAX < INTMAX_MAX... yes
checking whether INT64_MAX == LONG_MAX... yes
checking whether UINT32_MAX < UINTMAX_MAX... yes
checking whether UINT64_MAX == ULONG_MAX... yes
checking for lchown... yes
checking for GNU libc compatible malloc... (cached) yes
checking whether mbrtowc handles incomplete characters... guessing yes
checking whether mbrtowc works as well as mbtowc... guessing yes
checking whether mbrtowc handles a NULL pwc argument... guessing yes
checking whether mbrtowc handles a NULL string argument... guessing yes
checking whether mbrtowc has a correct return value... guessing yes
checking whether mbrtowc returns 0 when parsing a NUL character... guessing yes
checking whether mbrtowc works on empty input... yes
checking whether the C locale is free of encoding errors... no
checking whether mbrtowc handles incomplete characters... (cached) guessing yes
checking whether mbrtowc works as well as mbtowc... (cached) guessing yes
checking for mempcpy... (cached) yes
checking for memrchr... yes
checking whether mkdir handles trailing slash... yes
checking whether mkdir handles trailing dot... yes
checking for __mktime_internal... no
checking whether open recognizes a trailing slash... yes
checking for opendir... yes
checking for struct tm.tm_zone... (cached) yes
checking whether program_invocation_name is declared... (cached) yes
checking whether program_invocation_short_name is declared... (cached) yes
checking for raise... yes
checking for readdir... yes
checking whether readlink signature is correct... yes
checking whether readlink handles trailing slash correctly... yes
checking whether readlinkat signature is correct... yes
checking for GNU libc compatible realloc... yes
checking whether rename honors trailing slash on destination... yes
checking whether rename honors trailing slash on source... yes
checking whether rename manages hard links correctly... yes
checking whether rename manages existing destinations correctly... yes
checking for linux/fs.h... yes
checking for linux/fs.h... (cached) yes
checking whether rmdir works... yes
checking whether setenv validates arguments... yes
checking for volatile sig_atomic_t... yes
checking for sighandler_t... yes
checking whether pthread_sigmask is declared without a macro... yes
checking whether sigaction is declared without a macro... yes
checking whether sigaddset is declared without a macro... yes
checking whether sigdelset is declared without a macro... yes
checking whether sigemptyset is declared without a macro... yes
checking whether sigfillset is declared without a macro... yes
checking whether sigismember is declared without a macro... yes
checking whether sigpending is declared without a macro... yes
checking whether sigprocmask is declared without a macro... yes
checking for stdint.h... (cached) yes
checking for SIZE_MAX... yes
checking for ssize_t... (cached) yes
checking whether stat handles trailing slashes on files... yes
checking for struct stat.st_atim.tv_nsec... yes
checking whether struct stat.st_atim is of type struct timespec... yes
checking for struct stat.st_birthtimespec.tv_nsec... no
checking for struct stat.st_birthtimensec... no
checking for struct stat.st_birthtim.tv_nsec... no
checking for va_copy... yes
checking for max_align_t... yes
checking whether NULL can be used in arbitrary expressions... yes
checking which flavor of printf attribute matches inttypes macros... system
checking whether dprintf is declared without a macro... yes
checking whether fpurge is declared without a macro... no
checking whether fseeko is declared without a macro... yes
checking whether ftello is declared without a macro... yes
checking whether getdelim is declared without a macro... yes
checking whether getline is declared without a macro... yes
checking whether gets is declared without a macro... no
checking whether pclose is declared without a macro... yes
checking whether popen is declared without a macro... yes
checking whether renameat is declared without a macro... yes
checking whether snprintf is declared without a macro... yes
checking whether tmpfile is declared without a macro... yes
checking whether vdprintf is declared without a macro... yes
checking whether vsnprintf is declared without a macro... yes
checking whether _Exit is declared without a macro... yes
checking whether atoll is declared without a macro... yes
checking whether canonicalize_file_name is declared without a macro... yes
checking whether getloadavg is declared without a macro... yes
checking whether getsubopt is declared without a macro... yes
checking whether grantpt is declared without a macro... yes
checking whether initstate is declared without a macro... yes
checking whether initstate_r is declared without a macro... yes
checking whether mkdtemp is declared without a macro... yes
checking whether mkostemp is declared without a macro... yes
checking whether mkostemps is declared without a macro... yes
checking whether mkstemp is declared without a macro... yes
checking whether mkstemps is declared without a macro... yes
checking whether posix_openpt is declared without a macro... yes
checking whether ptsname is declared without a macro... yes
checking whether ptsname_r is declared without a macro... yes
checking whether qsort_r is declared without a macro... yes
checking whether random is declared without a macro... yes
checking whether random_r is declared without a macro... yes
checking whether reallocarray is declared without a macro... yes
checking whether realpath is declared without a macro... yes
checking whether rpmatch is declared without a macro... yes
checking whether secure_getenv is declared without a macro... yes
checking whether setenv is declared without a macro... yes
checking whether setstate is declared without a macro... yes
checking whether setstate_r is declared without a macro... yes
checking whether srandom is declared without a macro... yes
checking whether srandom_r is declared without a macro... yes
checking whether strtod is declared without a macro... yes
checking whether strtoll is declared without a macro... yes
checking whether strtoull is declared without a macro... yes
checking whether unlockpt is declared without a macro... yes
checking whether unsetenv is declared without a macro... yes
checking for working strerror function... yes
checking for working strndup... yes
checking for working strnlen... yes
checking whether symlink handles trailing slash correctly... yes
checking whether symlinkat handles trailing slash correctly... yes
checking for nlink_t... (cached) yes
checking whether fchmodat is declared without a macro... (cached) yes
checking whether fstat is declared without a macro... (cached) yes
checking whether fstatat is declared without a macro... (cached) yes
checking whether futimens is declared without a macro... (cached) yes
checking whether lchmod is declared without a macro... (cached) yes
checking whether lstat is declared without a macro... (cached) yes
checking whether mkdirat is declared without a macro... (cached) yes
checking whether mkfifo is declared without a macro... (cached) yes
checking whether mkfifoat is declared without a macro... (cached) yes
checking whether mknod is declared without a macro... (cached) yes
checking whether mknodat is declared without a macro... (cached) yes
checking whether stat is declared without a macro... (cached) yes
checking whether utimensat is declared without a macro... (cached) yes
checking whether localtime_r is declared... yes
checking whether localtime_r is compatible with its POSIX signature... yes
checking for timezone_t... no
checking whether tzset clobbers localtime buffer... (cached) no
checking whether chdir is declared without a macro... yes
checking whether chown is declared without a macro... yes
checking whether dup is declared without a macro... yes
checking whether dup2 is declared without a macro... yes
checking whether dup3 is declared without a macro... yes
checking whether environ is declared without a macro... yes
checking whether euidaccess is declared without a macro... yes
checking whether faccessat is declared without a macro... yes
checking whether fchdir is declared without a macro... yes
checking whether fchownat is declared without a macro... yes
checking whether fdatasync is declared without a macro... yes
checking whether fsync is declared without a macro... yes
checking whether ftruncate is declared without a macro... yes
checking whether getcwd is declared without a macro... yes
checking whether getdomainname is declared without a macro... yes
checking whether getdtablesize is declared without a macro... yes
checking whether getgroups is declared without a macro... yes
checking whether gethostname is declared without a macro... yes
checking whether getlogin is declared without a macro... yes
checking whether getlogin_r is declared without a macro... yes
checking whether getpagesize is declared without a macro... yes
checking whether getusershell is declared without a macro... yes
checking whether setusershell is declared without a macro... yes
checking whether endusershell is declared without a macro... yes
checking whether group_member is declared without a macro... yes
checking whether isatty is declared without a macro... yes
checking whether lchown is declared without a macro... yes
checking whether link is declared without a macro... yes
checking whether linkat is declared without a macro... yes
checking whether lseek is declared without a macro... yes
checking whether pipe is declared without a macro... yes
checking whether pipe2 is declared without a macro... yes
checking whether pread is declared without a macro... yes
checking whether pwrite is declared without a macro... yes
checking whether readlink is declared without a macro... yes
checking whether readlinkat is declared without a macro... yes
checking whether rmdir is declared without a macro... yes
checking whether sethostname is declared without a macro... yes
checking whether sleep is declared without a macro... yes
checking whether symlink is declared without a macro... yes
checking whether symlinkat is declared without a macro... yes
checking whether truncate is declared without a macro... yes
checking whether ttyname_r is declared without a macro... yes
checking whether unlink is declared without a macro... yes
checking whether unlinkat is declared without a macro... yes
checking whether usleep is declared without a macro... yes
checking whether unlink honors trailing slashes... yes
checking whether unlink of a parent directory fails as it should... guessing yes
checking for unsetenv... yes
checking for unsetenv() return type... int
checking whether unsetenv obeys POSIX... yes
checking whether utime is declared without a macro... yes
checking whether utimensat works... yes
checking for ptrdiff_t... yes
checking for vasprintf... yes
checking whether btowc is declared without a macro... yes
checking whether wctob is declared without a macro... yes
checking whether mbsinit is declared without a macro... yes
checking whether mbrtowc is declared without a macro... yes
checking whether mbrlen is declared without a macro... yes
checking whether mbsrtowcs is declared without a macro... yes
checking whether mbsnrtowcs is declared without a macro... yes
checking whether wcrtomb is declared without a macro... yes
checking whether wcsrtombs is declared without a macro... yes
checking whether wcsnrtombs is declared without a macro... yes
checking whether wcwidth is declared without a macro... yes
checking whether wmemchr is declared without a macro... yes
checking whether wmemcmp is declared without a macro... yes
checking whether wmemcpy is declared without a macro... yes
checking whether wmemmove is declared without a macro... yes
checking whether wmemset is declared without a macro... yes
checking whether wcslen is declared without a macro... yes
checking whether wcsnlen is declared without a macro... yes
checking whether wcscpy is declared without a macro... yes
checking whether wcpcpy is declared without a macro... yes
checking whether wcsncpy is declared without a macro... yes
checking whether wcpncpy is declared without a macro... yes
checking whether wcscat is declared without a macro... yes
checking whether wcsncat is declared without a macro... yes
checking whether wcscmp is declared without a macro... yes
checking whether wcsncmp is declared without a macro... yes
checking whether wcscasecmp is declared without a macro... yes
checking whether wcsncasecmp is declared without a macro... yes
checking whether wcscoll is declared without a macro... yes
checking whether wcsxfrm is declared without a macro... yes
checking whether wcsdup is declared without a macro... yes
checking whether wcschr is declared without a macro... yes
checking whether wcsrchr is declared without a macro... yes
checking whether wcscspn is declared without a macro... yes
checking whether wcsspn is declared without a macro... yes
checking whether wcspbrk is declared without a macro... yes
checking whether wcsstr is declared without a macro... yes
checking whether wcstok is declared without a macro... yes
checking whether wcswidth is declared without a macro... yes
checking whether wcsftime is declared without a macro... yes
checking whether iswcntrl works... yes
checking for towlower... yes
checking for wctype_t... yes
checking for wctrans_t... yes
checking whether wctype is declared without a macro... yes
checking whether iswctype is declared without a macro... yes
checking whether wctrans is declared without a macro... yes
checking whether towctrans is declared without a macro... yes
checking for stdint.h... (cached) yes
checking the archiver (ar) interface... (cached) ar
checking for mode_t... (cached) yes
checking for off_t... yes
checking for stdint.h... (cached) yes
checking for SIZE_MAX... (cached) yes
checking for attr/error_context.h... yes
checking for attr/libattr.h... yes
checking for library containing attr_copy_file... -lattr
checking for attr_copy_file... yes
checking for attr_copy_action... yes
checking for geteuid... yes
checking for getuid... yes
checking for raise... (cached) yes
checking for sigaction... yes
checking for sigprocmask... yes
checking for sigsetmask... yes
checking for fcntl.h... yes
checking for unistd.h... (cached) yes
checking for DOS-style setmode... no
checking for ed... /bin/ed
checking that generated files are newer than configure... done
configure: creating ./config.status
config.status: creating Makefile
config.status: creating lib/Makefile
config.status: creating src/Makefile
config.status: creating tests/Makefile
config.status: creating config.h
config.status: executing depfiles commands
+ make V=1
/usr/bin/make  all-recursive
make[1]: Entering directory '/home/devel/building/work/src/patch-2.7.6'
Making all in lib
make[2]: Entering directory '/home/devel/building/work/src/patch-2.7.6/lib'
rm -f alloca.h-t alloca.h && \
{ echo '/* DO NOT EDIT! GENERATED AUTOMATICALLY! */'; \
  cat ./alloca.in.h; \
} > alloca.h-t && \
mv -f alloca.h-t alloca.h
rm -f configmake.h-t && \
{ echo '/* DO NOT EDIT! GENERATED AUTOMATICALLY! */'; \
  echo '#define PREFIX "/usr"'; \
  echo '#define EXEC_PREFIX "/usr"'; \
  echo '#define BINDIR "/usr/bin"'; \
  echo '#define SBINDIR "/usr/sbin"'; \
  echo '#define LIBEXECDIR "/usr/libexec"'; \
  echo '#define DATAROOTDIR "/usr/share"'; \
  echo '#define DATADIR "/usr/share"'; \
  echo '#define SYSCONFDIR "/usr/etc"'; \
  echo '#define SHAREDSTATEDIR "/usr/com"'; \
  echo '#define LOCALSTATEDIR "/usr/var"'; \
  echo '#define RUNSTATEDIR "/usr/var/run"'; \
  echo '#define INCLUDEDIR "/usr/include"'; \
  echo '#define OLDINCLUDEDIR "/usr/include"'; \
  echo '#define DOCDIR "/usr/share/doc/patch"'; \
  echo '#define INFODIR "/usr/share/info"'; \
  echo '#define HTMLDIR "/usr/share/doc/patch"'; \
  echo '#define DVIDIR "/usr/share/doc/patch"'; \
  echo '#define PDFDIR "/usr/share/doc/patch"'; \
  echo '#define PSDIR "/usr/share/doc/patch"'; \
  echo '#define LIBDIR "/usr/lib"'; \
  echo '#define LISPDIR "/usr/share/emacs/site-lisp"'; \
  echo '#define LOCALEDIR "/usr/share/locale"'; \
  echo '#define MANDIR "/usr/share/man"'; \
  echo '#define MANEXT ""'; \
  echo '#define PKGDATADIR "/usr/share/patch"'; \
  echo '#define PKGINCLUDEDIR "/usr/include/patch"'; \
  echo '#define PKGLIBDIR "/usr/lib/patch"'; \
  echo '#define PKGLIBEXECDIR "/usr/libexec/patch"'; \
} | sed '/""/d' > configmake.h-t && \
mv -f configmake.h-t configmake.h
rm -f dirent.h-t dirent.h && \
{ echo '/* DO NOT EDIT! GENERATED AUTOMATICALLY! */'; \
  sed -e 's|@''GUARD_PREFIX''@|GL|g' \
      -e 's|@''HAVE_DIRENT_H''@|1|g' \
      -e 's|@''INCLUDE_NEXT''@|include_next|g' \
      -e 's|@''PRAGMA_SYSTEM_HEADER''@|#pragma GCC system_header|g' \
      -e 's|@''PRAGMA_COLUMNS''@||g' \
      -e 's|@''NEXT_DIRENT_H''@|<dirent.h>|g' \
      -e 's/@''GNULIB_OPENDIR''@/1/g' \
      -e 's/@''GNULIB_READDIR''@/1/g' \
      -e 's/@''GNULIB_REWINDDIR''@/0/g' \
      -e 's/@''GNULIB_CLOSEDIR''@/1/g' \
      -e 's/@''GNULIB_DIRFD''@/1/g' \
      -e 's/@''GNULIB_FDOPENDIR''@/0/g' \
      -e 's/@''GNULIB_SCANDIR''@/0/g' \
      -e 's/@''GNULIB_ALPHASORT''@/0/g' \
      -e 's/@''HAVE_OPENDIR''@/1/g' \
      -e 's/@''HAVE_READDIR''@/1/g' \
      -e 's/@''HAVE_REWINDDIR''@/1/g' \
      -e 's/@''HAVE_CLOSEDIR''@/1/g' \
      -e 's|@''HAVE_DECL_DIRFD''@|1|g' \
      -e 's|@''HAVE_DECL_FDOPENDIR''@|1|g' \
      -e 's|@''HAVE_FDOPENDIR''@|1|g' \
      -e 's|@''HAVE_SCANDIR''@|1|g' \
      -e 's|@''HAVE_ALPHASORT''@|1|g' \
      -e 's|@''REPLACE_OPENDIR''@|0|g' \
      -e 's|@''REPLACE_CLOSEDIR''@|0|g' \
      -e 's|@''REPLACE_DIRFD''@|0|g' \
      -e 's|@''REPLACE_FDOPENDIR''@|0|g' \
      -e '/definitions of _GL_FUNCDECL_RPL/r ./c++defs.h' \
      -e '/definition of _GL_ARG_NONNULL/r ./arg-nonnull.h' \
      -e '/definition of _GL_WARN_ON_USE/r ./warn-on-use.h' \
      < ./dirent.in.h; \
} > dirent.h-t && \
mv dirent.h-t dirent.h
rm -f fcntl.h-t fcntl.h && \
{ echo '/* DO NOT EDIT! GENERATED AUTOMATICALLY! */'; \
  sed -e 's|@''GUARD_PREFIX''@|GL|g' \
      -e 's|@''INCLUDE_NEXT''@|include_next|g' \
      -e 's|@''PRAGMA_SYSTEM_HEADER''@|#pragma GCC system_header|g' \
      -e 's|@''PRAGMA_COLUMNS''@||g' \
      -e 's|@''NEXT_FCNTL_H''@|<fcntl.h>|g' \
      -e 's/@''GNULIB_FCNTL''@/1/g' \
      -e 's/@''GNULIB_NONBLOCKING''@/0/g' \
      -e 's/@''GNULIB_OPEN''@/1/g' \
      -e 's/@''GNULIB_OPENAT''@/1/g' \
      -e 's|@''HAVE_FCNTL''@|1|g' \
      -e 's|@''HAVE_OPENAT''@|1|g' \
      -e 's|@''REPLACE_FCNTL''@|1|g' \
      -e 's|@''REPLACE_OPEN''@|0|g' \
      -e 's|@''REPLACE_OPENAT''@|0|g' \
      -e '/definitions of _GL_FUNCDECL_RPL/r ./c++defs.h' \
      -e '/definition of _GL_ARG_NONNULL/r ./arg-nonnull.h' \
      -e '/definition of _GL_WARN_ON_USE/r ./warn-on-use.h' \
      < ./fcntl.in.h; \
} > fcntl.h-t && \
mv fcntl.h-t fcntl.h
rm -f inttypes.h-t inttypes.h && \
{ echo '/* DO NOT EDIT! GENERATED AUTOMATICALLY! */'; \
  sed -e 's/@''HAVE_INTTYPES_H''@/1/g' \
      -e 's|@''INCLUDE_NEXT''@|include_next|g' \
      -e 's|@''PRAGMA_SYSTEM_HEADER''@|#pragma GCC system_header|g' \
      -e 's|@''PRAGMA_COLUMNS''@||g' \
      -e 's|@''NEXT_INTTYPES_H''@|<inttypes.h>|g' \
      -e 's/@''PRI_MACROS_BROKEN''@/0/g' \
      -e 's/@''APPLE_UNIVERSAL_BUILD''@/0/g' \
      -e 's/@''HAVE_LONG_LONG_INT''@/1/g' \
      -e 's/@''HAVE_UNSIGNED_LONG_LONG_INT''@/1/g' \
      -e 's/@''PRIPTR_PREFIX''@/"l"/g' \
      -e 's/@''GNULIB_IMAXABS''@/0/g' \
      -e 's/@''GNULIB_IMAXDIV''@/0/g' \
      -e 's/@''GNULIB_STRTOIMAX''@/0/g' \
      -e 's/@''GNULIB_STRTOUMAX''@/0/g' \
      -e 's/@''HAVE_DECL_IMAXABS''@/1/g' \
      -e 's/@''HAVE_DECL_IMAXDIV''@/1/g' \
      -e 's/@''HAVE_DECL_STRTOIMAX''@/1/g' \
      -e 's/@''HAVE_DECL_STRTOUMAX''@/1/g' \
      -e 's/@''REPLACE_STRTOIMAX''@/0/g' \
      -e 's/@''REPLACE_STRTOUMAX''@/0/g' \
      -e 's/@''INT32_MAX_LT_INTMAX_MAX''@/1/g' \
      -e 's/@''INT64_MAX_EQ_LONG_MAX''@/1/g' \
      -e 's/@''UINT32_MAX_LT_UINTMAX_MAX''@/1/g' \
      -e 's/@''UINT64_MAX_EQ_ULONG_MAX''@/1/g' \
      -e '/definitions of _GL_FUNCDECL_RPL/r ./c++defs.h' \
      -e '/definition of _GL_ARG_NONNULL/r ./arg-nonnull.h' \
      -e '/definition of _GL_WARN_ON_USE/r ./warn-on-use.h' \
      < ./inttypes.in.h; \
} > inttypes.h-t && \
mv inttypes.h-t inttypes.h
rm -f limits.h-t limits.h && \
{ echo '/* DO NOT EDIT! GENERATED AUTOMATICALLY! */' && \
  sed -e 's|@''GUARD_PREFIX''@|GL|g' \
      -e 's|@''INCLUDE_NEXT''@|include_next|g' \
      -e 's|@''PRAGMA_SYSTEM_HEADER''@|#pragma GCC system_header|g' \
      -e 's|@''PRAGMA_COLUMNS''@||g' \
      -e 's|@''NEXT_LIMITS_H''@|<limits.h>|g' \
      < ./limits.in.h; \
} > limits.h-t && \
mv limits.h-t limits.h
rm -f signal.h-t signal.h && \
{ echo '/* DO NOT EDIT! GENERATED AUTOMATICALLY! */' && \
  sed -e 's|@''GUARD_PREFIX''@|GL|g' \
      -e 's|@''INCLUDE_NEXT''@|include_next|g' \
      -e 's|@''PRAGMA_SYSTEM_HEADER''@|#pragma GCC system_header|g' \
      -e 's|@''PRAGMA_COLUMNS''@||g' \
      -e 's|@''NEXT_SIGNAL_H''@|<signal.h>|g' \
      -e 's|@''GNULIB_PTHREAD_SIGMASK''@|0|g' \
      -e 's|@''GNULIB_RAISE''@|1|g' \
      -e 's/@''GNULIB_SIGNAL_H_SIGPIPE''@/0/g' \
      -e 's/@''GNULIB_SIGPROCMASK''@/0/g' \
      -e 's/@''GNULIB_SIGACTION''@/0/g' \
      -e 's|@''HAVE_POSIX_SIGNALBLOCKING''@|1|g' \
      -e 's|@''HAVE_PTHREAD_SIGMASK''@|1|g' \
      -e 's|@''HAVE_RAISE''@|1|g' \
      -e 's|@''HAVE_SIGSET_T''@|1|g' \
      -e 's|@''HAVE_SIGINFO_T''@|1|g' \
      -e 's|@''HAVE_SIGACTION''@|1|g' \
      -e 's|@''HAVE_STRUCT_SIGACTION_SA_SIGACTION''@|1|g' \
      -e 's|@''HAVE_TYPE_VOLATILE_SIG_ATOMIC_T''@|1|g' \
      -e 's|@''HAVE_SIGHANDLER_T''@|1|g' \
      -e 's|@''REPLACE_PTHREAD_SIGMASK''@|0|g' \
      -e 's|@''REPLACE_RAISE''@|0|g' \
      -e '/definitions of _GL_FUNCDECL_RPL/r ./c++defs.h' \
      -e '/definition of _GL_ARG_NONNULL/r ./arg-nonnull.h' \
      -e '/definition of _GL_WARN_ON_USE/r ./warn-on-use.h' \
      < ./signal.in.h; \
} > signal.h-t && \
mv signal.h-t signal.h
rm -f stdio.h-t stdio.h && \
{ echo '/* DO NOT EDIT! GENERATED AUTOMATICALLY! */' && \
  sed -e 's|@''GUARD_PREFIX''@|GL|g' \
      -e 's|@''INCLUDE_NEXT''@|include_next|g' \
      -e 's|@''PRAGMA_SYSTEM_HEADER''@|#pragma GCC system_header|g' \
      -e 's|@''PRAGMA_COLUMNS''@||g' \
      -e 's|@''NEXT_STDIO_H''@|<stdio.h>|g' \
      -e 's/@''GNULIB_DPRINTF''@/0/g' \
      -e 's/@''GNULIB_FCLOSE''@/0/g' \
      -e 's/@''GNULIB_FDOPEN''@/0/g' \
      -e 's/@''GNULIB_FFLUSH''@/0/g' \
      -e 's/@''GNULIB_FGETC''@/1/g' \
      -e 's/@''GNULIB_FGETS''@/1/g' \
      -e 's/@''GNULIB_FOPEN''@/0/g' \
      -e 's/@''GNULIB_FPRINTF''@/1/g' \
      -e 's/@''GNULIB_FPRINTF_POSIX''@/0/g' \
      -e 's/@''GNULIB_FPURGE''@/0/g' \
      -e 's/@''GNULIB_FPUTC''@/1/g' \
      -e 's/@''GNULIB_FPUTS''@/1/g' \
      -e 's/@''GNULIB_FREAD''@/1/g' \
      -e 's/@''GNULIB_FREOPEN''@/0/g' \
      -e 's/@''GNULIB_FSCANF''@/1/g' \
      -e 's/@''GNULIB_FSEEK''@/0/g' \
      -e 's/@''GNULIB_FSEEKO''@/0/g' \
      -e 's/@''GNULIB_FTELL''@/0/g' \
      -e 's/@''GNULIB_FTELLO''@/0/g' \
      -e 's/@''GNULIB_FWRITE''@/1/g' \
      -e 's/@''GNULIB_GETC''@/1/g' \
      -e 's/@''GNULIB_GETCHAR''@/1/g' \
      -e 's/@''GNULIB_GETDELIM''@/0/g' \
      -e 's/@''GNULIB_GETLINE''@/0/g' \
      -e 's/@''GNULIB_OBSTACK_PRINTF''@/0/g' \
      -e 's/@''GNULIB_OBSTACK_PRINTF_POSIX''@/0/g' \
      -e 's/@''GNULIB_PCLOSE''@/0/g' \
      -e 's/@''GNULIB_PERROR''@/0/g' \
      -e 's/@''GNULIB_POPEN''@/0/g' \
      -e 's/@''GNULIB_PRINTF''@/1/g' \
      -e 's/@''GNULIB_PRINTF_POSIX''@/0/g' \
      -e 's/@''GNULIB_PUTC''@/1/g' \
      -e 's/@''GNULIB_PUTCHAR''@/1/g' \
      -e 's/@''GNULIB_PUTS''@/1/g' \
      -e 's/@''GNULIB_REMOVE''@/0/g' \
      -e 's/@''GNULIB_RENAME''@/1/g' \
      -e 's/@''GNULIB_RENAMEAT''@/1/g' \
      -e 's/@''GNULIB_SCANF''@/1/g' \
      -e 's/@''GNULIB_SNPRINTF''@/0/g' \
      -e 's/@''GNULIB_SPRINTF_POSIX''@/0/g' \
      -e 's/@''GNULIB_STDIO_H_NONBLOCKING''@/0/g' \
      -e 's/@''GNULIB_STDIO_H_SIGPIPE''@/0/g' \
      -e 's/@''GNULIB_TMPFILE''@/0/g' \
      -e 's/@''GNULIB_VASPRINTF''@/1/g' \
      -e 's/@''GNULIB_VDPRINTF''@/0/g' \
      -e 's/@''GNULIB_VFPRINTF''@/1/g' \
      -e 's/@''GNULIB_VFPRINTF_POSIX''@/0/g' \
      -e 's/@''GNULIB_VFSCANF''@/0/g' \
      -e 's/@''GNULIB_VSCANF''@/0/g' \
      -e 's/@''GNULIB_VPRINTF''@/1/g' \
      -e 's/@''GNULIB_VPRINTF_POSIX''@/0/g' \
      -e 's/@''GNULIB_VSNPRINTF''@/0/g' \
      -e 's/@''GNULIB_VSPRINTF_POSIX''@/0/g' \
      < ./stdio.in.h | \
  sed -e 's|@''HAVE_DECL_FPURGE''@|1|g' \
      -e 's|@''HAVE_DECL_FSEEKO''@|1|g' \
      -e 's|@''HAVE_DECL_FTELLO''@|1|g' \
      -e 's|@''HAVE_DECL_GETDELIM''@|1|g' \
      -e 's|@''HAVE_DECL_GETLINE''@|1|g' \
      -e 's|@''HAVE_DECL_OBSTACK_PRINTF''@|1|g' \
      -e 's|@''HAVE_DECL_SNPRINTF''@|1|g' \
      -e 's|@''HAVE_DECL_VSNPRINTF''@|1|g' \
      -e 's|@''HAVE_DPRINTF''@|1|g' \
      -e 's|@''HAVE_FSEEKO''@|1|g' \
      -e 's|@''HAVE_FTELLO''@|1|g' \
      -e 's|@''HAVE_PCLOSE''@|1|g' \
      -e 's|@''HAVE_POPEN''@|1|g' \
      -e 's|@''HAVE_RENAMEAT''@|1|g' \
      -e 's|@''HAVE_VASPRINTF''@|1|g' \
      -e 's|@''HAVE_VDPRINTF''@|1|g' \
      -e 's|@''REPLACE_DPRINTF''@|0|g' \
      -e 's|@''REPLACE_FCLOSE''@|0|g' \
      -e 's|@''REPLACE_FDOPEN''@|0|g' \
      -e 's|@''REPLACE_FFLUSH''@|0|g' \
      -e 's|@''REPLACE_FOPEN''@|0|g' \
      -e 's|@''REPLACE_FPRINTF''@|0|g' \
      -e 's|@''REPLACE_FPURGE''@|0|g' \
      -e 's|@''REPLACE_FREOPEN''@|0|g' \
      -e 's|@''REPLACE_FSEEK''@|0|g' \
      -e 's|@''REPLACE_FSEEKO''@|0|g' \
      -e 's|@''REPLACE_FTELL''@|0|g' \
      -e 's|@''REPLACE_FTELLO''@|0|g' \
      -e 's|@''REPLACE_GETDELIM''@|0|g' \
      -e 's|@''REPLACE_GETLINE''@|0|g' \
      -e 's|@''REPLACE_OBSTACK_PRINTF''@|0|g' \
      -e 's|@''REPLACE_PERROR''@|0|g' \
      -e 's|@''REPLACE_POPEN''@|0|g' \
      -e 's|@''REPLACE_PRINTF''@|0|g' \
      -e 's|@''REPLACE_REMOVE''@|0|g' \
      -e 's|@''REPLACE_RENAME''@|0|g' \
      -e 's|@''REPLACE_RENAMEAT''@|0|g' \
      -e 's|@''REPLACE_SNPRINTF''@|0|g' \
      -e 's|@''REPLACE_SPRINTF''@|0|g' \
      -e 's|@''REPLACE_STDIO_READ_FUNCS''@|0|g' \
      -e 's|@''REPLACE_STDIO_WRITE_FUNCS''@|0|g' \
      -e 's|@''REPLACE_TMPFILE''@|0|g' \
      -e 's|@''REPLACE_VASPRINTF''@|0|g' \
      -e 's|@''REPLACE_VDPRINTF''@|0|g' \
      -e 's|@''REPLACE_VFPRINTF''@|0|g' \
      -e 's|@''REPLACE_VPRINTF''@|0|g' \
      -e 's|@''REPLACE_VSNPRINTF''@|0|g' \
      -e 's|@''REPLACE_VSPRINTF''@|0|g' \
      -e 's|@''ASM_SYMBOL_PREFIX''@||g' \
      -e '/definitions of _GL_FUNCDECL_RPL/r ./c++defs.h' \
      -e '/definition of _GL_ARG_NONNULL/r ./arg-nonnull.h' \
      -e '/definition of _GL_WARN_ON_USE/r ./warn-on-use.h'; \
} > stdio.h-t && \
mv stdio.h-t stdio.h
rm -f stdlib.h-t stdlib.h && \
{ echo '/* DO NOT EDIT! GENERATED AUTOMATICALLY! */' && \
  sed -e 's|@''GUARD_PREFIX''@|GL|g' \
      -e 's|@''INCLUDE_NEXT''@|include_next|g' \
      -e 's|@''PRAGMA_SYSTEM_HEADER''@|#pragma GCC system_header|g' \
      -e 's|@''PRAGMA_COLUMNS''@||g' \
      -e 's|@''NEXT_STDLIB_H''@|<stdlib.h>|g' \
      -e 's/@''GNULIB__EXIT''@/0/g' \
      -e 's/@''GNULIB_ATOLL''@/0/g' \
      -e 's/@''GNULIB_CALLOC_POSIX''@/0/g' \
      -e 's/@''GNULIB_CANONICALIZE_FILE_NAME''@/1/g' \
      -e 's/@''GNULIB_GETLOADAVG''@/0/g' \
      -e 's/@''GNULIB_GETSUBOPT''@/0/g' \
      -e 's/@''GNULIB_GRANTPT''@/0/g' \
      -e 's/@''GNULIB_MALLOC_POSIX''@/1/g' \
      -e 's/@''GNULIB_MBTOWC''@/0/g' \
      -e 's/@''GNULIB_MKDTEMP''@/0/g' \
      -e 's/@''GNULIB_MKOSTEMP''@/0/g' \
      -e 's/@''GNULIB_MKOSTEMPS''@/0/g' \
      -e 's/@''GNULIB_MKSTEMP''@/0/g' \
      -e 's/@''GNULIB_MKSTEMPS''@/0/g' \
      -e 's/@''GNULIB_POSIX_OPENPT''@/0/g' \
      -e 's/@''GNULIB_PTSNAME''@/0/g' \
      -e 's/@''GNULIB_PTSNAME_R''@/0/g' \
      -e 's/@''GNULIB_PUTENV''@/0/g' \
      -e 's/@''GNULIB_QSORT_R''@/0/g' \
      -e 's/@''GNULIB_RANDOM''@/0/g' \
      -e 's/@''GNULIB_RANDOM_R''@/0/g' \
      -e 's/@''GNULIB_REALLOC_POSIX''@/1/g' \
      -e 's/@''GNULIB_REALLOCARRAY''@/0/g' \
      -e 's/@''GNULIB_REALPATH''@/1/g' \
      -e 's/@''GNULIB_RPMATCH''@/0/g' \
      -e 's/@''GNULIB_SECURE_GETENV''@/0/g' \
      -e 's/@''GNULIB_SETENV''@/1/g' \
      -e 's/@''GNULIB_STRTOD''@/0/g' \
      -e 's/@''GNULIB_STRTOLL''@/0/g' \
      -e 's/@''GNULIB_STRTOULL''@/0/g' \
      -e 's/@''GNULIB_SYSTEM_POSIX''@/0/g' \
      -e 's/@''GNULIB_UNLOCKPT''@/0/g' \
      -e 's/@''GNULIB_UNSETENV''@/1/g' \
      -e 's/@''GNULIB_WCTOMB''@/0/g' \
      < ./stdlib.in.h | \
  sed -e 's|@''HAVE__EXIT''@|1|g' \
      -e 's|@''HAVE_ATOLL''@|1|g' \
      -e 's|@''HAVE_CANONICALIZE_FILE_NAME''@|1|g' \
      -e 's|@''HAVE_DECL_GETLOADAVG''@|1|g' \
      -e 's|@''HAVE_GETSUBOPT''@|1|g' \
      -e 's|@''HAVE_GRANTPT''@|1|g' \
      -e 's|@''HAVE_DECL_INITSTATE''@|1|g' \
      -e 's|@''HAVE_MKDTEMP''@|1|g' \
      -e 's|@''HAVE_MKOSTEMP''@|1|g' \
      -e 's|@''HAVE_MKOSTEMPS''@|1|g' \
      -e 's|@''HAVE_MKSTEMP''@|1|g' \
      -e 's|@''HAVE_MKSTEMPS''@|1|g' \
      -e 's|@''HAVE_POSIX_OPENPT''@|1|g' \
      -e 's|@''HAVE_PTSNAME''@|1|g' \
      -e 's|@''HAVE_PTSNAME_R''@|1|g' \
      -e 's|@''HAVE_QSORT_R''@|1|g' \
      -e 's|@''HAVE_RANDOM''@|1|g' \
      -e 's|@''HAVE_RANDOM_H''@|1|g' \
      -e 's|@''HAVE_RANDOM_R''@|1|g' \
      -e 's|@''HAVE_REALLOCARRAY''@|1|g' \
      -e 's|@''HAVE_REALPATH''@|1|g' \
      -e 's|@''HAVE_RPMATCH''@|1|g' \
      -e 's|@''HAVE_SECURE_GETENV''@|1|g' \
      -e 's|@''HAVE_DECL_SETENV''@|1|g' \
      -e 's|@''HAVE_DECL_SETSTATE''@|1|g' \
      -e 's|@''HAVE_STRTOD''@|1|g' \
      -e 's|@''HAVE_STRTOLL''@|1|g' \
      -e 's|@''HAVE_STRTOULL''@|1|g' \
      -e 's|@''HAVE_STRUCT_RANDOM_DATA''@|1|g' \
      -e 's|@''HAVE_SYS_LOADAVG_H''@|0|g' \
      -e 's|@''HAVE_UNLOCKPT''@|1|g' \
      -e 's|@''HAVE_DECL_UNSETENV''@|1|g' \
      -e 's|@''REPLACE_CALLOC''@|0|g' \
      -e 's|@''REPLACE_CANONICALIZE_FILE_NAME''@|0|g' \
      -e 's|@''REPLACE_MALLOC''@|0|g' \
      -e 's|@''REPLACE_MBTOWC''@|0|g' \
      -e 's|@''REPLACE_MKSTEMP''@|0|g' \
      -e 's|@''REPLACE_PTSNAME''@|0|g' \
      -e 's|@''REPLACE_PTSNAME_R''@|0|g' \
      -e 's|@''REPLACE_PUTENV''@|0|g' \
      -e 's|@''REPLACE_QSORT_R''@|0|g' \
      -e 's|@''REPLACE_RANDOM_R''@|0|g' \
      -e 's|@''REPLACE_REALLOC''@|0|g' \
      -e 's|@''REPLACE_REALPATH''@|0|g' \
      -e 's|@''REPLACE_SETENV''@|0|g' \
      -e 's|@''REPLACE_STRTOD''@|0|g' \
      -e 's|@''REPLACE_UNSETENV''@|0|g' \
      -e 's|@''REPLACE_WCTOMB''@|0|g' \
      -e '/definitions of _GL_FUNCDECL_RPL/r ./c++defs.h' \
      -e '/definition of _Noreturn/r ./_Noreturn.h' \
      -e '/definition of _GL_ARG_NONNULL/r ./arg-nonnull.h' \
      -e '/definition of _GL_WARN_ON_USE/r ./warn-on-use.h'; \
} > stdlib.h-t && \
mv stdlib.h-t stdlib.h
rm -f string.h-t string.h && \
{ echo '/* DO NOT EDIT! GENERATED AUTOMATICALLY! */' && \
  sed -e 's|@''GUARD_PREFIX''@|GL|g' \
      -e 's|@''INCLUDE_NEXT''@|include_next|g' \
      -e 's|@''PRAGMA_SYSTEM_HEADER''@|#pragma GCC system_header|g' \
      -e 's|@''PRAGMA_COLUMNS''@||g' \
      -e 's|@''NEXT_STRING_H''@|<string.h>|g' \
      -e 's/@''GNULIB_EXPLICIT_BZERO''@/0/g' \
      -e 's/@''GNULIB_FFSL''@/0/g' \
      -e 's/@''GNULIB_FFSLL''@/0/g' \
      -e 's/@''GNULIB_MBSLEN''@/0/g' \
      -e 's/@''GNULIB_MBSNLEN''@/0/g' \
      -e 's/@''GNULIB_MBSCHR''@/0/g' \
      -e 's/@''GNULIB_MBSRCHR''@/0/g' \
      -e 's/@''GNULIB_MBSSTR''@/0/g' \
      -e 's/@''GNULIB_MBSCASECMP''@/0/g' \
      -e 's/@''GNULIB_MBSNCASECMP''@/0/g' \
      -e 's/@''GNULIB_MBSPCASECMP''@/0/g' \
      -e 's/@''GNULIB_MBSCASESTR''@/0/g' \
      -e 's/@''GNULIB_MBSCSPN''@/0/g' \
      -e 's/@''GNULIB_MBSPBRK''@/0/g' \
      -e 's/@''GNULIB_MBSSPN''@/0/g' \
      -e 's/@''GNULIB_MBSSEP''@/0/g' \
      -e 's/@''GNULIB_MBSTOK_R''@/0/g' \
      -e 's/@''GNULIB_MEMCHR''@/1/g' \
      -e 's/@''GNULIB_MEMMEM''@/0/g' \
      -e 's/@''GNULIB_MEMPCPY''@/1/g' \
      -e 's/@''GNULIB_MEMRCHR''@/1/g' \
      -e 's/@''GNULIB_RAWMEMCHR''@/0/g' \
      -e 's/@''GNULIB_STPCPY''@/0/g' \
      -e 's/@''GNULIB_STPNCPY''@/0/g' \
      -e 's/@''GNULIB_STRCHRNUL''@/0/g' \
      -e 's/@''GNULIB_STRDUP''@/1/g' \
      -e 's/@''GNULIB_STRNCAT''@/0/g' \
      -e 's/@''GNULIB_STRNDUP''@/1/g' \
      -e 's/@''GNULIB_STRNLEN''@/1/g' \
      -e 's/@''GNULIB_STRPBRK''@/0/g' \
      -e 's/@''GNULIB_STRSEP''@/0/g' \
      -e 's/@''GNULIB_STRSTR''@/0/g' \
      -e 's/@''GNULIB_STRCASESTR''@/0/g' \
      -e 's/@''GNULIB_STRTOK_R''@/0/g' \
      -e 's/@''GNULIB_STRERROR''@/1/g' \
      -e 's/@''GNULIB_STRERROR_R''@/0/g' \
      -e 's/@''GNULIB_STRSIGNAL''@/0/g' \
      -e 's/@''GNULIB_STRVERSCMP''@/0/g' \
      < ./string.in.h | \
  sed -e 's|@''HAVE_EXPLICIT_BZERO''@|1|g' \
      -e 's|@''HAVE_FFSL''@|1|g' \
      -e 's|@''HAVE_FFSLL''@|1|g' \
      -e 's|@''HAVE_MBSLEN''@|0|g' \
      -e 's|@''HAVE_MEMCHR''@|1|g' \
      -e 's|@''HAVE_DECL_MEMMEM''@|1|g' \
      -e 's|@''HAVE_MEMPCPY''@|1|g' \
      -e 's|@''HAVE_DECL_MEMRCHR''@|1|g' \
      -e 's|@''HAVE_RAWMEMCHR''@|1|g' \
      -e 's|@''HAVE_STPCPY''@|1|g' \
      -e 's|@''HAVE_STPNCPY''@|1|g' \
      -e 's|@''HAVE_STRCHRNUL''@|1|g' \
      -e 's|@''HAVE_DECL_STRDUP''@|1|g' \
      -e 's|@''HAVE_DECL_STRNDUP''@|1|g' \
      -e 's|@''HAVE_DECL_STRNLEN''@|1|g' \
      -e 's|@''HAVE_STRPBRK''@|1|g' \
      -e 's|@''HAVE_STRSEP''@|1|g' \
      -e 's|@''HAVE_STRCASESTR''@|1|g' \
      -e 's|@''HAVE_DECL_STRTOK_R''@|1|g' \
      -e 's|@''HAVE_DECL_STRERROR_R''@|1|g' \
      -e 's|@''HAVE_DECL_STRSIGNAL''@|1|g' \
      -e 's|@''HAVE_STRVERSCMP''@|1|g' \
      -e 's|@''REPLACE_MEMCHR''@|0|g' \
      -e 's|@''REPLACE_MEMMEM''@|0|g' \
      -e 's|@''REPLACE_STPNCPY''@|0|g' \
      -e 's|@''REPLACE_STRCHRNUL''@|0|g' \
      -e 's|@''REPLACE_STRDUP''@|0|g' \
      -e 's|@''REPLACE_STRNCAT''@|0|g' \
      -e 's|@''REPLACE_STRNDUP''@|0|g' \
      -e 's|@''REPLACE_STRNLEN''@|0|g' \
      -e 's|@''REPLACE_STRSTR''@|0|g' \
      -e 's|@''REPLACE_STRCASESTR''@|0|g' \
      -e 's|@''REPLACE_STRTOK_R''@|0|g' \
      -e 's|@''REPLACE_STRERROR''@|0|g' \
      -e 's|@''REPLACE_STRERROR_R''@|0|g' \
      -e 's|@''REPLACE_STRSIGNAL''@|0|g' \
      -e 's|@''UNDEFINE_STRTOK_R''@|0|g' \
      -e '/definitions of _GL_FUNCDECL_RPL/r ./c++defs.h' \
      -e '/definition of _GL_ARG_NONNULL/r ./arg-nonnull.h' \
      -e '/definition of _GL_WARN_ON_USE/r ./warn-on-use.h'; \
      < ./string.in.h; \
} > string.h-t && \
mv string.h-t string.h
/bin/mkdir -p sys
/bin/mkdir -p sys
/bin/mkdir -p sys
rm -f time.h-t time.h && \
{ echo '/* DO NOT EDIT! GENERATED AUTOMATICALLY! */' && \
  sed -e 's|@''GUARD_PREFIX''@|GL|g' \
      -e 's|@''INCLUDE_NEXT''@|include_next|g' \
      -e 's|@''PRAGMA_SYSTEM_HEADER''@|#pragma GCC system_header|g' \
      -e 's|@''PRAGMA_COLUMNS''@||g' \
      -e 's|@''NEXT_TIME_H''@|<time.h>|g' \
      -e 's/@''GNULIB_CTIME''@/0/g' \
      -e 's/@''GNULIB_LOCALTIME''@/0/g' \
      -e 's/@''GNULIB_MKTIME''@/1/g' \
      -e 's/@''GNULIB_NANOSLEEP''@/0/g' \
      -e 's/@''GNULIB_STRFTIME''@/0/g' \
      -e 's/@''GNULIB_STRPTIME''@/0/g' \
      -e 's/@''GNULIB_TIMEGM''@/1/g' \
      -e 's/@''GNULIB_TIME_R''@/1/g' \
      -e 's/@''GNULIB_TIME_RZ''@/1/g' \
      -e 's/@''GNULIB_TZSET''@/1/g' \
      -e 's|@''HAVE_DECL_LOCALTIME_R''@|1|g' \
      -e 's|@''HAVE_NANOSLEEP''@|1|g' \
      -e 's|@''HAVE_STRPTIME''@|1|g' \
      -e 's|@''HAVE_TIMEGM''@|1|g' \
      -e 's|@''HAVE_TIMEZONE_T''@|0|g' \
      -e 's|@''HAVE_TZSET''@|1|g' \
      -e 's|@''REPLACE_CTIME''@|GNULIB_PORTCHECK|g' \
      -e 's|@''REPLACE_GMTIME''@|0|g' \
      -e 's|@''REPLACE_LOCALTIME''@|0|g' \
      -e 's|@''REPLACE_LOCALTIME_R''@|0|g' \
      -e 's|@''REPLACE_MKTIME''@|0|g' \
      -e 's|@''REPLACE_NANOSLEEP''@|GNULIB_PORTCHECK|g' \
      -e 's|@''REPLACE_STRFTIME''@|GNULIB_PORTCHECK|g' \
      -e 's|@''REPLACE_TIMEGM''@|0|g' \
      -e 's|@''REPLACE_TZSET''@|0|g' \
      -e 's|@''PTHREAD_H_DEFINES_STRUCT_TIMESPEC''@|0|g' \
      -e 's|@''SYS_TIME_H_DEFINES_STRUCT_TIMESPEC''@|0|g' \
      -e 's|@''TIME_H_DEFINES_STRUCT_TIMESPEC''@|1|g' \
      -e 's|@''UNISTD_H_DEFINES_STRUCT_TIMESPEC''@|0|g' \
      -e '/definitions of _GL_FUNCDECL_RPL/r ./c++defs.h' \
      -e '/definition of _GL_ARG_NONNULL/r ./arg-nonnull.h' \
      -e '/definition of _GL_WARN_ON_USE/r ./warn-on-use.h' \
      < ./time.in.h; \
} > time.h-t && \
mv time.h-t time.h
rm -f sys/stat.h-t sys/stat.h && \
{ echo '/* DO NOT EDIT! GENERATED AUTOMATICALLY! */'; \
  sed -e 's|@''GUARD_PREFIX''@|GL|g' \
      -e 's|@''INCLUDE_NEXT''@|include_next|g' \
      -e 's|@''PRAGMA_SYSTEM_HEADER''@|#pragma GCC system_header|g' \
      -e 's|@''PRAGMA_COLUMNS''@||g' \
      -e 's|@''NEXT_SYS_STAT_H''@|<sys/stat.h>|g' \
      -e 's|@''WINDOWS_64_BIT_ST_SIZE''@|0|g' \
      -e 's|@''WINDOWS_STAT_TIMESPEC''@|0|g' \
      -e 's/@''GNULIB_FCHMODAT''@/1/g' \
      -e 's/@''GNULIB_FSTAT''@/1/g' \
      -e 's/@''GNULIB_FSTATAT''@/1/g' \
      -e 's/@''GNULIB_FUTIMENS''@/0/g' \
      -e 's/@''GNULIB_LCHMOD''@/0/g' \
      -e 's/@''GNULIB_LSTAT''@/1/g' \
      -e 's/@''GNULIB_MKDIRAT''@/1/g' \
      -e 's/@''GNULIB_MKFIFO''@/0/g' \
      -e 's/@''GNULIB_MKFIFOAT''@/0/g' \
      -e 's/@''GNULIB_MKNOD''@/0/g' \
      -e 's/@''GNULIB_MKNODAT''@/0/g' \
      -e 's/@''GNULIB_STAT''@/1/g' \
      -e 's/@''GNULIB_UTIMENSAT''@/1/g' \
      -e 's/@''GNULIB_OVERRIDES_STRUCT_STAT''@/0/g' \
      -e 's|@''HAVE_FCHMODAT''@|1|g' \
      -e 's|@''HAVE_FSTATAT''@|1|g' \
      -e 's|@''HAVE_FUTIMENS''@|1|g' \
      -e 's|@''HAVE_LCHMOD''@|1|g' \
      -e 's|@''HAVE_LSTAT''@|1|g' \
      -e 's|@''HAVE_MKDIRAT''@|1|g' \
      -e 's|@''HAVE_MKFIFO''@|1|g' \
      -e 's|@''HAVE_MKFIFOAT''@|1|g' \
      -e 's|@''HAVE_MKNOD''@|1|g' \
      -e 's|@''HAVE_MKNODAT''@|1|g' \
      -e 's|@''HAVE_UTIMENSAT''@|1|g' \
      -e 's|@''REPLACE_FSTAT''@|0|g' \
      -e 's|@''REPLACE_FSTATAT''@|0|g' \
      -e 's|@''REPLACE_FUTIMENS''@|0|g' \
      -e 's|@''REPLACE_LSTAT''@|0|g' \
      -e 's|@''REPLACE_MKDIR''@|0|g' \
      -e 's|@''REPLACE_MKFIFO''@|0|g' \
      -e 's|@''REPLACE_MKNOD''@|0|g' \
      -e 's|@''REPLACE_STAT''@|0|g' \
      -e 's|@''REPLACE_UTIMENSAT''@|0|g' \
      -e '/definitions of _GL_FUNCDECL_RPL/r ./c++defs.h' \
      -e '/definition of _GL_ARG_NONNULL/r ./arg-nonnull.h' \
      -e '/definition of _GL_WARN_ON_USE/r ./warn-on-use.h' \
      < ./sys_stat.in.h; \
} > sys/stat.h-t && \
mv sys/stat.h-t sys/stat.h
rm -f unistd.h-t unistd.h && \
{ echo '/* DO NOT EDIT! GENERATED AUTOMATICALLY! */'; \
  sed -e 's|@''GUARD_PREFIX''@|GL|g' \
      -e 's|@''HAVE_UNISTD_H''@|1|g' \
      -e 's|@''INCLUDE_NEXT''@|include_next|g' \
      -e 's|@''PRAGMA_SYSTEM_HEADER''@|#pragma GCC system_header|g' \
      -e 's|@''PRAGMA_COLUMNS''@||g' \
      -e 's|@''NEXT_UNISTD_H''@|<unistd.h>|g' \
      -e 's|@''WINDOWS_64_BIT_OFF_T''@|0|g' \
      -e 's/@''GNULIB_CHDIR''@/1/g' \
      -e 's/@''GNULIB_CHOWN''@/1/g' \
      -e 's/@''GNULIB_CLOSE''@/1/g' \
      -e 's/@''GNULIB_DUP''@/0/g' \
      -e 's/@''GNULIB_DUP2''@/1/g' \
      -e 's/@''GNULIB_DUP3''@/0/g' \
      -e 's/@''GNULIB_ENVIRON''@/1/g' \
      -e 's/@''GNULIB_EUIDACCESS''@/1/g' \
      -e 's/@''GNULIB_FACCESSAT''@/1/g' \
      -e 's/@''GNULIB_FCHDIR''@/1/g' \
      -e 's/@''GNULIB_FCHOWNAT''@/1/g' \
      -e 's/@''GNULIB_FDATASYNC''@/0/g' \
      -e 's/@''GNULIB_FSYNC''@/0/g' \
      -e 's/@''GNULIB_FTRUNCATE''@/0/g' \
      -e 's/@''GNULIB_GETCWD''@/1/g' \
      -e 's/@''GNULIB_GETDOMAINNAME''@/0/g' \
      -e 's/@''GNULIB_GETDTABLESIZE''@/1/g' \
      -e 's/@''GNULIB_GETGROUPS''@/1/g' \
      -e 's/@''GNULIB_GETHOSTNAME''@/0/g' \
      -e 's/@''GNULIB_GETLOGIN''@/0/g' \
      -e 's/@''GNULIB_GETLOGIN_R''@/0/g' \
      -e 's/@''GNULIB_GETPAGESIZE''@/0/g' \
      -e 's/@''GNULIB_GETUSERSHELL''@/0/g' \
      -e 's/@''GNULIB_GROUP_MEMBER''@/1/g' \
      -e 's/@''GNULIB_ISATTY''@/0/g' \
      -e 's/@''GNULIB_LCHOWN''@/1/g' \
      -e 's/@''GNULIB_LINK''@/0/g' \
      -e 's/@''GNULIB_LINKAT''@/0/g' \
      -e 's/@''GNULIB_LSEEK''@/0/g' \
      -e 's/@''GNULIB_PIPE''@/0/g' \
      -e 's/@''GNULIB_PIPE2''@/0/g' \
      -e 's/@''GNULIB_PREAD''@/0/g' \
      -e 's/@''GNULIB_PWRITE''@/0/g' \
      -e 's/@''GNULIB_READ''@/0/g' \
      -e 's/@''GNULIB_READLINK''@/1/g' \
      -e 's/@''GNULIB_READLINKAT''@/1/g' \
      -e 's/@''GNULIB_RMDIR''@/1/g' \
      -e 's/@''GNULIB_SETHOSTNAME''@/0/g' \
      -e 's/@''GNULIB_SLEEP''@/0/g' \
      -e 's/@''GNULIB_SYMLINK''@/1/g' \
      -e 's/@''GNULIB_SYMLINKAT''@/1/g' \
      -e 's/@''GNULIB_TRUNCATE''@/0/g' \
      -e 's/@''GNULIB_TTYNAME_R''@/0/g' \
      -e 's/@''GNULIB_UNISTD_H_GETOPT''@/0/g' \
      -e 's/@''GNULIB_UNISTD_H_NONBLOCKING''@/0/g' \
      -e 's/@''GNULIB_UNISTD_H_SIGPIPE''@/0/g' \
      -e 's/@''GNULIB_UNLINK''@/1/g' \
      -e 's/@''GNULIB_UNLINKAT''@/1/g' \
      -e 's/@''GNULIB_USLEEP''@/0/g' \
      -e 's/@''GNULIB_WRITE''@/1/g' \
      < ./unistd.in.h | \
  sed -e 's|@''HAVE_CHOWN''@|1|g' \
      -e 's|@''HAVE_DUP2''@|1|g' \
      -e 's|@''HAVE_DUP3''@|1|g' \
      -e 's|@''HAVE_EUIDACCESS''@|1|g' \
      -e 's|@''HAVE_FACCESSAT''@|1|g' \
      -e 's|@''HAVE_FCHDIR''@|1|g' \
      -e 's|@''HAVE_FCHOWNAT''@|1|g' \
      -e 's|@''HAVE_FDATASYNC''@|1|g' \
      -e 's|@''HAVE_FSYNC''@|1|g' \
      -e 's|@''HAVE_FTRUNCATE''@|1|g' \
      -e 's|@''HAVE_GETDTABLESIZE''@|1|g' \
      -e 's|@''HAVE_GETGROUPS''@|1|g' \
      -e 's|@''HAVE_GETHOSTNAME''@|1|g' \
      -e 's|@''HAVE_GETPAGESIZE''@|1|g' \
      -e 's|@''HAVE_GROUP_MEMBER''@|1|g' \
      -e 's|@''HAVE_LCHOWN''@|1|g' \
      -e 's|@''HAVE_LINK''@|1|g' \
      -e 's|@''HAVE_LINKAT''@|1|g' \
      -e 's|@''HAVE_PIPE''@|1|g' \
      -e 's|@''HAVE_PIPE2''@|1|g' \
      -e 's|@''HAVE_PREAD''@|1|g' \
      -e 's|@''HAVE_PWRITE''@|1|g' \
      -e 's|@''HAVE_READLINK''@|1|g' \
      -e 's|@''HAVE_READLINKAT''@|1|g' \
      -e 's|@''HAVE_SETHOSTNAME''@|1|g' \
      -e 's|@''HAVE_SLEEP''@|1|g' \
      -e 's|@''HAVE_SYMLINK''@|1|g' \
      -e 's|@''HAVE_SYMLINKAT''@|1|g' \
      -e 's|@''HAVE_TRUNCATE''@|1|g' \
      -e 's|@''HAVE_UNLINKAT''@|1|g' \
      -e 's|@''HAVE_USLEEP''@|1|g' \
      -e 's|@''HAVE_DECL_ENVIRON''@|1|g' \
      -e 's|@''HAVE_DECL_FCHDIR''@|1|g' \
      -e 's|@''HAVE_DECL_FDATASYNC''@|1|g' \
      -e 's|@''HAVE_DECL_GETDOMAINNAME''@|1|g' \
      -e 's|@''HAVE_DECL_GETLOGIN''@|1|g' \
      -e 's|@''HAVE_DECL_GETLOGIN_R''@|1|g' \
      -e 's|@''HAVE_DECL_GETPAGESIZE''@|1|g' \
      -e 's|@''HAVE_DECL_GETUSERSHELL''@|1|g' \
      -e 's|@''HAVE_DECL_SETHOSTNAME''@|1|g' \
      -e 's|@''HAVE_DECL_TTYNAME_R''@|1|g' \
      -e 's|@''HAVE_OS_H''@|0|g' \
      -e 's|@''HAVE_SYS_PARAM_H''@|0|g' \
  | \
  sed -e 's|@''REPLACE_CHOWN''@|0|g' \
      -e 's|@''REPLACE_CLOSE''@|0|g' \
      -e 's|@''REPLACE_DUP''@|0|g' \
      -e 's|@''REPLACE_DUP2''@|0|g' \
      -e 's|@''REPLACE_FACCESSAT''@|0|g' \
      -e 's|@''REPLACE_FCHOWNAT''@|0|g' \
      -e 's|@''REPLACE_FTRUNCATE''@|0|g' \
      -e 's|@''REPLACE_GETCWD''@|0|g' \
      -e 's|@''REPLACE_GETDOMAINNAME''@|0|g' \
      -e 's|@''REPLACE_GETDTABLESIZE''@|0|g' \
      -e 's|@''REPLACE_GETLOGIN_R''@|0|g' \
      -e 's|@''REPLACE_GETGROUPS''@|0|g' \
      -e 's|@''REPLACE_GETPAGESIZE''@|0|g' \
      -e 's|@''REPLACE_ISATTY''@|0|g' \
      -e 's|@''REPLACE_LCHOWN''@|0|g' \
      -e 's|@''REPLACE_LINK''@|0|g' \
      -e 's|@''REPLACE_LINKAT''@|0|g' \
      -e 's|@''REPLACE_LSEEK''@|0|g' \
      -e 's|@''REPLACE_PREAD''@|0|g' \
      -e 's|@''REPLACE_PWRITE''@|0|g' \
      -e 's|@''REPLACE_READ''@|0|g' \
      -e 's|@''REPLACE_READLINK''@|0|g' \
      -e 's|@''REPLACE_READLINKAT''@|0|g' \
      -e 's|@''REPLACE_RMDIR''@|0|g' \
      -e 's|@''REPLACE_SLEEP''@|0|g' \
      -e 's|@''REPLACE_SYMLINK''@|0|g' \
      -e 's|@''REPLACE_SYMLINKAT''@|0|g' \
      -e 's|@''REPLACE_TRUNCATE''@|0|g' \
      -e 's|@''REPLACE_TTYNAME_R''@|0|g' \
      -e 's|@''REPLACE_UNLINK''@|0|g' \
      -e 's|@''REPLACE_UNLINKAT''@|0|g' \
      -e 's|@''REPLACE_USLEEP''@|0|g' \
      -e 's|@''REPLACE_WRITE''@|0|g' \
      -e 's|@''UNISTD_H_HAVE_WINSOCK2_H''@|0|g' \
      -e 's|@''UNISTD_H_HAVE_WINSOCK2_H_AND_USE_SOCKETS''@|0|g' \
      -e '/definitions of _GL_FUNCDECL_RPL/r ./c++defs.h' \
      -e '/definition of _GL_ARG_NONNULL/r ./arg-nonnull.h' \
      -e '/definition of _GL_WARN_ON_USE/r ./warn-on-use.h'; \
} > unistd.h-t && \
mv unistd.h-t unistd.h
rm -f sys/time.h-t sys/time.h && \
{ echo '/* DO NOT EDIT! GENERATED AUTOMATICALLY! */'; \
  sed -e 's|@''GUARD_PREFIX''@|GL|g' \
      -e 's/@''HAVE_SYS_TIME_H''@/1/g' \
      -e 's|@''INCLUDE_NEXT''@|include_next|g' \
      -e 's|@''PRAGMA_SYSTEM_HEADER''@|#pragma GCC system_header|g' \
      -e 's|@''PRAGMA_COLUMNS''@||g' \
      -e 's|@''NEXT_SYS_TIME_H''@|<sys/time.h>|g' \
      -e 's/@''GNULIB_GETTIMEOFDAY''@/1/g' \
      -e 's|@''HAVE_WINSOCK2_H''@|0|g' \
      -e 's/@''HAVE_GETTIMEOFDAY''@/1/g' \
      -e 's/@''HAVE_STRUCT_TIMEVAL''@/1/g' \
      -e 's/@''REPLACE_GETTIMEOFDAY''@/0/g' \
      -e 's/@''REPLACE_STRUCT_TIMEVAL''@/0/g' \
      -e '/definitions of _GL_FUNCDECL_RPL/r ./c++defs.h' \
      -e '/definition of _GL_ARG_NONNULL/r ./arg-nonnull.h' \
      -e '/definition of _GL_WARN_ON_USE/r ./warn-on-use.h' \
      < ./sys_time.in.h; \
} > sys/time.h-t && \
mv sys/time.h-t sys/time.h
rm -f sys/types.h-t sys/types.h && \
{ echo '/* DO NOT EDIT! GENERATED AUTOMATICALLY! */'; \
  sed -e 's|@''GUARD_PREFIX''@|GL|g' \
      -e 's|@''INCLUDE_NEXT''@|include_next|g' \
      -e 's|@''PRAGMA_SYSTEM_HEADER''@|#pragma GCC system_header|g' \
      -e 's|@''PRAGMA_COLUMNS''@||g' \
      -e 's|@''NEXT_SYS_TYPES_H''@|<sys/types.h>|g' \
      -e 's|@''WINDOWS_64_BIT_OFF_T''@|0|g' \
      -e 's|@''WINDOWS_STAT_INODES''@|0|g' \
      < ./sys_types.in.h; \
} > sys/types.h-t && \
mv sys/types.h-t sys/types.h
rm -f wchar.h-t wchar.h && \
{ echo '/* DO NOT EDIT! GENERATED AUTOMATICALLY! */'; \
  sed -e 's|@''GUARD_PREFIX''@|GL|g' \
      -e 's|@''INCLUDE_NEXT''@|include_next|g' \
      -e 's|@''PRAGMA_SYSTEM_HEADER''@|#pragma GCC system_header|g' \
      -e 's|@''PRAGMA_COLUMNS''@||g' \
      -e 's|@''HAVE_FEATURES_H''@|1|g' \
      -e 's|@''NEXT_WCHAR_H''@|<wchar.h>|g' \
      -e 's|@''HAVE_WCHAR_H''@|1|g' \
      -e 's/@''HAVE_CRTDEFS_H''@/0/g' \
      -e 's/@''GNULIB_OVERRIDES_WINT_T''@/0/g' \
      -e 's/@''GNULIB_BTOWC''@/0/g' \
      -e 's/@''GNULIB_WCTOB''@/0/g' \
      -e 's/@''GNULIB_MBSINIT''@/1/g' \
      -e 's/@''GNULIB_MBRTOWC''@/1/g' \
      -e 's/@''GNULIB_MBRLEN''@/0/g' \
      -e 's/@''GNULIB_MBSRTOWCS''@/0/g' \
      -e 's/@''GNULIB_MBSNRTOWCS''@/0/g' \
      -e 's/@''GNULIB_WCRTOMB''@/0/g' \
      -e 's/@''GNULIB_WCSRTOMBS''@/0/g' \
      -e 's/@''GNULIB_WCSNRTOMBS''@/0/g' \
      -e 's/@''GNULIB_WCWIDTH''@/0/g' \
      -e 's/@''GNULIB_WMEMCHR''@/0/g' \
      -e 's/@''GNULIB_WMEMCMP''@/0/g' \
      -e 's/@''GNULIB_WMEMCPY''@/0/g' \
      -e 's/@''GNULIB_WMEMMOVE''@/0/g' \
      -e 's/@''GNULIB_WMEMSET''@/0/g' \
      -e 's/@''GNULIB_WCSLEN''@/0/g' \
      -e 's/@''GNULIB_WCSNLEN''@/0/g' \
      -e 's/@''GNULIB_WCSCPY''@/0/g' \
      -e 's/@''GNULIB_WCPCPY''@/0/g' \
      -e 's/@''GNULIB_WCSNCPY''@/0/g' \
      -e 's/@''GNULIB_WCPNCPY''@/0/g' \
      -e 's/@''GNULIB_WCSCAT''@/0/g' \
      -e 's/@''GNULIB_WCSNCAT''@/0/g' \
      -e 's/@''GNULIB_WCSCMP''@/0/g' \
      -e 's/@''GNULIB_WCSNCMP''@/0/g' \
      -e 's/@''GNULIB_WCSCASECMP''@/0/g' \
      -e 's/@''GNULIB_WCSNCASECMP''@/0/g' \
      -e 's/@''GNULIB_WCSCOLL''@/0/g' \
      -e 's/@''GNULIB_WCSXFRM''@/0/g' \
      -e 's/@''GNULIB_WCSDUP''@/0/g' \
      -e 's/@''GNULIB_WCSCHR''@/0/g' \
      -e 's/@''GNULIB_WCSRCHR''@/0/g' \
      -e 's/@''GNULIB_WCSCSPN''@/0/g' \
      -e 's/@''GNULIB_WCSSPN''@/0/g' \
      -e 's/@''GNULIB_WCSPBRK''@/0/g' \
      -e 's/@''GNULIB_WCSSTR''@/0/g' \
      -e 's/@''GNULIB_WCSTOK''@/0/g' \
      -e 's/@''GNULIB_WCSWIDTH''@/0/g' \
      -e 's/@''GNULIB_WCSFTIME''@/0/g' \
      < ./wchar.in.h | \
  sed -e 's|@''HAVE_WINT_T''@|1|g' \
      -e 's|@''HAVE_BTOWC''@|1|g' \
      -e 's|@''HAVE_MBSINIT''@|1|g' \
      -e 's|@''HAVE_MBRTOWC''@|1|g' \
      -e 's|@''HAVE_MBRLEN''@|1|g' \
      -e 's|@''HAVE_MBSRTOWCS''@|1|g' \
      -e 's|@''HAVE_MBSNRTOWCS''@|1|g' \
      -e 's|@''HAVE_WCRTOMB''@|1|g' \
      -e 's|@''HAVE_WCSRTOMBS''@|1|g' \
      -e 's|@''HAVE_WCSNRTOMBS''@|1|g' \
      -e 's|@''HAVE_WMEMCHR''@|1|g' \
      -e 's|@''HAVE_WMEMCMP''@|1|g' \
      -e 's|@''HAVE_WMEMCPY''@|1|g' \
      -e 's|@''HAVE_WMEMMOVE''@|1|g' \
      -e 's|@''HAVE_WMEMSET''@|1|g' \
      -e 's|@''HAVE_WCSLEN''@|1|g' \
      -e 's|@''HAVE_WCSNLEN''@|1|g' \
      -e 's|@''HAVE_WCSCPY''@|1|g' \
      -e 's|@''HAVE_WCPCPY''@|1|g' \
      -e 's|@''HAVE_WCSNCPY''@|1|g' \
      -e 's|@''HAVE_WCPNCPY''@|1|g' \
      -e 's|@''HAVE_WCSCAT''@|1|g' \
      -e 's|@''HAVE_WCSNCAT''@|1|g' \
      -e 's|@''HAVE_WCSCMP''@|1|g' \
      -e 's|@''HAVE_WCSNCMP''@|1|g' \
      -e 's|@''HAVE_WCSCASECMP''@|1|g' \
      -e 's|@''HAVE_WCSNCASECMP''@|1|g' \
      -e 's|@''HAVE_WCSCOLL''@|1|g' \
      -e 's|@''HAVE_WCSXFRM''@|1|g' \
      -e 's|@''HAVE_WCSDUP''@|1|g' \
      -e 's|@''HAVE_WCSCHR''@|1|g' \
      -e 's|@''HAVE_WCSRCHR''@|1|g' \
      -e 's|@''HAVE_WCSCSPN''@|1|g' \
      -e 's|@''HAVE_WCSSPN''@|1|g' \
      -e 's|@''HAVE_WCSPBRK''@|1|g' \
      -e 's|@''HAVE_WCSSTR''@|1|g' \
      -e 's|@''HAVE_WCSTOK''@|1|g' \
      -e 's|@''HAVE_WCSWIDTH''@|1|g' \
      -e 's|@''HAVE_WCSFTIME''@|1|g' \
      -e 's|@''HAVE_DECL_WCTOB''@|1|g' \
      -e 's|@''HAVE_DECL_WCWIDTH''@|1|g' \
  | \
  sed -e 's|@''REPLACE_MBSTATE_T''@|0|g' \
      -e 's|@''REPLACE_BTOWC''@|0|g' \
      -e 's|@''REPLACE_WCTOB''@|0|g' \
      -e 's|@''REPLACE_MBSINIT''@|0|g' \
      -e 's|@''REPLACE_MBRTOWC''@|1|g' \
      -e 's|@''REPLACE_MBRLEN''@|0|g' \
      -e 's|@''REPLACE_MBSRTOWCS''@|0|g' \
      -e 's|@''REPLACE_MBSNRTOWCS''@|0|g' \
      -e 's|@''REPLACE_WCRTOMB''@|0|g' \
      -e 's|@''REPLACE_WCSRTOMBS''@|0|g' \
      -e 's|@''REPLACE_WCSNRTOMBS''@|0|g' \
      -e 's|@''REPLACE_WCWIDTH''@|0|g' \
      -e 's|@''REPLACE_WCSWIDTH''@|0|g' \
      -e 's|@''REPLACE_WCSFTIME''@|0|g' \
      -e '/definitions of _GL_FUNCDECL_RPL/r ./c++defs.h' \
      -e '/definition of _GL_ARG_NONNULL/r ./arg-nonnull.h' \
      -e '/definition of _GL_WARN_ON_USE/r ./warn-on-use.h'; \
} > wchar.h-t && \
mv wchar.h-t wchar.h
rm -f wctype.h-t wctype.h && \
{ echo '/* DO NOT EDIT! GENERATED AUTOMATICALLY! */'; \
  sed -e 's|@''GUARD_PREFIX''@|GL|g' \
      -e 's/@''HAVE_WCTYPE_H''@/1/g' \
      -e 's|@''INCLUDE_NEXT''@|include_next|g' \
      -e 's|@''PRAGMA_SYSTEM_HEADER''@|#pragma GCC system_header|g' \
      -e 's|@''PRAGMA_COLUMNS''@||g' \
      -e 's|@''NEXT_WCTYPE_H''@|<wctype.h>|g' \
      -e 's/@''HAVE_CRTDEFS_H''@/0/g' \
      -e 's/@''GNULIB_OVERRIDES_WINT_T''@/0/g' \
      -e 's/@''GNULIB_ISWBLANK''@/0/g' \
      -e 's/@''GNULIB_WCTYPE''@/0/g' \
      -e 's/@''GNULIB_ISWCTYPE''@/0/g' \
      -e 's/@''GNULIB_WCTRANS''@/0/g' \
      -e 's/@''GNULIB_TOWCTRANS''@/0/g' \
      -e 's/@''HAVE_ISWBLANK''@/1/g' \
      -e 's/@''HAVE_ISWCNTRL''@/1/g' \
      -e 's/@''HAVE_WCTYPE_T''@/1/g' \
      -e 's/@''HAVE_WCTRANS_T''@/1/g' \
      -e 's/@''HAVE_WINT_T''@/1/g' \
      -e 's/@''REPLACE_ISWBLANK''@/0/g' \
      -e 's/@''REPLACE_ISWCNTRL''@/0/g' \
      -e 's/@''REPLACE_TOWLOWER''@/0/g' \
      -e '/definitions of _GL_FUNCDECL_RPL/r ./c++defs.h' \
      -e '/definition of _GL_WARN_ON_USE/r ./warn-on-use.h' \
      < ./wctype.in.h; \
} > wctype.h-t && \
mv wctype.h-t wctype.h
/usr/bin/make  all-am
make[3]: Entering directory '/home/devel/building/work/src/patch-2.7.6/lib'
gcc -DHAVE_CONFIG_H -I. -I..     -O2 -mabi=lp64d -march=rv64gc -MT argmatch.o -MD -MP -MF .deps/argmatch.Tpo -c -o argmatch.o argmatch.c
gcc -DHAVE_CONFIG_H -I. -I..     -O2 -mabi=lp64d -march=rv64gc -MT backupfile.o -MD -MP -MF .deps/backupfile.Tpo -c -o backupfile.o backupfile.c
gcc -DHAVE_CONFIG_H -I. -I..     -O2 -mabi=lp64d -march=rv64gc -MT backup-find.o -MD -MP -MF .deps/backup-find.Tpo -c -o backup-find.o backup-find.c
gcc -DHAVE_CONFIG_H -I. -I..     -O2 -mabi=lp64d -march=rv64gc -MT bitrotate.o -MD -MP -MF .deps/bitrotate.Tpo -c -o bitrotate.o bitrotate.c
gcc -DHAVE_CONFIG_H -I. -I..     -O2 -mabi=lp64d -march=rv64gc -MT c-ctype.o -MD -MP -MF .deps/c-ctype.Tpo -c -o c-ctype.o c-ctype.c
gcc -DHAVE_CONFIG_H -I. -I..     -O2 -mabi=lp64d -march=rv64gc -MT c-strcasecmp.o -MD -MP -MF .deps/c-strcasecmp.Tpo -c -o c-strcasecmp.o c-strcasecmp.c
gcc -DHAVE_CONFIG_H -I. -I..     -O2 -mabi=lp64d -march=rv64gc -MT c-strncasecmp.o -MD -MP -MF .deps/c-strncasecmp.Tpo -c -o c-strncasecmp.o c-strncasecmp.c
gcc -DHAVE_CONFIG_H -I. -I..     -O2 -mabi=lp64d -march=rv64gc -MT cloexec.o -MD -MP -MF .deps/cloexec.Tpo -c -o cloexec.o cloexec.c
mv -f .deps/bitrotate.Tpo .deps/bitrotate.Po
gcc -DHAVE_CONFIG_H -I. -I..     -O2 -mabi=lp64d -march=rv64gc -MT opendir-safer.o -MD -MP -MF .deps/opendir-safer.Tpo -c -o opendir-safer.o opendir-safer.c
mv -f .deps/cloexec.Tpo .deps/cloexec.Po
gcc -DHAVE_CONFIG_H -I. -I..     -O2 -mabi=lp64d -march=rv64gc -MT dirname.o -MD -MP -MF .deps/dirname.Tpo -c -o dirname.o dirname.c
mv -f .deps/c-strcasecmp.Tpo .deps/c-strcasecmp.Po
gcc -DHAVE_CONFIG_H -I. -I..     -O2 -mabi=lp64d -march=rv64gc -MT basename.o -MD -MP -MF .deps/basename.Tpo -c -o basename.o basename.c
mv -f .deps/c-strncasecmp.Tpo .deps/c-strncasecmp.Po
mv -f .deps/c-ctype.Tpo .deps/c-ctype.Po
gcc -DHAVE_CONFIG_H -I. -I..     -O2 -mabi=lp64d -march=rv64gc -MT dirname-lgpl.o -MD -MP -MF .deps/dirname-lgpl.Tpo -c -o dirname-lgpl.o dirname-lgpl.c
mv -f .deps/backup-find.Tpo .deps/backup-find.Po
gcc -DHAVE_CONFIG_H -I. -I..     -O2 -mabi=lp64d -march=rv64gc -MT basename-lgpl.o -MD -MP -MF .deps/basename-lgpl.Tpo -c -o basename-lgpl.o basename-lgpl.c
gcc -DHAVE_CONFIG_H -I. -I..     -O2 -mabi=lp64d -march=rv64gc -MT stripslash.o -MD -MP -MF .deps/stripslash.Tpo -c -o stripslash.o stripslash.c
mv -f .deps/argmatch.Tpo .deps/argmatch.Po
gcc -DHAVE_CONFIG_H -I. -I..     -O2 -mabi=lp64d -march=rv64gc -MT exitfail.o -MD -MP -MF .deps/exitfail.Tpo -c -o exitfail.o exitfail.c
mv -f .deps/dirname.Tpo .deps/dirname.Po
gcc -DHAVE_CONFIG_H -I. -I..     -O2 -mabi=lp64d -march=rv64gc -MT chmodat.o -MD -MP -MF .deps/chmodat.Tpo -c -o chmodat.o chmodat.c
mv -f .deps/opendir-safer.Tpo .deps/opendir-safer.Po
gcc -DHAVE_CONFIG_H -I. -I..     -O2 -mabi=lp64d -march=rv64gc -MT chownat.o -MD -MP -MF .deps/chownat.Tpo -c -o chownat.o chownat.c
mv -f .deps/basename.Tpo .deps/basename.Po
gcc -DHAVE_CONFIG_H -I. -I..     -O2 -mabi=lp64d -march=rv64gc -MT fd-hook.o -MD -MP -MF .deps/fd-hook.Tpo -c -o fd-hook.o fd-hook.c
mv -f .deps/exitfail.Tpo .deps/exitfail.Po
mv -f .deps/backupfile.Tpo .deps/backupfile.Po
gcc -DHAVE_CONFIG_H -I. -I..     -O2 -mabi=lp64d -march=rv64gc -MT fd-safer-flag.o -MD -MP -MF .deps/fd-safer-flag.Tpo -c -o fd-safer-flag.o fd-safer-flag.c
gcc -DHAVE_CONFIG_H -I. -I..     -O2 -mabi=lp64d -march=rv64gc -MT dup-safer-flag.o -MD -MP -MF .deps/dup-safer-flag.Tpo -c -o dup-safer-flag.o dup-safer-flag.c
mv -f .deps/stripslash.Tpo .deps/stripslash.Po
gcc -DHAVE_CONFIG_H -I. -I..     -O2 -mabi=lp64d -march=rv64gc -MT filenamecat-lgpl.o -MD -MP -MF .deps/filenamecat-lgpl.Tpo -c -o filenamecat-lgpl.o filenamecat-lgpl.c
mv -f .deps/basename-lgpl.Tpo .deps/basename-lgpl.Po
gcc -DHAVE_CONFIG_H -I. -I..     -O2 -mabi=lp64d -march=rv64gc -MT full-write.o -MD -MP -MF .deps/full-write.Tpo -c -o full-write.o full-write.c
mv -f .deps/dirname-lgpl.Tpo .deps/dirname-lgpl.Po
gcc -DHAVE_CONFIG_H -I. -I..     -O2 -mabi=lp64d -march=rv64gc -MT getprogname.o -MD -MP -MF .deps/getprogname.Tpo -c -o getprogname.o getprogname.c
mv -f .deps/fd-hook.Tpo .deps/fd-hook.Po
gcc -DHAVE_CONFIG_H -I. -I..     -O2 -mabi=lp64d -march=rv64gc -MT gettime.o -MD -MP -MF .deps/gettime.Tpo -c -o gettime.o gettime.c
mv -f .deps/chmodat.Tpo .deps/chmodat.Po
gcc -DHAVE_CONFIG_H -I. -I..     -O2 -mabi=lp64d -march=rv64gc -MT hard-locale.o -MD -MP -MF .deps/hard-locale.Tpo -c -o hard-locale.o hard-locale.c
mv -f .deps/chownat.Tpo .deps/chownat.Po
gcc -DHAVE_CONFIG_H -I. -I..     -O2 -mabi=lp64d -march=rv64gc -MT hash.o -MD -MP -MF .deps/hash.Tpo -c -o hash.o hash.c
mv -f .deps/dup-safer-flag.Tpo .deps/dup-safer-flag.Po
gcc -DHAVE_CONFIG_H -I. -I..     -O2 -mabi=lp64d -march=rv64gc -MT gl_linked_list.o -MD -MP -MF .deps/gl_linked_list.Tpo -c -o gl_linked_list.o gl_linked_list.c
mv -f .deps/fd-safer-flag.Tpo .deps/fd-safer-flag.Po
gcc -DHAVE_CONFIG_H -I. -I..     -O2 -mabi=lp64d -march=rv64gc -MT gl_list.o -MD -MP -MF .deps/gl_list.Tpo -c -o gl_list.o gl_list.c
mv -f .deps/getprogname.Tpo .deps/getprogname.Po
gcc -DHAVE_CONFIG_H -I. -I..     -O2 -mabi=lp64d -march=rv64gc -MT localcharset.o -MD -MP -MF .deps/localcharset.Tpo -c -o localcharset.o localcharset.c
mv -f .deps/filenamecat-lgpl.Tpo .deps/filenamecat-lgpl.Po
gcc -DHAVE_CONFIG_H -I. -I..     -O2 -mabi=lp64d -march=rv64gc -MT malloca.o -MD -MP -MF .deps/malloca.Tpo -c -o malloca.o malloca.c
mv -f .deps/full-write.Tpo .deps/full-write.Po
gcc -DHAVE_CONFIG_H -I. -I..     -O2 -mabi=lp64d -march=rv64gc -MT nstrftime.o -MD -MP -MF .deps/nstrftime.Tpo -c -o nstrftime.o nstrftime.c
mv -f .deps/gettime.Tpo .deps/gettime.Po
gcc -DHAVE_CONFIG_H -I. -I..     -O2 -mabi=lp64d -march=rv64gc -MT openat-die.o -MD -MP -MF .deps/openat-die.Tpo -c -o openat-die.o openat-die.c
mv -f .deps/hard-locale.Tpo .deps/hard-locale.Po
gcc -DHAVE_CONFIG_H -I. -I..     -O2 -mabi=lp64d -march=rv64gc -MT parse-datetime.o -MD -MP -MF .deps/parse-datetime.Tpo -c -o parse-datetime.o parse-datetime.c
mv -f .deps/gl_list.Tpo .deps/gl_list.Po
gcc -DHAVE_CONFIG_H -I. -I..     -O2 -mabi=lp64d -march=rv64gc -MT progname.o -MD -MP -MF .deps/progname.Tpo -c -o progname.o progname.c
mv -f .deps/openat-die.Tpo .deps/openat-die.Po
mv -f .deps/malloca.Tpo .deps/malloca.Po
gcc -DHAVE_CONFIG_H -I. -I..     -O2 -mabi=lp64d -march=rv64gc -MT quotearg.o -MD -MP -MF .deps/quotearg.Tpo -c -o quotearg.o quotearg.c
gcc -DHAVE_CONFIG_H -I. -I..     -O2 -mabi=lp64d -march=rv64gc -MT renameat2.o -MD -MP -MF .deps/renameat2.Tpo -c -o renameat2.o renameat2.c
mv -f .deps/localcharset.Tpo .deps/localcharset.Po
gcc -DHAVE_CONFIG_H -I. -I..     -O2 -mabi=lp64d -march=rv64gc -MT safe-write.o -MD -MP -MF .deps/safe-write.Tpo -c -o safe-write.o safe-write.c
mv -f .deps/progname.Tpo .deps/progname.Po
gcc -DHAVE_CONFIG_H -I. -I..     -O2 -mabi=lp64d -march=rv64gc -MT save-cwd.o -MD -MP -MF .deps/save-cwd.Tpo -c -o save-cwd.o save-cwd.c
mv -f .deps/renameat2.Tpo .deps/renameat2.Po
gcc -DHAVE_CONFIG_H -I. -I..     -O2 -mabi=lp64d -march=rv64gc -MT stat-time.o -MD -MP -MF .deps/stat-time.Tpo -c -o stat-time.o stat-time.c
mv -f .deps/hash.Tpo .deps/hash.Po
gcc -DHAVE_CONFIG_H -I. -I..     -O2 -mabi=lp64d -march=rv64gc -MT statat.o -MD -MP -MF .deps/statat.Tpo -c -o statat.o statat.c
mv -f .deps/safe-write.Tpo .deps/safe-write.Po
gcc -DHAVE_CONFIG_H -I. -I..     -O2 -mabi=lp64d -march=rv64gc -MT tempname.o -MD -MP -MF .deps/tempname.Tpo -c -o tempname.o tempname.c
mv -f .deps/gl_linked_list.Tpo .deps/gl_linked_list.Po
gcc -DHAVE_CONFIG_H -I. -I..     -O2 -mabi=lp64d -march=rv64gc -MT timespec.o -MD -MP -MF .deps/timespec.Tpo -c -o timespec.o timespec.c
mv -f .deps/save-cwd.Tpo .deps/save-cwd.Po
gcc -DHAVE_CONFIG_H -I. -I..     -O2 -mabi=lp64d -march=rv64gc -MT unistd.o -MD -MP -MF .deps/unistd.Tpo -c -o unistd.o unistd.c
mv -f .deps/stat-time.Tpo .deps/stat-time.Po
mv -f .deps/statat.Tpo .deps/statat.Po
gcc -DHAVE_CONFIG_H -I. -I..     -O2 -mabi=lp64d -march=rv64gc -MT dup-safer.o -MD -MP -MF .deps/dup-safer.Tpo -c -o dup-safer.o dup-safer.c
gcc -DHAVE_CONFIG_H -I. -I..     -O2 -mabi=lp64d -march=rv64gc -MT fd-safer.o -MD -MP -MF .deps/fd-safer.Tpo -c -o fd-safer.o fd-safer.c
mv -f .deps/unistd.Tpo .deps/unistd.Po
gcc -DHAVE_CONFIG_H -I. -I..     -O2 -mabi=lp64d -march=rv64gc -MT pipe-safer.o -MD -MP -MF .deps/pipe-safer.Tpo -c -o pipe-safer.o pipe-safer.c
mv -f .deps/nstrftime.Tpo .deps/nstrftime.Po
mv -f .deps/timespec.Tpo .deps/timespec.Po
gcc -DHAVE_CONFIG_H -I. -I..     -O2 -mabi=lp64d -march=rv64gc -MT utimens.o -MD -MP -MF .deps/utimens.Tpo -c -o utimens.o utimens.c
gcc -DHAVE_CONFIG_H -I. -I..     -O2 -mabi=lp64d -march=rv64gc -MT verror.o -MD -MP -MF .deps/verror.Tpo -c -o verror.o verror.c
mv -f .deps/dup-safer.Tpo .deps/dup-safer.Po
gcc -DHAVE_CONFIG_H -I. -I..     -O2 -mabi=lp64d -march=rv64gc -MT wctype-h.o -MD -MP -MF .deps/wctype-h.Tpo -c -o wctype-h.o wctype-h.c
mv -f .deps/fd-safer.Tpo .deps/fd-safer.Po
gcc -DHAVE_CONFIG_H -I. -I..     -O2 -mabi=lp64d -march=rv64gc -MT xmalloc.o -MD -MP -MF .deps/xmalloc.Tpo -c -o xmalloc.o xmalloc.c
mv -f .deps/tempname.Tpo .deps/tempname.Po
utimens.c: In function 'fdutimens':
utimens.c:383:17: warning: 'update_timespec' accessing 16 bytes in a region of size 8 [-Wstringop-overflow=]
  383 |       if (ts && update_timespec (&st, &ts))
      |                 ^~~~~~~~~~~~~~~~~~~~~~~~~~
utimens.c:383:17: note: referencing argument 2 of type 'struct timespec *[2]'
utimens.c:134:1: note: in a call to function 'update_timespec'
  134 | update_timespec (struct stat const *statbuf, struct timespec *ts[2])
      | ^~~~~~~~~~~~~~~
gcc -DHAVE_CONFIG_H -I. -I..     -O2 -mabi=lp64d -march=rv64gc -MT xalloc-die.o -MD -MP -MF .deps/xalloc-die.Tpo -c -o xalloc-die.o xalloc-die.c
utimens.c: In function 'lutimens':
utimens.c:596:17: warning: 'update_timespec' accessing 16 bytes in a region of size 8 [-Wstringop-overflow=]
  596 |       if (ts && update_timespec (&st, &ts))
      |                 ^~~~~~~~~~~~~~~~~~~~~~~~~~
utimens.c:596:17: note: referencing argument 2 of type 'struct timespec *[2]'
utimens.c:134:1: note: in a call to function 'update_timespec'
  134 | update_timespec (struct stat const *statbuf, struct timespec *ts[2])
      | ^~~~~~~~~~~~~~~
mv -f .deps/wctype-h.Tpo .deps/wctype-h.Po
gcc -DHAVE_CONFIG_H -I. -I..     -O2 -mabi=lp64d -march=rv64gc -MT gl_xlist.o -MD -MP -MF .deps/gl_xlist.Tpo -c -o gl_xlist.o gl_xlist.c
mv -f .deps/pipe-safer.Tpo .deps/pipe-safer.Po
gcc -DHAVE_CONFIG_H -I. -I..     -O2 -mabi=lp64d -march=rv64gc -MT xsize.o -MD -MP -MF .deps/xsize.Tpo -c -o xsize.o xsize.c
mv -f .deps/verror.Tpo .deps/verror.Po
gcc -DHAVE_CONFIG_H -I. -I..     -O2 -mabi=lp64d -march=rv64gc -MT xstrndup.o -MD -MP -MF .deps/xstrndup.Tpo -c -o xstrndup.o xstrndup.c
mv -f .deps/xalloc-die.Tpo .deps/xalloc-die.Po
gcc -DHAVE_CONFIG_H -I. -I..     -O2 -mabi=lp64d -march=rv64gc -MT xvasprintf.o -MD -MP -MF .deps/xvasprintf.Tpo -c -o xvasprintf.o xvasprintf.c
utimens.c: In function 'fdutimens':
utimens.c:383:17: warning: 'update_timespec' accessing 16 bytes in a region of size 8 [-Wstringop-overflow=]
  383 |       if (ts && update_timespec (&st, &ts))
      |                 ^~~~~~~~~~~~~~~~~~~~~~~~~~
utimens.c:383:17: note: referencing argument 2 of type 'struct timespec *[2]'
utimens.c:134:1: note: in a call to function 'update_timespec'
  134 | update_timespec (struct stat const *statbuf, struct timespec *ts[2])
      | ^~~~~~~~~~~~~~~
utimens.c:383:17: warning: 'update_timespec' accessing 16 bytes in a region of size 8 [-Wstringop-overflow=]
  383 |       if (ts && update_timespec (&st, &ts))
      |                 ^~~~~~~~~~~~~~~~~~~~~~~~~~
utimens.c:383:17: note: referencing argument 2 of type 'struct timespec *[2]'
utimens.c:134:1: note: in a call to function 'update_timespec'
  134 | update_timespec (struct stat const *statbuf, struct timespec *ts[2])
      | ^~~~~~~~~~~~~~~
mv -f .deps/xsize.Tpo .deps/xsize.Po
utimens.c: In function 'lutimens':
utimens.c:596:17: warning: 'update_timespec' accessing 16 bytes in a region of size 8 [-Wstringop-overflow=]
  596 |       if (ts && update_timespec (&st, &ts))
      |                 ^~~~~~~~~~~~~~~~~~~~~~~~~~
utimens.c:596:17: note: referencing argument 2 of type 'struct timespec *[2]'
utimens.c:134:1: note: in a call to function 'update_timespec'
  134 | update_timespec (struct stat const *statbuf, struct timespec *ts[2])
      | ^~~~~~~~~~~~~~~
gcc -DHAVE_CONFIG_H -I. -I..     -O2 -mabi=lp64d -march=rv64gc -MT xasprintf.o -MD -MP -MF .deps/xasprintf.Tpo -c -o xasprintf.o xasprintf.c
mv -f .deps/gl_xlist.Tpo .deps/gl_xlist.Po
utimens.c:596:17: warning: 'update_timespec' accessing 16 bytes in a region of size 8 [-Wstringop-overflow=]
  596 |       if (ts && update_timespec (&st, &ts))
      |                 ^~~~~~~~~~~~~~~~~~~~~~~~~~
utimens.c:596:17: note: referencing argument 2 of type 'struct timespec *[2]'
utimens.c:134:1: note: in a call to function 'update_timespec'
  134 | update_timespec (struct stat const *statbuf, struct timespec *ts[2])
      | ^~~~~~~~~~~~~~~
mv -f .deps/quotearg.Tpo .deps/quotearg.Po
mv -f .deps/xstrndup.Tpo .deps/xstrndup.Po
gcc -DHAVE_CONFIG_H -I. -I..     -O2 -mabi=lp64d -march=rv64gc -MT asnprintf.o -MD -MP -MF .deps/asnprintf.Tpo -c -o asnprintf.o asnprintf.c
gcc -DHAVE_CONFIG_H -I. -I..     -O2 -mabi=lp64d -march=rv64gc -MT chdir-long.o -MD -MP -MF .deps/chdir-long.Tpo -c -o chdir-long.o chdir-long.c
gcc -DHAVE_CONFIG_H -I. -I..     -O2 -mabi=lp64d -march=rv64gc -MT fcntl.o -MD -MP -MF .deps/fcntl.Tpo -c -o fcntl.o fcntl.c
mv -f .deps/utimens.Tpo .deps/utimens.Po
mv -f .deps/xmalloc.Tpo .deps/xmalloc.Po
gcc -DHAVE_CONFIG_H -I. -I..     -O2 -mabi=lp64d -march=rv64gc -MT localtime-buffer.o -MD -MP -MF .deps/localtime-buffer.Tpo -c -o localtime-buffer.o localtime-buffer.c
gcc -DHAVE_CONFIG_H -I. -I..     -O2 -mabi=lp64d -march=rv64gc -MT mbrtowc.o -MD -MP -MF .deps/mbrtowc.Tpo -c -o mbrtowc.o mbrtowc.c
mv -f .deps/localtime-buffer.Tpo .deps/localtime-buffer.Po
gcc -DHAVE_CONFIG_H -I. -I..     -O2 -mabi=lp64d -march=rv64gc -MT mktime.o -MD -MP -MF .deps/mktime.Tpo -c -o mktime.o mktime.c
mv -f .deps/xasprintf.Tpo .deps/xasprintf.Po
gcc -DHAVE_CONFIG_H -I. -I..     -O2 -mabi=lp64d -march=rv64gc -MT openat-proc.o -MD -MP -MF .deps/openat-proc.Tpo -c -o openat-proc.o openat-proc.c
mv -f .deps/asnprintf.Tpo .deps/asnprintf.Po
gcc -DHAVE_CONFIG_H -I. -I..     -O2 -mabi=lp64d -march=rv64gc -MT printf-args.o -MD -MP -MF .deps/printf-args.Tpo -c -o printf-args.o printf-args.c
mv -f .deps/xvasprintf.Tpo .deps/xvasprintf.Po
gcc -DHAVE_CONFIG_H -I. -I..     -O2 -mabi=lp64d -march=rv64gc -MT printf-parse.o -MD -MP -MF .deps/printf-parse.Tpo -c -o printf-parse.o printf-parse.c
mv -f .deps/mbrtowc.Tpo .deps/mbrtowc.Po
mv -f .deps/fcntl.Tpo .deps/fcntl.Po
gcc -DHAVE_CONFIG_H -I. -I..     -O2 -mabi=lp64d -march=rv64gc -MT time_rz.o -MD -MP -MF .deps/time_rz.Tpo -c -o time_rz.o time_rz.c
gcc -DHAVE_CONFIG_H -I. -I..     -O2 -mabi=lp64d -march=rv64gc -MT vasnprintf.o -MD -MP -MF .deps/vasnprintf.Tpo -c -o vasnprintf.o vasnprintf.c
mv -f .deps/chdir-long.Tpo .deps/chdir-long.Po
gcc -DHAVE_CONFIG_H -I. -I..     -O2 -mabi=lp64d -march=rv64gc -MT xmemdup0.o -MD -MP -MF .deps/xmemdup0.Tpo -c -o xmemdup0.o xmemdup0.c
mv -f .deps/openat-proc.Tpo .deps/openat-proc.Po
rm -f t-charset.alias charset.alias && \
/bin/sh ./config.charset 'riscv64-unknown-linux-gnu' > t-charset.alias && \
mv t-charset.alias charset.alias
mv -f .deps/printf-args.Tpo .deps/printf-args.Po
mv -f .deps/parse-datetime.Tpo .deps/parse-datetime.Po
rm -f t-ref-add.sed ref-add.sed && \
sed -e '/^#/d' -e 's/@''PACKAGE''@/patch/g' ref-add.sin > t-ref-add.sed && \
mv t-ref-add.sed ref-add.sed
rm -f t-ref-del.sed ref-del.sed && \
sed -e '/^#/d' -e 's/@''PACKAGE''@/patch/g' ref-del.sin > t-ref-del.sed && \
mv t-ref-del.sed ref-del.sed
mv -f .deps/xmemdup0.Tpo .deps/xmemdup0.Po
mv -f .deps/mktime.Tpo .deps/mktime.Po
mv -f .deps/time_rz.Tpo .deps/time_rz.Po
mv -f .deps/printf-parse.Tpo .deps/printf-parse.Po
mv -f .deps/vasnprintf.Tpo .deps/vasnprintf.Po
rm -f libpatch.a
ar cr libpatch.a argmatch.o backupfile.o backup-find.o bitrotate.o c-ctype.o c-strcasecmp.o c-strncasecmp.o cloexec.o opendir-safer.o dirname.o basename.o dirname-lgpl.o basename-lgpl.o stripslash.o exitfail.o chmodat.o chownat.o fd-hook.o fd-safer-flag.o dup-safer-flag.o filenamecat-lgpl.o full-write.o getprogname.o gettime.o hard-locale.o hash.o gl_linked_list.o gl_list.o localcharset.o malloca.o nstrftime.o openat-die.o parse-datetime.o progname.o quotearg.o renameat2.o safe-write.o save-cwd.o stat-time.o statat.o tempname.o timespec.o unistd.o dup-safer.o fd-safer.o pipe-safer.o utimens.o verror.o wctype-h.o xmalloc.o xalloc-die.o gl_xlist.o xsize.o xstrndup.o xvasprintf.o xasprintf.o asnprintf.o chdir-long.o fcntl.o localtime-buffer.o mbrtowc.o mktime.o openat-proc.o printf-args.o printf-parse.o time_rz.o vasnprintf.o xmemdup0.o
ranlib libpatch.a
make[3]: Leaving directory '/home/devel/building/work/src/patch-2.7.6/lib'
make[2]: Leaving directory '/home/devel/building/work/src/patch-2.7.6/lib'
Making all in src
make[2]: Entering directory '/home/devel/building/work/src/patch-2.7.6/src'
gcc -DHAVE_CONFIG_H -I. -I..  -I../lib -I../lib -DENABLE_MERGE    -O2 -mabi=lp64d -march=rv64gc -MT inp.o -MD -MP -MF .deps/inp.Tpo -c -o inp.o inp.c
gcc -DHAVE_CONFIG_H -I. -I..  -I../lib -I../lib -DENABLE_MERGE    -O2 -mabi=lp64d -march=rv64gc -MT patch.o -MD -MP -MF .deps/patch.Tpo -c -o patch.o patch.c
gcc -DHAVE_CONFIG_H -I. -I..  -I../lib -I../lib -DENABLE_MERGE    -O2 -mabi=lp64d -march=rv64gc -MT pch.o -MD -MP -MF .deps/pch.Tpo -c -o pch.o pch.c
gcc -DHAVE_CONFIG_H -I. -I..  -I../lib -I../lib -DENABLE_MERGE    -O2 -mabi=lp64d -march=rv64gc -MT safe.o -MD -MP -MF .deps/safe.Tpo -c -o safe.o safe.c
gcc -DHAVE_CONFIG_H -I. -I..  -I../lib -I../lib -DENABLE_MERGE    -O2 -mabi=lp64d -march=rv64gc -MT util.o -MD -MP -MF .deps/util.Tpo -c -o util.o util.c
gcc -DHAVE_CONFIG_H -I. -I..  -I../lib -I../lib -DENABLE_MERGE    -O2 -mabi=lp64d -march=rv64gc -MT version.o -MD -MP -MF .deps/version.Tpo -c -o version.o version.c
gcc -DHAVE_CONFIG_H -I. -I..  -I../lib -I../lib -DENABLE_MERGE    -O2 -mabi=lp64d -march=rv64gc -MT merge.o -MD -MP -MF .deps/merge.Tpo -c -o merge.o merge.c
mv -f .deps/version.Tpo .deps/version.Po
mv -f .deps/inp.Tpo .deps/inp.Po
mv -f .deps/safe.Tpo .deps/safe.Po
mv -f .deps/merge.Tpo .deps/merge.Po
mv -f .deps/util.Tpo .deps/util.Po
mv -f .deps/patch.Tpo .deps/patch.Po
mv -f .deps/pch.Tpo .deps/pch.Po
gcc   -O2 -mabi=lp64d -march=rv64gc   -o patch inp.o patch.o pch.o safe.o util.o version.o merge.o  ../lib/libpatch.a  -lattr  
make[2]: Leaving directory '/home/devel/building/work/src/patch-2.7.6/src'
Making all in tests
make[2]: Entering directory '/home/devel/building/work/src/patch-2.7.6/tests'
make[2]: Nothing to be done for 'all'.
make[2]: Leaving directory '/home/devel/building/work/src/patch-2.7.6/tests'
make[2]: Entering directory '/home/devel/building/work/src/patch-2.7.6'
make[2]: Leaving directory '/home/devel/building/work/src/patch-2.7.6'
make[1]: Leaving directory '/home/devel/building/work/src/patch-2.7.6'
+ make DESTDIR=/home/devel/building/work/pkg install
/usr/bin/make  install-recursive
make[1]: Entering directory '/home/devel/building/work/src/patch-2.7.6'
Making install in lib
make[2]: Entering directory '/home/devel/building/work/src/patch-2.7.6/lib'
/usr/bin/make  install-am
make[3]: Entering directory '/home/devel/building/work/src/patch-2.7.6/lib'
make[4]: Entering directory '/home/devel/building/work/src/patch-2.7.6/lib'
if test yes = no; then \
  case 'linux-gnu' in \
    darwin[56]*) \
      need_charset_alias=true ;; \
    darwin* | cygwin* | mingw* | pw32* | cegcc*) \
      need_charset_alias=false ;; \
    *) \
      need_charset_alias=true ;; \
  esac ; \
else \
  need_charset_alias=false ; \
fi ; \
if $need_charset_alias; then \
  /bin/sh /home/devel/building/work/src/patch-2.7.6/build-aux/install-sh -d /home/devel/building/work/pkg/usr/lib ; \
fi ; \
if test -f /home/devel/building/work/pkg/usr/lib/charset.alias; then \
  sed -f ref-add.sed /home/devel/building/work/pkg/usr/lib/charset.alias > /home/devel/building/work/pkg/usr/lib/charset.tmp ; \
  /usr/bin/install -c -m 644 /home/devel/building/work/pkg/usr/lib/charset.tmp /home/devel/building/work/pkg/usr/lib/charset.alias ; \
  rm -f /home/devel/building/work/pkg/usr/lib/charset.tmp ; \
else \
  if $need_charset_alias; then \
    sed -f ref-add.sed charset.alias > /home/devel/building/work/pkg/usr/lib/charset.tmp ; \
    /usr/bin/install -c -m 644 /home/devel/building/work/pkg/usr/lib/charset.tmp /home/devel/building/work/pkg/usr/lib/charset.alias ; \
    rm -f /home/devel/building/work/pkg/usr/lib/charset.tmp ; \
  fi ; \
fi
make[4]: Nothing to be done for 'install-data-am'.
make[4]: Leaving directory '/home/devel/building/work/src/patch-2.7.6/lib'
make[3]: Leaving directory '/home/devel/building/work/src/patch-2.7.6/lib'
make[2]: Leaving directory '/home/devel/building/work/src/patch-2.7.6/lib'
Making install in src
make[2]: Entering directory '/home/devel/building/work/src/patch-2.7.6/src'
make[3]: Entering directory '/home/devel/building/work/src/patch-2.7.6/src'
make[3]: Nothing to be done for 'install-data-am'.
 /bin/mkdir -p '/home/devel/building/work/pkg/usr/bin'
  /usr/bin/install -c patch '/home/devel/building/work/pkg/usr/bin'
make[3]: Leaving directory '/home/devel/building/work/src/patch-2.7.6/src'
make[2]: Leaving directory '/home/devel/building/work/src/patch-2.7.6/src'
Making install in tests
make[2]: Entering directory '/home/devel/building/work/src/patch-2.7.6/tests'
make[3]: Entering directory '/home/devel/building/work/src/patch-2.7.6/tests'
make[3]: Nothing to be done for 'install-exec-am'.
make[3]: Nothing to be done for 'install-data-am'.
make[3]: Leaving directory '/home/devel/building/work/src/patch-2.7.6/tests'
make[2]: Leaving directory '/home/devel/building/work/src/patch-2.7.6/tests'
make[2]: Entering directory '/home/devel/building/work/src/patch-2.7.6'
make[3]: Entering directory '/home/devel/building/work/src/patch-2.7.6'
make[3]: Nothing to be done for 'install-exec-am'.
 /bin/mkdir -p '/home/devel/building/work/pkg/usr/share/man/man1'
 /usr/bin/install -c -m 644 'patch.man' '/home/devel/building/work/pkg/usr/share/man/man1/patch.1'
make[3]: Leaving directory '/home/devel/building/work/src/patch-2.7.6'
make[2]: Leaving directory '/home/devel/building/work/src/patch-2.7.6'
make[1]: Leaving directory '/home/devel/building/work/src/patch-2.7.6'
=======> Build result:
drwxr-xr-x  0 root   root        0 Feb 21 21:44 usr/
drwxr-xr-x  0 root   root        0 Feb 21 21:44 usr/share/
drwxr-xr-x  0 root   root        0 Feb 21 21:44 usr/bin/
-rwxr-xr-x  0 root   root   151080 Feb 21 21:44 usr/bin/patch
drwxr-xr-x  0 root   root        0 Feb 21 21:44 usr/share/man/
drwxr-xr-x  0 root   root        0 Feb 21 21:44 usr/share/man/man1/
-rw-r--r--  0 root   root    11914 Feb 21 21:44 usr/share/man/man1/patch.1.gz
=======> Building '/home/devel/packages/patch#2.7.6-1.riscv64.pkg.tar.zst' succeeded.
prt-get: Using PKGMK_PACKAGE_DIR: /home/devel/packages
prt-get: reinstalling patch 2.7.6-1
prt-get: /usr/bin/pkgadd -u patch#2.7.6-1.riscv64.pkg.tar.zst
prt-get: build done Tue Feb 21 21:44:33 2023

