prt-get: updating /usr/ports/core-riscv64/samurai
prt-get: starting build Tue Feb 21 21:53:58 2023
=======> Building '/home/devel/packages/samurai#1.2-1.riscv64.pkg.tar.zst'.
bsdtar -p -o -C /home/devel/building/work/src -xf /home/devel/sources/samurai-1.2.tar.gz
cp CVE-2021-30218.patch /home/devel/building/work/src
cp CVE-2021-30219.patch /home/devel/building/work/src
+ build
+ cd samurai-1.2
+ patch -p1 -i /home/devel/building/work/src/CVE-2021-30218.patch
patching file util.c
+ patch -p1 -i /home/devel/building/work/src/CVE-2021-30219.patch
patching file parse.c
+ make V=1
c99 -O2 -mabi=lp64d -march=rv64gc -std=c99 -Wall -Wextra -Wpedantic -Wno-unused-parameter -c -o build.o build.c
c99 -O2 -mabi=lp64d -march=rv64gc -std=c99 -Wall -Wextra -Wpedantic -Wno-unused-parameter -c -o deps.o deps.c
c99 -O2 -mabi=lp64d -march=rv64gc -std=c99 -Wall -Wextra -Wpedantic -Wno-unused-parameter -c -o env.o env.c
c99 -O2 -mabi=lp64d -march=rv64gc -std=c99 -Wall -Wextra -Wpedantic -Wno-unused-parameter -c -o graph.o graph.c
c99 -O2 -mabi=lp64d -march=rv64gc -std=c99 -Wall -Wextra -Wpedantic -Wno-unused-parameter -c -o htab.o htab.c
c99 -O2 -mabi=lp64d -march=rv64gc -std=c99 -Wall -Wextra -Wpedantic -Wno-unused-parameter -c -o log.o log.c
c99 -O2 -mabi=lp64d -march=rv64gc -std=c99 -Wall -Wextra -Wpedantic -Wno-unused-parameter -c -o parse.o parse.c
c99 -O2 -mabi=lp64d -march=rv64gc -std=c99 -Wall -Wextra -Wpedantic -Wno-unused-parameter -c -o samu.o samu.c
c99 -O2 -mabi=lp64d -march=rv64gc -std=c99 -Wall -Wextra -Wpedantic -Wno-unused-parameter -c -o scan.o scan.c
c99 -O2 -mabi=lp64d -march=rv64gc -std=c99 -Wall -Wextra -Wpedantic -Wno-unused-parameter -c -o tool.o tool.c
c99 -O2 -mabi=lp64d -march=rv64gc -std=c99 -Wall -Wextra -Wpedantic -Wno-unused-parameter -c -o tree.o tree.c
c99 -O2 -mabi=lp64d -march=rv64gc -std=c99 -Wall -Wextra -Wpedantic -Wno-unused-parameter -c -o util.o util.c
c99  -o samu build.o deps.o env.o graph.o htab.o log.o parse.o samu.o scan.o tool.o tree.o util.o
+ make install PREFIX=/usr DESTDIR=/home/devel/building/work/pkg
mkdir -p /home/devel/building/work/pkg/usr/bin
cp samu /home/devel/building/work/pkg/usr/bin/
mkdir -p /home/devel/building/work/pkg/usr/share/man/man1
cp samu.1 /home/devel/building/work/pkg/usr/share/man/man1/
+ ln -s samu /home/devel/building/work/pkg/usr/bin/ninja
=======> Build result:
drwxr-xr-x  0 root   root        0 Feb 21 21:54 usr/
drwxr-xr-x  0 root   root        0 Feb 21 21:54 usr/share/
drwxr-xr-x  0 root   root        0 Feb 21 21:54 usr/bin/
lrwxrwxrwx  0 root   root        0 Feb 21 21:54 usr/bin/ninja -> samu
-rwxr-xr-x  0 root   root    47896 Feb 21 21:54 usr/bin/samu
drwxr-xr-x  0 root   root        0 Feb 21 21:54 usr/share/man/
drwxr-xr-x  0 root   root        0 Feb 21 21:54 usr/share/man/man1/
-rw-r--r--  0 root   root     2006 Feb 21 21:54 usr/share/man/man1/samu.1.gz
=======> Building '/home/devel/packages/samurai#1.2-1.riscv64.pkg.tar.zst' succeeded.
prt-get: Using PKGMK_PACKAGE_DIR: /home/devel/packages
prt-get: reinstalling samurai 1.2-1
prt-get: /usr/bin/pkgadd -u samurai#1.2-1.riscv64.pkg.tar.zst
prt-get: build done Tue Feb 21 21:54:02 2023

