prt-get: updating /usr/ports/core-riscv64/less
prt-get: starting build Tue Feb 21 17:40:30 2023
=======> Building '/home/devel/packages/less#608-1.riscv64.pkg.tar.zst'.
bsdtar -p -o -C /home/devel/building/work/src -xf /home/devel/sources/less-608-beta.tar.gz
cp filter /home/devel/building/work/src
+ build
+ cd less-608
+ ./configure --prefix=/usr --sysconfdir=/etc --with-regex=pcre2 --with-editor=vim
checking for gcc... gcc
checking whether the C compiler works... yes
checking for C compiler default output file name... a.out
checking for suffix of executables... 
checking whether we are cross compiling... no
checking for suffix of object files... o
checking whether we are using the GNU C compiler... yes
checking whether gcc accepts -g... yes
checking for gcc option to accept ISO C89... none needed
checking for library containing strerror... none required
checking how to run the C preprocessor... gcc -E
checking for grep that handles long lines and -e... /usr/bin/grep
checking for egrep... /usr/bin/grep -E
checking whether gcc needs -traditional... no
checking for a BSD-compatible install... /usr/bin/install -c
checking for special C compiler options needed for large files... no
checking for _FILE_OFFSET_BITS value needed for large files... no
checking for tgoto in -ltinfo... yes
checking for tgoto in -ltinfow... no
checking for initscr in -lxcurses... no
checking for initscr in -lncursesw... yes
checking for initscr in -lncurses... yes
checking for initscr in -lcurses... yes
checking for tgetent in -ltermcap... no
checking for tgetent in -ltermlib... no
checking for library containing regcmp... no
checking for ANSI C header files... yes
checking for sys/types.h... yes
checking for sys/stat.h... yes
checking for stdlib.h... yes
checking for string.h... yes
checking for memory.h... yes
checking for strings.h... yes
checking for inttypes.h... yes
checking for stdint.h... yes
checking for unistd.h... yes
checking ctype.h usability... yes
checking ctype.h presence... yes
checking for ctype.h... yes
checking errno.h usability... yes
checking errno.h presence... yes
checking for errno.h... yes
checking fcntl.h usability... yes
checking fcntl.h presence... yes
checking for fcntl.h... yes
checking limits.h usability... yes
checking limits.h presence... yes
checking for limits.h... yes
checking stdio.h usability... yes
checking stdio.h presence... yes
checking for stdio.h... yes
checking for stdlib.h... (cached) yes
checking for string.h... (cached) yes
checking termcap.h usability... yes
checking termcap.h presence... yes
checking for termcap.h... yes
checking termio.h usability... yes
checking termio.h presence... yes
checking for termio.h... yes
checking termios.h usability... yes
checking termios.h presence... yes
checking for termios.h... yes
checking time.h usability... yes
checking time.h presence... yes
checking for time.h... yes
checking for unistd.h... (cached) yes
checking values.h usability... yes
checking values.h presence... yes
checking for values.h... yes
checking sys/ioctl.h usability... yes
checking sys/ioctl.h presence... yes
checking for sys/ioctl.h... yes
checking sys/stream.h usability... no
checking sys/stream.h presence... no
checking for sys/stream.h... no
checking wctype.h usability... yes
checking wctype.h presence... yes
checking for wctype.h... yes
checking whether stat file-mode macros are broken... no
checking for an ANSI C-conforming const... yes
checking for off_t... yes
checking for size_t... yes
checking whether time.h and sys/time.h may both be included... yes
checking for working terminal libraries... using -ltinfo
checking for off_t... (cached) yes
checking for void... yes
checking for const... yes
checking for time_t... yes
checking for st_ino in struct stat... yes
checking for procfs... no
checking for ANSI function prototypes... yes
checking return type of signal handlers... void
checking for fchmod... yes
checking for fsync... yes
checking for nanosleep... yes
checking for poll... yes
checking for popen... yes
checking for realpath... yes
checking for _setjmp... yes
checking for sigprocmask... yes
checking for sigsetmask... yes
checking for snprintf... yes
checking for stat... yes
checking for system... yes
checking for ttyname... yes
checking for usleep... yes
checking for memcpy... yes
checking for strchr... yes
checking for strstr... yes
checking for tcgetattr... yes
checking for fileno... yes
checking for strerror... yes
checking for sys_errlist... yes
checking for sigset_t... yes
checking for sigemptyset... yes
checking for errno... yes - in errno.h
checking for locale... yes
checking for ctype functions... yes
checking for wctype functions... yes
checking termcap for ospeed... yes - in termcap.h
checking for floating point... yes
checking for pcre2_compile_8 in -lpcre2-8... yes
regular expression library:  pcre2
configure: creating ./config.status
config.status: creating Makefile
config.status: creating defines.h
+ make V=1
test ! -f stamp-h || CONFIG_FILES= CONFIG_HEADERS=defines.h ./config.status
gcc -I. -c -DBINDIR=\"/usr/bin\" -DSYSDIR=\"/etc\"  -O2 -mabi=lp64d -march=rv64gc lesskey.c
gcc -I. -c -DBINDIR=\"/usr/bin\" -DSYSDIR=\"/etc\"  -O2 -mabi=lp64d -march=rv64gc lessecho.c
touch stamp-h
gcc -I. -c -DBINDIR=\"/usr/bin\" -DSYSDIR=\"/etc\"  -O2 -mabi=lp64d -march=rv64gc main.c
gcc -I. -c -DBINDIR=\"/usr/bin\" -DSYSDIR=\"/etc\"  -O2 -mabi=lp64d -march=rv64gc screen.c
gcc -I. -c -DBINDIR=\"/usr/bin\" -DSYSDIR=\"/etc\"  -O2 -mabi=lp64d -march=rv64gc brac.c
gcc -I. -c -DBINDIR=\"/usr/bin\" -DSYSDIR=\"/etc\"  -O2 -mabi=lp64d -march=rv64gc ch.c
gcc -I. -c -DBINDIR=\"/usr/bin\" -DSYSDIR=\"/etc\"  -O2 -mabi=lp64d -march=rv64gc charset.c
gcc -I. -c -DBINDIR=\"/usr/bin\" -DSYSDIR=\"/etc\"  -O2 -mabi=lp64d -march=rv64gc cmdbuf.c
gcc -I. -c -DBINDIR=\"/usr/bin\" -DSYSDIR=\"/etc\"  -O2 -mabi=lp64d -march=rv64gc command.c
gcc -I. -c -DBINDIR=\"/usr/bin\" -DSYSDIR=\"/etc\"  -O2 -mabi=lp64d -march=rv64gc cvt.c
gcc -I. -c -DBINDIR=\"/usr/bin\" -DSYSDIR=\"/etc\"  -O2 -mabi=lp64d -march=rv64gc decode.c
gcc -I. -c -DBINDIR=\"/usr/bin\" -DSYSDIR=\"/etc\"  -O2 -mabi=lp64d -march=rv64gc edit.c
gcc -I. -c -DBINDIR=\"/usr/bin\" -DSYSDIR=\"/etc\"  -O2 -mabi=lp64d -march=rv64gc filename.c
gcc -I. -c -DBINDIR=\"/usr/bin\" -DSYSDIR=\"/etc\"  -O2 -mabi=lp64d -march=rv64gc forwback.c
gcc -I. -c -DBINDIR=\"/usr/bin\" -DSYSDIR=\"/etc\"  -O2 -mabi=lp64d -march=rv64gc help.c
gcc -I. -c -DBINDIR=\"/usr/bin\" -DSYSDIR=\"/etc\"  -O2 -mabi=lp64d -march=rv64gc ifile.c
gcc -I. -c -DBINDIR=\"/usr/bin\" -DSYSDIR=\"/etc\"  -O2 -mabi=lp64d -march=rv64gc input.c
gcc -I. -c -DBINDIR=\"/usr/bin\" -DSYSDIR=\"/etc\"  -O2 -mabi=lp64d -march=rv64gc jump.c
gcc -I. -c -DBINDIR=\"/usr/bin\" -DSYSDIR=\"/etc\"  -O2 -mabi=lp64d -march=rv64gc line.c
gcc -I. -c -DBINDIR=\"/usr/bin\" -DSYSDIR=\"/etc\"  -O2 -mabi=lp64d -march=rv64gc linenum.c
gcc -I. -c -DBINDIR=\"/usr/bin\" -DSYSDIR=\"/etc\"  -O2 -mabi=lp64d -march=rv64gc lsystem.c
gcc -I. -c -DBINDIR=\"/usr/bin\" -DSYSDIR=\"/etc\"  -O2 -mabi=lp64d -march=rv64gc mark.c
gcc -I. -c -DBINDIR=\"/usr/bin\" -DSYSDIR=\"/etc\"  -O2 -mabi=lp64d -march=rv64gc optfunc.c
gcc -I. -c -DBINDIR=\"/usr/bin\" -DSYSDIR=\"/etc\"  -O2 -mabi=lp64d -march=rv64gc option.c
gcc -I. -c -DBINDIR=\"/usr/bin\" -DSYSDIR=\"/etc\"  -O2 -mabi=lp64d -march=rv64gc opttbl.c
gcc -I. -c -DBINDIR=\"/usr/bin\" -DSYSDIR=\"/etc\"  -O2 -mabi=lp64d -march=rv64gc os.c
gcc -I. -c -DBINDIR=\"/usr/bin\" -DSYSDIR=\"/etc\"  -O2 -mabi=lp64d -march=rv64gc output.c
gcc -I. -c -DBINDIR=\"/usr/bin\" -DSYSDIR=\"/etc\"  -O2 -mabi=lp64d -march=rv64gc pattern.c
gcc -I. -c -DBINDIR=\"/usr/bin\" -DSYSDIR=\"/etc\"  -O2 -mabi=lp64d -march=rv64gc position.c
gcc -I. -c -DBINDIR=\"/usr/bin\" -DSYSDIR=\"/etc\"  -O2 -mabi=lp64d -march=rv64gc prompt.c
gcc -I. -c -DBINDIR=\"/usr/bin\" -DSYSDIR=\"/etc\"  -O2 -mabi=lp64d -march=rv64gc search.c
gcc -I. -c -DBINDIR=\"/usr/bin\" -DSYSDIR=\"/etc\"  -O2 -mabi=lp64d -march=rv64gc signal.c
gcc -I. -c -DBINDIR=\"/usr/bin\" -DSYSDIR=\"/etc\"  -O2 -mabi=lp64d -march=rv64gc tags.c
gcc -I. -c -DBINDIR=\"/usr/bin\" -DSYSDIR=\"/etc\"  -O2 -mabi=lp64d -march=rv64gc ttyin.c
gcc -I. -c -DBINDIR=\"/usr/bin\" -DSYSDIR=\"/etc\"  -O2 -mabi=lp64d -march=rv64gc version.c
gcc -I. -c -DBINDIR=\"/usr/bin\" -DSYSDIR=\"/etc\"  -O2 -mabi=lp64d -march=rv64gc xbuf.c
gcc -I. -c -DBINDIR=\"/usr/bin\" -DSYSDIR=\"/etc\"  -O2 -mabi=lp64d -march=rv64gc lesskey_parse.c
gcc  -o lessecho lessecho.o version.o
gcc  -o lesskey lesskey.o lesskey_parse.o xbuf.o version.o
gcc  -o less main.o screen.o brac.o ch.o charset.o cmdbuf.o command.o cvt.o decode.o edit.o filename.o forwback.o help.o ifile.o input.o jump.o line.o linenum.o lsystem.o mark.o optfunc.o option.o opttbl.o os.o output.o pattern.o position.o prompt.o search.o signal.o tags.o ttyin.o version.o xbuf.o   lesskey_parse.o -ltinfo -lpcre2-8
+ make DESTDIR=/home/devel/building/work/pkg install
./mkinstalldirs /home/devel/building/work/pkg/usr/bin /home/devel/building/work/pkg/usr/share/man/man1
mkdir /home/devel/building/work/pkg/usr
mkdir /home/devel/building/work/pkg/usr/bin
mkdir /home/devel/building/work/pkg/usr/share
mkdir /home/devel/building/work/pkg/usr/share/man
mkdir /home/devel/building/work/pkg/usr/share/man/man1
/usr/bin/install -c less /home/devel/building/work/pkg/usr/bin/less
/usr/bin/install -c lesskey /home/devel/building/work/pkg/usr/bin/lesskey
/usr/bin/install -c lessecho /home/devel/building/work/pkg/usr/bin/lessecho
/usr/bin/install -c -m 644 ./less.nro /home/devel/building/work/pkg/usr/share/man/man1/less.1
/usr/bin/install -c -m 644 ./lesskey.nro /home/devel/building/work/pkg/usr/share/man/man1/lesskey.1
/usr/bin/install -c -m 644 ./lessecho.nro /home/devel/building/work/pkg/usr/share/man/man1/lessecho.1
+ install -m 755 -D /home/devel/building/work/src/filter /home/devel/building/work/pkg/usr/lib/less/filter
=======> Build result:
drwxr-xr-x  0 root   root        0 Feb 21 17:41 usr/
drwxr-xr-x  0 root   root        0 Feb 21 17:41 usr/lib/
drwxr-xr-x  0 root   root        0 Feb 21 17:41 usr/share/
drwxr-xr-x  0 root   root        0 Feb 21 17:41 usr/bin/
-rwxr-xr-x  0 root   root    10464 Feb 21 17:41 usr/bin/lessecho
-rwxr-xr-x  0 root   root    16104 Feb 21 17:41 usr/bin/lesskey
-rwxr-xr-x  0 root   root   167440 Feb 21 17:41 usr/bin/less
drwxr-xr-x  0 root   root        0 Feb 21 17:41 usr/share/man/
drwxr-xr-x  0 root   root        0 Feb 21 17:41 usr/share/man/man1/
-rw-r--r--  0 root   root    23686 Feb 21 17:41 usr/share/man/man1/less.1.gz
-rw-r--r--  0 root   root     4284 Feb 21 17:41 usr/share/man/man1/lesskey.1.gz
-rw-r--r--  0 root   root      717 Feb 21 17:41 usr/share/man/man1/lessecho.1.gz
drwxr-xr-x  0 root   root        0 Feb 21 17:41 usr/lib/less/
-rwxr-xr-x  0 root   root      639 Feb 21 17:41 usr/lib/less/filter
=======> Building '/home/devel/packages/less#608-1.riscv64.pkg.tar.zst' succeeded.
prt-get: Using PKGMK_PACKAGE_DIR: /home/devel/packages
prt-get: reinstalling less 608-1
prt-get: /usr/bin/pkgadd -u less#608-1.riscv64.pkg.tar.zst
prt-get: build done Tue Feb 21 17:41:28 2023

