prt-get: updating /usr/ports/core-riscv64/lzo
prt-get: starting build Tue Feb 21 20:18:43 2023
=======> Building '/home/devel/packages/lzo#2.10-1.riscv64.pkg.tar.zst'.
bsdtar -p -o -C /home/devel/building/work/src -xf /home/devel/sources/lzo-2.10.tar.gz
+ build
+ cd lzo-2.10
+ ./configure --prefix=/usr --enable-shared --disable-static
configure: Configuring LZO 2.10
checking build system type... riscv64-unknown-linux-gnu
checking host system type... riscv64-unknown-linux-gnu
checking target system type... riscv64-unknown-linux-gnu
checking whether to enable maintainer-specific portions of Makefiles... no
checking for gcc... gcc
checking whether the C compiler works... yes
checking for C compiler default output file name... a.out
checking for suffix of executables... 
checking whether we are cross compiling... no
checking for suffix of object files... o
checking whether we are using the GNU C compiler... yes
checking whether gcc accepts -g... yes
checking for gcc option to accept ISO C89... none needed
checking whether gcc understands -c and -o together... yes
checking for ar... ar
checking the archiver (ar) interface... ar
checking for style of include used by make... GNU
checking dependency style of gcc... gcc3
checking how to run the C preprocessor... gcc -E
checking whether the C preprocessor needs special flags... none needed
checking for an ANSI C-conforming const... yes
checking for grep that handles long lines and -e... /usr/bin/grep
checking for egrep... /usr/bin/grep -E
checking for ANSI C header files... yes
checking for sys/types.h... yes
checking for sys/stat.h... yes
checking for stdlib.h... yes
checking for string.h... yes
checking for memory.h... yes
checking for strings.h... yes
checking for inttypes.h... yes
checking for stdint.h... yes
checking for unistd.h... yes
checking whether byte ordering is bigendian... no
checking for special C compiler options needed for large files... no
checking for _FILE_OFFSET_BITS value needed for large files... no
checking for a BSD-compatible install... /usr/bin/install -c
checking whether build environment is sane... yes
checking for a thread-safe mkdir -p... /bin/mkdir -p
checking for gawk... gawk
checking whether make sets $(MAKE)... yes
checking whether make supports nested variables... yes
checking dependency style of gcc... gcc3
checking whether make supports nested variables... (cached) yes
checking how to print strings... printf
checking for a sed that does not truncate output... /bin/sed
checking for fgrep... /usr/bin/grep -F
checking for ld used by gcc... /usr/bin/ld
checking if the linker (/usr/bin/ld) is GNU ld... yes
checking for BSD- or MS-compatible name lister (nm)... /usr/bin/nm -B
checking the name lister (/usr/bin/nm -B) interface... BSD nm
checking whether ln -s works... yes
checking the maximum length of command line arguments... 1572864
checking how to convert riscv64-unknown-linux-gnu file names to riscv64-unknown-linux-gnu format... func_convert_file_noop
checking how to convert riscv64-unknown-linux-gnu file names to toolchain format... func_convert_file_noop
checking for /usr/bin/ld option to reload object files... -r
checking for objdump... objdump
checking how to recognize dependent libraries... pass_all
checking for dlltool... no
checking how to associate runtime and link libraries... printf %s\n
checking for archiver @FILE support... @
checking for strip... strip
checking for ranlib... ranlib
checking command to parse /usr/bin/nm -B output from gcc object... ok
checking for sysroot... no
checking for mt... no
checking if : is a manifest tool... no
checking for dlfcn.h... yes
checking for objdir... .libs
checking if gcc supports -fno-rtti -fno-exceptions... no
checking for gcc option to produce PIC... -fPIC -DPIC
checking if gcc PIC flag -fPIC -DPIC works... yes
checking if gcc static flag -static works... yes
checking if gcc supports -c -o file.o... yes
checking if gcc supports -c -o file.o... (cached) yes
checking whether the gcc linker (/usr/bin/ld) supports shared libraries... yes
checking whether -lc should be explicitly linked in... no
checking dynamic linker characteristics... GNU/Linux ld.so
checking how to hardcode library paths into programs... immediate
checking whether stripping libraries is possible... yes
checking if libtool supports shared libraries... yes
checking whether to build shared libraries... yes
checking whether to build static libraries... no
checking whether time.h and sys/time.h may both be included... yes
checking assert.h usability... yes
checking assert.h presence... yes
checking for assert.h... yes
checking ctype.h usability... yes
checking ctype.h presence... yes
checking for ctype.h... yes
checking dirent.h usability... yes
checking dirent.h presence... yes
checking for dirent.h... yes
checking errno.h usability... yes
checking errno.h presence... yes
checking for errno.h... yes
checking fcntl.h usability... yes
checking fcntl.h presence... yes
checking for fcntl.h... yes
checking float.h usability... yes
checking float.h presence... yes
checking for float.h... yes
checking limits.h usability... yes
checking limits.h presence... yes
checking for limits.h... yes
checking malloc.h usability... yes
checking malloc.h presence... yes
checking for malloc.h... yes
checking for memory.h... (cached) yes
checking setjmp.h usability... yes
checking setjmp.h presence... yes
checking for setjmp.h... yes
checking signal.h usability... yes
checking signal.h presence... yes
checking for signal.h... yes
checking stdarg.h usability... yes
checking stdarg.h presence... yes
checking for stdarg.h... yes
checking stddef.h usability... yes
checking stddef.h presence... yes
checking for stddef.h... yes
checking for stdint.h... (cached) yes
checking stdio.h usability... yes
checking stdio.h presence... yes
checking for stdio.h... yes
checking for stdlib.h... (cached) yes
checking for string.h... (cached) yes
checking for strings.h... (cached) yes
checking time.h usability... yes
checking time.h presence... yes
checking for time.h... yes
checking for unistd.h... (cached) yes
checking utime.h usability... yes
checking utime.h presence... yes
checking for utime.h... yes
checking sys/mman.h usability... yes
checking sys/mman.h presence... yes
checking for sys/mman.h... yes
checking sys/resource.h usability... yes
checking sys/resource.h presence... yes
checking for sys/resource.h... yes
checking for sys/stat.h... (cached) yes
checking sys/time.h usability... yes
checking sys/time.h presence... yes
checking for sys/time.h... yes
checking for sys/types.h... (cached) yes
checking sys/wait.h usability... yes
checking sys/wait.h presence... yes
checking for sys/wait.h... yes
checking whether limits.h is sane... yes
checking for off_t... yes
checking for ptrdiff_t... yes
checking for size_t... yes
checking return type of signal handlers... void
checking size of short... 2
checking size of int... 4
checking size of long... 8
checking size of long long... 8
checking size of __int16... 0
checking size of __int32... 0
checking size of __int64... 0
checking size of void *... 8
checking size of size_t... 8
checking size of ptrdiff_t... 8
checking size of __int32... (cached) 0
checking size of intmax_t... 8
checking size of uintmax_t... 8
checking size of intptr_t... 8
checking size of uintptr_t... 8
checking size of float... 4
checking size of double... 8
checking size of long double... 16
checking size of dev_t... 8
checking size of fpos_t... 16
checking size of mode_t... 4
checking size of off_t... 8
checking size of ssize_t... 8
checking size of time_t... 8
checking for access... yes
checking for alloca... no
checking for atexit... yes
checking for atoi... yes
checking for atol... yes
checking for chmod... yes
checking for chown... yes
checking for clock_getcpuclockid... yes
checking for clock_getres... yes
checking for clock_gettime... yes
checking for ctime... yes
checking for difftime... yes
checking for fstat... yes
checking for getenv... yes
checking for getpagesize... yes
checking for getrusage... yes
checking for gettimeofday... yes
checking for gmtime... yes
checking for isatty... yes
checking for localtime... yes
checking for longjmp... yes
checking for lstat... yes
checking for memcmp... yes
checking for memcpy... yes
checking for memmove... yes
checking for memset... yes
checking for mkdir... yes
checking for mktime... yes
checking for mmap... yes
checking for mprotect... yes
checking for munmap... yes
checking for qsort... yes
checking for raise... yes
checking for rmdir... yes
checking for setjmp... yes
checking for signal... yes
checking for snprintf... yes
checking for strcasecmp... yes
checking for strchr... yes
checking for strdup... yes
checking for strerror... yes
checking for strftime... yes
checking for stricmp... no
checking for strncasecmp... yes
checking for strnicmp... no
checking for strrchr... yes
checking for strstr... yes
checking for time... yes
checking for umask... yes
checking for utime... yes
checking for vsnprintf... yes
checking whether to build assembly versions... no
checking whether your compiler passes the LZO conformance test... yes
checking that generated files are newer than configure... done
configure: creating ./config.status
config.status: creating Makefile
config.status: creating lzo2.pc
config.status: creating config.h
config.status: executing depfiles commands
config.status: executing libtool commands

   LZO configuration summary
   -------------------------
   LZO version                : 2.10
   configured for host        : riscv64-unknown-linux-gnu
   source code location       : .
   compiler                   : gcc
   preprocessor definitions   : -DLZO_HAVE_CONFIG_H=1
   preprocessor flags         : 
   compiler flags             : -O2 -mabi=lp64d -march=rv64gc
   build static library       : no
   build shared library       : yes
   enable i386 assembly code  : no


   LZO 2.10 configured.

   Copyright (C) 1996-2017 Markus Franz Xaver Johannes Oberhumer
   All Rights Reserved.

   The LZO library is free software; you can redistribute it and/or
   modify it under the terms of the GNU General Public License as
   published by the Free Software Foundation; either version 2 of
   the License, or (at your option) any later version.

   The LZO library is distributed in the hope that it will be useful,
   but WITHOUT ANY WARRANTY; without even the implied warranty of
   MERCHANTABILITY or FITNESS FOR A PARTICULAR PURPOSE.  See the
   GNU General Public License for more details.

   Markus F.X.J. Oberhumer
   <markus@oberhumer.com>
   http://www.oberhumer.com/opensource/lzo/


Type 'make' to build LZO.
Type 'make check' and 'make test' to test LZO.
Type 'make install' to install LZO.
After installing LZO, please have a look at 'examples/simple.c'.

+ make V=1
/usr/bin/make  all-am
make[1]: Entering directory '/home/devel/building/work/src/lzo-2.10'
depbase=`echo src/lzo1.lo | sed 's|[^/]*$|.deps/&|;s|\.lo$||'`;\
/bin/sh ./libtool  --tag=CC   --mode=compile gcc -DLZO_HAVE_CONFIG_H=1 -I.  -I./include -I.   -O2 -mabi=lp64d -march=rv64gc -MT src/lzo1.lo -MD -MP -MF $depbase.Tpo -c -o src/lzo1.lo src/lzo1.c &&\
mv -f $depbase.Tpo $depbase.Plo
depbase=`echo src/lzo1_99.lo | sed 's|[^/]*$|.deps/&|;s|\.lo$||'`;\
/bin/sh ./libtool  --tag=CC   --mode=compile gcc -DLZO_HAVE_CONFIG_H=1 -I.  -I./include -I.   -O2 -mabi=lp64d -march=rv64gc -MT src/lzo1_99.lo -MD -MP -MF $depbase.Tpo -c -o src/lzo1_99.lo src/lzo1_99.c &&\
mv -f $depbase.Tpo $depbase.Plo
depbase=`echo src/lzo1a.lo | sed 's|[^/]*$|.deps/&|;s|\.lo$||'`;\
/bin/sh ./libtool  --tag=CC   --mode=compile gcc -DLZO_HAVE_CONFIG_H=1 -I.  -I./include -I.   -O2 -mabi=lp64d -march=rv64gc -MT src/lzo1a.lo -MD -MP -MF $depbase.Tpo -c -o src/lzo1a.lo src/lzo1a.c &&\
mv -f $depbase.Tpo $depbase.Plo
depbase=`echo src/lzo1a_99.lo | sed 's|[^/]*$|.deps/&|;s|\.lo$||'`;\
/bin/sh ./libtool  --tag=CC   --mode=compile gcc -DLZO_HAVE_CONFIG_H=1 -I.  -I./include -I.   -O2 -mabi=lp64d -march=rv64gc -MT src/lzo1a_99.lo -MD -MP -MF $depbase.Tpo -c -o src/lzo1a_99.lo src/lzo1a_99.c &&\
mv -f $depbase.Tpo $depbase.Plo
depbase=`echo src/lzo1b_1.lo | sed 's|[^/]*$|.deps/&|;s|\.lo$||'`;\
/bin/sh ./libtool  --tag=CC   --mode=compile gcc -DLZO_HAVE_CONFIG_H=1 -I.  -I./include -I.   -O2 -mabi=lp64d -march=rv64gc -MT src/lzo1b_1.lo -MD -MP -MF $depbase.Tpo -c -o src/lzo1b_1.lo src/lzo1b_1.c &&\
mv -f $depbase.Tpo $depbase.Plo
depbase=`echo src/lzo1b_2.lo | sed 's|[^/]*$|.deps/&|;s|\.lo$||'`;\
/bin/sh ./libtool  --tag=CC   --mode=compile gcc -DLZO_HAVE_CONFIG_H=1 -I.  -I./include -I.   -O2 -mabi=lp64d -march=rv64gc -MT src/lzo1b_2.lo -MD -MP -MF $depbase.Tpo -c -o src/lzo1b_2.lo src/lzo1b_2.c &&\
mv -f $depbase.Tpo $depbase.Plo
depbase=`echo src/lzo1b_3.lo | sed 's|[^/]*$|.deps/&|;s|\.lo$||'`;\
/bin/sh ./libtool  --tag=CC   --mode=compile gcc -DLZO_HAVE_CONFIG_H=1 -I.  -I./include -I.   -O2 -mabi=lp64d -march=rv64gc -MT src/lzo1b_3.lo -MD -MP -MF $depbase.Tpo -c -o src/lzo1b_3.lo src/lzo1b_3.c &&\
mv -f $depbase.Tpo $depbase.Plo
depbase=`echo src/lzo1b_4.lo | sed 's|[^/]*$|.deps/&|;s|\.lo$||'`;\
/bin/sh ./libtool  --tag=CC   --mode=compile gcc -DLZO_HAVE_CONFIG_H=1 -I.  -I./include -I.   -O2 -mabi=lp64d -march=rv64gc -MT src/lzo1b_4.lo -MD -MP -MF $depbase.Tpo -c -o src/lzo1b_4.lo src/lzo1b_4.c &&\
mv -f $depbase.Tpo $depbase.Plo
libtool: compile:  gcc -DLZO_HAVE_CONFIG_H=1 -I. -I./include -I. -O2 -mabi=lp64d -march=rv64gc -MT src/lzo1.lo -MD -MP -MF src/.deps/lzo1.Tpo -c src/lzo1.c  -fPIC -DPIC -o src/.libs/lzo1.o
libtool: compile:  gcc -DLZO_HAVE_CONFIG_H=1 -I. -I./include -I. -O2 -mabi=lp64d -march=rv64gc -MT src/lzo1b_3.lo -MD -MP -MF src/.deps/lzo1b_3.Tpo -c src/lzo1b_3.c  -fPIC -DPIC -o src/.libs/lzo1b_3.o
libtool: compile:  gcc -DLZO_HAVE_CONFIG_H=1 -I. -I./include -I. -O2 -mabi=lp64d -march=rv64gc -MT src/lzo1_99.lo -MD -MP -MF src/.deps/lzo1_99.Tpo -c src/lzo1_99.c  -fPIC -DPIC -o src/.libs/lzo1_99.o
libtool: compile:  gcc -DLZO_HAVE_CONFIG_H=1 -I. -I./include -I. -O2 -mabi=lp64d -march=rv64gc -MT src/lzo1a.lo -MD -MP -MF src/.deps/lzo1a.Tpo -c src/lzo1a.c  -fPIC -DPIC -o src/.libs/lzo1a.o
libtool: compile:  gcc -DLZO_HAVE_CONFIG_H=1 -I. -I./include -I. -O2 -mabi=lp64d -march=rv64gc -MT src/lzo1b_1.lo -MD -MP -MF src/.deps/lzo1b_1.Tpo -c src/lzo1b_1.c  -fPIC -DPIC -o src/.libs/lzo1b_1.o
libtool: compile:  gcc -DLZO_HAVE_CONFIG_H=1 -I. -I./include -I. -O2 -mabi=lp64d -march=rv64gc -MT src/lzo1b_2.lo -MD -MP -MF src/.deps/lzo1b_2.Tpo -c src/lzo1b_2.c  -fPIC -DPIC -o src/.libs/lzo1b_2.o
libtool: compile:  gcc -DLZO_HAVE_CONFIG_H=1 -I. -I./include -I. -O2 -mabi=lp64d -march=rv64gc -MT src/lzo1a_99.lo -MD -MP -MF src/.deps/lzo1a_99.Tpo -c src/lzo1a_99.c  -fPIC -DPIC -o src/.libs/lzo1a_99.o
libtool: compile:  gcc -DLZO_HAVE_CONFIG_H=1 -I. -I./include -I. -O2 -mabi=lp64d -march=rv64gc -MT src/lzo1b_4.lo -MD -MP -MF src/.deps/lzo1b_4.Tpo -c src/lzo1b_4.c  -fPIC -DPIC -o src/.libs/lzo1b_4.o
depbase=`echo src/lzo1b_5.lo | sed 's|[^/]*$|.deps/&|;s|\.lo$||'`;\
/bin/sh ./libtool  --tag=CC   --mode=compile gcc -DLZO_HAVE_CONFIG_H=1 -I.  -I./include -I.   -O2 -mabi=lp64d -march=rv64gc -MT src/lzo1b_5.lo -MD -MP -MF $depbase.Tpo -c -o src/lzo1b_5.lo src/lzo1b_5.c &&\
mv -f $depbase.Tpo $depbase.Plo
depbase=`echo src/lzo1b_6.lo | sed 's|[^/]*$|.deps/&|;s|\.lo$||'`;\
/bin/sh ./libtool  --tag=CC   --mode=compile gcc -DLZO_HAVE_CONFIG_H=1 -I.  -I./include -I.   -O2 -mabi=lp64d -march=rv64gc -MT src/lzo1b_6.lo -MD -MP -MF $depbase.Tpo -c -o src/lzo1b_6.lo src/lzo1b_6.c &&\
mv -f $depbase.Tpo $depbase.Plo
depbase=`echo src/lzo1b_7.lo | sed 's|[^/]*$|.deps/&|;s|\.lo$||'`;\
/bin/sh ./libtool  --tag=CC   --mode=compile gcc -DLZO_HAVE_CONFIG_H=1 -I.  -I./include -I.   -O2 -mabi=lp64d -march=rv64gc -MT src/lzo1b_7.lo -MD -MP -MF $depbase.Tpo -c -o src/lzo1b_7.lo src/lzo1b_7.c &&\
mv -f $depbase.Tpo $depbase.Plo
depbase=`echo src/lzo1b_8.lo | sed 's|[^/]*$|.deps/&|;s|\.lo$||'`;\
/bin/sh ./libtool  --tag=CC   --mode=compile gcc -DLZO_HAVE_CONFIG_H=1 -I.  -I./include -I.   -O2 -mabi=lp64d -march=rv64gc -MT src/lzo1b_8.lo -MD -MP -MF $depbase.Tpo -c -o src/lzo1b_8.lo src/lzo1b_8.c &&\
mv -f $depbase.Tpo $depbase.Plo
depbase=`echo src/lzo1b_9.lo | sed 's|[^/]*$|.deps/&|;s|\.lo$||'`;\
/bin/sh ./libtool  --tag=CC   --mode=compile gcc -DLZO_HAVE_CONFIG_H=1 -I.  -I./include -I.   -O2 -mabi=lp64d -march=rv64gc -MT src/lzo1b_9.lo -MD -MP -MF $depbase.Tpo -c -o src/lzo1b_9.lo src/lzo1b_9.c &&\
mv -f $depbase.Tpo $depbase.Plo
depbase=`echo src/lzo1b_99.lo | sed 's|[^/]*$|.deps/&|;s|\.lo$||'`;\
/bin/sh ./libtool  --tag=CC   --mode=compile gcc -DLZO_HAVE_CONFIG_H=1 -I.  -I./include -I.   -O2 -mabi=lp64d -march=rv64gc -MT src/lzo1b_99.lo -MD -MP -MF $depbase.Tpo -c -o src/lzo1b_99.lo src/lzo1b_99.c &&\
mv -f $depbase.Tpo $depbase.Plo
depbase=`echo src/lzo1b_9x.lo | sed 's|[^/]*$|.deps/&|;s|\.lo$||'`;\
/bin/sh ./libtool  --tag=CC   --mode=compile gcc -DLZO_HAVE_CONFIG_H=1 -I.  -I./include -I.   -O2 -mabi=lp64d -march=rv64gc -MT src/lzo1b_9x.lo -MD -MP -MF $depbase.Tpo -c -o src/lzo1b_9x.lo src/lzo1b_9x.c &&\
mv -f $depbase.Tpo $depbase.Plo
depbase=`echo src/lzo1b_cc.lo | sed 's|[^/]*$|.deps/&|;s|\.lo$||'`;\
/bin/sh ./libtool  --tag=CC   --mode=compile gcc -DLZO_HAVE_CONFIG_H=1 -I.  -I./include -I.   -O2 -mabi=lp64d -march=rv64gc -MT src/lzo1b_cc.lo -MD -MP -MF $depbase.Tpo -c -o src/lzo1b_cc.lo src/lzo1b_cc.c &&\
mv -f $depbase.Tpo $depbase.Plo
libtool: compile:  gcc -DLZO_HAVE_CONFIG_H=1 -I. -I./include -I. -O2 -mabi=lp64d -march=rv64gc -MT src/lzo1b_5.lo -MD -MP -MF src/.deps/lzo1b_5.Tpo -c src/lzo1b_5.c  -fPIC -DPIC -o src/.libs/lzo1b_5.o
libtool: compile:  gcc -DLZO_HAVE_CONFIG_H=1 -I. -I./include -I. -O2 -mabi=lp64d -march=rv64gc -MT src/lzo1b_6.lo -MD -MP -MF src/.deps/lzo1b_6.Tpo -c src/lzo1b_6.c  -fPIC -DPIC -o src/.libs/lzo1b_6.o
libtool: compile:  gcc -DLZO_HAVE_CONFIG_H=1 -I. -I./include -I. -O2 -mabi=lp64d -march=rv64gc -MT src/lzo1b_7.lo -MD -MP -MF src/.deps/lzo1b_7.Tpo -c src/lzo1b_7.c  -fPIC -DPIC -o src/.libs/lzo1b_7.o
libtool: compile:  gcc -DLZO_HAVE_CONFIG_H=1 -I. -I./include -I. -O2 -mabi=lp64d -march=rv64gc -MT src/lzo1b_9x.lo -MD -MP -MF src/.deps/lzo1b_9x.Tpo -c src/lzo1b_9x.c  -fPIC -DPIC -o src/.libs/lzo1b_9x.o
libtool: compile:  gcc -DLZO_HAVE_CONFIG_H=1 -I. -I./include -I. -O2 -mabi=lp64d -march=rv64gc -MT src/lzo1b_9.lo -MD -MP -MF src/.deps/lzo1b_9.Tpo -c src/lzo1b_9.c  -fPIC -DPIC -o src/.libs/lzo1b_9.o
libtool: compile:  gcc -DLZO_HAVE_CONFIG_H=1 -I. -I./include -I. -O2 -mabi=lp64d -march=rv64gc -MT src/lzo1b_8.lo -MD -MP -MF src/.deps/lzo1b_8.Tpo -c src/lzo1b_8.c  -fPIC -DPIC -o src/.libs/lzo1b_8.o
libtool: compile:  gcc -DLZO_HAVE_CONFIG_H=1 -I. -I./include -I. -O2 -mabi=lp64d -march=rv64gc -MT src/lzo1b_99.lo -MD -MP -MF src/.deps/lzo1b_99.Tpo -c src/lzo1b_99.c  -fPIC -DPIC -o src/.libs/lzo1b_99.o
libtool: compile:  gcc -DLZO_HAVE_CONFIG_H=1 -I. -I./include -I. -O2 -mabi=lp64d -march=rv64gc -MT src/lzo1b_cc.lo -MD -MP -MF src/.deps/lzo1b_cc.Tpo -c src/lzo1b_cc.c  -fPIC -DPIC -o src/.libs/lzo1b_cc.o
depbase=`echo src/lzo1b_d1.lo | sed 's|[^/]*$|.deps/&|;s|\.lo$||'`;\
/bin/sh ./libtool  --tag=CC   --mode=compile gcc -DLZO_HAVE_CONFIG_H=1 -I.  -I./include -I.   -O2 -mabi=lp64d -march=rv64gc -MT src/lzo1b_d1.lo -MD -MP -MF $depbase.Tpo -c -o src/lzo1b_d1.lo src/lzo1b_d1.c &&\
mv -f $depbase.Tpo $depbase.Plo
depbase=`echo src/lzo1b_d2.lo | sed 's|[^/]*$|.deps/&|;s|\.lo$||'`;\
/bin/sh ./libtool  --tag=CC   --mode=compile gcc -DLZO_HAVE_CONFIG_H=1 -I.  -I./include -I.   -O2 -mabi=lp64d -march=rv64gc -MT src/lzo1b_d2.lo -MD -MP -MF $depbase.Tpo -c -o src/lzo1b_d2.lo src/lzo1b_d2.c &&\
mv -f $depbase.Tpo $depbase.Plo
depbase=`echo src/lzo1b_rr.lo | sed 's|[^/]*$|.deps/&|;s|\.lo$||'`;\
/bin/sh ./libtool  --tag=CC   --mode=compile gcc -DLZO_HAVE_CONFIG_H=1 -I.  -I./include -I.   -O2 -mabi=lp64d -march=rv64gc -MT src/lzo1b_rr.lo -MD -MP -MF $depbase.Tpo -c -o src/lzo1b_rr.lo src/lzo1b_rr.c &&\
mv -f $depbase.Tpo $depbase.Plo
depbase=`echo src/lzo1b_xx.lo | sed 's|[^/]*$|.deps/&|;s|\.lo$||'`;\
/bin/sh ./libtool  --tag=CC   --mode=compile gcc -DLZO_HAVE_CONFIG_H=1 -I.  -I./include -I.   -O2 -mabi=lp64d -march=rv64gc -MT src/lzo1b_xx.lo -MD -MP -MF $depbase.Tpo -c -o src/lzo1b_xx.lo src/lzo1b_xx.c &&\
mv -f $depbase.Tpo $depbase.Plo
depbase=`echo src/lzo1c_1.lo | sed 's|[^/]*$|.deps/&|;s|\.lo$||'`;\
/bin/sh ./libtool  --tag=CC   --mode=compile gcc -DLZO_HAVE_CONFIG_H=1 -I.  -I./include -I.   -O2 -mabi=lp64d -march=rv64gc -MT src/lzo1c_1.lo -MD -MP -MF $depbase.Tpo -c -o src/lzo1c_1.lo src/lzo1c_1.c &&\
mv -f $depbase.Tpo $depbase.Plo
depbase=`echo src/lzo1c_2.lo | sed 's|[^/]*$|.deps/&|;s|\.lo$||'`;\
/bin/sh ./libtool  --tag=CC   --mode=compile gcc -DLZO_HAVE_CONFIG_H=1 -I.  -I./include -I.   -O2 -mabi=lp64d -march=rv64gc -MT src/lzo1c_2.lo -MD -MP -MF $depbase.Tpo -c -o src/lzo1c_2.lo src/lzo1c_2.c &&\
mv -f $depbase.Tpo $depbase.Plo
depbase=`echo src/lzo1c_3.lo | sed 's|[^/]*$|.deps/&|;s|\.lo$||'`;\
/bin/sh ./libtool  --tag=CC   --mode=compile gcc -DLZO_HAVE_CONFIG_H=1 -I.  -I./include -I.   -O2 -mabi=lp64d -march=rv64gc -MT src/lzo1c_3.lo -MD -MP -MF $depbase.Tpo -c -o src/lzo1c_3.lo src/lzo1c_3.c &&\
mv -f $depbase.Tpo $depbase.Plo
depbase=`echo src/lzo1c_4.lo | sed 's|[^/]*$|.deps/&|;s|\.lo$||'`;\
/bin/sh ./libtool  --tag=CC   --mode=compile gcc -DLZO_HAVE_CONFIG_H=1 -I.  -I./include -I.   -O2 -mabi=lp64d -march=rv64gc -MT src/lzo1c_4.lo -MD -MP -MF $depbase.Tpo -c -o src/lzo1c_4.lo src/lzo1c_4.c &&\
mv -f $depbase.Tpo $depbase.Plo
libtool: compile:  gcc -DLZO_HAVE_CONFIG_H=1 -I. -I./include -I. -O2 -mabi=lp64d -march=rv64gc -MT src/lzo1b_d1.lo -MD -MP -MF src/.deps/lzo1b_d1.Tpo -c src/lzo1b_d1.c  -fPIC -DPIC -o src/.libs/lzo1b_d1.o
libtool: compile:  gcc -DLZO_HAVE_CONFIG_H=1 -I. -I./include -I. -O2 -mabi=lp64d -march=rv64gc -MT src/lzo1b_rr.lo -MD -MP -MF src/.deps/lzo1b_rr.Tpo -c src/lzo1b_rr.c  -fPIC -DPIC -o src/.libs/lzo1b_rr.o
libtool: compile:  gcc -DLZO_HAVE_CONFIG_H=1 -I. -I./include -I. -O2 -mabi=lp64d -march=rv64gc -MT src/lzo1b_d2.lo -MD -MP -MF src/.deps/lzo1b_d2.Tpo -c src/lzo1b_d2.c  -fPIC -DPIC -o src/.libs/lzo1b_d2.o
libtool: compile:  gcc -DLZO_HAVE_CONFIG_H=1 -I. -I./include -I. -O2 -mabi=lp64d -march=rv64gc -MT src/lzo1b_xx.lo -MD -MP -MF src/.deps/lzo1b_xx.Tpo -c src/lzo1b_xx.c  -fPIC -DPIC -o src/.libs/lzo1b_xx.o
libtool: compile:  gcc -DLZO_HAVE_CONFIG_H=1 -I. -I./include -I. -O2 -mabi=lp64d -march=rv64gc -MT src/lzo1c_1.lo -MD -MP -MF src/.deps/lzo1c_1.Tpo -c src/lzo1c_1.c  -fPIC -DPIC -o src/.libs/lzo1c_1.o
libtool: compile:  gcc -DLZO_HAVE_CONFIG_H=1 -I. -I./include -I. -O2 -mabi=lp64d -march=rv64gc -MT src/lzo1c_3.lo -MD -MP -MF src/.deps/lzo1c_3.Tpo -c src/lzo1c_3.c  -fPIC -DPIC -o src/.libs/lzo1c_3.o
libtool: compile:  gcc -DLZO_HAVE_CONFIG_H=1 -I. -I./include -I. -O2 -mabi=lp64d -march=rv64gc -MT src/lzo1c_2.lo -MD -MP -MF src/.deps/lzo1c_2.Tpo -c src/lzo1c_2.c  -fPIC -DPIC -o src/.libs/lzo1c_2.o
libtool: compile:  gcc -DLZO_HAVE_CONFIG_H=1 -I. -I./include -I. -O2 -mabi=lp64d -march=rv64gc -MT src/lzo1c_4.lo -MD -MP -MF src/.deps/lzo1c_4.Tpo -c src/lzo1c_4.c  -fPIC -DPIC -o src/.libs/lzo1c_4.o
depbase=`echo src/lzo1c_5.lo | sed 's|[^/]*$|.deps/&|;s|\.lo$||'`;\
/bin/sh ./libtool  --tag=CC   --mode=compile gcc -DLZO_HAVE_CONFIG_H=1 -I.  -I./include -I.   -O2 -mabi=lp64d -march=rv64gc -MT src/lzo1c_5.lo -MD -MP -MF $depbase.Tpo -c -o src/lzo1c_5.lo src/lzo1c_5.c &&\
mv -f $depbase.Tpo $depbase.Plo
depbase=`echo src/lzo1c_6.lo | sed 's|[^/]*$|.deps/&|;s|\.lo$||'`;\
/bin/sh ./libtool  --tag=CC   --mode=compile gcc -DLZO_HAVE_CONFIG_H=1 -I.  -I./include -I.   -O2 -mabi=lp64d -march=rv64gc -MT src/lzo1c_6.lo -MD -MP -MF $depbase.Tpo -c -o src/lzo1c_6.lo src/lzo1c_6.c &&\
mv -f $depbase.Tpo $depbase.Plo
depbase=`echo src/lzo1c_7.lo | sed 's|[^/]*$|.deps/&|;s|\.lo$||'`;\
/bin/sh ./libtool  --tag=CC   --mode=compile gcc -DLZO_HAVE_CONFIG_H=1 -I.  -I./include -I.   -O2 -mabi=lp64d -march=rv64gc -MT src/lzo1c_7.lo -MD -MP -MF $depbase.Tpo -c -o src/lzo1c_7.lo src/lzo1c_7.c &&\
mv -f $depbase.Tpo $depbase.Plo
depbase=`echo src/lzo1c_8.lo | sed 's|[^/]*$|.deps/&|;s|\.lo$||'`;\
/bin/sh ./libtool  --tag=CC   --mode=compile gcc -DLZO_HAVE_CONFIG_H=1 -I.  -I./include -I.   -O2 -mabi=lp64d -march=rv64gc -MT src/lzo1c_8.lo -MD -MP -MF $depbase.Tpo -c -o src/lzo1c_8.lo src/lzo1c_8.c &&\
mv -f $depbase.Tpo $depbase.Plo
depbase=`echo src/lzo1c_9.lo | sed 's|[^/]*$|.deps/&|;s|\.lo$||'`;\
/bin/sh ./libtool  --tag=CC   --mode=compile gcc -DLZO_HAVE_CONFIG_H=1 -I.  -I./include -I.   -O2 -mabi=lp64d -march=rv64gc -MT src/lzo1c_9.lo -MD -MP -MF $depbase.Tpo -c -o src/lzo1c_9.lo src/lzo1c_9.c &&\
mv -f $depbase.Tpo $depbase.Plo
depbase=`echo src/lzo1c_99.lo | sed 's|[^/]*$|.deps/&|;s|\.lo$||'`;\
/bin/sh ./libtool  --tag=CC   --mode=compile gcc -DLZO_HAVE_CONFIG_H=1 -I.  -I./include -I.   -O2 -mabi=lp64d -march=rv64gc -MT src/lzo1c_99.lo -MD -MP -MF $depbase.Tpo -c -o src/lzo1c_99.lo src/lzo1c_99.c &&\
mv -f $depbase.Tpo $depbase.Plo
depbase=`echo src/lzo1c_9x.lo | sed 's|[^/]*$|.deps/&|;s|\.lo$||'`;\
/bin/sh ./libtool  --tag=CC   --mode=compile gcc -DLZO_HAVE_CONFIG_H=1 -I.  -I./include -I.   -O2 -mabi=lp64d -march=rv64gc -MT src/lzo1c_9x.lo -MD -MP -MF $depbase.Tpo -c -o src/lzo1c_9x.lo src/lzo1c_9x.c &&\
mv -f $depbase.Tpo $depbase.Plo
libtool: compile:  gcc -DLZO_HAVE_CONFIG_H=1 -I. -I./include -I. -O2 -mabi=lp64d -march=rv64gc -MT src/lzo1c_5.lo -MD -MP -MF src/.deps/lzo1c_5.Tpo -c src/lzo1c_5.c  -fPIC -DPIC -o src/.libs/lzo1c_5.o
depbase=`echo src/lzo1c_cc.lo | sed 's|[^/]*$|.deps/&|;s|\.lo$||'`;\
/bin/sh ./libtool  --tag=CC   --mode=compile gcc -DLZO_HAVE_CONFIG_H=1 -I.  -I./include -I.   -O2 -mabi=lp64d -march=rv64gc -MT src/lzo1c_cc.lo -MD -MP -MF $depbase.Tpo -c -o src/lzo1c_cc.lo src/lzo1c_cc.c &&\
mv -f $depbase.Tpo $depbase.Plo
libtool: compile:  gcc -DLZO_HAVE_CONFIG_H=1 -I. -I./include -I. -O2 -mabi=lp64d -march=rv64gc -MT src/lzo1c_6.lo -MD -MP -MF src/.deps/lzo1c_6.Tpo -c src/lzo1c_6.c  -fPIC -DPIC -o src/.libs/lzo1c_6.o
libtool: compile:  gcc -DLZO_HAVE_CONFIG_H=1 -I. -I./include -I. -O2 -mabi=lp64d -march=rv64gc -MT src/lzo1c_7.lo -MD -MP -MF src/.deps/lzo1c_7.Tpo -c src/lzo1c_7.c  -fPIC -DPIC -o src/.libs/lzo1c_7.o
libtool: compile:  gcc -DLZO_HAVE_CONFIG_H=1 -I. -I./include -I. -O2 -mabi=lp64d -march=rv64gc -MT src/lzo1c_8.lo -MD -MP -MF src/.deps/lzo1c_8.Tpo -c src/lzo1c_8.c  -fPIC -DPIC -o src/.libs/lzo1c_8.o
libtool: compile:  gcc -DLZO_HAVE_CONFIG_H=1 -I. -I./include -I. -O2 -mabi=lp64d -march=rv64gc -MT src/lzo1c_9.lo -MD -MP -MF src/.deps/lzo1c_9.Tpo -c src/lzo1c_9.c  -fPIC -DPIC -o src/.libs/lzo1c_9.o
libtool: compile:  gcc -DLZO_HAVE_CONFIG_H=1 -I. -I./include -I. -O2 -mabi=lp64d -march=rv64gc -MT src/lzo1c_9x.lo -MD -MP -MF src/.deps/lzo1c_9x.Tpo -c src/lzo1c_9x.c  -fPIC -DPIC -o src/.libs/lzo1c_9x.o
libtool: compile:  gcc -DLZO_HAVE_CONFIG_H=1 -I. -I./include -I. -O2 -mabi=lp64d -march=rv64gc -MT src/lzo1c_99.lo -MD -MP -MF src/.deps/lzo1c_99.Tpo -c src/lzo1c_99.c  -fPIC -DPIC -o src/.libs/lzo1c_99.o
libtool: compile:  gcc -DLZO_HAVE_CONFIG_H=1 -I. -I./include -I. -O2 -mabi=lp64d -march=rv64gc -MT src/lzo1c_cc.lo -MD -MP -MF src/.deps/lzo1c_cc.Tpo -c src/lzo1c_cc.c  -fPIC -DPIC -o src/.libs/lzo1c_cc.o
depbase=`echo src/lzo1c_d1.lo | sed 's|[^/]*$|.deps/&|;s|\.lo$||'`;\
/bin/sh ./libtool  --tag=CC   --mode=compile gcc -DLZO_HAVE_CONFIG_H=1 -I.  -I./include -I.   -O2 -mabi=lp64d -march=rv64gc -MT src/lzo1c_d1.lo -MD -MP -MF $depbase.Tpo -c -o src/lzo1c_d1.lo src/lzo1c_d1.c &&\
mv -f $depbase.Tpo $depbase.Plo
depbase=`echo src/lzo1c_d2.lo | sed 's|[^/]*$|.deps/&|;s|\.lo$||'`;\
/bin/sh ./libtool  --tag=CC   --mode=compile gcc -DLZO_HAVE_CONFIG_H=1 -I.  -I./include -I.   -O2 -mabi=lp64d -march=rv64gc -MT src/lzo1c_d2.lo -MD -MP -MF $depbase.Tpo -c -o src/lzo1c_d2.lo src/lzo1c_d2.c &&\
mv -f $depbase.Tpo $depbase.Plo
depbase=`echo src/lzo1c_rr.lo | sed 's|[^/]*$|.deps/&|;s|\.lo$||'`;\
/bin/sh ./libtool  --tag=CC   --mode=compile gcc -DLZO_HAVE_CONFIG_H=1 -I.  -I./include -I.   -O2 -mabi=lp64d -march=rv64gc -MT src/lzo1c_rr.lo -MD -MP -MF $depbase.Tpo -c -o src/lzo1c_rr.lo src/lzo1c_rr.c &&\
mv -f $depbase.Tpo $depbase.Plo
depbase=`echo src/lzo1c_xx.lo | sed 's|[^/]*$|.deps/&|;s|\.lo$||'`;\
/bin/sh ./libtool  --tag=CC   --mode=compile gcc -DLZO_HAVE_CONFIG_H=1 -I.  -I./include -I.   -O2 -mabi=lp64d -march=rv64gc -MT src/lzo1c_xx.lo -MD -MP -MF $depbase.Tpo -c -o src/lzo1c_xx.lo src/lzo1c_xx.c &&\
mv -f $depbase.Tpo $depbase.Plo
depbase=`echo src/lzo1f_1.lo | sed 's|[^/]*$|.deps/&|;s|\.lo$||'`;\
/bin/sh ./libtool  --tag=CC   --mode=compile gcc -DLZO_HAVE_CONFIG_H=1 -I.  -I./include -I.   -O2 -mabi=lp64d -march=rv64gc -MT src/lzo1f_1.lo -MD -MP -MF $depbase.Tpo -c -o src/lzo1f_1.lo src/lzo1f_1.c &&\
mv -f $depbase.Tpo $depbase.Plo
depbase=`echo src/lzo1f_9x.lo | sed 's|[^/]*$|.deps/&|;s|\.lo$||'`;\
/bin/sh ./libtool  --tag=CC   --mode=compile gcc -DLZO_HAVE_CONFIG_H=1 -I.  -I./include -I.   -O2 -mabi=lp64d -march=rv64gc -MT src/lzo1f_9x.lo -MD -MP -MF $depbase.Tpo -c -o src/lzo1f_9x.lo src/lzo1f_9x.c &&\
mv -f $depbase.Tpo $depbase.Plo
depbase=`echo src/lzo1f_d1.lo | sed 's|[^/]*$|.deps/&|;s|\.lo$||'`;\
/bin/sh ./libtool  --tag=CC   --mode=compile gcc -DLZO_HAVE_CONFIG_H=1 -I.  -I./include -I.   -O2 -mabi=lp64d -march=rv64gc -MT src/lzo1f_d1.lo -MD -MP -MF $depbase.Tpo -c -o src/lzo1f_d1.lo src/lzo1f_d1.c &&\
mv -f $depbase.Tpo $depbase.Plo
libtool: compile:  gcc -DLZO_HAVE_CONFIG_H=1 -I. -I./include -I. -O2 -mabi=lp64d -march=rv64gc -MT src/lzo1c_d1.lo -MD -MP -MF src/.deps/lzo1c_d1.Tpo -c src/lzo1c_d1.c  -fPIC -DPIC -o src/.libs/lzo1c_d1.o
depbase=`echo src/lzo1f_d2.lo | sed 's|[^/]*$|.deps/&|;s|\.lo$||'`;\
/bin/sh ./libtool  --tag=CC   --mode=compile gcc -DLZO_HAVE_CONFIG_H=1 -I.  -I./include -I.   -O2 -mabi=lp64d -march=rv64gc -MT src/lzo1f_d2.lo -MD -MP -MF $depbase.Tpo -c -o src/lzo1f_d2.lo src/lzo1f_d2.c &&\
mv -f $depbase.Tpo $depbase.Plo
libtool: compile:  gcc -DLZO_HAVE_CONFIG_H=1 -I. -I./include -I. -O2 -mabi=lp64d -march=rv64gc -MT src/lzo1c_rr.lo -MD -MP -MF src/.deps/lzo1c_rr.Tpo -c src/lzo1c_rr.c  -fPIC -DPIC -o src/.libs/lzo1c_rr.o
libtool: compile:  gcc -DLZO_HAVE_CONFIG_H=1 -I. -I./include -I. -O2 -mabi=lp64d -march=rv64gc -MT src/lzo1c_d2.lo -MD -MP -MF src/.deps/lzo1c_d2.Tpo -c src/lzo1c_d2.c  -fPIC -DPIC -o src/.libs/lzo1c_d2.o
libtool: compile:  gcc -DLZO_HAVE_CONFIG_H=1 -I. -I./include -I. -O2 -mabi=lp64d -march=rv64gc -MT src/lzo1f_1.lo -MD -MP -MF src/.deps/lzo1f_1.Tpo -c src/lzo1f_1.c  -fPIC -DPIC -o src/.libs/lzo1f_1.o
libtool: compile:  gcc -DLZO_HAVE_CONFIG_H=1 -I. -I./include -I. -O2 -mabi=lp64d -march=rv64gc -MT src/lzo1c_xx.lo -MD -MP -MF src/.deps/lzo1c_xx.Tpo -c src/lzo1c_xx.c  -fPIC -DPIC -o src/.libs/lzo1c_xx.o
libtool: compile:  gcc -DLZO_HAVE_CONFIG_H=1 -I. -I./include -I. -O2 -mabi=lp64d -march=rv64gc -MT src/lzo1f_9x.lo -MD -MP -MF src/.deps/lzo1f_9x.Tpo -c src/lzo1f_9x.c  -fPIC -DPIC -o src/.libs/lzo1f_9x.o
libtool: compile:  gcc -DLZO_HAVE_CONFIG_H=1 -I. -I./include -I. -O2 -mabi=lp64d -march=rv64gc -MT src/lzo1f_d1.lo -MD -MP -MF src/.deps/lzo1f_d1.Tpo -c src/lzo1f_d1.c  -fPIC -DPIC -o src/.libs/lzo1f_d1.o
depbase=`echo src/lzo1x_1.lo | sed 's|[^/]*$|.deps/&|;s|\.lo$||'`;\
/bin/sh ./libtool  --tag=CC   --mode=compile gcc -DLZO_HAVE_CONFIG_H=1 -I.  -I./include -I.   -O2 -mabi=lp64d -march=rv64gc -MT src/lzo1x_1.lo -MD -MP -MF $depbase.Tpo -c -o src/lzo1x_1.lo src/lzo1x_1.c &&\
mv -f $depbase.Tpo $depbase.Plo
depbase=`echo src/lzo1x_1k.lo | sed 's|[^/]*$|.deps/&|;s|\.lo$||'`;\
/bin/sh ./libtool  --tag=CC   --mode=compile gcc -DLZO_HAVE_CONFIG_H=1 -I.  -I./include -I.   -O2 -mabi=lp64d -march=rv64gc -MT src/lzo1x_1k.lo -MD -MP -MF $depbase.Tpo -c -o src/lzo1x_1k.lo src/lzo1x_1k.c &&\
mv -f $depbase.Tpo $depbase.Plo
libtool: compile:  gcc -DLZO_HAVE_CONFIG_H=1 -I. -I./include -I. -O2 -mabi=lp64d -march=rv64gc -MT src/lzo1f_d2.lo -MD -MP -MF src/.deps/lzo1f_d2.Tpo -c src/lzo1f_d2.c  -fPIC -DPIC -o src/.libs/lzo1f_d2.o
depbase=`echo src/lzo1x_1l.lo | sed 's|[^/]*$|.deps/&|;s|\.lo$||'`;\
/bin/sh ./libtool  --tag=CC   --mode=compile gcc -DLZO_HAVE_CONFIG_H=1 -I.  -I./include -I.   -O2 -mabi=lp64d -march=rv64gc -MT src/lzo1x_1l.lo -MD -MP -MF $depbase.Tpo -c -o src/lzo1x_1l.lo src/lzo1x_1l.c &&\
mv -f $depbase.Tpo $depbase.Plo
depbase=`echo src/lzo1x_1o.lo | sed 's|[^/]*$|.deps/&|;s|\.lo$||'`;\
/bin/sh ./libtool  --tag=CC   --mode=compile gcc -DLZO_HAVE_CONFIG_H=1 -I.  -I./include -I.   -O2 -mabi=lp64d -march=rv64gc -MT src/lzo1x_1o.lo -MD -MP -MF $depbase.Tpo -c -o src/lzo1x_1o.lo src/lzo1x_1o.c &&\
mv -f $depbase.Tpo $depbase.Plo
depbase=`echo src/lzo1x_9x.lo | sed 's|[^/]*$|.deps/&|;s|\.lo$||'`;\
/bin/sh ./libtool  --tag=CC   --mode=compile gcc -DLZO_HAVE_CONFIG_H=1 -I.  -I./include -I.   -O2 -mabi=lp64d -march=rv64gc -MT src/lzo1x_9x.lo -MD -MP -MF $depbase.Tpo -c -o src/lzo1x_9x.lo src/lzo1x_9x.c &&\
mv -f $depbase.Tpo $depbase.Plo
depbase=`echo src/lzo1x_d1.lo | sed 's|[^/]*$|.deps/&|;s|\.lo$||'`;\
/bin/sh ./libtool  --tag=CC   --mode=compile gcc -DLZO_HAVE_CONFIG_H=1 -I.  -I./include -I.   -O2 -mabi=lp64d -march=rv64gc -MT src/lzo1x_d1.lo -MD -MP -MF $depbase.Tpo -c -o src/lzo1x_d1.lo src/lzo1x_d1.c &&\
mv -f $depbase.Tpo $depbase.Plo
libtool: compile:  gcc -DLZO_HAVE_CONFIG_H=1 -I. -I./include -I. -O2 -mabi=lp64d -march=rv64gc -MT src/lzo1x_1.lo -MD -MP -MF src/.deps/lzo1x_1.Tpo -c src/lzo1x_1.c  -fPIC -DPIC -o src/.libs/lzo1x_1.o
depbase=`echo src/lzo1x_d2.lo | sed 's|[^/]*$|.deps/&|;s|\.lo$||'`;\
/bin/sh ./libtool  --tag=CC   --mode=compile gcc -DLZO_HAVE_CONFIG_H=1 -I.  -I./include -I.   -O2 -mabi=lp64d -march=rv64gc -MT src/lzo1x_d2.lo -MD -MP -MF $depbase.Tpo -c -o src/lzo1x_d2.lo src/lzo1x_d2.c &&\
mv -f $depbase.Tpo $depbase.Plo
libtool: compile:  gcc -DLZO_HAVE_CONFIG_H=1 -I. -I./include -I. -O2 -mabi=lp64d -march=rv64gc -MT src/lzo1x_1k.lo -MD -MP -MF src/.deps/lzo1x_1k.Tpo -c src/lzo1x_1k.c  -fPIC -DPIC -o src/.libs/lzo1x_1k.o
depbase=`echo src/lzo1x_d3.lo | sed 's|[^/]*$|.deps/&|;s|\.lo$||'`;\
/bin/sh ./libtool  --tag=CC   --mode=compile gcc -DLZO_HAVE_CONFIG_H=1 -I.  -I./include -I.   -O2 -mabi=lp64d -march=rv64gc -MT src/lzo1x_d3.lo -MD -MP -MF $depbase.Tpo -c -o src/lzo1x_d3.lo src/lzo1x_d3.c &&\
mv -f $depbase.Tpo $depbase.Plo
libtool: compile:  gcc -DLZO_HAVE_CONFIG_H=1 -I. -I./include -I. -O2 -mabi=lp64d -march=rv64gc -MT src/lzo1x_1l.lo -MD -MP -MF src/.deps/lzo1x_1l.Tpo -c src/lzo1x_1l.c  -fPIC -DPIC -o src/.libs/lzo1x_1l.o
libtool: compile:  gcc -DLZO_HAVE_CONFIG_H=1 -I. -I./include -I. -O2 -mabi=lp64d -march=rv64gc -MT src/lzo1x_1o.lo -MD -MP -MF src/.deps/lzo1x_1o.Tpo -c src/lzo1x_1o.c  -fPIC -DPIC -o src/.libs/lzo1x_1o.o
libtool: compile:  gcc -DLZO_HAVE_CONFIG_H=1 -I. -I./include -I. -O2 -mabi=lp64d -march=rv64gc -MT src/lzo1x_9x.lo -MD -MP -MF src/.deps/lzo1x_9x.Tpo -c src/lzo1x_9x.c  -fPIC -DPIC -o src/.libs/lzo1x_9x.o
libtool: compile:  gcc -DLZO_HAVE_CONFIG_H=1 -I. -I./include -I. -O2 -mabi=lp64d -march=rv64gc -MT src/lzo1x_d1.lo -MD -MP -MF src/.deps/lzo1x_d1.Tpo -c src/lzo1x_d1.c  -fPIC -DPIC -o src/.libs/lzo1x_d1.o
libtool: compile:  gcc -DLZO_HAVE_CONFIG_H=1 -I. -I./include -I. -O2 -mabi=lp64d -march=rv64gc -MT src/lzo1x_d2.lo -MD -MP -MF src/.deps/lzo1x_d2.Tpo -c src/lzo1x_d2.c  -fPIC -DPIC -o src/.libs/lzo1x_d2.o
depbase=`echo src/lzo1x_o.lo | sed 's|[^/]*$|.deps/&|;s|\.lo$||'`;\
/bin/sh ./libtool  --tag=CC   --mode=compile gcc -DLZO_HAVE_CONFIG_H=1 -I.  -I./include -I.   -O2 -mabi=lp64d -march=rv64gc -MT src/lzo1x_o.lo -MD -MP -MF $depbase.Tpo -c -o src/lzo1x_o.lo src/lzo1x_o.c &&\
mv -f $depbase.Tpo $depbase.Plo
depbase=`echo src/lzo1y_1.lo | sed 's|[^/]*$|.deps/&|;s|\.lo$||'`;\
/bin/sh ./libtool  --tag=CC   --mode=compile gcc -DLZO_HAVE_CONFIG_H=1 -I.  -I./include -I.   -O2 -mabi=lp64d -march=rv64gc -MT src/lzo1y_1.lo -MD -MP -MF $depbase.Tpo -c -o src/lzo1y_1.lo src/lzo1y_1.c &&\
mv -f $depbase.Tpo $depbase.Plo
libtool: compile:  gcc -DLZO_HAVE_CONFIG_H=1 -I. -I./include -I. -O2 -mabi=lp64d -march=rv64gc -MT src/lzo1x_d3.lo -MD -MP -MF src/.deps/lzo1x_d3.Tpo -c src/lzo1x_d3.c  -fPIC -DPIC -o src/.libs/lzo1x_d3.o
depbase=`echo src/lzo1y_9x.lo | sed 's|[^/]*$|.deps/&|;s|\.lo$||'`;\
/bin/sh ./libtool  --tag=CC   --mode=compile gcc -DLZO_HAVE_CONFIG_H=1 -I.  -I./include -I.   -O2 -mabi=lp64d -march=rv64gc -MT src/lzo1y_9x.lo -MD -MP -MF $depbase.Tpo -c -o src/lzo1y_9x.lo src/lzo1y_9x.c &&\
mv -f $depbase.Tpo $depbase.Plo
depbase=`echo src/lzo1y_d1.lo | sed 's|[^/]*$|.deps/&|;s|\.lo$||'`;\
/bin/sh ./libtool  --tag=CC   --mode=compile gcc -DLZO_HAVE_CONFIG_H=1 -I.  -I./include -I.   -O2 -mabi=lp64d -march=rv64gc -MT src/lzo1y_d1.lo -MD -MP -MF $depbase.Tpo -c -o src/lzo1y_d1.lo src/lzo1y_d1.c &&\
mv -f $depbase.Tpo $depbase.Plo
depbase=`echo src/lzo1y_d2.lo | sed 's|[^/]*$|.deps/&|;s|\.lo$||'`;\
/bin/sh ./libtool  --tag=CC   --mode=compile gcc -DLZO_HAVE_CONFIG_H=1 -I.  -I./include -I.   -O2 -mabi=lp64d -march=rv64gc -MT src/lzo1y_d2.lo -MD -MP -MF $depbase.Tpo -c -o src/lzo1y_d2.lo src/lzo1y_d2.c &&\
mv -f $depbase.Tpo $depbase.Plo
depbase=`echo src/lzo1y_d3.lo | sed 's|[^/]*$|.deps/&|;s|\.lo$||'`;\
/bin/sh ./libtool  --tag=CC   --mode=compile gcc -DLZO_HAVE_CONFIG_H=1 -I.  -I./include -I.   -O2 -mabi=lp64d -march=rv64gc -MT src/lzo1y_d3.lo -MD -MP -MF $depbase.Tpo -c -o src/lzo1y_d3.lo src/lzo1y_d3.c &&\
mv -f $depbase.Tpo $depbase.Plo
libtool: compile:  gcc -DLZO_HAVE_CONFIG_H=1 -I. -I./include -I. -O2 -mabi=lp64d -march=rv64gc -MT src/lzo1y_1.lo -MD -MP -MF src/.deps/lzo1y_1.Tpo -c src/lzo1y_1.c  -fPIC -DPIC -o src/.libs/lzo1y_1.o
libtool: compile:  gcc -DLZO_HAVE_CONFIG_H=1 -I. -I./include -I. -O2 -mabi=lp64d -march=rv64gc -MT src/lzo1x_o.lo -MD -MP -MF src/.deps/lzo1x_o.Tpo -c src/lzo1x_o.c  -fPIC -DPIC -o src/.libs/lzo1x_o.o
depbase=`echo src/lzo1y_o.lo | sed 's|[^/]*$|.deps/&|;s|\.lo$||'`;\
/bin/sh ./libtool  --tag=CC   --mode=compile gcc -DLZO_HAVE_CONFIG_H=1 -I.  -I./include -I.   -O2 -mabi=lp64d -march=rv64gc -MT src/lzo1y_o.lo -MD -MP -MF $depbase.Tpo -c -o src/lzo1y_o.lo src/lzo1y_o.c &&\
mv -f $depbase.Tpo $depbase.Plo
libtool: compile:  gcc -DLZO_HAVE_CONFIG_H=1 -I. -I./include -I. -O2 -mabi=lp64d -march=rv64gc -MT src/lzo1y_9x.lo -MD -MP -MF src/.deps/lzo1y_9x.Tpo -c src/lzo1y_9x.c  -fPIC -DPIC -o src/.libs/lzo1y_9x.o
libtool: compile:  gcc -DLZO_HAVE_CONFIG_H=1 -I. -I./include -I. -O2 -mabi=lp64d -march=rv64gc -MT src/lzo1y_d1.lo -MD -MP -MF src/.deps/lzo1y_d1.Tpo -c src/lzo1y_d1.c  -fPIC -DPIC -o src/.libs/lzo1y_d1.o
libtool: compile:  gcc -DLZO_HAVE_CONFIG_H=1 -I. -I./include -I. -O2 -mabi=lp64d -march=rv64gc -MT src/lzo1y_d2.lo -MD -MP -MF src/.deps/lzo1y_d2.Tpo -c src/lzo1y_d2.c  -fPIC -DPIC -o src/.libs/lzo1y_d2.o
depbase=`echo src/lzo1z_9x.lo | sed 's|[^/]*$|.deps/&|;s|\.lo$||'`;\
/bin/sh ./libtool  --tag=CC   --mode=compile gcc -DLZO_HAVE_CONFIG_H=1 -I.  -I./include -I.   -O2 -mabi=lp64d -march=rv64gc -MT src/lzo1z_9x.lo -MD -MP -MF $depbase.Tpo -c -o src/lzo1z_9x.lo src/lzo1z_9x.c &&\
mv -f $depbase.Tpo $depbase.Plo
libtool: compile:  gcc -DLZO_HAVE_CONFIG_H=1 -I. -I./include -I. -O2 -mabi=lp64d -march=rv64gc -MT src/lzo1y_d3.lo -MD -MP -MF src/.deps/lzo1y_d3.Tpo -c src/lzo1y_d3.c  -fPIC -DPIC -o src/.libs/lzo1y_d3.o
depbase=`echo src/lzo1z_d1.lo | sed 's|[^/]*$|.deps/&|;s|\.lo$||'`;\
/bin/sh ./libtool  --tag=CC   --mode=compile gcc -DLZO_HAVE_CONFIG_H=1 -I.  -I./include -I.   -O2 -mabi=lp64d -march=rv64gc -MT src/lzo1z_d1.lo -MD -MP -MF $depbase.Tpo -c -o src/lzo1z_d1.lo src/lzo1z_d1.c &&\
mv -f $depbase.Tpo $depbase.Plo
depbase=`echo src/lzo1z_d2.lo | sed 's|[^/]*$|.deps/&|;s|\.lo$||'`;\
/bin/sh ./libtool  --tag=CC   --mode=compile gcc -DLZO_HAVE_CONFIG_H=1 -I.  -I./include -I.   -O2 -mabi=lp64d -march=rv64gc -MT src/lzo1z_d2.lo -MD -MP -MF $depbase.Tpo -c -o src/lzo1z_d2.lo src/lzo1z_d2.c &&\
mv -f $depbase.Tpo $depbase.Plo
depbase=`echo src/lzo1z_d3.lo | sed 's|[^/]*$|.deps/&|;s|\.lo$||'`;\
/bin/sh ./libtool  --tag=CC   --mode=compile gcc -DLZO_HAVE_CONFIG_H=1 -I.  -I./include -I.   -O2 -mabi=lp64d -march=rv64gc -MT src/lzo1z_d3.lo -MD -MP -MF $depbase.Tpo -c -o src/lzo1z_d3.lo src/lzo1z_d3.c &&\
mv -f $depbase.Tpo $depbase.Plo
libtool: compile:  gcc -DLZO_HAVE_CONFIG_H=1 -I. -I./include -I. -O2 -mabi=lp64d -march=rv64gc -MT src/lzo1y_o.lo -MD -MP -MF src/.deps/lzo1y_o.Tpo -c src/lzo1y_o.c  -fPIC -DPIC -o src/.libs/lzo1y_o.o
libtool: compile:  gcc -DLZO_HAVE_CONFIG_H=1 -I. -I./include -I. -O2 -mabi=lp64d -march=rv64gc -MT src/lzo1z_9x.lo -MD -MP -MF src/.deps/lzo1z_9x.Tpo -c src/lzo1z_9x.c  -fPIC -DPIC -o src/.libs/lzo1z_9x.o
depbase=`echo src/lzo2a_9x.lo | sed 's|[^/]*$|.deps/&|;s|\.lo$||'`;\
/bin/sh ./libtool  --tag=CC   --mode=compile gcc -DLZO_HAVE_CONFIG_H=1 -I.  -I./include -I.   -O2 -mabi=lp64d -march=rv64gc -MT src/lzo2a_9x.lo -MD -MP -MF $depbase.Tpo -c -o src/lzo2a_9x.lo src/lzo2a_9x.c &&\
mv -f $depbase.Tpo $depbase.Plo
depbase=`echo src/lzo2a_d1.lo | sed 's|[^/]*$|.deps/&|;s|\.lo$||'`;\
/bin/sh ./libtool  --tag=CC   --mode=compile gcc -DLZO_HAVE_CONFIG_H=1 -I.  -I./include -I.   -O2 -mabi=lp64d -march=rv64gc -MT src/lzo2a_d1.lo -MD -MP -MF $depbase.Tpo -c -o src/lzo2a_d1.lo src/lzo2a_d1.c &&\
mv -f $depbase.Tpo $depbase.Plo
libtool: compile:  gcc -DLZO_HAVE_CONFIG_H=1 -I. -I./include -I. -O2 -mabi=lp64d -march=rv64gc -MT src/lzo1z_d2.lo -MD -MP -MF src/.deps/lzo1z_d2.Tpo -c src/lzo1z_d2.c  -fPIC -DPIC -o src/.libs/lzo1z_d2.o
libtool: compile:  gcc -DLZO_HAVE_CONFIG_H=1 -I. -I./include -I. -O2 -mabi=lp64d -march=rv64gc -MT src/lzo1z_d1.lo -MD -MP -MF src/.deps/lzo1z_d1.Tpo -c src/lzo1z_d1.c  -fPIC -DPIC -o src/.libs/lzo1z_d1.o
libtool: compile:  gcc -DLZO_HAVE_CONFIG_H=1 -I. -I./include -I. -O2 -mabi=lp64d -march=rv64gc -MT src/lzo1z_d3.lo -MD -MP -MF src/.deps/lzo1z_d3.Tpo -c src/lzo1z_d3.c  -fPIC -DPIC -o src/.libs/lzo1z_d3.o
depbase=`echo src/lzo2a_d2.lo | sed 's|[^/]*$|.deps/&|;s|\.lo$||'`;\
/bin/sh ./libtool  --tag=CC   --mode=compile gcc -DLZO_HAVE_CONFIG_H=1 -I.  -I./include -I.   -O2 -mabi=lp64d -march=rv64gc -MT src/lzo2a_d2.lo -MD -MP -MF $depbase.Tpo -c -o src/lzo2a_d2.lo src/lzo2a_d2.c &&\
mv -f $depbase.Tpo $depbase.Plo
depbase=`echo src/lzo_crc.lo | sed 's|[^/]*$|.deps/&|;s|\.lo$||'`;\
/bin/sh ./libtool  --tag=CC   --mode=compile gcc -DLZO_HAVE_CONFIG_H=1 -I.  -I./include -I.   -O2 -mabi=lp64d -march=rv64gc -MT src/lzo_crc.lo -MD -MP -MF $depbase.Tpo -c -o src/lzo_crc.lo src/lzo_crc.c &&\
mv -f $depbase.Tpo $depbase.Plo
libtool: compile:  gcc -DLZO_HAVE_CONFIG_H=1 -I. -I./include -I. -O2 -mabi=lp64d -march=rv64gc -MT src/lzo2a_9x.lo -MD -MP -MF src/.deps/lzo2a_9x.Tpo -c src/lzo2a_9x.c  -fPIC -DPIC -o src/.libs/lzo2a_9x.o
libtool: compile:  gcc -DLZO_HAVE_CONFIG_H=1 -I. -I./include -I. -O2 -mabi=lp64d -march=rv64gc -MT src/lzo2a_d1.lo -MD -MP -MF src/.deps/lzo2a_d1.Tpo -c src/lzo2a_d1.c  -fPIC -DPIC -o src/.libs/lzo2a_d1.o
depbase=`echo src/lzo_init.lo | sed 's|[^/]*$|.deps/&|;s|\.lo$||'`;\
/bin/sh ./libtool  --tag=CC   --mode=compile gcc -DLZO_HAVE_CONFIG_H=1 -I.  -I./include -I.   -O2 -mabi=lp64d -march=rv64gc -MT src/lzo_init.lo -MD -MP -MF $depbase.Tpo -c -o src/lzo_init.lo src/lzo_init.c &&\
mv -f $depbase.Tpo $depbase.Plo
depbase=`echo src/lzo_ptr.lo | sed 's|[^/]*$|.deps/&|;s|\.lo$||'`;\
/bin/sh ./libtool  --tag=CC   --mode=compile gcc -DLZO_HAVE_CONFIG_H=1 -I.  -I./include -I.   -O2 -mabi=lp64d -march=rv64gc -MT src/lzo_ptr.lo -MD -MP -MF $depbase.Tpo -c -o src/lzo_ptr.lo src/lzo_ptr.c &&\
mv -f $depbase.Tpo $depbase.Plo
libtool: compile:  gcc -DLZO_HAVE_CONFIG_H=1 -I. -I./include -I. -O2 -mabi=lp64d -march=rv64gc -MT src/lzo2a_d2.lo -MD -MP -MF src/.deps/lzo2a_d2.Tpo -c src/lzo2a_d2.c  -fPIC -DPIC -o src/.libs/lzo2a_d2.o
depbase=`echo src/lzo_str.lo | sed 's|[^/]*$|.deps/&|;s|\.lo$||'`;\
/bin/sh ./libtool  --tag=CC   --mode=compile gcc -DLZO_HAVE_CONFIG_H=1 -I.  -I./include -I.   -O2 -mabi=lp64d -march=rv64gc -MT src/lzo_str.lo -MD -MP -MF $depbase.Tpo -c -o src/lzo_str.lo src/lzo_str.c &&\
mv -f $depbase.Tpo $depbase.Plo
libtool: compile:  gcc -DLZO_HAVE_CONFIG_H=1 -I. -I./include -I. -O2 -mabi=lp64d -march=rv64gc -MT src/lzo_crc.lo -MD -MP -MF src/.deps/lzo_crc.Tpo -c src/lzo_crc.c  -fPIC -DPIC -o src/.libs/lzo_crc.o
depbase=`echo src/lzo_util.lo | sed 's|[^/]*$|.deps/&|;s|\.lo$||'`;\
/bin/sh ./libtool  --tag=CC   --mode=compile gcc -DLZO_HAVE_CONFIG_H=1 -I.  -I./include -I.   -O2 -mabi=lp64d -march=rv64gc -MT src/lzo_util.lo -MD -MP -MF $depbase.Tpo -c -o src/lzo_util.lo src/lzo_util.c &&\
mv -f $depbase.Tpo $depbase.Plo
depbase=`echo examples/dict.o | sed 's|[^/]*$|.deps/&|;s|\.o$||'`;\
gcc -DLZO_HAVE_CONFIG_H=1 -I.  -I./include -I.   -O2 -mabi=lp64d -march=rv64gc -MT examples/dict.o -MD -MP -MF $depbase.Tpo -c -o examples/dict.o examples/dict.c &&\
mv -f $depbase.Tpo $depbase.Po
libtool: compile:  gcc -DLZO_HAVE_CONFIG_H=1 -I. -I./include -I. -O2 -mabi=lp64d -march=rv64gc -MT src/lzo_init.lo -MD -MP -MF src/.deps/lzo_init.Tpo -c src/lzo_init.c  -fPIC -DPIC -o src/.libs/lzo_init.o
depbase=`echo examples/lzopack.o | sed 's|[^/]*$|.deps/&|;s|\.o$||'`;\
gcc -DLZO_HAVE_CONFIG_H=1 -I.  -I./include -I.   -O2 -mabi=lp64d -march=rv64gc -MT examples/lzopack.o -MD -MP -MF $depbase.Tpo -c -o examples/lzopack.o examples/lzopack.c &&\
mv -f $depbase.Tpo $depbase.Po
depbase=`echo examples/overlap.o | sed 's|[^/]*$|.deps/&|;s|\.o$||'`;\
gcc -DLZO_HAVE_CONFIG_H=1 -I.  -I./include -I.   -O2 -mabi=lp64d -march=rv64gc -MT examples/overlap.o -MD -MP -MF $depbase.Tpo -c -o examples/overlap.o examples/overlap.c &&\
mv -f $depbase.Tpo $depbase.Po
depbase=`echo examples/precomp.o | sed 's|[^/]*$|.deps/&|;s|\.o$||'`;\
gcc -DLZO_HAVE_CONFIG_H=1 -I.  -I./include -I.   -O2 -mabi=lp64d -march=rv64gc -MT examples/precomp.o -MD -MP -MF $depbase.Tpo -c -o examples/precomp.o examples/precomp.c &&\
mv -f $depbase.Tpo $depbase.Po
libtool: compile:  gcc -DLZO_HAVE_CONFIG_H=1 -I. -I./include -I. -O2 -mabi=lp64d -march=rv64gc -MT src/lzo_ptr.lo -MD -MP -MF src/.deps/lzo_ptr.Tpo -c src/lzo_ptr.c  -fPIC -DPIC -o src/.libs/lzo_ptr.o
libtool: compile:  gcc -DLZO_HAVE_CONFIG_H=1 -I. -I./include -I. -O2 -mabi=lp64d -march=rv64gc -MT src/lzo_util.lo -MD -MP -MF src/.deps/lzo_util.Tpo -c src/lzo_util.c  -fPIC -DPIC -o src/.libs/lzo_util.o
libtool: compile:  gcc -DLZO_HAVE_CONFIG_H=1 -I. -I./include -I. -O2 -mabi=lp64d -march=rv64gc -MT src/lzo_str.lo -MD -MP -MF src/.deps/lzo_str.Tpo -c src/lzo_str.c  -fPIC -DPIC -o src/.libs/lzo_str.o
depbase=`echo examples/precomp2.o | sed 's|[^/]*$|.deps/&|;s|\.o$||'`;\
gcc -DLZO_HAVE_CONFIG_H=1 -I.  -I./include -I.   -O2 -mabi=lp64d -march=rv64gc -MT examples/precomp2.o -MD -MP -MF $depbase.Tpo -c -o examples/precomp2.o examples/precomp2.c &&\
mv -f $depbase.Tpo $depbase.Po
depbase=`echo examples/simple.o | sed 's|[^/]*$|.deps/&|;s|\.o$||'`;\
gcc -DLZO_HAVE_CONFIG_H=1 -I.  -I./include -I.   -O2 -mabi=lp64d -march=rv64gc -MT examples/simple.o -MD -MP -MF $depbase.Tpo -c -o examples/simple.o examples/simple.c &&\
mv -f $depbase.Tpo $depbase.Po
depbase=`echo lzotest/lzotest.o | sed 's|[^/]*$|.deps/&|;s|\.o$||'`;\
gcc -DLZO_HAVE_CONFIG_H=1 -I.  -I./include -I.   -O2 -mabi=lp64d -march=rv64gc -MT lzotest/lzotest.o -MD -MP -MF $depbase.Tpo -c -o lzotest/lzotest.o lzotest/lzotest.c &&\
mv -f $depbase.Tpo $depbase.Po
depbase=`echo tests/align.o | sed 's|[^/]*$|.deps/&|;s|\.o$||'`;\
gcc -DLZO_HAVE_CONFIG_H=1 -I.  -I./include -I.   -O2 -mabi=lp64d -march=rv64gc -MT tests/align.o -MD -MP -MF $depbase.Tpo -c -o tests/align.o tests/align.c &&\
mv -f $depbase.Tpo $depbase.Po
depbase=`echo tests/chksum.o | sed 's|[^/]*$|.deps/&|;s|\.o$||'`;\
gcc -DLZO_HAVE_CONFIG_H=1 -I.  -I./include -I.   -O2 -mabi=lp64d -march=rv64gc -MT tests/chksum.o -MD -MP -MF $depbase.Tpo -c -o tests/chksum.o tests/chksum.c &&\
mv -f $depbase.Tpo $depbase.Po
depbase=`echo tests/promote.o | sed 's|[^/]*$|.deps/&|;s|\.o$||'`;\
gcc -DLZO_HAVE_CONFIG_H=1 -I.  -I./include -I.   -O2 -mabi=lp64d -march=rv64gc -MT tests/promote.o -MD -MP -MF $depbase.Tpo -c -o tests/promote.o tests/promote.c &&\
mv -f $depbase.Tpo $depbase.Po
depbase=`echo tests/sizes.o | sed 's|[^/]*$|.deps/&|;s|\.o$||'`;\
gcc -DLZO_HAVE_CONFIG_H=1 -I.  -I./include -I.   -O2 -mabi=lp64d -march=rv64gc -MT tests/sizes.o -MD -MP -MF $depbase.Tpo -c -o tests/sizes.o tests/sizes.c &&\
mv -f $depbase.Tpo $depbase.Po
gcc -DLZO_HAVE_CONFIG_H=1 -I.  -I./include -I. -DMINILZO_HAVE_CONFIG_H=1 -I./include/lzo   -O2 -mabi=lp64d -march=rv64gc -MT minilzo/t-testmini.o -MD -MP -MF minilzo/.deps/t-testmini.Tpo -c -o minilzo/t-testmini.o `test -f 'minilzo/testmini.c' || echo './'`minilzo/testmini.c
gcc -DLZO_HAVE_CONFIG_H=1 -I.  -I./include -I. -DMINILZO_HAVE_CONFIG_H=1 -I./include/lzo   -O2 -mabi=lp64d -march=rv64gc -MT minilzo/t-minilzo.o -MD -MP -MF minilzo/.deps/t-minilzo.Tpo -c -o minilzo/t-minilzo.o `test -f 'minilzo/minilzo.c' || echo './'`minilzo/minilzo.c
/bin/sh ./libtool  --tag=CC   --mode=link gcc  -O2 -mabi=lp64d -march=rv64gc -version-info 2:0:0 -no-undefined   -o src/liblzo2.la -rpath /usr/lib src/lzo1.lo src/lzo1_99.lo src/lzo1a.lo src/lzo1a_99.lo src/lzo1b_1.lo src/lzo1b_2.lo src/lzo1b_3.lo src/lzo1b_4.lo src/lzo1b_5.lo src/lzo1b_6.lo src/lzo1b_7.lo src/lzo1b_8.lo src/lzo1b_9.lo src/lzo1b_99.lo src/lzo1b_9x.lo src/lzo1b_cc.lo src/lzo1b_d1.lo src/lzo1b_d2.lo src/lzo1b_rr.lo src/lzo1b_xx.lo src/lzo1c_1.lo src/lzo1c_2.lo src/lzo1c_3.lo src/lzo1c_4.lo src/lzo1c_5.lo src/lzo1c_6.lo src/lzo1c_7.lo src/lzo1c_8.lo src/lzo1c_9.lo src/lzo1c_99.lo src/lzo1c_9x.lo src/lzo1c_cc.lo src/lzo1c_d1.lo src/lzo1c_d2.lo src/lzo1c_rr.lo src/lzo1c_xx.lo src/lzo1f_1.lo src/lzo1f_9x.lo src/lzo1f_d1.lo src/lzo1f_d2.lo src/lzo1x_1.lo src/lzo1x_1k.lo src/lzo1x_1l.lo src/lzo1x_1o.lo src/lzo1x_9x.lo src/lzo1x_d1.lo src/lzo1x_d2.lo src/lzo1x_d3.lo src/lzo1x_o.lo src/lzo1y_1.lo src/lzo1y_9x.lo src/lzo1y_d1.lo src/lzo1y_d2.lo src/lzo1y_d3.lo src/lzo1y_o.lo src/lzo1z_9x.lo src/lzo1z_d1.lo src/lzo1z_d2.lo src/lzo1z_d3.lo src/lzo2a_9x.lo src/lzo2a_d1.lo src/lzo2a_d2.lo src/lzo_crc.lo src/lzo_init.lo src/lzo_ptr.lo src/lzo_str.lo src/lzo_util.lo   
/bin/sh ./libtool  --tag=CC   --mode=link gcc  -O2 -mabi=lp64d -march=rv64gc   -o tests/promote tests/promote.o  
/bin/sh ./libtool  --tag=CC   --mode=link gcc  -O2 -mabi=lp64d -march=rv64gc   -o tests/sizes tests/sizes.o  
mv -f minilzo/.deps/t-testmini.Tpo minilzo/.deps/t-testmini.Po
libtool: link: gcc -O2 -mabi=lp64d -march=rv64gc -o tests/promote tests/promote.o 
libtool: link: gcc -O2 -mabi=lp64d -march=rv64gc -o tests/sizes tests/sizes.o 
mv -f minilzo/.deps/t-minilzo.Tpo minilzo/.deps/t-minilzo.Po
/bin/sh ./libtool  --tag=CC   --mode=link gcc  -O2 -mabi=lp64d -march=rv64gc   -o minilzo/testmini minilzo/t-testmini.o minilzo/t-minilzo.o  
libtool: link: gcc -shared  -fPIC -DPIC  src/.libs/lzo1.o src/.libs/lzo1_99.o src/.libs/lzo1a.o src/.libs/lzo1a_99.o src/.libs/lzo1b_1.o src/.libs/lzo1b_2.o src/.libs/lzo1b_3.o src/.libs/lzo1b_4.o src/.libs/lzo1b_5.o src/.libs/lzo1b_6.o src/.libs/lzo1b_7.o src/.libs/lzo1b_8.o src/.libs/lzo1b_9.o src/.libs/lzo1b_99.o src/.libs/lzo1b_9x.o src/.libs/lzo1b_cc.o src/.libs/lzo1b_d1.o src/.libs/lzo1b_d2.o src/.libs/lzo1b_rr.o src/.libs/lzo1b_xx.o src/.libs/lzo1c_1.o src/.libs/lzo1c_2.o src/.libs/lzo1c_3.o src/.libs/lzo1c_4.o src/.libs/lzo1c_5.o src/.libs/lzo1c_6.o src/.libs/lzo1c_7.o src/.libs/lzo1c_8.o src/.libs/lzo1c_9.o src/.libs/lzo1c_99.o src/.libs/lzo1c_9x.o src/.libs/lzo1c_cc.o src/.libs/lzo1c_d1.o src/.libs/lzo1c_d2.o src/.libs/lzo1c_rr.o src/.libs/lzo1c_xx.o src/.libs/lzo1f_1.o src/.libs/lzo1f_9x.o src/.libs/lzo1f_d1.o src/.libs/lzo1f_d2.o src/.libs/lzo1x_1.o src/.libs/lzo1x_1k.o src/.libs/lzo1x_1l.o src/.libs/lzo1x_1o.o src/.libs/lzo1x_9x.o src/.libs/lzo1x_d1.o src/.libs/lzo1x_d2.o src/.libs/lzo1x_d3.o src/.libs/lzo1x_o.o src/.libs/lzo1y_1.o src/.libs/lzo1y_9x.o src/.libs/lzo1y_d1.o src/.libs/lzo1y_d2.o src/.libs/lzo1y_d3.o src/.libs/lzo1y_o.o src/.libs/lzo1z_9x.o src/.libs/lzo1z_d1.o src/.libs/lzo1z_d2.o src/.libs/lzo1z_d3.o src/.libs/lzo2a_9x.o src/.libs/lzo2a_d1.o src/.libs/lzo2a_d2.o src/.libs/lzo_crc.o src/.libs/lzo_init.o src/.libs/lzo_ptr.o src/.libs/lzo_str.o src/.libs/lzo_util.o    -O2 -mabi=lp64d -march=rv64gc   -Wl,-soname -Wl,liblzo2.so.2 -o src/.libs/liblzo2.so.2.0.0
libtool: link: (cd "src/.libs" && rm -f "liblzo2.so.2" && ln -s "liblzo2.so.2.0.0" "liblzo2.so.2")
libtool: link: (cd "src/.libs" && rm -f "liblzo2.so" && ln -s "liblzo2.so.2.0.0" "liblzo2.so")
libtool: link: ( cd "src/.libs" && rm -f "liblzo2.la" && ln -s "../liblzo2.la" "liblzo2.la" )
/bin/sh ./libtool  --tag=CC   --mode=link gcc  -O2 -mabi=lp64d -march=rv64gc   -o examples/dict examples/dict.o src/liblzo2.la 
/bin/sh ./libtool  --tag=CC   --mode=link gcc  -O2 -mabi=lp64d -march=rv64gc   -o examples/lzopack examples/lzopack.o src/liblzo2.la 
/bin/sh ./libtool  --tag=CC   --mode=link gcc  -O2 -mabi=lp64d -march=rv64gc   -o examples/overlap examples/overlap.o src/liblzo2.la 
/bin/sh ./libtool  --tag=CC   --mode=link gcc  -O2 -mabi=lp64d -march=rv64gc   -o examples/precomp examples/precomp.o src/liblzo2.la 
/bin/sh ./libtool  --tag=CC   --mode=link gcc  -O2 -mabi=lp64d -march=rv64gc   -o examples/precomp2 examples/precomp2.o src/liblzo2.la 
/bin/sh ./libtool  --tag=CC   --mode=link gcc  -O2 -mabi=lp64d -march=rv64gc   -o examples/simple examples/simple.o src/liblzo2.la 
/bin/sh ./libtool  --tag=CC   --mode=link gcc  -O2 -mabi=lp64d -march=rv64gc   -o tests/align tests/align.o src/liblzo2.la 
libtool: link: gcc -O2 -mabi=lp64d -march=rv64gc -o minilzo/testmini minilzo/t-testmini.o minilzo/t-minilzo.o 
/bin/sh ./libtool  --tag=CC   --mode=link gcc  -O2 -mabi=lp64d -march=rv64gc   -o tests/chksum tests/chksum.o src/liblzo2.la 
libtool: link: gcc -O2 -mabi=lp64d -march=rv64gc -o examples/.libs/dict examples/dict.o  src/.libs/liblzo2.so
libtool: link: gcc -O2 -mabi=lp64d -march=rv64gc -o examples/.libs/precomp examples/precomp.o  src/.libs/liblzo2.so
libtool: link: gcc -O2 -mabi=lp64d -march=rv64gc -o examples/.libs/lzopack examples/lzopack.o  src/.libs/liblzo2.so
libtool: link: gcc -O2 -mabi=lp64d -march=rv64gc -o examples/.libs/overlap examples/overlap.o  src/.libs/liblzo2.so
libtool: link: gcc -O2 -mabi=lp64d -march=rv64gc -o examples/.libs/precomp2 examples/precomp2.o  src/.libs/liblzo2.so
libtool: link: gcc -O2 -mabi=lp64d -march=rv64gc -o examples/.libs/simple examples/simple.o  src/.libs/liblzo2.so
/bin/sh ./libtool  --tag=CC   --mode=link gcc  -O2 -mabi=lp64d -march=rv64gc   -o lzotest/lzotest lzotest/lzotest.o src/liblzo2.la 
libtool: link: gcc -O2 -mabi=lp64d -march=rv64gc -o tests/.libs/align tests/align.o  src/.libs/liblzo2.so
libtool: link: gcc -O2 -mabi=lp64d -march=rv64gc -o tests/.libs/chksum tests/chksum.o  src/.libs/liblzo2.so
libtool: link: gcc -O2 -mabi=lp64d -march=rv64gc -o lzotest/.libs/lzotest lzotest/lzotest.o  src/.libs/liblzo2.so
make[1]: Leaving directory '/home/devel/building/work/src/lzo-2.10'
+ make DESTDIR=/home/devel/building/work/pkg install
make[1]: Entering directory '/home/devel/building/work/src/lzo-2.10'
 /bin/mkdir -p '/home/devel/building/work/pkg/usr/share/doc/lzo'
 /bin/mkdir -p '/home/devel/building/work/pkg/usr/lib/pkgconfig'
 /bin/mkdir -p '/home/devel/building/work/pkg/usr/include/lzo'
 /bin/mkdir -p '/home/devel/building/work/pkg/usr/lib'
 /bin/sh ./libtool   --mode=install /usr/bin/install -c   src/liblzo2.la '/home/devel/building/work/pkg/usr/lib'
 /usr/bin/install -c -m 644 AUTHORS COPYING NEWS THANKS doc/LZO.FAQ doc/LZO.TXT doc/LZOAPI.TXT '/home/devel/building/work/pkg/usr/share/doc/lzo'
 /usr/bin/install -c -m 644 include/lzo/lzo1.h include/lzo/lzo1a.h include/lzo/lzo1b.h include/lzo/lzo1c.h include/lzo/lzo1f.h include/lzo/lzo1x.h include/lzo/lzo1y.h include/lzo/lzo1z.h include/lzo/lzo2a.h include/lzo/lzo_asm.h include/lzo/lzoconf.h include/lzo/lzodefs.h include/lzo/lzoutil.h '/home/devel/building/work/pkg/usr/include/lzo'
 /usr/bin/install -c -m 644 lzo2.pc '/home/devel/building/work/pkg/usr/lib/pkgconfig'
libtool: install: /usr/bin/install -c src/.libs/liblzo2.so.2.0.0 /home/devel/building/work/pkg/usr/lib/liblzo2.so.2.0.0
libtool: install: (cd /home/devel/building/work/pkg/usr/lib && { ln -s -f liblzo2.so.2.0.0 liblzo2.so.2 || { rm -f liblzo2.so.2 && ln -s liblzo2.so.2.0.0 liblzo2.so.2; }; })
libtool: install: (cd /home/devel/building/work/pkg/usr/lib && { ln -s -f liblzo2.so.2.0.0 liblzo2.so || { rm -f liblzo2.so && ln -s liblzo2.so.2.0.0 liblzo2.so; }; })
libtool: install: /usr/bin/install -c src/.libs/liblzo2.lai /home/devel/building/work/pkg/usr/lib/liblzo2.la
libtool: warning: remember to run 'libtool --finish /usr/lib'
make[1]: Leaving directory '/home/devel/building/work/src/lzo-2.10'
+ install -d /home/devel/building/work/pkg/lib
+ mv /home/devel/building/work/pkg/usr/lib/liblzo2.so.2 /home/devel/building/work/pkg/usr/lib/liblzo2.so.2.0.0 /home/devel/building/work/pkg/lib
++ readlink /home/devel/building/work/pkg/lib/liblzo2.so.2
+ ln -sf ../../lib/liblzo2.so.2.0.0 /home/devel/building/work/pkg/usr/lib/liblzo2.so
+ rm -r /home/devel/building/work/pkg/usr/share
+ find /home/devel/building/work/pkg -type f -name '*.la' -delete
=======> Build result:
drwxr-xr-x  0 root   root        0 Feb 21 20:20 lib/
-rwxr-xr-x  0 root   root   108640 Feb 21 20:20 lib/liblzo2.so.2.0.0
lrwxrwxrwx  0 root   root        0 Feb 21 20:20 lib/liblzo2.so.2 -> liblzo2.so.2.0.0
drwxr-xr-x  0 root   root        0 Feb 21 20:20 usr/
drwxr-xr-x  0 root   root        0 Feb 21 20:20 usr/include/
drwxr-xr-x  0 root   root        0 Feb 21 20:20 usr/lib/
lrwxrwxrwx  0 root   root        0 Feb 21 20:20 usr/lib/liblzo2.so -> ../../lib/liblzo2.so.2.0.0
drwxr-xr-x  0 root   root        0 Feb 21 20:20 usr/lib/pkgconfig/
-rw-r--r--  0 root   root      520 Feb 21 20:20 usr/lib/pkgconfig/lzo2.pc
drwxr-xr-x  0 root   root        0 Feb 21 20:20 usr/include/lzo/
-rw-r--r--  0 root   root     1823 Feb 21 20:20 usr/include/lzo/lzoutil.h
-rw-r--r--  0 root   root   127289 Feb 21 20:20 usr/include/lzo/lzodefs.h
-rw-r--r--  0 root   root    16006 Feb 21 20:20 usr/include/lzo/lzoconf.h
-rw-r--r--  0 root   root     5566 Feb 21 20:20 usr/include/lzo/lzo_asm.h
-rw-r--r--  0 root   root     2525 Feb 21 20:20 usr/include/lzo/lzo2a.h
-rw-r--r--  0 root   root     3771 Feb 21 20:20 usr/include/lzo/lzo1z.h
-rw-r--r--  0 root   root     4641 Feb 21 20:20 usr/include/lzo/lzo1y.h
-rw-r--r--  0 root   root     5873 Feb 21 20:20 usr/include/lzo/lzo1x.h
-rw-r--r--  0 root   root     3073 Feb 21 20:20 usr/include/lzo/lzo1f.h
-rw-r--r--  0 root   root     5384 Feb 21 20:20 usr/include/lzo/lzo1c.h
-rw-r--r--  0 root   root     5387 Feb 21 20:20 usr/include/lzo/lzo1b.h
-rw-r--r--  0 root   root     2638 Feb 21 20:20 usr/include/lzo/lzo1a.h
-rw-r--r--  0 root   root     2634 Feb 21 20:20 usr/include/lzo/lzo1.h
=======> Building '/home/devel/packages/lzo#2.10-1.riscv64.pkg.tar.zst' succeeded.
prt-get: Using PKGMK_PACKAGE_DIR: /home/devel/packages
prt-get: reinstalling lzo 2.10-1
prt-get: /usr/bin/pkgadd -u lzo#2.10-1.riscv64.pkg.tar.zst
prt-get: build done Tue Feb 21 20:20:43 2023

