prt-get: updating /usr/ports/core-riscv64/libffi
prt-get: starting build Tue Feb 21 19:34:36 2023
=======> Building '/home/devel/packages/libffi#3.4.4-1.riscv64.pkg.tar.zst'.
bsdtar -p -o -C /home/devel/building/work/src -xf /home/devel/sources/libffi-3.4.4.tar.gz
+ build
+ cd libffi-3.4.4
+ ./configure --prefix=/usr --disable-static --with-gcc-arch=native --disable-exec-static-tramp
checking build system type... riscv64-unknown-linux-gnu
checking host system type... riscv64-unknown-linux-gnu
checking target system type... riscv64-unknown-linux-gnu
continue configure in default builddir "./riscv64-unknown-linux-gnu"
....exec /bin/sh .././configure "--srcdir=.." "--enable-builddir=riscv64-unknown-linux-gnu" "linux
gnu"
checking build system type... riscv64-unknown-linux-gnu
checking host system type... riscv64-unknown-linux-gnu
checking target system type... riscv64-unknown-linux-gnu
checking for gsed... sed
checking for a BSD-compatible install... /usr/bin/install -c
checking whether build environment is sane... yes
checking for a race-free mkdir -p... /bin/mkdir -p
checking for gawk... gawk
checking whether make sets $(MAKE)... yes
checking whether make supports nested variables... yes
checking for gcc... gcc
checking whether the C compiler works... yes
checking for C compiler default output file name... a.out
checking for suffix of executables... 
checking whether we are cross compiling... no
checking for suffix of object files... o
checking whether the compiler supports GNU C... yes
checking whether gcc accepts -g... yes
checking for gcc option to enable C11 features... none needed
checking whether gcc understands -c and -o together... yes
checking whether make supports the include directive... yes (GNU style)
checking dependency style of gcc... gcc3
checking for g++... g++
checking whether the compiler supports GNU C++... yes
checking whether g++ accepts -g... yes
checking for g++ option to enable C++11 features... none needed
checking dependency style of g++... gcc3
checking dependency style of gcc... gcc3
checking for grep that handles long lines and -e... /usr/bin/grep
checking for egrep... /usr/bin/grep -E
checking how to print strings... printf
checking for a sed that does not truncate output... /bin/sed
checking for fgrep... /usr/bin/grep -F
checking for ld used by gcc... /usr/bin/ld
checking if the linker (/usr/bin/ld) is GNU ld... yes
checking for BSD- or MS-compatible name lister (nm)... /usr/bin/nm -B
checking the name lister (/usr/bin/nm -B) interface... BSD nm
checking whether ln -s works... yes
checking the maximum length of command line arguments... 1572864
checking how to convert riscv64-unknown-linux-gnu file names to riscv64-unknown-linux-gnu format... func_convert_file_noop
checking how to convert riscv64-unknown-linux-gnu file names to toolchain format... func_convert_file_noop
checking for /usr/bin/ld option to reload object files... -r
checking for file... file
checking for objdump... objdump
checking how to recognize dependent libraries... pass_all
checking for dlltool... no
checking how to associate runtime and link libraries... printf %s\n
checking for ar... ar
checking for archiver @FILE support... @
checking for strip... strip
checking for ranlib... ranlib
checking command to parse /usr/bin/nm -B output from gcc object... ok
checking for sysroot... no
checking for a working dd... /bin/dd
checking how to truncate binary pipes... /bin/dd bs=4096 count=1
checking for mt... no
checking if : is a manifest tool... no
checking for stdio.h... yes
checking for stdlib.h... yes
checking for string.h... yes
checking for inttypes.h... yes
checking for stdint.h... yes
checking for strings.h... yes
checking for sys/stat.h... yes
checking for sys/types.h... yes
checking for unistd.h... yes
checking for dlfcn.h... yes
checking for objdir... .libs
checking if gcc supports -fno-rtti -fno-exceptions... no
checking for gcc option to produce PIC... -fPIC -DPIC
checking if gcc PIC flag -fPIC -DPIC works... yes
checking if gcc static flag -static works... yes
checking if gcc supports -c -o file.o... yes
checking if gcc supports -c -o file.o... (cached) yes
checking whether the gcc linker (/usr/bin/ld) supports shared libraries... yes
checking whether -lc should be explicitly linked in... no
checking dynamic linker characteristics... GNU/Linux ld.so
checking how to hardcode library paths into programs... immediate
checking whether stripping libraries is possible... yes
checking if libtool supports shared libraries... yes
checking whether to build shared libraries... yes
checking whether to build static libraries... no
checking how to run the C++ preprocessor... g++ -E
checking for ld used by g++... /usr/bin/ld
checking if the linker (/usr/bin/ld) is GNU ld... yes
checking whether the g++ linker (/usr/bin/ld) supports shared libraries... yes
checking for g++ option to produce PIC... -fPIC -DPIC
checking if g++ PIC flag -fPIC -DPIC works... yes
checking if g++ static flag -static works... yes
checking if g++ supports -c -o file.o... yes
checking if g++ supports -c -o file.o... (cached) yes
checking whether the g++ linker (/usr/bin/ld) supports shared libraries... yes
checking dynamic linker characteristics... (cached) GNU/Linux ld.so
checking how to hardcode library paths into programs... immediate
checking for readelf... readelf
checking size of size_t... 8
checking for C compiler vendor... gnu
checking CFLAGS for most reasonable warnings... -Wall
checking whether to enable maintainer-specific portions of Makefiles... no
checking for sys/memfd.h... no
checking for memfd_create... yes
checking for sys/mman.h... yes
checking for mmap... yes
checking for mkostemp... yes
checking for mkstemp... yes
checking for sys/mman.h... (cached) yes
checking for mmap... (cached) yes
checking whether read-only mmap of a plain file works... yes
checking whether mmap from /dev/zero works... yes
checking for MAP_ANON(YMOUS)... yes
checking whether mmap with MAP_ANON(YMOUS) works... yes
checking for egrep... (cached) /usr/bin/grep -E
checking for memcpy... yes
checking for size_t... yes
checking for working alloca.h... yes
checking for alloca... yes
checking size of double... 8
checking size of long double... 16
checking whether byte ordering is bigendian... no
checking assembler .cfi pseudo-op support... yes
checking whether compiler supports pointer authentication... no
checking for _ prefix in compiled symbols... no
checking whether C compiler accepts -fno-lto... yes
checking whether .eh_frame section should be read-only... yes
checking for __attribute__((visibility("hidden")))... yes
checking for shared libgcc... yes
configure: versioning on shared library symbols is gnu
checking that generated files are newer than configure... done
configure: creating ./config.status
config.status: creating include/Makefile
config.status: creating include/ffi.h
config.status: creating Makefile
config.status: creating testsuite/Makefile
config.status: creating man/Makefile
config.status: creating doc/Makefile
config.status: creating libffi.pc
config.status: creating fficonfig.h
config.status: executing buildir commands
config.status: create top_srcdir/Makefile guessed from local Makefile
config.status: build in riscv64-unknown-linux-gnu (HOST=)
config.status: executing depfiles commands
config.status: executing libtool commands
config.status: executing include commands
config.status: executing src commands
+ make V=1
MAKE riscv64-unknown-linux-gnu : 0 * all-all
make[1]: Entering directory '/home/devel/building/work/src/libffi-3.4.4/riscv64-unknown-linux-gnu'
/usr/bin/make  all-recursive
make[2]: Entering directory '/home/devel/building/work/src/libffi-3.4.4/riscv64-unknown-linux-gnu'
Making all in include
make[3]: Entering directory '/home/devel/building/work/src/libffi-3.4.4/riscv64-unknown-linux-gnu/include'
make[3]: Nothing to be done for 'all'.
make[3]: Leaving directory '/home/devel/building/work/src/libffi-3.4.4/riscv64-unknown-linux-gnu/include'
Making all in testsuite
make[3]: Entering directory '/home/devel/building/work/src/libffi-3.4.4/riscv64-unknown-linux-gnu/testsuite'
make[3]: Nothing to be done for 'all'.
make[3]: Leaving directory '/home/devel/building/work/src/libffi-3.4.4/riscv64-unknown-linux-gnu/testsuite'
Making all in man
make[3]: Entering directory '/home/devel/building/work/src/libffi-3.4.4/riscv64-unknown-linux-gnu/man'
make[3]: Nothing to be done for 'all'.
make[3]: Leaving directory '/home/devel/building/work/src/libffi-3.4.4/riscv64-unknown-linux-gnu/man'
Making all in doc
make[3]: Entering directory '/home/devel/building/work/src/libffi-3.4.4/riscv64-unknown-linux-gnu/doc'
make[3]: Nothing to be done for 'all'.
make[3]: Leaving directory '/home/devel/building/work/src/libffi-3.4.4/riscv64-unknown-linux-gnu/doc'
make[3]: Entering directory '/home/devel/building/work/src/libffi-3.4.4/riscv64-unknown-linux-gnu'
gcc -DHAVE_CONFIG_H -I. -I..  -I. -I../include -Iinclude -I../src   -Wall -O2 -mabi=lp64d -march=rv64gc -fexceptions -DRISCV -DGENERATE_LIBFFI_MAP \
 -E -x assembler-with-cpp -o libffi.map ../libffi.map.in
depbase=`echo src/prep_cif.lo | sed 's|[^/]*$|.deps/&|;s|\.lo$||'`;\
/bin/sh ./libtool  --tag=CC   --mode=compile gcc -DHAVE_CONFIG_H -I. -I..  -I. -I../include -Iinclude -I../src   -Wall -O2 -mabi=lp64d -march=rv64gc -fexceptions -MT src/prep_cif.lo -MD -MP -MF $depbase.Tpo -c -o src/prep_cif.lo ../src/prep_cif.c &&\
mv -f $depbase.Tpo $depbase.Plo
depbase=`echo src/types.lo | sed 's|[^/]*$|.deps/&|;s|\.lo$||'`;\
/bin/sh ./libtool  --tag=CC   --mode=compile gcc -DHAVE_CONFIG_H -I. -I..  -I. -I../include -Iinclude -I../src   -Wall -O2 -mabi=lp64d -march=rv64gc -fexceptions -MT src/types.lo -MD -MP -MF $depbase.Tpo -c -o src/types.lo ../src/types.c &&\
mv -f $depbase.Tpo $depbase.Plo
depbase=`echo src/raw_api.lo | sed 's|[^/]*$|.deps/&|;s|\.lo$||'`;\
/bin/sh ./libtool  --tag=CC   --mode=compile gcc -DHAVE_CONFIG_H -I. -I..  -I. -I../include -Iinclude -I../src   -Wall -O2 -mabi=lp64d -march=rv64gc -fexceptions -MT src/raw_api.lo -MD -MP -MF $depbase.Tpo -c -o src/raw_api.lo ../src/raw_api.c &&\
mv -f $depbase.Tpo $depbase.Plo
depbase=`echo src/java_raw_api.lo | sed 's|[^/]*$|.deps/&|;s|\.lo$||'`;\
/bin/sh ./libtool  --tag=CC   --mode=compile gcc -DHAVE_CONFIG_H -I. -I..  -I. -I../include -Iinclude -I../src   -Wall -O2 -mabi=lp64d -march=rv64gc -fexceptions -MT src/java_raw_api.lo -MD -MP -MF $depbase.Tpo -c -o src/java_raw_api.lo ../src/java_raw_api.c &&\
mv -f $depbase.Tpo $depbase.Plo
depbase=`echo src/closures.lo | sed 's|[^/]*$|.deps/&|;s|\.lo$||'`;\
/bin/sh ./libtool  --tag=CC   --mode=compile gcc -DHAVE_CONFIG_H -I. -I..  -I. -I../include -Iinclude -I../src   -Wall -O2 -mabi=lp64d -march=rv64gc -fexceptions -MT src/closures.lo -MD -MP -MF $depbase.Tpo -c -o src/closures.lo ../src/closures.c &&\
mv -f $depbase.Tpo $depbase.Plo
depbase=`echo src/tramp.lo | sed 's|[^/]*$|.deps/&|;s|\.lo$||'`;\
/bin/sh ./libtool  --tag=CC   --mode=compile gcc -DHAVE_CONFIG_H -I. -I..  -I. -I../include -Iinclude -I../src   -Wall -O2 -mabi=lp64d -march=rv64gc -fexceptions -MT src/tramp.lo -MD -MP -MF $depbase.Tpo -c -o src/tramp.lo ../src/tramp.c &&\
mv -f $depbase.Tpo $depbase.Plo
depbase=`echo src/riscv/ffi.lo | sed 's|[^/]*$|.deps/&|;s|\.lo$||'`;\
/bin/sh ./libtool  --tag=CC   --mode=compile gcc -DHAVE_CONFIG_H -I. -I..  -I. -I../include -Iinclude -I../src   -Wall -O2 -mabi=lp64d -march=rv64gc -fexceptions -MT src/riscv/ffi.lo -MD -MP -MF $depbase.Tpo -c -o src/riscv/ffi.lo ../src/riscv/ffi.c &&\
mv -f $depbase.Tpo $depbase.Plo
depbase=`echo src/riscv/sysv.lo | sed 's|[^/]*$|.deps/&|;s|\.lo$||'`;\
/bin/sh ./libtool  --tag=CC   --mode=compile gcc -DHAVE_CONFIG_H -I. -I..  -I. -I../include -Iinclude -I../src  -I. -I../include -Iinclude -I../src -O2 -mabi=lp64d -march=rv64gc -MT src/riscv/sysv.lo -MD -MP -MF $depbase.Tpo -c -o src/riscv/sysv.lo ../src/riscv/sysv.S &&\
mv -f $depbase.Tpo $depbase.Plo
libtool: compile:  gcc -DHAVE_CONFIG_H -I. -I.. -I. -I../include -Iinclude -I../src -Wall -O2 -mabi=lp64d -march=rv64gc -fexceptions -MT src/types.lo -MD -MP -MF src/.deps/types.Tpo -c ../src/types.c  -fPIC -DPIC -o src/.libs/types.o
libtool: compile:  gcc -DHAVE_CONFIG_H -I. -I.. -I. -I../include -Iinclude -I../src -Wall -O2 -mabi=lp64d -march=rv64gc -fexceptions -MT src/prep_cif.lo -MD -MP -MF src/.deps/prep_cif.Tpo -c ../src/prep_cif.c  -fPIC -DPIC -o src/.libs/prep_cif.o
libtool: compile:  gcc -DHAVE_CONFIG_H -I. -I.. -I. -I../include -Iinclude -I../src -Wall -O2 -mabi=lp64d -march=rv64gc -fexceptions -MT src/tramp.lo -MD -MP -MF src/.deps/tramp.Tpo -c ../src/tramp.c  -fPIC -DPIC -o src/.libs/tramp.o
libtool: compile:  gcc -DHAVE_CONFIG_H -I. -I.. -I. -I../include -Iinclude -I../src -Wall -O2 -mabi=lp64d -march=rv64gc -fexceptions -MT src/java_raw_api.lo -MD -MP -MF src/.deps/java_raw_api.Tpo -c ../src/java_raw_api.c  -fPIC -DPIC -o src/.libs/java_raw_api.o
libtool: compile:  gcc -DHAVE_CONFIG_H -I. -I.. -I. -I../include -Iinclude -I../src -Wall -O2 -mabi=lp64d -march=rv64gc -fexceptions -MT src/riscv/ffi.lo -MD -MP -MF src/riscv/.deps/ffi.Tpo -c ../src/riscv/ffi.c  -fPIC -DPIC -o src/riscv/.libs/ffi.o
libtool: compile:  gcc -DHAVE_CONFIG_H -I. -I.. -I. -I../include -Iinclude -I../src -Wall -O2 -mabi=lp64d -march=rv64gc -fexceptions -MT src/raw_api.lo -MD -MP -MF src/.deps/raw_api.Tpo -c ../src/raw_api.c  -fPIC -DPIC -o src/.libs/raw_api.o
libtool: compile:  gcc -DHAVE_CONFIG_H -I. -I.. -I. -I../include -Iinclude -I../src -Wall -O2 -mabi=lp64d -march=rv64gc -fexceptions -MT src/closures.lo -MD -MP -MF src/.deps/closures.Tpo -c ../src/closures.c  -fPIC -DPIC -o src/.libs/closures.o
libtool: compile:  gcc -DHAVE_CONFIG_H -I. -I.. -I. -I../include -Iinclude -I../src -I. -I../include -Iinclude -I../src -O2 -mabi=lp64d -march=rv64gc -MT src/riscv/sysv.lo -MD -MP -MF src/riscv/.deps/sysv.Tpo -c ../src/riscv/sysv.S  -fPIC -DPIC -o src/riscv/.libs/sysv.o
../src/java_raw_api.c: In function 'ffi_java_raw_call':
../src/java_raw_api.c:317:3: warning: 'ffi_java_raw_to_ptrarray' is deprecated [-Wdeprecated-declarations]
  317 |   ffi_java_raw_to_ptrarray (cif, raw, avalue);
      |   ^~~~~~~~~~~~~~~~~~~~~~~~
../src/java_raw_api.c:76:1: note: declared here
   76 | ffi_java_raw_to_ptrarray (ffi_cif *cif, ffi_java_raw *raw, void **args)
      | ^~~~~~~~~~~~~~~~~~~~~~~~
../src/java_raw_api.c: In function 'ffi_java_translate_args':
../src/java_raw_api.c:328:3: warning: 'ffi_java_raw_size' is deprecated [-Wdeprecated-declarations]
  328 |   ffi_java_raw *raw = (ffi_java_raw*)alloca (ffi_java_raw_size (cif));
      |   ^~~~~~~~~~~~
../src/java_raw_api.c:45:1: note: declared here
   45 | ffi_java_raw_size (ffi_cif *cif)
      | ^~~~~~~~~~~~~~~~~
../src/java_raw_api.c:331:3: warning: 'ffi_java_ptrarray_to_raw' is deprecated [-Wdeprecated-declarations]
  331 |   ffi_java_ptrarray_to_raw (cif, avalue, raw);
      |   ^~~~~~~~~~~~~~~~~~~~~~~~
../src/java_raw_api.c:157:1: note: declared here
  157 | ffi_java_ptrarray_to_raw (ffi_cif *cif, void **args, ffi_java_raw *raw)
      | ^~~~~~~~~~~~~~~~~~~~~~~~
../src/java_raw_api.c: In function 'ffi_prep_java_raw_closure':
../src/java_raw_api.c:369:3: warning: 'ffi_prep_java_raw_closure_loc' is deprecated [-Wdeprecated-declarations]
  369 |   return ffi_prep_java_raw_closure_loc (cl, cif, fun, user_data, cl);
      |   ^~~~~~
../src/java_raw_api.c:337:1: note: declared here
  337 | ffi_prep_java_raw_closure_loc (ffi_java_raw_closure* cl,
      | ^~~~~~~~~~~~~~~~~~~~~~~~~~~~~
/bin/sh ./libtool  --tag=CC   --mode=link gcc  -Wall -O2 -mabi=lp64d -march=rv64gc -fexceptions   -o libffi_convenience.la  src/prep_cif.lo src/types.lo src/raw_api.lo src/java_raw_api.lo src/closures.lo src/tramp.lo   src/riscv/ffi.lo src/riscv/sysv.lo 
/bin/sh ./libtool  --tag=CC   --mode=link gcc  -Wall -O2 -mabi=lp64d -march=rv64gc -fexceptions -no-undefined -version-info `grep -v '^#' ../libtool-version` -Wl,--version-script,libffi.map    -o libffi.la -rpath /usr/lib src/prep_cif.lo src/types.lo src/raw_api.lo src/java_raw_api.lo src/closures.lo src/tramp.lo  src/riscv/ffi.lo src/riscv/sysv.lo 
libtool: link: gcc -shared  -fPIC -DPIC  src/.libs/prep_cif.o src/.libs/types.o src/.libs/raw_api.o src/.libs/java_raw_api.o src/.libs/closures.o src/.libs/tramp.o src/riscv/.libs/ffi.o src/riscv/.libs/sysv.o    -O2 -mabi=lp64d -march=rv64gc -Wl,--version-script -Wl,libffi.map   -Wl,-soname -Wl,libffi.so.8 -o .libs/libffi.so.8.1.2
libtool: link: ar cr .libs/libffi_convenience.a src/.libs/prep_cif.o src/.libs/types.o src/.libs/raw_api.o src/.libs/java_raw_api.o src/.libs/closures.o src/.libs/tramp.o src/riscv/.libs/ffi.o src/riscv/.libs/sysv.o 
libtool: link: (cd ".libs" && rm -f "libffi.so.8" && ln -s "libffi.so.8.1.2" "libffi.so.8")
libtool: link: (cd ".libs" && rm -f "libffi.so" && ln -s "libffi.so.8.1.2" "libffi.so")
libtool: link: ( cd ".libs" && rm -f "libffi.la" && ln -s "../libffi.la" "libffi.la" )
libtool: link: ranlib .libs/libffi_convenience.a
libtool: link: ( cd ".libs" && rm -f "libffi_convenience.la" && ln -s "../libffi_convenience.la" "libffi_convenience.la" )
make[3]: Leaving directory '/home/devel/building/work/src/libffi-3.4.4/riscv64-unknown-linux-gnu'
make[2]: Leaving directory '/home/devel/building/work/src/libffi-3.4.4/riscv64-unknown-linux-gnu'
make[1]: Leaving directory '/home/devel/building/work/src/libffi-3.4.4/riscv64-unknown-linux-gnu'
+ make DESTDIR=/home/devel/building/work/pkg install
MAKE riscv64-unknown-linux-gnu : 0 * install
make[1]: Entering directory '/home/devel/building/work/src/libffi-3.4.4/riscv64-unknown-linux-gnu'
Making install in include
make[2]: Entering directory '/home/devel/building/work/src/libffi-3.4.4/riscv64-unknown-linux-gnu/include'
make[3]: Entering directory '/home/devel/building/work/src/libffi-3.4.4/riscv64-unknown-linux-gnu/include'
make[3]: Nothing to be done for 'install-exec-am'.
 /bin/mkdir -p '/home/devel/building/work/pkg/usr/include'
 /usr/bin/install -c -m 644 ffi.h ffitarget.h '/home/devel/building/work/pkg/usr/include'
make[3]: Leaving directory '/home/devel/building/work/src/libffi-3.4.4/riscv64-unknown-linux-gnu/include'
make[2]: Leaving directory '/home/devel/building/work/src/libffi-3.4.4/riscv64-unknown-linux-gnu/include'
Making install in testsuite
make[2]: Entering directory '/home/devel/building/work/src/libffi-3.4.4/riscv64-unknown-linux-gnu/testsuite'
make[3]: Entering directory '/home/devel/building/work/src/libffi-3.4.4/riscv64-unknown-linux-gnu/testsuite'
make[3]: Nothing to be done for 'install-exec-am'.
make[3]: Nothing to be done for 'install-data-am'.
make[3]: Leaving directory '/home/devel/building/work/src/libffi-3.4.4/riscv64-unknown-linux-gnu/testsuite'
make[2]: Leaving directory '/home/devel/building/work/src/libffi-3.4.4/riscv64-unknown-linux-gnu/testsuite'
Making install in man
make[2]: Entering directory '/home/devel/building/work/src/libffi-3.4.4/riscv64-unknown-linux-gnu/man'
make[3]: Entering directory '/home/devel/building/work/src/libffi-3.4.4/riscv64-unknown-linux-gnu/man'
make[3]: Nothing to be done for 'install-exec-am'.
 /bin/mkdir -p '/home/devel/building/work/pkg/usr/share/man/man3'
 /usr/bin/install -c -m 644 ../../man/ffi.3 ../../man/ffi_call.3 ../../man/ffi_prep_cif.3 ../../man/ffi_prep_cif_var.3 '/home/devel/building/work/pkg/usr/share/man/man3'
make[3]: Leaving directory '/home/devel/building/work/src/libffi-3.4.4/riscv64-unknown-linux-gnu/man'
make[2]: Leaving directory '/home/devel/building/work/src/libffi-3.4.4/riscv64-unknown-linux-gnu/man'
Making install in doc
make[2]: Entering directory '/home/devel/building/work/src/libffi-3.4.4/riscv64-unknown-linux-gnu/doc'
make[3]: Entering directory '/home/devel/building/work/src/libffi-3.4.4/riscv64-unknown-linux-gnu/doc'
make[3]: Nothing to be done for 'install-exec-am'.
 /bin/mkdir -p '/home/devel/building/work/pkg/usr/share/info'
 /usr/bin/install -c -m 644 ../../doc/libffi.info '/home/devel/building/work/pkg/usr/share/info'
 install-info --info-dir='/home/devel/building/work/pkg/usr/share/info' '/home/devel/building/work/pkg/usr/share/info/libffi.info'
make[3]: Leaving directory '/home/devel/building/work/src/libffi-3.4.4/riscv64-unknown-linux-gnu/doc'
make[2]: Leaving directory '/home/devel/building/work/src/libffi-3.4.4/riscv64-unknown-linux-gnu/doc'
make[2]: Entering directory '/home/devel/building/work/src/libffi-3.4.4/riscv64-unknown-linux-gnu'
make[3]: Entering directory '/home/devel/building/work/src/libffi-3.4.4/riscv64-unknown-linux-gnu'
 /bin/mkdir -p '/home/devel/building/work/pkg/usr/lib/pkgconfig'
 /bin/mkdir -p '/home/devel/building/work/pkg/usr/lib'
 /bin/sh ./libtool   --mode=install /usr/bin/install -c   libffi.la '/home/devel/building/work/pkg/usr/lib'
 /usr/bin/install -c -m 644 libffi.pc '/home/devel/building/work/pkg/usr/lib/pkgconfig'
libtool: install: /usr/bin/install -c .libs/libffi.so.8.1.2 /home/devel/building/work/pkg/usr/lib/libffi.so.8.1.2
libtool: install: (cd /home/devel/building/work/pkg/usr/lib && { ln -s -f libffi.so.8.1.2 libffi.so.8 || { rm -f libffi.so.8 && ln -s libffi.so.8.1.2 libffi.so.8; }; })
libtool: install: (cd /home/devel/building/work/pkg/usr/lib && { ln -s -f libffi.so.8.1.2 libffi.so || { rm -f libffi.so && ln -s libffi.so.8.1.2 libffi.so; }; })
libtool: install: /usr/bin/install -c .libs/libffi.lai /home/devel/building/work/pkg/usr/lib/libffi.la
libtool: warning: remember to run 'libtool --finish /usr/lib'
make[3]: Leaving directory '/home/devel/building/work/src/libffi-3.4.4/riscv64-unknown-linux-gnu'
make[2]: Leaving directory '/home/devel/building/work/src/libffi-3.4.4/riscv64-unknown-linux-gnu'
make[1]: Leaving directory '/home/devel/building/work/src/libffi-3.4.4/riscv64-unknown-linux-gnu'
+ rm -r /home/devel/building/work/pkg/usr/share/info
+ find /home/devel/building/work/pkg -type f -name '*.la' -delete
=======> Build result:
drwxr-xr-x  0 root   root        0 Feb 21 19:35 usr/
drwxr-xr-x  0 root   root        0 Feb 21 19:35 usr/lib/
drwxr-xr-x  0 root   root        0 Feb 21 19:35 usr/share/
drwxr-xr-x  0 root   root        0 Feb 21 19:35 usr/include/
-rw-r--r--  0 root   root     2357 Feb 21 19:35 usr/include/ffitarget.h
-rw-r--r--  0 root   root    14285 Feb 21 19:35 usr/include/ffi.h
drwxr-xr-x  0 root   root        0 Feb 21 19:35 usr/share/man/
drwxr-xr-x  0 root   root        0 Feb 21 19:35 usr/share/man/man3/
-rw-r--r--  0 root   root      415 Feb 21 19:35 usr/share/man/man3/ffi.3.gz
-rw-r--r--  0 root   root     1093 Feb 21 19:35 usr/share/man/man3/ffi_call.3.gz
-rw-r--r--  0 root   root      592 Feb 21 19:35 usr/share/man/man3/ffi_prep_cif.3.gz
-rw-r--r--  0 root   root      640 Feb 21 19:35 usr/share/man/man3/ffi_prep_cif_var.3.gz
lrwxrwxrwx  0 root   root        0 Feb 21 19:35 usr/lib/libffi.so -> libffi.so.8.1.2
lrwxrwxrwx  0 root   root        0 Feb 21 19:35 usr/lib/libffi.so.8 -> libffi.so.8.1.2
-rwxr-xr-x  0 root   root    31096 Feb 21 19:35 usr/lib/libffi.so.8.1.2
drwxr-xr-x  0 root   root        0 Feb 21 19:35 usr/lib/pkgconfig/
-rw-r--r--  0 root   root      259 Feb 21 19:35 usr/lib/pkgconfig/libffi.pc
=======> Building '/home/devel/packages/libffi#3.4.4-1.riscv64.pkg.tar.zst' succeeded.
prt-get: Using PKGMK_PACKAGE_DIR: /home/devel/packages
prt-get: reinstalling libffi 3.4.4-1
prt-get: /usr/bin/pkgadd -u libffi#3.4.4-1.riscv64.pkg.tar.zst
prt-get: build done Tue Feb 21 19:35:32 2023

