=======> Building '/home/devel/packages/http-parser#2.9.4-1.riscv64.pkg.tar.zst'.
bsdtar -p -o -C /home/devel/building/work/src -xf /home/devel/sources/http-parser-2.9.4.tar.gz
+ build
+ cd http-parser-2.9.4
+ sed -i 's|-Werror||' Makefile
+ make library
cc -I. -DHTTP_PARSER_STRICT=0  -O2 -pipe -mabi=lp64d -march=rv64gc -Wall -Wextra  -O3  -fPIC -c http_parser.c -o libhttp_parser.o
cc  -shared -Wl,-soname=libhttp_parser.so.2.9 -o libhttp_parser.so.2.9.4 libhttp_parser.o
+ make DESTDIR=/home/devel/building/work/pkg PREFIX=/usr install
cc  -shared -Wl,-soname=libhttp_parser.so.2.9 -o libhttp_parser.so.2.9.4 libhttp_parser.o
install -D  http_parser.h /home/devel/building/work/pkg/usr/include/http_parser.h
install -D libhttp_parser.so.2.9.4 /home/devel/building/work/pkg/usr/lib/libhttp_parser.so.2.9.4
ln -sf libhttp_parser.so.2.9.4 /home/devel/building/work/pkg/usr/lib/libhttp_parser.so.2.9
ln -sf libhttp_parser.so.2.9.4 /home/devel/building/work/pkg/usr/lib/libhttp_parser.so
=======> Build result:
drwxr-xr-x  0 root   root        0 Mar  1 23:32 usr/
drwxr-xr-x  0 root   root        0 Mar  1 23:32 usr/include/
drwxr-xr-x  0 root   root        0 Mar  1 23:32 usr/lib/
lrwxrwxrwx  0 root   root        0 Mar  1 23:32 usr/lib/libhttp_parser.so -> libhttp_parser.so.2.9.4
lrwxrwxrwx  0 root   root        0 Mar  1 23:32 usr/lib/libhttp_parser.so.2.9 -> libhttp_parser.so.2.9.4
-rwxr-xr-x  0 root   root    38856 Mar  1 23:32 usr/lib/libhttp_parser.so.2.9.4
-rwxr-xr-x  0 root   root    19257 Mar  1 23:32 usr/include/http_parser.h
=======> Building '/home/devel/packages/http-parser#2.9.4-1.riscv64.pkg.tar.zst' succeeded.
0:06.38
