prt-get: updating /usr/ports/core-riscv64/libmnl
prt-get: starting build Tue Feb 21 19:38:09 2023
=======> Building '/home/devel/packages/libmnl#1.0.5-1.riscv64.pkg.tar.zst'.
bsdtar -p -o -C /home/devel/building/work/src -xf /home/devel/sources/libmnl-1.0.5.tar.bz2
+ build
+ cd libmnl-1.0.5
+ ./configure --prefix=/usr
checking build system type... riscv64-unknown-linux-gnu
checking host system type... riscv64-unknown-linux-gnu
checking for a BSD-compatible install... /usr/bin/install -c
checking whether build environment is sane... yes
checking for a thread-safe mkdir -p... /bin/mkdir -p
checking for gawk... gawk
checking whether make sets $(MAKE)... yes
checking whether make supports nested variables... yes
checking how to create a pax tar archive... gnutar
checking whether make supports nested variables... (cached) yes
checking for gcc... gcc
checking whether the C compiler works... yes
checking for C compiler default output file name... a.out
checking for suffix of executables... 
checking whether we are cross compiling... no
checking for suffix of object files... o
checking whether we are using the GNU C compiler... yes
checking whether gcc accepts -g... yes
checking for gcc option to accept ISO C89... none needed
checking whether gcc understands -c and -o together... yes
checking whether make supports the include directive... yes (GNU style)
checking dependency style of gcc... gcc3
checking how to print strings... printf
checking for a sed that does not truncate output... /bin/sed
checking for grep that handles long lines and -e... /usr/bin/grep
checking for egrep... /usr/bin/grep -E
checking for fgrep... /usr/bin/grep -F
checking for ld used by gcc... /usr/bin/ld
checking if the linker (/usr/bin/ld) is GNU ld... yes
checking for BSD- or MS-compatible name lister (nm)... /usr/bin/nm -B
checking the name lister (/usr/bin/nm -B) interface... BSD nm
checking whether ln -s works... yes
checking the maximum length of command line arguments... 1572864
checking how to convert riscv64-unknown-linux-gnu file names to riscv64-unknown-linux-gnu format... func_convert_file_noop
checking how to convert riscv64-unknown-linux-gnu file names to toolchain format... func_convert_file_noop
checking for /usr/bin/ld option to reload object files... -r
checking for objdump... objdump
checking how to recognize dependent libraries... pass_all
checking for dlltool... no
checking how to associate runtime and link libraries... printf %s\n
checking for ar... ar
checking for archiver @FILE support... @
checking for strip... strip
checking for ranlib... ranlib
checking command to parse /usr/bin/nm -B output from gcc object... ok
checking for sysroot... no
checking for a working dd... /bin/dd
checking how to truncate binary pipes... /bin/dd bs=4096 count=1
checking for mt... no
checking if : is a manifest tool... no
checking how to run the C preprocessor... gcc -E
checking for ANSI C header files... yes
checking for sys/types.h... yes
checking for sys/stat.h... yes
checking for stdlib.h... yes
checking for string.h... yes
checking for memory.h... yes
checking for strings.h... yes
checking for inttypes.h... yes
checking for stdint.h... yes
checking for unistd.h... yes
checking for dlfcn.h... yes
checking for objdir... .libs
checking if gcc supports -fno-rtti -fno-exceptions... no
checking for gcc option to produce PIC... -fPIC -DPIC
checking if gcc PIC flag -fPIC -DPIC works... yes
checking if gcc static flag -static works... yes
checking if gcc supports -c -o file.o... yes
checking if gcc supports -c -o file.o... (cached) yes
checking whether the gcc linker (/usr/bin/ld) supports shared libraries... yes
checking whether -lc should be explicitly linked in... no
checking dynamic linker characteristics... GNU/Linux ld.so
checking how to hardcode library paths into programs... immediate
checking whether stripping libraries is possible... yes
checking if libtool supports shared libraries... yes
checking whether to build shared libraries... yes
checking whether to build static libraries... no
checking whether compiler accepts -fvisibility=hidden... yes
checking for doxygen... no
checking for dot... no
configure: WARNING: Doxygen not found - continuing without Doxygen support
checking that generated files are newer than configure... done
configure: creating ./config.status
config.status: creating Makefile
config.status: creating src/Makefile
config.status: creating include/Makefile
config.status: creating include/libmnl/Makefile
config.status: creating include/linux/Makefile
config.status: creating include/linux/netfilter/Makefile
config.status: creating examples/Makefile
config.status: creating examples/genl/Makefile
config.status: creating examples/kobject/Makefile
config.status: creating examples/netfilter/Makefile
config.status: creating examples/rtnl/Makefile
config.status: creating libmnl.pc
config.status: creating doxygen.cfg
config.status: creating doxygen/Makefile
config.status: creating config.h
config.status: executing depfiles commands
config.status: executing libtool commands

libmnl configuration:
  doxygen:          no
+ make V=1
/usr/bin/make  all-recursive
make[1]: Entering directory '/home/devel/building/work/src/libmnl-1.0.5'
Making all in src
make[2]: Entering directory '/home/devel/building/work/src/libmnl-1.0.5/src'
depbase=`echo socket.lo | sed 's|[^/]*$|.deps/&|;s|\.lo$||'`;\
/bin/sh ../libtool  --tag=CC   --mode=compile gcc -DHAVE_CONFIG_H -I. -I..  -D_FILE_OFFSET_BITS=64 -D_REENTRANT -I../include  -Wall -Waggregate-return -Wmissing-declarations 	-Wmissing-prototypes -Wshadow -Wstrict-prototypes 	-Wformat=2 -pipe -fvisibility=hidden -O2 -mabi=lp64d -march=rv64gc -MT socket.lo -MD -MP -MF $depbase.Tpo -c -o socket.lo socket.c &&\
mv -f $depbase.Tpo $depbase.Plo
depbase=`echo callback.lo | sed 's|[^/]*$|.deps/&|;s|\.lo$||'`;\
/bin/sh ../libtool  --tag=CC   --mode=compile gcc -DHAVE_CONFIG_H -I. -I..  -D_FILE_OFFSET_BITS=64 -D_REENTRANT -I../include  -Wall -Waggregate-return -Wmissing-declarations 	-Wmissing-prototypes -Wshadow -Wstrict-prototypes 	-Wformat=2 -pipe -fvisibility=hidden -O2 -mabi=lp64d -march=rv64gc -MT callback.lo -MD -MP -MF $depbase.Tpo -c -o callback.lo callback.c &&\
mv -f $depbase.Tpo $depbase.Plo
depbase=`echo nlmsg.lo | sed 's|[^/]*$|.deps/&|;s|\.lo$||'`;\
/bin/sh ../libtool  --tag=CC   --mode=compile gcc -DHAVE_CONFIG_H -I. -I..  -D_FILE_OFFSET_BITS=64 -D_REENTRANT -I../include  -Wall -Waggregate-return -Wmissing-declarations 	-Wmissing-prototypes -Wshadow -Wstrict-prototypes 	-Wformat=2 -pipe -fvisibility=hidden -O2 -mabi=lp64d -march=rv64gc -MT nlmsg.lo -MD -MP -MF $depbase.Tpo -c -o nlmsg.lo nlmsg.c &&\
mv -f $depbase.Tpo $depbase.Plo
depbase=`echo attr.lo | sed 's|[^/]*$|.deps/&|;s|\.lo$||'`;\
/bin/sh ../libtool  --tag=CC   --mode=compile gcc -DHAVE_CONFIG_H -I. -I..  -D_FILE_OFFSET_BITS=64 -D_REENTRANT -I../include  -Wall -Waggregate-return -Wmissing-declarations 	-Wmissing-prototypes -Wshadow -Wstrict-prototypes 	-Wformat=2 -pipe -fvisibility=hidden -O2 -mabi=lp64d -march=rv64gc -MT attr.lo -MD -MP -MF $depbase.Tpo -c -o attr.lo attr.c &&\
mv -f $depbase.Tpo $depbase.Plo
libtool: compile:  gcc -DHAVE_CONFIG_H -I. -I.. -D_FILE_OFFSET_BITS=64 -D_REENTRANT -I../include -Wall -Waggregate-return -Wmissing-declarations -Wmissing-prototypes -Wshadow -Wstrict-prototypes -Wformat=2 -pipe -fvisibility=hidden -O2 -mabi=lp64d -march=rv64gc -MT socket.lo -MD -MP -MF .deps/socket.Tpo -c socket.c  -fPIC -DPIC -o .libs/socket.o
libtool: compile:  gcc -DHAVE_CONFIG_H -I. -I.. -D_FILE_OFFSET_BITS=64 -D_REENTRANT -I../include -Wall -Waggregate-return -Wmissing-declarations -Wmissing-prototypes -Wshadow -Wstrict-prototypes -Wformat=2 -pipe -fvisibility=hidden -O2 -mabi=lp64d -march=rv64gc -MT callback.lo -MD -MP -MF .deps/callback.Tpo -c callback.c  -fPIC -DPIC -o .libs/callback.o
libtool: compile:  gcc -DHAVE_CONFIG_H -I. -I.. -D_FILE_OFFSET_BITS=64 -D_REENTRANT -I../include -Wall -Waggregate-return -Wmissing-declarations -Wmissing-prototypes -Wshadow -Wstrict-prototypes -Wformat=2 -pipe -fvisibility=hidden -O2 -mabi=lp64d -march=rv64gc -MT attr.lo -MD -MP -MF .deps/attr.Tpo -c attr.c  -fPIC -DPIC -o .libs/attr.o
libtool: compile:  gcc -DHAVE_CONFIG_H -I. -I.. -D_FILE_OFFSET_BITS=64 -D_REENTRANT -I../include -Wall -Waggregate-return -Wmissing-declarations -Wmissing-prototypes -Wshadow -Wstrict-prototypes -Wformat=2 -pipe -fvisibility=hidden -O2 -mabi=lp64d -march=rv64gc -MT nlmsg.lo -MD -MP -MF .deps/nlmsg.Tpo -c nlmsg.c  -fPIC -DPIC -o .libs/nlmsg.o
/bin/sh ../libtool  --tag=CC   --mode=link gcc -Wall -Waggregate-return -Wmissing-declarations 	-Wmissing-prototypes -Wshadow -Wstrict-prototypes 	-Wformat=2 -pipe -fvisibility=hidden -O2 -mabi=lp64d -march=rv64gc -Wl,--version-script=./libmnl.map -version-info 2:0:2  -o libmnl.la -rpath /usr/lib socket.lo callback.lo nlmsg.lo attr.lo  
libtool: link: gcc -shared  -fPIC -DPIC  .libs/socket.o .libs/callback.o .libs/nlmsg.o .libs/attr.o    -O2 -mabi=lp64d -march=rv64gc -Wl,--version-script=./libmnl.map   -Wl,-soname -Wl,libmnl.so.0 -o .libs/libmnl.so.0.2.0
libtool: link: (cd ".libs" && rm -f "libmnl.so.0" && ln -s "libmnl.so.0.2.0" "libmnl.so.0")
libtool: link: (cd ".libs" && rm -f "libmnl.so" && ln -s "libmnl.so.0.2.0" "libmnl.so")
libtool: link: ( cd ".libs" && rm -f "libmnl.la" && ln -s "../libmnl.la" "libmnl.la" )
make[2]: Leaving directory '/home/devel/building/work/src/libmnl-1.0.5/src'
Making all in include
make[2]: Entering directory '/home/devel/building/work/src/libmnl-1.0.5/include'
Making all in libmnl
make[3]: Entering directory '/home/devel/building/work/src/libmnl-1.0.5/include/libmnl'
make[3]: Nothing to be done for 'all'.
make[3]: Leaving directory '/home/devel/building/work/src/libmnl-1.0.5/include/libmnl'
Making all in linux
make[3]: Entering directory '/home/devel/building/work/src/libmnl-1.0.5/include/linux'
Making all in netfilter
make[4]: Entering directory '/home/devel/building/work/src/libmnl-1.0.5/include/linux/netfilter'
make[4]: Nothing to be done for 'all'.
make[4]: Leaving directory '/home/devel/building/work/src/libmnl-1.0.5/include/linux/netfilter'
make[4]: Entering directory '/home/devel/building/work/src/libmnl-1.0.5/include/linux'
make[4]: Nothing to be done for 'all-am'.
make[4]: Leaving directory '/home/devel/building/work/src/libmnl-1.0.5/include/linux'
make[3]: Leaving directory '/home/devel/building/work/src/libmnl-1.0.5/include/linux'
make[3]: Entering directory '/home/devel/building/work/src/libmnl-1.0.5/include'
make[3]: Nothing to be done for 'all-am'.
make[3]: Leaving directory '/home/devel/building/work/src/libmnl-1.0.5/include'
make[2]: Leaving directory '/home/devel/building/work/src/libmnl-1.0.5/include'
Making all in examples
make[2]: Entering directory '/home/devel/building/work/src/libmnl-1.0.5/examples'
Making all in genl
make[3]: Entering directory '/home/devel/building/work/src/libmnl-1.0.5/examples/genl'
make[3]: Nothing to be done for 'all'.
make[3]: Leaving directory '/home/devel/building/work/src/libmnl-1.0.5/examples/genl'
Making all in kobject
make[3]: Entering directory '/home/devel/building/work/src/libmnl-1.0.5/examples/kobject'
make[3]: Nothing to be done for 'all'.
make[3]: Leaving directory '/home/devel/building/work/src/libmnl-1.0.5/examples/kobject'
Making all in netfilter
make[3]: Entering directory '/home/devel/building/work/src/libmnl-1.0.5/examples/netfilter'
make[3]: Nothing to be done for 'all'.
make[3]: Leaving directory '/home/devel/building/work/src/libmnl-1.0.5/examples/netfilter'
Making all in rtnl
make[3]: Entering directory '/home/devel/building/work/src/libmnl-1.0.5/examples/rtnl'
make[3]: Nothing to be done for 'all'.
make[3]: Leaving directory '/home/devel/building/work/src/libmnl-1.0.5/examples/rtnl'
make[3]: Entering directory '/home/devel/building/work/src/libmnl-1.0.5/examples'
make[3]: Nothing to be done for 'all-am'.
make[3]: Leaving directory '/home/devel/building/work/src/libmnl-1.0.5/examples'
make[2]: Leaving directory '/home/devel/building/work/src/libmnl-1.0.5/examples'
Making all in doxygen
make[2]: Entering directory '/home/devel/building/work/src/libmnl-1.0.5/doxygen'
make[2]: Nothing to be done for 'all'.
make[2]: Leaving directory '/home/devel/building/work/src/libmnl-1.0.5/doxygen'
make[2]: Entering directory '/home/devel/building/work/src/libmnl-1.0.5'
make[2]: Leaving directory '/home/devel/building/work/src/libmnl-1.0.5'
make[1]: Leaving directory '/home/devel/building/work/src/libmnl-1.0.5'
+ make DESTDIR=/home/devel/building/work/pkg install
Making install in src
make[1]: Entering directory '/home/devel/building/work/src/libmnl-1.0.5/src'
make[2]: Entering directory '/home/devel/building/work/src/libmnl-1.0.5/src'
make[2]: Nothing to be done for 'install-data-am'.
 /bin/mkdir -p '/home/devel/building/work/pkg/usr/lib'
 /bin/sh ../libtool   --mode=install /usr/bin/install -c   libmnl.la '/home/devel/building/work/pkg/usr/lib'
libtool: install: /usr/bin/install -c .libs/libmnl.so.0.2.0 /home/devel/building/work/pkg/usr/lib/libmnl.so.0.2.0
libtool: install: (cd /home/devel/building/work/pkg/usr/lib && { ln -s -f libmnl.so.0.2.0 libmnl.so.0 || { rm -f libmnl.so.0 && ln -s libmnl.so.0.2.0 libmnl.so.0; }; })
libtool: install: (cd /home/devel/building/work/pkg/usr/lib && { ln -s -f libmnl.so.0.2.0 libmnl.so || { rm -f libmnl.so && ln -s libmnl.so.0.2.0 libmnl.so; }; })
libtool: install: /usr/bin/install -c .libs/libmnl.lai /home/devel/building/work/pkg/usr/lib/libmnl.la
libtool: warning: remember to run 'libtool --finish /usr/lib'
make[2]: Leaving directory '/home/devel/building/work/src/libmnl-1.0.5/src'
make[1]: Leaving directory '/home/devel/building/work/src/libmnl-1.0.5/src'
Making install in include
make[1]: Entering directory '/home/devel/building/work/src/libmnl-1.0.5/include'
Making install in libmnl
make[2]: Entering directory '/home/devel/building/work/src/libmnl-1.0.5/include/libmnl'
make[3]: Entering directory '/home/devel/building/work/src/libmnl-1.0.5/include/libmnl'
make[3]: Nothing to be done for 'install-exec-am'.
 /bin/mkdir -p '/home/devel/building/work/pkg/usr/include/libmnl'
 /usr/bin/install -c -m 644 libmnl.h '/home/devel/building/work/pkg/usr/include/libmnl'
make[3]: Leaving directory '/home/devel/building/work/src/libmnl-1.0.5/include/libmnl'
make[2]: Leaving directory '/home/devel/building/work/src/libmnl-1.0.5/include/libmnl'
Making install in linux
make[2]: Entering directory '/home/devel/building/work/src/libmnl-1.0.5/include/linux'
Making install in netfilter
make[3]: Entering directory '/home/devel/building/work/src/libmnl-1.0.5/include/linux/netfilter'
make[4]: Entering directory '/home/devel/building/work/src/libmnl-1.0.5/include/linux/netfilter'
make[4]: Nothing to be done for 'install-exec-am'.
make[4]: Nothing to be done for 'install-data-am'.
make[4]: Leaving directory '/home/devel/building/work/src/libmnl-1.0.5/include/linux/netfilter'
make[3]: Leaving directory '/home/devel/building/work/src/libmnl-1.0.5/include/linux/netfilter'
make[3]: Entering directory '/home/devel/building/work/src/libmnl-1.0.5/include/linux'
make[4]: Entering directory '/home/devel/building/work/src/libmnl-1.0.5/include/linux'
make[4]: Nothing to be done for 'install-exec-am'.
make[4]: Nothing to be done for 'install-data-am'.
make[4]: Leaving directory '/home/devel/building/work/src/libmnl-1.0.5/include/linux'
make[3]: Leaving directory '/home/devel/building/work/src/libmnl-1.0.5/include/linux'
make[2]: Leaving directory '/home/devel/building/work/src/libmnl-1.0.5/include/linux'
make[2]: Entering directory '/home/devel/building/work/src/libmnl-1.0.5/include'
make[3]: Entering directory '/home/devel/building/work/src/libmnl-1.0.5/include'
make[3]: Nothing to be done for 'install-exec-am'.
make[3]: Nothing to be done for 'install-data-am'.
make[3]: Leaving directory '/home/devel/building/work/src/libmnl-1.0.5/include'
make[2]: Leaving directory '/home/devel/building/work/src/libmnl-1.0.5/include'
make[1]: Leaving directory '/home/devel/building/work/src/libmnl-1.0.5/include'
Making install in examples
make[1]: Entering directory '/home/devel/building/work/src/libmnl-1.0.5/examples'
Making install in genl
make[2]: Entering directory '/home/devel/building/work/src/libmnl-1.0.5/examples/genl'
make[3]: Entering directory '/home/devel/building/work/src/libmnl-1.0.5/examples/genl'
make[3]: Nothing to be done for 'install-exec-am'.
make[3]: Nothing to be done for 'install-data-am'.
make[3]: Leaving directory '/home/devel/building/work/src/libmnl-1.0.5/examples/genl'
make[2]: Leaving directory '/home/devel/building/work/src/libmnl-1.0.5/examples/genl'
Making install in kobject
make[2]: Entering directory '/home/devel/building/work/src/libmnl-1.0.5/examples/kobject'
make[3]: Entering directory '/home/devel/building/work/src/libmnl-1.0.5/examples/kobject'
make[3]: Nothing to be done for 'install-exec-am'.
make[3]: Nothing to be done for 'install-data-am'.
make[3]: Leaving directory '/home/devel/building/work/src/libmnl-1.0.5/examples/kobject'
make[2]: Leaving directory '/home/devel/building/work/src/libmnl-1.0.5/examples/kobject'
Making install in netfilter
make[2]: Entering directory '/home/devel/building/work/src/libmnl-1.0.5/examples/netfilter'
make[3]: Entering directory '/home/devel/building/work/src/libmnl-1.0.5/examples/netfilter'
make[3]: Nothing to be done for 'install-exec-am'.
make[3]: Nothing to be done for 'install-data-am'.
make[3]: Leaving directory '/home/devel/building/work/src/libmnl-1.0.5/examples/netfilter'
make[2]: Leaving directory '/home/devel/building/work/src/libmnl-1.0.5/examples/netfilter'
Making install in rtnl
make[2]: Entering directory '/home/devel/building/work/src/libmnl-1.0.5/examples/rtnl'
make[3]: Entering directory '/home/devel/building/work/src/libmnl-1.0.5/examples/rtnl'
make[3]: Nothing to be done for 'install-exec-am'.
make[3]: Nothing to be done for 'install-data-am'.
make[3]: Leaving directory '/home/devel/building/work/src/libmnl-1.0.5/examples/rtnl'
make[2]: Leaving directory '/home/devel/building/work/src/libmnl-1.0.5/examples/rtnl'
make[2]: Entering directory '/home/devel/building/work/src/libmnl-1.0.5/examples'
make[3]: Entering directory '/home/devel/building/work/src/libmnl-1.0.5/examples'
make[3]: Nothing to be done for 'install-exec-am'.
make[3]: Nothing to be done for 'install-data-am'.
make[3]: Leaving directory '/home/devel/building/work/src/libmnl-1.0.5/examples'
make[2]: Leaving directory '/home/devel/building/work/src/libmnl-1.0.5/examples'
make[1]: Leaving directory '/home/devel/building/work/src/libmnl-1.0.5/examples'
Making install in doxygen
make[1]: Entering directory '/home/devel/building/work/src/libmnl-1.0.5/doxygen'
make[2]: Entering directory '/home/devel/building/work/src/libmnl-1.0.5/doxygen'
make[2]: Nothing to be done for 'install-exec-am'.
make[2]: Nothing to be done for 'install-data-am'.
make[2]: Leaving directory '/home/devel/building/work/src/libmnl-1.0.5/doxygen'
make[1]: Leaving directory '/home/devel/building/work/src/libmnl-1.0.5/doxygen'
make[1]: Entering directory '/home/devel/building/work/src/libmnl-1.0.5'
make[2]: Entering directory '/home/devel/building/work/src/libmnl-1.0.5'
make[2]: Nothing to be done for 'install-exec-am'.
 /bin/mkdir -p '/home/devel/building/work/pkg/usr/lib/pkgconfig'
 /usr/bin/install -c -m 644 libmnl.pc '/home/devel/building/work/pkg/usr/lib/pkgconfig'
make[2]: Leaving directory '/home/devel/building/work/src/libmnl-1.0.5'
make[1]: Leaving directory '/home/devel/building/work/src/libmnl-1.0.5'
+ find /home/devel/building/work/pkg -type f -name '*.la' -delete
=======> Build result:
drwxr-xr-x  0 root   root        0 Feb 21 19:38 usr/
drwxr-xr-x  0 root   root        0 Feb 21 19:38 usr/include/
drwxr-xr-x  0 root   root        0 Feb 21 19:38 usr/lib/
drwxr-xr-x  0 root   root        0 Feb 21 19:38 usr/lib/pkgconfig/
lrwxrwxrwx  0 root   root        0 Feb 21 19:38 usr/lib/libmnl.so -> libmnl.so.0.2.0
lrwxrwxrwx  0 root   root        0 Feb 21 19:38 usr/lib/libmnl.so.0 -> libmnl.so.0.2.0
-rwxr-xr-x  0 root   root    18696 Feb 21 19:38 usr/lib/libmnl.so.0.2.0
-rw-r--r--  0 root   root      312 Feb 21 19:38 usr/lib/pkgconfig/libmnl.pc
drwxr-xr-x  0 root   root        0 Feb 21 19:38 usr/include/libmnl/
-rw-r--r--  0 root   root     8052 Feb 21 19:38 usr/include/libmnl/libmnl.h
=======> Building '/home/devel/packages/libmnl#1.0.5-1.riscv64.pkg.tar.zst' succeeded.
prt-get: Using PKGMK_PACKAGE_DIR: /home/devel/packages
prt-get: reinstalling libmnl 1.0.5-1
prt-get: /usr/bin/pkgadd -u libmnl#1.0.5-1.riscv64.pkg.tar.zst
prt-get: build done Tue Feb 21 19:38:41 2023

