prt-get: updating /usr/ports/core-riscv64/bzip2
prt-get: starting build Tue Feb 21 12:47:26 2023
=======> Building '/home/devel/packages/bzip2#1.0.8-1.riscv64.pkg.tar.zst'.
bsdtar -p -o -C /home/devel/building/work/src -xf /home/devel/sources/bzip2-1.0.8.tar.gz
+ build
+ cd bzip2-1.0.8
+ install -d /home/devel/building/work/pkg/usr/bin /home/devel/building/work/pkg/usr/lib /home/devel/building/work/pkg/usr/include /home/devel/building/work/pkg/usr/share/man/man1
+ sed '/^CFLAGS/s/-O2/-O2 -mabi=lp64d -march=rv64gc/' -i Makefile Makefile-libbz2_so
+ make -f Makefile-libbz2_so
gcc -fpic -fPIC -Wall -Winline -O2 -mabi=lp64d -march=rv64gc -g -D_FILE_OFFSET_BITS=64 -c blocksort.c
gcc -fpic -fPIC -Wall -Winline -O2 -mabi=lp64d -march=rv64gc -g -D_FILE_OFFSET_BITS=64 -c huffman.c
gcc -fpic -fPIC -Wall -Winline -O2 -mabi=lp64d -march=rv64gc -g -D_FILE_OFFSET_BITS=64 -c crctable.c
gcc -fpic -fPIC -Wall -Winline -O2 -mabi=lp64d -march=rv64gc -g -D_FILE_OFFSET_BITS=64 -c randtable.c
gcc -fpic -fPIC -Wall -Winline -O2 -mabi=lp64d -march=rv64gc -g -D_FILE_OFFSET_BITS=64 -c compress.c
gcc -fpic -fPIC -Wall -Winline -O2 -mabi=lp64d -march=rv64gc -g -D_FILE_OFFSET_BITS=64 -c decompress.c
gcc -fpic -fPIC -Wall -Winline -O2 -mabi=lp64d -march=rv64gc -g -D_FILE_OFFSET_BITS=64 -c bzlib.c
In function 'mainSimpleSort',
    inlined from 'mainQSort3' at blocksort.c:651:10,
    inlined from 'mainSort' at blocksort.c:897:19:
blocksort.c:347:6: warning: inlining failed in call to 'mainGtU': --param max-inline-insns-single limit reached [-Winline]
  347 | Bool mainGtU ( UInt32  i1,
      |      ^~~~~~~
blocksort.c:514:18: note: called from here
  514 |          while ( mainGtU (
      |                  ^~~~~~~~~
  515 |                     ptr[j-h]+d, v+d, block, quadrant, nblock, budget
      |                     ~~~~~~~~~~~~~~~~~~~~~~~~~~~~~~~~~~~~~~~~~~~~~~~~
  516 |                  ) ) {
      |                  ~
blocksort.c:347:6: warning: inlining failed in call to 'mainGtU': --param max-inline-insns-single limit reached [-Winline]
  347 | Bool mainGtU ( UInt32  i1,
      |      ^~~~~~~
blocksort.c:528:18: note: called from here
  528 |          while ( mainGtU (
      |                  ^~~~~~~~~
  529 |                     ptr[j-h]+d, v+d, block, quadrant, nblock, budget
      |                     ~~~~~~~~~~~~~~~~~~~~~~~~~~~~~~~~~~~~~~~~~~~~~~~~
  530 |                  ) ) {
      |                  ~
blocksort.c:347:6: warning: inlining failed in call to 'mainGtU': --param max-inline-insns-single limit reached [-Winline]
  347 | Bool mainGtU ( UInt32  i1,
      |      ^~~~~~~
blocksort.c:542:18: note: called from here
  542 |          while ( mainGtU (
      |                  ^~~~~~~~~
  543 |                     ptr[j-h]+d, v+d, block, quadrant, nblock, budget
      |                     ~~~~~~~~~~~~~~~~~~~~~~~~~~~~~~~~~~~~~~~~~~~~~~~~
  544 |                  ) ) {
      |                  ~
gcc -shared -Wl,-soname -Wl,libbz2.so.1.0 -o libbz2.so.1.0.8 blocksort.o huffman.o crctable.o randtable.o compress.o decompress.o bzlib.o
gcc -fpic -fPIC -Wall -Winline -O2 -mabi=lp64d -march=rv64gc -g -D_FILE_OFFSET_BITS=64 -o bzip2-shared bzip2.c libbz2.so.1.0.8
rm -f libbz2.so.1.0
ln -s libbz2.so.1.0.8 libbz2.so.1.0
+ install libbz2.so.1.0.8 /home/devel/building/work/pkg/usr/lib
+ ln -s libbz2.so.1.0.8 /home/devel/building/work/pkg/usr/lib/libbz2.so
+ ln -s libbz2.so.1.0.8 /home/devel/building/work/pkg/usr/lib/libbz2.so.1.0
+ make clean
rm -f *.o libbz2.a bzip2 bzip2recover \
sample1.rb2 sample2.rb2 sample3.rb2 \
sample1.tst sample2.tst sample3.tst
+ make V=1
gcc -Wall -Winline -O2 -mabi=lp64d -march=rv64gc -g -D_FILE_OFFSET_BITS=64 -c huffman.c
gcc -Wall -Winline -O2 -mabi=lp64d -march=rv64gc -g -D_FILE_OFFSET_BITS=64 -c crctable.c
gcc -Wall -Winline -O2 -mabi=lp64d -march=rv64gc -g -D_FILE_OFFSET_BITS=64 -c randtable.c
gcc -Wall -Winline -O2 -mabi=lp64d -march=rv64gc -g -D_FILE_OFFSET_BITS=64 -c compress.c
gcc -Wall -Winline -O2 -mabi=lp64d -march=rv64gc -g -D_FILE_OFFSET_BITS=64 -c decompress.c
gcc -Wall -Winline -O2 -mabi=lp64d -march=rv64gc -g -D_FILE_OFFSET_BITS=64 -c bzlib.c
gcc -Wall -Winline -O2 -mabi=lp64d -march=rv64gc -g -D_FILE_OFFSET_BITS=64 -c bzip2.c

If compilation produces errors, or a large number of warnings,
please read README.COMPILATION.PROBLEMS -- you might be able to
adjust the flags in this Makefile to improve matters.

Also in README.COMPILATION.PROBLEMS are some hints that may help
if your build produces an executable which is unable to correctly
handle so-called 'large files' -- files of size 2GB or more.

gcc -Wall -Winline -O2 -mabi=lp64d -march=rv64gc -g -D_FILE_OFFSET_BITS=64 -c blocksort.c
gcc -Wall -Winline -O2 -mabi=lp64d -march=rv64gc -g -D_FILE_OFFSET_BITS=64 -c bzip2recover.c
gcc -Wall -Winline -O2 -mabi=lp64d -march=rv64gc -g -D_FILE_OFFSET_BITS=64  -o bzip2recover bzip2recover.o
In function 'mainSimpleSort',
    inlined from 'mainQSort3' at blocksort.c:651:10,
    inlined from 'mainSort' at blocksort.c:897:19:
blocksort.c:347:6: warning: inlining failed in call to 'mainGtU': --param max-inline-insns-single limit reached [-Winline]
  347 | Bool mainGtU ( UInt32  i1,
      |      ^~~~~~~
blocksort.c:514:18: note: called from here
  514 |          while ( mainGtU (
      |                  ^~~~~~~~~
  515 |                     ptr[j-h]+d, v+d, block, quadrant, nblock, budget
      |                     ~~~~~~~~~~~~~~~~~~~~~~~~~~~~~~~~~~~~~~~~~~~~~~~~
  516 |                  ) ) {
      |                  ~
blocksort.c:347:6: warning: inlining failed in call to 'mainGtU': --param max-inline-insns-single limit reached [-Winline]
  347 | Bool mainGtU ( UInt32  i1,
      |      ^~~~~~~
blocksort.c:528:18: note: called from here
  528 |          while ( mainGtU (
      |                  ^~~~~~~~~
  529 |                     ptr[j-h]+d, v+d, block, quadrant, nblock, budget
      |                     ~~~~~~~~~~~~~~~~~~~~~~~~~~~~~~~~~~~~~~~~~~~~~~~~
  530 |                  ) ) {
      |                  ~
blocksort.c:347:6: warning: inlining failed in call to 'mainGtU': --param max-inline-insns-single limit reached [-Winline]
  347 | Bool mainGtU ( UInt32  i1,
      |      ^~~~~~~
blocksort.c:542:18: note: called from here
  542 |          while ( mainGtU (
      |                  ^~~~~~~~~
  543 |                     ptr[j-h]+d, v+d, block, quadrant, nblock, budget
      |                     ~~~~~~~~~~~~~~~~~~~~~~~~~~~~~~~~~~~~~~~~~~~~~~~~
  544 |                  ) ) {
      |                  ~
rm -f libbz2.a
ar cq libbz2.a blocksort.o huffman.o crctable.o randtable.o compress.o decompress.o bzlib.o
ranlib libbz2.a
gcc -Wall -Winline -O2 -mabi=lp64d -march=rv64gc -g -D_FILE_OFFSET_BITS=64  -o bzip2 bzip2.o -L. -lbz2

Doing 6 tests (3 compress, 3 uncompress) ...
If there's a problem, things might stop at this point.
 
./bzip2 -1  < sample1.ref > sample1.rb2
./bzip2 -2  < sample2.ref > sample2.rb2
./bzip2 -3  < sample3.ref > sample3.rb2
./bzip2 -d  < sample1.bz2 > sample1.tst
./bzip2 -d  < sample2.bz2 > sample2.tst
./bzip2 -ds < sample3.bz2 > sample3.tst
cmp sample1.bz2 sample1.rb2 
cmp sample2.bz2 sample2.rb2
cmp sample3.bz2 sample3.rb2
cmp sample1.tst sample1.ref
cmp sample2.tst sample2.ref
cmp sample3.tst sample3.ref

If you got this far and the 'cmp's didn't complain, it looks
like you're in business.  

To install in /usr/local/bin, /usr/local/lib, /usr/local/man and 
/usr/local/include, type

   make install

To install somewhere else, eg, /xxx/yyy/{bin,lib,man,include}, type 

   make install PREFIX=/xxx/yyy

If you are (justifiably) paranoid and want to see what 'make install'
is going to do, you can first do

   make -n install                      or
   make -n install PREFIX=/xxx/yyy      respectively.

The -n instructs make to show the commands it would execute, but
not actually execute them.

Instructions for use are in the preformatted manual page, in the file
bzip2.txt.  For more detailed documentation, read the full manual.  
It is available in Postscript form (manual.ps), PDF form (manual.pdf),
and HTML form (manual.html).

You can also do "bzip2 --help" to see some helpful information. 
"bzip2 -L" displays the software license.

+ install -m 0755 bzip2 bzip2recover bzdiff bzgrep bzmore /home/devel/building/work/pkg/usr/bin
+ ln -s bzip2 /home/devel/building/work/pkg/usr/bin/bunzip2
+ ln -s bzip2 /home/devel/building/work/pkg/usr/bin/bzcat
+ ln -s bzdiff /home/devel/building/work/pkg/usr/bin/bzcmp
+ ln -s bzgrep /home/devel/building/work/pkg/usr/bin/bzegrep
+ ln -s bzgrep /home/devel/building/work/pkg/usr/bin/bzfgrep
+ ln -s bzmore /home/devel/building/work/pkg/usr/bin/bzless
+ install -m 0644 bzlib.h /home/devel/building/work/pkg/usr/include
+ install -m 0644 bzdiff.1 bzgrep.1 bzip2.1 bzmore.1 /home/devel/building/work/pkg/usr/share/man/man1
=======> Build result:
drwxr-xr-x  0 root   root        0 Feb 21 12:47 usr/
drwxr-xr-x  0 root   root        0 Feb 21 12:47 usr/share/
drwxr-xr-x  0 root   root        0 Feb 21 12:47 usr/include/
drwxr-xr-x  0 root   root        0 Feb 21 12:47 usr/lib/
drwxr-xr-x  0 root   root        0 Feb 21 12:47 usr/bin/
lrwxrwxrwx  0 root   root        0 Feb 21 12:47 usr/bin/bzless -> bzmore
lrwxrwxrwx  0 root   root        0 Feb 21 12:47 usr/bin/bzfgrep -> bzgrep
lrwxrwxrwx  0 root   root        0 Feb 21 12:47 usr/bin/bzegrep -> bzgrep
lrwxrwxrwx  0 root   root        0 Feb 21 12:47 usr/bin/bzcmp -> bzdiff
lrwxrwxrwx  0 root   root        0 Feb 21 12:47 usr/bin/bzcat -> bzip2
lrwxrwxrwx  0 root   root        0 Feb 21 12:47 usr/bin/bunzip2 -> bzip2
-rwxr-xr-x  0 root   root     1259 Feb 21 12:47 usr/bin/bzmore
-rwxr-xr-x  0 root   root     2054 Feb 21 12:47 usr/bin/bzgrep
-rwxr-xr-x  0 root   root     2140 Feb 21 12:47 usr/bin/bzdiff
-rwxr-xr-x  0 root   root    10520 Feb 21 12:47 usr/bin/bzip2recover
-rwxr-xr-x  0 root   root    83552 Feb 21 12:47 usr/bin/bzip2
lrwxrwxrwx  0 root   root        0 Feb 21 12:47 usr/lib/libbz2.so.1.0 -> libbz2.so.1.0.8
lrwxrwxrwx  0 root   root        0 Feb 21 12:47 usr/lib/libbz2.so -> libbz2.so.1.0.8
-rwxr-xr-x  0 root   root    62744 Feb 21 12:47 usr/lib/libbz2.so.1.0.8
-rw-r--r--  0 root   root     6240 Feb 21 12:47 usr/include/bzlib.h
drwxr-xr-x  0 root   root        0 Feb 21 12:47 usr/share/man/
drwxr-xr-x  0 root   root        0 Feb 21 12:47 usr/share/man/man1/
-rw-r--r--  0 root   root      493 Feb 21 12:47 usr/share/man/man1/bzdiff.1.gz
-rw-r--r--  0 root   root      638 Feb 21 12:47 usr/share/man/man1/bzgrep.1.gz
-rw-r--r--  0 root   root     6600 Feb 21 12:47 usr/share/man/man1/bzip2.1.gz
-rw-r--r--  0 root   root     1873 Feb 21 12:47 usr/share/man/man1/bzmore.1.gz
=======> Building '/home/devel/packages/bzip2#1.0.8-1.riscv64.pkg.tar.zst' succeeded.
prt-get: Using PKGMK_PACKAGE_DIR: /home/devel/packages
prt-get: reinstalling bzip2 1.0.8-1
prt-get: /usr/bin/pkgadd -u bzip2#1.0.8-1.riscv64.pkg.tar.zst
prt-get: build done Tue Feb 21 12:47:49 2023

