prt-get: updating /usr/ports/core-riscv64/automake
prt-get: starting build Tue Feb 21 12:28:49 2023
=======> Building '/home/devel/packages/automake#1.16.5-1.riscv64.pkg.tar.zst'.
bsdtar -p -o -C /home/devel/building/work/src -xf /home/devel/sources/automake-1.16.5.tar.xz
+ build
+ cd automake-1.16.5
+ ./configure --prefix=/usr
checking whether make supports nested variables... yes
checking build system type... riscv64-unknown-linux-gnu
checking host system type... riscv64-unknown-linux-gnu
checking for a BSD-compatible install... /usr/bin/install -c
checking whether build environment is sane... yes
checking for a race-free mkdir -p... /bin/mkdir -p
checking for gawk... gawk
checking whether make sets $(MAKE)... yes
checking whether ln -s works... yes
checking for perl... /usr/bin/perl
checking for tex... no
checking for yacc... yacc
checking for lex... lex
checking whether autoconf is installed... yes
checking whether autoconf works... yes
checking whether autoconf is recent enough... yes
checking whether ln works... yes
checking for grep that handles long lines and -e... /usr/bin/grep
checking for egrep... /usr/bin/grep -E
checking for fgrep... /usr/bin/grep -F
configure: will now look for a sturdy POSIX shell, for our testsuite
checking for sh... /bin/sh
checking for sh5... no
checking for dash... /bin/dash
checking for ash... no
checking for bash... /bin/bash
checking for zsh... no
checking for ksh... no
checking for pdksh... no
checking whether /bin/sh supports $(cmd)... yes
checking whether /bin/sh supports $((expr))... yes
checking whether /bin/sh supports ${#var}... yes
checking whether /bin/sh supports ${var#glob} and ${var%glob}... yes
checking whether /bin/sh preserves exit traps with "set -e"... yes
checking whether /bin/sh can define exit traps in a shell function... yes
checking whether /bin/sh corrupts stderr with "set -x"... no
checking whether /bin/sh can return early from "dot-sourced" files... yes
checking whether /bin/sh supports alias named like shell builtins... yes
checking whether /bin/sh supports "test -e"... yes
configure: shell /bin/sh is good enough, stop looking
configure: will use /bin/sh as the testsuite shell
configure: will now look for generic compilers
checking for cc... cc
checking whether the C compiler works... yes
checking for C compiler default output file name... a.out
checking for suffix of executables... 
checking whether we are cross compiling... no
checking for suffix of object files... o
checking whether the compiler supports GNU C... yes
checking whether cc accepts -g... yes
checking for cc option to enable C11 features... none needed
checking whether cc understands -c and -o together... yes
checking for aCC... no
checking for CC... no
checking for FCC... no
checking for KCC... no
checking for RCC... no
checking for xlC_r... no
checking for xlC... no
checking for c++... c++
checking whether the C++ compiler works... yes
checking for C++ compiler default output file name... a.out
checking for suffix of executables... 
checking whether we are cross compiling... no
checking for suffix of object files... o
checking whether the compiler supports GNU C++... yes
checking whether c++ accepts -g... yes
checking for c++ option to enable C++11 features... none needed
checking for xlf95... no
checking for f95... no
checking for fort... no
checking for ifort... no
checking for ifc... no
checking for efc... no
checking for pgfortran... no
checking for pgf95... no
checking for lf95... no
checking for ftn... no
checking for nagfor... no
checking for xlf90... no
checking for f90... no
checking for armflang... no
checking for flang... no
checking for pgf90... no
checking for pghpf... no
checking for epcf90... no
checking for g95... no
checking for gfortran... gfortran
checking whether the Fortran compiler works... yes
checking for Fortran compiler default output file name... a.out
checking for suffix of executables... 
checking whether we are cross compiling... no
checking for suffix of object files... o
checking whether the compiler supports GNU Fortran... yes
checking whether gfortran accepts -g... yes
checking for xlf... no
checking for f77... no
checking for frt... no
checking for pgf77... no
checking for cf77... no
checking for fort77... no
checking for fl32... no
checking for af77... no
checking for g77... no
checking for armflang... no
checking for flang... no
checking for gfortran... gfortran
checking whether the Fortran 77 compiler works... yes
checking for Fortran 77 compiler default output file name... a.out
checking for suffix of executables... 
checking whether we are cross compiling... no
checking for suffix of object files... o
checking whether the compiler supports GNU Fortran 77... yes
checking whether gfortran accepts -g... yes
configure: will now look for GNU compilers
configure: cc is already a GNU C compiler
configure: c++ is already a GNU C++ compiler
configure: gfortran is already a GNU Fortran compiler
configure: gfortran is already a GNU Fortran 77 compiler
checking for gcj... no
checking that generated files are newer than configure... done
configure: creating ./config.status
config.status: creating Makefile
config.status: creating pre-inst-env
+ make V=1
rm -f bin/automake bin/automake-t bin/automake-t2 \
  && /bin/mkdir -p bin \
  && in=bin/automake.in && ( sed -e "s,[@]configure_input[@],Generated from $in; do not edit by hand.,g" -e 's,[@]datadir[@],/usr/share,g' -e 's,[@]amdir[@],/usr/share/automake-1.16/am,g' -e 's,[@]bindir[@],/usr/bin,g' -e 's,[@]docdir[@],/usr/share/doc/automake,g' -e 's,[@]pkgvdatadir[@],/usr/share/automake-1.16,g' -e 's,[@]scriptdir[@],/usr/share/automake-1.16,g' -e 's,[@]automake_acdir[@],/usr/share/aclocal-1.16,g' -e 's,[@]system_acdir[@],/usr/share/aclocal,g' -e 's,[@]am__isrc[@],!!@!!am__isrc!!@!!,g' | /bin/sh ./config.status --file=- | sed -e 's,!!@!!am__isrc!!@!!,@''am__isrc@,g' ) <./$in >bin/automake-t \
  && chmod a+x,a-w bin/automake-t && mv -f bin/automake-t bin/automake
rm -f bin/aclocal bin/aclocal-t bin/aclocal-t2 \
  && /bin/mkdir -p bin \
  && in=bin/aclocal.in && ( sed -e "s,[@]configure_input[@],Generated from $in; do not edit by hand.,g" -e 's,[@]datadir[@],/usr/share,g' -e 's,[@]amdir[@],/usr/share/automake-1.16/am,g' -e 's,[@]bindir[@],/usr/bin,g' -e 's,[@]docdir[@],/usr/share/doc/automake,g' -e 's,[@]pkgvdatadir[@],/usr/share/automake-1.16,g' -e 's,[@]scriptdir[@],/usr/share/automake-1.16,g' -e 's,[@]automake_acdir[@],/usr/share/aclocal-1.16,g' -e 's,[@]system_acdir[@],/usr/share/aclocal,g' -e 's,[@]am__isrc[@],!!@!!am__isrc!!@!!,g' | /bin/sh ./config.status --file=- | sed -e 's,!!@!!am__isrc!!@!!,@''am__isrc@,g' ) <./$in >bin/aclocal-t \
  && chmod a+x,a-w bin/aclocal-t && mv -f bin/aclocal-t bin/aclocal
rm -f t/ax/shell-no-trail-bslash t/ax/shell-no-trail-bslash-t
rm -f t/ax/cc-no-c-o t/ax/cc-no-c-o-t
rm -f runtest runtest-t
: \
  && /bin/mkdir -p doc \
  && f=`echo doc/aclocal.1 | sed 's|.*/||; s|\.1$||; s,x,x,'` \
  && echo ".so man1/$f-1.16.1" > doc/aclocal.1
: \
  && /bin/mkdir -p doc \
  && f=`echo doc/automake.1 | sed 's|.*/||; s|\.1$||; s,x,x,'` \
  && echo ".so man1/$f-1.16.1" > doc/automake.1
rm -f lib/Automake/Config.pm lib/Automake/Config.pm-t
in=t/ax/shell-no-trail-bslash.in \
  && /bin/mkdir -p t/ax \
  && ( sed -e "s,[@]configure_input[@],Generated from $in; do not edit by hand.,g" -e 's,[@]datadir[@],/usr/share,g' -e 's,[@]amdir[@],/usr/share/automake-1.16/am,g' -e 's,[@]bindir[@],/usr/bin,g' -e 's,[@]docdir[@],/usr/share/doc/automake,g' -e 's,[@]pkgvdatadir[@],/usr/share/automake-1.16,g' -e 's,[@]scriptdir[@],/usr/share/automake-1.16,g' -e 's,[@]automake_acdir[@],/usr/share/aclocal-1.16,g' -e 's,[@]system_acdir[@],/usr/share/aclocal,g' -e 's,[@]am__isrc[@],!!@!!am__isrc!!@!!,g' | /bin/sh ./config.status --file=- | sed -e 's,!!@!!am__isrc!!@!!,@''am__isrc@,g' ) <./$in >t/ax/shell-no-trail-bslash-t \
  && chmod a+x t/ax/shell-no-trail-bslash-t
in=t/ax/cc-no-c-o.in \
  && /bin/mkdir -p t/ax \
  && ( sed -e "s,[@]configure_input[@],Generated from $in; do not edit by hand.,g" -e 's,[@]datadir[@],/usr/share,g' -e 's,[@]amdir[@],/usr/share/automake-1.16/am,g' -e 's,[@]bindir[@],/usr/bin,g' -e 's,[@]docdir[@],/usr/share/doc/automake,g' -e 's,[@]pkgvdatadir[@],/usr/share/automake-1.16,g' -e 's,[@]scriptdir[@],/usr/share/automake-1.16,g' -e 's,[@]automake_acdir[@],/usr/share/aclocal-1.16,g' -e 's,[@]system_acdir[@],/usr/share/aclocal,g' -e 's,[@]am__isrc[@],!!@!!am__isrc!!@!!,g' | /bin/sh ./config.status --file=- | sed -e 's,!!@!!am__isrc!!@!!,@''am__isrc@,g' ) <./$in >t/ax/cc-no-c-o-t \
  && chmod a+x t/ax/cc-no-c-o-t
in=t/ax/runtest.in \
  && /bin/mkdir -p t/ax \
  && ( sed -e "s,[@]configure_input[@],Generated from $in; do not edit by hand.,g" -e 's,[@]datadir[@],/usr/share,g' -e 's,[@]amdir[@],/usr/share/automake-1.16/am,g' -e 's,[@]bindir[@],/usr/bin,g' -e 's,[@]docdir[@],/usr/share/doc/automake,g' -e 's,[@]pkgvdatadir[@],/usr/share/automake-1.16,g' -e 's,[@]scriptdir[@],/usr/share/automake-1.16,g' -e 's,[@]automake_acdir[@],/usr/share/aclocal-1.16,g' -e 's,[@]system_acdir[@],/usr/share/aclocal,g' -e 's,[@]am__isrc[@],!!@!!am__isrc!!@!!,g' | /bin/sh ./config.status --file=- | sed -e 's,!!@!!am__isrc!!@!!,@''am__isrc@,g' ) <./$in >runtest-t \
  && chmod a+x runtest-t
/bin/mkdir -p lib/Automake
in=Config.in \
  && ( sed -e "s,[@]configure_input[@],Generated from $in; do not edit by hand.,g" -e 's,[@]datadir[@],/usr/share,g' -e 's,[@]amdir[@],/usr/share/automake-1.16/am,g' -e 's,[@]bindir[@],/usr/bin,g' -e 's,[@]docdir[@],/usr/share/doc/automake,g' -e 's,[@]pkgvdatadir[@],/usr/share/automake-1.16,g' -e 's,[@]scriptdir[@],/usr/share/automake-1.16,g' -e 's,[@]automake_acdir[@],/usr/share/aclocal-1.16,g' -e 's,[@]system_acdir[@],/usr/share/aclocal,g' -e 's,[@]am__isrc[@],!!@!!am__isrc!!@!!,g' | /bin/sh ./config.status --file=- | sed -e 's,!!@!!am__isrc!!@!!,@''am__isrc@,g' ) <./lib/Automake/Config.in >lib/Automake/Config.pm-t
rm -f t/ax/test-defs.sh t/ax/test-defs.sh-t
/bin/mkdir -p t/ax
in=t/ax/test-defs.in \
  && ( sed -e "s,[@]configure_input[@],Generated from $in; do not edit by hand.,g" -e 's,[@]datadir[@],/usr/share,g' -e 's,[@]amdir[@],/usr/share/automake-1.16/am,g' -e 's,[@]bindir[@],/usr/bin,g' -e 's,[@]docdir[@],/usr/share/doc/automake,g' -e 's,[@]pkgvdatadir[@],/usr/share/automake-1.16,g' -e 's,[@]scriptdir[@],/usr/share/automake-1.16,g' -e 's,[@]automake_acdir[@],/usr/share/aclocal-1.16,g' -e 's,[@]system_acdir[@],/usr/share/aclocal,g' -e 's,[@]am__isrc[@],!!@!!am__isrc!!@!!,g' | /bin/sh ./config.status --file=- | sed -e 's,!!@!!am__isrc!!@!!,@''am__isrc@,g' ) <./$in >t/ax/test-defs.sh-t
if LC_ALL=C grep '@[a-zA-Z0-9_][a-zA-Z0-9_]*@' runtest-t; then echo "runtest contains unexpanded substitution (see lines above)"; exit 1; fi; chmod a-w runtest-t && mv -f runtest-t runtest
rm -f bin/aclocal-1.16; \
ln bin/aclocal bin/aclocal-1.16
if LC_ALL=C grep '@[a-zA-Z0-9_][a-zA-Z0-9_]*@' t/ax/test-defs.sh-t; then echo "t/ax/test-defs.sh contains unexpanded substitution (see lines above)"; exit 1; fi; chmod a-w t/ax/test-defs.sh-t && mv -f t/ax/test-defs.sh-t t/ax/test-defs.sh
if LC_ALL=C grep '@[a-zA-Z0-9_][a-zA-Z0-9_]*@' t/ax/shell-no-trail-bslash-t; then echo "t/ax/shell-no-trail-bslash contains unexpanded substitution (see lines above)"; exit 1; fi; chmod a-w t/ax/shell-no-trail-bslash-t && mv -f t/ax/shell-no-trail-bslash-t t/ax/shell-no-trail-bslash
if LC_ALL=C grep '@[a-zA-Z0-9_][a-zA-Z0-9_]*@' lib/Automake/Config.pm-t; then echo "lib/Automake/Config.pm contains unexpanded substitution (see lines above)"; exit 1; fi; chmod a-w lib/Automake/Config.pm-t && mv -f lib/Automake/Config.pm-t lib/Automake/Config.pm
if LC_ALL=C grep '@[a-zA-Z0-9_][a-zA-Z0-9_]*@' t/ax/cc-no-c-o-t; then echo "t/ax/cc-no-c-o contains unexpanded substitution (see lines above)"; exit 1; fi; chmod a-w t/ax/cc-no-c-o-t && mv -f t/ax/cc-no-c-o-t t/ax/cc-no-c-o
: && /bin/mkdir -p doc && ./pre-inst-env /usr/bin/perl ./doc/help2man --output=doc/aclocal-1.16.1 aclocal-1.16
rm -f bin/automake-1.16; \
ln bin/automake bin/automake-1.16
: && /bin/mkdir -p doc && ./pre-inst-env /usr/bin/perl ./doc/help2man --output=doc/automake-1.16.1 automake-1.16
+ make DESTDIR=/home/devel/building/work/pkg install
make[1]: Entering directory '/home/devel/building/work/src/automake-1.16.5'
 /bin/mkdir -p '/home/devel/building/work/pkg/usr/bin'
 /bin/mkdir -p '/home/devel/building/work/pkg/usr/share/automake-1.16/am'
 /bin/mkdir -p '/home/devel/building/work/pkg/usr/share/aclocal-1.16'
 /bin/mkdir -p '/home/devel/building/work/pkg/usr/share/aclocal-1.16/internal'
 /bin/mkdir -p '/home/devel/building/work/pkg/usr/share/doc/automake'
 /bin/mkdir -p '/home/devel/building/work/pkg/usr/share/automake-1.16/Automake'
 /bin/mkdir -p '/home/devel/building/work/pkg/usr/share/automake-1.16'
 /bin/mkdir -p '/home/devel/building/work/pkg/usr/share/automake-1.16'
 /usr/bin/install -c -m 644 ./doc/amhello-1.0.tar.gz '/home/devel/building/work/pkg/usr/share/doc/automake'
 /usr/bin/install -c -m 644 lib/Automake/ChannelDefs.pm lib/Automake/Channels.pm lib/Automake/Condition.pm lib/Automake/Configure_ac.pm lib/Automake/DisjConditions.pm lib/Automake/FileUtils.pm lib/Automake/General.pm lib/Automake/Getopt.pm lib/Automake/Item.pm lib/Automake/ItemDef.pm lib/Automake/Language.pm lib/Automake/Location.pm lib/Automake/Options.pm lib/Automake/Rule.pm lib/Automake/RuleDef.pm lib/Automake/Variable.pm lib/Automake/VarDef.pm lib/Automake/Version.pm lib/Automake/XFile.pm lib/Automake/Wrap.pm '/home/devel/building/work/pkg/usr/share/automake-1.16/Automake'
 /usr/bin/install -c -m 644 m4/amversion.m4 m4/ar-lib.m4 m4/as.m4 m4/auxdir.m4 m4/cond.m4 m4/cond-if.m4 m4/depend.m4 m4/depout.m4 m4/dmalloc.m4 m4/extra-recurs.m4 m4/gcj.m4 m4/init.m4 m4/install-sh.m4 m4/lead-dot.m4 m4/lex.m4 m4/lispdir.m4 m4/maintainer.m4 m4/make.m4 m4/missing.m4 m4/mkdirp.m4 m4/obsolete.m4 m4/options.m4 m4/python.m4 m4/prog-cc-c-o.m4 m4/runlog.m4 m4/sanity.m4 m4/silent.m4 m4/strip.m4 m4/substnot.m4 m4/tar.m4 m4/upc.m4 m4/vala.m4 '/home/devel/building/work/pkg/usr/share/aclocal-1.16'
 /usr/bin/install -c -m 644 m4/internal/ac-config-macro-dirs.m4 '/home/devel/building/work/pkg/usr/share/aclocal-1.16/internal'
 /usr/bin/install -c -m 644 lib/am/check.am lib/am/check2.am lib/am/clean-hdr.am lib/am/clean.am lib/am/compile.am lib/am/configure.am lib/am/data.am lib/am/dejagnu.am lib/am/depend.am lib/am/depend2.am lib/am/distdir.am lib/am/footer.am lib/am/header-vars.am lib/am/header.am lib/am/install.am lib/am/inst-vars.am lib/am/java.am lib/am/lang-compile.am lib/am/lex.am lib/am/library.am lib/am/libs.am lib/am/libtool.am lib/am/lisp.am lib/am/ltlib.am lib/am/ltlibrary.am lib/am/mans-vars.am lib/am/mans.am lib/am/program.am lib/am/progs.am lib/am/python.am lib/am/remake-hdr.am lib/am/scripts.am lib/am/subdirs.am lib/am/tags.am lib/am/texi-vers.am lib/am/texibuild.am lib/am/texinfos.am lib/am/vala.am lib/am/yacc.am '/home/devel/building/work/pkg/usr/share/automake-1.16/am'
 /usr/bin/install -c bin/automake bin/aclocal '/home/devel/building/work/pkg/usr/bin'
 /usr/bin/install -c -m 644 lib/COPYING lib/INSTALL lib/texinfo.tex '/home/devel/building/work/pkg/usr/share/automake-1.16'
/usr/bin/make  install-exec-hook
 /bin/mkdir -p '/home/devel/building/work/pkg/usr/share/aclocal'
 /bin/mkdir -p '/home/devel/building/work/pkg/usr/share/automake-1.16/Automake'
 /bin/mkdir -p '/home/devel/building/work/pkg/usr/share/man/man1'
 /usr/bin/install -c -m 644 lib/config.guess lib/config.sub lib/install-sh lib/mdate-sh lib/missing lib/mkinstalldirs lib/ylwrap lib/depcomp lib/compile lib/py-compile lib/ar-lib lib/test-driver lib/tap-driver.sh '/home/devel/building/work/pkg/usr/share/automake-1.16'
 /bin/mkdir -p '/home/devel/building/work/pkg/usr/share/info'
 /usr/bin/install -c -m 644 lib/Automake/Config.pm '/home/devel/building/work/pkg/usr/share/automake-1.16/Automake'
 /usr/bin/install -c -m 644 m4/acdir/README '/home/devel/building/work/pkg/usr/share/aclocal'
make[2]: Entering directory '/home/devel/building/work/src/automake-1.16.5'
 /usr/bin/install -c -m 644 doc/aclocal.1 doc/automake.1 doc/aclocal-1.16.1 doc/automake-1.16.1 '/home/devel/building/work/pkg/usr/share/man/man1'
 /usr/bin/install -c -m 644 ./doc/automake.info ./doc/automake.info-1 ./doc/automake.info-2 ./doc/automake-history.info '/home/devel/building/work/pkg/usr/share/info'
 ln '/home/devel/building/work/pkg/usr/bin/automake' '/home/devel/building/work/pkg/usr/bin/automake-1.16'
 install-info --info-dir='/home/devel/building/work/pkg/usr/share/info' '/home/devel/building/work/pkg/usr/share/info/automake.info'
 ln '/home/devel/building/work/pkg/usr/bin/aclocal' '/home/devel/building/work/pkg/usr/bin/aclocal-1.16'
make[2]: Leaving directory '/home/devel/building/work/src/automake-1.16.5'
 install-info --info-dir='/home/devel/building/work/pkg/usr/share/info' '/home/devel/building/work/pkg/usr/share/info/automake-history.info'
/usr/bin/make  install-data-hook
make[2]: Entering directory '/home/devel/building/work/src/automake-1.16.5'
 chmod +x '/home/devel/building/work/pkg/usr/share/automake-1.16/config.guess'
 chmod +x '/home/devel/building/work/pkg/usr/share/automake-1.16/config.sub'
 chmod +x '/home/devel/building/work/pkg/usr/share/automake-1.16/install-sh'
 chmod +x '/home/devel/building/work/pkg/usr/share/automake-1.16/mdate-sh'
 chmod +x '/home/devel/building/work/pkg/usr/share/automake-1.16/missing'
 chmod +x '/home/devel/building/work/pkg/usr/share/automake-1.16/mkinstalldirs'
 chmod +x '/home/devel/building/work/pkg/usr/share/automake-1.16/ylwrap'
 chmod +x '/home/devel/building/work/pkg/usr/share/automake-1.16/depcomp'
 chmod +x '/home/devel/building/work/pkg/usr/share/automake-1.16/compile'
 chmod +x '/home/devel/building/work/pkg/usr/share/automake-1.16/py-compile'
 chmod +x '/home/devel/building/work/pkg/usr/share/automake-1.16/ar-lib'
 chmod +x '/home/devel/building/work/pkg/usr/share/automake-1.16/test-driver'
 chmod +x '/home/devel/building/work/pkg/usr/share/automake-1.16/tap-driver.sh'
make[2]: Leaving directory '/home/devel/building/work/src/automake-1.16.5'
make[1]: Leaving directory '/home/devel/building/work/src/automake-1.16.5'
+ rm -r /home/devel/building/work/pkg/usr/share/info /home/devel/building/work/pkg/usr/share/doc
+ rm /home/devel/building/work/pkg/usr/share/automake-1.16/texinfo.tex
=======> Build result:
drwxr-xr-x  0 root   root        0 Feb 21 12:29 usr/
drwxr-xr-x  0 root   root        0 Feb 21 12:29 usr/share/
drwxr-xr-x  0 root   root        0 Feb 21 12:29 usr/bin/
-rwxr-xr-x  0 root   root    36020 Feb 21 12:29 usr/bin/aclocal-1.16
-rwxr-xr-x  0 root   root   262055 Feb 21 12:29 usr/bin/automake-1.16
hrwxr-xr-x  0 root   root        0 Feb 21 12:29 usr/bin/aclocal link to usr/bin/aclocal-1.16
hrwxr-xr-x  0 root   root        0 Feb 21 12:29 usr/bin/automake link to usr/bin/automake-1.16
drwxr-xr-x  0 root   root        0 Feb 21 12:29 usr/share/man/
drwxr-xr-x  0 root   root        0 Feb 21 12:29 usr/share/aclocal/
drwxr-xr-x  0 root   root        0 Feb 21 12:29 usr/share/aclocal-1.16/
drwxr-xr-x  0 root   root        0 Feb 21 12:29 usr/share/automake-1.16/
-rwxr-xr-x  0 root   root    19461 Feb 21 12:29 usr/share/automake-1.16/tap-driver.sh
-rwxr-xr-x  0 root   root     4879 Feb 21 12:29 usr/share/automake-1.16/test-driver
-rwxr-xr-x  0 root   root     5875 Feb 21 12:29 usr/share/automake-1.16/ar-lib
-rwxr-xr-x  0 root   root     5234 Feb 21 12:29 usr/share/automake-1.16/py-compile
-rwxr-xr-x  0 root   root     7400 Feb 21 12:29 usr/share/automake-1.16/compile
-rwxr-xr-x  0 root   root    23568 Feb 21 12:29 usr/share/automake-1.16/depcomp
-rwxr-xr-x  0 root   root     6860 Feb 21 12:29 usr/share/automake-1.16/ylwrap
-rwxr-xr-x  0 root   root     3514 Feb 21 12:29 usr/share/automake-1.16/mkinstalldirs
-rwxr-xr-x  0 root   root     6878 Feb 21 12:29 usr/share/automake-1.16/missing
-rwxr-xr-x  0 root   root     6106 Feb 21 12:29 usr/share/automake-1.16/mdate-sh
-rwxr-xr-x  0 root   root    15358 Feb 21 12:29 usr/share/automake-1.16/install-sh
-rwxr-xr-x  0 root   root    35276 Feb 21 12:29 usr/share/automake-1.16/config.sub
-rwxr-xr-x  0 root   root    49348 Feb 21 12:29 usr/share/automake-1.16/config.guess
-rw-r--r--  0 root   root    15766 Feb 21 12:29 usr/share/automake-1.16/INSTALL
-rw-r--r--  0 root   root    35149 Feb 21 12:29 usr/share/automake-1.16/COPYING
drwxr-xr-x  0 root   root        0 Feb 21 12:29 usr/share/automake-1.16/Automake/
drwxr-xr-x  0 root   root        0 Feb 21 12:29 usr/share/automake-1.16/am/
-rw-r--r--  0 root   root     2405 Feb 21 12:29 usr/share/automake-1.16/am/yacc.am
-rw-r--r--  0 root   root      769 Feb 21 12:29 usr/share/automake-1.16/am/vala.am
-rw-r--r--  0 root   root    13440 Feb 21 12:29 usr/share/automake-1.16/am/texinfos.am
-rw-r--r--  0 root   root     6330 Feb 21 12:29 usr/share/automake-1.16/am/texibuild.am
-rw-r--r--  0 root   root     2473 Feb 21 12:29 usr/share/automake-1.16/am/texi-vers.am
-rw-r--r--  0 root   root     5118 Feb 21 12:29 usr/share/automake-1.16/am/tags.am
-rw-r--r--  0 root   root     2868 Feb 21 12:29 usr/share/automake-1.16/am/subdirs.am
-rw-r--r--  0 root   root     4714 Feb 21 12:29 usr/share/automake-1.16/am/scripts.am
-rw-r--r--  0 root   root     3219 Feb 21 12:29 usr/share/automake-1.16/am/remake-hdr.am
-rw-r--r--  0 root   root     5064 Feb 21 12:29 usr/share/automake-1.16/am/python.am
-rw-r--r--  0 root   root     6391 Feb 21 12:29 usr/share/automake-1.16/am/progs.am
-rw-r--r--  0 root   root     1232 Feb 21 12:29 usr/share/automake-1.16/am/program.am
-rw-r--r--  0 root   root     6494 Feb 21 12:29 usr/share/automake-1.16/am/mans.am
-rw-r--r--  0 root   root      858 Feb 21 12:29 usr/share/automake-1.16/am/mans-vars.am
-rw-r--r--  0 root   root      934 Feb 21 12:29 usr/share/automake-1.16/am/ltlibrary.am
-rw-r--r--  0 root   root     4994 Feb 21 12:29 usr/share/automake-1.16/am/ltlib.am
-rw-r--r--  0 root   root     4982 Feb 21 12:29 usr/share/automake-1.16/am/lisp.am
-rw-r--r--  0 root   root     1031 Feb 21 12:29 usr/share/automake-1.16/am/libtool.am
-rw-r--r--  0 root   root     3890 Feb 21 12:29 usr/share/automake-1.16/am/libs.am
-rw-r--r--  0 root   root      977 Feb 21 12:29 usr/share/automake-1.16/am/library.am
-rw-r--r--  0 root   root     1324 Feb 21 12:29 usr/share/automake-1.16/am/lex.am
-rw-r--r--  0 root   root     1198 Feb 21 12:29 usr/share/automake-1.16/am/lang-compile.am
-rw-r--r--  0 root   root     2861 Feb 21 12:29 usr/share/automake-1.16/am/java.am
-rw-r--r--  0 root   root     3473 Feb 21 12:29 usr/share/automake-1.16/am/inst-vars.am
-rw-r--r--  0 root   root     4056 Feb 21 12:29 usr/share/automake-1.16/am/install.am
-rw-r--r--  0 root   root      787 Feb 21 12:29 usr/share/automake-1.16/am/header.am
-rw-r--r--  0 root   root     6392 Feb 21 12:29 usr/share/automake-1.16/am/header-vars.am
-rw-r--r--  0 root   root      882 Feb 21 12:29 usr/share/automake-1.16/am/footer.am
-rw-r--r--  0 root   root    22825 Feb 21 12:29 usr/share/automake-1.16/am/distdir.am
-rw-r--r--  0 root   root     6092 Feb 21 12:29 usr/share/automake-1.16/am/depend2.am
-rw-r--r--  0 root   root     1190 Feb 21 12:29 usr/share/automake-1.16/am/depend.am
-rw-r--r--  0 root   root     3672 Feb 21 12:29 usr/share/automake-1.16/am/dejagnu.am
-rw-r--r--  0 root   root     3399 Feb 21 12:29 usr/share/automake-1.16/am/data.am
-rw-r--r--  0 root   root     6877 Feb 21 12:29 usr/share/automake-1.16/am/configure.am
-rw-r--r--  0 root   root     1011 Feb 21 12:29 usr/share/automake-1.16/am/compile.am
-rw-r--r--  0 root   root     2332 Feb 21 12:29 usr/share/automake-1.16/am/clean.am
-rw-r--r--  0 root   root      819 Feb 21 12:29 usr/share/automake-1.16/am/clean-hdr.am
-rw-r--r--  0 root   root     2196 Feb 21 12:29 usr/share/automake-1.16/am/check2.am
-rw-r--r--  0 root   root    22261 Feb 21 12:29 usr/share/automake-1.16/am/check.am
-rw-r--r--  0 root   root     1522 Feb 21 12:29 usr/share/automake-1.16/Automake/Config.pm
-rw-r--r--  0 root   root     3738 Feb 21 12:29 usr/share/automake-1.16/Automake/Wrap.pm
-rw-r--r--  0 root   root     7461 Feb 21 12:29 usr/share/automake-1.16/Automake/XFile.pm
-rw-r--r--  0 root   root     3901 Feb 21 12:29 usr/share/automake-1.16/Automake/Version.pm
-rw-r--r--  0 root   root     8566 Feb 21 12:29 usr/share/automake-1.16/Automake/VarDef.pm
-rw-r--r--  0 root   root    45957 Feb 21 12:29 usr/share/automake-1.16/Automake/Variable.pm
-rw-r--r--  0 root   root     2288 Feb 21 12:29 usr/share/automake-1.16/Automake/RuleDef.pm
-rw-r--r--  0 root   root    24103 Feb 21 12:29 usr/share/automake-1.16/Automake/Rule.pm
-rw-r--r--  0 root   root    11424 Feb 21 12:29 usr/share/automake-1.16/Automake/Options.pm
-rw-r--r--  0 root   root     5542 Feb 21 12:29 usr/share/automake-1.16/Automake/Location.pm
-rw-r--r--  0 root   root     2841 Feb 21 12:29 usr/share/automake-1.16/Automake/Language.pm
-rw-r--r--  0 root   root     2006 Feb 21 12:29 usr/share/automake-1.16/Automake/ItemDef.pm
-rw-r--r--  0 root   root     4162 Feb 21 12:29 usr/share/automake-1.16/Automake/Item.pm
-rw-r--r--  0 root   root     2283 Feb 21 12:29 usr/share/automake-1.16/Automake/Getopt.pm
-rw-r--r--  0 root   root     2023 Feb 21 12:29 usr/share/automake-1.16/Automake/General.pm
-rw-r--r--  0 root   root     8671 Feb 21 12:29 usr/share/automake-1.16/Automake/FileUtils.pm
-rw-r--r--  0 root   root    14333 Feb 21 12:29 usr/share/automake-1.16/Automake/DisjConditions.pm
-rw-r--r--  0 root   root     2986 Feb 21 12:29 usr/share/automake-1.16/Automake/Configure_ac.pm
-rw-r--r--  0 root   root    15177 Feb 21 12:29 usr/share/automake-1.16/Automake/Condition.pm
-rw-r--r--  0 root   root    20238 Feb 21 12:29 usr/share/automake-1.16/Automake/Channels.pm
-rw-r--r--  0 root   root    14085 Feb 21 12:29 usr/share/automake-1.16/Automake/ChannelDefs.pm
-rw-r--r--  0 root   root     1884 Feb 21 12:29 usr/share/aclocal-1.16/vala.m4
-rw-r--r--  0 root   root      836 Feb 21 12:29 usr/share/aclocal-1.16/upc.m4
-rw-r--r--  0 root   root     4471 Feb 21 12:29 usr/share/aclocal-1.16/tar.m4
-rw-r--r--  0 root   root      675 Feb 21 12:29 usr/share/aclocal-1.16/substnot.m4
-rw-r--r--  0 root   root     1392 Feb 21 12:29 usr/share/aclocal-1.16/strip.m4
-rw-r--r--  0 root   root     1911 Feb 21 12:29 usr/share/aclocal-1.16/silent.m4
-rw-r--r--  0 root   root     2646 Feb 21 12:29 usr/share/aclocal-1.16/sanity.m4
-rw-r--r--  0 root   root      718 Feb 21 12:29 usr/share/aclocal-1.16/runlog.m4
-rw-r--r--  0 root   root     1691 Feb 21 12:29 usr/share/aclocal-1.16/prog-cc-c-o.m4
-rw-r--r--  0 root   root    13869 Feb 21 12:29 usr/share/aclocal-1.16/python.m4
-rw-r--r--  0 root   root     1090 Feb 21 12:29 usr/share/aclocal-1.16/options.m4
-rw-r--r--  0 root   root     1008 Feb 21 12:29 usr/share/aclocal-1.16/obsolete.m4
-rw-r--r--  0 root   root     1349 Feb 21 12:29 usr/share/aclocal-1.16/mkdirp.m4
-rw-r--r--  0 root   root     1052 Feb 21 12:29 usr/share/aclocal-1.16/missing.m4
-rw-r--r--  0 root   root     1434 Feb 21 12:29 usr/share/aclocal-1.16/make.m4
-rw-r--r--  0 root   root     1656 Feb 21 12:29 usr/share/aclocal-1.16/maintainer.m4
-rw-r--r--  0 root   root     2152 Feb 21 12:29 usr/share/aclocal-1.16/lispdir.m4
-rw-r--r--  0 root   root      689 Feb 21 12:29 usr/share/aclocal-1.16/lex.m4
-rw-r--r--  0 root   root      641 Feb 21 12:29 usr/share/aclocal-1.16/lead-dot.m4
-rw-r--r--  0 root   root      681 Feb 21 12:29 usr/share/aclocal-1.16/install-sh.m4
-rw-r--r--  0 root   root     8426 Feb 21 12:29 usr/share/aclocal-1.16/init.m4
-rw-r--r--  0 root   root      649 Feb 21 12:29 usr/share/aclocal-1.16/gcj.m4
-rw-r--r--  0 root   root      738 Feb 21 12:29 usr/share/aclocal-1.16/extra-recurs.m4
-rw-r--r--  0 root   root      906 Feb 21 12:29 usr/share/aclocal-1.16/dmalloc.m4
-rw-r--r--  0 root   root     2772 Feb 21 12:29 usr/share/aclocal-1.16/depout.m4
-rw-r--r--  0 root   root     7281 Feb 21 12:29 usr/share/aclocal-1.16/depend.m4
-rw-r--r--  0 root   root     1030 Feb 21 12:29 usr/share/aclocal-1.16/cond-if.m4
-rw-r--r--  0 root   root     1036 Feb 21 12:29 usr/share/aclocal-1.16/cond.m4
-rw-r--r--  0 root   root     2407 Feb 21 12:29 usr/share/aclocal-1.16/auxdir.m4
-rw-r--r--  0 root   root      767 Feb 21 12:29 usr/share/aclocal-1.16/as.m4
-rw-r--r--  0 root   root     2066 Feb 21 12:29 usr/share/aclocal-1.16/ar-lib.m4
-rw-r--r--  0 root   root     1617 Feb 21 12:29 usr/share/aclocal-1.16/amversion.m4
drwxr-xr-x  0 root   root        0 Feb 21 12:29 usr/share/aclocal-1.16/internal/
-rw-r--r--  0 root   root      667 Feb 21 12:29 usr/share/aclocal-1.16/internal/ac-config-macro-dirs.m4
-rw-r--r--  0 root   root      368 Feb 21 12:29 usr/share/aclocal/README
drwxr-xr-x  0 root   root        0 Feb 21 12:29 usr/share/man/man1/
-rw-r--r--  0 root   root       54 Feb 21 12:29 usr/share/man/man1/aclocal.1.gz
-rw-r--r--  0 root   root       56 Feb 21 12:29 usr/share/man/man1/automake.1.gz
-rw-r--r--  0 root   root     1396 Feb 21 12:29 usr/share/man/man1/aclocal-1.16.1.gz
-rw-r--r--  0 root   root     1695 Feb 21 12:29 usr/share/man/man1/automake-1.16.1.gz
=======> Building '/home/devel/packages/automake#1.16.5-1.riscv64.pkg.tar.zst' succeeded.
prt-get: Using PKGMK_PACKAGE_DIR: /home/devel/packages
prt-get: reinstalling automake 1.16.5-1
prt-get: /usr/bin/pkgadd -u automake#1.16.5-1.riscv64.pkg.tar.zst
prt-get: build done Tue Feb 21 12:29:15 2023

