prt-get: updating /usr/ports/core-riscv64/dejagnu
prt-get: starting build Tue Feb 21 14:28:00 2023
=======> Building '/home/devel/packages/dejagnu#1.6.3-1.riscv64.pkg.tar.zst'.
bsdtar -p -o -C /home/devel/building/work/src -xf /home/devel/sources/dejagnu-1.6.3.tar.gz
+ build
+ cd dejagnu-1.6.3
+ ./configure --prefix=/usr
checking for a BSD-compatible install... /usr/bin/install -c
checking whether build environment is sane... yes
checking for a thread-safe mkdir -p... /bin/mkdir -p
checking for gawk... gawk
checking whether make sets $(MAKE)... yes
checking whether make supports nested variables... yes
checking whether to enable maintainer-specific portions of Makefiles... no
checking whether make sets $(MAKE)... (cached) yes
checking for gawk... (cached) gawk
checking for gcc... gcc
checking whether the C compiler works... yes
checking for C compiler default output file name... a.out
checking for suffix of executables... 
checking whether we are cross compiling... no
checking for suffix of object files... o
checking whether we are using the GNU C compiler... yes
checking whether gcc accepts -g... yes
checking for gcc option to accept ISO C89... none needed
checking whether gcc understands -c and -o together... yes
checking for style of include used by make... GNU
checking dependency style of gcc... gcc3
checking for g++... g++
checking whether we are using the GNU C++ compiler... yes
checking whether g++ accepts -g... yes
checking dependency style of g++... gcc3
checking that generated files are newer than configure... done
configure: creating ./config.status
config.status: creating Makefile
config.status: executing depfiles commands
+ make V=1
Done. Now run 'make install'.
+ make DESTDIR=/home/devel/building/work/pkg install
Done. Now run 'make install'.
make[1]: Entering directory '/home/devel/building/work/src/dejagnu-1.6.3'
 /bin/mkdir -p '/home/devel/building/work/pkg/usr/bin'
 /bin/mkdir -p '/home/devel/building/work/pkg/usr/share/dejagnu/libexec'
 /bin/mkdir -p '/home/devel/building/work/pkg/usr/share/dejagnu/baseboards'
 /bin/mkdir -p '/home/devel/building/work/pkg/usr/share/dejagnu/commands'
 /bin/mkdir -p '/home/devel/building/work/pkg/usr/share/dejagnu/config'
 /bin/mkdir -p '/home/devel/building/work/pkg/usr/include'
 /bin/mkdir -p '/home/devel/building/work/pkg/usr/share/man/man1'
 /bin/mkdir -p '/home/devel/building/work/pkg/usr/share/info'
 /usr/bin/install -c -m 644 commands/help.sh commands/report-card.awk '/home/devel/building/work/pkg/usr/share/dejagnu/commands'
 /usr/bin/install -c dejagnu runtest '/home/devel/building/work/pkg/usr/bin'
 /usr/bin/install -c -m 644 config/README config/adb.exp config/aarch64-fv8.exp config/default.exp config/gdb-comm.exp config/gdb_stub.exp config/sid.exp config/sim.exp config/unix.exp config/vxworks.exp '/home/devel/building/work/pkg/usr/share/dejagnu/config'
 /usr/bin/install -c config.guess '/home/devel/building/work/pkg/usr/share/dejagnu/libexec'
 /usr/bin/install -c -m 644 baseboards/README baseboards/aarch64-sim.exp baseboards/am33_2.0-libremote.exp baseboards/androideabi.exp baseboards/arm-ice.exp baseboards/arm-sid.exp baseboards/arm-sim.exp baseboards/basic-sid.exp baseboards/basic-sim.exp baseboards/cris-sim.exp baseboards/d30v-sim.exp baseboards/fr30-sim.exp baseboards/frv-sim.exp baseboards/gdbserver-sample.exp baseboards/generic-sim.exp baseboards/i386-sid.exp baseboards/iq2000-sim.exp baseboards/jmr3904-sim.exp baseboards/linux-gdbserver.exp baseboards/linux-libremote.exp baseboards/m68k-sid.exp baseboards/mcore-moto-sim.exp baseboards/mcore-sim.exp baseboards/mips-lnews-sim.exp baseboards/mips-lsi-sim.exp baseboards/mips-sim-idt32.exp baseboards/mips-sim-idt64.exp baseboards/mips-sim-mti32.exp baseboards/mips-sim-mti64.exp baseboards/mips-sim-mti64_64.exp baseboards/mips-sim-mti64_n32.exp baseboards/mips-sim-sde32.exp baseboards/mips-sim-sde64.exp baseboards/mips-sim.exp baseboards/mmixware-sim.exp baseboards/mn10200-sim.exp baseboards/mn10300-sim.exp baseboards/moxie-sim.exp baseboards/msp430-sim.exp baseboards/mt-sid.exp '/home/devel/building/work/pkg/usr/share/dejagnu/baseboards'
 /bin/mkdir -p '/home/devel/building/work/pkg/usr/share/dejagnu'
 /usr/bin/install -c -m 644 baseboards/multi-sim.exp baseboards/pi.exp baseboards/powerpc-sim.exp baseboards/powerpcle-sim.exp baseboards/pru-sim.exp baseboards/qemu.exp baseboards/riscv-sim.exp baseboards/rx-sim.exp baseboards/sh-sid.exp baseboards/sh-sim.exp baseboards/sparc-sim.exp baseboards/sparc64-sim.exp baseboards/sparclite-sim-le.exp baseboards/sparclite-sim.exp baseboards/tx39-sim.exp baseboards/unix.exp baseboards/v850-sim.exp baseboards/visium-sim.exp baseboards/vr4100-sim.exp baseboards/vr4111-sim.exp baseboards/vr4300-sim.exp baseboards/xtensa-sim.exp '/home/devel/building/work/pkg/usr/share/dejagnu/baseboards'
 /usr/bin/install -c -m 644 dejagnu.h '/home/devel/building/work/pkg/usr/include'
 /usr/bin/install -c -m 644 doc/dejagnu.1 doc/dejagnu-help.1 doc/dejagnu-report-card.1 doc/runtest.1 '/home/devel/building/work/pkg/usr/share/man/man1'
 /usr/bin/install -c -m 644 stub-loader.c testglue.c runtest.exp lib/debugger.exp lib/dejagnu.exp lib/dg.exp lib/dmucs.exp lib/framework.exp lib/ftp.exp lib/kermit.exp lib/libgloss.exp lib/remote.exp lib/rlogin.exp lib/rsh.exp lib/ssh.exp lib/standard.exp lib/target.exp lib/targetdb.exp lib/telnet.exp lib/tip.exp lib/utils.exp '/home/devel/building/work/pkg/usr/share/dejagnu'
 /usr/bin/install -c -m 644 ./doc/dejagnu.info '/home/devel/building/work/pkg/usr/share/info'
 install-info --info-dir='/home/devel/building/work/pkg/usr/share/info' '/home/devel/building/work/pkg/usr/share/info/dejagnu.info'
make[1]: Leaving directory '/home/devel/building/work/src/dejagnu-1.6.3'
+ rm -r /home/devel/building/work/pkg/usr/share/info
+ rm /home/devel/building/work/pkg/usr/share/dejagnu/baseboards/README /home/devel/building/work/pkg/usr/share/dejagnu/config/README
=======> Build result:
drwxr-xr-x  0 root   root        0 Feb 21 14:28 usr/
drwxr-xr-x  0 root   root        0 Feb 21 14:28 usr/include/
drwxr-xr-x  0 root   root        0 Feb 21 14:28 usr/share/
drwxr-xr-x  0 root   root        0 Feb 21 14:28 usr/bin/
-rwxr-xr-x  0 root   root     4631 Feb 21 14:28 usr/bin/runtest
-rwxr-xr-x  0 root   root    12969 Feb 21 14:28 usr/bin/dejagnu
drwxr-xr-x  0 root   root        0 Feb 21 14:28 usr/share/man/
drwxr-xr-x  0 root   root        0 Feb 21 14:28 usr/share/dejagnu/
-rw-r--r--  0 root   root     9679 Feb 21 14:28 usr/share/dejagnu/utils.exp
-rw-r--r--  0 root   root     4285 Feb 21 14:28 usr/share/dejagnu/tip.exp
-rw-r--r--  0 root   root     6139 Feb 21 14:28 usr/share/dejagnu/telnet.exp
-rw-r--r--  0 root   root     2760 Feb 21 14:28 usr/share/dejagnu/targetdb.exp
-rw-r--r--  0 root   root    29561 Feb 21 14:28 usr/share/dejagnu/target.exp
-rw-r--r--  0 root   root     1320 Feb 21 14:28 usr/share/dejagnu/standard.exp
-rw-r--r--  0 root   root     6974 Feb 21 14:28 usr/share/dejagnu/ssh.exp
-rw-r--r--  0 root   root     7480 Feb 21 14:28 usr/share/dejagnu/rsh.exp
-rw-r--r--  0 root   root     4327 Feb 21 14:28 usr/share/dejagnu/rlogin.exp
-rw-r--r--  0 root   root    39280 Feb 21 14:28 usr/share/dejagnu/remote.exp
-rw-r--r--  0 root   root    24716 Feb 21 14:28 usr/share/dejagnu/libgloss.exp
-rw-r--r--  0 root   root     4495 Feb 21 14:28 usr/share/dejagnu/kermit.exp
-rw-r--r--  0 root   root     5564 Feb 21 14:28 usr/share/dejagnu/ftp.exp
-rw-r--r--  0 root   root    32493 Feb 21 14:28 usr/share/dejagnu/framework.exp
-rw-r--r--  0 root   root     1931 Feb 21 14:28 usr/share/dejagnu/dmucs.exp
-rw-r--r--  0 root   root    27437 Feb 21 14:28 usr/share/dejagnu/dg.exp
-rw-r--r--  0 root   root     5695 Feb 21 14:28 usr/share/dejagnu/dejagnu.exp
-rw-r--r--  0 root   root     5320 Feb 21 14:28 usr/share/dejagnu/debugger.exp
-rw-r--r--  0 root   root    57417 Feb 21 14:28 usr/share/dejagnu/runtest.exp
-rw-r--r--  0 root   root     3463 Feb 21 14:28 usr/share/dejagnu/testglue.c
-rw-r--r--  0 root   root       85 Feb 21 14:28 usr/share/dejagnu/stub-loader.c
drwxr-xr-x  0 root   root        0 Feb 21 14:28 usr/share/dejagnu/config/
drwxr-xr-x  0 root   root        0 Feb 21 14:28 usr/share/dejagnu/baseboards/
drwxr-xr-x  0 root   root        0 Feb 21 14:28 usr/share/dejagnu/commands/
drwxr-xr-x  0 root   root        0 Feb 21 14:28 usr/share/dejagnu/libexec/
-rwxr-xr-x  0 root   root    49482 Feb 21 14:28 usr/share/dejagnu/libexec/config.guess
-rw-r--r--  0 root   root     6857 Feb 21 14:28 usr/share/dejagnu/commands/report-card.awk
-rw-r--r--  0 root   root     3005 Feb 21 14:28 usr/share/dejagnu/commands/help.sh
-rw-r--r--  0 root   root     1639 Feb 21 14:28 usr/share/dejagnu/baseboards/xtensa-sim.exp
-rw-r--r--  0 root   root     1134 Feb 21 14:28 usr/share/dejagnu/baseboards/vr4300-sim.exp
-rw-r--r--  0 root   root     1134 Feb 21 14:28 usr/share/dejagnu/baseboards/vr4111-sim.exp
-rw-r--r--  0 root   root     1134 Feb 21 14:28 usr/share/dejagnu/baseboards/vr4100-sim.exp
-rw-r--r--  0 root   root     1632 Feb 21 14:28 usr/share/dejagnu/baseboards/visium-sim.exp
-rw-r--r--  0 root   root     1862 Feb 21 14:28 usr/share/dejagnu/baseboards/v850-sim.exp
-rw-r--r--  0 root   root     1286 Feb 21 14:28 usr/share/dejagnu/baseboards/unix.exp
-rw-r--r--  0 root   root      928 Feb 21 14:28 usr/share/dejagnu/baseboards/tx39-sim.exp
-rw-r--r--  0 root   root     1984 Feb 21 14:28 usr/share/dejagnu/baseboards/sparclite-sim.exp
-rw-r--r--  0 root   root     2311 Feb 21 14:28 usr/share/dejagnu/baseboards/sparclite-sim-le.exp
-rw-r--r--  0 root   root     1897 Feb 21 14:28 usr/share/dejagnu/baseboards/sparc64-sim.exp
-rw-r--r--  0 root   root     1982 Feb 21 14:28 usr/share/dejagnu/baseboards/sparc-sim.exp
-rw-r--r--  0 root   root     2235 Feb 21 14:28 usr/share/dejagnu/baseboards/sh-sim.exp
-rw-r--r--  0 root   root     1585 Feb 21 14:28 usr/share/dejagnu/baseboards/sh-sid.exp
-rw-r--r--  0 root   root     1558 Feb 21 14:28 usr/share/dejagnu/baseboards/rx-sim.exp
-rw-r--r--  0 root   root     1975 Feb 21 14:28 usr/share/dejagnu/baseboards/riscv-sim.exp
-rw-r--r--  0 root   root     7515 Feb 21 14:28 usr/share/dejagnu/baseboards/qemu.exp
-rw-r--r--  0 root   root     2537 Feb 21 14:28 usr/share/dejagnu/baseboards/pru-sim.exp
-rw-r--r--  0 root   root     1606 Feb 21 14:28 usr/share/dejagnu/baseboards/powerpcle-sim.exp
-rw-r--r--  0 root   root     1606 Feb 21 14:28 usr/share/dejagnu/baseboards/powerpc-sim.exp
-rw-r--r--  0 root   root     1976 Feb 21 14:28 usr/share/dejagnu/baseboards/pi.exp
-rw-r--r--  0 root   root     6104 Feb 21 14:28 usr/share/dejagnu/baseboards/multi-sim.exp
-rw-r--r--  0 root   root     2003 Feb 21 14:28 usr/share/dejagnu/baseboards/mt-sid.exp
-rw-r--r--  0 root   root     2009 Feb 21 14:28 usr/share/dejagnu/baseboards/msp430-sim.exp
-rw-r--r--  0 root   root     2072 Feb 21 14:28 usr/share/dejagnu/baseboards/moxie-sim.exp
-rw-r--r--  0 root   root     2078 Feb 21 14:28 usr/share/dejagnu/baseboards/mn10300-sim.exp
-rw-r--r--  0 root   root     2211 Feb 21 14:28 usr/share/dejagnu/baseboards/mn10200-sim.exp
-rw-r--r--  0 root   root     2775 Feb 21 14:28 usr/share/dejagnu/baseboards/mmixware-sim.exp
-rw-r--r--  0 root   root     1635 Feb 21 14:28 usr/share/dejagnu/baseboards/mips-sim.exp
-rw-r--r--  0 root   root     1848 Feb 21 14:28 usr/share/dejagnu/baseboards/mips-sim-sde64.exp
-rw-r--r--  0 root   root     1848 Feb 21 14:28 usr/share/dejagnu/baseboards/mips-sim-sde32.exp
-rw-r--r--  0 root   root     1856 Feb 21 14:28 usr/share/dejagnu/baseboards/mips-sim-mti64_n32.exp
-rw-r--r--  0 root   root     1854 Feb 21 14:28 usr/share/dejagnu/baseboards/mips-sim-mti64_64.exp
-rw-r--r--  0 root   root     1848 Feb 21 14:28 usr/share/dejagnu/baseboards/mips-sim-mti64.exp
-rw-r--r--  0 root   root     1848 Feb 21 14:28 usr/share/dejagnu/baseboards/mips-sim-mti32.exp
-rw-r--r--  0 root   root     1850 Feb 21 14:28 usr/share/dejagnu/baseboards/mips-sim-idt64.exp
-rw-r--r--  0 root   root     1850 Feb 21 14:28 usr/share/dejagnu/baseboards/mips-sim-idt32.exp
-rw-r--r--  0 root   root     1004 Feb 21 14:28 usr/share/dejagnu/baseboards/mips-lsi-sim.exp
-rw-r--r--  0 root   root      944 Feb 21 14:28 usr/share/dejagnu/baseboards/mips-lnews-sim.exp
-rw-r--r--  0 root   root     2071 Feb 21 14:28 usr/share/dejagnu/baseboards/mcore-sim.exp
-rw-r--r--  0 root   root     4377 Feb 21 14:28 usr/share/dejagnu/baseboards/mcore-moto-sim.exp
-rw-r--r--  0 root   root     1094 Feb 21 14:28 usr/share/dejagnu/baseboards/m68k-sid.exp
-rw-r--r--  0 root   root     1704 Feb 21 14:28 usr/share/dejagnu/baseboards/linux-libremote.exp
-rw-r--r--  0 root   root     1686 Feb 21 14:28 usr/share/dejagnu/baseboards/linux-gdbserver.exp
-rw-r--r--  0 root   root     1229 Feb 21 14:28 usr/share/dejagnu/baseboards/jmr3904-sim.exp
-rw-r--r--  0 root   root     2006 Feb 21 14:28 usr/share/dejagnu/baseboards/iq2000-sim.exp
-rw-r--r--  0 root   root     1655 Feb 21 14:28 usr/share/dejagnu/baseboards/i386-sid.exp
-rw-r--r--  0 root   root     2865 Feb 21 14:28 usr/share/dejagnu/baseboards/generic-sim.exp
-rw-r--r--  0 root   root     2101 Feb 21 14:28 usr/share/dejagnu/baseboards/gdbserver-sample.exp
-rw-r--r--  0 root   root     2006 Feb 21 14:28 usr/share/dejagnu/baseboards/frv-sim.exp
-rw-r--r--  0 root   root     2004 Feb 21 14:28 usr/share/dejagnu/baseboards/fr30-sim.exp
-rw-r--r--  0 root   root     1951 Feb 21 14:28 usr/share/dejagnu/baseboards/d30v-sim.exp
-rw-r--r--  0 root   root     2819 Feb 21 14:28 usr/share/dejagnu/baseboards/cris-sim.exp
-rw-r--r--  0 root   root     2158 Feb 21 14:28 usr/share/dejagnu/baseboards/basic-sim.exp
-rw-r--r--  0 root   root     2407 Feb 21 14:28 usr/share/dejagnu/baseboards/basic-sid.exp
-rw-r--r--  0 root   root     2463 Feb 21 14:28 usr/share/dejagnu/baseboards/arm-sim.exp
-rw-r--r--  0 root   root     1213 Feb 21 14:28 usr/share/dejagnu/baseboards/arm-sid.exp
-rw-r--r--  0 root   root     2323 Feb 21 14:28 usr/share/dejagnu/baseboards/arm-ice.exp
-rw-r--r--  0 root   root     3524 Feb 21 14:28 usr/share/dejagnu/baseboards/androideabi.exp
-rw-r--r--  0 root   root     1667 Feb 21 14:28 usr/share/dejagnu/baseboards/am33_2.0-libremote.exp
-rw-r--r--  0 root   root     2092 Feb 21 14:28 usr/share/dejagnu/baseboards/aarch64-sim.exp
-rw-r--r--  0 root   root    12445 Feb 21 14:28 usr/share/dejagnu/config/vxworks.exp
-rw-r--r--  0 root   root     4748 Feb 21 14:28 usr/share/dejagnu/config/unix.exp
-rw-r--r--  0 root   root     3983 Feb 21 14:28 usr/share/dejagnu/config/sim.exp
-rw-r--r--  0 root   root     2634 Feb 21 14:28 usr/share/dejagnu/config/sid.exp
-rw-r--r--  0 root   root    15307 Feb 21 14:28 usr/share/dejagnu/config/gdb_stub.exp
-rw-r--r--  0 root   root    15766 Feb 21 14:28 usr/share/dejagnu/config/gdb-comm.exp
-rw-r--r--  0 root   root     1162 Feb 21 14:28 usr/share/dejagnu/config/default.exp
-rw-r--r--  0 root   root     1736 Feb 21 14:28 usr/share/dejagnu/config/aarch64-fv8.exp
-rw-r--r--  0 root   root     5176 Feb 21 14:28 usr/share/dejagnu/config/adb.exp
drwxr-xr-x  0 root   root        0 Feb 21 14:28 usr/share/man/man1/
-rw-r--r--  0 root   root     1568 Feb 21 14:28 usr/share/man/man1/dejagnu.1.gz
-rw-r--r--  0 root   root      641 Feb 21 14:28 usr/share/man/man1/dejagnu-help.1.gz
-rw-r--r--  0 root   root     2036 Feb 21 14:28 usr/share/man/man1/dejagnu-report-card.1.gz
-rw-r--r--  0 root   root     1956 Feb 21 14:28 usr/share/man/man1/runtest.1.gz
-rw-r--r--  0 root   root     5791 Feb 21 14:28 usr/include/dejagnu.h
=======> Building '/home/devel/packages/dejagnu#1.6.3-1.riscv64.pkg.tar.zst' succeeded.
prt-get: Using PKGMK_PACKAGE_DIR: /home/devel/packages
prt-get: reinstalling dejagnu 1.6.3-1
prt-get: /usr/bin/pkgadd -u dejagnu#1.6.3-1.riscv64.pkg.tar.zst
prt-get: build done Tue Feb 21 14:28:10 2023

