prt-get: updating /usr/ports/core-riscv64/opendoas
prt-get: starting build Tue Feb 21 21:33:23 2023
=======> Building '/home/devel/packages/opendoas#6.8.2-1.riscv64.pkg.tar.zst'.
bsdtar -p -o -C /home/devel/building/work/src -xf /home/devel/sources/opendoas-6.8.2.tar.xz
cp better-wayland-support.patch /home/devel/building/work/src
cp doas.conf /home/devel/building/work/src
cp doas.pam /home/devel/building/work/src
+ build
+ cd opendoas-6.8.2
+ patch -Np1 -i /home/devel/building/work/src/better-wayland-support.patch
patching file doas.1
patching file env.c
+ ./configure --prefix=/usr --with-timestamp
Setting UID_MAX				65535.
Setting GID_MAX				65535.
Checking for explicit_bzero ...		yes.
Checking for strlcat ...   		no.
Checking for strlcpy ...   		no.
Checking for errc ...      		no.
Checking for verrc ...     		no.
Checking for setprogname ...		no.
Checking for readpassphrase ...		no.
Checking for strtonum ...  		no.
Checking for reallocarray ...		yes.
Checking for execvpe ...   		yes.
Checking for setresuid ... 		yes.
Checking for setresgid ... 		yes.
Checking for setreuid ...  		yes.
Checking for setregid ...  		yes.
Checking for closefrom ... 		yes.
Checking for sysconf ...   		yes.
Checking for dirfd ...     		yes.
Checking for fcntl_h ...   		yes.
Checking for F_CLOSEM ...  		no.
Checking for dirent_h ...  		yes.
Checking for sys_ndir_h ...		no.
Checking for sys_dir_h ... 		yes.
Checking for ndir_h ...    		no.
Checking for login_cap_h ...		no.
Checking for __attribute__ ...		yes.
Checking for pam_appl_h ...		yes.
Using auth method			pam.
Using persist method			timestamp.
+ make V=1
yacc  parse.y 
cc -I. -Ilibopenbsd -O2 -Wall -Wextra -D__linux__ -D_DEFAULT_SOURCE -D_GNU_SOURCE -O2 -mabi=lp64d -march=rv64gc   -c -o doas.o doas.c
cc -I. -Ilibopenbsd -O2 -Wall -Wextra -D__linux__ -D_DEFAULT_SOURCE -D_GNU_SOURCE -O2 -mabi=lp64d -march=rv64gc   -c -o env.o env.c
cc -I. -Ilibopenbsd -O2 -Wall -Wextra -D__linux__ -D_DEFAULT_SOURCE -D_GNU_SOURCE -O2 -mabi=lp64d -march=rv64gc   -c -o libopenbsd/strlcat.o libopenbsd/strlcat.c
cc -I. -Ilibopenbsd -O2 -Wall -Wextra -D__linux__ -D_DEFAULT_SOURCE -D_GNU_SOURCE -O2 -mabi=lp64d -march=rv64gc   -c -o libopenbsd/strlcpy.o libopenbsd/strlcpy.c
cc -I. -Ilibopenbsd -O2 -Wall -Wextra -D__linux__ -D_DEFAULT_SOURCE -D_GNU_SOURCE -O2 -mabi=lp64d -march=rv64gc   -c -o libopenbsd/errc.o libopenbsd/errc.c
cc -I. -Ilibopenbsd -O2 -Wall -Wextra -D__linux__ -D_DEFAULT_SOURCE -D_GNU_SOURCE -O2 -mabi=lp64d -march=rv64gc   -c -o libopenbsd/verrc.o libopenbsd/verrc.c
cc -I. -Ilibopenbsd -O2 -Wall -Wextra -D__linux__ -D_DEFAULT_SOURCE -D_GNU_SOURCE -O2 -mabi=lp64d -march=rv64gc   -c -o libopenbsd/progname.o libopenbsd/progname.c
mv -f y.tab.c parse.c
cc -I. -Ilibopenbsd -O2 -Wall -Wextra -D__linux__ -D_DEFAULT_SOURCE -D_GNU_SOURCE -O2 -mabi=lp64d -march=rv64gc   -c -o libopenbsd/readpassphrase.o libopenbsd/readpassphrase.c
cc -I. -Ilibopenbsd -O2 -Wall -Wextra -D__linux__ -D_DEFAULT_SOURCE -D_GNU_SOURCE -O2 -mabi=lp64d -march=rv64gc   -c -o libopenbsd/strtonum.o libopenbsd/strtonum.c
cc -I. -Ilibopenbsd -O2 -Wall -Wextra -D__linux__ -D_DEFAULT_SOURCE -D_GNU_SOURCE -O2 -mabi=lp64d -march=rv64gc   -c -o pam.o pam.c
cc -I. -Ilibopenbsd -O2 -Wall -Wextra -D__linux__ -D_DEFAULT_SOURCE -D_GNU_SOURCE -O2 -mabi=lp64d -march=rv64gc   -c -o timestamp.o timestamp.c
cc -I. -Ilibopenbsd -O2 -Wall -Wextra -D__linux__ -D_DEFAULT_SOURCE -D_GNU_SOURCE -O2 -mabi=lp64d -march=rv64gc   -c -o parse.o parse.c
cc -I. -Ilibopenbsd -O2 -Wall -Wextra -D__linux__ -D_DEFAULT_SOURCE -D_GNU_SOURCE -O2 -mabi=lp64d -march=rv64gc parse.o doas.o env.o libopenbsd/strlcat.o libopenbsd/strlcpy.o libopenbsd/errc.o libopenbsd/verrc.o libopenbsd/progname.o libopenbsd/readpassphrase.o libopenbsd/strtonum.o pam.o timestamp.o -o doas  -lpam
rm parse.c
+ make DESTDIR=/home/devel/building/work/pkg install
mkdir -p -m 0755 /home/devel/building/work/pkg/usr/bin
[ -n "pam.d__doas__linux" ] && mkdir -p -m 0755 /home/devel/building/work/pkg/etc/pam.d || true
mkdir -p -m 0755 /home/devel/building/work/pkg/usr/share/man/man1
mkdir -p -m 0755 /home/devel/building/work/pkg/usr/share/man/man5
cp -f doas /home/devel/building/work/pkg/usr/bin
chown root:root /home/devel/building/work/pkg/usr/bin/doas
chmod 4755 /home/devel/building/work/pkg/usr/bin/doas
[ -n "pam.d__doas__linux" ] && cp pam.d__doas__linux /home/devel/building/work/pkg/etc/pam.d/doas || true
[ -n "pam.d__doas__linux" ] && chmod 0644 /home/devel/building/work/pkg/etc/pam.d/doas || true
cp -f doas.1 /home/devel/building/work/pkg/usr/share/man/man1
cp -f doas.conf.5 /home/devel/building/work/pkg/usr/share/man/man5
+ install -D -m 0644 /home/devel/building/work/src/doas.pam /home/devel/building/work/pkg/etc/pam.d/doas
+ install -D -m 0400 /home/devel/building/work/src/doas.conf /home/devel/building/work/pkg/etc/doas.conf
=======> Build result:
drwxr-xr-x  0 root   root        0 Feb 21 21:33 etc/
-r--------  0 root   root      120 Feb 21 21:33 etc/doas.conf
drwxr-xr-x  0 root   root        0 Feb 21 21:33 etc/pam.d/
-rw-r--r--  0 root   root      161 Feb 21 21:33 etc/pam.d/doas
drwxr-xr-x  0 root   root        0 Feb 21 21:33 usr/
drwxr-xr-x  0 root   root        0 Feb 21 21:33 usr/share/
drwxr-xr-x  0 root   root        0 Feb 21 21:33 usr/bin/
-rwsr-xr-x  0 root   root    31744 Feb 21 21:33 usr/bin/doas
drwxr-xr-x  0 root   root        0 Feb 21 21:33 usr/share/man/
drwxr-xr-x  0 root   root        0 Feb 21 21:33 usr/share/man/man5/
drwxr-xr-x  0 root   root        0 Feb 21 21:33 usr/share/man/man1/
-rw-r--r--  0 root   root     1587 Feb 21 21:33 usr/share/man/man1/doas.1.gz
-rw-r--r--  0 root   root     2206 Feb 21 21:33 usr/share/man/man5/doas.conf.5.gz
=======> Building '/home/devel/packages/opendoas#6.8.2-1.riscv64.pkg.tar.zst' succeeded.
prt-get: Using PKGMK_PACKAGE_DIR: /home/devel/packages
prt-get: reinstalling opendoas 6.8.2-1
prt-get: /usr/bin/pkgadd -u opendoas#6.8.2-1.riscv64.pkg.tar.zst
prt-get: build done Tue Feb 21 21:33:39 2023

