prt-get: updating /usr/ports/core-riscv64/dumb_runtime_dir
prt-get: starting build Tue Feb 21 14:32:58 2023
=======> Building '/home/devel/packages/dumb_runtime_dir#1.0.4-1.riscv64.pkg.tar.zst'.
bsdtar -p -o -C /home/devel/building/work/src -xf /home/devel/sources/dumb_runtime_dir-1.0.4.tar.gz
+ build
+ make -C dumb_runtime_dir-1.0.4
make: Entering directory '/home/devel/building/work/src/dumb_runtime_dir-1.0.4'
cc -o pam_dumb_runtime_dir.so pam_dumb_runtime_dir.c -shared -fPIC -std=c99 \
	$(pkg-config --cflags --libs pam) -Os -Wall -Wextra -Wpedantic -Wconversion -Werror  \
	'-DRUNTIME_DIR_PARENT="/run/user"'
make: Leaving directory '/home/devel/building/work/src/dumb_runtime_dir-1.0.4'
+ make -C dumb_runtime_dir-1.0.4 DESTDIR=/home/devel/building/work/pkg PAMDIR=/lib/security install
make: Entering directory '/home/devel/building/work/src/dumb_runtime_dir-1.0.4'
mkdir -p /home/devel/building/work/pkg/lib/security
cp -f pam_dumb_runtime_dir.so /home/devel/building/work/pkg/lib/security
make: Leaving directory '/home/devel/building/work/src/dumb_runtime_dir-1.0.4'
=======> Build result:
drwxr-xr-x  0 root   root        0 Feb 21 14:32 lib/
drwxr-xr-x  0 root   root        0 Feb 21 14:32 lib/security/
-rwxr-xr-x  0 root   root     6040 Feb 21 14:32 lib/security/pam_dumb_runtime_dir.so
=======> Building '/home/devel/packages/dumb_runtime_dir#1.0.4-1.riscv64.pkg.tar.zst' succeeded.
prt-get: Using PKGMK_PACKAGE_DIR: /home/devel/packages
prt-get: reinstalling dumb_runtime_dir 1.0.4-1
prt-get: /usr/bin/pkgadd -u dumb_runtime_dir#1.0.4-1.riscv64.pkg.tar.zst
prt-get: build done Tue Feb 21 14:32:59 2023

