prt-get: updating /usr/ports/core-riscv64/rsync
prt-get: starting build Tue Feb 21 21:51:06 2023
=======> Building '/home/devel/packages/rsync#3.2.7-1.riscv64.pkg.tar.zst'.
bsdtar -p -o -C /home/devel/building/work/src -xf /home/devel/sources/rsync-3.2.7.tar.gz
cp rsyncd.conf /home/devel/building/work/src
cp rsync.driver /home/devel/building/work/src
cp rsyncd.run /home/devel/building/work/src
+ build
+ cd rsync-3.2.7
+ ./configure --prefix=/usr --runstatedir=/run --enable-zstd --with-rsh=ssh --with-included-popt --with-included-zlib --disable-xxhash --disable-lz4
checking for gcc... gcc
checking whether the C compiler works... yes
checking for C compiler default output file name... a.out
checking for suffix of executables... 
checking whether we are cross compiling... no
checking for suffix of object files... o
checking whether the compiler supports GNU C... yes
checking whether gcc accepts -g... yes
checking for gcc option to enable C11 features... none needed
checking for stdio.h... yes
checking for stdlib.h... yes
checking for string.h... yes
checking for inttypes.h... yes
checking for stdint.h... yes
checking for strings.h... yes
checking for sys/stat.h... yes
checking for sys/types.h... yes
checking for unistd.h... yes
checking for utime.h... yes
checking whether byte ordering is bigendian... no
checking for dirent.h that defines DIR... yes
checking for library containing opendir... none required
checking for sys/wait.h that is POSIX.1 compatible... yes
checking for sys/fcntl.h... yes
checking for sys/select.h... yes
checking for fcntl.h... yes
checking for sys/time.h... yes
checking for sys/unistd.h... yes
checking for unistd.h... (cached) yes
checking for utime.h... (cached) yes
checking for compat.h... no
checking for sys/param.h... yes
checking for ctype.h... yes
checking for sys/wait.h... (cached) yes
checking for sys/stat.h... (cached) yes
checking for sys/ioctl.h... yes
checking for sys/filio.h... no
checking for string.h... (cached) yes
checking for stdlib.h... (cached) yes
checking for sys/socket.h... yes
checking for sys/mode.h... no
checking for grp.h... yes
checking for sys/un.h... yes
checking for sys/attr.h... no
checking for arpa/inet.h... yes
checking for arpa/nameser.h... yes
checking for locale.h... yes
checking for sys/types.h... (cached) yes
checking for netdb.h... yes
checking for malloc.h... yes
checking for float.h... yes
checking for limits.h... yes
checking for iconv.h... yes
checking for libcharset.h... no
checking for langinfo.h... yes
checking for mcheck.h... yes
checking for sys/acl.h... yes
checking for acl/libacl.h... yes
checking for attr/xattr.h... no
checking for sys/xattr.h... yes
checking for sys/extattr.h... no
checking for dl.h... no
checking for popt.h... no
checking for popt/popt.h... no
checking for linux/falloc.h... yes
checking for netinet/in_systm.h... yes
checking for netgroup.h... no
checking for zlib.h... yes
checking for xxhash.h... yes
checking for openssl/md4.h... yes
checking for openssl/md5.h... yes
checking for zstd.h... yes
checking for lz4.h... yes
checking for sys/file.h... yes
checking for bsd/string.h... no
checking for netinet/ip.h... yes
checking whether sys/types.h defines makedev... no
checking for sys/mkdev.h... no
checking for sys/sysmacros.h... yes
configure.sh: Configuring rsync 3.2.7
checking build system type... riscv64-unknown-linux-gnu
checking host system type... riscv64-unknown-linux-gnu
checking whether to include debugging symbols... yes
checking for gcc... (cached) gcc
checking whether the compiler supports GNU C... (cached) yes
checking whether gcc accepts -g... (cached) yes
checking for gcc option to enable C11 features... (cached) none needed
checking how to run the C preprocessor... gcc -E
checking for g++... g++
checking whether the compiler supports GNU C++... yes
checking whether g++ accepts -g... yes
checking for g++ option to enable C++11 features... none needed
checking for gawk... gawk
checking for grep that handles long lines and -e... /usr/bin/grep
checking for egrep... /usr/bin/grep -E
checking for a BSD-compatible install... /usr/bin/install -c
checking for a race-free mkdir -p... /bin/mkdir -p
checking for perl... /usr/bin/perl
checking for python3... /usr/bin/python3
checking if md2man can create manpages... no
Failed to find cmarkgfm or commonmark for python3.
checking if we require man-page building... optional
checking for remsh... 0
checking for sh... /bin/sh
checking for fakeroot... /usr/bin/fakeroot
checking the group for user "nobody"... nobody
checking whether to enable rolling-checksum SIMD optimizations... no
checking if assembler accepts noexecstack... yes
checking for broken largefile support... no
checking for special C compiler options needed for large files... no
checking for _FILE_OFFSET_BITS value needed for large files... no
checking whether to enable ipv6... yes
checking whether to call shutdown on all sockets... no
checking whether to enable use of openssl crypto library... yes
checking for library containing MD5_Init... -lcrypto
checking whether to enable MD5 ASM optimizations... no
checking whether to enable rolling-checksum ASM optimizations... no
checking whether to enable xxhash checksum support... no
checking whether to enable zstd compression... yes
checking for library containing ZSTD_minCLevel... -lzstd
checking whether to enable LZ4 compression... no
checking if makedev takes 3 args... no
checking size of int... 4
checking size of long... 8
checking size of long long... 8
checking size of short... 2
checking size of int16_t... 2
checking size of uint16_t... 2
checking size of int32_t... 4
checking size of uint32_t... 4
checking size of int64_t... 8
checking size of off_t... 8
checking size of off64_t... 8
checking size of time_t... 8
checking size of char*... 8
checking for inline... inline
checking for long double with more range or precision than double... yes
checking for uid_t in sys/types.h... yes
checking for mode_t... yes
checking for off_t... yes
checking for size_t... yes
checking for pid_t... yes
checking for id_t... yes
checking type of array argument to getgroups... gid_t
checking for struct stat.st_rdev... yes
checking for struct stat.st_mtimensec... no
checking for struct stat.st_mtimespec.tv_nsec... no
checking for struct stat.st_mtim.tv_nsec... yes
checking for socklen_t... yes
checking for errno in errno.h... yes
checking for connect... yes
checking for library containing inet_ntop... none required
checking for library containing iconv_open... none required
checking for library containing libiconv_open... no
checking for iconv declaration... 
         extern size_t iconv (iconv_t cd, char * *inbuf, size_t *inbytesleft, char * *outbuf, size_t *outbytesleft);
checking for inet_ntop... yes
checking for inet_pton... yes
checking for struct addrinfo... yes
checking for struct sockaddr_storage... yes
checking whether defines needed by getaddrinfo exist... yes
checking for getaddrinfo... yes
checking for struct sockaddr.sa_len... no
checking for struct sockaddr_in.sin_len... no
checking for struct sockaddr_un.sun_len... no
checking for struct sockaddr_in6.sin6_scope_id... yes
checking for struct stat64... yes
checking for strcasecmp... yes
checking for aclsort... no
checking for aclsort in -lsec... no
checking whether utime accepts a null argument... yes
checking for size_t... (cached) yes
checking for working alloca.h... yes
checking for alloca... yes
checking for waitpid... yes
checking for wait4... yes
checking for getcwd... yes
checking for chown... yes
checking for chmod... yes
checking for lchmod... yes
checking for mknod... yes
checking for mkfifo... yes
checking for fchmod... yes
checking for fstat... yes
checking for ftruncate... yes
checking for strchr... yes
checking for readlink... yes
checking for link... yes
checking for utime... yes
checking for utimes... yes
checking for lutimes... yes
checking for strftime... yes
checking for chflags... no
checking for getattrlist... no
checking for mktime... yes
checking for innetgr... yes
checking for linkat... yes
checking for memmove... yes
checking for lchown... yes
checking for vsnprintf... yes
checking for snprintf... yes
checking for vasprintf... yes
checking for asprintf... yes
checking for setsid... yes
checking for strpbrk... yes
checking for strlcat... no
checking for strlcpy... no
checking for strtol... yes
checking for mallinfo... yes
checking for mallinfo2... yes
checking for getgroups... yes
checking for setgroups... yes
checking for geteuid... yes
checking for getegid... yes
checking for setlocale... yes
checking for setmode... no
checking for open64... yes
checking for lseek64... yes
checking for mkstemp64... yes
checking for mtrace... yes
checking for va_copy... no
checking for __va_copy... no
checking for seteuid... yes
checking for strerror... yes
checking for putenv... yes
checking for iconv_open... yes
checking for locale_charset... no
checking for nl_langinfo... yes
checking for getxattr... yes
checking for extattr_get_link... no
checking for sigaction... yes
checking for sigprocmask... yes
checking for setattrlist... no
checking for getgrouplist... yes
checking for initgroups... yes
checking for utimensat... yes
checking for posix_fallocate... yes
checking for attropen... no
checking for setvbuf... yes
checking for nanosleep... yes
checking for usleep... yes
checking for setenv... yes
checking for unsetenv... yes
checking for useable fallocate... yes
checking for FALLOC_FL_PUNCH_HOLE... yes
checking for FALLOC_FL_ZERO_RANGE... yes
checking for SYS_fallocate... yes
checking whether posix_fallocate is efficient... no
checking for getpgrp... yes
checking for tcgetpgrp... yes
checking whether getpgrp requires zero arguments... yes
checking whether chown() modifies symlinks... no
checking whether link() can hard-link symlinks... yes
checking whether link() can hard-link special files... yes
checking for working socketpair... yes
checking for getpass... yes
checking whether to use included libpopt... ./popt
checking whether to use included zlib... ./zlib
checking for unsigned char... yes
checking for broken readdir... no
checking for utimbuf... yes
checking if gettimeofday takes tz argument... yes
checking for C99 vsnprintf... yes
checking for secure mkstemp... yes
checking if mknod creates FIFOs... yes
checking if mknod creates sockets... yes
checking whether -c -o works... yes
checking for _acl... no
checking for __acl... no
checking for _facl... no
checking for __facl... no
checking whether to support ACLs... running tests:
checking for acl_get_file in -lacl... yes
checking for ACL support... yes
checking ACL test results... Using posix ACLs
checking for acl_get_perm_np... no
checking whether to support extended attributes... Using Linux xattrs
checking for getxattr in -lattr... yes
configure.sh: creating ./config.status
config.status: creating Makefile
config.status: creating lib/dummy
config.status: creating zlib/dummy
config.status: creating popt/dummy
config.status: creating shconfig
config.status: creating config.h

    rsync 3.2.7 configuration successful

+ make V=1
gawk -f ./daemon-parm.awk ./daemon-parm.txt
gawk -f ./help-from-md.awk -v hfile=help-rsync.h ./rsync.1.md
gawk -f ./help-from-md.awk -v hfile=help-rsyncd.h ./rsync.1.md
./mkgitver
gawk -f ./define-from-md.awk -v hfile=default-cvsignore.h ./rsync.1.md
gawk -f ./define-from-md.awk -v hfile=default-dont-compress.h ./rsync.1.md
sed 's;\@bindir\@;/usr/bin;g' <./stunnel-rsyncd.conf.in >stunnel-rsyncd.conf
gawk -f ./mkproto.awk ./*.c ./lib/compat.c daemon-parm.h
gcc -I. -I. -I./zlib -I./popt -O2 -mabi=lp64d -march=rv64gc -DHAVE_CONFIG_H -Wall -W  -c rsync.c -o rsync.o
gcc -I. -I. -I./zlib -I./popt -O2 -mabi=lp64d -march=rv64gc -DHAVE_CONFIG_H -Wall -W  -c generator.c -o generator.o
gcc -I. -I. -I./zlib -I./popt -O2 -mabi=lp64d -march=rv64gc -DHAVE_CONFIG_H -Wall -W  -c receiver.c -o receiver.o
gcc -I. -I. -I./zlib -I./popt -O2 -mabi=lp64d -march=rv64gc -DHAVE_CONFIG_H -Wall -W  -c cleanup.c -o cleanup.o
gcc -I. -I. -I./zlib -I./popt -O2 -mabi=lp64d -march=rv64gc -DHAVE_CONFIG_H -Wall -W  -c sender.c -o sender.o
gcc -I. -I. -I./zlib -I./popt -O2 -mabi=lp64d -march=rv64gc -DHAVE_CONFIG_H -Wall -W  -c exclude.c -o exclude.o
gcc -I. -I. -I./zlib -I./popt -O2 -mabi=lp64d -march=rv64gc -DHAVE_CONFIG_H -Wall -W  -c util1.c -o util1.o
gcc -I. -I. -I./zlib -I./popt -O2 -mabi=lp64d -march=rv64gc -DHAVE_CONFIG_H -Wall -W  -c util2.c -o util2.o
gcc -I. -I. -I./zlib -I./popt -O2 -mabi=lp64d -march=rv64gc -DHAVE_CONFIG_H -Wall -W  -c main.c -o main.o
gcc -I. -I. -I./zlib -I./popt -O2 -mabi=lp64d -march=rv64gc -DHAVE_CONFIG_H -Wall -W  -c checksum.c -o checksum.o
gcc -I. -I. -I./zlib -I./popt -O2 -mabi=lp64d -march=rv64gc -DHAVE_CONFIG_H -Wall -W  -c match.c -o match.o
gcc -I. -I. -I./zlib -I./popt -O2 -mabi=lp64d -march=rv64gc -DHAVE_CONFIG_H -Wall -W  -c syscall.c -o syscall.o
gcc -I. -I. -I./zlib -I./popt -O2 -mabi=lp64d -march=rv64gc -DHAVE_CONFIG_H -Wall -W  -c log.c -o log.o
gcc -I. -I. -I./zlib -I./popt -O2 -mabi=lp64d -march=rv64gc -DHAVE_CONFIG_H -Wall -W  -c backup.c -o backup.o
gcc -I. -I. -I./zlib -I./popt -O2 -mabi=lp64d -march=rv64gc -DHAVE_CONFIG_H -Wall -W  -c delete.c -o delete.o
gcc -I. -I. -I./zlib -I./popt -O2 -mabi=lp64d -march=rv64gc -DHAVE_CONFIG_H -Wall -W  -c options.c -o options.o
gcc -I. -I. -I./zlib -I./popt -O2 -mabi=lp64d -march=rv64gc -DHAVE_CONFIG_H -Wall -W  -c io.c -o io.o
gcc -I. -I. -I./zlib -I./popt -O2 -mabi=lp64d -march=rv64gc -DHAVE_CONFIG_H -Wall -W  -c compat.c -o compat.o
gcc -I. -I. -I./zlib -I./popt -O2 -mabi=lp64d -march=rv64gc -DHAVE_CONFIG_H -Wall -W  -c hlink.c -o hlink.o
gcc -I. -I. -I./zlib -I./popt -O2 -mabi=lp64d -march=rv64gc -DHAVE_CONFIG_H -Wall -W  -c token.c -o token.o
gcc -I. -I. -I./zlib -I./popt -O2 -mabi=lp64d -march=rv64gc -DHAVE_CONFIG_H -Wall -W  -c uidlist.c -o uidlist.o
gcc -I. -I. -I./zlib -I./popt -O2 -mabi=lp64d -march=rv64gc -DHAVE_CONFIG_H -Wall -W  -c socket.c -o socket.o
gcc -I. -I. -I./zlib -I./popt -O2 -mabi=lp64d -march=rv64gc -DHAVE_CONFIG_H -Wall -W  -c hashtable.c -o hashtable.o
gcc -I. -I. -I./zlib -I./popt -O2 -mabi=lp64d -march=rv64gc -DHAVE_CONFIG_H -Wall -W  -c usage.c -o usage.o
gcc -I. -I. -I./zlib -I./popt -O2 -mabi=lp64d -march=rv64gc -DHAVE_CONFIG_H -Wall -W  -c fileio.c -o fileio.o
gcc -I. -I. -I./zlib -I./popt -O2 -mabi=lp64d -march=rv64gc -DHAVE_CONFIG_H -Wall -W  -c batch.c -o batch.o
gcc -I. -I. -I./zlib -I./popt -O2 -mabi=lp64d -march=rv64gc -DHAVE_CONFIG_H -Wall -W  -c clientname.c -o clientname.o
gcc -I. -I. -I./zlib -I./popt -O2 -mabi=lp64d -march=rv64gc -DHAVE_CONFIG_H -Wall -W  -c chmod.c -o chmod.o
gcc -I. -I. -I./zlib -I./popt -O2 -mabi=lp64d -march=rv64gc -DHAVE_CONFIG_H -Wall -W  -c acls.c -o acls.o
gcc -I. -I. -I./zlib -I./popt -O2 -mabi=lp64d -march=rv64gc -DHAVE_CONFIG_H -Wall -W  -c xattrs.c -o xattrs.o
gcc -I. -I. -I./zlib -I./popt -O2 -mabi=lp64d -march=rv64gc -DHAVE_CONFIG_H -Wall -W  -c progress.c -o progress.o
gcc -I. -I. -I./zlib -I./popt -O2 -mabi=lp64d -march=rv64gc -DHAVE_CONFIG_H -Wall -W  -c pipe.c -o pipe.o
gcc -I. -I. -I./zlib -I./popt -O2 -mabi=lp64d -march=rv64gc -DHAVE_CONFIG_H -Wall -W  -c params.c -o params.o
gcc -I. -I. -I./zlib -I./popt -O2 -mabi=lp64d -march=rv64gc -DHAVE_CONFIG_H -Wall -W  -c loadparm.c -o loadparm.o
gcc -I. -I. -I./zlib -I./popt -O2 -mabi=lp64d -march=rv64gc -DHAVE_CONFIG_H -Wall -W  -c clientserver.c -o clientserver.o
gcc -I. -I. -I./zlib -I./popt -O2 -mabi=lp64d -march=rv64gc -DHAVE_CONFIG_H -Wall -W  -c access.c -o access.o
gcc -I. -I. -I./zlib -I./popt -O2 -mabi=lp64d -march=rv64gc -DHAVE_CONFIG_H -Wall -W  -c connection.c -o connection.o
gcc -I. -I. -I./zlib -I./popt -O2 -mabi=lp64d -march=rv64gc -DHAVE_CONFIG_H -Wall -W  -c authenticate.c -o authenticate.o
gcc -I. -I. -I./zlib -I./popt -O2 -mabi=lp64d -march=rv64gc -DHAVE_CONFIG_H -Wall -W  -c lib/wildmatch.c -o lib/wildmatch.o
gcc -I. -I. -I./zlib -I./popt -O2 -mabi=lp64d -march=rv64gc -DHAVE_CONFIG_H -Wall -W  -c lib/compat.c -o lib/compat.o
gcc -I. -I. -I./zlib -I./popt -O2 -mabi=lp64d -march=rv64gc -DHAVE_CONFIG_H -Wall -W  -c lib/snprintf.c -o lib/snprintf.o
gcc -I. -I. -I./zlib -I./popt -O2 -mabi=lp64d -march=rv64gc -DHAVE_CONFIG_H -Wall -W  -c lib/mdfour.c -o lib/mdfour.o
gcc -I. -I. -I./zlib -I./popt -O2 -mabi=lp64d -march=rv64gc -DHAVE_CONFIG_H -Wall -W  -c lib/md5.c -o lib/md5.o
gcc -I. -I. -I./zlib -I./popt -O2 -mabi=lp64d -march=rv64gc -DHAVE_CONFIG_H -Wall -W  -c lib/permstring.c -o lib/permstring.o
gcc -I. -I. -I./zlib -I./popt -O2 -mabi=lp64d -march=rv64gc -DHAVE_CONFIG_H -Wall -W  -c lib/pool_alloc.c -o lib/pool_alloc.o
gcc -I. -I. -I./zlib -I./popt -O2 -mabi=lp64d -march=rv64gc -DHAVE_CONFIG_H -Wall -W  -c lib/sysacls.c -o lib/sysacls.o
gcc -I. -I. -I./zlib -I./popt -O2 -mabi=lp64d -march=rv64gc -DHAVE_CONFIG_H -Wall -W  -c lib/sysxattrs.c -o lib/sysxattrs.o
gcc -I. -I. -I./zlib -I./popt -O2 -mabi=lp64d -march=rv64gc -DHAVE_CONFIG_H -Wall -W  -c zlib/deflate.c -o zlib/deflate.o
gcc -I. -I. -I./zlib -I./popt -O2 -mabi=lp64d -march=rv64gc -DHAVE_CONFIG_H -Wall -W  -c zlib/inffast.c -o zlib/inffast.o
gcc -I. -I. -I./zlib -I./popt -O2 -mabi=lp64d -march=rv64gc -DHAVE_CONFIG_H -Wall -W  -c zlib/inflate.c -o zlib/inflate.o
gcc -I. -I. -I./zlib -I./popt -O2 -mabi=lp64d -march=rv64gc -DHAVE_CONFIG_H -Wall -W  -c zlib/inftrees.c -o zlib/inftrees.o
gcc -I. -I. -I./zlib -I./popt -O2 -mabi=lp64d -march=rv64gc -DHAVE_CONFIG_H -Wall -W  -c zlib/trees.c -o zlib/trees.o
gcc -I. -I. -I./zlib -I./popt -O2 -mabi=lp64d -march=rv64gc -DHAVE_CONFIG_H -Wall -W  -c zlib/zutil.c -o zlib/zutil.o
gcc -I. -I. -I./zlib -I./popt -O2 -mabi=lp64d -march=rv64gc -DHAVE_CONFIG_H -Wall -W  -c zlib/adler32.c -o zlib/adler32.o
gcc -I. -I. -I./zlib -I./popt -O2 -mabi=lp64d -march=rv64gc -DHAVE_CONFIG_H -Wall -W  -c zlib/compress.c -o zlib/compress.o
gcc -I. -I. -I./zlib -I./popt -O2 -mabi=lp64d -march=rv64gc -DHAVE_CONFIG_H -Wall -W  -c zlib/crc32.c -o zlib/crc32.o
gcc -I. -I. -I./zlib -I./popt -O2 -mabi=lp64d -march=rv64gc -DHAVE_CONFIG_H -Wall -W  -c popt/findme.c -o popt/findme.o
gcc -I. -I. -I./zlib -I./popt -O2 -mabi=lp64d -march=rv64gc -DHAVE_CONFIG_H -Wall -W  -c popt/popt.c -o popt/popt.o
gcc -I. -I. -I./zlib -I./popt -O2 -mabi=lp64d -march=rv64gc -DHAVE_CONFIG_H -Wall -W  -c popt/poptconfig.c -o popt/poptconfig.o
gcc -I. -I. -I./zlib -I./popt -O2 -mabi=lp64d -march=rv64gc -DHAVE_CONFIG_H -Wall -W  -c popt/popthelp.c -o popt/popthelp.o
gcc -I. -I. -I./zlib -I./popt -O2 -mabi=lp64d -march=rv64gc -DHAVE_CONFIG_H -Wall -W  -c popt/poptparse.c -o popt/poptparse.o
gcc -I. -I. -I./zlib -I./popt -O2 -mabi=lp64d -march=rv64gc -DHAVE_CONFIG_H -Wall -W  -c flist.c -o flist.o
gcc -I./zlib -I./popt -O2 -mabi=lp64d -march=rv64gc -DHAVE_CONFIG_H -Wall -W  -o rsync flist.o rsync.o generator.o receiver.o cleanup.o sender.o exclude.o util1.o util2.o main.o checksum.o match.o syscall.o log.o backup.o delete.o options.o io.o compat.o hlink.o token.o uidlist.o socket.o hashtable.o usage.o fileio.o batch.o clientname.o chmod.o acls.o xattrs.o progress.o pipe.o    params.o loadparm.o clientserver.o access.o connection.o authenticate.o lib/wildmatch.o lib/compat.o lib/snprintf.o lib/mdfour.o lib/md5.o lib/permstring.o lib/pool_alloc.o lib/sysacls.o lib/sysxattrs.o  zlib/deflate.o zlib/inffast.o zlib/inflate.o zlib/inftrees.o zlib/trees.o zlib/zutil.o zlib/adler32.o zlib/compress.o zlib/crc32.o popt/findme.o  popt/popt.o  popt/poptconfig.o popt/popthelp.o popt/poptparse.o -lattr -lacl -lzstd -lcrypto 
+ make DESTDIR=/home/devel/building/work/pkg install
./mkgitver
/bin/mkdir -p /home/devel/building/work/pkg/usr/bin
/usr/bin/install -c  -m 755 rsync /home/devel/building/work/pkg/usr/bin
/usr/bin/install -c -m 755 ./rsync-ssl /home/devel/building/work/pkg/usr/bin
/bin/mkdir -p /home/devel/building/work/pkg/usr/share/man/man1
/bin/mkdir -p /home/devel/building/work/pkg/usr/share/man/man5
if test -f rsync.1; then /usr/bin/install -c -m 644 rsync.1 /home/devel/building/work/pkg/usr/share/man/man1; fi
if test -f rsync-ssl.1; then /usr/bin/install -c -m 644 rsync-ssl.1 /home/devel/building/work/pkg/usr/share/man/man1; fi
if test -f rsyncd.conf.5; then /usr/bin/install -c -m 644 rsyncd.conf.5 /home/devel/building/work/pkg/usr/share/man/man5; fi
if test "no" = yes; then \
    /usr/bin/install -c -m 755 rrsync /home/devel/building/work/pkg/usr/bin; \
    if test -f rrsync.1; then /usr/bin/install -c -m 644 rrsync.1 /home/devel/building/work/pkg/usr/share/man/man1; fi; \
fi
+ install -d /home/devel/building/work/pkg/etc/ports/drivers
+ install -m 644 /home/devel/building/work/src/rsyncd.conf /home/devel/building/work/pkg/etc
+ install -m 755 /home/devel/building/work/src/rsync.driver /home/devel/building/work/pkg/etc/ports/drivers/rsync
+ install -d /home/devel/building/work/pkg/etc/sv/rsyncd
+ install -m 0755 /home/devel/building/work/src/rsyncd.run /home/devel/building/work/pkg/etc/sv/rsyncd/run
+ ln -s /run/runit/supervise.rsyncd /home/devel/building/work/pkg/etc/sv/rsyncd/supervise
=======> Build result:
drwxr-xr-x  0 root   root        0 Feb 21 21:53 etc/
drwxr-xr-x  0 root   root        0 Feb 21 21:53 etc/sv/
-rw-r--r--  0 root   root      232 Feb 21 21:53 etc/rsyncd.conf
drwxr-xr-x  0 root   root        0 Feb 21 21:53 etc/ports/
drwxr-xr-x  0 root   root        0 Feb 21 21:53 etc/ports/drivers/
-rwxr-xr-x  0 root   root     3112 Feb 21 21:53 etc/ports/drivers/rsync
drwxr-xr-x  0 root   root        0 Feb 21 21:53 etc/sv/rsyncd/
lrwxrwxrwx  0 root   root        0 Feb 21 21:53 etc/sv/rsyncd/supervise -> /run/runit/supervise.rsyncd
-rwxr-xr-x  0 root   root       78 Feb 21 21:53 etc/sv/rsyncd/run
drwxr-xr-x  0 root   root        0 Feb 21 21:53 usr/
drwxr-xr-x  0 root   root        0 Feb 21 21:53 usr/share/
drwxr-xr-x  0 root   root        0 Feb 21 21:53 usr/bin/
-rwxr-xr-x  0 root   root     5136 Feb 21 21:53 usr/bin/rsync-ssl
-rwxr-xr-x  0 root   root   471264 Feb 21 21:53 usr/bin/rsync
drwxr-xr-x  0 root   root        0 Feb 21 21:53 usr/share/man/
drwxr-xr-x  0 root   root        0 Feb 21 21:53 usr/share/man/man5/
drwxr-xr-x  0 root   root        0 Feb 21 21:53 usr/share/man/man1/
-rw-r--r--  0 root   root    73265 Feb 21 21:53 usr/share/man/man1/rsync.1.gz
-rw-r--r--  0 root   root     1983 Feb 21 21:53 usr/share/man/man1/rsync-ssl.1.gz
-rw-r--r--  0 root   root    20252 Feb 21 21:53 usr/share/man/man5/rsyncd.conf.5.gz
=======> Building '/home/devel/packages/rsync#3.2.7-1.riscv64.pkg.tar.zst' succeeded.
prt-get: Using PKGMK_PACKAGE_DIR: /home/devel/packages
prt-get: reinstalling rsync 3.2.7-1
prt-get: /usr/bin/pkgadd -u rsync#3.2.7-1.riscv64.pkg.tar.zst
prt-get: build done Tue Feb 21 21:53:41 2023

pkgadd: rejecting etc/sv/, keeping existing version
