prt-get: updating /usr/ports/core-riscv64/isl
prt-get: starting build Tue Feb 21 17:34:28 2023
=======> Building '/home/devel/packages/isl#0.24-2.riscv64.pkg.tar.zst'.
bsdtar -p -o -C /home/devel/building/work/src -xf /home/devel/sources/isl-0.24.tar.xz
+ build
+ cd isl-0.24
+ export 'MP_CFLAGS=-O2 -mabi=lp64d -march=rv64gc'
+ MP_CFLAGS='-O2 -mabi=lp64d -march=rv64gc'
+ ./configure --prefix=/usr --disable-static
checking for a BSD-compatible install... /usr/bin/install -c
checking whether build environment is sane... yes
checking for a thread-safe mkdir -p... /bin/mkdir -p
checking for gawk... gawk
checking whether make sets $(MAKE)... yes
checking whether make supports nested variables... yes
checking whether make supports nested variables... (cached) yes
checking for gcc... gcc
checking whether the C compiler works... yes
checking for C compiler default output file name... a.out
checking for suffix of executables... 
checking whether we are cross compiling... no
checking for suffix of object files... o
checking whether we are using the GNU C compiler... yes
checking whether gcc accepts -g... yes
checking for gcc option to accept ISO C89... none needed
checking whether gcc understands -c and -o together... yes
checking whether make supports the include directive... yes (GNU style)
checking dependency style of gcc... gcc3
checking for g++... g++
checking whether we are using the GNU C++ compiler... yes
checking whether g++ accepts -g... yes
checking dependency style of g++... gcc3
checking how to run the C preprocessor... gcc -E
checking build system type... riscv64-unknown-linux-gnu
checking for riscv64-unknown-linux-gnu-gcc... riscv64-unknown-linux-gnu-gcc
checking whether we are using the GNU C compiler... (cached) yes
./configure: 5363: test: =: unexpected operator
checking whether riscv64-unknown-linux-gnu-gcc accepts -g... yes
checking for riscv64-unknown-linux-gnu-gcc option to accept ISO C89... none needed
checking whether riscv64-unknown-linux-gnu-gcc understands -c and -o together... yes
checking dependency style of riscv64-unknown-linux-gnu-gcc... gcc3
checking whether the C compiler works... yes
checking for C compiler default output file name... a.out
checking for suffix of executables... 
checking whether we are cross compiling... no
checking for suffix of object files... o
checking how to run the C preprocessor... riscv64-unknown-linux-gnu-gcc -E
checking for C compiler vendor... gnu
checking host system type... riscv64-unknown-linux-gnu
checking whether C compiler accepts -malign-double... no
checking whether C compiler accepts -fstrict-aliasing... yes
checking whether C compiler accepts -ffast-math... yes
checking for gcc architecture flag... 
checking for gcc architecture flag... unknown
checking whether C compiler accepts -O3 -fomit-frame-pointer -fstrict-aliasing -ffast-math... yes
checking whether the compiler supports function __attribute__((__warn_unused_result__))... yes
checking for __attribute__... yes
checking for grep that handles long lines and -e... /usr/bin/grep
checking whether g++ supports C++11 features by default... yes
checking for grep that handles long lines and -e... (cached) /usr/bin/grep
checking how to print strings... printf
checking for a sed that does not truncate output... /bin/sed
checking for egrep... /usr/bin/grep -E
checking for fgrep... /usr/bin/grep -F
checking for ld used by gcc... /usr/bin/ld
checking if the linker (/usr/bin/ld) is GNU ld... yes
checking for BSD- or MS-compatible name lister (nm)... /usr/bin/nm -B
checking the name lister (/usr/bin/nm -B) interface... BSD nm
checking whether ln -s works... yes
checking the maximum length of command line arguments... 1572864
checking how to convert riscv64-unknown-linux-gnu file names to riscv64-unknown-linux-gnu format... func_convert_file_noop
checking how to convert riscv64-unknown-linux-gnu file names to toolchain format... func_convert_file_noop
checking for /usr/bin/ld option to reload object files... -r
checking for objdump... objdump
checking how to recognize dependent libraries... pass_all
checking for dlltool... no
checking how to associate runtime and link libraries... printf %s\n
checking for ar... ar
checking for archiver @FILE support... @
checking for strip... strip
checking for ranlib... ranlib
checking command to parse /usr/bin/nm -B output from gcc object... ok
checking for sysroot... no
checking for a working dd... /bin/dd
checking how to truncate binary pipes... /bin/dd bs=4096 count=1
checking for mt... no
checking if : is a manifest tool... no
checking for ANSI C header files... yes
checking for sys/types.h... yes
checking for sys/stat.h... yes
checking for stdlib.h... yes
checking for string.h... yes
checking for memory.h... yes
checking for strings.h... yes
checking for inttypes.h... yes
checking for stdint.h... yes
checking for unistd.h... yes
checking for dlfcn.h... yes
checking for objdir... .libs
checking if gcc supports -fno-rtti -fno-exceptions... no
checking for gcc option to produce PIC... -fPIC -DPIC
checking if gcc PIC flag -fPIC -DPIC works... yes
checking if gcc static flag -static works... yes
checking if gcc supports -c -o file.o... yes
checking if gcc supports -c -o file.o... (cached) yes
checking whether the gcc linker (/usr/bin/ld) supports shared libraries... yes
checking whether -lc should be explicitly linked in... no
checking dynamic linker characteristics... GNU/Linux ld.so
checking how to hardcode library paths into programs... immediate
checking whether stripping libraries is possible... yes
checking if libtool supports shared libraries... yes
checking whether to build shared libraries... yes
checking whether to build static libraries... no
checking how to run the C++ preprocessor... g++ -E
checking for ld used by g++... /usr/bin/ld
checking if the linker (/usr/bin/ld) is GNU ld... yes
checking whether the g++ linker (/usr/bin/ld) supports shared libraries... yes
/usr/bin/grep: warning: stray \ before -
checking for g++ option to produce PIC... -fPIC -DPIC
checking if g++ PIC flag -fPIC -DPIC works... yes
checking if g++ static flag -static works... yes
checking if g++ supports -c -o file.o... yes
checking if g++ supports -c -o file.o... (cached) yes
checking whether the g++ linker (/usr/bin/ld) supports shared libraries... yes
checking dynamic linker characteristics... (cached) GNU/Linux ld.so
checking how to hardcode library paths into programs... immediate
checking for a sed that does not truncate output... (cached) /bin/sed
checking for a Python interpreter with version >= 2.5... python
checking for python... /usr/bin/python
checking for python version... 3.1
checking for python platform... linux
checking for python script directory... ${prefix}/lib/python3.11/site-packages
checking for python extension module directory... ${exec_prefix}/lib/python3.11/site-packages
checking for cygpath... no
checking for perl... perl
checking for pdflatex... no
checking for pod2html... pod2html
checking for stdint types... stdint.h (shortcircuit)
make use of stdint.h in include/isl/stdint.h (assuming C99 compatible system)
checking which gmp to use... system
checking gmp.h usability... yes
checking gmp.h presence... yes
checking for gmp.h... yes
checking for main in -lgmp... yes
checking whether mp_get_memory_functions is declared... yes
./configure: 20660: test: xgmp: unexpected operator
./configure: 20668: test: xgmp: unexpected operator
checking whether ffs is declared... yes
checking whether __builtin_ffs is declared... yes
checking whether _BitScanForward is declared... no
checking whether strcasecmp is declared... yes
checking whether strncasecmp is declared... yes
checking whether _stricmp is declared... no
checking whether _strnicmp is declared... no
checking whether snprintf is declared... yes
checking whether _snprintf is declared... no
checking which clang to use... no
checking for C compiler vendor... (cached) gnu
checking our pkgconfig libname... isl
checking our pkgconfig version... 0.24
checking our pkgconfig_libdir... ${libdir}/pkgconfig
expanded our pkgconfig_libdir... /usr/lib/pkgconfig
checking our pkgconfig_libfile... isl.pc
checking our package / suffix... isl / 
checking our pkgconfig description... isl Library
checking our pkgconfig requires... 
checking our pkgconfig ext libs... -lisl -lgmp
checking our pkgconfig cppflags... 
checking our pkgconfig ldflags... 
noninstalled pkgconfig -L /home/devel/building/work/src/isl-0.24/.libs
noninstalled pkgconfig -I /home/devel/building/work/src/isl-0.24/./include
checking that generated files are newer than configure... done
configure: creating ./config.status
config.status: creating isl_srcdir.c
config.status: creating Makefile
config.status: creating doc/Makefile
config.status: creating bound_test.sh
config.status: creating codegen_test.sh
config.status: creating pip_test.sh
config.status: creating flow_test.sh
config.status: creating schedule_test.sh
config.status: creating isl_config.h
config.status: executing depfiles commands
config.status: executing libtool commands
config.status: executing include/isl/stdint.h commands
config.status: creating include/isl/stdint.h : _ISL_INCLUDE_ISL_STDINT_H
config.status: executing isl.pc commands
config.status: creating isl.pc.in
config.status: creating isl.pc
config.status: creating isl-uninstalled.pc
config.status: creating isl-uninstalled.sh
+ make V=1
echo '#define GIT_HEAD_ID "'isl-0.24'"' > gitversion.h
/usr/bin/make  all-recursive
make[1]: Entering directory '/home/devel/building/work/src/isl-0.24'
Making all in .
make[2]: Entering directory '/home/devel/building/work/src/isl-0.24'
depbase=`echo isl_test.o | sed 's|[^/]*$|.deps/&|;s|\.o$||'`;\
gcc -DHAVE_CONFIG_H   -I. -I. -I./include -Iinclude/   -O2 -mabi=lp64d -march=rv64gc -O3 -fomit-frame-pointer -fstrict-aliasing -ffast-math -MT isl_test.o -MD -MP -MF $depbase.Tpo -c -o isl_test.o isl_test.c &&\
mv -f $depbase.Tpo $depbase.Po
depbase=`echo isl_gmp.lo | sed 's|[^/]*$|.deps/&|;s|\.lo$||'`;\
/bin/sh ./libtool  --tag=CC   --mode=compile gcc -DHAVE_CONFIG_H   -I. -I. -I./include -Iinclude/   -O2 -mabi=lp64d -march=rv64gc -O3 -fomit-frame-pointer -fstrict-aliasing -ffast-math -MT isl_gmp.lo -MD -MP -MF $depbase.Tpo -c -o isl_gmp.lo isl_gmp.c &&\
mv -f $depbase.Tpo $depbase.Plo
depbase=`echo isl_val_gmp.lo | sed 's|[^/]*$|.deps/&|;s|\.lo$||'`;\
/bin/sh ./libtool  --tag=CC   --mode=compile gcc -DHAVE_CONFIG_H   -I. -I. -I./include -Iinclude/   -O2 -mabi=lp64d -march=rv64gc -O3 -fomit-frame-pointer -fstrict-aliasing -ffast-math -MT isl_val_gmp.lo -MD -MP -MF $depbase.Tpo -c -o isl_val_gmp.lo isl_val_gmp.c &&\
mv -f $depbase.Tpo $depbase.Plo
depbase=`echo isl_aff.lo | sed 's|[^/]*$|.deps/&|;s|\.lo$||'`;\
/bin/sh ./libtool  --tag=CC   --mode=compile gcc -DHAVE_CONFIG_H   -I. -I. -I./include -Iinclude/   -O2 -mabi=lp64d -march=rv64gc -O3 -fomit-frame-pointer -fstrict-aliasing -ffast-math -MT isl_aff.lo -MD -MP -MF $depbase.Tpo -c -o isl_aff.lo isl_aff.c &&\
mv -f $depbase.Tpo $depbase.Plo
depbase=`echo isl_aff_map.lo | sed 's|[^/]*$|.deps/&|;s|\.lo$||'`;\
/bin/sh ./libtool  --tag=CC   --mode=compile gcc -DHAVE_CONFIG_H   -I. -I. -I./include -Iinclude/   -O2 -mabi=lp64d -march=rv64gc -O3 -fomit-frame-pointer -fstrict-aliasing -ffast-math -MT isl_aff_map.lo -MD -MP -MF $depbase.Tpo -c -o isl_aff_map.lo isl_aff_map.c &&\
mv -f $depbase.Tpo $depbase.Plo
depbase=`echo isl_affine_hull.lo | sed 's|[^/]*$|.deps/&|;s|\.lo$||'`;\
/bin/sh ./libtool  --tag=CC   --mode=compile gcc -DHAVE_CONFIG_H   -I. -I. -I./include -Iinclude/   -O2 -mabi=lp64d -march=rv64gc -O3 -fomit-frame-pointer -fstrict-aliasing -ffast-math -MT isl_affine_hull.lo -MD -MP -MF $depbase.Tpo -c -o isl_affine_hull.lo isl_affine_hull.c &&\
mv -f $depbase.Tpo $depbase.Plo
depbase=`echo isl_arg.lo | sed 's|[^/]*$|.deps/&|;s|\.lo$||'`;\
/bin/sh ./libtool  --tag=CC   --mode=compile gcc -DHAVE_CONFIG_H   -I. -I. -I./include -Iinclude/   -O2 -mabi=lp64d -march=rv64gc -O3 -fomit-frame-pointer -fstrict-aliasing -ffast-math -MT isl_arg.lo -MD -MP -MF $depbase.Tpo -c -o isl_arg.lo isl_arg.c &&\
mv -f $depbase.Tpo $depbase.Plo
depbase=`echo isl_ast.lo | sed 's|[^/]*$|.deps/&|;s|\.lo$||'`;\
/bin/sh ./libtool  --tag=CC   --mode=compile gcc -DHAVE_CONFIG_H   -I. -I. -I./include -Iinclude/   -O2 -mabi=lp64d -march=rv64gc -O3 -fomit-frame-pointer -fstrict-aliasing -ffast-math -MT isl_ast.lo -MD -MP -MF $depbase.Tpo -c -o isl_ast.lo isl_ast.c &&\
mv -f $depbase.Tpo $depbase.Plo
libtool: compile:  gcc -DHAVE_CONFIG_H -I. -I. -I./include -Iinclude/ -O2 -mabi=lp64d -march=rv64gc -O3 -fomit-frame-pointer -fstrict-aliasing -ffast-math -MT isl_val_gmp.lo -MD -MP -MF .deps/isl_val_gmp.Tpo -c isl_val_gmp.c  -fPIC -DPIC -o .libs/isl_val_gmp.o
libtool: compile:  gcc -DHAVE_CONFIG_H -I. -I. -I./include -Iinclude/ -O2 -mabi=lp64d -march=rv64gc -O3 -fomit-frame-pointer -fstrict-aliasing -ffast-math -MT isl_ast.lo -MD -MP -MF .deps/isl_ast.Tpo -c isl_ast.c  -fPIC -DPIC -o .libs/isl_ast.o
libtool: compile:  gcc -DHAVE_CONFIG_H -I. -I. -I./include -Iinclude/ -O2 -mabi=lp64d -march=rv64gc -O3 -fomit-frame-pointer -fstrict-aliasing -ffast-math -MT isl_affine_hull.lo -MD -MP -MF .deps/isl_affine_hull.Tpo -c isl_affine_hull.c  -fPIC -DPIC -o .libs/isl_affine_hull.o
libtool: compile:  gcc -DHAVE_CONFIG_H -I. -I. -I./include -Iinclude/ -O2 -mabi=lp64d -march=rv64gc -O3 -fomit-frame-pointer -fstrict-aliasing -ffast-math -MT isl_aff_map.lo -MD -MP -MF .deps/isl_aff_map.Tpo -c isl_aff_map.c  -fPIC -DPIC -o .libs/isl_aff_map.o
libtool: compile:  gcc -DHAVE_CONFIG_H -I. -I. -I./include -Iinclude/ -O2 -mabi=lp64d -march=rv64gc -O3 -fomit-frame-pointer -fstrict-aliasing -ffast-math -MT isl_aff.lo -MD -MP -MF .deps/isl_aff.Tpo -c isl_aff.c  -fPIC -DPIC -o .libs/isl_aff.o
libtool: compile:  gcc -DHAVE_CONFIG_H -I. -I. -I./include -Iinclude/ -O2 -mabi=lp64d -march=rv64gc -O3 -fomit-frame-pointer -fstrict-aliasing -ffast-math -MT isl_gmp.lo -MD -MP -MF .deps/isl_gmp.Tpo -c isl_gmp.c  -fPIC -DPIC -o .libs/isl_gmp.o
libtool: compile:  gcc -DHAVE_CONFIG_H -I. -I. -I./include -Iinclude/ -O2 -mabi=lp64d -march=rv64gc -O3 -fomit-frame-pointer -fstrict-aliasing -ffast-math -MT isl_arg.lo -MD -MP -MF .deps/isl_arg.Tpo -c isl_arg.c  -fPIC -DPIC -o .libs/isl_arg.o
depbase=`echo isl_ast_build.lo | sed 's|[^/]*$|.deps/&|;s|\.lo$||'`;\
/bin/sh ./libtool  --tag=CC   --mode=compile gcc -DHAVE_CONFIG_H   -I. -I. -I./include -Iinclude/   -O2 -mabi=lp64d -march=rv64gc -O3 -fomit-frame-pointer -fstrict-aliasing -ffast-math -MT isl_ast_build.lo -MD -MP -MF $depbase.Tpo -c -o isl_ast_build.lo isl_ast_build.c &&\
mv -f $depbase.Tpo $depbase.Plo
depbase=`echo isl_ast_build_expr.lo | sed 's|[^/]*$|.deps/&|;s|\.lo$||'`;\
/bin/sh ./libtool  --tag=CC   --mode=compile gcc -DHAVE_CONFIG_H   -I. -I. -I./include -Iinclude/   -O2 -mabi=lp64d -march=rv64gc -O3 -fomit-frame-pointer -fstrict-aliasing -ffast-math -MT isl_ast_build_expr.lo -MD -MP -MF $depbase.Tpo -c -o isl_ast_build_expr.lo isl_ast_build_expr.c &&\
mv -f $depbase.Tpo $depbase.Plo
libtool: compile:  gcc -DHAVE_CONFIG_H -I. -I. -I./include -Iinclude/ -O2 -mabi=lp64d -march=rv64gc -O3 -fomit-frame-pointer -fstrict-aliasing -ffast-math -MT isl_ast_build.lo -MD -MP -MF .deps/isl_ast_build.Tpo -c isl_ast_build.c  -fPIC -DPIC -o .libs/isl_ast_build.o
libtool: compile:  gcc -DHAVE_CONFIG_H -I. -I. -I./include -Iinclude/ -O2 -mabi=lp64d -march=rv64gc -O3 -fomit-frame-pointer -fstrict-aliasing -ffast-math -MT isl_ast_build_expr.lo -MD -MP -MF .deps/isl_ast_build_expr.Tpo -c isl_ast_build_expr.c  -fPIC -DPIC -o .libs/isl_ast_build_expr.o
depbase=`echo isl_ast_codegen.lo | sed 's|[^/]*$|.deps/&|;s|\.lo$||'`;\
/bin/sh ./libtool  --tag=CC   --mode=compile gcc -DHAVE_CONFIG_H   -I. -I. -I./include -Iinclude/   -O2 -mabi=lp64d -march=rv64gc -O3 -fomit-frame-pointer -fstrict-aliasing -ffast-math -MT isl_ast_codegen.lo -MD -MP -MF $depbase.Tpo -c -o isl_ast_codegen.lo isl_ast_codegen.c &&\
mv -f $depbase.Tpo $depbase.Plo
libtool: compile:  gcc -DHAVE_CONFIG_H -I. -I. -I./include -Iinclude/ -O2 -mabi=lp64d -march=rv64gc -O3 -fomit-frame-pointer -fstrict-aliasing -ffast-math -MT isl_ast_codegen.lo -MD -MP -MF .deps/isl_ast_codegen.Tpo -c isl_ast_codegen.c  -fPIC -DPIC -o .libs/isl_ast_codegen.o
depbase=`echo isl_ast_graft.lo | sed 's|[^/]*$|.deps/&|;s|\.lo$||'`;\
/bin/sh ./libtool  --tag=CC   --mode=compile gcc -DHAVE_CONFIG_H   -I. -I. -I./include -Iinclude/   -O2 -mabi=lp64d -march=rv64gc -O3 -fomit-frame-pointer -fstrict-aliasing -ffast-math -MT isl_ast_graft.lo -MD -MP -MF $depbase.Tpo -c -o isl_ast_graft.lo isl_ast_graft.c &&\
mv -f $depbase.Tpo $depbase.Plo
libtool: compile:  gcc -DHAVE_CONFIG_H -I. -I. -I./include -Iinclude/ -O2 -mabi=lp64d -march=rv64gc -O3 -fomit-frame-pointer -fstrict-aliasing -ffast-math -MT isl_ast_graft.lo -MD -MP -MF .deps/isl_ast_graft.Tpo -c isl_ast_graft.c  -fPIC -DPIC -o .libs/isl_ast_graft.o
depbase=`echo basis_reduction_tab.lo | sed 's|[^/]*$|.deps/&|;s|\.lo$||'`;\
/bin/sh ./libtool  --tag=CC   --mode=compile gcc -DHAVE_CONFIG_H   -I. -I. -I./include -Iinclude/   -O2 -mabi=lp64d -march=rv64gc -O3 -fomit-frame-pointer -fstrict-aliasing -ffast-math -MT basis_reduction_tab.lo -MD -MP -MF $depbase.Tpo -c -o basis_reduction_tab.lo basis_reduction_tab.c &&\
mv -f $depbase.Tpo $depbase.Plo
libtool: compile:  gcc -DHAVE_CONFIG_H -I. -I. -I./include -Iinclude/ -O2 -mabi=lp64d -march=rv64gc -O3 -fomit-frame-pointer -fstrict-aliasing -ffast-math -MT basis_reduction_tab.lo -MD -MP -MF .deps/basis_reduction_tab.Tpo -c basis_reduction_tab.c  -fPIC -DPIC -o .libs/basis_reduction_tab.o
depbase=`echo isl_bernstein.lo | sed 's|[^/]*$|.deps/&|;s|\.lo$||'`;\
/bin/sh ./libtool  --tag=CC   --mode=compile gcc -DHAVE_CONFIG_H   -I. -I. -I./include -Iinclude/   -O2 -mabi=lp64d -march=rv64gc -O3 -fomit-frame-pointer -fstrict-aliasing -ffast-math -MT isl_bernstein.lo -MD -MP -MF $depbase.Tpo -c -o isl_bernstein.lo isl_bernstein.c &&\
mv -f $depbase.Tpo $depbase.Plo
depbase=`echo isl_blk.lo | sed 's|[^/]*$|.deps/&|;s|\.lo$||'`;\
/bin/sh ./libtool  --tag=CC   --mode=compile gcc -DHAVE_CONFIG_H   -I. -I. -I./include -Iinclude/   -O2 -mabi=lp64d -march=rv64gc -O3 -fomit-frame-pointer -fstrict-aliasing -ffast-math -MT isl_blk.lo -MD -MP -MF $depbase.Tpo -c -o isl_blk.lo isl_blk.c &&\
mv -f $depbase.Tpo $depbase.Plo
libtool: compile:  gcc -DHAVE_CONFIG_H -I. -I. -I./include -Iinclude/ -O2 -mabi=lp64d -march=rv64gc -O3 -fomit-frame-pointer -fstrict-aliasing -ffast-math -MT isl_bernstein.lo -MD -MP -MF .deps/isl_bernstein.Tpo -c isl_bernstein.c  -fPIC -DPIC -o .libs/isl_bernstein.o
libtool: compile:  gcc -DHAVE_CONFIG_H -I. -I. -I./include -Iinclude/ -O2 -mabi=lp64d -march=rv64gc -O3 -fomit-frame-pointer -fstrict-aliasing -ffast-math -MT isl_blk.lo -MD -MP -MF .deps/isl_blk.Tpo -c isl_blk.c  -fPIC -DPIC -o .libs/isl_blk.o
depbase=`echo isl_bound.lo | sed 's|[^/]*$|.deps/&|;s|\.lo$||'`;\
/bin/sh ./libtool  --tag=CC   --mode=compile gcc -DHAVE_CONFIG_H   -I. -I. -I./include -Iinclude/   -O2 -mabi=lp64d -march=rv64gc -O3 -fomit-frame-pointer -fstrict-aliasing -ffast-math -MT isl_bound.lo -MD -MP -MF $depbase.Tpo -c -o isl_bound.lo isl_bound.c &&\
mv -f $depbase.Tpo $depbase.Plo
libtool: compile:  gcc -DHAVE_CONFIG_H -I. -I. -I./include -Iinclude/ -O2 -mabi=lp64d -march=rv64gc -O3 -fomit-frame-pointer -fstrict-aliasing -ffast-math -MT isl_bound.lo -MD -MP -MF .deps/isl_bound.Tpo -c isl_bound.c  -fPIC -DPIC -o .libs/isl_bound.o
depbase=`echo isl_box.lo | sed 's|[^/]*$|.deps/&|;s|\.lo$||'`;\
/bin/sh ./libtool  --tag=CC   --mode=compile gcc -DHAVE_CONFIG_H   -I. -I. -I./include -Iinclude/   -O2 -mabi=lp64d -march=rv64gc -O3 -fomit-frame-pointer -fstrict-aliasing -ffast-math -MT isl_box.lo -MD -MP -MF $depbase.Tpo -c -o isl_box.lo isl_box.c &&\
mv -f $depbase.Tpo $depbase.Plo
libtool: compile:  gcc -DHAVE_CONFIG_H -I. -I. -I./include -Iinclude/ -O2 -mabi=lp64d -march=rv64gc -O3 -fomit-frame-pointer -fstrict-aliasing -ffast-math -MT isl_box.lo -MD -MP -MF .deps/isl_box.Tpo -c isl_box.c  -fPIC -DPIC -o .libs/isl_box.o
depbase=`echo isl_coalesce.lo | sed 's|[^/]*$|.deps/&|;s|\.lo$||'`;\
/bin/sh ./libtool  --tag=CC   --mode=compile gcc -DHAVE_CONFIG_H   -I. -I. -I./include -Iinclude/   -O2 -mabi=lp64d -march=rv64gc -O3 -fomit-frame-pointer -fstrict-aliasing -ffast-math -MT isl_coalesce.lo -MD -MP -MF $depbase.Tpo -c -o isl_coalesce.lo isl_coalesce.c &&\
mv -f $depbase.Tpo $depbase.Plo
depbase=`echo isl_constraint.lo | sed 's|[^/]*$|.deps/&|;s|\.lo$||'`;\
/bin/sh ./libtool  --tag=CC   --mode=compile gcc -DHAVE_CONFIG_H   -I. -I. -I./include -Iinclude/   -O2 -mabi=lp64d -march=rv64gc -O3 -fomit-frame-pointer -fstrict-aliasing -ffast-math -MT isl_constraint.lo -MD -MP -MF $depbase.Tpo -c -o isl_constraint.lo isl_constraint.c &&\
mv -f $depbase.Tpo $depbase.Plo
libtool: compile:  gcc -DHAVE_CONFIG_H -I. -I. -I./include -Iinclude/ -O2 -mabi=lp64d -march=rv64gc -O3 -fomit-frame-pointer -fstrict-aliasing -ffast-math -MT isl_coalesce.lo -MD -MP -MF .deps/isl_coalesce.Tpo -c isl_coalesce.c  -fPIC -DPIC -o .libs/isl_coalesce.o
libtool: compile:  gcc -DHAVE_CONFIG_H -I. -I. -I./include -Iinclude/ -O2 -mabi=lp64d -march=rv64gc -O3 -fomit-frame-pointer -fstrict-aliasing -ffast-math -MT isl_constraint.lo -MD -MP -MF .deps/isl_constraint.Tpo -c isl_constraint.c  -fPIC -DPIC -o .libs/isl_constraint.o
depbase=`echo isl_convex_hull.lo | sed 's|[^/]*$|.deps/&|;s|\.lo$||'`;\
/bin/sh ./libtool  --tag=CC   --mode=compile gcc -DHAVE_CONFIG_H   -I. -I. -I./include -Iinclude/   -O2 -mabi=lp64d -march=rv64gc -O3 -fomit-frame-pointer -fstrict-aliasing -ffast-math -MT isl_convex_hull.lo -MD -MP -MF $depbase.Tpo -c -o isl_convex_hull.lo isl_convex_hull.c &&\
mv -f $depbase.Tpo $depbase.Plo
depbase=`echo isl_ctx.lo | sed 's|[^/]*$|.deps/&|;s|\.lo$||'`;\
/bin/sh ./libtool  --tag=CC   --mode=compile gcc -DHAVE_CONFIG_H   -I. -I. -I./include -Iinclude/   -O2 -mabi=lp64d -march=rv64gc -O3 -fomit-frame-pointer -fstrict-aliasing -ffast-math -MT isl_ctx.lo -MD -MP -MF $depbase.Tpo -c -o isl_ctx.lo isl_ctx.c &&\
mv -f $depbase.Tpo $depbase.Plo
libtool: compile:  gcc -DHAVE_CONFIG_H -I. -I. -I./include -Iinclude/ -O2 -mabi=lp64d -march=rv64gc -O3 -fomit-frame-pointer -fstrict-aliasing -ffast-math -MT isl_convex_hull.lo -MD -MP -MF .deps/isl_convex_hull.Tpo -c isl_convex_hull.c  -fPIC -DPIC -o .libs/isl_convex_hull.o
depbase=`echo isl_deprecated.lo | sed 's|[^/]*$|.deps/&|;s|\.lo$||'`;\
/bin/sh ./libtool  --tag=CC   --mode=compile gcc -DHAVE_CONFIG_H   -I. -I. -I./include -Iinclude/   -O2 -mabi=lp64d -march=rv64gc -O3 -fomit-frame-pointer -fstrict-aliasing -ffast-math -MT isl_deprecated.lo -MD -MP -MF $depbase.Tpo -c -o isl_deprecated.lo isl_deprecated.c &&\
mv -f $depbase.Tpo $depbase.Plo
libtool: compile:  gcc -DHAVE_CONFIG_H -I. -I. -I./include -Iinclude/ -O2 -mabi=lp64d -march=rv64gc -O3 -fomit-frame-pointer -fstrict-aliasing -ffast-math -MT isl_ctx.lo -MD -MP -MF .deps/isl_ctx.Tpo -c isl_ctx.c  -fPIC -DPIC -o .libs/isl_ctx.o
libtool: compile:  gcc -DHAVE_CONFIG_H -I. -I. -I./include -Iinclude/ -O2 -mabi=lp64d -march=rv64gc -O3 -fomit-frame-pointer -fstrict-aliasing -ffast-math -MT isl_deprecated.lo -MD -MP -MF .deps/isl_deprecated.Tpo -c isl_deprecated.c  -fPIC -DPIC -o .libs/isl_deprecated.o
depbase=`echo isl_dim_map.lo | sed 's|[^/]*$|.deps/&|;s|\.lo$||'`;\
/bin/sh ./libtool  --tag=CC   --mode=compile gcc -DHAVE_CONFIG_H   -I. -I. -I./include -Iinclude/   -O2 -mabi=lp64d -march=rv64gc -O3 -fomit-frame-pointer -fstrict-aliasing -ffast-math -MT isl_dim_map.lo -MD -MP -MF $depbase.Tpo -c -o isl_dim_map.lo isl_dim_map.c &&\
mv -f $depbase.Tpo $depbase.Plo
libtool: compile:  gcc -DHAVE_CONFIG_H -I. -I. -I./include -Iinclude/ -O2 -mabi=lp64d -march=rv64gc -O3 -fomit-frame-pointer -fstrict-aliasing -ffast-math -MT isl_dim_map.lo -MD -MP -MF .deps/isl_dim_map.Tpo -c isl_dim_map.c  -fPIC -DPIC -o .libs/isl_dim_map.o
depbase=`echo isl_equalities.lo | sed 's|[^/]*$|.deps/&|;s|\.lo$||'`;\
/bin/sh ./libtool  --tag=CC   --mode=compile gcc -DHAVE_CONFIG_H   -I. -I. -I./include -Iinclude/   -O2 -mabi=lp64d -march=rv64gc -O3 -fomit-frame-pointer -fstrict-aliasing -ffast-math -MT isl_equalities.lo -MD -MP -MF $depbase.Tpo -c -o isl_equalities.lo isl_equalities.c &&\
mv -f $depbase.Tpo $depbase.Plo
libtool: compile:  gcc -DHAVE_CONFIG_H -I. -I. -I./include -Iinclude/ -O2 -mabi=lp64d -march=rv64gc -O3 -fomit-frame-pointer -fstrict-aliasing -ffast-math -MT isl_equalities.lo -MD -MP -MF .deps/isl_equalities.Tpo -c isl_equalities.c  -fPIC -DPIC -o .libs/isl_equalities.o
depbase=`echo isl_factorization.lo | sed 's|[^/]*$|.deps/&|;s|\.lo$||'`;\
/bin/sh ./libtool  --tag=CC   --mode=compile gcc -DHAVE_CONFIG_H   -I. -I. -I./include -Iinclude/   -O2 -mabi=lp64d -march=rv64gc -O3 -fomit-frame-pointer -fstrict-aliasing -ffast-math -MT isl_factorization.lo -MD -MP -MF $depbase.Tpo -c -o isl_factorization.lo isl_factorization.c &&\
mv -f $depbase.Tpo $depbase.Plo
depbase=`echo isl_farkas.lo | sed 's|[^/]*$|.deps/&|;s|\.lo$||'`;\
/bin/sh ./libtool  --tag=CC   --mode=compile gcc -DHAVE_CONFIG_H   -I. -I. -I./include -Iinclude/   -O2 -mabi=lp64d -march=rv64gc -O3 -fomit-frame-pointer -fstrict-aliasing -ffast-math -MT isl_farkas.lo -MD -MP -MF $depbase.Tpo -c -o isl_farkas.lo isl_farkas.c &&\
mv -f $depbase.Tpo $depbase.Plo
libtool: compile:  gcc -DHAVE_CONFIG_H -I. -I. -I./include -Iinclude/ -O2 -mabi=lp64d -march=rv64gc -O3 -fomit-frame-pointer -fstrict-aliasing -ffast-math -MT isl_factorization.lo -MD -MP -MF .deps/isl_factorization.Tpo -c isl_factorization.c  -fPIC -DPIC -o .libs/isl_factorization.o
depbase=`echo isl_ffs.lo | sed 's|[^/]*$|.deps/&|;s|\.lo$||'`;\
/bin/sh ./libtool  --tag=CC   --mode=compile gcc -DHAVE_CONFIG_H   -I. -I. -I./include -Iinclude/   -O2 -mabi=lp64d -march=rv64gc -O3 -fomit-frame-pointer -fstrict-aliasing -ffast-math -MT isl_ffs.lo -MD -MP -MF $depbase.Tpo -c -o isl_ffs.lo isl_ffs.c &&\
mv -f $depbase.Tpo $depbase.Plo
libtool: compile:  gcc -DHAVE_CONFIG_H -I. -I. -I./include -Iinclude/ -O2 -mabi=lp64d -march=rv64gc -O3 -fomit-frame-pointer -fstrict-aliasing -ffast-math -MT isl_farkas.lo -MD -MP -MF .deps/isl_farkas.Tpo -c isl_farkas.c  -fPIC -DPIC -o .libs/isl_farkas.o
libtool: compile:  gcc -DHAVE_CONFIG_H -I. -I. -I./include -Iinclude/ -O2 -mabi=lp64d -march=rv64gc -O3 -fomit-frame-pointer -fstrict-aliasing -ffast-math -MT isl_ffs.lo -MD -MP -MF .deps/isl_ffs.Tpo -c isl_ffs.c  -fPIC -DPIC -o .libs/isl_ffs.o
depbase=`echo isl_flow.lo | sed 's|[^/]*$|.deps/&|;s|\.lo$||'`;\
/bin/sh ./libtool  --tag=CC   --mode=compile gcc -DHAVE_CONFIG_H   -I. -I. -I./include -Iinclude/   -O2 -mabi=lp64d -march=rv64gc -O3 -fomit-frame-pointer -fstrict-aliasing -ffast-math -MT isl_flow.lo -MD -MP -MF $depbase.Tpo -c -o isl_flow.lo isl_flow.c &&\
mv -f $depbase.Tpo $depbase.Plo
libtool: compile:  gcc -DHAVE_CONFIG_H -I. -I. -I./include -Iinclude/ -O2 -mabi=lp64d -march=rv64gc -O3 -fomit-frame-pointer -fstrict-aliasing -ffast-math -MT isl_flow.lo -MD -MP -MF .deps/isl_flow.Tpo -c isl_flow.c  -fPIC -DPIC -o .libs/isl_flow.o
depbase=`echo isl_fold.lo | sed 's|[^/]*$|.deps/&|;s|\.lo$||'`;\
/bin/sh ./libtool  --tag=CC   --mode=compile gcc -DHAVE_CONFIG_H   -I. -I. -I./include -Iinclude/   -O2 -mabi=lp64d -march=rv64gc -O3 -fomit-frame-pointer -fstrict-aliasing -ffast-math -MT isl_fold.lo -MD -MP -MF $depbase.Tpo -c -o isl_fold.lo isl_fold.c &&\
mv -f $depbase.Tpo $depbase.Plo
libtool: compile:  gcc -DHAVE_CONFIG_H -I. -I. -I./include -Iinclude/ -O2 -mabi=lp64d -march=rv64gc -O3 -fomit-frame-pointer -fstrict-aliasing -ffast-math -MT isl_fold.lo -MD -MP -MF .deps/isl_fold.Tpo -c isl_fold.c  -fPIC -DPIC -o .libs/isl_fold.o
depbase=`echo isl_hash.lo | sed 's|[^/]*$|.deps/&|;s|\.lo$||'`;\
/bin/sh ./libtool  --tag=CC   --mode=compile gcc -DHAVE_CONFIG_H   -I. -I. -I./include -Iinclude/   -O2 -mabi=lp64d -march=rv64gc -O3 -fomit-frame-pointer -fstrict-aliasing -ffast-math -MT isl_hash.lo -MD -MP -MF $depbase.Tpo -c -o isl_hash.lo isl_hash.c &&\
mv -f $depbase.Tpo $depbase.Plo
depbase=`echo isl_id_to_ast_expr.lo | sed 's|[^/]*$|.deps/&|;s|\.lo$||'`;\
/bin/sh ./libtool  --tag=CC   --mode=compile gcc -DHAVE_CONFIG_H   -I. -I. -I./include -Iinclude/   -O2 -mabi=lp64d -march=rv64gc -O3 -fomit-frame-pointer -fstrict-aliasing -ffast-math -MT isl_id_to_ast_expr.lo -MD -MP -MF $depbase.Tpo -c -o isl_id_to_ast_expr.lo isl_id_to_ast_expr.c &&\
mv -f $depbase.Tpo $depbase.Plo
libtool: compile:  gcc -DHAVE_CONFIG_H -I. -I. -I./include -Iinclude/ -O2 -mabi=lp64d -march=rv64gc -O3 -fomit-frame-pointer -fstrict-aliasing -ffast-math -MT isl_id_to_ast_expr.lo -MD -MP -MF .deps/isl_id_to_ast_expr.Tpo -c isl_id_to_ast_expr.c  -fPIC -DPIC -o .libs/isl_id_to_ast_expr.o
libtool: compile:  gcc -DHAVE_CONFIG_H -I. -I. -I./include -Iinclude/ -O2 -mabi=lp64d -march=rv64gc -O3 -fomit-frame-pointer -fstrict-aliasing -ffast-math -MT isl_hash.lo -MD -MP -MF .deps/isl_hash.Tpo -c isl_hash.c  -fPIC -DPIC -o .libs/isl_hash.o
depbase=`echo isl_id_to_id.lo | sed 's|[^/]*$|.deps/&|;s|\.lo$||'`;\
/bin/sh ./libtool  --tag=CC   --mode=compile gcc -DHAVE_CONFIG_H   -I. -I. -I./include -Iinclude/   -O2 -mabi=lp64d -march=rv64gc -O3 -fomit-frame-pointer -fstrict-aliasing -ffast-math -MT isl_id_to_id.lo -MD -MP -MF $depbase.Tpo -c -o isl_id_to_id.lo isl_id_to_id.c &&\
mv -f $depbase.Tpo $depbase.Plo
libtool: compile:  gcc -DHAVE_CONFIG_H -I. -I. -I./include -Iinclude/ -O2 -mabi=lp64d -march=rv64gc -O3 -fomit-frame-pointer -fstrict-aliasing -ffast-math -MT isl_id_to_id.lo -MD -MP -MF .deps/isl_id_to_id.Tpo -c isl_id_to_id.c  -fPIC -DPIC -o .libs/isl_id_to_id.o
depbase=`echo isl_id_to_pw_aff.lo | sed 's|[^/]*$|.deps/&|;s|\.lo$||'`;\
/bin/sh ./libtool  --tag=CC   --mode=compile gcc -DHAVE_CONFIG_H   -I. -I. -I./include -Iinclude/   -O2 -mabi=lp64d -march=rv64gc -O3 -fomit-frame-pointer -fstrict-aliasing -ffast-math -MT isl_id_to_pw_aff.lo -MD -MP -MF $depbase.Tpo -c -o isl_id_to_pw_aff.lo isl_id_to_pw_aff.c &&\
mv -f $depbase.Tpo $depbase.Plo
depbase=`echo isl_ilp.lo | sed 's|[^/]*$|.deps/&|;s|\.lo$||'`;\
/bin/sh ./libtool  --tag=CC   --mode=compile gcc -DHAVE_CONFIG_H   -I. -I. -I./include -Iinclude/   -O2 -mabi=lp64d -march=rv64gc -O3 -fomit-frame-pointer -fstrict-aliasing -ffast-math -MT isl_ilp.lo -MD -MP -MF $depbase.Tpo -c -o isl_ilp.lo isl_ilp.c &&\
mv -f $depbase.Tpo $depbase.Plo
depbase=`echo isl_input.lo | sed 's|[^/]*$|.deps/&|;s|\.lo$||'`;\
/bin/sh ./libtool  --tag=CC   --mode=compile gcc -DHAVE_CONFIG_H   -I. -I. -I./include -Iinclude/   -O2 -mabi=lp64d -march=rv64gc -O3 -fomit-frame-pointer -fstrict-aliasing -ffast-math -MT isl_input.lo -MD -MP -MF $depbase.Tpo -c -o isl_input.lo isl_input.c &&\
mv -f $depbase.Tpo $depbase.Plo
libtool: compile:  gcc -DHAVE_CONFIG_H -I. -I. -I./include -Iinclude/ -O2 -mabi=lp64d -march=rv64gc -O3 -fomit-frame-pointer -fstrict-aliasing -ffast-math -MT isl_id_to_pw_aff.lo -MD -MP -MF .deps/isl_id_to_pw_aff.Tpo -c isl_id_to_pw_aff.c  -fPIC -DPIC -o .libs/isl_id_to_pw_aff.o
libtool: compile:  gcc -DHAVE_CONFIG_H -I. -I. -I./include -Iinclude/ -O2 -mabi=lp64d -march=rv64gc -O3 -fomit-frame-pointer -fstrict-aliasing -ffast-math -MT isl_ilp.lo -MD -MP -MF .deps/isl_ilp.Tpo -c isl_ilp.c  -fPIC -DPIC -o .libs/isl_ilp.o
depbase=`echo isl_local.lo | sed 's|[^/]*$|.deps/&|;s|\.lo$||'`;\
/bin/sh ./libtool  --tag=CC   --mode=compile gcc -DHAVE_CONFIG_H   -I. -I. -I./include -Iinclude/   -O2 -mabi=lp64d -march=rv64gc -O3 -fomit-frame-pointer -fstrict-aliasing -ffast-math -MT isl_local.lo -MD -MP -MF $depbase.Tpo -c -o isl_local.lo isl_local.c &&\
mv -f $depbase.Tpo $depbase.Plo
libtool: compile:  gcc -DHAVE_CONFIG_H -I. -I. -I./include -Iinclude/ -O2 -mabi=lp64d -march=rv64gc -O3 -fomit-frame-pointer -fstrict-aliasing -ffast-math -MT isl_input.lo -MD -MP -MF .deps/isl_input.Tpo -c isl_input.c  -fPIC -DPIC -o .libs/isl_input.o
libtool: compile:  gcc -DHAVE_CONFIG_H -I. -I. -I./include -Iinclude/ -O2 -mabi=lp64d -march=rv64gc -O3 -fomit-frame-pointer -fstrict-aliasing -ffast-math -MT isl_local.lo -MD -MP -MF .deps/isl_local.Tpo -c isl_local.c  -fPIC -DPIC -o .libs/isl_local.o
depbase=`echo isl_local_space.lo | sed 's|[^/]*$|.deps/&|;s|\.lo$||'`;\
/bin/sh ./libtool  --tag=CC   --mode=compile gcc -DHAVE_CONFIG_H   -I. -I. -I./include -Iinclude/   -O2 -mabi=lp64d -march=rv64gc -O3 -fomit-frame-pointer -fstrict-aliasing -ffast-math -MT isl_local_space.lo -MD -MP -MF $depbase.Tpo -c -o isl_local_space.lo isl_local_space.c &&\
mv -f $depbase.Tpo $depbase.Plo
libtool: compile:  gcc -DHAVE_CONFIG_H -I. -I. -I./include -Iinclude/ -O2 -mabi=lp64d -march=rv64gc -O3 -fomit-frame-pointer -fstrict-aliasing -ffast-math -MT isl_local_space.lo -MD -MP -MF .deps/isl_local_space.Tpo -c isl_local_space.c  -fPIC -DPIC -o .libs/isl_local_space.o
depbase=`echo isl_lp.lo | sed 's|[^/]*$|.deps/&|;s|\.lo$||'`;\
/bin/sh ./libtool  --tag=CC   --mode=compile gcc -DHAVE_CONFIG_H   -I. -I. -I./include -Iinclude/   -O2 -mabi=lp64d -march=rv64gc -O3 -fomit-frame-pointer -fstrict-aliasing -ffast-math -MT isl_lp.lo -MD -MP -MF $depbase.Tpo -c -o isl_lp.lo isl_lp.c &&\
mv -f $depbase.Tpo $depbase.Plo
libtool: compile:  gcc -DHAVE_CONFIG_H -I. -I. -I./include -Iinclude/ -O2 -mabi=lp64d -march=rv64gc -O3 -fomit-frame-pointer -fstrict-aliasing -ffast-math -MT isl_lp.lo -MD -MP -MF .deps/isl_lp.Tpo -c isl_lp.c  -fPIC -DPIC -o .libs/isl_lp.o
depbase=`echo isl_map.lo | sed 's|[^/]*$|.deps/&|;s|\.lo$||'`;\
/bin/sh ./libtool  --tag=CC   --mode=compile gcc -DHAVE_CONFIG_H   -I. -I. -I./include -Iinclude/   -O2 -mabi=lp64d -march=rv64gc -O3 -fomit-frame-pointer -fstrict-aliasing -ffast-math -MT isl_map.lo -MD -MP -MF $depbase.Tpo -c -o isl_map.lo isl_map.c &&\
mv -f $depbase.Tpo $depbase.Plo
libtool: compile:  gcc -DHAVE_CONFIG_H -I. -I. -I./include -Iinclude/ -O2 -mabi=lp64d -march=rv64gc -O3 -fomit-frame-pointer -fstrict-aliasing -ffast-math -MT isl_map.lo -MD -MP -MF .deps/isl_map.Tpo -c isl_map.c  -fPIC -DPIC -o .libs/isl_map.o
depbase=`echo isl_map_list.lo | sed 's|[^/]*$|.deps/&|;s|\.lo$||'`;\
/bin/sh ./libtool  --tag=CC   --mode=compile gcc -DHAVE_CONFIG_H   -I. -I. -I./include -Iinclude/   -O2 -mabi=lp64d -march=rv64gc -O3 -fomit-frame-pointer -fstrict-aliasing -ffast-math -MT isl_map_list.lo -MD -MP -MF $depbase.Tpo -c -o isl_map_list.lo isl_map_list.c &&\
mv -f $depbase.Tpo $depbase.Plo
depbase=`echo isl_map_simplify.lo | sed 's|[^/]*$|.deps/&|;s|\.lo$||'`;\
/bin/sh ./libtool  --tag=CC   --mode=compile gcc -DHAVE_CONFIG_H   -I. -I. -I./include -Iinclude/   -O2 -mabi=lp64d -march=rv64gc -O3 -fomit-frame-pointer -fstrict-aliasing -ffast-math -MT isl_map_simplify.lo -MD -MP -MF $depbase.Tpo -c -o isl_map_simplify.lo isl_map_simplify.c &&\
mv -f $depbase.Tpo $depbase.Plo
libtool: compile:  gcc -DHAVE_CONFIG_H -I. -I. -I./include -Iinclude/ -O2 -mabi=lp64d -march=rv64gc -O3 -fomit-frame-pointer -fstrict-aliasing -ffast-math -MT isl_map_list.lo -MD -MP -MF .deps/isl_map_list.Tpo -c isl_map_list.c  -fPIC -DPIC -o .libs/isl_map_list.o
libtool: compile:  gcc -DHAVE_CONFIG_H -I. -I. -I./include -Iinclude/ -O2 -mabi=lp64d -march=rv64gc -O3 -fomit-frame-pointer -fstrict-aliasing -ffast-math -MT isl_map_simplify.lo -MD -MP -MF .deps/isl_map_simplify.Tpo -c isl_map_simplify.c  -fPIC -DPIC -o .libs/isl_map_simplify.o
depbase=`echo isl_map_subtract.lo | sed 's|[^/]*$|.deps/&|;s|\.lo$||'`;\
/bin/sh ./libtool  --tag=CC   --mode=compile gcc -DHAVE_CONFIG_H   -I. -I. -I./include -Iinclude/   -O2 -mabi=lp64d -march=rv64gc -O3 -fomit-frame-pointer -fstrict-aliasing -ffast-math -MT isl_map_subtract.lo -MD -MP -MF $depbase.Tpo -c -o isl_map_subtract.lo isl_map_subtract.c &&\
mv -f $depbase.Tpo $depbase.Plo
libtool: compile:  gcc -DHAVE_CONFIG_H -I. -I. -I./include -Iinclude/ -O2 -mabi=lp64d -march=rv64gc -O3 -fomit-frame-pointer -fstrict-aliasing -ffast-math -MT isl_map_subtract.lo -MD -MP -MF .deps/isl_map_subtract.Tpo -c isl_map_subtract.c  -fPIC -DPIC -o .libs/isl_map_subtract.o
depbase=`echo isl_map_to_basic_set.lo | sed 's|[^/]*$|.deps/&|;s|\.lo$||'`;\
/bin/sh ./libtool  --tag=CC   --mode=compile gcc -DHAVE_CONFIG_H   -I. -I. -I./include -Iinclude/   -O2 -mabi=lp64d -march=rv64gc -O3 -fomit-frame-pointer -fstrict-aliasing -ffast-math -MT isl_map_to_basic_set.lo -MD -MP -MF $depbase.Tpo -c -o isl_map_to_basic_set.lo isl_map_to_basic_set.c &&\
mv -f $depbase.Tpo $depbase.Plo
libtool: compile:  gcc -DHAVE_CONFIG_H -I. -I. -I./include -Iinclude/ -O2 -mabi=lp64d -march=rv64gc -O3 -fomit-frame-pointer -fstrict-aliasing -ffast-math -MT isl_map_to_basic_set.lo -MD -MP -MF .deps/isl_map_to_basic_set.Tpo -c isl_map_to_basic_set.c  -fPIC -DPIC -o .libs/isl_map_to_basic_set.o
depbase=`echo isl_mat.lo | sed 's|[^/]*$|.deps/&|;s|\.lo$||'`;\
/bin/sh ./libtool  --tag=CC   --mode=compile gcc -DHAVE_CONFIG_H   -I. -I. -I./include -Iinclude/   -O2 -mabi=lp64d -march=rv64gc -O3 -fomit-frame-pointer -fstrict-aliasing -ffast-math -MT isl_mat.lo -MD -MP -MF $depbase.Tpo -c -o isl_mat.lo isl_mat.c &&\
mv -f $depbase.Tpo $depbase.Plo
depbase=`echo isl_morph.lo | sed 's|[^/]*$|.deps/&|;s|\.lo$||'`;\
/bin/sh ./libtool  --tag=CC   --mode=compile gcc -DHAVE_CONFIG_H   -I. -I. -I./include -Iinclude/   -O2 -mabi=lp64d -march=rv64gc -O3 -fomit-frame-pointer -fstrict-aliasing -ffast-math -MT isl_morph.lo -MD -MP -MF $depbase.Tpo -c -o isl_morph.lo isl_morph.c &&\
mv -f $depbase.Tpo $depbase.Plo
libtool: compile:  gcc -DHAVE_CONFIG_H -I. -I. -I./include -Iinclude/ -O2 -mabi=lp64d -march=rv64gc -O3 -fomit-frame-pointer -fstrict-aliasing -ffast-math -MT isl_mat.lo -MD -MP -MF .deps/isl_mat.Tpo -c isl_mat.c  -fPIC -DPIC -o .libs/isl_mat.o
libtool: compile:  gcc -DHAVE_CONFIG_H -I. -I. -I./include -Iinclude/ -O2 -mabi=lp64d -march=rv64gc -O3 -fomit-frame-pointer -fstrict-aliasing -ffast-math -MT isl_morph.lo -MD -MP -MF .deps/isl_morph.Tpo -c isl_morph.c  -fPIC -DPIC -o .libs/isl_morph.o
depbase=`echo isl_id.lo | sed 's|[^/]*$|.deps/&|;s|\.lo$||'`;\
/bin/sh ./libtool  --tag=CC   --mode=compile gcc -DHAVE_CONFIG_H   -I. -I. -I./include -Iinclude/   -O2 -mabi=lp64d -march=rv64gc -O3 -fomit-frame-pointer -fstrict-aliasing -ffast-math -MT isl_id.lo -MD -MP -MF $depbase.Tpo -c -o isl_id.lo isl_id.c &&\
mv -f $depbase.Tpo $depbase.Plo
libtool: compile:  gcc -DHAVE_CONFIG_H -I. -I. -I./include -Iinclude/ -O2 -mabi=lp64d -march=rv64gc -O3 -fomit-frame-pointer -fstrict-aliasing -ffast-math -MT isl_id.lo -MD -MP -MF .deps/isl_id.Tpo -c isl_id.c  -fPIC -DPIC -o .libs/isl_id.o
depbase=`echo isl_obj.lo | sed 's|[^/]*$|.deps/&|;s|\.lo$||'`;\
/bin/sh ./libtool  --tag=CC   --mode=compile gcc -DHAVE_CONFIG_H   -I. -I. -I./include -Iinclude/   -O2 -mabi=lp64d -march=rv64gc -O3 -fomit-frame-pointer -fstrict-aliasing -ffast-math -MT isl_obj.lo -MD -MP -MF $depbase.Tpo -c -o isl_obj.lo isl_obj.c &&\
mv -f $depbase.Tpo $depbase.Plo
libtool: compile:  gcc -DHAVE_CONFIG_H -I. -I. -I./include -Iinclude/ -O2 -mabi=lp64d -march=rv64gc -O3 -fomit-frame-pointer -fstrict-aliasing -ffast-math -MT isl_obj.lo -MD -MP -MF .deps/isl_obj.Tpo -c isl_obj.c  -fPIC -DPIC -o .libs/isl_obj.o
depbase=`echo isl_options.lo | sed 's|[^/]*$|.deps/&|;s|\.lo$||'`;\
/bin/sh ./libtool  --tag=CC   --mode=compile gcc -DHAVE_CONFIG_H   -I. -I. -I./include -Iinclude/   -O2 -mabi=lp64d -march=rv64gc -O3 -fomit-frame-pointer -fstrict-aliasing -ffast-math -MT isl_options.lo -MD -MP -MF $depbase.Tpo -c -o isl_options.lo isl_options.c &&\
mv -f $depbase.Tpo $depbase.Plo
libtool: compile:  gcc -DHAVE_CONFIG_H -I. -I. -I./include -Iinclude/ -O2 -mabi=lp64d -march=rv64gc -O3 -fomit-frame-pointer -fstrict-aliasing -ffast-math -MT isl_options.lo -MD -MP -MF .deps/isl_options.Tpo -c isl_options.c  -fPIC -DPIC -o .libs/isl_options.o
depbase=`echo isl_output.lo | sed 's|[^/]*$|.deps/&|;s|\.lo$||'`;\
/bin/sh ./libtool  --tag=CC   --mode=compile gcc -DHAVE_CONFIG_H   -I. -I. -I./include -Iinclude/   -O2 -mabi=lp64d -march=rv64gc -O3 -fomit-frame-pointer -fstrict-aliasing -ffast-math -MT isl_output.lo -MD -MP -MF $depbase.Tpo -c -o isl_output.lo isl_output.c &&\
mv -f $depbase.Tpo $depbase.Plo
libtool: compile:  gcc -DHAVE_CONFIG_H -I. -I. -I./include -Iinclude/ -O2 -mabi=lp64d -march=rv64gc -O3 -fomit-frame-pointer -fstrict-aliasing -ffast-math -MT isl_output.lo -MD -MP -MF .deps/isl_output.Tpo -c isl_output.c  -fPIC -DPIC -o .libs/isl_output.o
depbase=`echo isl_point.lo | sed 's|[^/]*$|.deps/&|;s|\.lo$||'`;\
/bin/sh ./libtool  --tag=CC   --mode=compile gcc -DHAVE_CONFIG_H   -I. -I. -I./include -Iinclude/   -O2 -mabi=lp64d -march=rv64gc -O3 -fomit-frame-pointer -fstrict-aliasing -ffast-math -MT isl_point.lo -MD -MP -MF $depbase.Tpo -c -o isl_point.lo isl_point.c &&\
mv -f $depbase.Tpo $depbase.Plo
depbase=`echo isl_polynomial.lo | sed 's|[^/]*$|.deps/&|;s|\.lo$||'`;\
/bin/sh ./libtool  --tag=CC   --mode=compile gcc -DHAVE_CONFIG_H   -I. -I. -I./include -Iinclude/   -O2 -mabi=lp64d -march=rv64gc -O3 -fomit-frame-pointer -fstrict-aliasing -ffast-math -MT isl_polynomial.lo -MD -MP -MF $depbase.Tpo -c -o isl_polynomial.lo isl_polynomial.c &&\
mv -f $depbase.Tpo $depbase.Plo
libtool: compile:  gcc -DHAVE_CONFIG_H -I. -I. -I./include -Iinclude/ -O2 -mabi=lp64d -march=rv64gc -O3 -fomit-frame-pointer -fstrict-aliasing -ffast-math -MT isl_point.lo -MD -MP -MF .deps/isl_point.Tpo -c isl_point.c  -fPIC -DPIC -o .libs/isl_point.o
depbase=`echo isl_printer.lo | sed 's|[^/]*$|.deps/&|;s|\.lo$||'`;\
/bin/sh ./libtool  --tag=CC   --mode=compile gcc -DHAVE_CONFIG_H   -I. -I. -I./include -Iinclude/   -O2 -mabi=lp64d -march=rv64gc -O3 -fomit-frame-pointer -fstrict-aliasing -ffast-math -MT isl_printer.lo -MD -MP -MF $depbase.Tpo -c -o isl_printer.lo isl_printer.c &&\
mv -f $depbase.Tpo $depbase.Plo
libtool: compile:  gcc -DHAVE_CONFIG_H -I. -I. -I./include -Iinclude/ -O2 -mabi=lp64d -march=rv64gc -O3 -fomit-frame-pointer -fstrict-aliasing -ffast-math -MT isl_polynomial.lo -MD -MP -MF .deps/isl_polynomial.Tpo -c isl_polynomial.c  -fPIC -DPIC -o .libs/isl_polynomial.o
libtool: compile:  gcc -DHAVE_CONFIG_H -I. -I. -I./include -Iinclude/ -O2 -mabi=lp64d -march=rv64gc -O3 -fomit-frame-pointer -fstrict-aliasing -ffast-math -MT isl_printer.lo -MD -MP -MF .deps/isl_printer.Tpo -c isl_printer.c  -fPIC -DPIC -o .libs/isl_printer.o
depbase=`echo print.lo | sed 's|[^/]*$|.deps/&|;s|\.lo$||'`;\
/bin/sh ./libtool  --tag=CC   --mode=compile gcc -DHAVE_CONFIG_H   -I. -I. -I./include -Iinclude/   -O2 -mabi=lp64d -march=rv64gc -O3 -fomit-frame-pointer -fstrict-aliasing -ffast-math -MT print.lo -MD -MP -MF $depbase.Tpo -c -o print.lo print.c &&\
mv -f $depbase.Tpo $depbase.Plo
depbase=`echo isl_range.lo | sed 's|[^/]*$|.deps/&|;s|\.lo$||'`;\
/bin/sh ./libtool  --tag=CC   --mode=compile gcc -DHAVE_CONFIG_H   -I. -I. -I./include -Iinclude/   -O2 -mabi=lp64d -march=rv64gc -O3 -fomit-frame-pointer -fstrict-aliasing -ffast-math -MT isl_range.lo -MD -MP -MF $depbase.Tpo -c -o isl_range.lo isl_range.c &&\
mv -f $depbase.Tpo $depbase.Plo
libtool: compile:  gcc -DHAVE_CONFIG_H -I. -I. -I./include -Iinclude/ -O2 -mabi=lp64d -march=rv64gc -O3 -fomit-frame-pointer -fstrict-aliasing -ffast-math -MT print.lo -MD -MP -MF .deps/print.Tpo -c print.c  -fPIC -DPIC -o .libs/print.o
libtool: compile:  gcc -DHAVE_CONFIG_H -I. -I. -I./include -Iinclude/ -O2 -mabi=lp64d -march=rv64gc -O3 -fomit-frame-pointer -fstrict-aliasing -ffast-math -MT isl_range.lo -MD -MP -MF .deps/isl_range.Tpo -c isl_range.c  -fPIC -DPIC -o .libs/isl_range.o
depbase=`echo isl_reordering.lo | sed 's|[^/]*$|.deps/&|;s|\.lo$||'`;\
/bin/sh ./libtool  --tag=CC   --mode=compile gcc -DHAVE_CONFIG_H   -I. -I. -I./include -Iinclude/   -O2 -mabi=lp64d -march=rv64gc -O3 -fomit-frame-pointer -fstrict-aliasing -ffast-math -MT isl_reordering.lo -MD -MP -MF $depbase.Tpo -c -o isl_reordering.lo isl_reordering.c &&\
mv -f $depbase.Tpo $depbase.Plo
libtool: compile:  gcc -DHAVE_CONFIG_H -I. -I. -I./include -Iinclude/ -O2 -mabi=lp64d -march=rv64gc -O3 -fomit-frame-pointer -fstrict-aliasing -ffast-math -MT isl_reordering.lo -MD -MP -MF .deps/isl_reordering.Tpo -c isl_reordering.c  -fPIC -DPIC -o .libs/isl_reordering.o
depbase=`echo isl_sample.lo | sed 's|[^/]*$|.deps/&|;s|\.lo$||'`;\
/bin/sh ./libtool  --tag=CC   --mode=compile gcc -DHAVE_CONFIG_H   -I. -I. -I./include -Iinclude/   -O2 -mabi=lp64d -march=rv64gc -O3 -fomit-frame-pointer -fstrict-aliasing -ffast-math -MT isl_sample.lo -MD -MP -MF $depbase.Tpo -c -o isl_sample.lo isl_sample.c &&\
mv -f $depbase.Tpo $depbase.Plo
libtool: compile:  gcc -DHAVE_CONFIG_H -I. -I. -I./include -Iinclude/ -O2 -mabi=lp64d -march=rv64gc -O3 -fomit-frame-pointer -fstrict-aliasing -ffast-math -MT isl_sample.lo -MD -MP -MF .deps/isl_sample.Tpo -c isl_sample.c  -fPIC -DPIC -o .libs/isl_sample.o
depbase=`echo isl_scan.lo | sed 's|[^/]*$|.deps/&|;s|\.lo$||'`;\
/bin/sh ./libtool  --tag=CC   --mode=compile gcc -DHAVE_CONFIG_H   -I. -I. -I./include -Iinclude/   -O2 -mabi=lp64d -march=rv64gc -O3 -fomit-frame-pointer -fstrict-aliasing -ffast-math -MT isl_scan.lo -MD -MP -MF $depbase.Tpo -c -o isl_scan.lo isl_scan.c &&\
mv -f $depbase.Tpo $depbase.Plo
depbase=`echo isl_schedule.lo | sed 's|[^/]*$|.deps/&|;s|\.lo$||'`;\
/bin/sh ./libtool  --tag=CC   --mode=compile gcc -DHAVE_CONFIG_H   -I. -I. -I./include -Iinclude/   -O2 -mabi=lp64d -march=rv64gc -O3 -fomit-frame-pointer -fstrict-aliasing -ffast-math -MT isl_schedule.lo -MD -MP -MF $depbase.Tpo -c -o isl_schedule.lo isl_schedule.c &&\
mv -f $depbase.Tpo $depbase.Plo
libtool: compile:  gcc -DHAVE_CONFIG_H -I. -I. -I./include -Iinclude/ -O2 -mabi=lp64d -march=rv64gc -O3 -fomit-frame-pointer -fstrict-aliasing -ffast-math -MT isl_scan.lo -MD -MP -MF .deps/isl_scan.Tpo -c isl_scan.c  -fPIC -DPIC -o .libs/isl_scan.o
libtool: compile:  gcc -DHAVE_CONFIG_H -I. -I. -I./include -Iinclude/ -O2 -mabi=lp64d -march=rv64gc -O3 -fomit-frame-pointer -fstrict-aliasing -ffast-math -MT isl_schedule.lo -MD -MP -MF .deps/isl_schedule.Tpo -c isl_schedule.c  -fPIC -DPIC -o .libs/isl_schedule.o
depbase=`echo isl_schedule_band.lo | sed 's|[^/]*$|.deps/&|;s|\.lo$||'`;\
/bin/sh ./libtool  --tag=CC   --mode=compile gcc -DHAVE_CONFIG_H   -I. -I. -I./include -Iinclude/   -O2 -mabi=lp64d -march=rv64gc -O3 -fomit-frame-pointer -fstrict-aliasing -ffast-math -MT isl_schedule_band.lo -MD -MP -MF $depbase.Tpo -c -o isl_schedule_band.lo isl_schedule_band.c &&\
mv -f $depbase.Tpo $depbase.Plo
libtool: compile:  gcc -DHAVE_CONFIG_H -I. -I. -I./include -Iinclude/ -O2 -mabi=lp64d -march=rv64gc -O3 -fomit-frame-pointer -fstrict-aliasing -ffast-math -MT isl_schedule_band.lo -MD -MP -MF .deps/isl_schedule_band.Tpo -c isl_schedule_band.c  -fPIC -DPIC -o .libs/isl_schedule_band.o
depbase=`echo isl_schedule_node.lo | sed 's|[^/]*$|.deps/&|;s|\.lo$||'`;\
/bin/sh ./libtool  --tag=CC   --mode=compile gcc -DHAVE_CONFIG_H   -I. -I. -I./include -Iinclude/   -O2 -mabi=lp64d -march=rv64gc -O3 -fomit-frame-pointer -fstrict-aliasing -ffast-math -MT isl_schedule_node.lo -MD -MP -MF $depbase.Tpo -c -o isl_schedule_node.lo isl_schedule_node.c &&\
mv -f $depbase.Tpo $depbase.Plo
libtool: compile:  gcc -DHAVE_CONFIG_H -I. -I. -I./include -Iinclude/ -O2 -mabi=lp64d -march=rv64gc -O3 -fomit-frame-pointer -fstrict-aliasing -ffast-math -MT isl_schedule_node.lo -MD -MP -MF .deps/isl_schedule_node.Tpo -c isl_schedule_node.c  -fPIC -DPIC -o .libs/isl_schedule_node.o
depbase=`echo isl_schedule_read.lo | sed 's|[^/]*$|.deps/&|;s|\.lo$||'`;\
/bin/sh ./libtool  --tag=CC   --mode=compile gcc -DHAVE_CONFIG_H   -I. -I. -I./include -Iinclude/   -O2 -mabi=lp64d -march=rv64gc -O3 -fomit-frame-pointer -fstrict-aliasing -ffast-math -MT isl_schedule_read.lo -MD -MP -MF $depbase.Tpo -c -o isl_schedule_read.lo isl_schedule_read.c &&\
mv -f $depbase.Tpo $depbase.Plo
depbase=`echo isl_schedule_tree.lo | sed 's|[^/]*$|.deps/&|;s|\.lo$||'`;\
/bin/sh ./libtool  --tag=CC   --mode=compile gcc -DHAVE_CONFIG_H   -I. -I. -I./include -Iinclude/   -O2 -mabi=lp64d -march=rv64gc -O3 -fomit-frame-pointer -fstrict-aliasing -ffast-math -MT isl_schedule_tree.lo -MD -MP -MF $depbase.Tpo -c -o isl_schedule_tree.lo isl_schedule_tree.c &&\
mv -f $depbase.Tpo $depbase.Plo
depbase=`echo isl_schedule_constraints.lo | sed 's|[^/]*$|.deps/&|;s|\.lo$||'`;\
/bin/sh ./libtool  --tag=CC   --mode=compile gcc -DHAVE_CONFIG_H   -I. -I. -I./include -Iinclude/   -O2 -mabi=lp64d -march=rv64gc -O3 -fomit-frame-pointer -fstrict-aliasing -ffast-math -MT isl_schedule_constraints.lo -MD -MP -MF $depbase.Tpo -c -o isl_schedule_constraints.lo isl_schedule_constraints.c &&\
mv -f $depbase.Tpo $depbase.Plo
libtool: compile:  gcc -DHAVE_CONFIG_H -I. -I. -I./include -Iinclude/ -O2 -mabi=lp64d -march=rv64gc -O3 -fomit-frame-pointer -fstrict-aliasing -ffast-math -MT isl_schedule_read.lo -MD -MP -MF .deps/isl_schedule_read.Tpo -c isl_schedule_read.c  -fPIC -DPIC -o .libs/isl_schedule_read.o
libtool: compile:  gcc -DHAVE_CONFIG_H -I. -I. -I./include -Iinclude/ -O2 -mabi=lp64d -march=rv64gc -O3 -fomit-frame-pointer -fstrict-aliasing -ffast-math -MT isl_schedule_tree.lo -MD -MP -MF .deps/isl_schedule_tree.Tpo -c isl_schedule_tree.c  -fPIC -DPIC -o .libs/isl_schedule_tree.o
libtool: compile:  gcc -DHAVE_CONFIG_H -I. -I. -I./include -Iinclude/ -O2 -mabi=lp64d -march=rv64gc -O3 -fomit-frame-pointer -fstrict-aliasing -ffast-math -MT isl_schedule_constraints.lo -MD -MP -MF .deps/isl_schedule_constraints.Tpo -c isl_schedule_constraints.c  -fPIC -DPIC -o .libs/isl_schedule_constraints.o
depbase=`echo isl_scheduler.lo | sed 's|[^/]*$|.deps/&|;s|\.lo$||'`;\
/bin/sh ./libtool  --tag=CC   --mode=compile gcc -DHAVE_CONFIG_H   -I. -I. -I./include -Iinclude/   -O2 -mabi=lp64d -march=rv64gc -O3 -fomit-frame-pointer -fstrict-aliasing -ffast-math -MT isl_scheduler.lo -MD -MP -MF $depbase.Tpo -c -o isl_scheduler.lo isl_scheduler.c &&\
mv -f $depbase.Tpo $depbase.Plo
libtool: compile:  gcc -DHAVE_CONFIG_H -I. -I. -I./include -Iinclude/ -O2 -mabi=lp64d -march=rv64gc -O3 -fomit-frame-pointer -fstrict-aliasing -ffast-math -MT isl_scheduler.lo -MD -MP -MF .deps/isl_scheduler.Tpo -c isl_scheduler.c  -fPIC -DPIC -o .libs/isl_scheduler.o
depbase=`echo isl_set_list.lo | sed 's|[^/]*$|.deps/&|;s|\.lo$||'`;\
/bin/sh ./libtool  --tag=CC   --mode=compile gcc -DHAVE_CONFIG_H   -I. -I. -I./include -Iinclude/   -O2 -mabi=lp64d -march=rv64gc -O3 -fomit-frame-pointer -fstrict-aliasing -ffast-math -MT isl_set_list.lo -MD -MP -MF $depbase.Tpo -c -o isl_set_list.lo isl_set_list.c &&\
mv -f $depbase.Tpo $depbase.Plo
libtool: compile:  gcc -DHAVE_CONFIG_H -I. -I. -I./include -Iinclude/ -O2 -mabi=lp64d -march=rv64gc -O3 -fomit-frame-pointer -fstrict-aliasing -ffast-math -MT isl_set_list.lo -MD -MP -MF .deps/isl_set_list.Tpo -c isl_set_list.c  -fPIC -DPIC -o .libs/isl_set_list.o
depbase=`echo isl_sort.lo | sed 's|[^/]*$|.deps/&|;s|\.lo$||'`;\
/bin/sh ./libtool  --tag=CC   --mode=compile gcc -DHAVE_CONFIG_H   -I. -I. -I./include -Iinclude/   -O2 -mabi=lp64d -march=rv64gc -O3 -fomit-frame-pointer -fstrict-aliasing -ffast-math -MT isl_sort.lo -MD -MP -MF $depbase.Tpo -c -o isl_sort.lo isl_sort.c &&\
mv -f $depbase.Tpo $depbase.Plo
libtool: compile:  gcc -DHAVE_CONFIG_H -I. -I. -I./include -Iinclude/ -O2 -mabi=lp64d -march=rv64gc -O3 -fomit-frame-pointer -fstrict-aliasing -ffast-math -MT isl_sort.lo -MD -MP -MF .deps/isl_sort.Tpo -c isl_sort.c  -fPIC -DPIC -o .libs/isl_sort.o
depbase=`echo isl_space.lo | sed 's|[^/]*$|.deps/&|;s|\.lo$||'`;\
/bin/sh ./libtool  --tag=CC   --mode=compile gcc -DHAVE_CONFIG_H   -I. -I. -I./include -Iinclude/   -O2 -mabi=lp64d -march=rv64gc -O3 -fomit-frame-pointer -fstrict-aliasing -ffast-math -MT isl_space.lo -MD -MP -MF $depbase.Tpo -c -o isl_space.lo isl_space.c &&\
mv -f $depbase.Tpo $depbase.Plo
libtool: compile:  gcc -DHAVE_CONFIG_H -I. -I. -I./include -Iinclude/ -O2 -mabi=lp64d -march=rv64gc -O3 -fomit-frame-pointer -fstrict-aliasing -ffast-math -MT isl_space.lo -MD -MP -MF .deps/isl_space.Tpo -c isl_space.c  -fPIC -DPIC -o .libs/isl_space.o
depbase=`echo isl_stream.lo | sed 's|[^/]*$|.deps/&|;s|\.lo$||'`;\
/bin/sh ./libtool  --tag=CC   --mode=compile gcc -DHAVE_CONFIG_H   -I. -I. -I./include -Iinclude/   -O2 -mabi=lp64d -march=rv64gc -O3 -fomit-frame-pointer -fstrict-aliasing -ffast-math -MT isl_stream.lo -MD -MP -MF $depbase.Tpo -c -o isl_stream.lo isl_stream.c &&\
mv -f $depbase.Tpo $depbase.Plo
depbase=`echo isl_seq.lo | sed 's|[^/]*$|.deps/&|;s|\.lo$||'`;\
/bin/sh ./libtool  --tag=CC   --mode=compile gcc -DHAVE_CONFIG_H   -I. -I. -I./include -Iinclude/   -O2 -mabi=lp64d -march=rv64gc -O3 -fomit-frame-pointer -fstrict-aliasing -ffast-math -MT isl_seq.lo -MD -MP -MF $depbase.Tpo -c -o isl_seq.lo isl_seq.c &&\
mv -f $depbase.Tpo $depbase.Plo
libtool: compile:  gcc -DHAVE_CONFIG_H -I. -I. -I./include -Iinclude/ -O2 -mabi=lp64d -march=rv64gc -O3 -fomit-frame-pointer -fstrict-aliasing -ffast-math -MT isl_stream.lo -MD -MP -MF .deps/isl_stream.Tpo -c isl_stream.c  -fPIC -DPIC -o .libs/isl_stream.o
libtool: compile:  gcc -DHAVE_CONFIG_H -I. -I. -I./include -Iinclude/ -O2 -mabi=lp64d -march=rv64gc -O3 -fomit-frame-pointer -fstrict-aliasing -ffast-math -MT isl_seq.lo -MD -MP -MF .deps/isl_seq.Tpo -c isl_seq.c  -fPIC -DPIC -o .libs/isl_seq.o
depbase=`echo isl_set_to_ast_graft_list.lo | sed 's|[^/]*$|.deps/&|;s|\.lo$||'`;\
/bin/sh ./libtool  --tag=CC   --mode=compile gcc -DHAVE_CONFIG_H   -I. -I. -I./include -Iinclude/   -O2 -mabi=lp64d -march=rv64gc -O3 -fomit-frame-pointer -fstrict-aliasing -ffast-math -MT isl_set_to_ast_graft_list.lo -MD -MP -MF $depbase.Tpo -c -o isl_set_to_ast_graft_list.lo isl_set_to_ast_graft_list.c &&\
mv -f $depbase.Tpo $depbase.Plo
libtool: compile:  gcc -DHAVE_CONFIG_H -I. -I. -I./include -Iinclude/ -O2 -mabi=lp64d -march=rv64gc -O3 -fomit-frame-pointer -fstrict-aliasing -ffast-math -MT isl_set_to_ast_graft_list.lo -MD -MP -MF .deps/isl_set_to_ast_graft_list.Tpo -c isl_set_to_ast_graft_list.c  -fPIC -DPIC -o .libs/isl_set_to_ast_graft_list.o
depbase=`echo isl_stride.lo | sed 's|[^/]*$|.deps/&|;s|\.lo$||'`;\
/bin/sh ./libtool  --tag=CC   --mode=compile gcc -DHAVE_CONFIG_H   -I. -I. -I./include -Iinclude/   -O2 -mabi=lp64d -march=rv64gc -O3 -fomit-frame-pointer -fstrict-aliasing -ffast-math -MT isl_stride.lo -MD -MP -MF $depbase.Tpo -c -o isl_stride.lo isl_stride.c &&\
mv -f $depbase.Tpo $depbase.Plo
depbase=`echo isl_tab.lo | sed 's|[^/]*$|.deps/&|;s|\.lo$||'`;\
/bin/sh ./libtool  --tag=CC   --mode=compile gcc -DHAVE_CONFIG_H   -I. -I. -I./include -Iinclude/   -O2 -mabi=lp64d -march=rv64gc -O3 -fomit-frame-pointer -fstrict-aliasing -ffast-math -MT isl_tab.lo -MD -MP -MF $depbase.Tpo -c -o isl_tab.lo isl_tab.c &&\
mv -f $depbase.Tpo $depbase.Plo
libtool: compile:  gcc -DHAVE_CONFIG_H -I. -I. -I./include -Iinclude/ -O2 -mabi=lp64d -march=rv64gc -O3 -fomit-frame-pointer -fstrict-aliasing -ffast-math -MT isl_stride.lo -MD -MP -MF .deps/isl_stride.Tpo -c isl_stride.c  -fPIC -DPIC -o .libs/isl_stride.o
libtool: compile:  gcc -DHAVE_CONFIG_H -I. -I. -I./include -Iinclude/ -O2 -mabi=lp64d -march=rv64gc -O3 -fomit-frame-pointer -fstrict-aliasing -ffast-math -MT isl_tab.lo -MD -MP -MF .deps/isl_tab.Tpo -c isl_tab.c  -fPIC -DPIC -o .libs/isl_tab.o
depbase=`echo isl_tab_pip.lo | sed 's|[^/]*$|.deps/&|;s|\.lo$||'`;\
/bin/sh ./libtool  --tag=CC   --mode=compile gcc -DHAVE_CONFIG_H   -I. -I. -I./include -Iinclude/   -O2 -mabi=lp64d -march=rv64gc -O3 -fomit-frame-pointer -fstrict-aliasing -ffast-math -MT isl_tab_pip.lo -MD -MP -MF $depbase.Tpo -c -o isl_tab_pip.lo isl_tab_pip.c &&\
mv -f $depbase.Tpo $depbase.Plo
libtool: compile:  gcc -DHAVE_CONFIG_H -I. -I. -I./include -Iinclude/ -O2 -mabi=lp64d -march=rv64gc -O3 -fomit-frame-pointer -fstrict-aliasing -ffast-math -MT isl_tab_pip.lo -MD -MP -MF .deps/isl_tab_pip.Tpo -c isl_tab_pip.c  -fPIC -DPIC -o .libs/isl_tab_pip.o
depbase=`echo isl_tarjan.lo | sed 's|[^/]*$|.deps/&|;s|\.lo$||'`;\
/bin/sh ./libtool  --tag=CC   --mode=compile gcc -DHAVE_CONFIG_H   -I. -I. -I./include -Iinclude/   -O2 -mabi=lp64d -march=rv64gc -O3 -fomit-frame-pointer -fstrict-aliasing -ffast-math -MT isl_tarjan.lo -MD -MP -MF $depbase.Tpo -c -o isl_tarjan.lo isl_tarjan.c &&\
mv -f $depbase.Tpo $depbase.Plo
depbase=`echo isl_transitive_closure.lo | sed 's|[^/]*$|.deps/&|;s|\.lo$||'`;\
/bin/sh ./libtool  --tag=CC   --mode=compile gcc -DHAVE_CONFIG_H   -I. -I. -I./include -Iinclude/   -O2 -mabi=lp64d -march=rv64gc -O3 -fomit-frame-pointer -fstrict-aliasing -ffast-math -MT isl_transitive_closure.lo -MD -MP -MF $depbase.Tpo -c -o isl_transitive_closure.lo isl_transitive_closure.c &&\
mv -f $depbase.Tpo $depbase.Plo
depbase=`echo isl_union_map.lo | sed 's|[^/]*$|.deps/&|;s|\.lo$||'`;\
/bin/sh ./libtool  --tag=CC   --mode=compile gcc -DHAVE_CONFIG_H   -I. -I. -I./include -Iinclude/   -O2 -mabi=lp64d -march=rv64gc -O3 -fomit-frame-pointer -fstrict-aliasing -ffast-math -MT isl_union_map.lo -MD -MP -MF $depbase.Tpo -c -o isl_union_map.lo isl_union_map.c &&\
mv -f $depbase.Tpo $depbase.Plo
libtool: compile:  gcc -DHAVE_CONFIG_H -I. -I. -I./include -Iinclude/ -O2 -mabi=lp64d -march=rv64gc -O3 -fomit-frame-pointer -fstrict-aliasing -ffast-math -MT isl_tarjan.lo -MD -MP -MF .deps/isl_tarjan.Tpo -c isl_tarjan.c  -fPIC -DPIC -o .libs/isl_tarjan.o
libtool: compile:  gcc -DHAVE_CONFIG_H -I. -I. -I./include -Iinclude/ -O2 -mabi=lp64d -march=rv64gc -O3 -fomit-frame-pointer -fstrict-aliasing -ffast-math -MT isl_transitive_closure.lo -MD -MP -MF .deps/isl_transitive_closure.Tpo -c isl_transitive_closure.c  -fPIC -DPIC -o .libs/isl_transitive_closure.o
libtool: compile:  gcc -DHAVE_CONFIG_H -I. -I. -I./include -Iinclude/ -O2 -mabi=lp64d -march=rv64gc -O3 -fomit-frame-pointer -fstrict-aliasing -ffast-math -MT isl_union_map.lo -MD -MP -MF .deps/isl_union_map.Tpo -c isl_union_map.c  -fPIC -DPIC -o .libs/isl_union_map.o
depbase=`echo isl_val.lo | sed 's|[^/]*$|.deps/&|;s|\.lo$||'`;\
/bin/sh ./libtool  --tag=CC   --mode=compile gcc -DHAVE_CONFIG_H   -I. -I. -I./include -Iinclude/   -O2 -mabi=lp64d -march=rv64gc -O3 -fomit-frame-pointer -fstrict-aliasing -ffast-math -MT isl_val.lo -MD -MP -MF $depbase.Tpo -c -o isl_val.lo isl_val.c &&\
mv -f $depbase.Tpo $depbase.Plo
libtool: compile:  gcc -DHAVE_CONFIG_H -I. -I. -I./include -Iinclude/ -O2 -mabi=lp64d -march=rv64gc -O3 -fomit-frame-pointer -fstrict-aliasing -ffast-math -MT isl_val.lo -MD -MP -MF .deps/isl_val.Tpo -c isl_val.c  -fPIC -DPIC -o .libs/isl_val.o
depbase=`echo isl_vec.lo | sed 's|[^/]*$|.deps/&|;s|\.lo$||'`;\
/bin/sh ./libtool  --tag=CC   --mode=compile gcc -DHAVE_CONFIG_H   -I. -I. -I./include -Iinclude/   -O2 -mabi=lp64d -march=rv64gc -O3 -fomit-frame-pointer -fstrict-aliasing -ffast-math -MT isl_vec.lo -MD -MP -MF $depbase.Tpo -c -o isl_vec.lo isl_vec.c &&\
mv -f $depbase.Tpo $depbase.Plo
libtool: compile:  gcc -DHAVE_CONFIG_H -I. -I. -I./include -Iinclude/ -O2 -mabi=lp64d -march=rv64gc -O3 -fomit-frame-pointer -fstrict-aliasing -ffast-math -MT isl_vec.lo -MD -MP -MF .deps/isl_vec.Tpo -c isl_vec.c  -fPIC -DPIC -o .libs/isl_vec.o
depbase=`echo isl_version.lo | sed 's|[^/]*$|.deps/&|;s|\.lo$||'`;\
/bin/sh ./libtool  --tag=CC   --mode=compile gcc -DHAVE_CONFIG_H   -I. -I. -I./include -Iinclude/   -O2 -mabi=lp64d -march=rv64gc -O3 -fomit-frame-pointer -fstrict-aliasing -ffast-math -MT isl_version.lo -MD -MP -MF $depbase.Tpo -c -o isl_version.lo isl_version.c &&\
mv -f $depbase.Tpo $depbase.Plo
libtool: compile:  gcc -DHAVE_CONFIG_H -I. -I. -I./include -Iinclude/ -O2 -mabi=lp64d -march=rv64gc -O3 -fomit-frame-pointer -fstrict-aliasing -ffast-math -MT isl_version.lo -MD -MP -MF .deps/isl_version.Tpo -c isl_version.c  -fPIC -DPIC -o .libs/isl_version.o
depbase=`echo isl_vertices.lo | sed 's|[^/]*$|.deps/&|;s|\.lo$||'`;\
/bin/sh ./libtool  --tag=CC   --mode=compile gcc -DHAVE_CONFIG_H   -I. -I. -I./include -Iinclude/   -O2 -mabi=lp64d -march=rv64gc -O3 -fomit-frame-pointer -fstrict-aliasing -ffast-math -MT isl_vertices.lo -MD -MP -MF $depbase.Tpo -c -o isl_vertices.lo isl_vertices.c &&\
mv -f $depbase.Tpo $depbase.Plo
libtool: compile:  gcc -DHAVE_CONFIG_H -I. -I. -I./include -Iinclude/ -O2 -mabi=lp64d -march=rv64gc -O3 -fomit-frame-pointer -fstrict-aliasing -ffast-math -MT isl_vertices.lo -MD -MP -MF .deps/isl_vertices.Tpo -c isl_vertices.c  -fPIC -DPIC -o .libs/isl_vertices.o
depbase=`echo polyhedron_sample.o | sed 's|[^/]*$|.deps/&|;s|\.o$||'`;\
gcc -DHAVE_CONFIG_H   -I. -I. -I./include -Iinclude/   -O2 -mabi=lp64d -march=rv64gc -O3 -fomit-frame-pointer -fstrict-aliasing -ffast-math -MT polyhedron_sample.o -MD -MP -MF $depbase.Tpo -c -o polyhedron_sample.o polyhedron_sample.c &&\
mv -f $depbase.Tpo $depbase.Po
depbase=`echo pip.o | sed 's|[^/]*$|.deps/&|;s|\.o$||'`;\
gcc -DHAVE_CONFIG_H   -I. -I. -I./include -Iinclude/   -O2 -mabi=lp64d -march=rv64gc -O3 -fomit-frame-pointer -fstrict-aliasing -ffast-math -MT pip.o -MD -MP -MF $depbase.Tpo -c -o pip.o pip.c &&\
mv -f $depbase.Tpo $depbase.Po
depbase=`echo polyhedron_minimize.o | sed 's|[^/]*$|.deps/&|;s|\.o$||'`;\
gcc -DHAVE_CONFIG_H   -I. -I. -I./include -Iinclude/   -O2 -mabi=lp64d -march=rv64gc -O3 -fomit-frame-pointer -fstrict-aliasing -ffast-math -MT polyhedron_minimize.o -MD -MP -MF $depbase.Tpo -c -o polyhedron_minimize.o polyhedron_minimize.c &&\
mv -f $depbase.Tpo $depbase.Po
depbase=`echo polytope_scan.o | sed 's|[^/]*$|.deps/&|;s|\.o$||'`;\
gcc -DHAVE_CONFIG_H   -I. -I. -I./include -Iinclude/   -O2 -mabi=lp64d -march=rv64gc -O3 -fomit-frame-pointer -fstrict-aliasing -ffast-math -MT polytope_scan.o -MD -MP -MF $depbase.Tpo -c -o polytope_scan.o polytope_scan.c &&\
mv -f $depbase.Tpo $depbase.Po
depbase=`echo polyhedron_detect_equalities.o | sed 's|[^/]*$|.deps/&|;s|\.o$||'`;\
gcc -DHAVE_CONFIG_H   -I. -I. -I./include -Iinclude/   -O2 -mabi=lp64d -march=rv64gc -O3 -fomit-frame-pointer -fstrict-aliasing -ffast-math -MT polyhedron_detect_equalities.o -MD -MP -MF $depbase.Tpo -c -o polyhedron_detect_equalities.o polyhedron_detect_equalities.c &&\
mv -f $depbase.Tpo $depbase.Po
depbase=`echo cat.o | sed 's|[^/]*$|.deps/&|;s|\.o$||'`;\
gcc -DHAVE_CONFIG_H   -I. -I. -I./include -Iinclude/   -O2 -mabi=lp64d -march=rv64gc -O3 -fomit-frame-pointer -fstrict-aliasing -ffast-math -MT cat.o -MD -MP -MF $depbase.Tpo -c -o cat.o cat.c &&\
mv -f $depbase.Tpo $depbase.Po
depbase=`echo closure.o | sed 's|[^/]*$|.deps/&|;s|\.o$||'`;\
gcc -DHAVE_CONFIG_H   -I. -I. -I./include -Iinclude/   -O2 -mabi=lp64d -march=rv64gc -O3 -fomit-frame-pointer -fstrict-aliasing -ffast-math -MT closure.o -MD -MP -MF $depbase.Tpo -c -o closure.o closure.c &&\
mv -f $depbase.Tpo $depbase.Po
depbase=`echo bound.o | sed 's|[^/]*$|.deps/&|;s|\.o$||'`;\
gcc -DHAVE_CONFIG_H   -I. -I. -I./include -Iinclude/   -O2 -mabi=lp64d -march=rv64gc -O3 -fomit-frame-pointer -fstrict-aliasing -ffast-math -MT bound.o -MD -MP -MF $depbase.Tpo -c -o bound.o bound.c &&\
mv -f $depbase.Tpo $depbase.Po
depbase=`echo schedule.o | sed 's|[^/]*$|.deps/&|;s|\.o$||'`;\
gcc -DHAVE_CONFIG_H   -I. -I. -I./include -Iinclude/   -O2 -mabi=lp64d -march=rv64gc -O3 -fomit-frame-pointer -fstrict-aliasing -ffast-math -MT schedule.o -MD -MP -MF $depbase.Tpo -c -o schedule.o schedule.c &&\
mv -f $depbase.Tpo $depbase.Po
depbase=`echo codegen.o | sed 's|[^/]*$|.deps/&|;s|\.o$||'`;\
gcc -DHAVE_CONFIG_H   -I. -I. -I./include -Iinclude/   -O2 -mabi=lp64d -march=rv64gc -O3 -fomit-frame-pointer -fstrict-aliasing -ffast-math -MT codegen.o -MD -MP -MF $depbase.Tpo -c -o codegen.o codegen.c &&\
mv -f $depbase.Tpo $depbase.Po
depbase=`echo isl_test_int.o | sed 's|[^/]*$|.deps/&|;s|\.o$||'`;\
gcc -DHAVE_CONFIG_H   -I. -I. -I./include -Iinclude/   -O2 -mabi=lp64d -march=rv64gc -O3 -fomit-frame-pointer -fstrict-aliasing -ffast-math -MT isl_test_int.o -MD -MP -MF $depbase.Tpo -c -o isl_test_int.o isl_test_int.c &&\
mv -f $depbase.Tpo $depbase.Po
depbase=`echo flow.o | sed 's|[^/]*$|.deps/&|;s|\.o$||'`;\
gcc -DHAVE_CONFIG_H   -I. -I. -I./include -Iinclude/   -O2 -mabi=lp64d -march=rv64gc -O3 -fomit-frame-pointer -fstrict-aliasing -ffast-math -MT flow.o -MD -MP -MF $depbase.Tpo -c -o flow.o flow.c &&\
mv -f $depbase.Tpo $depbase.Po
depbase=`echo flow_cmp.o | sed 's|[^/]*$|.deps/&|;s|\.o$||'`;\
gcc -DHAVE_CONFIG_H   -I. -I. -I./include -Iinclude/   -O2 -mabi=lp64d -march=rv64gc -O3 -fomit-frame-pointer -fstrict-aliasing -ffast-math -MT flow_cmp.o -MD -MP -MF $depbase.Tpo -c -o flow_cmp.o flow_cmp.c &&\
mv -f $depbase.Tpo $depbase.Po
depbase=`echo schedule_cmp.o | sed 's|[^/]*$|.deps/&|;s|\.o$||'`;\
gcc -DHAVE_CONFIG_H   -I. -I. -I./include -Iinclude/   -O2 -mabi=lp64d -march=rv64gc -O3 -fomit-frame-pointer -fstrict-aliasing -ffast-math -MT schedule_cmp.o -MD -MP -MF $depbase.Tpo -c -o schedule_cmp.o schedule_cmp.c &&\
mv -f $depbase.Tpo $depbase.Po
g++ -DHAVE_CONFIG_H   -I. -I. -I./include -Iinclude/  -UCOMPILE_ERROR   -O2 -mabi=lp64d -march=rv64gc -MT isl_test_cpp-isl_test_cpp.o -MD -MP -MF .deps/isl_test_cpp-isl_test_cpp.Tpo -c -o isl_test_cpp-isl_test_cpp.o `test -f 'isl_test_cpp.cc' || echo './'`isl_test_cpp.cc
depbase=`echo dep.o | sed 's|[^/]*$|.deps/&|;s|\.o$||'`;\
gcc -DHAVE_CONFIG_H   -I. -I. -I./include -Iinclude/   -O2 -mabi=lp64d -march=rv64gc -O3 -fomit-frame-pointer -fstrict-aliasing -ffast-math -MT dep.o -MD -MP -MF $depbase.Tpo -c -o dep.o dep.c &&\
mv -f $depbase.Tpo $depbase.Po
rm -f libdep.a
ar cru libdep.a dep.o 
/usr/bin/ar: `u' modifier ignored since `D' is the default (see `U')
ranlib libdep.a
/bin/sh ./libtool  --tag=CC   --mode=link gcc -O2 -mabi=lp64d -march=rv64gc -O3 -fomit-frame-pointer -fstrict-aliasing -ffast-math -version-info 24:0:1   -o libisl.la -rpath /usr/lib  isl_gmp.lo isl_val_gmp.lo isl_aff.lo isl_aff_map.lo isl_affine_hull.lo isl_arg.lo isl_ast.lo isl_ast_build.lo isl_ast_build_expr.lo isl_ast_codegen.lo isl_ast_graft.lo basis_reduction_tab.lo isl_bernstein.lo isl_blk.lo isl_bound.lo isl_box.lo isl_coalesce.lo isl_constraint.lo isl_convex_hull.lo isl_ctx.lo isl_deprecated.lo isl_dim_map.lo isl_equalities.lo isl_factorization.lo isl_farkas.lo isl_ffs.lo isl_flow.lo isl_fold.lo isl_hash.lo isl_id_to_ast_expr.lo isl_id_to_id.lo isl_id_to_pw_aff.lo isl_ilp.lo isl_input.lo isl_local.lo isl_local_space.lo isl_lp.lo isl_map.lo isl_map_list.lo isl_map_simplify.lo isl_map_subtract.lo isl_map_to_basic_set.lo isl_mat.lo isl_morph.lo isl_id.lo isl_obj.lo isl_options.lo isl_output.lo isl_point.lo isl_polynomial.lo isl_printer.lo print.lo isl_range.lo isl_reordering.lo isl_sample.lo isl_scan.lo isl_schedule.lo isl_schedule_band.lo isl_schedule_node.lo isl_schedule_read.lo isl_schedule_tree.lo isl_schedule_constraints.lo isl_scheduler.lo isl_set_list.lo isl_sort.lo isl_space.lo isl_stream.lo isl_seq.lo isl_set_to_ast_graft_list.lo isl_stride.lo isl_tab.lo isl_tab_pip.lo isl_tarjan.lo isl_transitive_closure.lo isl_union_map.lo isl_val.lo isl_vec.lo isl_version.lo isl_vertices.lo -lgmp 
libtool: link: gcc -shared  -fPIC -DPIC  .libs/isl_gmp.o .libs/isl_val_gmp.o .libs/isl_aff.o .libs/isl_aff_map.o .libs/isl_affine_hull.o .libs/isl_arg.o .libs/isl_ast.o .libs/isl_ast_build.o .libs/isl_ast_build_expr.o .libs/isl_ast_codegen.o .libs/isl_ast_graft.o .libs/basis_reduction_tab.o .libs/isl_bernstein.o .libs/isl_blk.o .libs/isl_bound.o .libs/isl_box.o .libs/isl_coalesce.o .libs/isl_constraint.o .libs/isl_convex_hull.o .libs/isl_ctx.o .libs/isl_deprecated.o .libs/isl_dim_map.o .libs/isl_equalities.o .libs/isl_factorization.o .libs/isl_farkas.o .libs/isl_ffs.o .libs/isl_flow.o .libs/isl_fold.o .libs/isl_hash.o .libs/isl_id_to_ast_expr.o .libs/isl_id_to_id.o .libs/isl_id_to_pw_aff.o .libs/isl_ilp.o .libs/isl_input.o .libs/isl_local.o .libs/isl_local_space.o .libs/isl_lp.o .libs/isl_map.o .libs/isl_map_list.o .libs/isl_map_simplify.o .libs/isl_map_subtract.o .libs/isl_map_to_basic_set.o .libs/isl_mat.o .libs/isl_morph.o .libs/isl_id.o .libs/isl_obj.o .libs/isl_options.o .libs/isl_output.o .libs/isl_point.o .libs/isl_polynomial.o .libs/isl_printer.o .libs/print.o .libs/isl_range.o .libs/isl_reordering.o .libs/isl_sample.o .libs/isl_scan.o .libs/isl_schedule.o .libs/isl_schedule_band.o .libs/isl_schedule_node.o .libs/isl_schedule_read.o .libs/isl_schedule_tree.o .libs/isl_schedule_constraints.o .libs/isl_scheduler.o .libs/isl_set_list.o .libs/isl_sort.o .libs/isl_space.o .libs/isl_stream.o .libs/isl_seq.o .libs/isl_set_to_ast_graft_list.o .libs/isl_stride.o .libs/isl_tab.o .libs/isl_tab_pip.o .libs/isl_tarjan.o .libs/isl_transitive_closure.o .libs/isl_union_map.o .libs/isl_val.o .libs/isl_vec.o .libs/isl_version.o .libs/isl_vertices.o   -lgmp  -O2 -mabi=lp64d -march=rv64gc -O3   -Wl,-soname -Wl,libisl.so.23 -o .libs/libisl.so.23.1.0
libtool: link: (cd ".libs" && rm -f "libisl.so.23" && ln -s "libisl.so.23.1.0" "libisl.so.23")
libtool: link: (cd ".libs" && rm -f "libisl.so" && ln -s "libisl.so.23.1.0" "libisl.so")
libtool: link: ( cd ".libs" && rm -f "libisl.la" && ln -s "../libisl.la" "libisl.la" )
/bin/sh ./libtool  --tag=CC   --mode=link gcc -O2 -mabi=lp64d -march=rv64gc -O3 -fomit-frame-pointer -fstrict-aliasing -ffast-math   -o isl_test isl_test.o libisl.la -lgmp 
/bin/sh ./libtool  --tag=CC   --mode=link gcc -O2 -mabi=lp64d -march=rv64gc -O3 -fomit-frame-pointer -fstrict-aliasing -ffast-math   -o isl_polyhedron_sample polyhedron_sample.o libisl.la 
/bin/sh ./libtool  --tag=CC   --mode=link gcc -O2 -mabi=lp64d -march=rv64gc -O3 -fomit-frame-pointer -fstrict-aliasing -ffast-math   -o isl_pip pip.o libisl.la -lgmp 
/bin/sh ./libtool  --tag=CC   --mode=link gcc -O2 -mabi=lp64d -march=rv64gc -O3 -fomit-frame-pointer -fstrict-aliasing -ffast-math   -o isl_polyhedron_minimize polyhedron_minimize.o libisl.la -lgmp 
/bin/sh ./libtool  --tag=CC   --mode=link gcc -O2 -mabi=lp64d -march=rv64gc -O3 -fomit-frame-pointer -fstrict-aliasing -ffast-math   -o isl_polyhedron_detect_equalities polyhedron_detect_equalities.o libisl.la 
/bin/sh ./libtool  --tag=CC   --mode=link gcc -O2 -mabi=lp64d -march=rv64gc -O3 -fomit-frame-pointer -fstrict-aliasing -ffast-math   -o isl_polytope_scan polytope_scan.o libisl.la 
/bin/sh ./libtool  --tag=CC   --mode=link gcc -O2 -mabi=lp64d -march=rv64gc -O3 -fomit-frame-pointer -fstrict-aliasing -ffast-math   -o isl_cat cat.o libisl.la 
libtool: link: gcc -O2 -mabi=lp64d -march=rv64gc -O3 -fomit-frame-pointer -fstrict-aliasing -ffast-math -o .libs/isl_test isl_test.o  ./.libs/libisl.so -lgmp
libtool: link: gcc -O2 -mabi=lp64d -march=rv64gc -O3 -fomit-frame-pointer -fstrict-aliasing -ffast-math -o .libs/isl_polyhedron_sample polyhedron_sample.o  ./.libs/libisl.so
libtool: link: gcc -O2 -mabi=lp64d -march=rv64gc -O3 -fomit-frame-pointer -fstrict-aliasing -ffast-math -o .libs/isl_cat cat.o  ./.libs/libisl.so
libtool: link: gcc -O2 -mabi=lp64d -march=rv64gc -O3 -fomit-frame-pointer -fstrict-aliasing -ffast-math -o .libs/isl_polyhedron_detect_equalities polyhedron_detect_equalities.o  ./.libs/libisl.so
libtool: link: gcc -O2 -mabi=lp64d -march=rv64gc -O3 -fomit-frame-pointer -fstrict-aliasing -ffast-math -o .libs/isl_pip pip.o  ./.libs/libisl.so -lgmp
libtool: link: gcc -O2 -mabi=lp64d -march=rv64gc -O3 -fomit-frame-pointer -fstrict-aliasing -ffast-math -o .libs/isl_polyhedron_minimize polyhedron_minimize.o  ./.libs/libisl.so -lgmp
libtool: link: gcc -O2 -mabi=lp64d -march=rv64gc -O3 -fomit-frame-pointer -fstrict-aliasing -ffast-math -o .libs/isl_polytope_scan polytope_scan.o  ./.libs/libisl.so
/bin/sh ./libtool  --tag=CC   --mode=link gcc -O2 -mabi=lp64d -march=rv64gc -O3 -fomit-frame-pointer -fstrict-aliasing -ffast-math   -o isl_closure closure.o libisl.la 
/bin/sh ./libtool  --tag=CC   --mode=link gcc -O2 -mabi=lp64d -march=rv64gc -O3 -fomit-frame-pointer -fstrict-aliasing -ffast-math   -o isl_bound bound.o libisl.la -lgmp 
/bin/sh ./libtool  --tag=CC   --mode=link gcc -O2 -mabi=lp64d -march=rv64gc -O3 -fomit-frame-pointer -fstrict-aliasing -ffast-math   -o isl_schedule schedule.o libisl.la -lgmp 
/bin/sh ./libtool  --tag=CC   --mode=link gcc -O2 -mabi=lp64d -march=rv64gc -O3 -fomit-frame-pointer -fstrict-aliasing -ffast-math   -o isl_codegen codegen.o libisl.la -lgmp 
/bin/sh ./libtool  --tag=CC   --mode=link gcc -O2 -mabi=lp64d -march=rv64gc -O3 -fomit-frame-pointer -fstrict-aliasing -ffast-math   -o isl_test_int isl_test_int.o libisl.la -lgmp 
/bin/sh ./libtool  --tag=CC   --mode=link gcc -O2 -mabi=lp64d -march=rv64gc -O3 -fomit-frame-pointer -fstrict-aliasing -ffast-math   -o isl_flow flow.o libisl.la -lgmp 
/bin/sh ./libtool  --tag=CC   --mode=link gcc -O2 -mabi=lp64d -march=rv64gc -O3 -fomit-frame-pointer -fstrict-aliasing -ffast-math   -o isl_flow_cmp flow_cmp.o libisl.la -lgmp 
libtool: link: gcc -O2 -mabi=lp64d -march=rv64gc -O3 -fomit-frame-pointer -fstrict-aliasing -ffast-math -o .libs/isl_closure closure.o  ./.libs/libisl.so
libtool: link: gcc -O2 -mabi=lp64d -march=rv64gc -O3 -fomit-frame-pointer -fstrict-aliasing -ffast-math -o .libs/isl_schedule schedule.o  ./.libs/libisl.so -lgmp
libtool: link: gcc -O2 -mabi=lp64d -march=rv64gc -O3 -fomit-frame-pointer -fstrict-aliasing -ffast-math -o .libs/isl_bound bound.o  ./.libs/libisl.so -lgmp
libtool: link: gcc -O2 -mabi=lp64d -march=rv64gc -O3 -fomit-frame-pointer -fstrict-aliasing -ffast-math -o .libs/isl_codegen codegen.o  ./.libs/libisl.so -lgmp
libtool: link: gcc -O2 -mabi=lp64d -march=rv64gc -O3 -fomit-frame-pointer -fstrict-aliasing -ffast-math -o .libs/isl_flow flow.o  ./.libs/libisl.so -lgmp
libtool: link: gcc -O2 -mabi=lp64d -march=rv64gc -O3 -fomit-frame-pointer -fstrict-aliasing -ffast-math -o .libs/isl_test_int isl_test_int.o  ./.libs/libisl.so -lgmp
libtool: link: gcc -O2 -mabi=lp64d -march=rv64gc -O3 -fomit-frame-pointer -fstrict-aliasing -ffast-math -o .libs/isl_flow_cmp flow_cmp.o  ./.libs/libisl.so -lgmp
/bin/sh ./libtool  --tag=CC   --mode=link gcc -O2 -mabi=lp64d -march=rv64gc -O3 -fomit-frame-pointer -fstrict-aliasing -ffast-math   -o isl_schedule_cmp schedule_cmp.o libisl.la -lgmp 
libtool: link: gcc -O2 -mabi=lp64d -march=rv64gc -O3 -fomit-frame-pointer -fstrict-aliasing -ffast-math -o .libs/isl_schedule_cmp schedule_cmp.o  ./.libs/libisl.so -lgmp
mv -f .deps/isl_test_cpp-isl_test_cpp.Tpo .deps/isl_test_cpp-isl_test_cpp.Po
/bin/sh ./libtool  --tag=CXX   --mode=link g++  -O2 -mabi=lp64d -march=rv64gc   -o isl_test_cpp isl_test_cpp-isl_test_cpp.o libisl.la -lgmp 
libtool: link: g++ -O2 -mabi=lp64d -march=rv64gc -o .libs/isl_test_cpp isl_test_cpp-isl_test_cpp.o  ./.libs/libisl.so -lgmp
make[2]: Leaving directory '/home/devel/building/work/src/isl-0.24'
Making all in doc
make[2]: Entering directory '/home/devel/building/work/src/isl-0.24/doc'
make[2]: Nothing to be done for 'all'.
make[2]: Leaving directory '/home/devel/building/work/src/isl-0.24/doc'
make[1]: Leaving directory '/home/devel/building/work/src/isl-0.24'
+ make DESTDIR=/home/devel/building/work/pkg install
/usr/bin/make  install-recursive
make[1]: Entering directory '/home/devel/building/work/src/isl-0.24'
Making install in .
make[2]: Entering directory '/home/devel/building/work/src/isl-0.24'
make[3]: Entering directory '/home/devel/building/work/src/isl-0.24'
 /bin/mkdir -p '/home/devel/building/work/pkg/usr/include/isl'
 /bin/mkdir -p '/home/devel/building/work/pkg/usr/lib/pkgconfig'
 /bin/mkdir -p '/home/devel/building/work/pkg/usr/include/isl'
 /bin/mkdir -p '/home/devel/building/work/pkg/usr/lib'
 /bin/sh ./libtool   --mode=install /usr/bin/install -c   libisl.la '/home/devel/building/work/pkg/usr/lib'
/usr/bin/install -c -m 644 ./libisl-gdb.py /home/devel/building/work/pkg/usr/lib/libisl.so.23.1.0-gdb.py
 /usr/bin/install -c -m 644 include/isl/stdint.h '/home/devel/building/work/pkg/usr/include/isl'
 /usr/bin/install -c -m 644 isl.pc '/home/devel/building/work/pkg/usr/lib/pkgconfig'
 /usr/bin/install -c -m 644 include/isl/cpp.h include/isl/typed_cpp.h include/isl/val_gmp.h include/isl/aff.h include/isl/aff_type.h include/isl/arg.h include/isl/ast.h include/isl/ast_type.h include/isl/ast_build.h include/isl/constraint.h include/isl/ctx.h include/isl/fixed_box.h include/isl/flow.h include/isl/id.h include/isl/id_type.h include/isl/id_to_ast_expr.h include/isl/id_to_id.h include/isl/id_to_pw_aff.h include/isl/ilp.h include/isl/hash.h include/isl/hmap.h include/isl/hmap_templ.c include/isl/list.h include/isl/local_space.h include/isl/lp.h include/isl/mat.h include/isl/map.h include/isl/map_to_basic_set.h include/isl/map_type.h include/isl/maybe.h include/isl/maybe_ast_expr.h include/isl/maybe_basic_set.h include/isl/maybe_id.h include/isl/maybe_pw_aff.h include/isl/maybe_templ.h include/isl/multi.h include/isl/obj.h include/isl/options.h include/isl/point.h include/isl/polynomial.h '/home/devel/building/work/pkg/usr/include/isl'
 /usr/bin/install -c -m 644 include/isl/polynomial_type.h include/isl/printer.h include/isl/printer_type.h include/isl/schedule.h include/isl/schedule_node.h include/isl/schedule_type.h include/isl/set.h include/isl/set_type.h include/isl/space.h include/isl/space_type.h include/isl/stream.h include/isl/stride_info.h include/isl/union_map.h include/isl/union_map_type.h include/isl/union_set.h include/isl/union_set_type.h include/isl/val.h include/isl/val_type.h include/isl/vec.h include/isl/version.h include/isl/vertices.h '/home/devel/building/work/pkg/usr/include/isl'
libtool: install: /usr/bin/install -c .libs/libisl.so.23.1.0 /home/devel/building/work/pkg/usr/lib/libisl.so.23.1.0
libtool: install: (cd /home/devel/building/work/pkg/usr/lib && { ln -s -f libisl.so.23.1.0 libisl.so.23 || { rm -f libisl.so.23 && ln -s libisl.so.23.1.0 libisl.so.23; }; })
libtool: install: (cd /home/devel/building/work/pkg/usr/lib && { ln -s -f libisl.so.23.1.0 libisl.so || { rm -f libisl.so && ln -s libisl.so.23.1.0 libisl.so; }; })
libtool: install: /usr/bin/install -c .libs/libisl.lai /home/devel/building/work/pkg/usr/lib/libisl.la
libtool: warning: remember to run 'libtool --finish /usr/lib'
make[3]: Leaving directory '/home/devel/building/work/src/isl-0.24'
make[2]: Leaving directory '/home/devel/building/work/src/isl-0.24'
Making install in doc
make[2]: Entering directory '/home/devel/building/work/src/isl-0.24/doc'
make[3]: Entering directory '/home/devel/building/work/src/isl-0.24/doc'
make[3]: Nothing to be done for 'install-exec-am'.
make[3]: Nothing to be done for 'install-data-am'.
make[3]: Leaving directory '/home/devel/building/work/src/isl-0.24/doc'
make[2]: Leaving directory '/home/devel/building/work/src/isl-0.24/doc'
make[1]: Leaving directory '/home/devel/building/work/src/isl-0.24'
+ install -d /home/devel/building/work/pkg/usr/share/gdb/auto-load/usr/lib
+ mv /home/devel/building/work/pkg/usr/lib/libisl.so.23.1.0-gdb.py /home/devel/building/work/pkg/usr/share/gdb/auto-load/usr/lib/
+ find /home/devel/building/work/pkg -type f -name '*.la' -delete
=======> Build result:
drwxr-xr-x  0 root   root        0 Feb 21 17:36 usr/
drwxr-xr-x  0 root   root        0 Feb 21 17:36 usr/share/
drwxr-xr-x  0 root   root        0 Feb 21 17:36 usr/lib/
drwxr-xr-x  0 root   root        0 Feb 21 17:36 usr/include/
drwxr-xr-x  0 root   root        0 Feb 21 17:36 usr/include/isl/
-rw-r--r--  0 root   root     1650 Feb 21 17:36 usr/include/isl/vertices.h
-rw-r--r--  0 root   root      165 Feb 21 17:36 usr/include/isl/version.h
-rw-r--r--  0 root   root     2774 Feb 21 17:36 usr/include/isl/vec.h
-rw-r--r--  0 root   root      337 Feb 21 17:36 usr/include/isl/val_type.h
-rw-r--r--  0 root   root     6184 Feb 21 17:36 usr/include/isl/val.h
-rw-r--r--  0 root   root       99 Feb 21 17:36 usr/include/isl/union_set_type.h
-rw-r--r--  0 root   root     7570 Feb 21 17:36 usr/include/isl/union_set.h
-rw-r--r--  0 root   root      454 Feb 21 17:36 usr/include/isl/union_map_type.h
-rw-r--r--  0 root   root    15168 Feb 21 17:36 usr/include/isl/union_map.h
-rw-r--r--  0 root   root      720 Feb 21 17:36 usr/include/isl/stride_info.h
-rw-r--r--  0 root   root     3595 Feb 21 17:36 usr/include/isl/stream.h
-rw-r--r--  0 root   root      365 Feb 21 17:36 usr/include/isl/space_type.h
-rw-r--r--  0 root   root     9096 Feb 21 17:36 usr/include/isl/space.h
-rw-r--r--  0 root   root       81 Feb 21 17:36 usr/include/isl/set_type.h
-rw-r--r--  0 root   root    25856 Feb 21 17:36 usr/include/isl/set.h
-rw-r--r--  0 root   root      674 Feb 21 17:36 usr/include/isl/schedule_type.h
-rw-r--r--  0 root   root    11755 Feb 21 17:36 usr/include/isl/schedule_node.h
-rw-r--r--  0 root   root     8185 Feb 21 17:36 usr/include/isl/schedule.h
-rw-r--r--  0 root   root      204 Feb 21 17:36 usr/include/isl/printer_type.h
-rw-r--r--  0 root   root     2980 Feb 21 17:36 usr/include/isl/printer.h
-rw-r--r--  0 root   root      907 Feb 21 17:36 usr/include/isl/polynomial_type.h
-rw-r--r--  0 root   root    37964 Feb 21 17:36 usr/include/isl/polynomial.h
-rw-r--r--  0 root   root     1527 Feb 21 17:36 usr/include/isl/point.h
-rw-r--r--  0 root   root     1572 Feb 21 17:36 usr/include/isl/options.h
-rw-r--r--  0 root   root     2047 Feb 21 17:36 usr/include/isl/obj.h
-rw-r--r--  0 root   root    11511 Feb 21 17:36 usr/include/isl/multi.h
-rw-r--r--  0 root   root      358 Feb 21 17:36 usr/include/isl/maybe_templ.h
-rw-r--r--  0 root   root      136 Feb 21 17:36 usr/include/isl/maybe_pw_aff.h
-rw-r--r--  0 root   root      124 Feb 21 17:36 usr/include/isl/maybe_id.h
-rw-r--r--  0 root   root      145 Feb 21 17:36 usr/include/isl/maybe_basic_set.h
-rw-r--r--  0 root   root      142 Feb 21 17:36 usr/include/isl/maybe_ast_expr.h
-rw-r--r--  0 root   root      135 Feb 21 17:36 usr/include/isl/maybe.h
-rw-r--r--  0 root   root      747 Feb 21 17:36 usr/include/isl/map_type.h
-rw-r--r--  0 root   root      383 Feb 21 17:36 usr/include/isl/map_to_basic_set.h
-rw-r--r--  0 root   root    33973 Feb 21 17:36 usr/include/isl/map.h
-rw-r--r--  0 root   root     4603 Feb 21 17:36 usr/include/isl/mat.h
-rw-r--r--  0 root   root      750 Feb 21 17:36 usr/include/isl/lp.h
-rw-r--r--  0 root   root     3565 Feb 21 17:36 usr/include/isl/local_space.h
-rw-r--r--  0 root   root     4507 Feb 21 17:36 usr/include/isl/list.h
-rw-r--r--  0 root   root     9745 Feb 21 17:36 usr/include/isl/hmap_templ.c
-rw-r--r--  0 root   root     1621 Feb 21 17:36 usr/include/isl/hmap.h
-rw-r--r--  0 root   root     2236 Feb 21 17:36 usr/include/isl/hash.h
-rw-r--r--  0 root   root     2033 Feb 21 17:36 usr/include/isl/ilp.h
-rw-r--r--  0 root   root      359 Feb 21 17:36 usr/include/isl/id_to_pw_aff.h
-rw-r--r--  0 root   root      309 Feb 21 17:36 usr/include/isl/id_to_id.h
-rw-r--r--  0 root   root      371 Feb 21 17:36 usr/include/isl/id_to_ast_expr.h
-rw-r--r--  0 root   root      328 Feb 21 17:36 usr/include/isl/id_type.h
-rw-r--r--  0 root   root     1450 Feb 21 17:36 usr/include/isl/id.h
-rw-r--r--  0 root   root     5735 Feb 21 17:36 usr/include/isl/flow.h
-rw-r--r--  0 root   root     1201 Feb 21 17:36 usr/include/isl/fixed_box.h
-rw-r--r--  0 root   root     8075 Feb 21 17:36 usr/include/isl/ctx.h
-rw-r--r--  0 root   root     5998 Feb 21 17:36 usr/include/isl/constraint.h
-rw-r--r--  0 root   root     5099 Feb 21 17:36 usr/include/isl/ast_build.h
-rw-r--r--  0 root   root     2984 Feb 21 17:36 usr/include/isl/ast_type.h
-rw-r--r--  0 root   root    10349 Feb 21 17:36 usr/include/isl/ast.h
-rw-r--r--  0 root   root     8506 Feb 21 17:36 usr/include/isl/arg.h
-rw-r--r--  0 root   root     1401 Feb 21 17:36 usr/include/isl/aff_type.h
-rw-r--r--  0 root   root    60408 Feb 21 17:36 usr/include/isl/aff.h
-rw-r--r--  0 root   root      440 Feb 21 17:36 usr/include/isl/val_gmp.h
-rw-r--r--  0 root   root  2086831 Feb 21 17:36 usr/include/isl/typed_cpp.h
-rw-r--r--  0 root   root   867976 Feb 21 17:36 usr/include/isl/cpp.h
-rw-r--r--  0 root   root      288 Feb 21 17:36 usr/include/isl/stdint.h
lrwxrwxrwx  0 root   root        0 Feb 21 17:36 usr/lib/libisl.so -> libisl.so.23.1.0
lrwxrwxrwx  0 root   root        0 Feb 21 17:36 usr/lib/libisl.so.23 -> libisl.so.23.1.0
-rwxr-xr-x  0 root   root  1814328 Feb 21 17:36 usr/lib/libisl.so.23.1.0
drwxr-xr-x  0 root   root        0 Feb 21 17:36 usr/lib/pkgconfig/
-rw-r--r--  0 root   root      396 Feb 21 17:36 usr/lib/pkgconfig/isl.pc
drwxr-xr-x  0 root   root        0 Feb 21 17:36 usr/share/gdb/
drwxr-xr-x  0 root   root        0 Feb 21 17:36 usr/share/gdb/auto-load/
drwxr-xr-x  0 root   root        0 Feb 21 17:36 usr/share/gdb/auto-load/usr/
drwxr-xr-x  0 root   root        0 Feb 21 17:36 usr/share/gdb/auto-load/usr/lib/
-rw-r--r--  0 root   root     2891 Feb 21 17:36 usr/share/gdb/auto-load/usr/lib/libisl.so.23.1.0-gdb.py
=======> Building '/home/devel/packages/isl#0.24-2.riscv64.pkg.tar.zst' succeeded.
prt-get: Using PKGMK_PACKAGE_DIR: /home/devel/packages
prt-get: reinstalling isl 0.24-2
prt-get: /usr/bin/pkgadd -u isl#0.24-2.riscv64.pkg.tar.zst
prt-get: build done Tue Feb 21 17:36:34 2023

