prt-get: updating /usr/ports/core-riscv64/libtool
prt-get: starting build Tue Feb 21 19:48:30 2023
=======> Building '/home/devel/packages/libtool#2.4.7-1.riscv64.pkg.tar.zst'.
bsdtar -p -o -C /home/devel/building/work/src -xf /home/devel/sources/libtool-2.4.7.tar.xz
+ build
+ cd libtool-2.4.7
+ ./configure --prefix=/usr --disable-static
## ------------------------- ##
## Configuring libtool 2.4.7 ##
## ------------------------- ##

checking for GNU M4 that supports accurate traces... /usr/bin/m4
checking whether /usr/bin/m4 accepts --gnu... yes
checking how m4 supports trace files... --debugfile
checking for a BSD-compatible install... /usr/bin/install -c
checking whether build environment is sane... yes
checking for a thread-safe mkdir -p... /bin/mkdir -p
checking for gawk... gawk
checking whether make sets $(MAKE)... yes
checking whether make supports nested variables... yes
checking whether make supports nested variables... (cached) yes
checking build system type... riscv64-unknown-linux-gnu
checking host system type... riscv64-unknown-linux-gnu
configure: autobuild project... GNU Libtool
configure: autobuild revision... 2.4.7
configure: autobuild hostname... ishi
configure: autobuild mode... default
configure: autobuild timestamp... 20230221T194832Z
checking for gcc... gcc
checking whether the C compiler works... yes
checking for C compiler default output file name... a.out
checking for suffix of executables... 
checking whether we are cross compiling... no
checking for suffix of object files... o
checking whether we are using the GNU C compiler... yes
checking whether gcc accepts -g... yes
checking for gcc option to accept ISO C89... none needed
checking whether gcc understands -c and -o together... yes
checking whether the compiler is clang... no
checking for compiler option needed when checking for declarations... none
checking whether make supports the include directive... yes (GNU style)
checking dependency style of gcc... gcc3
checking how to run the C preprocessor... gcc -E
checking for grep that handles long lines and -e... /usr/bin/grep
checking for egrep... /usr/bin/grep -E
checking for Minix Amsterdam compiler... no
checking for ar... ar
checking for ranlib... ranlib
checking how to run the C preprocessor... gcc -E
checking how to print strings... printf
checking for a sed that does not truncate output... /bin/sed
checking for fgrep... /usr/bin/grep -F
checking for ld used by gcc... /usr/bin/ld
checking if the linker (/usr/bin/ld) is GNU ld... yes
checking for BSD- or MS-compatible name lister (nm)... /usr/bin/nm -B
checking the name lister (/usr/bin/nm -B) interface... BSD nm
checking whether ln -s works... yes
checking the maximum length of command line arguments... 1572864
checking how to convert riscv64-unknown-linux-gnu file names to riscv64-unknown-linux-gnu format... func_convert_file_noop
checking how to convert riscv64-unknown-linux-gnu file names to toolchain format... func_convert_file_noop
checking for /usr/bin/ld option to reload object files... -r
checking for file... file
checking for objdump... objdump
checking how to recognize dependent libraries... pass_all
checking for dlltool... no
checking how to associate runtime and link libraries... printf %s\n
checking for archiver @FILE support... @
checking for strip... strip
checking for ranlib... (cached) ranlib
checking command to parse /usr/bin/nm -B output from gcc object... ok
checking for sysroot... no
checking for a working dd... /bin/dd
checking how to truncate binary pipes... /bin/dd bs=4096 count=1
checking for mt... no
checking if : is a manifest tool... no
checking for ANSI C header files... yes
checking for sys/types.h... yes
checking for sys/stat.h... yes
checking for stdlib.h... yes
checking for string.h... yes
checking for memory.h... yes
checking for strings.h... yes
checking for inttypes.h... yes
checking for stdint.h... yes
checking for unistd.h... yes
checking for dlfcn.h... yes
checking for objdir... .libs
checking if gcc supports -fno-rtti -fno-exceptions... no
checking for gcc option to produce PIC... -fPIC -DPIC
checking if gcc PIC flag -fPIC -DPIC works... yes
checking if gcc static flag -static works... yes
checking if gcc supports -c -o file.o... yes
checking if gcc supports -c -o file.o... (cached) yes
checking whether the gcc linker (/usr/bin/ld) supports shared libraries... yes
checking whether -lc should be explicitly linked in... no
checking dynamic linker characteristics... GNU/Linux ld.so
checking how to hardcode library paths into programs... immediate
checking for shl_load... no
checking for shl_load in -ldld... no
checking for dlopen... yes
checking whether a program can dlopen itself... yes
checking whether a statically linked program can dlopen itself... no
checking whether stripping libraries is possible... yes
checking if libtool supports shared libraries... yes
checking whether to build shared libraries... yes
checking whether to build static libraries... no
checking what extension is used for runtime loadable modules... .so
checking what variable specifies run-time module search path... LD_LIBRARY_PATH
checking for the default library search path... /lib /usr/lib /opt/lib /opt/lib64 
checking for library containing dlopen... none required
checking for dlerror... yes
checking for shl_load... (cached) no
checking for shl_load in -ldld... (cached) no
checking for dld_link in -ldld... no
checking for _ prefix in compiled symbols... no
checking whether deplibs are loaded by dlopen... yes
checking for argz.h... yes
checking for error_t... yes
checking for argz_add... yes
checking for argz_append... yes
checking for argz_count... yes
checking for argz_create_sep... yes
checking for argz_insert... yes
checking for argz_next... yes
checking for argz_stringify... yes
checking if argz actually works... yes
checking whether libtool supports -dlopen/-dlpreopen... yes
checking for unistd.h... (cached) yes
checking for dl.h... no
checking for sys/dl.h... no
checking for dld.h... no
checking for mach-o/dyld.h... no
checking for dirent.h... yes
checking for closedir... yes
checking for opendir... yes
checking for readdir... yes
checking for strlcat... no
checking for strlcpy... no
checking for g++... g++
checking whether we are using the GNU C++ compiler... yes
checking whether g++ accepts -g... yes
checking dependency style of g++... gcc3
checking how to run the C++ preprocessor... g++ -E
checking for ld used by g++... /usr/bin/ld
checking if the linker (/usr/bin/ld) is GNU ld... yes
checking whether the g++ linker (/usr/bin/ld) supports shared libraries... yes
checking for g++ option to produce PIC... -fPIC -DPIC
checking if g++ PIC flag -fPIC -DPIC works... yes
checking if g++ static flag -static works... yes
checking if g++ supports -c -o file.o... yes
checking if g++ supports -c -o file.o... (cached) yes
checking whether the g++ linker (/usr/bin/ld) supports shared libraries... yes
checking dynamic linker characteristics... (cached) GNU/Linux ld.so
checking how to hardcode library paths into programs... immediate
checking for g77... no
checking for xlf... no
checking for f77... no
checking for frt... no
checking for pgf77... no
checking for cf77... no
checking for fort77... no
checking for fl32... no
checking for af77... no
checking for xlf90... no
checking for f90... no
checking for pgf90... no
checking for pghpf... no
checking for epcf90... no
checking for gfortran... gfortran
checking whether we are using the GNU Fortran 77 compiler... yes
checking whether gfortran accepts -g... yes
checking if libtool supports shared libraries... yes
checking whether to build shared libraries... yes
checking whether to build static libraries... no
checking for gfortran option to produce PIC... -fPIC
checking if gfortran PIC flag -fPIC works... yes
checking if gfortran static flag -static works... no
checking if gfortran supports -c -o file.o... yes
checking if gfortran supports -c -o file.o... (cached) yes
checking whether the gfortran linker (/usr/bin/ld) supports shared libraries... yes
checking dynamic linker characteristics... (cached) GNU/Linux ld.so
checking how to hardcode library paths into programs... immediate
checking for gfortran... gfortran
checking whether we are using the GNU Fortran compiler... yes
checking whether gfortran accepts -g... yes
checking if libtool supports shared libraries... yes
checking whether to build shared libraries... yes
checking whether to build static libraries... no
checking for gfortran option to produce PIC... -fPIC
checking if gfortran PIC flag -fPIC works... yes
checking if gfortran static flag -static works... no
checking if gfortran supports -c -o file.o... yes
checking if gfortran supports -c -o file.o... (cached) yes
checking whether the gfortran linker (/usr/bin/ld) supports shared libraries... yes
checking dynamic linker characteristics... (cached) GNU/Linux ld.so
checking how to hardcode library paths into programs... immediate
checking for gccgo... no
checking for gcj... no
checking for windres... no
checking for C compiler option to allow warnings... -Wno-error
checking for C++ compiler option to allow warnings... -Wno-error
checking that generated files are newer than configure... done
configure: creating ./config.status
config.status: creating Makefile
config.status: creating gnulib-tests/Makefile
config.status: creating config.h
config.status: executing tests/atconfig commands
config.status: executing depfiles commands
config.status: executing libtool commands
+ make V=1
rm -f 'libtoolize'
/bin/sed -e 's|@MACRO_VERSION\@|2.4.7|g' -e "s|@MACRO_REVISION\@|$revision|g" -e "s|@MACRO_SERIAL\@|$serial|g" -e 's|@PACKAGE\@|libtool|g' -e 's|@PACKAGE_BUGREPORT\@|bug-libtool@gnu.org|g' -e 's|@PACKAGE_URL\@|http://www.gnu.org/software/libtool/|g' -e 's|@PACKAGE_NAME\@|GNU Libtool|g' -e "s|@package_revision\@|$revision|g" -e 's|@PACKAGE_STRING\@|GNU Libtool 2.4.7|g' -e 's|@PACKAGE_TARNAME\@|libtool|g' -e 's|@PACKAGE_VERSION\@|2.4.7|g' -e 's|@VERSION\@|2.4.7|g' -e '/^\. /s|@auxscriptsdir\@|'`CDPATH="${ZSH_VERSION+.}:" && cd './build-aux' && pwd`'|g' -e 's|@aclocaldir\@|/usr/share/aclocal|g' -e 's|@aux_dir\@|build-aux|g' -e 's|@datadir\@|/usr/share|g' -e 's|@EGREP\@|/usr/bin/grep -E|g' -e 's|@FGREP\@|/usr/bin/grep -F|g' -e 's|@GREP\@|/usr/bin/grep|g' -e 's|@host_triplet\@|riscv64-unknown-linux-gnu|g' -e 's|@LN_S\@|ln -s|g' -e "s|@ltdl_ac_aux_dir\@|`GREP='/usr/bin/grep' SED='/bin/sed' ./build-aux/extract-trace AC_CONFIG_AUX_DIR ./libltdl/configure.ac`|g" -e 's|@macro_dir\@|m4|g' -e 's|@pkgauxdir\@|/usr/share/libtool/build-aux|g' -e 's|@pkgaux_files\@|compile config.guess config.sub depcomp install-sh missing ltmain.sh|g' -e 's|@pkgaux_install_files\@|config.guess config.sub install-sh|g' -e 's|@pkgaux_parent_files\@|ltmain.sh|g' -e 's|@pkgdatadir\@|/usr/share/libtool|g' -e 's|@pkgltdl_files\@|COPYING.LIB Makefile.am README configure.ac aclocal.m4 Makefile.in config-h.in configure libltdl/lt__alloc.h libltdl/lt__argz_.h libltdl/lt__dirent.h libltdl/lt__glibc.h libltdl/lt__private.h libltdl/lt__strl.h libltdl/lt_dlloader.h libltdl/lt_error.h libltdl/lt_system.h libltdl/slist.h loaders/dld_link.c loaders/dlopen.c loaders/dyld.c loaders/load_add_on.c loaders/loadlibrary.c loaders/preopen.c loaders/shl_load.c lt__alloc.c lt__argz.c lt__dirent.c lt__strl.c lt_dlloader.c lt_error.c ltdl.c ltdl.h ltdl.mk slist.c|g' -e 's|@pkgmacro_files\@|libtool.m4 ltargz.m4 ltdl.m4 ltoptions.m4 ltsugar.m4 ltversion.m4 lt~obsolete.m4|g' -e 's|@prefix\@|/usr|g' -e 's|@SED\@|/bin/sed|g' -e 's|@srcdir\@|.|g' './libtoolize.in' > 'libtoolize'
chmod a+x 'libtoolize'
chmod a-w 'libtoolize'
/usr/bin/make  all-recursive
make[1]: Entering directory '/home/devel/building/work/src/libtool-2.4.7'
Making all in .
make[2]: Entering directory '/home/devel/building/work/src/libtool-2.4.7'
/bin/sh ./libtool  --tag=CC   --mode=compile gcc -DHAVE_CONFIG_H -I.  -DLTDLOPEN=libltdl -DLT_CONFIG_H='<config.h>' -DLTDL -I. -I. -Ilibltdl -I./libltdl -Ilibltdl/libltdl -I./libltdl/libltdl   -O2 -mabi=lp64d -march=rv64gc -MT libltdl/loaders/libltdl_la-preopen.lo -MD -MP -MF libltdl/loaders/.deps/libltdl_la-preopen.Tpo -c -o libltdl/loaders/libltdl_la-preopen.lo `test -f 'libltdl/loaders/preopen.c' || echo './'`libltdl/loaders/preopen.c
depbase=`echo libltdl/loaders/dlopen.lo | sed 's|[^/]*$|.deps/&|;s|\.lo$||'`;\
/bin/sh ./libtool  --tag=CC   --mode=compile gcc -DHAVE_CONFIG_H -I.  -DLT_CONFIG_H='<config.h>' -DLTDL -I. -I. -Ilibltdl -I./libltdl -Ilibltdl/libltdl -I./libltdl/libltdl   -O2 -mabi=lp64d -march=rv64gc -MT libltdl/loaders/dlopen.lo -MD -MP -MF $depbase.Tpo -c -o libltdl/loaders/dlopen.lo libltdl/loaders/dlopen.c &&\
mv -f $depbase.Tpo $depbase.Plo
depbase=`echo libltdl/lt__strl.lo | sed 's|[^/]*$|.deps/&|;s|\.lo$||'`;\
/bin/sh ./libtool  --tag=CC   --mode=compile gcc -DHAVE_CONFIG_H -I.  -DLT_CONFIG_H='<config.h>' -DLTDL -I. -I. -Ilibltdl -I./libltdl -Ilibltdl/libltdl -I./libltdl/libltdl   -O2 -mabi=lp64d -march=rv64gc -MT libltdl/lt__strl.lo -MD -MP -MF $depbase.Tpo -c -o libltdl/lt__strl.lo libltdl/lt__strl.c &&\
mv -f $depbase.Tpo $depbase.Plo
/bin/sh ./libtool  --tag=CC   --mode=compile gcc -DHAVE_CONFIG_H -I.  -DLTDLOPEN=libltdl -DLT_CONFIG_H='<config.h>' -DLTDL -I. -I. -Ilibltdl -I./libltdl -Ilibltdl/libltdl -I./libltdl/libltdl   -O2 -mabi=lp64d -march=rv64gc -MT libltdl/libltdl_la-lt__alloc.lo -MD -MP -MF libltdl/.deps/libltdl_la-lt__alloc.Tpo -c -o libltdl/libltdl_la-lt__alloc.lo `test -f 'libltdl/lt__alloc.c' || echo './'`libltdl/lt__alloc.c
/bin/sh ./libtool  --tag=CC   --mode=compile gcc -DHAVE_CONFIG_H -I.  -DLTDLOPEN=libltdl -DLT_CONFIG_H='<config.h>' -DLTDL -I. -I. -Ilibltdl -I./libltdl -Ilibltdl/libltdl -I./libltdl/libltdl   -O2 -mabi=lp64d -march=rv64gc -MT libltdl/libltdl_la-lt_dlloader.lo -MD -MP -MF libltdl/.deps/libltdl_la-lt_dlloader.Tpo -c -o libltdl/libltdl_la-lt_dlloader.lo `test -f 'libltdl/lt_dlloader.c' || echo './'`libltdl/lt_dlloader.c
/bin/sh ./libtool  --tag=CC   --mode=compile gcc -DHAVE_CONFIG_H -I.  -DLTDLOPEN=libltdl -DLT_CONFIG_H='<config.h>' -DLTDL -I. -I. -Ilibltdl -I./libltdl -Ilibltdl/libltdl -I./libltdl/libltdl   -O2 -mabi=lp64d -march=rv64gc -MT libltdl/libltdl_la-lt_error.lo -MD -MP -MF libltdl/.deps/libltdl_la-lt_error.Tpo -c -o libltdl/libltdl_la-lt_error.lo `test -f 'libltdl/lt_error.c' || echo './'`libltdl/lt_error.c
/bin/sh ./libtool  --tag=CC   --mode=compile gcc -DHAVE_CONFIG_H -I.  -DLTDLOPEN=libltdl -DLT_CONFIG_H='<config.h>' -DLTDL -I. -I. -Ilibltdl -I./libltdl -Ilibltdl/libltdl -I./libltdl/libltdl   -O2 -mabi=lp64d -march=rv64gc -MT libltdl/libltdl_la-ltdl.lo -MD -MP -MF libltdl/.deps/libltdl_la-ltdl.Tpo -c -o libltdl/libltdl_la-ltdl.lo `test -f 'libltdl/ltdl.c' || echo './'`libltdl/ltdl.c
/bin/sh ./libtool  --tag=CC   --mode=compile gcc -DHAVE_CONFIG_H -I.  -DLTDLOPEN=libltdl -DLT_CONFIG_H='<config.h>' -DLTDL -I. -I. -Ilibltdl -I./libltdl -Ilibltdl/libltdl -I./libltdl/libltdl   -O2 -mabi=lp64d -march=rv64gc -MT libltdl/libltdl_la-slist.lo -MD -MP -MF libltdl/.deps/libltdl_la-slist.Tpo -c -o libltdl/libltdl_la-slist.lo `test -f 'libltdl/slist.c' || echo './'`libltdl/slist.c
libtool: compile:  gcc -DHAVE_CONFIG_H -I. -DLTDLOPEN=libltdl "-DLT_CONFIG_H=<config.h>" -DLTDL -I. -I. -Ilibltdl -I./libltdl -Ilibltdl/libltdl -I./libltdl/libltdl -O2 -mabi=lp64d -march=rv64gc -MT libltdl/libltdl_la-lt__alloc.lo -MD -MP -MF libltdl/.deps/libltdl_la-lt__alloc.Tpo -c libltdl/lt__alloc.c  -fPIC -DPIC -o libltdl/.libs/libltdl_la-lt__alloc.o
libtool: compile:  gcc -DHAVE_CONFIG_H -I. -DLTDLOPEN=libltdl "-DLT_CONFIG_H=<config.h>" -DLTDL -I. -I. -Ilibltdl -I./libltdl -Ilibltdl/libltdl -I./libltdl/libltdl -O2 -mabi=lp64d -march=rv64gc -MT libltdl/loaders/libltdl_la-preopen.lo -MD -MP -MF libltdl/loaders/.deps/libltdl_la-preopen.Tpo -c libltdl/loaders/preopen.c  -fPIC -DPIC -o libltdl/loaders/.libs/libltdl_la-preopen.o
libtool: compile:  gcc -DHAVE_CONFIG_H -I. -DLTDLOPEN=libltdl "-DLT_CONFIG_H=<config.h>" -DLTDL -I. -I. -Ilibltdl -I./libltdl -Ilibltdl/libltdl -I./libltdl/libltdl -O2 -mabi=lp64d -march=rv64gc -MT libltdl/libltdl_la-slist.lo -MD -MP -MF libltdl/.deps/libltdl_la-slist.Tpo -c libltdl/slist.c  -fPIC -DPIC -o libltdl/.libs/libltdl_la-slist.o
libtool: compile:  gcc -DHAVE_CONFIG_H -I. -DLTDLOPEN=libltdl "-DLT_CONFIG_H=<config.h>" -DLTDL -I. -I. -Ilibltdl -I./libltdl -Ilibltdl/libltdl -I./libltdl/libltdl -O2 -mabi=lp64d -march=rv64gc -MT libltdl/libltdl_la-lt_dlloader.lo -MD -MP -MF libltdl/.deps/libltdl_la-lt_dlloader.Tpo -c libltdl/lt_dlloader.c  -fPIC -DPIC -o libltdl/.libs/libltdl_la-lt_dlloader.o
libtool: compile:  gcc -DHAVE_CONFIG_H -I. -DLTDLOPEN=libltdl "-DLT_CONFIG_H=<config.h>" -DLTDL -I. -I. -Ilibltdl -I./libltdl -Ilibltdl/libltdl -I./libltdl/libltdl -O2 -mabi=lp64d -march=rv64gc -MT libltdl/libltdl_la-ltdl.lo -MD -MP -MF libltdl/.deps/libltdl_la-ltdl.Tpo -c libltdl/ltdl.c  -fPIC -DPIC -o libltdl/.libs/libltdl_la-ltdl.o
libtool: compile:  gcc -DHAVE_CONFIG_H -I. -DLTDLOPEN=libltdl "-DLT_CONFIG_H=<config.h>" -DLTDL -I. -I. -Ilibltdl -I./libltdl -Ilibltdl/libltdl -I./libltdl/libltdl -O2 -mabi=lp64d -march=rv64gc -MT libltdl/libltdl_la-lt_error.lo -MD -MP -MF libltdl/.deps/libltdl_la-lt_error.Tpo -c libltdl/lt_error.c  -fPIC -DPIC -o libltdl/.libs/libltdl_la-lt_error.o
libtool: compile:  gcc -DHAVE_CONFIG_H -I. "-DLT_CONFIG_H=<config.h>" -DLTDL -I. -I. -Ilibltdl -I./libltdl -Ilibltdl/libltdl -I./libltdl/libltdl -O2 -mabi=lp64d -march=rv64gc -MT libltdl/lt__strl.lo -MD -MP -MF libltdl/.deps/lt__strl.Tpo -c libltdl/lt__strl.c  -fPIC -DPIC -o libltdl/.libs/lt__strl.o
libtool: compile:  gcc -DHAVE_CONFIG_H -I. "-DLT_CONFIG_H=<config.h>" -DLTDL -I. -I. -Ilibltdl -I./libltdl -Ilibltdl/libltdl -I./libltdl/libltdl -O2 -mabi=lp64d -march=rv64gc -MT libltdl/loaders/dlopen.lo -MD -MP -MF libltdl/loaders/.deps/dlopen.Tpo -c libltdl/loaders/dlopen.c  -fPIC -DPIC -o libltdl/loaders/.libs/dlopen.o
mv -f libltdl/.deps/libltdl_la-lt__alloc.Tpo libltdl/.deps/libltdl_la-lt__alloc.Plo
mv -f libltdl/.deps/libltdl_la-lt_error.Tpo libltdl/.deps/libltdl_la-lt_error.Plo
/bin/sh ./libtool  --tag=CC   --mode=link gcc  -O2 -mabi=lp64d -march=rv64gc -module -avoid-version  -o libltdl/dlopen.la  libltdl/loaders/dlopen.lo  
mv -f libltdl/.deps/libltdl_la-lt_dlloader.Tpo libltdl/.deps/libltdl_la-lt_dlloader.Plo
mv -f libltdl/.deps/libltdl_la-slist.Tpo libltdl/.deps/libltdl_la-slist.Plo
mv -f libltdl/loaders/.deps/libltdl_la-preopen.Tpo libltdl/loaders/.deps/libltdl_la-preopen.Plo
libtool: link: ar cr libltdl/.libs/dlopen.a libltdl/loaders/.libs/dlopen.o 
libtool: link: ranlib libltdl/.libs/dlopen.a
libtool: link: ( cd "libltdl/.libs" && rm -f "dlopen.la" && ln -s "../dlopen.la" "dlopen.la" )
mv -f libltdl/.deps/libltdl_la-ltdl.Tpo libltdl/.deps/libltdl_la-ltdl.Plo
/bin/sh ./libtool  --tag=CC   --mode=link gcc  -O2 -mabi=lp64d -march=rv64gc -no-undefined -version-info 10:2:3 -dlpreopen libltdl/dlopen.la   -o libltdl/libltdl.la -rpath /usr/lib libltdl/loaders/libltdl_la-preopen.lo libltdl/libltdl_la-lt__alloc.lo libltdl/libltdl_la-lt_dlloader.lo libltdl/libltdl_la-lt_error.lo libltdl/libltdl_la-ltdl.lo libltdl/libltdl_la-slist.lo libltdl/lt__strl.lo 
libtool: link: rm -f libltdl/.libs/libltdl.nm libltdl/.libs/libltdl.nmS libltdl/.libs/libltdl.nmT
libtool: link: rm -f "libltdl/.libs/libltdl.nmI"
libtool: link: (cd libltdl/.libs && gcc -O2 -mabi=lp64d -march=rv64gc -c -fno-builtin  -fPIC -DPIC "libltdlS.c")
libtool: link: rm -f "libltdl/.libs/libltdlS.c" "libltdl/.libs/libltdl.nm" "libltdl/.libs/libltdl.nmS" "libltdl/.libs/libltdl.nmT" "libltdl/.libs/libltdl.nmI"
libtool: link: (cd libltdl/.libs/libltdl.lax/dlopen.a && ar x "/home/devel/building/work/src/libtool-2.4.7/libltdl/.libs/dlopen.a")
libtool: link: gcc -shared  -fPIC -DPIC  libltdl/loaders/.libs/libltdl_la-preopen.o libltdl/.libs/libltdl_la-lt__alloc.o libltdl/.libs/libltdl_la-lt_dlloader.o libltdl/.libs/libltdl_la-lt_error.o libltdl/.libs/libltdl_la-ltdl.o libltdl/.libs/libltdl_la-slist.o libltdl/.libs/lt__strl.o libltdl/.libs/libltdlS.o  libltdl/.libs/libltdl.lax/dlopen.a/dlopen.o    -O2 -mabi=lp64d -march=rv64gc   -Wl,-soname -Wl,libltdl.so.7 -o libltdl/.libs/libltdl.so.7.3.2
libtool: link: (cd "libltdl/.libs" && rm -f "libltdl.so.7" && ln -s "libltdl.so.7.3.2" "libltdl.so.7")
libtool: link: (cd "libltdl/.libs" && rm -f "libltdl.so" && ln -s "libltdl.so.7.3.2" "libltdl.so")
libtool: link: rm -fr libltdl/.libs/libltdl.lax
libtool: link: ( cd "libltdl/.libs" && rm -f "libltdl.la" && ln -s "../libltdl.la" "libltdl.la" )
make[2]: Leaving directory '/home/devel/building/work/src/libtool-2.4.7'
Making all in gnulib-tests
make[2]: Entering directory '/home/devel/building/work/src/libtool-2.4.7/gnulib-tests'
## ---------------------------------------------------- ##
## ------------------- Gnulib tests ------------------- ##
## You can ignore compiler warnings in this directory.  ##
## ---------------------------------------------------- ##
/usr/bin/make  all-recursive
make[3]: Entering directory '/home/devel/building/work/src/libtool-2.4.7/gnulib-tests'
Making all in .
make[4]: Entering directory '/home/devel/building/work/src/libtool-2.4.7/gnulib-tests'
make[4]: Nothing to be done for 'all-am'.
make[4]: Leaving directory '/home/devel/building/work/src/libtool-2.4.7/gnulib-tests'
make[3]: Leaving directory '/home/devel/building/work/src/libtool-2.4.7/gnulib-tests'
make[2]: Leaving directory '/home/devel/building/work/src/libtool-2.4.7/gnulib-tests'
make[1]: Leaving directory '/home/devel/building/work/src/libtool-2.4.7'
+ make DESTDIR=/home/devel/building/work/pkg install
/usr/bin/make  install-recursive
make[1]: Entering directory '/home/devel/building/work/src/libtool-2.4.7'
Making install in .
make[2]: Entering directory '/home/devel/building/work/src/libtool-2.4.7'
make[3]: Entering directory '/home/devel/building/work/src/libtool-2.4.7'
 /bin/mkdir -p '/home/devel/building/work/pkg/usr/bin'
 /usr/bin/install -c libtool '/home/devel/building/work/pkg/usr/bin'
 /bin/mkdir -p '/home/devel/building/work/pkg/usr/include'
 /bin/mkdir -p '/home/devel/building/work/pkg/usr/include/libltdl'
 /bin/mkdir -p '/home/devel/building/work/pkg/usr/share/man/man1'
 /bin/mkdir -p '/home/devel/building/work/pkg/usr/lib'
 GREP='/usr/bin/grep' SED='/bin/sed' './build-aux/inline-source' libtoolize > '/home/devel/building/work/pkg/usr/bin/libtoolize'
 /bin/mkdir -p '/home/devel/building/work/pkg/usr/share/info'
 /usr/bin/install -c -m 644 libltdl/ltdl.h '/home/devel/building/work/pkg/usr/include'
 /bin/sh ./libtool   --mode=install /usr/bin/install -c   libltdl/libltdl.la '/home/devel/building/work/pkg/usr/lib'
 /usr/bin/install -c -m 644 libltdl/libltdl/lt_system.h libltdl/libltdl/lt_error.h libltdl/libltdl/lt_dlloader.h '/home/devel/building/work/pkg/usr/include/libltdl'
 /usr/bin/install -c -m 644 ./doc/libtool.1 ./doc/libtoolize.1 '/home/devel/building/work/pkg/usr/share/man/man1'
 /usr/bin/install -c -m 644 ./doc/libtool.info ./doc/libtool.info-1 ./doc/libtool.info-2 '/home/devel/building/work/pkg/usr/share/info'
 install-info --info-dir='/home/devel/building/work/pkg/usr/share/info' '/home/devel/building/work/pkg/usr/share/info/libtool.info'
libtool: install: /usr/bin/install -c libltdl/.libs/libltdl.so.7.3.2 /home/devel/building/work/pkg/usr/lib/libltdl.so.7.3.2
libtool: install: (cd /home/devel/building/work/pkg/usr/lib && { ln -s -f libltdl.so.7.3.2 libltdl.so.7 || { rm -f libltdl.so.7 && ln -s libltdl.so.7.3.2 libltdl.so.7; }; })
libtool: install: (cd /home/devel/building/work/pkg/usr/lib && { ln -s -f libltdl.so.7.3.2 libltdl.so || { rm -f libltdl.so && ln -s libltdl.so.7.3.2 libltdl.so; }; })
libtool: install: /usr/bin/install -c libltdl/.libs/libltdl.lai /home/devel/building/work/pkg/usr/lib/libltdl.la
libtool: warning: remember to run 'libtool --finish /usr/lib'
rm -rf '/home/devel/building/work/pkg/usr/share/libtool'/*
 /usr/bin/install -c -m 644 './m4/libtool.m4' '/home/devel/building/work/pkg/usr/share/aclocal/libtool.m4'
 /usr/bin/install -c -m 644 './m4/ltargz.m4' '/home/devel/building/work/pkg/usr/share/aclocal/ltargz.m4'
 /usr/bin/install -c -m 644 './m4/ltdl.m4' '/home/devel/building/work/pkg/usr/share/aclocal/ltdl.m4'
 /usr/bin/install -c -m 644 './m4/ltoptions.m4' '/home/devel/building/work/pkg/usr/share/aclocal/ltoptions.m4'
 /usr/bin/install -c -m 644 './m4/ltsugar.m4' '/home/devel/building/work/pkg/usr/share/aclocal/ltsugar.m4'
 /usr/bin/install -c -m 644 './m4/ltversion.m4' '/home/devel/building/work/pkg/usr/share/aclocal/ltversion.m4'
 /usr/bin/install -c -m 644 './m4/lt~obsolete.m4' '/home/devel/building/work/pkg/usr/share/aclocal/lt~obsolete.m4'
 /usr/bin/install -c './build-aux/compile' '/home/devel/building/work/pkg/usr/share/libtool/build-aux/compile'
 /usr/bin/install -c './build-aux/config.guess' '/home/devel/building/work/pkg/usr/share/libtool/build-aux/config.guess'
 /usr/bin/install -c './build-aux/config.sub' '/home/devel/building/work/pkg/usr/share/libtool/build-aux/config.sub'
 /usr/bin/install -c './build-aux/depcomp' '/home/devel/building/work/pkg/usr/share/libtool/build-aux/depcomp'
 /usr/bin/install -c './build-aux/install-sh' '/home/devel/building/work/pkg/usr/share/libtool/build-aux/install-sh'
 /usr/bin/install -c './build-aux/missing' '/home/devel/building/work/pkg/usr/share/libtool/build-aux/missing'
 /usr/bin/install -c -m 644 './build-aux/ltmain.sh' '/home/devel/building/work/pkg/usr/share/libtool/build-aux/ltmain.sh'
 /usr/bin/install -c -m 644 './libltdl/COPYING.LIB' '/home/devel/building/work/pkg/usr/share/libtool/COPYING.LIB'
 /usr/bin/install -c -m 644 './libltdl/Makefile.am' '/home/devel/building/work/pkg/usr/share/libtool/Makefile.am'
 /usr/bin/install -c -m 644 './libltdl/README' '/home/devel/building/work/pkg/usr/share/libtool/README'
 /usr/bin/install -c -m 644 './libltdl/configure.ac' '/home/devel/building/work/pkg/usr/share/libtool/configure.ac'
 /usr/bin/install -c -m 644 './libltdl/aclocal.m4' '/home/devel/building/work/pkg/usr/share/libtool/aclocal.m4'
 /usr/bin/install -c -m 644 './libltdl/Makefile.in' '/home/devel/building/work/pkg/usr/share/libtool/Makefile.in'
 /usr/bin/install -c -m 644 './libltdl/config-h.in' '/home/devel/building/work/pkg/usr/share/libtool/config-h.in'
 /usr/bin/install -c -m 644 './libltdl/configure' '/home/devel/building/work/pkg/usr/share/libtool/configure'
 /usr/bin/install -c -m 644 './libltdl/libltdl/lt__alloc.h' '/home/devel/building/work/pkg/usr/share/libtool/libltdl/lt__alloc.h'
 /usr/bin/install -c -m 644 './libltdl/libltdl/lt__argz_.h' '/home/devel/building/work/pkg/usr/share/libtool/libltdl/lt__argz_.h'
 /usr/bin/install -c -m 644 './libltdl/libltdl/lt__dirent.h' '/home/devel/building/work/pkg/usr/share/libtool/libltdl/lt__dirent.h'
 /usr/bin/install -c -m 644 './libltdl/libltdl/lt__glibc.h' '/home/devel/building/work/pkg/usr/share/libtool/libltdl/lt__glibc.h'
 /usr/bin/install -c -m 644 './libltdl/libltdl/lt__private.h' '/home/devel/building/work/pkg/usr/share/libtool/libltdl/lt__private.h'
 /usr/bin/install -c -m 644 './libltdl/libltdl/lt__strl.h' '/home/devel/building/work/pkg/usr/share/libtool/libltdl/lt__strl.h'
 /usr/bin/install -c -m 644 './libltdl/libltdl/lt_dlloader.h' '/home/devel/building/work/pkg/usr/share/libtool/libltdl/lt_dlloader.h'
 /usr/bin/install -c -m 644 './libltdl/libltdl/lt_error.h' '/home/devel/building/work/pkg/usr/share/libtool/libltdl/lt_error.h'
 /usr/bin/install -c -m 644 './libltdl/libltdl/lt_system.h' '/home/devel/building/work/pkg/usr/share/libtool/libltdl/lt_system.h'
 /usr/bin/install -c -m 644 './libltdl/libltdl/slist.h' '/home/devel/building/work/pkg/usr/share/libtool/libltdl/slist.h'
 /usr/bin/install -c -m 644 './libltdl/loaders/dld_link.c' '/home/devel/building/work/pkg/usr/share/libtool/loaders/dld_link.c'
 /usr/bin/install -c -m 644 './libltdl/loaders/dlopen.c' '/home/devel/building/work/pkg/usr/share/libtool/loaders/dlopen.c'
 /usr/bin/install -c -m 644 './libltdl/loaders/dyld.c' '/home/devel/building/work/pkg/usr/share/libtool/loaders/dyld.c'
 /usr/bin/install -c -m 644 './libltdl/loaders/load_add_on.c' '/home/devel/building/work/pkg/usr/share/libtool/loaders/load_add_on.c'
 /usr/bin/install -c -m 644 './libltdl/loaders/loadlibrary.c' '/home/devel/building/work/pkg/usr/share/libtool/loaders/loadlibrary.c'
 /usr/bin/install -c -m 644 './libltdl/loaders/preopen.c' '/home/devel/building/work/pkg/usr/share/libtool/loaders/preopen.c'
 /usr/bin/install -c -m 644 './libltdl/loaders/shl_load.c' '/home/devel/building/work/pkg/usr/share/libtool/loaders/shl_load.c'
 /usr/bin/install -c -m 644 './libltdl/lt__alloc.c' '/home/devel/building/work/pkg/usr/share/libtool/lt__alloc.c'
 /usr/bin/install -c -m 644 './libltdl/lt__argz.c' '/home/devel/building/work/pkg/usr/share/libtool/lt__argz.c'
 /usr/bin/install -c -m 644 './libltdl/lt__dirent.c' '/home/devel/building/work/pkg/usr/share/libtool/lt__dirent.c'
 /usr/bin/install -c -m 644 './libltdl/lt__strl.c' '/home/devel/building/work/pkg/usr/share/libtool/lt__strl.c'
 /usr/bin/install -c -m 644 './libltdl/lt_dlloader.c' '/home/devel/building/work/pkg/usr/share/libtool/lt_dlloader.c'
 /usr/bin/install -c -m 644 './libltdl/lt_error.c' '/home/devel/building/work/pkg/usr/share/libtool/lt_error.c'
 /usr/bin/install -c -m 644 './libltdl/ltdl.c' '/home/devel/building/work/pkg/usr/share/libtool/ltdl.c'
 /usr/bin/install -c -m 644 './libltdl/ltdl.h' '/home/devel/building/work/pkg/usr/share/libtool/ltdl.h'
 /usr/bin/install -c -m 644 './libltdl/ltdl.mk' '/home/devel/building/work/pkg/usr/share/libtool/ltdl.mk'
 /usr/bin/install -c -m 644 './libltdl/slist.c' '/home/devel/building/work/pkg/usr/share/libtool/slist.c'
chmod a+x '/home/devel/building/work/pkg/usr/share/libtool/configure'
make[3]: Leaving directory '/home/devel/building/work/src/libtool-2.4.7'
make[2]: Leaving directory '/home/devel/building/work/src/libtool-2.4.7'
Making install in gnulib-tests
make[2]: Entering directory '/home/devel/building/work/src/libtool-2.4.7/gnulib-tests'
/usr/bin/make  install-recursive
make[3]: Entering directory '/home/devel/building/work/src/libtool-2.4.7/gnulib-tests'
Making install in .
make[4]: Entering directory '/home/devel/building/work/src/libtool-2.4.7/gnulib-tests'
make[5]: Entering directory '/home/devel/building/work/src/libtool-2.4.7/gnulib-tests'
make[5]: Nothing to be done for 'install-exec-am'.
make[5]: Nothing to be done for 'install-data-am'.
make[5]: Leaving directory '/home/devel/building/work/src/libtool-2.4.7/gnulib-tests'
make[4]: Leaving directory '/home/devel/building/work/src/libtool-2.4.7/gnulib-tests'
make[3]: Leaving directory '/home/devel/building/work/src/libtool-2.4.7/gnulib-tests'
make[2]: Leaving directory '/home/devel/building/work/src/libtool-2.4.7/gnulib-tests'
make[1]: Leaving directory '/home/devel/building/work/src/libtool-2.4.7'
+ rm -r /home/devel/building/work/pkg/usr/share/info
+ find /home/devel/building/work/pkg -type f -name '*.la' -delete
=======> Build result:
drwxr-xr-x  0 root   root        0 Feb 21 19:49 usr/
drwxr-xr-x  0 root   root        0 Feb 21 19:49 usr/lib/
drwxr-xr-x  0 root   root        0 Feb 21 19:49 usr/share/
drwxr-xr-x  0 root   root        0 Feb 21 19:49 usr/include/
drwxr-xr-x  0 root   root        0 Feb 21 19:49 usr/bin/
-rwxr-xr-x  0 root   root   136687 Feb 21 19:49 usr/bin/libtoolize
-rwxr-xr-x  0 root   root   375884 Feb 21 19:49 usr/bin/libtool
-rw-r--r--  0 root   root     5720 Feb 21 19:49 usr/include/ltdl.h
drwxr-xr-x  0 root   root        0 Feb 21 19:49 usr/include/libltdl/
-rw-r--r--  0 root   root     3222 Feb 21 19:49 usr/include/libltdl/lt_dlloader.h
-rw-r--r--  0 root   root     3658 Feb 21 19:49 usr/include/libltdl/lt_error.h
-rw-r--r--  0 root   root     5356 Feb 21 19:49 usr/include/libltdl/lt_system.h
drwxr-xr-x  0 root   root        0 Feb 21 19:49 usr/share/libtool/
drwxr-xr-x  0 root   root        0 Feb 21 19:49 usr/share/aclocal/
drwxr-xr-x  0 root   root        0 Feb 21 19:49 usr/share/man/
drwxr-xr-x  0 root   root        0 Feb 21 19:49 usr/share/man/man1/
-rw-r--r--  0 root   root     1441 Feb 21 19:49 usr/share/man/man1/libtool.1.gz
-rw-r--r--  0 root   root     1351 Feb 21 19:49 usr/share/man/man1/libtoolize.1.gz
-rw-r--r--  0 root   root     6151 Feb 21 19:49 usr/share/aclocal/lt~obsolete.m4
-rw-r--r--  0 root   root      714 Feb 21 19:49 usr/share/aclocal/ltversion.m4
-rw-r--r--  0 root   root     4395 Feb 21 19:49 usr/share/aclocal/ltsugar.m4
-rw-r--r--  0 root   root    14525 Feb 21 19:49 usr/share/aclocal/ltoptions.m4
-rw-r--r--  0 root   root    30061 Feb 21 19:49 usr/share/aclocal/ltdl.m4
-rw-r--r--  0 root   root     2670 Feb 21 19:49 usr/share/aclocal/ltargz.m4
-rw-r--r--  0 root   root   307049 Feb 21 19:49 usr/share/aclocal/libtool.m4
-rw-r--r--  0 root   root     9841 Feb 21 19:49 usr/share/libtool/slist.c
-rw-r--r--  0 root   root     5680 Feb 21 19:49 usr/share/libtool/ltdl.mk
-rw-r--r--  0 root   root     5720 Feb 21 19:49 usr/share/libtool/ltdl.h
-rw-r--r--  0 root   root    55335 Feb 21 19:49 usr/share/libtool/ltdl.c
-rw-r--r--  0 root   root     2978 Feb 21 19:49 usr/share/libtool/lt_error.c
-rw-r--r--  0 root   root     6171 Feb 21 19:49 usr/share/libtool/lt_dlloader.c
-rw-r--r--  0 root   root     3624 Feb 21 19:49 usr/share/libtool/lt__strl.c
-rw-r--r--  0 root   root     3028 Feb 21 19:49 usr/share/libtool/lt__dirent.c
-rw-r--r--  0 root   root     5907 Feb 21 19:49 usr/share/libtool/lt__argz.c
-rw-r--r--  0 root   root     2309 Feb 21 19:49 usr/share/libtool/lt__alloc.c
drwxr-xr-x  0 root   root        0 Feb 21 19:49 usr/share/libtool/loaders/
drwxr-xr-x  0 root   root        0 Feb 21 19:49 usr/share/libtool/libltdl/
-rwxr-xr-x  0 root   root   465886 Feb 21 19:49 usr/share/libtool/configure
-rw-r--r--  0 root   root     4863 Feb 21 19:49 usr/share/libtool/config-h.in
-rw-r--r--  0 root   root    56892 Feb 21 19:49 usr/share/libtool/Makefile.in
-rw-r--r--  0 root   root    42141 Feb 21 19:49 usr/share/libtool/aclocal.m4
-rw-r--r--  0 root   root     2639 Feb 21 19:49 usr/share/libtool/configure.ac
-rw-r--r--  0 root   root      707 Feb 21 19:49 usr/share/libtool/README
-rw-r--r--  0 root   root     5157 Feb 21 19:49 usr/share/libtool/Makefile.am
-rw-r--r--  0 root   root    26530 Feb 21 19:49 usr/share/libtool/COPYING.LIB
drwxr-xr-x  0 root   root        0 Feb 21 19:49 usr/share/libtool/build-aux/
-rw-r--r--  0 root   root   333035 Feb 21 19:49 usr/share/libtool/build-aux/ltmain.sh
-rwxr-xr-x  0 root   root     6878 Feb 21 19:49 usr/share/libtool/build-aux/missing
-rwxr-xr-x  0 root   root    15358 Feb 21 19:49 usr/share/libtool/build-aux/install-sh
-rwxr-xr-x  0 root   root    23550 Feb 21 19:49 usr/share/libtool/build-aux/depcomp
-rwxr-xr-x  0 root   root    35406 Feb 21 19:49 usr/share/libtool/build-aux/config.sub
-rwxr-xr-x  0 root   root    49482 Feb 21 19:49 usr/share/libtool/build-aux/config.guess
-rwxr-xr-x  0 root   root     7400 Feb 21 19:49 usr/share/libtool/build-aux/compile
-rw-r--r--  0 root   root     3244 Feb 21 19:49 usr/share/libtool/libltdl/slist.h
-rw-r--r--  0 root   root     5356 Feb 21 19:49 usr/share/libtool/libltdl/lt_system.h
-rw-r--r--  0 root   root     3658 Feb 21 19:49 usr/share/libtool/libltdl/lt_error.h
-rw-r--r--  0 root   root     3222 Feb 21 19:49 usr/share/libtool/libltdl/lt_dlloader.h
-rw-r--r--  0 root   root     2002 Feb 21 19:49 usr/share/libtool/libltdl/lt__strl.h
-rw-r--r--  0 root   root     4521 Feb 21 19:49 usr/share/libtool/libltdl/lt__private.h
-rw-r--r--  0 root   root     2827 Feb 21 19:49 usr/share/libtool/libltdl/lt__glibc.h
-rw-r--r--  0 root   root     2536 Feb 21 19:49 usr/share/libtool/libltdl/lt__dirent.h
-rw-r--r--  0 root   root     2238 Feb 21 19:49 usr/share/libtool/libltdl/lt__argz_.h
-rw-r--r--  0 root   root     2192 Feb 21 19:49 usr/share/libtool/libltdl/lt__alloc.h
-rw-r--r--  0 root   root     6705 Feb 21 19:49 usr/share/libtool/loaders/shl_load.c
-rw-r--r--  0 root   root     9824 Feb 21 19:49 usr/share/libtool/loaders/preopen.c
-rw-r--r--  0 root   root    10847 Feb 21 19:49 usr/share/libtool/loaders/loadlibrary.c
-rw-r--r--  0 root   root     4798 Feb 21 19:49 usr/share/libtool/loaders/load_add_on.c
-rw-r--r--  0 root   root    13628 Feb 21 19:49 usr/share/libtool/loaders/dyld.c
-rw-r--r--  0 root   root     7596 Feb 21 19:49 usr/share/libtool/loaders/dlopen.c
-rw-r--r--  0 root   root     4580 Feb 21 19:49 usr/share/libtool/loaders/dld_link.c
lrwxrwxrwx  0 root   root        0 Feb 21 19:49 usr/lib/libltdl.so -> libltdl.so.7.3.2
lrwxrwxrwx  0 root   root        0 Feb 21 19:49 usr/lib/libltdl.so.7 -> libltdl.so.7.3.2
-rwxr-xr-x  0 root   root    35328 Feb 21 19:49 usr/lib/libltdl.so.7.3.2
=======> Building '/home/devel/packages/libtool#2.4.7-1.riscv64.pkg.tar.zst' succeeded.
prt-get: Using PKGMK_PACKAGE_DIR: /home/devel/packages
prt-get: reinstalling libtool 2.4.7-1
prt-get: /usr/bin/pkgadd -u libtool#2.4.7-1.riscv64.pkg.tar.zst
prt-get: build done Tue Feb 21 19:49:43 2023

