prt-get: updating /usr/ports/core-riscv64/openresolv
prt-get: starting build Tue Feb 21 21:33:39 2023
=======> Building '/home/devel/packages/openresolv#3.12.0-1.riscv64.pkg.tar.zst'.
bsdtar -p -o -C /home/devel/building/work/src -xf /home/devel/sources/openresolv-3.12.0.tar.xz
cp 0001-fix-sv-path.patch /home/devel/building/work/src
+ build
+ cd openresolv-3.12.0
+ patch -p1 -i /home/devel/building/work/src/0001-fix-sv-path.patch
patching file resolvconf.in
Hunk #1 succeeded at 341 (offset -6 lines).
+ ./configure --sysconfdir=/etc --libexecdir=/lib/resolvconf --mandir=/usr/share/man --rundir=/run
Deriving operating system from ... riscv64-unknown-linux
Configuring openresolv for ... linux

   SYSCONFDIR =		/etc
   SBINDIR =		/sbin
   LIBEXECDIR =		/lib/resolvconf
   VARDIR =		/run
   MANDIR =		/usr/share/man

   RESTARTCMD =		
   RCDIR =		
   STATUSARG =		

+ make V=1
sed	-e 's:@SBINDIR@:/sbin:g' -e 's:@SYSCONFDIR@:/etc:g' -e 's:@LIBEXECDIR@:/lib/resolvconf:g' \
	-e 's:@VARDIR@:/run/resolvconf:g' \
	-e 's:@RCDIR@::g' -e 's:@RESTARTCMD@::g' -e 's:@RCDIR@::g' -e 's:@STATUSARG@::g' \
	resolvconf.in > resolvconf
sed	-e 's:@SBINDIR@:/sbin:g' -e 's:@SYSCONFDIR@:/etc:g' -e 's:@LIBEXECDIR@:/lib/resolvconf:g' \
	-e 's:@VARDIR@:/run/resolvconf:g' \
	-e 's:@RCDIR@::g' -e 's:@RESTARTCMD@::g' -e 's:@RCDIR@::g' -e 's:@STATUSARG@::g' \
	resolvconf.8.in > resolvconf.8
sed	-e 's:@SBINDIR@:/sbin:g' -e 's:@SYSCONFDIR@:/etc:g' -e 's:@LIBEXECDIR@:/lib/resolvconf:g' \
	-e 's:@VARDIR@:/run/resolvconf:g' \
	-e 's:@RCDIR@::g' -e 's:@RESTARTCMD@::g' -e 's:@RCDIR@::g' -e 's:@STATUSARG@::g' \
	resolvconf.conf.5.in > resolvconf.conf.5
sed	-e 's:@SBINDIR@:/sbin:g' -e 's:@SYSCONFDIR@:/etc:g' -e 's:@LIBEXECDIR@:/lib/resolvconf:g' \
	-e 's:@VARDIR@:/run/resolvconf:g' \
	-e 's:@RCDIR@::g' -e 's:@RESTARTCMD@::g' -e 's:@RCDIR@::g' -e 's:@STATUSARG@::g' \
	libc.in > libc
sed	-e 's:@SBINDIR@:/sbin:g' -e 's:@SYSCONFDIR@:/etc:g' -e 's:@LIBEXECDIR@:/lib/resolvconf:g' \
	-e 's:@VARDIR@:/run/resolvconf:g' \
	-e 's:@RCDIR@::g' -e 's:@RESTARTCMD@::g' -e 's:@RCDIR@::g' -e 's:@STATUSARG@::g' \
	dnsmasq.in > dnsmasq
sed	-e 's:@SBINDIR@:/sbin:g' -e 's:@SYSCONFDIR@:/etc:g' -e 's:@LIBEXECDIR@:/lib/resolvconf:g' \
	-e 's:@VARDIR@:/run/resolvconf:g' \
	-e 's:@RCDIR@::g' -e 's:@RESTARTCMD@::g' -e 's:@RCDIR@::g' -e 's:@STATUSARG@::g' \
	named.in > named
sed	-e 's:@SBINDIR@:/sbin:g' -e 's:@SYSCONFDIR@:/etc:g' -e 's:@LIBEXECDIR@:/lib/resolvconf:g' \
	-e 's:@VARDIR@:/run/resolvconf:g' \
	-e 's:@RCDIR@::g' -e 's:@RESTARTCMD@::g' -e 's:@RCDIR@::g' -e 's:@STATUSARG@::g' \
	pdnsd.in > pdnsd
sed	-e 's:@SBINDIR@:/sbin:g' -e 's:@SYSCONFDIR@:/etc:g' -e 's:@LIBEXECDIR@:/lib/resolvconf:g' \
	-e 's:@VARDIR@:/run/resolvconf:g' \
	-e 's:@RCDIR@::g' -e 's:@RESTARTCMD@::g' -e 's:@RCDIR@::g' -e 's:@STATUSARG@::g' \
	pdns_recursor.in > pdns_recursor
sed	-e 's:@SBINDIR@:/sbin:g' -e 's:@SYSCONFDIR@:/etc:g' -e 's:@LIBEXECDIR@:/lib/resolvconf:g' \
	-e 's:@VARDIR@:/run/resolvconf:g' \
	-e 's:@RCDIR@::g' -e 's:@RESTARTCMD@::g' -e 's:@RCDIR@::g' -e 's:@STATUSARG@::g' \
	unbound.in > unbound
sed	-e 's:@SBINDIR@:/sbin:g' -e 's:@SYSCONFDIR@:/etc:g' -e 's:@LIBEXECDIR@:/lib/resolvconf:g' \
	-e 's:@VARDIR@:/run/resolvconf:g' \
	-e 's:@RCDIR@::g' -e 's:@RESTARTCMD@::g' -e 's:@RCDIR@::g' -e 's:@STATUSARG@::g' \
	avahi-daemon.in > avahi-daemon
sed	-e 's:@SBINDIR@:/sbin:g' -e 's:@SYSCONFDIR@:/etc:g' -e 's:@LIBEXECDIR@:/lib/resolvconf:g' \
	-e 's:@VARDIR@:/run/resolvconf:g' \
	-e 's:@RCDIR@::g' -e 's:@RESTARTCMD@::g' -e 's:@RCDIR@::g' -e 's:@STATUSARG@::g' \
	mdnsd.in > mdnsd
+ make DESTDIR=/home/devel/building/work/pkg install
install -d /home/devel/building/work/pkg/sbin
install -d /home/devel/building/work/pkg/usr/share/man/man8
install -m 0755 resolvconf /home/devel/building/work/pkg/sbin
install -m 0444 resolvconf.8 /home/devel/building/work/pkg/usr/share/man/man8
install -d /home/devel/building/work/pkg/etc
install -d /home/devel/building/work/pkg/usr/share/man/man5
test -e /home/devel/building/work/pkg/etc/resolvconf.conf || \
install -m 0644 resolvconf.conf /home/devel/building/work/pkg/etc
install -m 0444 resolvconf.conf.5 /home/devel/building/work/pkg/usr/share/man/man5
install -d /home/devel/building/work/pkg/lib/resolvconf
install -m 0644 libc dnsmasq named pdnsd pdns_recursor unbound /home/devel/building/work/pkg/lib/resolvconf
install -d /home/devel/building/work/pkg/lib/resolvconf/libc.d
install -m 0644 avahi-daemon mdnsd \
	/home/devel/building/work/pkg/lib/resolvconf/libc.d
=======> Build result:
drwxr-xr-x  0 root   root        0 Feb 21 21:33 etc/
-rw-r--r--  0 root   root      255 Feb 21 21:33 etc/resolvconf.conf
drwxr-xr-x  0 root   root        0 Feb 21 21:33 lib/
drwxr-xr-x  0 root   root        0 Feb 21 21:33 lib/resolvconf/
drwxr-xr-x  0 root   root        0 Feb 21 21:33 lib/resolvconf/libc.d/
-rw-r--r--  0 root   root     2990 Feb 21 21:33 lib/resolvconf/unbound
-rw-r--r--  0 root   root     2455 Feb 21 21:33 lib/resolvconf/pdns_recursor
-rw-r--r--  0 root   root     4377 Feb 21 21:33 lib/resolvconf/pdnsd
-rw-r--r--  0 root   root     3646 Feb 21 21:33 lib/resolvconf/named
-rw-r--r--  0 root   root     5795 Feb 21 21:33 lib/resolvconf/dnsmasq
-rw-r--r--  0 root   root     6760 Feb 21 21:33 lib/resolvconf/libc
-rw-r--r--  0 root   root     1541 Feb 21 21:33 lib/resolvconf/libc.d/mdnsd
-rw-r--r--  0 root   root     1570 Feb 21 21:33 lib/resolvconf/libc.d/avahi-daemon
drwxr-xr-x  0 root   root        0 Feb 21 21:33 sbin/
-rwxr-xr-x  0 root   root    23982 Feb 21 21:33 sbin/resolvconf
drwxr-xr-x  0 root   root        0 Feb 21 21:33 usr/
drwxr-xr-x  0 root   root        0 Feb 21 21:33 usr/share/
drwxr-xr-x  0 root   root        0 Feb 21 21:33 usr/share/man/
drwxr-xr-x  0 root   root        0 Feb 21 21:33 usr/share/man/man5/
drwxr-xr-x  0 root   root        0 Feb 21 21:33 usr/share/man/man8/
-r--r--r--  0 root   root     3569 Feb 21 21:33 usr/share/man/man8/resolvconf.8.gz
-r--r--r--  0 root   root     4074 Feb 21 21:33 usr/share/man/man5/resolvconf.conf.5.gz
=======> Building '/home/devel/packages/openresolv#3.12.0-1.riscv64.pkg.tar.zst' succeeded.
prt-get: Using PKGMK_PACKAGE_DIR: /home/devel/packages
prt-get: reinstalling openresolv 3.12.0-1
prt-get: /usr/bin/pkgadd -u openresolv#3.12.0-1.riscv64.pkg.tar.zst
prt-get: build done Tue Feb 21 21:33:41 2023

