prt-get: updating /usr/ports/core-riscv64/prt-get
prt-get: starting build Sun Feb 19 13:04:19 2023
=======> Building '/home/devel/packages/prt-get#5.19.6-4.riscv64.pkg.tar.zst'.
bsdtar -p -o -C /home/devel/building/work/src -xf /home/devel/sources/prt-get-5.19.6.tar.xz
cp prt-get-5.19.6-by-saux.patch /home/devel/building/work/src
cp prt-get.conf /home/devel/building/work/src
cp prt-get.aliases /home/devel/building/work/src
+ build
+ cd prt-get-5.19.6
+ patch -p1 -i /home/devel/building/work/src/prt-get-5.19.6-by-saux.patch
patching file Makefile.in
patching file src/installtransaction.cpp
+ ./configure --prefix=/usr
checking for a BSD-compatible install... /usr/bin/install -c
checking whether build environment is sane... yes
checking for a thread-safe mkdir -p... /bin/mkdir -p
checking for gawk... gawk
checking whether make sets $(MAKE)... yes
checking for g++... g++
checking whether the C++ compiler works... yes
checking for C++ compiler default output file name... a.out
checking for suffix of executables... 
checking whether we are cross compiling... no
checking for suffix of object files... o
checking whether we are using the GNU C++ compiler... yes
checking whether g++ accepts -g... yes
checking for style of include used by make... GNU
checking dependency style of g++... gcc3
checking for gcc... gcc
checking whether we are using the GNU C compiler... yes
checking whether gcc accepts -g... yes
checking for gcc option to accept ISO C89... none needed
checking dependency style of gcc... gcc3
checking for dirent.h that defines DIR... yes
checking for library containing opendir... none required
checking how to run the C preprocessor... gcc -E
checking for grep that handles long lines and -e... /usr/bin/grep
checking for egrep... /usr/bin/grep -E
checking for ANSI C header files... yes
checking for sys/types.h... yes
checking for sys/stat.h... yes
checking for stdlib.h... yes
checking for string.h... yes
checking for memory.h... yes
checking for strings.h... yes
checking for inttypes.h... yes
checking for stdint.h... yes
checking for unistd.h... yes
checking for unistd.h... (cached) yes
checking stdio.h usability... yes
checking stdio.h presence... yes
checking for stdio.h... yes
checking for sys/types.h... (cached) yes
checking for sys/stat.h... (cached) yes
checking fnmatch.h usability... yes
checking fnmatch.h presence... yes
checking for fnmatch.h... yes
checking dirent.h usability... yes
checking dirent.h presence... yes
checking for dirent.h... yes
checking fcntl.h usability... yes
checking fcntl.h presence... yes
checking for fcntl.h... yes
checking signal.h usability... yes
checking signal.h presence... yes
checking for signal.h... yes
checking regex.h usability... yes
checking regex.h presence... yes
checking for regex.h... yes
checking for an ANSI C-conforming const... yes
checking that generated files are newer than configure... done
configure: creating ./config.status
config.status: creating Makefile
config.status: creating src/Makefile
config.status: creating doc/Makefile
config.status: creating misc/Makefile
config.status: creating config.h
config.status: executing depfiles commands
+ make V=1
/usr/bin/make  all-recursive
make[1]: Entering directory '/home/devel/building/work/src/prt-get-5.19.6'
Making all in src
make[2]: Entering directory '/home/devel/building/work/src/prt-get-5.19.6/src'
g++ -DHAVE_CONFIG_H -I. -I..  -DSYSCONFDIR=\"/etc\" -DLOCALSTATEDIR=\"/var\"   -O2 -mabi=lp64d -march=rv64gc  -MT argparser.o -MD -MP -MF .deps/argparser.Tpo -c -o argparser.o argparser.cpp
g++ -DHAVE_CONFIG_H -I. -I..  -DSYSCONFDIR=\"/etc\" -DLOCALSTATEDIR=\"/var\"   -O2 -mabi=lp64d -march=rv64gc  -MT depresolver.o -MD -MP -MF .deps/depresolver.Tpo -c -o depresolver.o depresolver.cpp
g++ -DHAVE_CONFIG_H -I. -I..  -DSYSCONFDIR=\"/etc\" -DLOCALSTATEDIR=\"/var\"   -O2 -mabi=lp64d -march=rv64gc  -MT installtransaction.o -MD -MP -MF .deps/installtransaction.Tpo -c -o installtransaction.o installtransaction.cpp
g++ -DHAVE_CONFIG_H -I. -I..  -DSYSCONFDIR=\"/etc\" -DLOCALSTATEDIR=\"/var\"   -O2 -mabi=lp64d -march=rv64gc  -MT main.o -MD -MP -MF .deps/main.Tpo -c -o main.o main.cpp
g++ -DHAVE_CONFIG_H -I. -I..  -DSYSCONFDIR=\"/etc\" -DLOCALSTATEDIR=\"/var\"   -O2 -mabi=lp64d -march=rv64gc  -MT package.o -MD -MP -MF .deps/package.Tpo -c -o package.o package.cpp
g++ -DHAVE_CONFIG_H -I. -I..  -DSYSCONFDIR=\"/etc\" -DLOCALSTATEDIR=\"/var\"   -O2 -mabi=lp64d -march=rv64gc  -MT pkgdb.o -MD -MP -MF .deps/pkgdb.Tpo -c -o pkgdb.o pkgdb.cpp
g++ -DHAVE_CONFIG_H -I. -I..  -DSYSCONFDIR=\"/etc\" -DLOCALSTATEDIR=\"/var\"   -O2 -mabi=lp64d -march=rv64gc  -MT prtget.o -MD -MP -MF .deps/prtget.Tpo -c -o prtget.o prtget.cpp
g++ -DHAVE_CONFIG_H -I. -I..  -DSYSCONFDIR=\"/etc\" -DLOCALSTATEDIR=\"/var\"   -O2 -mabi=lp64d -march=rv64gc  -MT repository.o -MD -MP -MF .deps/repository.Tpo -c -o repository.o repository.cpp
mv -f .deps/depresolver.Tpo .deps/depresolver.Po
g++ -DHAVE_CONFIG_H -I. -I..  -DSYSCONFDIR=\"/etc\" -DLOCALSTATEDIR=\"/var\"   -O2 -mabi=lp64d -march=rv64gc  -MT stringhelper.o -MD -MP -MF .deps/stringhelper.Tpo -c -o stringhelper.o stringhelper.cpp
mv -f .deps/main.Tpo .deps/main.Po
g++ -DHAVE_CONFIG_H -I. -I..  -DSYSCONFDIR=\"/etc\" -DLOCALSTATEDIR=\"/var\"   -O2 -mabi=lp64d -march=rv64gc  -MT process.o -MD -MP -MF .deps/process.Tpo -c -o process.o process.cpp
mv -f .deps/argparser.Tpo .deps/argparser.Po
g++ -DHAVE_CONFIG_H -I. -I..  -DSYSCONFDIR=\"/etc\" -DLOCALSTATEDIR=\"/var\"   -O2 -mabi=lp64d -march=rv64gc  -MT configuration.o -MD -MP -MF .deps/configuration.Tpo -c -o configuration.o configuration.cpp
mv -f .deps/package.Tpo .deps/package.Po
g++ -DHAVE_CONFIG_H -I. -I..  -DSYSCONFDIR=\"/etc\" -DLOCALSTATEDIR=\"/var\"   -O2 -mabi=lp64d -march=rv64gc  -MT signaldispatcher.o -MD -MP -MF .deps/signaldispatcher.Tpo -c -o signaldispatcher.o signaldispatcher.cpp
mv -f .deps/pkgdb.Tpo .deps/pkgdb.Po
g++ -DHAVE_CONFIG_H -I. -I..  -DSYSCONFDIR=\"/etc\" -DLOCALSTATEDIR=\"/var\"   -O2 -mabi=lp64d -march=rv64gc  -MT lockfile.o -MD -MP -MF .deps/lockfile.Tpo -c -o lockfile.o lockfile.cpp
mv -f .deps/stringhelper.Tpo .deps/stringhelper.Po
g++ -DHAVE_CONFIG_H -I. -I..  -DSYSCONFDIR=\"/etc\" -DLOCALSTATEDIR=\"/var\"   -O2 -mabi=lp64d -march=rv64gc  -MT file.o -MD -MP -MF .deps/file.Tpo -c -o file.o file.cpp
mv -f .deps/process.Tpo .deps/process.Po
g++ -DHAVE_CONFIG_H -I. -I..  -DSYSCONFDIR=\"/etc\" -DLOCALSTATEDIR=\"/var\"   -O2 -mabi=lp64d -march=rv64gc  -MT locker.o -MD -MP -MF .deps/locker.Tpo -c -o locker.o locker.cpp
mv -f .deps/repository.Tpo .deps/repository.Po
g++ -DHAVE_CONFIG_H -I. -I..  -DSYSCONFDIR=\"/etc\" -DLOCALSTATEDIR=\"/var\"   -O2 -mabi=lp64d -march=rv64gc  -MT versioncomparator.o -MD -MP -MF .deps/versioncomparator.Tpo -c -o versioncomparator.o versioncomparator.cpp
mv -f .deps/lockfile.Tpo .deps/lockfile.Po
g++ -DHAVE_CONFIG_H -I. -I..  -DSYSCONFDIR=\"/etc\" -DLOCALSTATEDIR=\"/var\"   -O2 -mabi=lp64d -march=rv64gc  -MT datafileparser.o -MD -MP -MF .deps/datafileparser.Tpo -c -o datafileparser.o datafileparser.cpp
mv -f .deps/file.Tpo .deps/file.Po
mv -f .deps/configuration.Tpo .deps/configuration.Po
g++ -DHAVE_CONFIG_H -I. -I..  -DSYSCONFDIR=\"/etc\" -DLOCALSTATEDIR=\"/var\"   -O2 -mabi=lp64d -march=rv64gc  -MT pg_regex.o -MD -MP -MF .deps/pg_regex.Tpo -c -o pg_regex.o pg_regex.cpp
mv -f .deps/installtransaction.Tpo .deps/installtransaction.Po
mv -f .deps/signaldispatcher.Tpo .deps/signaldispatcher.Po
mv -f .deps/pg_regex.Tpo .deps/pg_regex.Po
mv -f .deps/locker.Tpo .deps/locker.Po
mv -f .deps/datafileparser.Tpo .deps/datafileparser.Po
mv -f .deps/versioncomparator.Tpo .deps/versioncomparator.Po
mv -f .deps/prtget.Tpo .deps/prtget.Po
g++  -O2 -mabi=lp64d -march=rv64gc    -o prt-get argparser.o depresolver.o installtransaction.o main.o package.o pkgdb.o prtget.o repository.o stringhelper.o process.o configuration.o signaldispatcher.o lockfile.o file.o locker.o versioncomparator.o datafileparser.o pg_regex.o  
make[2]: Leaving directory '/home/devel/building/work/src/prt-get-5.19.6/src'
Making all in doc
make[2]: Entering directory '/home/devel/building/work/src/prt-get-5.19.6/doc'
make[2]: Nothing to be done for 'all'.
make[2]: Leaving directory '/home/devel/building/work/src/prt-get-5.19.6/doc'
Making all in misc
make[2]: Entering directory '/home/devel/building/work/src/prt-get-5.19.6/misc'
make[2]: Nothing to be done for 'all'.
make[2]: Leaving directory '/home/devel/building/work/src/prt-get-5.19.6/misc'
make[2]: Entering directory '/home/devel/building/work/src/prt-get-5.19.6'
make[2]: Leaving directory '/home/devel/building/work/src/prt-get-5.19.6'
make[1]: Leaving directory '/home/devel/building/work/src/prt-get-5.19.6'
+ make DESTDIR=/home/devel/building/work/pkg install
Making install in src
make[1]: Entering directory '/home/devel/building/work/src/prt-get-5.19.6/src'
make[2]: Entering directory '/home/devel/building/work/src/prt-get-5.19.6/src'
make[2]: Nothing to be done for 'install-data-am'.
 /bin/mkdir -p '/home/devel/building/work/pkg/usr/bin'
  /usr/bin/install -c prt-get '/home/devel/building/work/pkg/usr/bin'
(cd /home/devel/building/work/pkg/usr/bin; ln -sf prt-get prt-cache)
make[2]: Leaving directory '/home/devel/building/work/src/prt-get-5.19.6/src'
make[1]: Leaving directory '/home/devel/building/work/src/prt-get-5.19.6/src'
Making install in doc
make[1]: Entering directory '/home/devel/building/work/src/prt-get-5.19.6/doc'
make[2]: Entering directory '/home/devel/building/work/src/prt-get-5.19.6/doc'
make[2]: Nothing to be done for 'install-exec-am'.
 /bin/mkdir -p '/home/devel/building/work/pkg/usr/share/man/man5'
 /bin/mkdir -p '/home/devel/building/work/pkg/usr/share/man/man8'
 /usr/bin/install -c -m 644 prt-get.conf.5 '/home/devel/building/work/pkg/usr/share/man/man5'
 /usr/bin/install -c -m 644 prt-get.8 prt-cache.8 '/home/devel/building/work/pkg/usr/share/man/man8'
make[2]: Leaving directory '/home/devel/building/work/src/prt-get-5.19.6/doc'
make[1]: Leaving directory '/home/devel/building/work/src/prt-get-5.19.6/doc'
Making install in misc
make[1]: Entering directory '/home/devel/building/work/src/prt-get-5.19.6/misc'
make[2]: Entering directory '/home/devel/building/work/src/prt-get-5.19.6/misc'
make[2]: Nothing to be done for 'install-data-am'.
 /bin/mkdir -p '/home/devel/building/work/pkg/etc'
 /usr/bin/install -c -m 644 prt-get.conf '/home/devel/building/work/pkg/etc'
make[2]: Leaving directory '/home/devel/building/work/src/prt-get-5.19.6/misc'
make[1]: Leaving directory '/home/devel/building/work/src/prt-get-5.19.6/misc'
make[1]: Entering directory '/home/devel/building/work/src/prt-get-5.19.6'
make[2]: Entering directory '/home/devel/building/work/src/prt-get-5.19.6'
make[2]: Nothing to be done for 'install-exec-am'.
make[2]: Nothing to be done for 'install-data-am'.
make[2]: Leaving directory '/home/devel/building/work/src/prt-get-5.19.6'
make[1]: Leaving directory '/home/devel/building/work/src/prt-get-5.19.6'
+ install -m 644 /home/devel/building/work/src/prt-get.conf /home/devel/building/work/pkg/etc/
+ install -D -m 644 /home/devel/building/work/src/prt-get.aliases /home/devel/building/work/pkg/var/lib/pkg/prt-get.aliases
=======> Build result:
drwxr-xr-x  0 root   root        0 Feb 19 13:05 etc/
-rw-r--r--  0 root   root     1216 Feb 19 13:05 etc/prt-get.conf
drwxr-xr-x  0 root   root        0 Feb 19 13:05 usr/
drwxr-xr-x  0 root   root        0 Feb 19 13:05 usr/share/
drwxr-xr-x  0 root   root        0 Feb 19 13:05 usr/bin/
lrwxrwxrwx  0 root   root        0 Feb 19 13:05 usr/bin/prt-cache -> prt-get
-rwxr-xr-x  0 root   root   187536 Feb 19 13:05 usr/bin/prt-get
drwxr-xr-x  0 root   root        0 Feb 19 13:05 usr/share/man/
drwxr-xr-x  0 root   root        0 Feb 19 13:05 usr/share/man/man8/
drwxr-xr-x  0 root   root        0 Feb 19 13:05 usr/share/man/man5/
-rw-r--r--  0 root   root     1919 Feb 19 13:05 usr/share/man/man5/prt-get.conf.5.gz
-rw-r--r--  0 root   root     4916 Feb 19 13:05 usr/share/man/man8/prt-get.8.gz
-rw-r--r--  0 root   root      703 Feb 19 13:05 usr/share/man/man8/prt-cache.8.gz
drwxr-xr-x  0 root   root        0 Feb 19 13:05 var/
drwxr-xr-x  0 root   root        0 Feb 19 13:05 var/lib/
drwxr-xr-x  0 root   root        0 Feb 19 13:05 var/lib/pkg/
-rw-r--r--  0 root   root      130 Feb 19 13:05 var/lib/pkg/prt-get.aliases
=======> Building '/home/devel/packages/prt-get#5.19.6-4.riscv64.pkg.tar.zst' succeeded.
prt-get: Using PKGMK_PACKAGE_DIR: /home/devel/packages
prt-get: reinstalling prt-get 5.19.6-4
prt-get: /usr/bin/pkgadd -u prt-get#5.19.6-4.riscv64.pkg.tar.zst
prt-get: build done Sun Feb 19 13:05:02 2023

pkgadd: rejecting etc/prt-get.conf, keeping existing version
