prt-get: updating /usr/ports/core-riscv64/file
prt-get: starting build Tue Feb 21 16:01:08 2023
=======> Building '/home/devel/packages/file#5.44-1.riscv64.pkg.tar.zst'.
bsdtar -p -o -C /home/devel/building/work/src -xf /home/devel/sources/file-5.44.tar.gz
+ build
+ cd file-5.44
+ ./configure --prefix=/usr --enable-fsect-man5 --enable-libseccomp
checking for a BSD-compatible install... /usr/bin/install -c
checking whether build environment is sane... yes
checking for a thread-safe mkdir -p... /bin/mkdir -p
checking for gawk... gawk
checking whether make sets $(MAKE)... yes
checking whether make supports nested variables... yes
checking whether make supports nested variables... (cached) yes
checking for builtin ELF support... yes
checking for ELF core file support... yes
checking for zlib support... 
checking for bzlib support... 
checking for xzlib support... 
checking for zstdlib support... 
checking for lzlib support... 
checking for libseccomp support... yes
checking for file formats in man section 5... yes
checking build system type... riscv64-unknown-linux-gnu
checking host system type... riscv64-unknown-linux-gnu
checking for gcc... gcc
checking whether the C compiler works... yes
checking for C compiler default output file name... a.out
checking for suffix of executables... 
checking whether we are cross compiling... no
checking for suffix of object files... o
checking whether we are using the GNU C compiler... yes
checking whether gcc accepts -g... yes
checking for gcc option to accept ISO C89... none needed
checking whether gcc understands -c and -o together... yes
checking whether make supports the include directive... yes (GNU style)
checking dependency style of gcc... gcc3
checking how to run the C preprocessor... gcc -E
checking for grep that handles long lines and -e... /usr/bin/grep
checking for egrep... /usr/bin/grep -E
checking for ANSI C header files... yes
checking for sys/types.h... yes
checking for sys/stat.h... yes
checking for stdlib.h... yes
checking for string.h... yes
checking for memory.h... yes
checking for strings.h... yes
checking for inttypes.h... yes
checking for stdint.h... yes
checking for unistd.h... yes
checking minix/config.h usability... no
checking minix/config.h presence... no
checking for minix/config.h... no
checking whether it is safe to define __EXTENSIONS__... yes
checking whether byte ordering is bigendian... no
checking whether ln -s works... yes
checking how to print strings... printf
checking for a sed that does not truncate output... /bin/sed
checking for fgrep... /usr/bin/grep -F
checking for ld used by gcc... /usr/bin/ld
checking if the linker (/usr/bin/ld) is GNU ld... yes
checking for BSD- or MS-compatible name lister (nm)... /usr/bin/nm -B
checking the name lister (/usr/bin/nm -B) interface... BSD nm
checking the maximum length of command line arguments... 1572864
checking how to convert riscv64-unknown-linux-gnu file names to riscv64-unknown-linux-gnu format... func_convert_file_noop
checking how to convert riscv64-unknown-linux-gnu file names to toolchain format... func_convert_file_noop
checking for /usr/bin/ld option to reload object files... -r
checking for objdump... objdump
checking how to recognize dependent libraries... pass_all
checking for dlltool... no
checking how to associate runtime and link libraries... printf %s\n
checking for ar... ar
checking for archiver @FILE support... @
checking for strip... strip
checking for ranlib... ranlib
checking command to parse /usr/bin/nm -B output from gcc object... ok
checking for sysroot... no
checking for a working dd... /bin/dd
checking how to truncate binary pipes... /bin/dd bs=4096 count=1
checking for mt... no
checking if : is a manifest tool... no
checking for dlfcn.h... yes
checking for objdir... .libs
checking if gcc supports -fno-rtti -fno-exceptions... no
checking for gcc option to produce PIC... -fPIC -DPIC
checking if gcc PIC flag -fPIC -DPIC works... yes
checking if gcc static flag -static works... yes
checking if gcc supports -c -o file.o... yes
checking if gcc supports -c -o file.o... (cached) yes
checking whether the gcc linker (/usr/bin/ld) supports shared libraries... yes
checking whether -lc should be explicitly linked in... no
checking dynamic linker characteristics... GNU/Linux ld.so
checking how to hardcode library paths into programs... immediate
checking whether stripping libraries is possible... yes
checking if libtool supports shared libraries... yes
checking whether to build shared libraries... yes
checking whether to build static libraries... no
checking whether the -Werror option is usable... yes
checking for simple visibility declarations... yes
checking whether sys/types.h defines makedev... no
checking sys/mkdev.h usability... no
checking sys/mkdev.h presence... no
checking for sys/mkdev.h... no
checking sys/sysmacros.h usability... yes
checking sys/sysmacros.h presence... yes
checking for sys/sysmacros.h... yes
checking for sys/wait.h that is POSIX.1 compatible... yes
checking for stdint.h... (cached) yes
checking fcntl.h usability... yes
checking fcntl.h presence... yes
checking for fcntl.h... yes
checking for inttypes.h... (cached) yes
checking for unistd.h... (cached) yes
checking byteswap.h usability... yes
checking byteswap.h presence... yes
checking for byteswap.h... yes
checking spawn.h usability... yes
checking spawn.h presence... yes
checking for spawn.h... yes
checking utime.h usability... yes
checking utime.h presence... yes
checking for utime.h... yes
checking wchar.h usability... yes
checking wchar.h presence... yes
checking for wchar.h... yes
checking wctype.h usability... yes
checking wctype.h presence... yes
checking for wctype.h... yes
checking getopt.h usability... yes
checking getopt.h presence... yes
checking for getopt.h... yes
checking err.h usability... yes
checking err.h presence... yes
checking for err.h... yes
checking xlocale.h usability... no
checking xlocale.h presence... no
checking for xlocale.h... no
checking sys/bswap.h usability... no
checking sys/bswap.h presence... no
checking for sys/bswap.h... no
checking sys/mman.h usability... yes
checking sys/mman.h presence... yes
checking for sys/mman.h... yes
checking for sys/stat.h... (cached) yes
checking for sys/types.h... (cached) yes
checking sys/utime.h usability... no
checking sys/utime.h presence... no
checking for sys/utime.h... no
checking sys/time.h usability... yes
checking sys/time.h presence... yes
checking for sys/time.h... yes
checking for sys/sysmacros.h... (cached) yes
checking sys/ioctl.h usability... yes
checking sys/ioctl.h presence... yes
checking for sys/ioctl.h... yes
checking zlib.h usability... yes
checking zlib.h presence... yes
checking for zlib.h... yes
checking bzlib.h usability... yes
checking bzlib.h presence... yes
checking for bzlib.h... yes
checking lzma.h usability... yes
checking lzma.h presence... yes
checking for lzma.h... yes
checking zstd.h usability... yes
checking zstd.h presence... yes
checking for zstd.h... yes
checking zstd_errors.h usability... yes
checking zstd_errors.h presence... yes
checking for zstd_errors.h... yes
checking lzlib.h usability... no
checking lzlib.h presence... no
checking for lzlib.h... no
checking for sig_t... yes
checking for off_t... yes
checking for size_t... yes
checking for struct stat.st_rdev... yes
checking for struct tm.tm_gmtoff... yes
checking whether struct tm is in sys/time.h or time.h... time.h
checking for struct tm.tm_zone... yes
checking for tm_zone in struct tm... yes
checking whether tzname is declared... yes
checking for tzname... yes
checking for tm_isdst in struct tm... yes
checking whether daylight is declared... yes
checking for daylight... yes
checking for special C compiler options needed for large files... no
checking for _FILE_OFFSET_BITS value needed for large files... no
checking for _LARGEFILE_SOURCE value needed for large files... no
checking for mbstate_t... yes
checking for struct option in getopt... yes
checking for pid_t... yes
checking for uint8_t... yes
checking for uint16_t... yes
checking for uint32_t... yes
checking for int32_t... yes
checking for uint64_t... yes
checking for int64_t... yes
checking for intptr_t... yes
checking for uintptr_t... yes
checking for stdlib.h... (cached) yes
checking for unistd.h... (cached) yes
checking for sys/param.h... yes
checking for getpagesize... yes
checking for working mmap... yes
checking vfork.h usability... no
checking vfork.h presence... no
checking for vfork.h... no
checking for fork... yes
checking for vfork... yes
checking for working fork... yes
checking for working vfork... (cached) yes
checking whether mbrtowc and mbstate_t are properly declared... yes
checking for gcc compiler warnings... yes
checking for strndup... yes
checking for mkstemp... yes
checking for mkostemp... yes
checking for utimes... yes
checking for utime... yes
checking for wcwidth... yes
checking for strtof... yes
checking for newlocale... yes
checking for uselocale... yes
checking for freelocale... yes
checking for memmem... yes
checking for pipe2... yes
checking for posix_spawnp... yes
checking for getopt_long... yes
checking for asprintf... yes
checking for vasprintf... yes
checking for strlcpy... no
checking for strlcat... no
checking for getline... yes
checking for ctime_r... yes
checking for asctime_r... yes
checking for localtime_r... yes
checking for gmtime_r... yes
checking for pread... yes
checking for strcasestr... yes
checking for fmtcheck... no
checking for dprintf... yes
checking for gzopen in -lz... yes
checking for BZ2_bzCompressInit in -lbz2... yes
checking for lzma_stream_decoder in -llzma... yes
checking for ZSTD_createDStream in -lzstd... yes
checking for LZ_decompress_open in -llz... no
checking for seccomp_init in -lseccomp... yes
checking that generated files are newer than configure... done
configure: creating ./config.status
config.status: creating Makefile
config.status: creating src/Makefile
config.status: creating magic/Makefile
config.status: creating tests/Makefile
config.status: creating doc/Makefile
config.status: creating python/Makefile
config.status: creating libmagic.pc
config.status: creating config.h
config.status: executing depfiles commands
config.status: executing libtool commands
+ make V=1
/usr/bin/make  all-recursive
make[1]: Entering directory '/home/devel/building/work/src/file-5.44'
Making all in src
make[2]: Entering directory '/home/devel/building/work/src/file-5.44/src'
sed -e "s/X.YY/$(echo 5.44 | tr -d .)/" < ../src/magic.h.in > magic.h
/usr/bin/make  all-am
make[3]: Entering directory '/home/devel/building/work/src/file-5.44/src'
depbase=`echo file.o | sed 's|[^/]*$|.deps/&|;s|\.o$||'`;\
gcc -DHAVE_CONFIG_H -I. -I..  -DMAGIC='"/usr/share/misc/magic"'  -fvisibility=hidden -Wall -Wstrict-prototypes -Wmissing-prototypes -Wpointer-arith        -Wmissing-declarations -Wredundant-decls -Wnested-externs        -Wsign-compare -Wreturn-type -Wswitch -Wshadow        -Wcast-qual -Wwrite-strings -Wextra -Wunused-parameter -Wformat=2 -O2 -mabi=lp64d -march=rv64gc -MT file.o -MD -MP -MF $depbase.Tpo -c -o file.o file.c &&\
mv -f $depbase.Tpo $depbase.Po
depbase=`echo seccomp.o | sed 's|[^/]*$|.deps/&|;s|\.o$||'`;\
gcc -DHAVE_CONFIG_H -I. -I..  -DMAGIC='"/usr/share/misc/magic"'  -fvisibility=hidden -Wall -Wstrict-prototypes -Wmissing-prototypes -Wpointer-arith        -Wmissing-declarations -Wredundant-decls -Wnested-externs        -Wsign-compare -Wreturn-type -Wswitch -Wshadow        -Wcast-qual -Wwrite-strings -Wextra -Wunused-parameter -Wformat=2 -O2 -mabi=lp64d -march=rv64gc -MT seccomp.o -MD -MP -MF $depbase.Tpo -c -o seccomp.o seccomp.c &&\
mv -f $depbase.Tpo $depbase.Po
depbase=`echo buffer.lo | sed 's|[^/]*$|.deps/&|;s|\.lo$||'`;\
/bin/sh ../libtool  --tag=CC   --mode=compile gcc -DHAVE_CONFIG_H -I. -I..  -DMAGIC='"/usr/share/misc/magic"'  -fvisibility=hidden -Wall -Wstrict-prototypes -Wmissing-prototypes -Wpointer-arith        -Wmissing-declarations -Wredundant-decls -Wnested-externs        -Wsign-compare -Wreturn-type -Wswitch -Wshadow        -Wcast-qual -Wwrite-strings -Wextra -Wunused-parameter -Wformat=2 -O2 -mabi=lp64d -march=rv64gc -MT buffer.lo -MD -MP -MF $depbase.Tpo -c -o buffer.lo buffer.c &&\
mv -f $depbase.Tpo $depbase.Plo
depbase=`echo magic.lo | sed 's|[^/]*$|.deps/&|;s|\.lo$||'`;\
/bin/sh ../libtool  --tag=CC   --mode=compile gcc -DHAVE_CONFIG_H -I. -I..  -DMAGIC='"/usr/share/misc/magic"'  -fvisibility=hidden -Wall -Wstrict-prototypes -Wmissing-prototypes -Wpointer-arith        -Wmissing-declarations -Wredundant-decls -Wnested-externs        -Wsign-compare -Wreturn-type -Wswitch -Wshadow        -Wcast-qual -Wwrite-strings -Wextra -Wunused-parameter -Wformat=2 -O2 -mabi=lp64d -march=rv64gc -MT magic.lo -MD -MP -MF $depbase.Tpo -c -o magic.lo magic.c &&\
mv -f $depbase.Tpo $depbase.Plo
depbase=`echo apprentice.lo | sed 's|[^/]*$|.deps/&|;s|\.lo$||'`;\
/bin/sh ../libtool  --tag=CC   --mode=compile gcc -DHAVE_CONFIG_H -I. -I..  -DMAGIC='"/usr/share/misc/magic"'  -fvisibility=hidden -Wall -Wstrict-prototypes -Wmissing-prototypes -Wpointer-arith        -Wmissing-declarations -Wredundant-decls -Wnested-externs        -Wsign-compare -Wreturn-type -Wswitch -Wshadow        -Wcast-qual -Wwrite-strings -Wextra -Wunused-parameter -Wformat=2 -O2 -mabi=lp64d -march=rv64gc -MT apprentice.lo -MD -MP -MF $depbase.Tpo -c -o apprentice.lo apprentice.c &&\
mv -f $depbase.Tpo $depbase.Plo
depbase=`echo softmagic.lo | sed 's|[^/]*$|.deps/&|;s|\.lo$||'`;\
/bin/sh ../libtool  --tag=CC   --mode=compile gcc -DHAVE_CONFIG_H -I. -I..  -DMAGIC='"/usr/share/misc/magic"'  -fvisibility=hidden -Wall -Wstrict-prototypes -Wmissing-prototypes -Wpointer-arith        -Wmissing-declarations -Wredundant-decls -Wnested-externs        -Wsign-compare -Wreturn-type -Wswitch -Wshadow        -Wcast-qual -Wwrite-strings -Wextra -Wunused-parameter -Wformat=2 -O2 -mabi=lp64d -march=rv64gc -MT softmagic.lo -MD -MP -MF $depbase.Tpo -c -o softmagic.lo softmagic.c &&\
mv -f $depbase.Tpo $depbase.Plo
depbase=`echo ascmagic.lo | sed 's|[^/]*$|.deps/&|;s|\.lo$||'`;\
/bin/sh ../libtool  --tag=CC   --mode=compile gcc -DHAVE_CONFIG_H -I. -I..  -DMAGIC='"/usr/share/misc/magic"'  -fvisibility=hidden -Wall -Wstrict-prototypes -Wmissing-prototypes -Wpointer-arith        -Wmissing-declarations -Wredundant-decls -Wnested-externs        -Wsign-compare -Wreturn-type -Wswitch -Wshadow        -Wcast-qual -Wwrite-strings -Wextra -Wunused-parameter -Wformat=2 -O2 -mabi=lp64d -march=rv64gc -MT ascmagic.lo -MD -MP -MF $depbase.Tpo -c -o ascmagic.lo ascmagic.c &&\
mv -f $depbase.Tpo $depbase.Plo
depbase=`echo encoding.lo | sed 's|[^/]*$|.deps/&|;s|\.lo$||'`;\
/bin/sh ../libtool  --tag=CC   --mode=compile gcc -DHAVE_CONFIG_H -I. -I..  -DMAGIC='"/usr/share/misc/magic"'  -fvisibility=hidden -Wall -Wstrict-prototypes -Wmissing-prototypes -Wpointer-arith        -Wmissing-declarations -Wredundant-decls -Wnested-externs        -Wsign-compare -Wreturn-type -Wswitch -Wshadow        -Wcast-qual -Wwrite-strings -Wextra -Wunused-parameter -Wformat=2 -O2 -mabi=lp64d -march=rv64gc -MT encoding.lo -MD -MP -MF $depbase.Tpo -c -o encoding.lo encoding.c &&\
mv -f $depbase.Tpo $depbase.Plo
libtool: compile:  gcc -DHAVE_CONFIG_H -I. -I.. -DMAGIC=\"/usr/share/misc/magic\" -fvisibility=hidden -Wall -Wstrict-prototypes -Wmissing-prototypes -Wpointer-arith -Wmissing-declarations -Wredundant-decls -Wnested-externs -Wsign-compare -Wreturn-type -Wswitch -Wshadow -Wcast-qual -Wwrite-strings -Wextra -Wunused-parameter -Wformat=2 -O2 -mabi=lp64d -march=rv64gc -MT buffer.lo -MD -MP -MF .deps/buffer.Tpo -c buffer.c  -fPIC -DPIC -o .libs/buffer.o
libtool: compile:  gcc -DHAVE_CONFIG_H -I. -I.. -DMAGIC=\"/usr/share/misc/magic\" -fvisibility=hidden -Wall -Wstrict-prototypes -Wmissing-prototypes -Wpointer-arith -Wmissing-declarations -Wredundant-decls -Wnested-externs -Wsign-compare -Wreturn-type -Wswitch -Wshadow -Wcast-qual -Wwrite-strings -Wextra -Wunused-parameter -Wformat=2 -O2 -mabi=lp64d -march=rv64gc -MT magic.lo -MD -MP -MF .deps/magic.Tpo -c magic.c  -fPIC -DPIC -o .libs/magic.o
libtool: compile:  gcc -DHAVE_CONFIG_H -I. -I.. -DMAGIC=\"/usr/share/misc/magic\" -fvisibility=hidden -Wall -Wstrict-prototypes -Wmissing-prototypes -Wpointer-arith -Wmissing-declarations -Wredundant-decls -Wnested-externs -Wsign-compare -Wreturn-type -Wswitch -Wshadow -Wcast-qual -Wwrite-strings -Wextra -Wunused-parameter -Wformat=2 -O2 -mabi=lp64d -march=rv64gc -MT softmagic.lo -MD -MP -MF .deps/softmagic.Tpo -c softmagic.c  -fPIC -DPIC -o .libs/softmagic.o
libtool: compile:  gcc -DHAVE_CONFIG_H -I. -I.. -DMAGIC=\"/usr/share/misc/magic\" -fvisibility=hidden -Wall -Wstrict-prototypes -Wmissing-prototypes -Wpointer-arith -Wmissing-declarations -Wredundant-decls -Wnested-externs -Wsign-compare -Wreturn-type -Wswitch -Wshadow -Wcast-qual -Wwrite-strings -Wextra -Wunused-parameter -Wformat=2 -O2 -mabi=lp64d -march=rv64gc -MT encoding.lo -MD -MP -MF .deps/encoding.Tpo -c encoding.c  -fPIC -DPIC -o .libs/encoding.o
libtool: compile:  gcc -DHAVE_CONFIG_H -I. -I.. -DMAGIC=\"/usr/share/misc/magic\" -fvisibility=hidden -Wall -Wstrict-prototypes -Wmissing-prototypes -Wpointer-arith -Wmissing-declarations -Wredundant-decls -Wnested-externs -Wsign-compare -Wreturn-type -Wswitch -Wshadow -Wcast-qual -Wwrite-strings -Wextra -Wunused-parameter -Wformat=2 -O2 -mabi=lp64d -march=rv64gc -MT apprentice.lo -MD -MP -MF .deps/apprentice.Tpo -c apprentice.c  -fPIC -DPIC -o .libs/apprentice.o
libtool: compile:  gcc -DHAVE_CONFIG_H -I. -I.. -DMAGIC=\"/usr/share/misc/magic\" -fvisibility=hidden -Wall -Wstrict-prototypes -Wmissing-prototypes -Wpointer-arith -Wmissing-declarations -Wredundant-decls -Wnested-externs -Wsign-compare -Wreturn-type -Wswitch -Wshadow -Wcast-qual -Wwrite-strings -Wextra -Wunused-parameter -Wformat=2 -O2 -mabi=lp64d -march=rv64gc -MT ascmagic.lo -MD -MP -MF .deps/ascmagic.Tpo -c ascmagic.c  -fPIC -DPIC -o .libs/ascmagic.o
depbase=`echo compress.lo | sed 's|[^/]*$|.deps/&|;s|\.lo$||'`;\
/bin/sh ../libtool  --tag=CC   --mode=compile gcc -DHAVE_CONFIG_H -I. -I..  -DMAGIC='"/usr/share/misc/magic"'  -fvisibility=hidden -Wall -Wstrict-prototypes -Wmissing-prototypes -Wpointer-arith        -Wmissing-declarations -Wredundant-decls -Wnested-externs        -Wsign-compare -Wreturn-type -Wswitch -Wshadow        -Wcast-qual -Wwrite-strings -Wextra -Wunused-parameter -Wformat=2 -O2 -mabi=lp64d -march=rv64gc -MT compress.lo -MD -MP -MF $depbase.Tpo -c -o compress.lo compress.c &&\
mv -f $depbase.Tpo $depbase.Plo
depbase=`echo is_csv.lo | sed 's|[^/]*$|.deps/&|;s|\.lo$||'`;\
/bin/sh ../libtool  --tag=CC   --mode=compile gcc -DHAVE_CONFIG_H -I. -I..  -DMAGIC='"/usr/share/misc/magic"'  -fvisibility=hidden -Wall -Wstrict-prototypes -Wmissing-prototypes -Wpointer-arith        -Wmissing-declarations -Wredundant-decls -Wnested-externs        -Wsign-compare -Wreturn-type -Wswitch -Wshadow        -Wcast-qual -Wwrite-strings -Wextra -Wunused-parameter -Wformat=2 -O2 -mabi=lp64d -march=rv64gc -MT is_csv.lo -MD -MP -MF $depbase.Tpo -c -o is_csv.lo is_csv.c &&\
mv -f $depbase.Tpo $depbase.Plo
libtool: compile:  gcc -DHAVE_CONFIG_H -I. -I.. -DMAGIC=\"/usr/share/misc/magic\" -fvisibility=hidden -Wall -Wstrict-prototypes -Wmissing-prototypes -Wpointer-arith -Wmissing-declarations -Wredundant-decls -Wnested-externs -Wsign-compare -Wreturn-type -Wswitch -Wshadow -Wcast-qual -Wwrite-strings -Wextra -Wunused-parameter -Wformat=2 -O2 -mabi=lp64d -march=rv64gc -MT compress.lo -MD -MP -MF .deps/compress.Tpo -c compress.c  -fPIC -DPIC -o .libs/compress.o
depbase=`echo is_json.lo | sed 's|[^/]*$|.deps/&|;s|\.lo$||'`;\
/bin/sh ../libtool  --tag=CC   --mode=compile gcc -DHAVE_CONFIG_H -I. -I..  -DMAGIC='"/usr/share/misc/magic"'  -fvisibility=hidden -Wall -Wstrict-prototypes -Wmissing-prototypes -Wpointer-arith        -Wmissing-declarations -Wredundant-decls -Wnested-externs        -Wsign-compare -Wreturn-type -Wswitch -Wshadow        -Wcast-qual -Wwrite-strings -Wextra -Wunused-parameter -Wformat=2 -O2 -mabi=lp64d -march=rv64gc -MT is_json.lo -MD -MP -MF $depbase.Tpo -c -o is_json.lo is_json.c &&\
mv -f $depbase.Tpo $depbase.Plo
depbase=`echo is_tar.lo | sed 's|[^/]*$|.deps/&|;s|\.lo$||'`;\
/bin/sh ../libtool  --tag=CC   --mode=compile gcc -DHAVE_CONFIG_H -I. -I..  -DMAGIC='"/usr/share/misc/magic"'  -fvisibility=hidden -Wall -Wstrict-prototypes -Wmissing-prototypes -Wpointer-arith        -Wmissing-declarations -Wredundant-decls -Wnested-externs        -Wsign-compare -Wreturn-type -Wswitch -Wshadow        -Wcast-qual -Wwrite-strings -Wextra -Wunused-parameter -Wformat=2 -O2 -mabi=lp64d -march=rv64gc -MT is_tar.lo -MD -MP -MF $depbase.Tpo -c -o is_tar.lo is_tar.c &&\
mv -f $depbase.Tpo $depbase.Plo
libtool: compile:  gcc -DHAVE_CONFIG_H -I. -I.. -DMAGIC=\"/usr/share/misc/magic\" -fvisibility=hidden -Wall -Wstrict-prototypes -Wmissing-prototypes -Wpointer-arith -Wmissing-declarations -Wredundant-decls -Wnested-externs -Wsign-compare -Wreturn-type -Wswitch -Wshadow -Wcast-qual -Wwrite-strings -Wextra -Wunused-parameter -Wformat=2 -O2 -mabi=lp64d -march=rv64gc -MT is_csv.lo -MD -MP -MF .deps/is_csv.Tpo -c is_csv.c  -fPIC -DPIC -o .libs/is_csv.o
depbase=`echo readelf.lo | sed 's|[^/]*$|.deps/&|;s|\.lo$||'`;\
/bin/sh ../libtool  --tag=CC   --mode=compile gcc -DHAVE_CONFIG_H -I. -I..  -DMAGIC='"/usr/share/misc/magic"'  -fvisibility=hidden -Wall -Wstrict-prototypes -Wmissing-prototypes -Wpointer-arith        -Wmissing-declarations -Wredundant-decls -Wnested-externs        -Wsign-compare -Wreturn-type -Wswitch -Wshadow        -Wcast-qual -Wwrite-strings -Wextra -Wunused-parameter -Wformat=2 -O2 -mabi=lp64d -march=rv64gc -MT readelf.lo -MD -MP -MF $depbase.Tpo -c -o readelf.lo readelf.c &&\
mv -f $depbase.Tpo $depbase.Plo
depbase=`echo print.lo | sed 's|[^/]*$|.deps/&|;s|\.lo$||'`;\
/bin/sh ../libtool  --tag=CC   --mode=compile gcc -DHAVE_CONFIG_H -I. -I..  -DMAGIC='"/usr/share/misc/magic"'  -fvisibility=hidden -Wall -Wstrict-prototypes -Wmissing-prototypes -Wpointer-arith        -Wmissing-declarations -Wredundant-decls -Wnested-externs        -Wsign-compare -Wreturn-type -Wswitch -Wshadow        -Wcast-qual -Wwrite-strings -Wextra -Wunused-parameter -Wformat=2 -O2 -mabi=lp64d -march=rv64gc -MT print.lo -MD -MP -MF $depbase.Tpo -c -o print.lo print.c &&\
mv -f $depbase.Tpo $depbase.Plo
libtool: compile:  gcc -DHAVE_CONFIG_H -I. -I.. -DMAGIC=\"/usr/share/misc/magic\" -fvisibility=hidden -Wall -Wstrict-prototypes -Wmissing-prototypes -Wpointer-arith -Wmissing-declarations -Wredundant-decls -Wnested-externs -Wsign-compare -Wreturn-type -Wswitch -Wshadow -Wcast-qual -Wwrite-strings -Wextra -Wunused-parameter -Wformat=2 -O2 -mabi=lp64d -march=rv64gc -MT is_json.lo -MD -MP -MF .deps/is_json.Tpo -c is_json.c  -fPIC -DPIC -o .libs/is_json.o
libtool: compile:  gcc -DHAVE_CONFIG_H -I. -I.. -DMAGIC=\"/usr/share/misc/magic\" -fvisibility=hidden -Wall -Wstrict-prototypes -Wmissing-prototypes -Wpointer-arith -Wmissing-declarations -Wredundant-decls -Wnested-externs -Wsign-compare -Wreturn-type -Wswitch -Wshadow -Wcast-qual -Wwrite-strings -Wextra -Wunused-parameter -Wformat=2 -O2 -mabi=lp64d -march=rv64gc -MT is_tar.lo -MD -MP -MF .deps/is_tar.Tpo -c is_tar.c  -fPIC -DPIC -o .libs/is_tar.o
libtool: compile:  gcc -DHAVE_CONFIG_H -I. -I.. -DMAGIC=\"/usr/share/misc/magic\" -fvisibility=hidden -Wall -Wstrict-prototypes -Wmissing-prototypes -Wpointer-arith -Wmissing-declarations -Wredundant-decls -Wnested-externs -Wsign-compare -Wreturn-type -Wswitch -Wshadow -Wcast-qual -Wwrite-strings -Wextra -Wunused-parameter -Wformat=2 -O2 -mabi=lp64d -march=rv64gc -MT readelf.lo -MD -MP -MF .deps/readelf.Tpo -c readelf.c  -fPIC -DPIC -o .libs/readelf.o
libtool: compile:  gcc -DHAVE_CONFIG_H -I. -I.. -DMAGIC=\"/usr/share/misc/magic\" -fvisibility=hidden -Wall -Wstrict-prototypes -Wmissing-prototypes -Wpointer-arith -Wmissing-declarations -Wredundant-decls -Wnested-externs -Wsign-compare -Wreturn-type -Wswitch -Wshadow -Wcast-qual -Wwrite-strings -Wextra -Wunused-parameter -Wformat=2 -O2 -mabi=lp64d -march=rv64gc -MT print.lo -MD -MP -MF .deps/print.Tpo -c print.c  -fPIC -DPIC -o .libs/print.o
depbase=`echo fsmagic.lo | sed 's|[^/]*$|.deps/&|;s|\.lo$||'`;\
/bin/sh ../libtool  --tag=CC   --mode=compile gcc -DHAVE_CONFIG_H -I. -I..  -DMAGIC='"/usr/share/misc/magic"'  -fvisibility=hidden -Wall -Wstrict-prototypes -Wmissing-prototypes -Wpointer-arith        -Wmissing-declarations -Wredundant-decls -Wnested-externs        -Wsign-compare -Wreturn-type -Wswitch -Wshadow        -Wcast-qual -Wwrite-strings -Wextra -Wunused-parameter -Wformat=2 -O2 -mabi=lp64d -march=rv64gc -MT fsmagic.lo -MD -MP -MF $depbase.Tpo -c -o fsmagic.lo fsmagic.c &&\
mv -f $depbase.Tpo $depbase.Plo
libtool: compile:  gcc -DHAVE_CONFIG_H -I. -I.. -DMAGIC=\"/usr/share/misc/magic\" -fvisibility=hidden -Wall -Wstrict-prototypes -Wmissing-prototypes -Wpointer-arith -Wmissing-declarations -Wredundant-decls -Wnested-externs -Wsign-compare -Wreturn-type -Wswitch -Wshadow -Wcast-qual -Wwrite-strings -Wextra -Wunused-parameter -Wformat=2 -O2 -mabi=lp64d -march=rv64gc -MT fsmagic.lo -MD -MP -MF .deps/fsmagic.Tpo -c fsmagic.c  -fPIC -DPIC -o .libs/fsmagic.o
depbase=`echo funcs.lo | sed 's|[^/]*$|.deps/&|;s|\.lo$||'`;\
/bin/sh ../libtool  --tag=CC   --mode=compile gcc -DHAVE_CONFIG_H -I. -I..  -DMAGIC='"/usr/share/misc/magic"'  -fvisibility=hidden -Wall -Wstrict-prototypes -Wmissing-prototypes -Wpointer-arith        -Wmissing-declarations -Wredundant-decls -Wnested-externs        -Wsign-compare -Wreturn-type -Wswitch -Wshadow        -Wcast-qual -Wwrite-strings -Wextra -Wunused-parameter -Wformat=2 -O2 -mabi=lp64d -march=rv64gc -MT funcs.lo -MD -MP -MF $depbase.Tpo -c -o funcs.lo funcs.c &&\
mv -f $depbase.Tpo $depbase.Plo
depbase=`echo apptype.lo | sed 's|[^/]*$|.deps/&|;s|\.lo$||'`;\
/bin/sh ../libtool  --tag=CC   --mode=compile gcc -DHAVE_CONFIG_H -I. -I..  -DMAGIC='"/usr/share/misc/magic"'  -fvisibility=hidden -Wall -Wstrict-prototypes -Wmissing-prototypes -Wpointer-arith        -Wmissing-declarations -Wredundant-decls -Wnested-externs        -Wsign-compare -Wreturn-type -Wswitch -Wshadow        -Wcast-qual -Wwrite-strings -Wextra -Wunused-parameter -Wformat=2 -O2 -mabi=lp64d -march=rv64gc -MT apptype.lo -MD -MP -MF $depbase.Tpo -c -o apptype.lo apptype.c &&\
mv -f $depbase.Tpo $depbase.Plo
depbase=`echo der.lo | sed 's|[^/]*$|.deps/&|;s|\.lo$||'`;\
/bin/sh ../libtool  --tag=CC   --mode=compile gcc -DHAVE_CONFIG_H -I. -I..  -DMAGIC='"/usr/share/misc/magic"'  -fvisibility=hidden -Wall -Wstrict-prototypes -Wmissing-prototypes -Wpointer-arith        -Wmissing-declarations -Wredundant-decls -Wnested-externs        -Wsign-compare -Wreturn-type -Wswitch -Wshadow        -Wcast-qual -Wwrite-strings -Wextra -Wunused-parameter -Wformat=2 -O2 -mabi=lp64d -march=rv64gc -MT der.lo -MD -MP -MF $depbase.Tpo -c -o der.lo der.c &&\
mv -f $depbase.Tpo $depbase.Plo
depbase=`echo cdf.lo | sed 's|[^/]*$|.deps/&|;s|\.lo$||'`;\
/bin/sh ../libtool  --tag=CC   --mode=compile gcc -DHAVE_CONFIG_H -I. -I..  -DMAGIC='"/usr/share/misc/magic"'  -fvisibility=hidden -Wall -Wstrict-prototypes -Wmissing-prototypes -Wpointer-arith        -Wmissing-declarations -Wredundant-decls -Wnested-externs        -Wsign-compare -Wreturn-type -Wswitch -Wshadow        -Wcast-qual -Wwrite-strings -Wextra -Wunused-parameter -Wformat=2 -O2 -mabi=lp64d -march=rv64gc -MT cdf.lo -MD -MP -MF $depbase.Tpo -c -o cdf.lo cdf.c &&\
mv -f $depbase.Tpo $depbase.Plo
libtool: compile:  gcc -DHAVE_CONFIG_H -I. -I.. -DMAGIC=\"/usr/share/misc/magic\" -fvisibility=hidden -Wall -Wstrict-prototypes -Wmissing-prototypes -Wpointer-arith -Wmissing-declarations -Wredundant-decls -Wnested-externs -Wsign-compare -Wreturn-type -Wswitch -Wshadow -Wcast-qual -Wwrite-strings -Wextra -Wunused-parameter -Wformat=2 -O2 -mabi=lp64d -march=rv64gc -MT funcs.lo -MD -MP -MF .deps/funcs.Tpo -c funcs.c  -fPIC -DPIC -o .libs/funcs.o
libtool: compile:  gcc -DHAVE_CONFIG_H -I. -I.. -DMAGIC=\"/usr/share/misc/magic\" -fvisibility=hidden -Wall -Wstrict-prototypes -Wmissing-prototypes -Wpointer-arith -Wmissing-declarations -Wredundant-decls -Wnested-externs -Wsign-compare -Wreturn-type -Wswitch -Wshadow -Wcast-qual -Wwrite-strings -Wextra -Wunused-parameter -Wformat=2 -O2 -mabi=lp64d -march=rv64gc -MT apptype.lo -MD -MP -MF .deps/apptype.Tpo -c apptype.c  -fPIC -DPIC -o .libs/apptype.o
depbase=`echo cdf_time.lo | sed 's|[^/]*$|.deps/&|;s|\.lo$||'`;\
/bin/sh ../libtool  --tag=CC   --mode=compile gcc -DHAVE_CONFIG_H -I. -I..  -DMAGIC='"/usr/share/misc/magic"'  -fvisibility=hidden -Wall -Wstrict-prototypes -Wmissing-prototypes -Wpointer-arith        -Wmissing-declarations -Wredundant-decls -Wnested-externs        -Wsign-compare -Wreturn-type -Wswitch -Wshadow        -Wcast-qual -Wwrite-strings -Wextra -Wunused-parameter -Wformat=2 -O2 -mabi=lp64d -march=rv64gc -MT cdf_time.lo -MD -MP -MF $depbase.Tpo -c -o cdf_time.lo cdf_time.c &&\
mv -f $depbase.Tpo $depbase.Plo
libtool: compile:  gcc -DHAVE_CONFIG_H -I. -I.. -DMAGIC=\"/usr/share/misc/magic\" -fvisibility=hidden -Wall -Wstrict-prototypes -Wmissing-prototypes -Wpointer-arith -Wmissing-declarations -Wredundant-decls -Wnested-externs -Wsign-compare -Wreturn-type -Wswitch -Wshadow -Wcast-qual -Wwrite-strings -Wextra -Wunused-parameter -Wformat=2 -O2 -mabi=lp64d -march=rv64gc -MT der.lo -MD -MP -MF .deps/der.Tpo -c der.c  -fPIC -DPIC -o .libs/der.o
depbase=`echo readcdf.lo | sed 's|[^/]*$|.deps/&|;s|\.lo$||'`;\
/bin/sh ../libtool  --tag=CC   --mode=compile gcc -DHAVE_CONFIG_H -I. -I..  -DMAGIC='"/usr/share/misc/magic"'  -fvisibility=hidden -Wall -Wstrict-prototypes -Wmissing-prototypes -Wpointer-arith        -Wmissing-declarations -Wredundant-decls -Wnested-externs        -Wsign-compare -Wreturn-type -Wswitch -Wshadow        -Wcast-qual -Wwrite-strings -Wextra -Wunused-parameter -Wformat=2 -O2 -mabi=lp64d -march=rv64gc -MT readcdf.lo -MD -MP -MF $depbase.Tpo -c -o readcdf.lo readcdf.c &&\
mv -f $depbase.Tpo $depbase.Plo
libtool: compile:  gcc -DHAVE_CONFIG_H -I. -I.. -DMAGIC=\"/usr/share/misc/magic\" -fvisibility=hidden -Wall -Wstrict-prototypes -Wmissing-prototypes -Wpointer-arith -Wmissing-declarations -Wredundant-decls -Wnested-externs -Wsign-compare -Wreturn-type -Wswitch -Wshadow -Wcast-qual -Wwrite-strings -Wextra -Wunused-parameter -Wformat=2 -O2 -mabi=lp64d -march=rv64gc -MT cdf.lo -MD -MP -MF .deps/cdf.Tpo -c cdf.c  -fPIC -DPIC -o .libs/cdf.o
depbase=`echo strlcpy.lo | sed 's|[^/]*$|.deps/&|;s|\.lo$||'`;\
/bin/sh ../libtool  --tag=CC   --mode=compile gcc -DHAVE_CONFIG_H -I. -I..  -DMAGIC='"/usr/share/misc/magic"'  -fvisibility=hidden -Wall -Wstrict-prototypes -Wmissing-prototypes -Wpointer-arith        -Wmissing-declarations -Wredundant-decls -Wnested-externs        -Wsign-compare -Wreturn-type -Wswitch -Wshadow        -Wcast-qual -Wwrite-strings -Wextra -Wunused-parameter -Wformat=2 -O2 -mabi=lp64d -march=rv64gc -MT strlcpy.lo -MD -MP -MF $depbase.Tpo -c -o strlcpy.lo strlcpy.c &&\
mv -f $depbase.Tpo $depbase.Plo
libtool: compile:  gcc -DHAVE_CONFIG_H -I. -I.. -DMAGIC=\"/usr/share/misc/magic\" -fvisibility=hidden -Wall -Wstrict-prototypes -Wmissing-prototypes -Wpointer-arith -Wmissing-declarations -Wredundant-decls -Wnested-externs -Wsign-compare -Wreturn-type -Wswitch -Wshadow -Wcast-qual -Wwrite-strings -Wextra -Wunused-parameter -Wformat=2 -O2 -mabi=lp64d -march=rv64gc -MT cdf_time.lo -MD -MP -MF .deps/cdf_time.Tpo -c cdf_time.c  -fPIC -DPIC -o .libs/cdf_time.o
libtool: compile:  gcc -DHAVE_CONFIG_H -I. -I.. -DMAGIC=\"/usr/share/misc/magic\" -fvisibility=hidden -Wall -Wstrict-prototypes -Wmissing-prototypes -Wpointer-arith -Wmissing-declarations -Wredundant-decls -Wnested-externs -Wsign-compare -Wreturn-type -Wswitch -Wshadow -Wcast-qual -Wwrite-strings -Wextra -Wunused-parameter -Wformat=2 -O2 -mabi=lp64d -march=rv64gc -MT readcdf.lo -MD -MP -MF .deps/readcdf.Tpo -c readcdf.c  -fPIC -DPIC -o .libs/readcdf.o
libtool: compile:  gcc -DHAVE_CONFIG_H -I. -I.. -DMAGIC=\"/usr/share/misc/magic\" -fvisibility=hidden -Wall -Wstrict-prototypes -Wmissing-prototypes -Wpointer-arith -Wmissing-declarations -Wredundant-decls -Wnested-externs -Wsign-compare -Wreturn-type -Wswitch -Wshadow -Wcast-qual -Wwrite-strings -Wextra -Wunused-parameter -Wformat=2 -O2 -mabi=lp64d -march=rv64gc -MT strlcpy.lo -MD -MP -MF .deps/strlcpy.Tpo -c strlcpy.c  -fPIC -DPIC -o .libs/strlcpy.o
depbase=`echo strlcat.lo | sed 's|[^/]*$|.deps/&|;s|\.lo$||'`;\
/bin/sh ../libtool  --tag=CC   --mode=compile gcc -DHAVE_CONFIG_H -I. -I..  -DMAGIC='"/usr/share/misc/magic"'  -fvisibility=hidden -Wall -Wstrict-prototypes -Wmissing-prototypes -Wpointer-arith        -Wmissing-declarations -Wredundant-decls -Wnested-externs        -Wsign-compare -Wreturn-type -Wswitch -Wshadow        -Wcast-qual -Wwrite-strings -Wextra -Wunused-parameter -Wformat=2 -O2 -mabi=lp64d -march=rv64gc -MT strlcat.lo -MD -MP -MF $depbase.Tpo -c -o strlcat.lo strlcat.c &&\
mv -f $depbase.Tpo $depbase.Plo
depbase=`echo fmtcheck.lo | sed 's|[^/]*$|.deps/&|;s|\.lo$||'`;\
/bin/sh ../libtool  --tag=CC   --mode=compile gcc -DHAVE_CONFIG_H -I. -I..  -DMAGIC='"/usr/share/misc/magic"'  -fvisibility=hidden -Wall -Wstrict-prototypes -Wmissing-prototypes -Wpointer-arith        -Wmissing-declarations -Wredundant-decls -Wnested-externs        -Wsign-compare -Wreturn-type -Wswitch -Wshadow        -Wcast-qual -Wwrite-strings -Wextra -Wunused-parameter -Wformat=2 -O2 -mabi=lp64d -march=rv64gc -MT fmtcheck.lo -MD -MP -MF $depbase.Tpo -c -o fmtcheck.lo fmtcheck.c &&\
mv -f $depbase.Tpo $depbase.Plo
libtool: compile:  gcc -DHAVE_CONFIG_H -I. -I.. -DMAGIC=\"/usr/share/misc/magic\" -fvisibility=hidden -Wall -Wstrict-prototypes -Wmissing-prototypes -Wpointer-arith -Wmissing-declarations -Wredundant-decls -Wnested-externs -Wsign-compare -Wreturn-type -Wswitch -Wshadow -Wcast-qual -Wwrite-strings -Wextra -Wunused-parameter -Wformat=2 -O2 -mabi=lp64d -march=rv64gc -MT strlcat.lo -MD -MP -MF .deps/strlcat.Tpo -c strlcat.c  -fPIC -DPIC -o .libs/strlcat.o
libtool: compile:  gcc -DHAVE_CONFIG_H -I. -I.. -DMAGIC=\"/usr/share/misc/magic\" -fvisibility=hidden -Wall -Wstrict-prototypes -Wmissing-prototypes -Wpointer-arith -Wmissing-declarations -Wredundant-decls -Wnested-externs -Wsign-compare -Wreturn-type -Wswitch -Wshadow -Wcast-qual -Wwrite-strings -Wextra -Wunused-parameter -Wformat=2 -O2 -mabi=lp64d -march=rv64gc -MT fmtcheck.lo -MD -MP -MF .deps/fmtcheck.Tpo -c fmtcheck.c  -fPIC -DPIC -o .libs/fmtcheck.o
/bin/sh ../libtool  --tag=CC   --mode=link gcc -fvisibility=hidden -Wall -Wstrict-prototypes -Wmissing-prototypes -Wpointer-arith        -Wmissing-declarations -Wredundant-decls -Wnested-externs        -Wsign-compare -Wreturn-type -Wswitch -Wshadow        -Wcast-qual -Wwrite-strings -Wextra -Wunused-parameter -Wformat=2 -O2 -mabi=lp64d -march=rv64gc -no-undefined -version-info 1:0:0  -o libmagic.la -rpath /usr/lib buffer.lo magic.lo apprentice.lo softmagic.lo ascmagic.lo encoding.lo compress.lo is_csv.lo is_json.lo is_tar.lo readelf.lo print.lo fsmagic.lo funcs.lo apptype.lo der.lo cdf.lo cdf_time.lo readcdf.lo -lm strlcpy.lo strlcat.lo fmtcheck.lo  -lseccomp -lzstd -llzma -lbz2 -lz 
libtool: link: gcc -shared  -fPIC -DPIC  .libs/buffer.o .libs/magic.o .libs/apprentice.o .libs/softmagic.o .libs/ascmagic.o .libs/encoding.o .libs/compress.o .libs/is_csv.o .libs/is_json.o .libs/is_tar.o .libs/readelf.o .libs/print.o .libs/fsmagic.o .libs/funcs.o .libs/apptype.o .libs/der.o .libs/cdf.o .libs/cdf_time.o .libs/readcdf.o .libs/strlcpy.o .libs/strlcat.o .libs/fmtcheck.o   -lm -lseccomp -lzstd -llzma -lbz2 -lz  -O2 -mabi=lp64d -march=rv64gc   -Wl,-soname -Wl,libmagic.so.1 -o .libs/libmagic.so.1.0.0
libtool: link: (cd ".libs" && rm -f "libmagic.so.1" && ln -s "libmagic.so.1.0.0" "libmagic.so.1")
libtool: link: (cd ".libs" && rm -f "libmagic.so" && ln -s "libmagic.so.1.0.0" "libmagic.so")
libtool: link: ( cd ".libs" && rm -f "libmagic.la" && ln -s "../libmagic.la" "libmagic.la" )
/bin/sh ../libtool  --tag=CC   --mode=link gcc -fvisibility=hidden -Wall -Wstrict-prototypes -Wmissing-prototypes -Wpointer-arith        -Wmissing-declarations -Wredundant-decls -Wnested-externs        -Wsign-compare -Wreturn-type -Wswitch -Wshadow        -Wcast-qual -Wwrite-strings -Wextra -Wunused-parameter -Wformat=2 -O2 -mabi=lp64d -march=rv64gc   -o file file.o seccomp.o libmagic.la -lm -lseccomp -lzstd -llzma -lbz2 -lz 
libtool: link: gcc -fvisibility=hidden -Wall -Wstrict-prototypes -Wmissing-prototypes -Wpointer-arith -Wmissing-declarations -Wredundant-decls -Wnested-externs -Wsign-compare -Wreturn-type -Wswitch -Wshadow -Wcast-qual -Wwrite-strings -Wextra -Wunused-parameter -Wformat=2 -O2 -mabi=lp64d -march=rv64gc -o .libs/file file.o seccomp.o  ./.libs/libmagic.so -lm -lseccomp -lzstd -llzma -lbz2 -lz
make[3]: Leaving directory '/home/devel/building/work/src/file-5.44/src'
make[2]: Leaving directory '/home/devel/building/work/src/file-5.44/src'
Making all in magic
make[2]: Entering directory '/home/devel/building/work/src/file-5.44/magic'
../src/file -C -m magic
make[2]: Leaving directory '/home/devel/building/work/src/file-5.44/magic'
Making all in tests
make[2]: Entering directory '/home/devel/building/work/src/file-5.44/tests'
make[2]: Nothing to be done for 'all'.
make[2]: Leaving directory '/home/devel/building/work/src/file-5.44/tests'
Making all in doc
make[2]: Entering directory '/home/devel/building/work/src/file-5.44/doc'
sed -e s@__CSECTION__@1@g \
    -e s@__FSECTION__@5@g \
    -e s@__VERSION__@5.44@g \
    -e s@__MAGIC__@/usr/share/misc/magic@g ./file.man > file.1
sed -e s@__CSECTION__@1@g \
    -e s@__FSECTION__@5@g \
    -e s@__VERSION__@5.44@g \
    -e s@__MAGIC__@/usr/share/misc/magic@g ./magic.man > magic.5
sed -e s@__CSECTION__@1@g \
    -e s@__FSECTION__@5@g \
    -e s@__VERSION__@5.44@g \
    -e s@__MAGIC__@/usr/share/misc/magic@g ./libmagic.man > libmagic.3
make[2]: Leaving directory '/home/devel/building/work/src/file-5.44/doc'
Making all in python
make[2]: Entering directory '/home/devel/building/work/src/file-5.44/python'
make[2]: Nothing to be done for 'all'.
make[2]: Leaving directory '/home/devel/building/work/src/file-5.44/python'
make[2]: Entering directory '/home/devel/building/work/src/file-5.44'
make[2]: Leaving directory '/home/devel/building/work/src/file-5.44'
make[1]: Leaving directory '/home/devel/building/work/src/file-5.44'
+ make DESTDIR=/home/devel/building/work/pkg install
Making install in src
make[1]: Entering directory '/home/devel/building/work/src/file-5.44/src'
/usr/bin/make  install-am
make[2]: Entering directory '/home/devel/building/work/src/file-5.44/src'
make[3]: Entering directory '/home/devel/building/work/src/file-5.44/src'
 /bin/mkdir -p '/home/devel/building/work/pkg/usr/lib'
 /bin/mkdir -p '/home/devel/building/work/pkg/usr/include'
 /bin/sh ../libtool   --mode=install /usr/bin/install -c   libmagic.la '/home/devel/building/work/pkg/usr/lib'
 /usr/bin/install -c -m 644 magic.h '/home/devel/building/work/pkg/usr/include'
libtool: install: /usr/bin/install -c .libs/libmagic.so.1.0.0 /home/devel/building/work/pkg/usr/lib/libmagic.so.1.0.0
libtool: install: (cd /home/devel/building/work/pkg/usr/lib && { ln -s -f libmagic.so.1.0.0 libmagic.so.1 || { rm -f libmagic.so.1 && ln -s libmagic.so.1.0.0 libmagic.so.1; }; })
libtool: install: (cd /home/devel/building/work/pkg/usr/lib && { ln -s -f libmagic.so.1.0.0 libmagic.so || { rm -f libmagic.so && ln -s libmagic.so.1.0.0 libmagic.so; }; })
libtool: install: /usr/bin/install -c .libs/libmagic.lai /home/devel/building/work/pkg/usr/lib/libmagic.la
libtool: warning: remember to run 'libtool --finish /usr/lib'
 /bin/mkdir -p '/home/devel/building/work/pkg/usr/bin'
  /bin/sh ../libtool   --mode=install /usr/bin/install -c file '/home/devel/building/work/pkg/usr/bin'
libtool: warning: 'libmagic.la' has not been installed in '/usr/lib'
libtool: install: /usr/bin/install -c .libs/file /home/devel/building/work/pkg/usr/bin/file
make[3]: Leaving directory '/home/devel/building/work/src/file-5.44/src'
make[2]: Leaving directory '/home/devel/building/work/src/file-5.44/src'
make[1]: Leaving directory '/home/devel/building/work/src/file-5.44/src'
Making install in magic
make[1]: Entering directory '/home/devel/building/work/src/file-5.44/magic'
make[2]: Entering directory '/home/devel/building/work/src/file-5.44/magic'
make[2]: Nothing to be done for 'install-exec-am'.
 /bin/mkdir -p '/home/devel/building/work/pkg/usr/share/misc'
 /usr/bin/install -c -m 644 magic.mgc '/home/devel/building/work/pkg/usr/share/misc'
make[2]: Leaving directory '/home/devel/building/work/src/file-5.44/magic'
make[1]: Leaving directory '/home/devel/building/work/src/file-5.44/magic'
Making install in tests
make[1]: Entering directory '/home/devel/building/work/src/file-5.44/tests'
make[2]: Entering directory '/home/devel/building/work/src/file-5.44/tests'
make[2]: Nothing to be done for 'install-exec-am'.
make[2]: Nothing to be done for 'install-data-am'.
make[2]: Leaving directory '/home/devel/building/work/src/file-5.44/tests'
make[1]: Leaving directory '/home/devel/building/work/src/file-5.44/tests'
Making install in doc
make[1]: Entering directory '/home/devel/building/work/src/file-5.44/doc'
make[2]: Entering directory '/home/devel/building/work/src/file-5.44/doc'
make[2]: Nothing to be done for 'install-exec-am'.
 /bin/mkdir -p '/home/devel/building/work/pkg/usr/share/man/man1'
 /bin/mkdir -p '/home/devel/building/work/pkg/usr/share/man/man3'
 /bin/mkdir -p '/home/devel/building/work/pkg/usr/share/man/man4'
 /bin/mkdir -p '/home/devel/building/work/pkg/usr/share/man/man5'
 /usr/bin/install -c -m 644 file.1 '/home/devel/building/work/pkg/usr/share/man/man1'
 /usr/bin/install -c -m 644 libmagic.3 '/home/devel/building/work/pkg/usr/share/man/man3'
 /usr/bin/install -c -m 644 magic.5 '/home/devel/building/work/pkg/usr/share/man/man5'
make[2]: Leaving directory '/home/devel/building/work/src/file-5.44/doc'
make[1]: Leaving directory '/home/devel/building/work/src/file-5.44/doc'
Making install in python
make[1]: Entering directory '/home/devel/building/work/src/file-5.44/python'
make[2]: Entering directory '/home/devel/building/work/src/file-5.44/python'
make[2]: Nothing to be done for 'install-exec-am'.
make[2]: Nothing to be done for 'install-data-am'.
make[2]: Leaving directory '/home/devel/building/work/src/file-5.44/python'
make[1]: Leaving directory '/home/devel/building/work/src/file-5.44/python'
make[1]: Entering directory '/home/devel/building/work/src/file-5.44'
make[2]: Entering directory '/home/devel/building/work/src/file-5.44'
make[2]: Nothing to be done for 'install-data-am'.
 /bin/mkdir -p '/home/devel/building/work/pkg/usr/lib/pkgconfig'
 /usr/bin/install -c -m 644 libmagic.pc '/home/devel/building/work/pkg/usr/lib/pkgconfig'
make[2]: Leaving directory '/home/devel/building/work/src/file-5.44'
make[1]: Leaving directory '/home/devel/building/work/src/file-5.44'
+ rmdir /home/devel/building/work/pkg/usr/share/man/man4
+ find /home/devel/building/work/pkg -type f -name '*.la' -delete
=======> Build result:
drwxr-xr-x  0 root   root        0 Feb 21 16:02 usr/
drwxr-xr-x  0 root   root        0 Feb 21 16:02 usr/share/
drwxr-xr-x  0 root   root        0 Feb 21 16:02 usr/bin/
drwxr-xr-x  0 root   root        0 Feb 21 16:02 usr/include/
drwxr-xr-x  0 root   root        0 Feb 21 16:02 usr/lib/
drwxr-xr-x  0 root   root        0 Feb 21 16:02 usr/lib/pkgconfig/
lrwxrwxrwx  0 root   root        0 Feb 21 16:02 usr/lib/libmagic.so -> libmagic.so.1.0.0
lrwxrwxrwx  0 root   root        0 Feb 21 16:02 usr/lib/libmagic.so.1 -> libmagic.so.1.0.0
-rwxr-xr-x  0 root   root   146568 Feb 21 16:02 usr/lib/libmagic.so.1.0.0
-rw-r--r--  0 root   root      240 Feb 21 16:02 usr/lib/pkgconfig/libmagic.pc
-rw-r--r--  0 root   root     5909 Feb 21 16:02 usr/include/magic.h
-rwxr-xr-x  0 root   root    23408 Feb 21 16:02 usr/bin/file
drwxr-xr-x  0 root   root        0 Feb 21 16:02 usr/share/man/
drwxr-xr-x  0 root   root        0 Feb 21 16:02 usr/share/misc/
-rw-r--r--  0 root   root  8247936 Feb 21 16:02 usr/share/misc/magic.mgc
drwxr-xr-x  0 root   root        0 Feb 21 16:02 usr/share/man/man5/
drwxr-xr-x  0 root   root        0 Feb 21 16:02 usr/share/man/man3/
drwxr-xr-x  0 root   root        0 Feb 21 16:02 usr/share/man/man1/
-rw-r--r--  0 root   root     8863 Feb 21 16:02 usr/share/man/man1/file.1.gz
-rw-r--r--  0 root   root     3898 Feb 21 16:02 usr/share/man/man3/libmagic.3.gz
-rw-r--r--  0 root   root     7897 Feb 21 16:02 usr/share/man/man5/magic.5.gz
=======> Building '/home/devel/packages/file#5.44-1.riscv64.pkg.tar.zst' succeeded.
prt-get: Using PKGMK_PACKAGE_DIR: /home/devel/packages
prt-get: reinstalling file 5.44-1
prt-get: /usr/bin/pkgadd -u file#5.44-1.riscv64.pkg.tar.zst
prt-get: build done Tue Feb 21 16:02:41 2023

