prt-get: updating /usr/ports/core-riscv64/libcap
prt-get: starting build Tue Feb 21 19:30:10 2023
=======> Building '/home/devel/packages/libcap#2.66-1.riscv64.pkg.tar.zst'.
bsdtar -p -o -C /home/devel/building/work/src -xf /home/devel/sources/libcap-2.66.tar.xz
+ build
+ cd libcap-2.66
+ sed '/^CFLAGS/s/-O2/-O2 -mabi=lp64d -march=rv64gc/' -i Make.Rules
+ sed '/^PROGS/s/$/ capsh/' -i progs/Makefile
+ make GOLANG=no RAISE_SETFCAP=no PKGCONFIGDIR=/usr/lib/pkgconfig
/usr/bin/make -C libcap all
make[1]: Entering directory '/home/devel/building/work/src/libcap-2.66/libcap'
egrep: warning: egrep is obsolescent; using grep -E
sed -e 's,@prefix@,/usr,' \
	-e 's,@exec_prefix@,,' \
	-e 's,@libdir@,/lib,' \
	-e 's,@includedir@,/usr/include,' \
	-e 's,@VERSION@,2.66,' \
	-e 's,@deps@,,' \
	libcap.pc.in >libcap.pc
=> making cap_names.list.h from /home/devel/building/work/src/libcap-2.66/libcap/../libcap/include/uapi/linux/capability.h
grep -E '^#define\s+CAP_([^\s]+)\s+[0-9]+\s*$' include/uapi/linux/capability.h | sed -e 's/^#define\s\+/{"/' -e 's/\s*$/},/' -e 's/\s\+/",/' -e 'y/ABCDEFGHIJKLMNOPQRSTUVWXYZ/abcdefghijklmnopqrstuvwxyz/' > cap_names.list.h
/usr/bin/make libpsx.pc
make[2]: Entering directory '/home/devel/building/work/src/libcap-2.66/libcap'
gcc -O2 -Dlinux -Wall -Wwrite-strings -Wpointer-arith -Wcast-qual -Wcast-align -Wstrict-prototypes -Wmissing-prototypes -Wnested-externs -Winline -Wshadow -Wunreachable-code  -D_LARGEFILE64_SOURCE -D_FILE_OFFSET_BITS=64 -I/home/devel/building/work/src/libcap-2.66/libcap/../libcap/include/uapi -I/home/devel/building/work/src/libcap-2.66/libcap/../libcap/include _makenames.c -o _makenames
(cat cap_names.header ; sed -e 's/[\{\}"]//g' -e 's/,$//' cap_names.list.h) | gperf --ignore-case --language=ANSI-C --readonly --null-strings --global-table --hash-function-name=__cap_hash_name --lookup-function-name="__cap_lookup_name" -c -t -m20  > _caps_output.gperf
sed -e 's/unsigned int len/size_t len/' -i _caps_output.gperf
egrep: warning: egrep is obsolescent; using grep -E
sed -e 's,@prefix@,/usr,' \
	-e 's,@exec_prefix@,,' \
	-e 's,@libdir@,/lib,' \
	-e 's,@includedir@,/usr/include,' \
	-e 's,@VERSION@,2.66,' \
	-e 's,@deps@,,' \
	libpsx.pc.in >libpsx.pc
make[2]: Leaving directory '/home/devel/building/work/src/libcap-2.66/libcap'
./_makenames > cap_names.h
gcc -O2 -mabi=lp64d -march=rv64gc -Wall -Wwrite-strings -Wpointer-arith -Wcast-qual -Wcast-align -Wstrict-prototypes -Wmissing-prototypes -Wnested-externs -Winline -Wshadow -Wunreachable-code -Wall -Wwrite-strings -Wpointer-arith -Wcast-qual -Wcast-align -Wstrict-prototypes -Wmissing-prototypes -Wnested-externs -Winline -Wshadow -Wunreachable-code -fPIC -Dlinux -D_LARGEFILE64_SOURCE -D_FILE_OFFSET_BITS=64 -I/home/devel/building/work/src/libcap-2.66/libcap/../libcap/include/uapi -I/home/devel/building/work/src/libcap-2.66/libcap/../libcap/include -c cap_alloc.c -o cap_alloc.o
gcc -O2 -mabi=lp64d -march=rv64gc -Wall -Wwrite-strings -Wpointer-arith -Wcast-qual -Wcast-align -Wstrict-prototypes -Wmissing-prototypes -Wnested-externs -Winline -Wshadow -Wunreachable-code -Wall -Wwrite-strings -Wpointer-arith -Wcast-qual -Wcast-align -Wstrict-prototypes -Wmissing-prototypes -Wnested-externs -Winline -Wshadow -Wunreachable-code -fPIC -Dlinux -D_LARGEFILE64_SOURCE -D_FILE_OFFSET_BITS=64 -I/home/devel/building/work/src/libcap-2.66/libcap/../libcap/include/uapi -I/home/devel/building/work/src/libcap-2.66/libcap/../libcap/include -c cap_proc.c -o cap_proc.o
gcc -O2 -mabi=lp64d -march=rv64gc -Wall -Wwrite-strings -Wpointer-arith -Wcast-qual -Wcast-align -Wstrict-prototypes -Wmissing-prototypes -Wnested-externs -Winline -Wshadow -Wunreachable-code -Wall -Wwrite-strings -Wpointer-arith -Wcast-qual -Wcast-align -Wstrict-prototypes -Wmissing-prototypes -Wnested-externs -Winline -Wshadow -Wunreachable-code -fPIC -Dlinux -D_LARGEFILE64_SOURCE -D_FILE_OFFSET_BITS=64 -I/home/devel/building/work/src/libcap-2.66/libcap/../libcap/include/uapi -I/home/devel/building/work/src/libcap-2.66/libcap/../libcap/include -c cap_extint.c -o cap_extint.o
gcc -O2 -mabi=lp64d -march=rv64gc -Wall -Wwrite-strings -Wpointer-arith -Wcast-qual -Wcast-align -Wstrict-prototypes -Wmissing-prototypes -Wnested-externs -Winline -Wshadow -Wunreachable-code -Wall -Wwrite-strings -Wpointer-arith -Wcast-qual -Wcast-align -Wstrict-prototypes -Wmissing-prototypes -Wnested-externs -Winline -Wshadow -Wunreachable-code -fPIC -Dlinux -D_LARGEFILE64_SOURCE -D_FILE_OFFSET_BITS=64 -I/home/devel/building/work/src/libcap-2.66/libcap/../libcap/include/uapi -I/home/devel/building/work/src/libcap-2.66/libcap/../libcap/include -c cap_flag.c -o cap_flag.o
gcc -O2 -mabi=lp64d -march=rv64gc -Wall -Wwrite-strings -Wpointer-arith -Wcast-qual -Wcast-align -Wstrict-prototypes -Wmissing-prototypes -Wnested-externs -Winline -Wshadow -Wunreachable-code -Wall -Wwrite-strings -Wpointer-arith -Wcast-qual -Wcast-align -Wstrict-prototypes -Wmissing-prototypes -Wnested-externs -Winline -Wshadow -Wunreachable-code -fPIC -Dlinux -D_LARGEFILE64_SOURCE -D_FILE_OFFSET_BITS=64 -I/home/devel/building/work/src/libcap-2.66/libcap/../libcap/include/uapi -I/home/devel/building/work/src/libcap-2.66/libcap/../libcap/include -DINCLUDE_GPERF_OUTPUT='"_caps_output.gperf"' -c cap_text.c -o cap_text.o
gcc -O2 -mabi=lp64d -march=rv64gc -Wall -Wwrite-strings -Wpointer-arith -Wcast-qual -Wcast-align -Wstrict-prototypes -Wmissing-prototypes -Wnested-externs -Winline -Wshadow -Wunreachable-code -Wall -Wwrite-strings -Wpointer-arith -Wcast-qual -Wcast-align -Wstrict-prototypes -Wmissing-prototypes -Wnested-externs -Winline -Wshadow -Wunreachable-code -fPIC -Dlinux -D_LARGEFILE64_SOURCE -D_FILE_OFFSET_BITS=64 -I/home/devel/building/work/src/libcap-2.66/libcap/../libcap/include/uapi -I/home/devel/building/work/src/libcap-2.66/libcap/../libcap/include -c cap_file.c -o cap_file.o
ar rcs libcap.a cap_alloc.o cap_proc.o cap_extint.o cap_flag.o cap_text.o cap_file.o
ranlib libcap.a
/usr/bin/make libcap.so
make[2]: Entering directory '/home/devel/building/work/src/libcap-2.66/libcap'
gcc -o empty empty.c
objcopy --dump-section .interp=loader.txt empty /dev/null
gcc -O2 -mabi=lp64d -march=rv64gc -Wall -Wwrite-strings -Wpointer-arith -Wcast-qual -Wcast-align -Wstrict-prototypes -Wmissing-prototypes -Wnested-externs -Winline -Wshadow -Wunreachable-code -Wall -Wwrite-strings -Wpointer-arith -Wcast-qual -Wcast-align -Wstrict-prototypes -Wmissing-prototypes -Wnested-externs -Winline -Wshadow -Wunreachable-code -fPIC -Wall -Wwrite-strings -Wpointer-arith -Wcast-qual -Wcast-align -Wstrict-prototypes -Wmissing-prototypes -Wnested-externs -Winline -Wshadow -Wunreachable-code -fPIC -Dlinux -D_LARGEFILE64_SOURCE -D_FILE_OFFSET_BITS=64 -I/home/devel/building/work/src/libcap-2.66/libcap/../libcap/include/uapi -I/home/devel/building/work/src/libcap-2.66/libcap/../libcap/include -DLIBRARY_VERSION=\"libcap-2.66\" -DSHARED_LOADER=\"/lib/ld-linux-riscv64-lp64d.so.1\" -include ./libcap.h -c execable.c -o cap_magic.o
gcc -Wl,-x -shared -O2 -mabi=lp64d -march=rv64gc -Wall -Wwrite-strings -Wpointer-arith -Wcast-qual -Wcast-align -Wstrict-prototypes -Wmissing-prototypes -Wnested-externs -Winline -Wshadow -Wunreachable-code -Wall -Wwrite-strings -Wpointer-arith -Wcast-qual -Wcast-align -Wstrict-prototypes -Wmissing-prototypes -Wnested-externs -Winline -Wshadow -Wunreachable-code -fPIC -Wall -Wwrite-strings -Wpointer-arith -Wcast-qual -Wcast-align -Wstrict-prototypes -Wmissing-prototypes -Wnested-externs -Winline -Wshadow -Wunreachable-code -fPIC  -Wl,-soname,libcap.so.2 -o libcap.so.2.66 cap_alloc.o cap_proc.o cap_extint.o cap_flag.o cap_text.o cap_file.o cap_magic.o -Wl,-e,__so_start
ln -sf libcap.so.2.66 libcap.so.2
ln -sf libcap.so.2 libcap.so
make[2]: Leaving directory '/home/devel/building/work/src/libcap-2.66/libcap'
/usr/bin/make libpsx.a
make[2]: Entering directory '/home/devel/building/work/src/libcap-2.66/libcap'
gcc -O2 -mabi=lp64d -march=rv64gc -Wall -Wwrite-strings -Wpointer-arith -Wcast-qual -Wcast-align -Wstrict-prototypes -Wmissing-prototypes -Wnested-externs -Winline -Wshadow -Wunreachable-code -Wall -Wwrite-strings -Wpointer-arith -Wcast-qual -Wcast-align -Wstrict-prototypes -Wmissing-prototypes -Wnested-externs -Winline -Wshadow -Wunreachable-code -fPIC -Wall -Wwrite-strings -Wpointer-arith -Wcast-qual -Wcast-align -Wstrict-prototypes -Wmissing-prototypes -Wnested-externs -Winline -Wshadow -Wunreachable-code -fPIC -Dlinux -D_LARGEFILE64_SOURCE -D_FILE_OFFSET_BITS=64 -I/home/devel/building/work/src/libcap-2.66/libcap/../libcap/include/uapi -I/home/devel/building/work/src/libcap-2.66/libcap/../libcap/include -c ../psx/psx.c -o ../psx/psx.o
rm -f include/sys/psx_syscall.h
ln -s ../../../psx/psx_syscall.h include/sys/psx_syscall.h
ar rcs libpsx.a ../psx/psx.o
ranlib libpsx.a
make[2]: Leaving directory '/home/devel/building/work/src/libcap-2.66/libcap'
/usr/bin/make libpsx.so
make[2]: Entering directory '/home/devel/building/work/src/libcap-2.66/libcap'
gcc -O2 -mabi=lp64d -march=rv64gc -Wall -Wwrite-strings -Wpointer-arith -Wcast-qual -Wcast-align -Wstrict-prototypes -Wmissing-prototypes -Wnested-externs -Winline -Wshadow -Wunreachable-code -Wall -Wwrite-strings -Wpointer-arith -Wcast-qual -Wcast-align -Wstrict-prototypes -Wmissing-prototypes -Wnested-externs -Winline -Wshadow -Wunreachable-code -fPIC -Wall -Wwrite-strings -Wpointer-arith -Wcast-qual -Wcast-align -Wstrict-prototypes -Wmissing-prototypes -Wnested-externs -Winline -Wshadow -Wunreachable-code -fPIC -Dlinux -D_LARGEFILE64_SOURCE -D_FILE_OFFSET_BITS=64 -I/home/devel/building/work/src/libcap-2.66/libcap/../libcap/include/uapi -I/home/devel/building/work/src/libcap-2.66/libcap/../libcap/include -DLIBRARY_VERSION=\"libpsx-2.66\" -DSHARED_LOADER=\"/lib/ld-linux-riscv64-lp64d.so.1\" -c psx_exec.c -o psx_magic.o
gcc -Wl,-x -shared -O2 -mabi=lp64d -march=rv64gc -Wall -Wwrite-strings -Wpointer-arith -Wcast-qual -Wcast-align -Wstrict-prototypes -Wmissing-prototypes -Wnested-externs -Winline -Wshadow -Wunreachable-code -Wall -Wwrite-strings -Wpointer-arith -Wcast-qual -Wcast-align -Wstrict-prototypes -Wmissing-prototypes -Wnested-externs -Winline -Wshadow -Wunreachable-code -fPIC -Wall -Wwrite-strings -Wpointer-arith -Wcast-qual -Wcast-align -Wstrict-prototypes -Wmissing-prototypes -Wnested-externs -Winline -Wshadow -Wunreachable-code -fPIC  -Wl,-soname,libpsx.so.2 -o libpsx.so.2.66 ../psx/psx.o psx_magic.o -Wl,-e,__so_start -lpthread -Wl,-wrap,pthread_create
ln -sf libpsx.so.2.66 libpsx.so.2
ln -sf libpsx.so.2 libpsx.so
make[2]: Leaving directory '/home/devel/building/work/src/libcap-2.66/libcap'
make[1]: Leaving directory '/home/devel/building/work/src/libcap-2.66/libcap'
/usr/bin/make -C pam_cap all
make[1]: Entering directory '/home/devel/building/work/src/libcap-2.66/pam_cap'
gcc -O2 -mabi=lp64d -march=rv64gc -Wall -Wwrite-strings -Wpointer-arith -Wcast-qual -Wcast-align -Wstrict-prototypes -Wmissing-prototypes -Wnested-externs -Winline -Wshadow -Wunreachable-code -Wall -Wwrite-strings -Wpointer-arith -Wcast-qual -Wcast-align -Wstrict-prototypes -Wmissing-prototypes -Wnested-externs -Winline -Wshadow -Wunreachable-code -fPIC -Dlinux -D_LARGEFILE64_SOURCE -D_FILE_OFFSET_BITS=64 -I/home/devel/building/work/src/libcap-2.66/pam_cap/../libcap/include/uapi -I/home/devel/building/work/src/libcap-2.66/pam_cap/../libcap/include  -c -o pam_cap.o pam_cap.c
gcc -O2 -mabi=lp64d -march=rv64gc -Wall -Wwrite-strings -Wpointer-arith -Wcast-qual -Wcast-align -Wstrict-prototypes -Wmissing-prototypes -Wnested-externs -Winline -Wshadow -Wunreachable-code -Wall -Wwrite-strings -Wpointer-arith -Wcast-qual -Wcast-align -Wstrict-prototypes -Wmissing-prototypes -Wnested-externs -Winline -Wshadow -Wunreachable-code -fPIC -Dlinux -D_LARGEFILE64_SOURCE -D_FILE_OFFSET_BITS=64 -I/home/devel/building/work/src/libcap-2.66/pam_cap/../libcap/include/uapi -I/home/devel/building/work/src/libcap-2.66/pam_cap/../libcap/include -DLIBCAP_VERSION=\"libcap-2.66\" -DSHARED_LOADER=\"/lib/ld-linux-riscv64-lp64d.so.1\" -c execable.c -o execable.o
gcc -Wl,-x -shared -o lazylink.so -O2 -mabi=lp64d -march=rv64gc -Wall -Wwrite-strings -Wpointer-arith -Wcast-qual -Wcast-align -Wstrict-prototypes -Wmissing-prototypes -Wnested-externs -Winline -Wshadow -Wunreachable-code -Wall -Wwrite-strings -Wpointer-arith -Wcast-qual -Wcast-align -Wstrict-prototypes -Wmissing-prototypes -Wnested-externs -Winline -Wshadow -Wunreachable-code -fPIC -Dlinux -D_LARGEFILE64_SOURCE -D_FILE_OFFSET_BITS=64 -I/home/devel/building/work/src/libcap-2.66/pam_cap/../libcap/include/uapi -I/home/devel/building/work/src/libcap-2.66/pam_cap/../libcap/include  lazylink.c -DSHARED_LOADER=\"/lib/ld-linux-riscv64-lp64d.so.1\" -Wl,-e,__so_start
/usr/bin/make -C ../libcap all
make[2]: Entering directory '/home/devel/building/work/src/libcap-2.66/libcap'
/usr/bin/make libpsx.pc
make[3]: Entering directory '/home/devel/building/work/src/libcap-2.66/libcap'
make[3]: 'libpsx.pc' is up to date.
make[3]: Leaving directory '/home/devel/building/work/src/libcap-2.66/libcap'
/usr/bin/make libcap.so
make[3]: Entering directory '/home/devel/building/work/src/libcap-2.66/libcap'
make[3]: 'libcap.so' is up to date.
make[3]: Leaving directory '/home/devel/building/work/src/libcap-2.66/libcap'
/usr/bin/make libpsx.a
make[3]: Entering directory '/home/devel/building/work/src/libcap-2.66/libcap'
make[3]: 'libpsx.a' is up to date.
make[3]: Leaving directory '/home/devel/building/work/src/libcap-2.66/libcap'
/usr/bin/make libpsx.so
make[3]: Entering directory '/home/devel/building/work/src/libcap-2.66/libcap'
echo "-Wl,-e,__so_start" > pam_cap_linkopts
./lazylink.so || echo "-lpam" >> pam_cap_linkopts
make[3]: 'libpsx.so' is up to date.
make[3]: Leaving directory '/home/devel/building/work/src/libcap-2.66/libcap'
make[2]: Leaving directory '/home/devel/building/work/src/libcap-2.66/libcap'
touch LIBCAP
cat pam_cap_linkopts | xargs -e gcc -Wl,-x -shared  -o pam_cap.so pam_cap.o execable.o -L/home/devel/building/work/src/libcap-2.66/pam_cap/../libcap -lcap
/usr/bin/make testlink
make[2]: Entering directory '/home/devel/building/work/src/libcap-2.66/pam_cap'
gcc -O2 -mabi=lp64d -march=rv64gc -Wall -Wwrite-strings -Wpointer-arith -Wcast-qual -Wcast-align -Wstrict-prototypes -Wmissing-prototypes -Wnested-externs -Winline -Wshadow -Wunreachable-code -Wall -Wwrite-strings -Wpointer-arith -Wcast-qual -Wcast-align -Wstrict-prototypes -Wmissing-prototypes -Wnested-externs -Winline -Wshadow -Wunreachable-code -fPIC -Wall -Wwrite-strings -Wpointer-arith -Wcast-qual -Wcast-align -Wstrict-prototypes -Wmissing-prototypes -Wnested-externs -Winline -Wshadow -Wunreachable-code -fPIC -Dlinux -D_LARGEFILE64_SOURCE -D_FILE_OFFSET_BITS=64 -I/home/devel/building/work/src/libcap-2.66/pam_cap/../libcap/include/uapi -I/home/devel/building/work/src/libcap-2.66/pam_cap/../libcap/include  -c -o test.o test.c
gcc -O2 -mabi=lp64d -march=rv64gc -Wall -Wwrite-strings -Wpointer-arith -Wcast-qual -Wcast-align -Wstrict-prototypes -Wmissing-prototypes -Wnested-externs -Winline -Wshadow -Wunreachable-code -Wall -Wwrite-strings -Wpointer-arith -Wcast-qual -Wcast-align -Wstrict-prototypes -Wmissing-prototypes -Wnested-externs -Winline -Wshadow -Wunreachable-code -fPIC -Wall -Wwrite-strings -Wpointer-arith -Wcast-qual -Wcast-align -Wstrict-prototypes -Wmissing-prototypes -Wnested-externs -Winline -Wshadow -Wunreachable-code -fPIC  -o testlink test.o pam_cap.o -lpam -ldl -L/home/devel/building/work/src/libcap-2.66/pam_cap/../libcap -lcap
make[2]: Leaving directory '/home/devel/building/work/src/libcap-2.66/pam_cap'
make[1]: Leaving directory '/home/devel/building/work/src/libcap-2.66/pam_cap'
/usr/bin/make -C tests all
make[1]: Entering directory '/home/devel/building/work/src/libcap-2.66/tests'
leave test building to test target
make[1]: Leaving directory '/home/devel/building/work/src/libcap-2.66/tests'
/usr/bin/make -C progs all
make[1]: Entering directory '/home/devel/building/work/src/libcap-2.66/progs'
Makefile:53: warning: overriding recipe for target 'capsh'
Makefile:31: warning: ignoring old recipe for target 'capsh'
gcc -O2 -mabi=lp64d -march=rv64gc -Wall -Wwrite-strings -Wpointer-arith -Wcast-qual -Wcast-align -Wstrict-prototypes -Wmissing-prototypes -Wnested-externs -Winline -Wshadow -Wunreachable-code -Wall -Wwrite-strings -Wpointer-arith -Wcast-qual -Wcast-align -Wstrict-prototypes -Wmissing-prototypes -Wnested-externs -Winline -Wshadow -Wunreachable-code -Dlinux -D_LARGEFILE64_SOURCE -D_FILE_OFFSET_BITS=64 -I/home/devel/building/work/src/libcap-2.66/progs/../libcap/include/uapi -I/home/devel/building/work/src/libcap-2.66/progs/../libcap/include -c getpcaps.c -o getpcaps.o
gcc -O2 -mabi=lp64d -march=rv64gc -Wall -Wwrite-strings -Wpointer-arith -Wcast-qual -Wcast-align -Wstrict-prototypes -Wmissing-prototypes -Wnested-externs -Winline -Wshadow -Wunreachable-code -Wall -Wwrite-strings -Wpointer-arith -Wcast-qual -Wcast-align -Wstrict-prototypes -Wmissing-prototypes -Wnested-externs -Winline -Wshadow -Wunreachable-code -Dlinux -D_LARGEFILE64_SOURCE -D_FILE_OFFSET_BITS=64 -I/home/devel/building/work/src/libcap-2.66/progs/../libcap/include/uapi -I/home/devel/building/work/src/libcap-2.66/progs/../libcap/include -c getcap.c -o getcap.o
gcc -O2 -mabi=lp64d -march=rv64gc -Wall -Wwrite-strings -Wpointer-arith -Wcast-qual -Wcast-align -Wstrict-prototypes -Wmissing-prototypes -Wnested-externs -Winline -Wshadow -Wunreachable-code -Wall -Wwrite-strings -Wpointer-arith -Wcast-qual -Wcast-align -Wstrict-prototypes -Wmissing-prototypes -Wnested-externs -Winline -Wshadow -Wunreachable-code -Dlinux -D_LARGEFILE64_SOURCE -D_FILE_OFFSET_BITS=64 -I/home/devel/building/work/src/libcap-2.66/progs/../libcap/include/uapi -I/home/devel/building/work/src/libcap-2.66/progs/../libcap/include -c setcap.c -o setcap.o
./mkcapshdoc.sh > capshdoc.c.cf
gcc -O2 -mabi=lp64d -march=rv64gc -Wall -Wwrite-strings -Wpointer-arith -Wcast-qual -Wcast-align -Wstrict-prototypes -Wmissing-prototypes -Wnested-externs -Winline -Wshadow -Wunreachable-code -Wall -Wwrite-strings -Wpointer-arith -Wcast-qual -Wcast-align -Wstrict-prototypes -Wmissing-prototypes -Wnested-externs -Winline -Wshadow -Wunreachable-code -Dlinux -D_LARGEFILE64_SOURCE -D_FILE_OFFSET_BITS=64 -I/home/devel/building/work/src/libcap-2.66/progs/../libcap/include/uapi -I/home/devel/building/work/src/libcap-2.66/progs/../libcap/include -c capsh.c -o capsh.o
fgrep: warning: fgrep is obsolescent; using grep -F
fgrep: warning: fgrep is obsolescent; using grep -F
fgrep: warning: fgrep is obsolescent; using grep -F
fgrep: warning: fgrep is obsolescent; using grep -F
fgrep: warning: fgrep is obsolescent; using grep -F
fgrep: warning: fgrep is obsolescent; using grep -F
fgrep: warning: fgrep is obsolescent; using grep -F
fgrep: warning: fgrep is obsolescent; using grep -F
fgrep: warning: fgrep is obsolescent; using grep -F
fgrep: warning: fgrep is obsolescent; using grep -F
gcc -O2 -mabi=lp64d -march=rv64gc -Wall -Wwrite-strings -Wpointer-arith -Wcast-qual -Wcast-align -Wstrict-prototypes -Wmissing-prototypes -Wnested-externs -Winline -Wshadow -Wunreachable-code -Wall -Wwrite-strings -Wpointer-arith -Wcast-qual -Wcast-align -Wstrict-prototypes -Wmissing-prototypes -Wnested-externs -Winline -Wshadow -Wunreachable-code  -o getpcaps getpcaps.o -L/home/devel/building/work/src/libcap-2.66/progs/../libcap -lcap
gcc -O2 -mabi=lp64d -march=rv64gc -Wall -Wwrite-strings -Wpointer-arith -Wcast-qual -Wcast-align -Wstrict-prototypes -Wmissing-prototypes -Wnested-externs -Winline -Wshadow -Wunreachable-code -Wall -Wwrite-strings -Wpointer-arith -Wcast-qual -Wcast-align -Wstrict-prototypes -Wmissing-prototypes -Wnested-externs -Winline -Wshadow -Wunreachable-code  -o getcap getcap.o -L/home/devel/building/work/src/libcap-2.66/progs/../libcap -lcap
fgrep: warning: fgrep is obsolescent; using grep -F
fgrep: warning: fgrep is obsolescent; using grep -F
fgrep: warning: fgrep is obsolescent; using grep -F
gcc -O2 -mabi=lp64d -march=rv64gc -Wall -Wwrite-strings -Wpointer-arith -Wcast-qual -Wcast-align -Wstrict-prototypes -Wmissing-prototypes -Wnested-externs -Winline -Wshadow -Wunreachable-code -Wall -Wwrite-strings -Wpointer-arith -Wcast-qual -Wcast-align -Wstrict-prototypes -Wmissing-prototypes -Wnested-externs -Winline -Wshadow -Wunreachable-code  -o setcap setcap.o -L/home/devel/building/work/src/libcap-2.66/progs/../libcap -lcap
fgrep: warning: fgrep is obsolescent; using grep -F
fgrep: warning: fgrep is obsolescent; using grep -F
fgrep: warning: fgrep is obsolescent; using grep -F
fgrep: warning: fgrep is obsolescent; using grep -F
fgrep: warning: fgrep is obsolescent; using grep -F
fgrep: warning: fgrep is obsolescent; using grep -F
fgrep: warning: fgrep is obsolescent; using grep -F
fgrep: warning: fgrep is obsolescent; using grep -F
fgrep: warning: fgrep is obsolescent; using grep -F
fgrep: warning: fgrep is obsolescent; using grep -F
fgrep: warning: fgrep is obsolescent; using grep -F
fgrep: warning: fgrep is obsolescent; using grep -F
fgrep: warning: fgrep is obsolescent; using grep -F
fgrep: warning: fgrep is obsolescent; using grep -F
fgrep: warning: fgrep is obsolescent; using grep -F
fgrep: warning: fgrep is obsolescent; using grep -F
fgrep: warning: fgrep is obsolescent; using grep -F
fgrep: warning: fgrep is obsolescent; using grep -F
fgrep: warning: fgrep is obsolescent; using grep -F
fgrep: warning: fgrep is obsolescent; using grep -F
fgrep: warning: fgrep is obsolescent; using grep -F
fgrep: warning: fgrep is obsolescent; using grep -F
fgrep: warning: fgrep is obsolescent; using grep -F
fgrep: warning: fgrep is obsolescent; using grep -F
fgrep: warning: fgrep is obsolescent; using grep -F
fgrep: warning: fgrep is obsolescent; using grep -F
fgrep: warning: fgrep is obsolescent; using grep -F
fgrep: warning: fgrep is obsolescent; using grep -F
diff -u capshdoc.c capshdoc.c.cf || (rm capshdoc.c.cf ; exit 1)
gcc -O2 -mabi=lp64d -march=rv64gc -Wall -Wwrite-strings -Wpointer-arith -Wcast-qual -Wcast-align -Wstrict-prototypes -Wmissing-prototypes -Wnested-externs -Winline -Wshadow -Wunreachable-code -Wall -Wwrite-strings -Wpointer-arith -Wcast-qual -Wcast-align -Wstrict-prototypes -Wmissing-prototypes -Wnested-externs -Winline -Wshadow -Wunreachable-code -Dlinux -D_LARGEFILE64_SOURCE -D_FILE_OFFSET_BITS=64 -I/home/devel/building/work/src/libcap-2.66/progs/../libcap/include/uapi -I/home/devel/building/work/src/libcap-2.66/progs/../libcap/include   -o capsh capsh.c capshdoc.c -L/home/devel/building/work/src/libcap-2.66/progs/../libcap -lcap
make[1]: Leaving directory '/home/devel/building/work/src/libcap-2.66/progs'
/usr/bin/make -C doc all
make[1]: Entering directory '/home/devel/building/work/src/libcap-2.66/doc'
make[1]: Nothing to be done for 'all'.
make[1]: Leaving directory '/home/devel/building/work/src/libcap-2.66/doc'
+ make GOLANG=no RAISE_SETFCAP=no PKGCONFIGDIR=/usr/lib/pkgconfig DESTDIR=/home/devel/building/work/pkg install
/usr/bin/make -C libcap install
make[1]: Entering directory '/home/devel/building/work/src/libcap-2.66/libcap'
egrep: warning: egrep is obsolescent; using grep -E
mkdir -p -m 0755 /home/devel/building/work/pkg/usr/include/sys
mkdir -p -m 0755 /home/devel/building/work/pkg/usr/lib/pkgconfig
mkdir -p -m 0755 /home/devel/building/work/pkg/lib
install -m 0644 include/sys/capability.h /home/devel/building/work/pkg/usr/include/sys
install -m 0644 libcap.pc /home/devel/building/work/pkg/usr/lib/pkgconfig/libcap.pc
egrep: warning: egrep is obsolescent; using grep -E
install -m 0644 libcap.a /home/devel/building/work/pkg/lib/libcap.a
/usr/bin/make install-static-psx
make[2]: Entering directory '/home/devel/building/work/src/libcap-2.66/libcap'
egrep: warning: egrep is obsolescent; using grep -E
mkdir -p -m 0755 /home/devel/building/work/pkg/usr/include/sys
mkdir -p -m 0755 /home/devel/building/work/pkg/usr/lib/pkgconfig
mkdir -p -m 0755 /home/devel/building/work/pkg/lib
install -m 0644 include/sys/psx_syscall.h /home/devel/building/work/pkg/usr/include/sys
install -m 0644 libpsx.pc /home/devel/building/work/pkg/usr/lib/pkgconfig/libpsx.pc
egrep: warning: egrep is obsolescent; using grep -E
install -m 0644 libpsx.a /home/devel/building/work/pkg/lib/libpsx.a
make[2]: Leaving directory '/home/devel/building/work/src/libcap-2.66/libcap'
/usr/bin/make install-shared
make[2]: Entering directory '/home/devel/building/work/src/libcap-2.66/libcap'
egrep: warning: egrep is obsolescent; using grep -E
mkdir -p -m 0755 /home/devel/building/work/pkg/usr/include/sys
mkdir -p -m 0755 /home/devel/building/work/pkg/usr/lib/pkgconfig
mkdir -p -m 0755 /home/devel/building/work/pkg/lib
install -m 0644 include/sys/capability.h /home/devel/building/work/pkg/usr/include/sys
install -m 0644 libcap.pc /home/devel/building/work/pkg/usr/lib/pkgconfig/libcap.pc
egrep: warning: egrep is obsolescent; using grep -E
egrep: warning: egrep is obsolescent; using grep -E
egrep: warning: egrep is obsolescent; using grep -E
install -m 0755 libcap.so.2.66 /home/devel/building/work/pkg/lib/libcap.so.2.66
ln -sf libcap.so.2.66 /home/devel/building/work/pkg/lib/libcap.so.2
ln -sf libcap.so.2 /home/devel/building/work/pkg/lib/libcap.so
/usr/bin/make install-shared-psx
make[3]: Entering directory '/home/devel/building/work/src/libcap-2.66/libcap'
egrep: warning: egrep is obsolescent; using grep -E
mkdir -p -m 0755 /home/devel/building/work/pkg/usr/include/sys
mkdir -p -m 0755 /home/devel/building/work/pkg/usr/lib/pkgconfig
mkdir -p -m 0755 /home/devel/building/work/pkg/lib
install -m 0644 include/sys/psx_syscall.h /home/devel/building/work/pkg/usr/include/sys
install -m 0644 libpsx.pc /home/devel/building/work/pkg/usr/lib/pkgconfig/libpsx.pc
egrep: warning: egrep is obsolescent; using grep -E
egrep: warning: egrep is obsolescent; using grep -E
egrep: warning: egrep is obsolescent; using grep -E
install -m 0755 libpsx.so.2.66 /home/devel/building/work/pkg/lib/libpsx.so.2.66
ln -sf libpsx.so.2.66 /home/devel/building/work/pkg/lib/libpsx.so.2
ln -sf libpsx.so.2 /home/devel/building/work/pkg/lib/libpsx.so
make[3]: Leaving directory '/home/devel/building/work/src/libcap-2.66/libcap'
make[2]: Leaving directory '/home/devel/building/work/src/libcap-2.66/libcap'
make[1]: Leaving directory '/home/devel/building/work/src/libcap-2.66/libcap'
/usr/bin/make -C pam_cap install
make[1]: Entering directory '/home/devel/building/work/src/libcap-2.66/pam_cap'
/usr/bin/make testlink
make[2]: Entering directory '/home/devel/building/work/src/libcap-2.66/pam_cap'
make[2]: 'testlink' is up to date.
make[2]: Leaving directory '/home/devel/building/work/src/libcap-2.66/pam_cap'
egrep: warning: egrep is obsolescent; using grep -E
egrep: warning: egrep is obsolescent; using grep -E
mkdir -p -m 0755 /home/devel/building/work/pkg/lib/security
install -m 0755 pam_cap.so /home/devel/building/work/pkg/lib/security
make[1]: Leaving directory '/home/devel/building/work/src/libcap-2.66/pam_cap'
/usr/bin/make -C tests install
make[1]: Entering directory '/home/devel/building/work/src/libcap-2.66/tests'
nothing to install from tests
make[1]: Leaving directory '/home/devel/building/work/src/libcap-2.66/tests'
/usr/bin/make -C progs install
make[1]: Entering directory '/home/devel/building/work/src/libcap-2.66/progs'
Makefile:53: warning: overriding recipe for target 'capsh'
Makefile:31: warning: ignoring old recipe for target 'capsh'
mkdir -p -m 0755 /home/devel/building/work/pkg/sbin
for p in getpcaps getcap setcap capsh capsh ; do \
	install -m 0755 $p /home/devel/building/work/pkg/sbin ; \
done
make[1]: Leaving directory '/home/devel/building/work/src/libcap-2.66/progs'
/usr/bin/make -C doc install
make[1]: Entering directory '/home/devel/building/work/src/libcap-2.66/doc'
mkdir -p -m 755 /home/devel/building/work/pkg/usr/share/man/man1 /home/devel/building/work/pkg/usr/share/man/man3 /home/devel/building/work/pkg/usr/share/man/man8
for man in \
	/home/devel/building/work/pkg/usr/share/man/man1 capsh.1 \
	/home/devel/building/work/pkg/usr/share/man/man3 cap_init.3 cap_free.3 cap_dup.3 cap_clear.3 cap_clear_flag.3 cap_get_flag.3 cap_set_flag.3 cap_fill.3 cap_fill_flag.3 cap_max_bits.3 cap_compare.3 cap_get_proc.3 cap_get_pid.3 cap_set_proc.3 cap_get_file.3 cap_get_fd.3 cap_set_file.3 cap_set_fd.3 cap_copy_ext.3 cap_size.3 cap_copy_int.3 cap_mode.3 cap_from_text.3 cap_to_text.3 cap_from_name.3 cap_to_name.3 capsetp.3 capgetp.3 libcap.3 cap_get_bound.3 cap_drop_bound.3 cap_get_mode.3 cap_set_mode.3 cap_mode_name.3 cap_get_secbits.3 cap_set_secbits.3 cap_setuid.3 cap_setgroups.3 cap_launch.3 cap_func_launcher.3 cap_launcher_callback.3 cap_launcher_set_chroot.3 cap_launcher_set_mode.3 cap_launcher_setgroups.3 cap_launcher_setuid.3 cap_launcher_set_iab.3 cap_new_launcher.3 cap_iab.3 cap_iab_init.3 cap_iab_dup.3 cap_iab_compare.3 cap_iab_get_proc.3 cap_iab_get_pid.3 cap_iab_set_proc.3 cap_iab_to_text.3 cap_iab_from_text.3 cap_iab_get_vector.3 cap_iab_set_vector.3 cap_iab_fill.3 psx_syscall.3 psx_syscall3.3 psx_syscall6.3 psx_set_sensitivity.3 libpsx.3 \
	/home/devel/building/work/pkg/usr/share/man/man8 getcap.8 setcap.8 getpcaps.8 captree.8 \
	; \
do \
	case $man in \
	/*)	sub=$man ; continue ;; \
	esac; \
	install -m 644 $man $sub ; \
done
make[1]: Leaving directory '/home/devel/building/work/src/libcap-2.66/doc'
+ install -d /home/devel/building/work/pkg/usr/lib
+ mv /home/devel/building/work/pkg/lib/libcap.a /home/devel/building/work/pkg/lib/libpsx.a /home/devel/building/work/pkg/lib/libpsx.so /home/devel/building/work/pkg/lib/libpsx.so.2 /home/devel/building/work/pkg/lib/libpsx.so.2.66 /home/devel/building/work/pkg/usr/lib
+ rm /home/devel/building/work/pkg/lib/libcap.so
+ ln -s ../../lib/libcap.so.2.66 /home/devel/building/work/pkg/usr/lib/libcap.so
+ sed '/^libdir/s|/lib|/usr/lib|' -i /home/devel/building/work/pkg/usr/lib/pkgconfig/libcap.pc /home/devel/building/work/pkg/usr/lib/pkgconfig/libpsx.pc
+ find /home/devel/building/work/pkg -type f -name '*.la' -delete
=======> Build result:
drwxr-xr-x  0 root   root        0 Feb 21 19:30 lib/
drwxr-xr-x  0 root   root        0 Feb 21 19:30 lib/security/
lrwxrwxrwx  0 root   root        0 Feb 21 19:30 lib/libcap.so.2 -> libcap.so.2.66
-rwxr-xr-x  0 root   root    43640 Feb 21 19:30 lib/libcap.so.2.66
-rwxr-xr-x  0 root   root    10400 Feb 21 19:30 lib/security/pam_cap.so
drwxr-xr-x  0 root   root        0 Feb 21 19:30 sbin/
-rwxr-xr-x  0 root   root    42264 Feb 21 19:30 sbin/capsh
-rwxr-xr-x  0 root   root    10472 Feb 21 19:30 sbin/setcap
-rwxr-xr-x  0 root   root    10472 Feb 21 19:30 sbin/getcap
-rwxr-xr-x  0 root   root    10424 Feb 21 19:30 sbin/getpcaps
drwxr-xr-x  0 root   root        0 Feb 21 19:30 usr/
drwxr-xr-x  0 root   root        0 Feb 21 19:30 usr/share/
drwxr-xr-x  0 root   root        0 Feb 21 19:30 usr/lib/
drwxr-xr-x  0 root   root        0 Feb 21 19:30 usr/include/
drwxr-xr-x  0 root   root        0 Feb 21 19:30 usr/include/sys/
-rw-r--r--  0 root   root     3511 Feb 21 19:30 usr/include/sys/psx_syscall.h
-rw-r--r--  0 root   root     8681 Feb 21 19:30 usr/include/sys/capability.h
lrwxrwxrwx  0 root   root        0 Feb 21 19:30 usr/lib/libcap.so -> ../../lib/libcap.so.2.66
-rwxr-xr-x  0 root   root    14616 Feb 21 19:30 usr/lib/libpsx.so.2.66
lrwxrwxrwx  0 root   root        0 Feb 21 19:30 usr/lib/libpsx.so.2 -> libpsx.so.2.66
lrwxrwxrwx  0 root   root        0 Feb 21 19:30 usr/lib/libpsx.so -> libpsx.so.2
-rw-r--r--  0 root   root    45628 Feb 21 19:30 usr/lib/libpsx.a
-rw-r--r--  0 root   root   150936 Feb 21 19:30 usr/lib/libcap.a
drwxr-xr-x  0 root   root        0 Feb 21 19:30 usr/lib/pkgconfig/
-rw-r--r--  0 root   root      250 Feb 21 19:30 usr/lib/pkgconfig/libpsx.pc
-rw-r--r--  0 root   root      205 Feb 21 19:30 usr/lib/pkgconfig/libcap.pc
drwxr-xr-x  0 root   root        0 Feb 21 19:30 usr/share/man/
drwxr-xr-x  0 root   root        0 Feb 21 19:30 usr/share/man/man8/
drwxr-xr-x  0 root   root        0 Feb 21 19:30 usr/share/man/man3/
drwxr-xr-x  0 root   root        0 Feb 21 19:30 usr/share/man/man1/
-rw-r--r--  0 root   root     3857 Feb 21 19:30 usr/share/man/man1/capsh.1.gz
-rw-r--r--  0 root   root     1047 Feb 21 19:30 usr/share/man/man3/cap_init.3.gz
-rw-r--r--  0 root   root       51 Feb 21 19:30 usr/share/man/man3/cap_free.3.gz
-rw-r--r--  0 root   root       50 Feb 21 19:30 usr/share/man/man3/cap_dup.3.gz
-rw-r--r--  0 root   root     1636 Feb 21 19:30 usr/share/man/man3/cap_clear.3.gz
-rw-r--r--  0 root   root       58 Feb 21 19:30 usr/share/man/man3/cap_clear_flag.3.gz
-rw-r--r--  0 root   root       56 Feb 21 19:30 usr/share/man/man3/cap_get_flag.3.gz
-rw-r--r--  0 root   root       56 Feb 21 19:30 usr/share/man/man3/cap_set_flag.3.gz
-rw-r--r--  0 root   root       52 Feb 21 19:30 usr/share/man/man3/cap_fill.3.gz
-rw-r--r--  0 root   root       57 Feb 21 19:30 usr/share/man/man3/cap_fill_flag.3.gz
-rw-r--r--  0 root   root       56 Feb 21 19:30 usr/share/man/man3/cap_max_bits.3.gz
-rw-r--r--  0 root   root       55 Feb 21 19:30 usr/share/man/man3/cap_compare.3.gz
-rw-r--r--  0 root   root     4493 Feb 21 19:30 usr/share/man/man3/cap_get_proc.3.gz
-rw-r--r--  0 root   root       58 Feb 21 19:30 usr/share/man/man3/cap_get_pid.3.gz
-rw-r--r--  0 root   root       59 Feb 21 19:30 usr/share/man/man3/cap_set_proc.3.gz
-rw-r--r--  0 root   root     1575 Feb 21 19:30 usr/share/man/man3/cap_get_file.3.gz
-rw-r--r--  0 root   root       57 Feb 21 19:30 usr/share/man/man3/cap_get_fd.3.gz
-rw-r--r--  0 root   root       59 Feb 21 19:30 usr/share/man/man3/cap_set_file.3.gz
-rw-r--r--  0 root   root       57 Feb 21 19:30 usr/share/man/man3/cap_set_fd.3.gz
-rw-r--r--  0 root   root     1353 Feb 21 19:30 usr/share/man/man3/cap_copy_ext.3.gz
-rw-r--r--  0 root   root       55 Feb 21 19:30 usr/share/man/man3/cap_size.3.gz
-rw-r--r--  0 root   root       59 Feb 21 19:30 usr/share/man/man3/cap_copy_int.3.gz
-rw-r--r--  0 root   root       55 Feb 21 19:30 usr/share/man/man3/cap_mode.3.gz
-rw-r--r--  0 root   root     2859 Feb 21 19:30 usr/share/man/man3/cap_from_text.3.gz
-rw-r--r--  0 root   root       59 Feb 21 19:30 usr/share/man/man3/cap_to_text.3.gz
-rw-r--r--  0 root   root       61 Feb 21 19:30 usr/share/man/man3/cap_from_name.3.gz
-rw-r--r--  0 root   root       59 Feb 21 19:30 usr/share/man/man3/cap_to_name.3.gz
-rw-r--r--  0 root   root       54 Feb 21 19:30 usr/share/man/man3/capsetp.3.gz
-rw-r--r--  0 root   root       54 Feb 21 19:30 usr/share/man/man3/capgetp.3.gz
-rw-r--r--  0 root   root     1336 Feb 21 19:30 usr/share/man/man3/libcap.3.gz
-rw-r--r--  0 root   root       60 Feb 21 19:30 usr/share/man/man3/cap_get_bound.3.gz
-rw-r--r--  0 root   root       61 Feb 21 19:30 usr/share/man/man3/cap_drop_bound.3.gz
-rw-r--r--  0 root   root       59 Feb 21 19:30 usr/share/man/man3/cap_get_mode.3.gz
-rw-r--r--  0 root   root       59 Feb 21 19:30 usr/share/man/man3/cap_set_mode.3.gz
-rw-r--r--  0 root   root       60 Feb 21 19:30 usr/share/man/man3/cap_mode_name.3.gz
-rw-r--r--  0 root   root       62 Feb 21 19:30 usr/share/man/man3/cap_get_secbits.3.gz
-rw-r--r--  0 root   root       62 Feb 21 19:30 usr/share/man/man3/cap_set_secbits.3.gz
-rw-r--r--  0 root   root       57 Feb 21 19:30 usr/share/man/man3/cap_setuid.3.gz
-rw-r--r--  0 root   root       60 Feb 21 19:30 usr/share/man/man3/cap_setgroups.3.gz
-rw-r--r--  0 root   root     2621 Feb 21 19:30 usr/share/man/man3/cap_launch.3.gz
-rw-r--r--  0 root   root       62 Feb 21 19:30 usr/share/man/man3/cap_func_launcher.3.gz
-rw-r--r--  0 root   root       66 Feb 21 19:30 usr/share/man/man3/cap_launcher_callback.3.gz
-rw-r--r--  0 root   root       68 Feb 21 19:30 usr/share/man/man3/cap_launcher_set_chroot.3.gz
-rw-r--r--  0 root   root       66 Feb 21 19:30 usr/share/man/man3/cap_launcher_set_mode.3.gz
-rw-r--r--  0 root   root       67 Feb 21 19:30 usr/share/man/man3/cap_launcher_setgroups.3.gz
-rw-r--r--  0 root   root       64 Feb 21 19:30 usr/share/man/man3/cap_launcher_setuid.3.gz
-rw-r--r--  0 root   root       65 Feb 21 19:30 usr/share/man/man3/cap_launcher_set_iab.3.gz
-rw-r--r--  0 root   root       61 Feb 21 19:30 usr/share/man/man3/cap_new_launcher.3.gz
-rw-r--r--  0 root   root     2805 Feb 21 19:30 usr/share/man/man3/cap_iab.3.gz
-rw-r--r--  0 root   root       54 Feb 21 19:30 usr/share/man/man3/cap_iab_init.3.gz
-rw-r--r--  0 root   root       53 Feb 21 19:30 usr/share/man/man3/cap_iab_dup.3.gz
-rw-r--r--  0 root   root       57 Feb 21 19:30 usr/share/man/man3/cap_iab_compare.3.gz
-rw-r--r--  0 root   root       58 Feb 21 19:30 usr/share/man/man3/cap_iab_get_proc.3.gz
-rw-r--r--  0 root   root       57 Feb 21 19:30 usr/share/man/man3/cap_iab_get_pid.3.gz
-rw-r--r--  0 root   root       58 Feb 21 19:30 usr/share/man/man3/cap_iab_set_proc.3.gz
-rw-r--r--  0 root   root       57 Feb 21 19:30 usr/share/man/man3/cap_iab_to_text.3.gz
-rw-r--r--  0 root   root       59 Feb 21 19:30 usr/share/man/man3/cap_iab_from_text.3.gz
-rw-r--r--  0 root   root       60 Feb 21 19:30 usr/share/man/man3/cap_iab_get_vector.3.gz
-rw-r--r--  0 root   root       60 Feb 21 19:30 usr/share/man/man3/cap_iab_set_vector.3.gz
-rw-r--r--  0 root   root       54 Feb 21 19:30 usr/share/man/man3/cap_iab_fill.3.gz
-rw-r--r--  0 root   root       52 Feb 21 19:30 usr/share/man/man3/psx_syscall.3.gz
-rw-r--r--  0 root   root       53 Feb 21 19:30 usr/share/man/man3/psx_syscall3.3.gz
-rw-r--r--  0 root   root       53 Feb 21 19:30 usr/share/man/man3/psx_syscall6.3.gz
-rw-r--r--  0 root   root       60 Feb 21 19:30 usr/share/man/man3/psx_set_sensitivity.3.gz
-rw-r--r--  0 root   root     1678 Feb 21 19:30 usr/share/man/man3/libpsx.3.gz
-rw-r--r--  0 root   root      569 Feb 21 19:30 usr/share/man/man8/getcap.8.gz
-rw-r--r--  0 root   root      912 Feb 21 19:30 usr/share/man/man8/setcap.8.gz
-rw-r--r--  0 root   root      838 Feb 21 19:30 usr/share/man/man8/getpcaps.8.gz
-rw-r--r--  0 root   root     1250 Feb 21 19:30 usr/share/man/man8/captree.8.gz
=======> Building '/home/devel/packages/libcap#2.66-1.riscv64.pkg.tar.zst' succeeded.
prt-get: Using PKGMK_PACKAGE_DIR: /home/devel/packages
prt-get: reinstalling libcap 2.66-1
prt-get: /usr/bin/pkgadd -u libcap#2.66-1.riscv64.pkg.tar.zst
prt-get: build done Tue Feb 21 19:30:38 2023

