prt-get: updating /usr/ports/core-riscv64/libcap-ng
prt-get: starting build Tue Feb 21 19:30:38 2023
=======> Building '/home/devel/packages/libcap-ng#0.8.3-1.riscv64.pkg.tar.zst'.
bsdtar -p -o -C /home/devel/building/work/src -xf /home/devel/sources/libcap-ng-0.8.3.tar.gz
cp libcap-ng-0.8.3-apply-disable.patch /home/devel/building/work/src
+ build
+ cd libcap-ng-0.8.3
+ patch -p1 -i /home/devel/building/work/src/libcap-ng-0.8.3-apply-disable.patch
patching file src/cap-ng.c
Hunk #1 succeeded at 776 (offset 9 lines).
Hunk #2 succeeded at 832 (offset 9 lines).
+ ./configure --prefix=/usr --without-python --without-python3 --disable-static
Configuring libcap-ng
checking build system type... riscv64-unknown-linux-gnu
checking host system type... riscv64-unknown-linux-gnu
checking target system type... riscv64-unknown-linux-gnu
checking for a BSD-compatible install... /usr/bin/install -c
checking whether build environment is sane... yes
checking for a thread-safe mkdir -p... /bin/mkdir -p
checking for gawk... gawk
checking whether make sets $(MAKE)... yes
checking whether make supports nested variables... yes
checking how to print strings... printf
checking whether make supports the include directive... yes (GNU style)
checking for gcc... gcc
checking whether the C compiler works... yes
checking for C compiler default output file name... a.out
checking for suffix of executables... 
checking whether we are cross compiling... no
checking for suffix of object files... o
checking whether we are using the GNU C compiler... yes
checking whether gcc accepts -g... yes
checking for gcc option to accept ISO C89... none needed
checking whether gcc understands -c and -o together... yes
checking dependency style of gcc... gcc3
checking for a sed that does not truncate output... /bin/sed
checking for grep that handles long lines and -e... /usr/bin/grep
checking for egrep... /usr/bin/grep -E
checking for fgrep... /usr/bin/grep -F
checking for ld used by gcc... /usr/bin/ld
checking if the linker (/usr/bin/ld) is GNU ld... yes
checking for BSD- or MS-compatible name lister (nm)... /usr/bin/nm -B
checking the name lister (/usr/bin/nm -B) interface... BSD nm
checking whether ln -s works... yes
checking the maximum length of command line arguments... 1572864
checking how to convert riscv64-unknown-linux-gnu file names to riscv64-unknown-linux-gnu format... func_convert_file_noop
checking how to convert riscv64-unknown-linux-gnu file names to toolchain format... func_convert_file_noop
checking for /usr/bin/ld option to reload object files... -r
checking for objdump... objdump
checking how to recognize dependent libraries... pass_all
checking for dlltool... no
checking how to associate runtime and link libraries... printf %s\n
checking for ar... ar
checking for archiver @FILE support... @
checking for strip... strip
checking for ranlib... ranlib
checking command to parse /usr/bin/nm -B output from gcc object... ok
checking for sysroot... no
checking for a working dd... /bin/dd
checking how to truncate binary pipes... /bin/dd bs=4096 count=1
checking for mt... no
checking if : is a manifest tool... no
checking how to run the C preprocessor... gcc -E
checking for ANSI C header files... yes
checking for sys/types.h... yes
checking for sys/stat.h... yes
checking for stdlib.h... yes
checking for string.h... yes
checking for memory.h... yes
checking for strings.h... yes
checking for inttypes.h... yes
checking for stdint.h... yes
checking for unistd.h... yes
checking for dlfcn.h... yes
checking for objdir... .libs
checking if gcc supports -fno-rtti -fno-exceptions... no
checking for gcc option to produce PIC... -fPIC -DPIC
checking if gcc PIC flag -fPIC -DPIC works... yes
checking if gcc static flag -static works... yes
checking if gcc supports -c -o file.o... yes
checking if gcc supports -c -o file.o... (cached) yes
checking whether the gcc linker (/usr/bin/ld) supports shared libraries... yes
checking whether -lc should be explicitly linked in... no
checking dynamic linker characteristics... GNU/Linux ld.so
checking how to hardcode library paths into programs... immediate
checking whether stripping libraries is possible... yes
checking if libtool supports shared libraries... yes
checking whether to build shared libraries... yes
checking whether to build static libraries... no
.
Checking for programs
checking for gcc... (cached) gcc
checking whether we are using the GNU C compiler... (cached) yes
checking whether gcc accepts -g... (cached) yes
checking for gcc option to accept ISO C89... (cached) none needed
checking whether gcc understands -c and -o together... (cached) yes
checking dependency style of gcc... (cached) gcc3
checking for gawk... (cached) gawk
.
Checking for header files
checking for ANSI C header files... (cached) yes
checking linux/capability.h usability... yes
checking linux/capability.h presence... yes
checking for linux/capability.h... yes
checking sys/xattr.h usability... yes
checking sys/xattr.h presence... yes
checking for sys/xattr.h... yes
checking linux/securebits.h usability... yes
checking linux/securebits.h presence... yes
checking for linux/securebits.h... yes
checking pthread.h usability... yes
checking pthread.h presence... yes
checking for pthread.h... yes
checking for library containing pthread_atfork... none required
checking sys/vfs.h usability... yes
checking sys/vfs.h presence... yes
checking for sys/vfs.h... yes
checking linux/magic.h usability... yes
checking linux/magic.h presence... yes
checking for linux/magic.h... yes
configure: WARNING: linux/magic.h is required in order to verify procfs.
checking __attr_access support... yes
checking for -Wformat-truncation... yes
checking sys/syscall.h usability... yes
checking sys/syscall.h presence... yes
checking for sys/syscall.h... yes
checking whether PR_CAP_AMBIENT is declared... yes
checking whether VFS_CAP_REVISION_2 is declared... yes
checking whether VFS_CAP_REVISION_3 is declared... yes
checking whether CAP_EPOLLWAKEUP is declared... no
checking whether CAP_WAKE_ALARM is declared... yes
checking whether CAP_BLOCK_SUSPEND is declared... yes
checking whether CAP_AUDIT_READ is declared... yes
checking whether CAP_PERFMON is declared... yes
checking whether CAP_BPF is declared... yes
checking whether CAP_CHECKPOINT_RESTORE is declared... yes
checking for swig... no
configure: WARNING: "Swig not found - python bindings will not be made"
checking whether to create python bindings... no
checking whether to create python3 bindings... no
checking that generated files are newer than configure... done
configure: creating ./config.status
config.status: creating Makefile
config.status: creating src/Makefile
config.status: creating src/libcap-ng.pc
config.status: creating src/test/Makefile
config.status: creating bindings/Makefile
config.status: creating bindings/python/Makefile
config.status: creating bindings/python3/Makefile
config.status: creating bindings/src/Makefile
config.status: creating bindings/python/test/Makefile
config.status: creating utils/Makefile
config.status: creating m4/Makefile
config.status: creating docs/Makefile
config.status: creating config.h
config.status: executing depfiles commands
config.status: executing libtool commands
.


  libcap-ng Version:      0.8.3
  Target:                 riscv64-unknown-linux-gnu
  Installation prefix:    /usr
  Compiler:               gcc
  Compiler flags:
                          -O2 -mabi=lp64d -march=rv64gc
  __attr_access support:  yes

+ make V=1
/usr/bin/make  all-recursive
make[1]: Entering directory '/home/devel/building/work/src/libcap-ng-0.8.3'
Making all in src
make[2]: Entering directory '/home/devel/building/work/src/libcap-ng-0.8.3/src'
Making all in test
make[3]: Entering directory '/home/devel/building/work/src/libcap-ng-0.8.3/src/test'
make[3]: Nothing to be done for 'all'.
make[3]: Leaving directory '/home/devel/building/work/src/libcap-ng-0.8.3/src/test'
make[3]: Entering directory '/home/devel/building/work/src/libcap-ng-0.8.3/src'
/bin/sh ../libtool  --tag=CC   --mode=compile gcc -DHAVE_CONFIG_H -I. -I..  -I. -I..  -fPIC -DPIC -W -Wall -Wshadow -Wno-format-truncation -Wundef -D_GNU_SOURCE -O2 -mabi=lp64d -march=rv64gc -MT cap-ng.lo -MD -MP -MF .deps/cap-ng.Tpo -c -o cap-ng.lo cap-ng.c
/bin/sh ../libtool  --tag=CC   --mode=compile gcc -DHAVE_CONFIG_H -I. -I..  -I. -I..  -fPIC -DPIC -W -Wall -Wshadow -Wno-format-truncation -Wundef -D_GNU_SOURCE -O2 -mabi=lp64d -march=rv64gc -MT lookup_table.lo -MD -MP -MF .deps/lookup_table.Tpo -c -o lookup_table.lo lookup_table.c
/bin/sh ../libtool  --tag=CC   --mode=compile gcc -DHAVE_CONFIG_H -I. -I..  -I. -I..  -fPIC -DPIC -W -Wall -Wshadow -Wno-format-truncation -Wundef -D_GNU_SOURCE -O2 -mabi=lp64d -march=rv64gc -MT libdrop_ambient.lo -MD -MP -MF .deps/libdrop_ambient.Tpo -c -o libdrop_ambient.lo libdrop_ambient.c
libtool: compile:  gcc -DHAVE_CONFIG_H -I. -I.. -I. -I.. -fPIC -DPIC -W -Wall -Wshadow -Wno-format-truncation -Wundef -D_GNU_SOURCE -O2 -mabi=lp64d -march=rv64gc -MT lookup_table.lo -MD -MP -MF .deps/lookup_table.Tpo -c lookup_table.c  -fPIC -DPIC -o .libs/lookup_table.o
libtool: compile:  gcc -DHAVE_CONFIG_H -I. -I.. -I. -I.. -fPIC -DPIC -W -Wall -Wshadow -Wno-format-truncation -Wundef -D_GNU_SOURCE -O2 -mabi=lp64d -march=rv64gc -MT cap-ng.lo -MD -MP -MF .deps/cap-ng.Tpo -c cap-ng.c  -fPIC -DPIC -o .libs/cap-ng.o
libtool: compile:  gcc -DHAVE_CONFIG_H -I. -I.. -I. -I.. -fPIC -DPIC -W -Wall -Wshadow -Wno-format-truncation -Wundef -D_GNU_SOURCE -O2 -mabi=lp64d -march=rv64gc -MT libdrop_ambient.lo -MD -MP -MF .deps/libdrop_ambient.Tpo -c libdrop_ambient.c  -fPIC -DPIC -o .libs/libdrop_ambient.o
mv -f .deps/libdrop_ambient.Tpo .deps/libdrop_ambient.Plo
/bin/sh ../libtool  --tag=CC   --mode=link gcc -fPIC -DPIC -W -Wall -Wshadow -Wno-format-truncation -Wundef -D_GNU_SOURCE -O2 -mabi=lp64d -march=rv64gc   -o libdrop_ambient.la -rpath /usr/lib libdrop_ambient.lo  
libtool: link: gcc -shared  -fPIC -DPIC  .libs/libdrop_ambient.o    -O2 -mabi=lp64d -march=rv64gc   -Wl,-soname -Wl,libdrop_ambient.so.0 -o .libs/libdrop_ambient.so.0.0.0
mv -f .deps/lookup_table.Tpo .deps/lookup_table.Plo
libtool: link: (cd ".libs" && rm -f "libdrop_ambient.so.0" && ln -s "libdrop_ambient.so.0.0.0" "libdrop_ambient.so.0")
libtool: link: (cd ".libs" && rm -f "libdrop_ambient.so" && ln -s "libdrop_ambient.so.0.0.0" "libdrop_ambient.so")
libtool: link: ( cd ".libs" && rm -f "libdrop_ambient.la" && ln -s "../libdrop_ambient.la" "libdrop_ambient.la" )
mv -f .deps/cap-ng.Tpo .deps/cap-ng.Plo
/bin/sh ../libtool  --tag=CC   --mode=link gcc -fPIC -DPIC -W -Wall -Wshadow -Wno-format-truncation -Wundef -D_GNU_SOURCE -O2 -mabi=lp64d -march=rv64gc -Wl,-z,relro  -o libcap-ng.la -rpath /usr/lib cap-ng.lo lookup_table.lo  
libtool: link: gcc -shared  -fPIC -DPIC  .libs/cap-ng.o .libs/lookup_table.o    -O2 -mabi=lp64d -march=rv64gc -Wl,-z -Wl,relro   -Wl,-soname -Wl,libcap-ng.so.0 -o .libs/libcap-ng.so.0.0.0
libtool: link: (cd ".libs" && rm -f "libcap-ng.so.0" && ln -s "libcap-ng.so.0.0.0" "libcap-ng.so.0")
libtool: link: (cd ".libs" && rm -f "libcap-ng.so" && ln -s "libcap-ng.so.0.0.0" "libcap-ng.so")
libtool: link: ( cd ".libs" && rm -f "libcap-ng.la" && ln -s "../libcap-ng.la" "libcap-ng.la" )
make[3]: Leaving directory '/home/devel/building/work/src/libcap-ng-0.8.3/src'
make[2]: Leaving directory '/home/devel/building/work/src/libcap-ng-0.8.3/src'
Making all in utils
make[2]: Entering directory '/home/devel/building/work/src/libcap-ng-0.8.3/utils'
gcc -DHAVE_CONFIG_H -I. -I..  -I.. -I../src  -W -Wall -Wshadow -Wno-format-truncation -Wundef -D_GNU_SOURCE -O2 -mabi=lp64d -march=rv64gc -c -o pscap.o pscap.c
gcc -DHAVE_CONFIG_H -I. -I..  -I.. -I../src  -W -Wall -Wshadow -Wno-format-truncation -Wundef -D_GNU_SOURCE -O2 -mabi=lp64d -march=rv64gc -c -o netcap.o netcap.c
gcc -DHAVE_CONFIG_H -I. -I..  -I.. -I../src  -W -Wall -Wshadow -Wno-format-truncation -Wundef -D_GNU_SOURCE -O2 -mabi=lp64d -march=rv64gc -c -o proc-llist.o proc-llist.c
gcc -DHAVE_CONFIG_H -I. -I..  -I.. -I../src  -W -Wall -Wshadow -Wno-format-truncation -Wundef -D_GNU_SOURCE -O2 -mabi=lp64d -march=rv64gc -c -o filecap.o filecap.c
gcc -DHAVE_CONFIG_H -I. -I..  -I.. -I../src  -W -Wall -Wshadow -Wno-format-truncation -Wundef -D_GNU_SOURCE -O2 -mabi=lp64d -march=rv64gc -c -o captest.o captest.c
/bin/sh ../libtool  --tag=CC   --mode=link gcc -W -Wall -Wshadow -Wno-format-truncation -Wundef -D_GNU_SOURCE -O2 -mabi=lp64d -march=rv64gc   -o pscap pscap.o  -L../src -lcap-ng
/bin/sh ../libtool  --tag=CC   --mode=link gcc -W -Wall -Wshadow -Wno-format-truncation -Wundef -D_GNU_SOURCE -O2 -mabi=lp64d -march=rv64gc   -o filecap filecap.o  -L../src -lcap-ng
/bin/sh ../libtool  --tag=CC   --mode=link gcc -W -Wall -Wshadow -Wno-format-truncation -Wundef -D_GNU_SOURCE -O2 -mabi=lp64d -march=rv64gc   -o captest captest.o  -L../src -lcap-ng
/bin/sh ../libtool  --tag=CC   --mode=link gcc -W -Wall -Wshadow -Wno-format-truncation -Wundef -D_GNU_SOURCE -O2 -mabi=lp64d -march=rv64gc   -o netcap netcap.o proc-llist.o  -L../src -lcap-ng
libtool: link: gcc -W -Wall -Wshadow -Wno-format-truncation -Wundef -D_GNU_SOURCE -O2 -mabi=lp64d -march=rv64gc -o .libs/pscap pscap.o  -L../src /home/devel/building/work/src/libcap-ng-0.8.3/src/.libs/libcap-ng.so
libtool: link: gcc -W -Wall -Wshadow -Wno-format-truncation -Wundef -D_GNU_SOURCE -O2 -mabi=lp64d -march=rv64gc -o .libs/filecap filecap.o  -L../src /home/devel/building/work/src/libcap-ng-0.8.3/src/.libs/libcap-ng.so
libtool: link: gcc -W -Wall -Wshadow -Wno-format-truncation -Wundef -D_GNU_SOURCE -O2 -mabi=lp64d -march=rv64gc -o .libs/captest captest.o  -L../src /home/devel/building/work/src/libcap-ng-0.8.3/src/.libs/libcap-ng.so
libtool: link: gcc -W -Wall -Wshadow -Wno-format-truncation -Wundef -D_GNU_SOURCE -O2 -mabi=lp64d -march=rv64gc -o .libs/netcap netcap.o proc-llist.o  -L../src /home/devel/building/work/src/libcap-ng-0.8.3/src/.libs/libcap-ng.so
make[2]: Leaving directory '/home/devel/building/work/src/libcap-ng-0.8.3/utils'
Making all in m4
make[2]: Entering directory '/home/devel/building/work/src/libcap-ng-0.8.3/m4'
make[2]: Nothing to be done for 'all'.
make[2]: Leaving directory '/home/devel/building/work/src/libcap-ng-0.8.3/m4'
Making all in docs
make[2]: Entering directory '/home/devel/building/work/src/libcap-ng-0.8.3/docs'
make[2]: Nothing to be done for 'all'.
make[2]: Leaving directory '/home/devel/building/work/src/libcap-ng-0.8.3/docs'
make[2]: Entering directory '/home/devel/building/work/src/libcap-ng-0.8.3'
make[2]: Leaving directory '/home/devel/building/work/src/libcap-ng-0.8.3'
make[1]: Leaving directory '/home/devel/building/work/src/libcap-ng-0.8.3'
+ make DESTDIR=/home/devel/building/work/pkg install
Making install in src
make[1]: Entering directory '/home/devel/building/work/src/libcap-ng-0.8.3/src'
Making install in test
make[2]: Entering directory '/home/devel/building/work/src/libcap-ng-0.8.3/src/test'
make[3]: Entering directory '/home/devel/building/work/src/libcap-ng-0.8.3/src/test'
make[3]: Nothing to be done for 'install-exec-am'.
make[3]: Nothing to be done for 'install-data-am'.
make[3]: Leaving directory '/home/devel/building/work/src/libcap-ng-0.8.3/src/test'
make[2]: Leaving directory '/home/devel/building/work/src/libcap-ng-0.8.3/src/test'
make[2]: Entering directory '/home/devel/building/work/src/libcap-ng-0.8.3/src'
make[3]: Entering directory '/home/devel/building/work/src/libcap-ng-0.8.3/src'
 /bin/mkdir -p '/home/devel/building/work/pkg/usr/lib'
 /bin/mkdir -p '/home/devel/building/work/pkg/usr/include'
 /bin/mkdir -p '/home/devel/building/work/pkg/usr/lib/pkgconfig'
 /bin/sh ../libtool   --mode=install /usr/bin/install -c   libcap-ng.la libdrop_ambient.la '/home/devel/building/work/pkg/usr/lib'
 /usr/bin/install -c -m 644 cap-ng.h '/home/devel/building/work/pkg/usr/include'
 /usr/bin/install -c -m 644 libcap-ng.pc '/home/devel/building/work/pkg/usr/lib/pkgconfig'
libtool: install: /usr/bin/install -c .libs/libcap-ng.so.0.0.0 /home/devel/building/work/pkg/usr/lib/libcap-ng.so.0.0.0
libtool: install: (cd /home/devel/building/work/pkg/usr/lib && { ln -s -f libcap-ng.so.0.0.0 libcap-ng.so.0 || { rm -f libcap-ng.so.0 && ln -s libcap-ng.so.0.0.0 libcap-ng.so.0; }; })
libtool: install: (cd /home/devel/building/work/pkg/usr/lib && { ln -s -f libcap-ng.so.0.0.0 libcap-ng.so || { rm -f libcap-ng.so && ln -s libcap-ng.so.0.0.0 libcap-ng.so; }; })
libtool: install: /usr/bin/install -c .libs/libcap-ng.lai /home/devel/building/work/pkg/usr/lib/libcap-ng.la
libtool: install: /usr/bin/install -c .libs/libdrop_ambient.so.0.0.0 /home/devel/building/work/pkg/usr/lib/libdrop_ambient.so.0.0.0
libtool: install: (cd /home/devel/building/work/pkg/usr/lib && { ln -s -f libdrop_ambient.so.0.0.0 libdrop_ambient.so.0 || { rm -f libdrop_ambient.so.0 && ln -s libdrop_ambient.so.0.0.0 libdrop_ambient.so.0; }; })
libtool: install: (cd /home/devel/building/work/pkg/usr/lib && { ln -s -f libdrop_ambient.so.0.0.0 libdrop_ambient.so || { rm -f libdrop_ambient.so && ln -s libdrop_ambient.so.0.0.0 libdrop_ambient.so; }; })
libtool: install: /usr/bin/install -c .libs/libdrop_ambient.lai /home/devel/building/work/pkg/usr/lib/libdrop_ambient.la
libtool: warning: remember to run 'libtool --finish /usr/lib'
make[3]: Leaving directory '/home/devel/building/work/src/libcap-ng-0.8.3/src'
make[2]: Leaving directory '/home/devel/building/work/src/libcap-ng-0.8.3/src'
make[1]: Leaving directory '/home/devel/building/work/src/libcap-ng-0.8.3/src'
Making install in utils
make[1]: Entering directory '/home/devel/building/work/src/libcap-ng-0.8.3/utils'
make[2]: Entering directory '/home/devel/building/work/src/libcap-ng-0.8.3/utils'
 /bin/mkdir -p '/home/devel/building/work/pkg/usr/bin'
 /bin/mkdir -p '/home/devel/building/work/pkg/usr/share/man/man8'
  /bin/sh ../libtool   --mode=install /usr/bin/install -c pscap netcap filecap captest '/home/devel/building/work/pkg/usr/bin'
 /usr/bin/install -c -m 644 pscap.8 netcap.8 filecap.8 captest.8 '/home/devel/building/work/pkg/usr/share/man/man8'
libtool: warning: '/home/devel/building/work/src/libcap-ng-0.8.3/src/libcap-ng.la' has not been installed in '/usr/lib'
libtool: install: /usr/bin/install -c .libs/pscap /home/devel/building/work/pkg/usr/bin/pscap
libtool: warning: '/home/devel/building/work/src/libcap-ng-0.8.3/src/libcap-ng.la' has not been installed in '/usr/lib'
libtool: install: /usr/bin/install -c .libs/netcap /home/devel/building/work/pkg/usr/bin/netcap
libtool: warning: '/home/devel/building/work/src/libcap-ng-0.8.3/src/libcap-ng.la' has not been installed in '/usr/lib'
libtool: install: /usr/bin/install -c .libs/filecap /home/devel/building/work/pkg/usr/bin/filecap
libtool: warning: '/home/devel/building/work/src/libcap-ng-0.8.3/src/libcap-ng.la' has not been installed in '/usr/lib'
libtool: install: /usr/bin/install -c .libs/captest /home/devel/building/work/pkg/usr/bin/captest
make[2]: Leaving directory '/home/devel/building/work/src/libcap-ng-0.8.3/utils'
make[1]: Leaving directory '/home/devel/building/work/src/libcap-ng-0.8.3/utils'
Making install in m4
make[1]: Entering directory '/home/devel/building/work/src/libcap-ng-0.8.3/m4'
make[2]: Entering directory '/home/devel/building/work/src/libcap-ng-0.8.3/m4'
make[2]: Nothing to be done for 'install-exec-am'.
 /bin/mkdir -p '/home/devel/building/work/pkg/usr/share/aclocal'
 /usr/bin/install -c -m 644 cap-ng.m4 '/home/devel/building/work/pkg/usr/share/aclocal'
make[2]: Leaving directory '/home/devel/building/work/src/libcap-ng-0.8.3/m4'
make[1]: Leaving directory '/home/devel/building/work/src/libcap-ng-0.8.3/m4'
Making install in docs
make[1]: Entering directory '/home/devel/building/work/src/libcap-ng-0.8.3/docs'
make[2]: Entering directory '/home/devel/building/work/src/libcap-ng-0.8.3/docs'
make[2]: Nothing to be done for 'install-exec-am'.
 /bin/mkdir -p '/home/devel/building/work/pkg/usr/share/man/man3'
 /bin/mkdir -p '/home/devel/building/work/pkg/usr/share/man/man7'
 /usr/bin/install -c -m 644 libdrop_ambient.7 '/home/devel/building/work/pkg/usr/share/man/man7'
 /usr/bin/install -c -m 644 capng_clear.3 capng_fill.3 capng_setpid.3 capng_get_caps_process.3 capng_update.3 capng_updatev.3 capng_apply.3 capng_lock.3 capng_change_id.3 capng_get_caps_fd.3 capng_apply_caps_fd.3 capng_have_capabilities.3 capng_get_rootid.3 capng_set_rootid.3 capng_have_capability.3 capng_print_caps_numeric.3 capng_print_caps_text.3 capng_name_to_capability.3 capng_capability_to_name.3 capng_save_state.3 capng_restore_state.3 '/home/devel/building/work/pkg/usr/share/man/man3'
make[2]: Leaving directory '/home/devel/building/work/src/libcap-ng-0.8.3/docs'
make[1]: Leaving directory '/home/devel/building/work/src/libcap-ng-0.8.3/docs'
make[1]: Entering directory '/home/devel/building/work/src/libcap-ng-0.8.3'
make[2]: Entering directory '/home/devel/building/work/src/libcap-ng-0.8.3'
make[2]: Nothing to be done for 'install-exec-am'.
make[2]: Nothing to be done for 'install-data-am'.
make[2]: Leaving directory '/home/devel/building/work/src/libcap-ng-0.8.3'
make[1]: Leaving directory '/home/devel/building/work/src/libcap-ng-0.8.3'
+ find /home/devel/building/work/pkg -type f -name '*.la' -delete
=======> Build result:
drwxr-xr-x  0 root   root        0 Feb 21 19:31 usr/
drwxr-xr-x  0 root   root        0 Feb 21 19:31 usr/share/
drwxr-xr-x  0 root   root        0 Feb 21 19:31 usr/bin/
drwxr-xr-x  0 root   root        0 Feb 21 19:31 usr/include/
drwxr-xr-x  0 root   root        0 Feb 21 19:31 usr/lib/
lrwxrwxrwx  0 root   root        0 Feb 21 19:31 usr/lib/libdrop_ambient.so -> libdrop_ambient.so.0.0.0
lrwxrwxrwx  0 root   root        0 Feb 21 19:31 usr/lib/libdrop_ambient.so.0 -> libdrop_ambient.so.0.0.0
-rwxr-xr-x  0 root   root     5912 Feb 21 19:31 usr/lib/libdrop_ambient.so.0.0.0
lrwxrwxrwx  0 root   root        0 Feb 21 19:31 usr/lib/libcap-ng.so -> libcap-ng.so.0.0.0
lrwxrwxrwx  0 root   root        0 Feb 21 19:31 usr/lib/libcap-ng.so.0 -> libcap-ng.so.0.0.0
-rwxr-xr-x  0 root   root    22888 Feb 21 19:31 usr/lib/libcap-ng.so.0.0.0
drwxr-xr-x  0 root   root        0 Feb 21 19:31 usr/lib/pkgconfig/
-rw-r--r--  0 root   root      227 Feb 21 19:31 usr/lib/pkgconfig/libcap-ng.pc
-rw-r--r--  0 root   root     3547 Feb 21 19:31 usr/include/cap-ng.h
-rwxr-xr-x  0 root   root    10480 Feb 21 19:31 usr/bin/captest
-rwxr-xr-x  0 root   root    10576 Feb 21 19:31 usr/bin/filecap
-rwxr-xr-x  0 root   root    14720 Feb 21 19:31 usr/bin/netcap
-rwxr-xr-x  0 root   root    10536 Feb 21 19:31 usr/bin/pscap
drwxr-xr-x  0 root   root        0 Feb 21 19:31 usr/share/aclocal/
drwxr-xr-x  0 root   root        0 Feb 21 19:31 usr/share/man/
drwxr-xr-x  0 root   root        0 Feb 21 19:31 usr/share/man/man7/
drwxr-xr-x  0 root   root        0 Feb 21 19:31 usr/share/man/man3/
drwxr-xr-x  0 root   root        0 Feb 21 19:31 usr/share/man/man8/
-rw-r--r--  0 root   root      551 Feb 21 19:31 usr/share/man/man8/pscap.8.gz
-rw-r--r--  0 root   root      525 Feb 21 19:31 usr/share/man/man8/netcap.8.gz
-rw-r--r--  0 root   root      743 Feb 21 19:31 usr/share/man/man8/filecap.8.gz
-rw-r--r--  0 root   root      976 Feb 21 19:31 usr/share/man/man8/captest.8.gz
-rw-r--r--  0 root   root      395 Feb 21 19:31 usr/share/man/man3/capng_clear.3.gz
-rw-r--r--  0 root   root      453 Feb 21 19:31 usr/share/man/man3/capng_fill.3.gz
-rw-r--r--  0 root   root      600 Feb 21 19:31 usr/share/man/man3/capng_setpid.3.gz
-rw-r--r--  0 root   root      592 Feb 21 19:31 usr/share/man/man3/capng_get_caps_process.3.gz
-rw-r--r--  0 root   root      572 Feb 21 19:31 usr/share/man/man3/capng_update.3.gz
-rw-r--r--  0 root   root      639 Feb 21 19:31 usr/share/man/man3/capng_updatev.3.gz
-rw-r--r--  0 root   root      855 Feb 21 19:31 usr/share/man/man3/capng_apply.3.gz
-rw-r--r--  0 root   root      537 Feb 21 19:31 usr/share/man/man3/capng_lock.3.gz
-rw-r--r--  0 root   root     1270 Feb 21 19:31 usr/share/man/man3/capng_change_id.3.gz
-rw-r--r--  0 root   root      501 Feb 21 19:31 usr/share/man/man3/capng_get_caps_fd.3.gz
-rw-r--r--  0 root   root      507 Feb 21 19:31 usr/share/man/man3/capng_apply_caps_fd.3.gz
-rw-r--r--  0 root   root      753 Feb 21 19:31 usr/share/man/man3/capng_have_capabilities.3.gz
-rw-r--r--  0 root   root      401 Feb 21 19:31 usr/share/man/man3/capng_get_rootid.3.gz
-rw-r--r--  0 root   root      387 Feb 21 19:31 usr/share/man/man3/capng_set_rootid.3.gz
-rw-r--r--  0 root   root      513 Feb 21 19:31 usr/share/man/man3/capng_have_capability.3.gz
-rw-r--r--  0 root   root      662 Feb 21 19:31 usr/share/man/man3/capng_print_caps_numeric.3.gz
-rw-r--r--  0 root   root      614 Feb 21 19:31 usr/share/man/man3/capng_print_caps_text.3.gz
-rw-r--r--  0 root   root      537 Feb 21 19:31 usr/share/man/man3/capng_name_to_capability.3.gz
-rw-r--r--  0 root   root      554 Feb 21 19:31 usr/share/man/man3/capng_capability_to_name.3.gz
-rw-r--r--  0 root   root      537 Feb 21 19:31 usr/share/man/man3/capng_save_state.3.gz
-rw-r--r--  0 root   root      492 Feb 21 19:31 usr/share/man/man3/capng_restore_state.3.gz
-rw-r--r--  0 root   root      384 Feb 21 19:31 usr/share/man/man7/libdrop_ambient.7.gz
-rw-r--r--  0 root   root     1256 Feb 21 19:31 usr/share/aclocal/cap-ng.m4
=======> Building '/home/devel/packages/libcap-ng#0.8.3-1.riscv64.pkg.tar.zst' succeeded.
prt-get: Using PKGMK_PACKAGE_DIR: /home/devel/packages
prt-get: reinstalling libcap-ng 0.8.3-1
prt-get: /usr/bin/pkgadd -u libcap-ng#0.8.3-1.riscv64.pkg.tar.zst
prt-get: build done Tue Feb 21 19:31:21 2023

