=======> Building '/home/devel/packages/rust#1.67.1-1.riscv64.pkg.tar.zst'.
bsdtar -p -o -C /home/devel/building/work/src -xf /home/devel/sources/rustc-1.67.1-src.tar.xz
cp rust-enable-ra-for-riscv64.patch /home/devel/building/work/src
cp rustc-1.65.0-disable-libssh2.patch /home/devel/building/work/src
cp rustc-1.65.0-no-default-pie.patch /home/devel/building/work/src
cp rustc-1.67.0-disable-http2.patch /home/devel/building/work/src
+ build
+ cd rustc-1.67.1-src
+ patch -p1 -i /home/devel/building/work/src/rustc-1.65.0-disable-libssh2.patch
patching file Cargo.lock
Hunk #1 succeeded at 2159 (offset 188 lines).
Hunk #2 succeeded at 2191 (offset 188 lines).
patching file vendor/git2/Cargo.toml
+ patch -p1 -i /home/devel/building/work/src/rustc-1.67.0-disable-http2.patch
patching file Cargo.lock
patching file src/tools/cargo/Cargo.toml
patching file src/tools/cargo/src/cargo/core/package.rs
patching file src/tools/cargo/src/cargo/sources/registry/http_remote.rs
+ patch -p1 -i /home/devel/building/work/src/rustc-1.65.0-no-default-pie.patch
patching file compiler/rustc_codegen_ssa/src/back/link.rs
Hunk #1 succeeded at 768 (offset 13 lines).
Hunk #2 succeeded at 786 (offset 12 lines).
Hunk #3 succeeded at 1531 (offset 11 lines).
+ patch -p1 -i /home/devel/building/work/src/rust-enable-ra-for-riscv64.patch
patching file src/bootstrap/dist.rs
+ rm -r src/llvm-project/
+ mkdir -p src/llvm-project/libunwind/
+ rm -r vendor/curl-sys/curl/
+ rm -r vendor/jemalloc-sys/jemalloc/ vendor/tikv-jemalloc-sys/jemalloc/
+ rm -r vendor/libmimalloc-sys/c_src/mimalloc/
+ rm -r vendor/libz-sys/src/zlib/
+ rm -r vendor/libz-sys/src/zlib-ng/
+ rm -r vendor/lzma-sys/xz-5.2/
+ rm -r vendor/openssl-src/openssl/
+ rm -r vendor/libssh2-sys/
+ rm -r vendor/libgit2-sys/libgit2/
+ sed -i.lzma -e /LZMA_API_STATIC/d src/bootstrap/tool.rs
+ sed -i.ffi -e '$a #[link(name = "ffi")] extern {}' compiler/rustc_llvm/src/lib.rs
+ find vendor -name .cargo-checksum.json -exec sed -i.uncheck -e 's/"files":{[^}]*}/"files":{ }/' '{}' +
+ cat
+ cat /home/devel/building/work/src/config.toml
changelog-seen = 2
profile = "user"

[llvm]
ninja = true
link-shared = true

[install]
prefix = "/usr"

[rust]
channel = "stable"
description = "SAUX-RISCV64"

[build]
build = "riscv64gc-unknown-linux-gnu"
host = ["riscv64gc-unknown-linux-gnu"]
target = ["riscv64gc-unknown-linux-gnu"]
verbose = 0
locked-deps = true
extended = true
vendor = true
docs = false
python = "/usr/bin/python3"
cargo = "/usr/bin/cargo"
rustc = "/usr/bin/rustc"
tools = ["cargo", "clippy", "rustfmt"]

[target.riscv64gc-unknown-linux-gnu]
cc = "/usr/bin/riscv64-unknown-linux-gnu-cc"
cxx = "/usr/bin/riscv64-unknown-linux-gnu-c++"
ar = "/usr/bin/riscv64-unknown-linux-gnu-ar"
ranlib = "/usr/bin/riscv64-unknown-linux-gnu-ranlib"
linker = "/usr/bin/riscv64-unknown-linux-gnu-cc"
llvm-config = "/usr/bin/llvm-config"
llvm-filecheck = "/usr/bin/FileCheck"
+ mkdir /home/devel/sources/rust
/bin/mkdir: cannot create directory ‘/home/devel/sources/rust’: File exists
+ true
+ export CARGO_HOME=/home/devel/sources/rust
+ CARGO_HOME=/home/devel/sources/rust
+ export RUST_BACKTRACE=1
+ RUST_BACKTRACE=1
+ export LIBSSH2_SYS_USE_PKG_CONFIG=1
+ LIBSSH2_SYS_USE_PKG_CONFIG=1
+ /usr/bin/python3 ./x.py build --config=/home/devel/building/work/src/config.toml -j 8
Building rustbuild
   Compiling libc v0.2.137
   Compiling memchr v2.5.0
   Compiling proc-macro2 v1.0.46
   Compiling cfg-if v1.0.0
   Compiling version_check v0.9.4
   Compiling unicode-ident v1.0.0
   Compiling typenum v1.15.0
   Compiling syn v1.0.102
   Compiling cc v1.0.73
   Compiling serde_derive v1.0.137
   Compiling log v0.4.17
   Compiling io-lifetimes v1.0.1
   Compiling generic-array v0.14.5
   Compiling pkg-config v0.3.25
   Compiling regex-automata v0.1.10
   Compiling serde v1.0.137
   Compiling lazy_static v1.4.0
   Compiling quote v1.0.18
   Compiling bstr v0.2.17
   Compiling aho-corasick v0.7.18
   Compiling crossbeam-utils v0.8.14
   Compiling rustix v0.36.3
   Compiling lzma-sys v0.1.17
   Compiling regex-syntax v0.6.26
   Compiling once_cell v1.12.0
   Compiling same-file v1.0.6
   Compiling linux-raw-sys v0.1.3
   Compiling block-buffer v0.10.2
   Compiling crypto-common v0.1.3
   Compiling serde_json v1.0.81
   Compiling fnv v1.0.7
   Compiling bitflags v1.3.2
   Compiling digest v0.10.3
   Compiling thread_local v1.1.4
   Compiling walkdir v2.3.2
   Compiling xattr v0.2.3
   Compiling filetime v0.2.16
   Compiling itoa v1.0.2
   Compiling bootstrap v0.0.0 (/home/devel/building/work/src/rustc-1.67.1-src/src/bootstrap)
   Compiling ryu v1.0.10
   Compiling unicode-width v0.1.9
   Compiling tar v0.4.38
   Compiling getopts v0.2.21
   Compiling xz2 v0.1.6
   Compiling sha2 v0.10.2
   Compiling opener v0.5.0
   Compiling object v0.29.0
   Compiling regex v1.5.6
   Compiling cmake v0.1.48
   Compiling hex v0.4.3
   Compiling globset v0.4.8
   Compiling ignore v0.4.18
   Compiling fd-lock v3.0.8
   Compiling toml v0.5.9
    Finished dev [unoptimized] target(s) in 3m 00s
Building stage0 std artifacts (riscv64gc-unknown-linux-gnu -> riscv64gc-unknown-linux-gnu)
   Compiling compiler_builtins v0.1.84
   Compiling core v0.0.0 (/home/devel/building/work/src/rustc-1.67.1-src/library/core)
   Compiling libc v0.2.138
   Compiling cc v1.0.76
   Compiling memchr v2.5.0
   Compiling std v0.0.0 (/home/devel/building/work/src/rustc-1.67.1-src/library/std)
   Compiling unwind v0.0.0 (/home/devel/building/work/src/rustc-1.67.1-src/library/unwind)
   Compiling rustc-std-workspace-core v1.99.0 (/home/devel/building/work/src/rustc-1.67.1-src/library/rustc-std-workspace-core)
   Compiling alloc v0.0.0 (/home/devel/building/work/src/rustc-1.67.1-src/library/alloc)
   Compiling cfg-if v1.0.0
   Compiling adler v1.0.2
   Compiling rustc-demangle v0.1.21
   Compiling rustc-std-workspace-alloc v1.99.0 (/home/devel/building/work/src/rustc-1.67.1-src/library/rustc-std-workspace-alloc)
   Compiling panic_unwind v0.0.0 (/home/devel/building/work/src/rustc-1.67.1-src/library/panic_unwind)
   Compiling panic_abort v0.0.0 (/home/devel/building/work/src/rustc-1.67.1-src/library/panic_abort)
   Compiling gimli v0.26.1
   Compiling object v0.29.0
   Compiling std_detect v0.1.5 (/home/devel/building/work/src/rustc-1.67.1-src/library/stdarch/crates/std_detect)
   Compiling hashbrown v0.12.3
   Compiling miniz_oxide v0.5.3
   Compiling addr2line v0.17.0
   Compiling rustc-std-workspace-std v1.99.0 (/home/devel/building/work/src/rustc-1.67.1-src/library/rustc-std-workspace-std)
   Compiling proc_macro v0.0.0 (/home/devel/building/work/src/rustc-1.67.1-src/library/proc_macro)
   Compiling unicode-width v0.1.10
   Compiling getopts v0.2.21
   Compiling test v0.0.0 (/home/devel/building/work/src/rustc-1.67.1-src/library/test)
    Finished release [optimized] target(s) in 3m 58s
Copying stage0 std from stage0 (riscv64gc-unknown-linux-gnu -> riscv64gc-unknown-linux-gnu / riscv64gc-unknown-linux-gnu)
Building stage0 compiler artifacts (riscv64gc-unknown-linux-gnu -> riscv64gc-unknown-linux-gnu)
   Compiling proc-macro2 v1.0.46
   Compiling quote v1.0.21
   Compiling unicode-ident v1.0.5
   Compiling syn v1.0.102
   Compiling unicode-xid v0.2.4
   Compiling serde_derive v1.0.147
   Compiling serde v1.0.147
   Compiling libc v0.2.138
   Compiling cfg-if v1.0.0
   Compiling version_check v0.9.3
   Compiling autocfg v1.1.0
   Compiling once_cell v1.16.0
   Compiling stable_deref_trait v1.2.0
   Compiling getrandom v0.2.0
   Compiling cfg-if v0.1.10
   Compiling proc-macro-hack v0.5.19
   Compiling smallvec v1.8.1
   Compiling log v0.4.14
   Compiling ahash v0.7.4
   Compiling indexmap v1.9.1
   Compiling lock_api v0.4.7
   Compiling cc v1.0.76
   Compiling parking_lot_core v0.8.5
   Compiling tracing-core v0.1.28
   Compiling instant v0.1.12
   Compiling scopeguard v1.1.0
   Compiling memchr v2.5.0
   Compiling hashbrown v0.12.3
   Compiling rustc-hash v1.1.0
   Compiling pin-project-lite v0.2.8
   Compiling parking_lot v0.11.2
   Compiling typenum v1.16.0
   Compiling generic-array v0.14.4
   Compiling bitflags v1.3.2
   Compiling type-map v0.4.0
   Compiling psm v0.1.21
   Compiling unicode-width v0.1.10
   Compiling self_cell v0.10.2
   Compiling annotate-snippets v0.9.1
   Compiling stacker v0.1.15
   Compiling ena v0.14.0
   Compiling thin-vec v0.2.9
   Compiling fastrand v1.8.0
   Compiling arrayvec v0.7.0
   Compiling rustc_serialize v0.0.0 (/home/devel/building/work/src/rustc-1.67.1-src/compiler/rustc_serialize)
   Compiling remove_dir_all v0.5.3
   Compiling measureme v10.1.0
   Compiling tempfile v3.3.0
   Compiling memmap2 v0.2.1
   Compiling jobserver v0.1.24
   Compiling rustc_graphviz v0.0.0 (/home/devel/building/work/src/rustc-1.67.1-src/compiler/rustc_graphviz)
   Compiling crypto-common v0.1.6
   Compiling block-buffer v0.10.2
   Compiling rustc_arena v0.0.0 (/home/devel/building/work/src/rustc-1.67.1-src/compiler/rustc_arena)
   Compiling litemap v0.6.0
   Compiling digest v0.10.6
   Compiling unic-common v0.9.0
   Compiling unic-char-range v0.9.0
   Compiling md-5 v0.10.0
   Compiling sha-1 v0.10.0
   Compiling sha2 v0.10.1
   Compiling writeable v0.5.0
   Compiling scoped-tls v1.0.0
   Compiling unic-char-property v0.9.0
   Compiling unic-ucd-version v0.9.0
   Compiling rand_core v0.6.2
   Compiling ryu v1.0.5
   Compiling ppv-lite86 v0.2.8
   Compiling unic-emoji-char v0.9.0
   Compiling synstructure v0.12.6
   Compiling rustc_lexer v0.1.0 (/home/devel/building/work/src/rustc-1.67.1-src/compiler/rustc_lexer)
   Compiling regex-automata v0.2.0
   Compiling rand_chacha v0.3.0
   Compiling serde_json v1.0.85
   Compiling rand v0.8.5
   Compiling rand_xoshiro v0.6.0
   Compiling itoa v1.0.2
   Compiling lazy_static v1.4.0
   Compiling odht v0.3.1
   Compiling termize v0.1.1
   Compiling termcolor v1.1.2
   Compiling getopts v0.2.21
   Compiling rustc_fs_util v0.0.0 (/home/devel/building/work/src/rustc-1.67.1-src/compiler/rustc_fs_util)
   Compiling either v1.6.0
   Compiling datafrog v2.0.1
   Compiling convert_case v0.4.0
   Compiling rustc_apfloat v0.0.0 (/home/devel/building/work/src/rustc-1.67.1-src/compiler/rustc_apfloat)
   Compiling tinyvec_macros v0.1.0
   Compiling tinyvec v1.6.0
   Compiling polonius-engine v0.13.0
   Compiling rustc_parse_format v0.0.0 (/home/devel/building/work/src/rustc-1.67.1-src/compiler/rustc_parse_format)
   Compiling regex-syntax v0.6.26
   Compiling itertools v0.10.5
   Compiling aho-corasick v0.7.18
   Compiling unicode-normalization v0.1.22
   Compiling crossbeam-utils v0.8.8
   Compiling crc32fast v1.3.2
   Compiling tracing-log v0.1.2
   Compiling sharded-slab v0.1.1
   Compiling crossbeam-channel v0.5.6
   Compiling zerofrom-derive v0.1.1
   Compiling yoke-derive v0.6.1
   Compiling zerovec-derive v0.9.0
   Compiling displaydoc v0.2.3
   Compiling thiserror-impl v1.0.33
   Compiling tracing-attributes v0.1.22
   Compiling icu_provider_macros v1.0.0
   Compiling chalk-derive v0.87.0
   Compiling derive_more v0.99.17
   Compiling thiserror v1.0.33
   Compiling fluent-syntax v0.11.0
   Compiling tracing v0.1.35
   Compiling chalk-ir v0.87.0
   Compiling zerofrom v0.1.1
   Compiling regex v1.5.6
   Compiling regex-automata v0.1.10
   Compiling thread_local v1.1.4
   Compiling ansi_term v0.12.1
   Compiling snap v1.0.1
   Compiling matchers v0.1.0
   Compiling adler v1.0.2
   Compiling miniz_oxide v0.5.3
   Compiling tracing-subscriber v0.3.3
   Compiling atty v0.2.14
   Compiling unicode-script v0.5.5
   Compiling unicode-security v0.1.0
   Compiling tracing-tree v0.2.0
   Compiling yoke v0.6.2
   Compiling flate2 v1.0.23
   Compiling zerovec v0.9.0
   Compiling gsgdt v0.1.2
   Compiling libloading v0.7.1
   Compiling tinystr v0.7.0
   Compiling fixedbitset v0.2.0
   Compiling unic-langid-impl v0.9.1
   Compiling petgraph v0.5.1
   Compiling unic-langid-macros-impl v0.9.1
   Compiling icu_locid v1.0.0
   Compiling unic-langid-macros v0.9.1
   Compiling unic-langid v0.9.1
   Compiling intl_pluralrules v7.0.2
   Compiling intl-memoizer v0.5.1
   Compiling fluent-langneg v0.13.0
   Compiling icu_provider v1.0.1
   Compiling fluent-bundle v0.15.2
   Compiling icu_provider_adapters v1.0.0
   Compiling icu_list v1.0.0
   Compiling rustc_macros v0.1.0 (/home/devel/building/work/src/rustc-1.67.1-src/compiler/rustc_macros)
   Compiling rustc_baked_icu_data v0.0.0 (/home/devel/building/work/src/rustc-1.67.1-src/compiler/rustc_baked_icu_data)
   Compiling object v0.29.0
   Compiling fallible-iterator v0.2.0
   Compiling chalk-solve v0.87.0
   Compiling rustc_llvm v0.0.0 (/home/devel/building/work/src/rustc-1.67.1-src/compiler/rustc_llvm)
   Compiling gimli v0.26.1
   Compiling rustc-demangle v0.1.21
   Compiling punycode v0.4.1
   Compiling rustc_index v0.0.0 (/home/devel/building/work/src/rustc-1.67.1-src/compiler/rustc_index)
   Compiling pathdiff v0.2.1
   Compiling rls-span v0.5.3
   Compiling chalk-engine v0.87.0
   Compiling rustc_data_structures v0.0.0 (/home/devel/building/work/src/rustc-1.67.1-src/compiler/rustc_data_structures)
   Compiling cstr v0.2.8
   Compiling rls-data v0.19.1
   Compiling ar_archive_writer v0.1.1
   Compiling rustc_log v0.0.0 (/home/devel/building/work/src/rustc-1.67.1-src/compiler/rustc_log)
   Compiling rustc_span v0.0.0 (/home/devel/building/work/src/rustc-1.67.1-src/compiler/rustc_span)
   Compiling rustc_abi v0.0.0 (/home/devel/building/work/src/rustc-1.67.1-src/compiler/rustc_abi)
   Compiling rustc_ast v0.0.0 (/home/devel/building/work/src/rustc-1.67.1-src/compiler/rustc_ast)
   Compiling rustc_feature v0.0.0 (/home/devel/building/work/src/rustc-1.67.1-src/compiler/rustc_feature)
   Compiling rustc_target v0.0.0 (/home/devel/building/work/src/rustc-1.67.1-src/compiler/rustc_target)
   Compiling rustc_error_messages v0.0.0 (/home/devel/building/work/src/rustc-1.67.1-src/compiler/rustc_error_messages)
   Compiling rustc_ast_pretty v0.0.0 (/home/devel/building/work/src/rustc-1.67.1-src/compiler/rustc_ast_pretty)
   Compiling rustc_type_ir v0.0.0 (/home/devel/building/work/src/rustc-1.67.1-src/compiler/rustc_type_ir)
   Compiling thorin-dwp v0.3.0
   Compiling rustc_error_codes v0.0.0 (/home/devel/building/work/src/rustc-1.67.1-src/compiler/rustc_error_codes)
   Compiling rustc-main v0.0.0 (/home/devel/building/work/src/rustc-1.67.1-src/compiler/rustc)
   Compiling rustc_hir v0.0.0 (/home/devel/building/work/src/rustc-1.67.1-src/compiler/rustc_hir)
   Compiling rustc_lint_defs v0.0.0 (/home/devel/building/work/src/rustc-1.67.1-src/compiler/rustc_lint_defs)
   Compiling rustc_hir_pretty v0.0.0 (/home/devel/building/work/src/rustc-1.67.1-src/compiler/rustc_hir_pretty)
   Compiling rustc_errors v0.0.0 (/home/devel/building/work/src/rustc-1.67.1-src/compiler/rustc_errors)
   Compiling rustc_session v0.0.0 (/home/devel/building/work/src/rustc-1.67.1-src/compiler/rustc_session)
   Compiling rustc_attr v0.0.0 (/home/devel/building/work/src/rustc-1.67.1-src/compiler/rustc_attr)
   Compiling rustc_query_system v0.0.0 (/home/devel/building/work/src/rustc-1.67.1-src/compiler/rustc_query_system)
   Compiling rustc_parse v0.0.0 (/home/devel/building/work/src/rustc-1.67.1-src/compiler/rustc_parse)
   Compiling rustc_middle v0.0.0 (/home/devel/building/work/src/rustc-1.67.1-src/compiler/rustc_middle)
   Compiling rustc_ast_passes v0.0.0 (/home/devel/building/work/src/rustc-1.67.1-src/compiler/rustc_ast_passes)
   Compiling rustc_expand v0.0.0 (/home/devel/building/work/src/rustc-1.67.1-src/compiler/rustc_expand)
   Compiling rustc_builtin_macros v0.0.0 (/home/devel/building/work/src/rustc-1.67.1-src/compiler/rustc_builtin_macros)
   Compiling rustc_infer v0.0.0 (/home/devel/building/work/src/rustc-1.67.1-src/compiler/rustc_infer)
   Compiling rustc_mir_dataflow v0.0.0 (/home/devel/building/work/src/rustc-1.67.1-src/compiler/rustc_mir_dataflow)
   Compiling rustc_transmute v0.1.0 (/home/devel/building/work/src/rustc-1.67.1-src/compiler/rustc_transmute)
   Compiling rustc_trait_selection v0.0.0 (/home/devel/building/work/src/rustc-1.67.1-src/compiler/rustc_trait_selection)
   Compiling rustc_metadata v0.0.0 (/home/devel/building/work/src/rustc-1.67.1-src/compiler/rustc_metadata)
   Compiling rustc_symbol_mangling v0.0.0 (/home/devel/building/work/src/rustc-1.67.1-src/compiler/rustc_symbol_mangling)
   Compiling rustc_incremental v0.0.0 (/home/devel/building/work/src/rustc-1.67.1-src/compiler/rustc_incremental)
   Compiling rustc_lint v0.0.0 (/home/devel/building/work/src/rustc-1.67.1-src/compiler/rustc_lint)
   Compiling rustc_const_eval v0.0.0 (/home/devel/building/work/src/rustc-1.67.1-src/compiler/rustc_const_eval)
   Compiling rustc_hir_analysis v0.0.0 (/home/devel/building/work/src/rustc-1.67.1-src/compiler/rustc_hir_analysis)
   Compiling rustc_codegen_ssa v0.0.0 (/home/devel/building/work/src/rustc-1.67.1-src/compiler/rustc_codegen_ssa)
   Compiling rustc_traits v0.0.0 (/home/devel/building/work/src/rustc-1.67.1-src/compiler/rustc_traits)
   Compiling rustc_borrowck v0.0.0 (/home/devel/building/work/src/rustc-1.67.1-src/compiler/rustc_borrowck)
   Compiling rustc_codegen_llvm v0.0.0 (/home/devel/building/work/src/rustc-1.67.1-src/compiler/rustc_codegen_llvm)
   Compiling rustc_privacy v0.0.0 (/home/devel/building/work/src/rustc-1.67.1-src/compiler/rustc_privacy)
   Compiling rustc_hir_typeck v0.1.0 (/home/devel/building/work/src/rustc-1.67.1-src/compiler/rustc_hir_typeck)
   Compiling rustc_mir_transform v0.0.0 (/home/devel/building/work/src/rustc-1.67.1-src/compiler/rustc_mir_transform)
   Compiling rustc_plugin_impl v0.0.0 (/home/devel/building/work/src/rustc-1.67.1-src/compiler/rustc_plugin_impl)
   Compiling rustc_mir_build v0.0.0 (/home/devel/building/work/src/rustc-1.67.1-src/compiler/rustc_mir_build)
   Compiling rustc_ty_utils v0.0.0 (/home/devel/building/work/src/rustc-1.67.1-src/compiler/rustc_ty_utils)
   Compiling rustc_resolve v0.0.0 (/home/devel/building/work/src/rustc-1.67.1-src/compiler/rustc_resolve)
   Compiling rustc_monomorphize v0.0.0 (/home/devel/building/work/src/rustc-1.67.1-src/compiler/rustc_monomorphize)
   Compiling rustc_query_impl v0.0.0 (/home/devel/building/work/src/rustc-1.67.1-src/compiler/rustc_query_impl)
   Compiling rustc_passes v0.0.0 (/home/devel/building/work/src/rustc-1.67.1-src/compiler/rustc_passes)
   Compiling rustc_ast_lowering v0.0.0 (/home/devel/building/work/src/rustc-1.67.1-src/compiler/rustc_ast_lowering)
   Compiling rustc_interface v0.0.0 (/home/devel/building/work/src/rustc-1.67.1-src/compiler/rustc_interface)
   Compiling rustc_save_analysis v0.0.0 (/home/devel/building/work/src/rustc-1.67.1-src/compiler/rustc_save_analysis)
   Compiling rustc_driver v0.0.0 (/home/devel/building/work/src/rustc-1.67.1-src/compiler/rustc_driver)
   Compiling rustc_smir v0.0.0 (/home/devel/building/work/src/rustc-1.67.1-src/compiler/rustc_smir)
    Finished release [optimized] target(s) in 52m 32s
Copying stage0 rustc from stage0 (riscv64gc-unknown-linux-gnu -> riscv64gc-unknown-linux-gnu / riscv64gc-unknown-linux-gnu)
Assembling stage1 compiler (riscv64gc-unknown-linux-gnu)
Building stage1 std artifacts (riscv64gc-unknown-linux-gnu -> riscv64gc-unknown-linux-gnu)
   Compiling compiler_builtins v0.1.84
   Compiling core v0.0.0 (/home/devel/building/work/src/rustc-1.67.1-src/library/core)
   Compiling libc v0.2.138
   Compiling cc v1.0.76
   Compiling memchr v2.5.0
   Compiling std v0.0.0 (/home/devel/building/work/src/rustc-1.67.1-src/library/std)
   Compiling unwind v0.0.0 (/home/devel/building/work/src/rustc-1.67.1-src/library/unwind)
   Compiling rustc-std-workspace-core v1.99.0 (/home/devel/building/work/src/rustc-1.67.1-src/library/rustc-std-workspace-core)
   Compiling alloc v0.0.0 (/home/devel/building/work/src/rustc-1.67.1-src/library/alloc)
   Compiling cfg-if v1.0.0
   Compiling adler v1.0.2
   Compiling rustc-demangle v0.1.21
   Compiling rustc-std-workspace-alloc v1.99.0 (/home/devel/building/work/src/rustc-1.67.1-src/library/rustc-std-workspace-alloc)
   Compiling panic_abort v0.0.0 (/home/devel/building/work/src/rustc-1.67.1-src/library/panic_abort)
   Compiling panic_unwind v0.0.0 (/home/devel/building/work/src/rustc-1.67.1-src/library/panic_unwind)
   Compiling gimli v0.26.1
   Compiling std_detect v0.1.5 (/home/devel/building/work/src/rustc-1.67.1-src/library/stdarch/crates/std_detect)
   Compiling object v0.29.0
   Compiling hashbrown v0.12.3
   Compiling miniz_oxide v0.5.3
   Compiling addr2line v0.17.0
   Compiling rustc-std-workspace-std v1.99.0 (/home/devel/building/work/src/rustc-1.67.1-src/library/rustc-std-workspace-std)
   Compiling proc_macro v0.0.0 (/home/devel/building/work/src/rustc-1.67.1-src/library/proc_macro)
   Compiling unicode-width v0.1.10
   Compiling getopts v0.2.21
   Compiling test v0.0.0 (/home/devel/building/work/src/rustc-1.67.1-src/library/test)
    Finished release [optimized] target(s) in 4m 15s
Copying stage1 std from stage1 (riscv64gc-unknown-linux-gnu -> riscv64gc-unknown-linux-gnu / riscv64gc-unknown-linux-gnu)
Building stage1 compiler artifacts (riscv64gc-unknown-linux-gnu -> riscv64gc-unknown-linux-gnu)
   Compiling proc-macro2 v1.0.46
   Compiling quote v1.0.21
   Compiling unicode-ident v1.0.5
   Compiling syn v1.0.102
   Compiling unicode-xid v0.2.4
   Compiling serde v1.0.147
   Compiling serde_derive v1.0.147
   Compiling libc v0.2.138
   Compiling cfg-if v1.0.0
   Compiling version_check v0.9.3
   Compiling autocfg v1.1.0
   Compiling once_cell v1.16.0
   Compiling stable_deref_trait v1.2.0
   Compiling getrandom v0.2.0
   Compiling proc-macro-hack v0.5.19
   Compiling cfg-if v0.1.10
   Compiling smallvec v1.8.1
   Compiling log v0.4.14
   Compiling ahash v0.7.4
   Compiling indexmap v1.9.1
   Compiling lock_api v0.4.7
   Compiling cc v1.0.76
   Compiling parking_lot_core v0.8.5
   Compiling tracing-core v0.1.28
   Compiling instant v0.1.12
   Compiling scopeguard v1.1.0
   Compiling memchr v2.5.0
   Compiling hashbrown v0.12.3
   Compiling rustc-hash v1.1.0
   Compiling pin-project-lite v0.2.8
   Compiling parking_lot v0.11.2
   Compiling typenum v1.16.0
   Compiling generic-array v0.14.4
   Compiling type-map v0.4.0
   Compiling bitflags v1.3.2
   Compiling psm v0.1.21
   Compiling self_cell v0.10.2
   Compiling unicode-width v0.1.10
   Compiling annotate-snippets v0.9.1
   Compiling stacker v0.1.15
   Compiling ena v0.14.0
   Compiling thin-vec v0.2.9
   Compiling remove_dir_all v0.5.3
   Compiling fastrand v1.8.0
   Compiling arrayvec v0.7.0
   Compiling rustc_serialize v0.0.0 (/home/devel/building/work/src/rustc-1.67.1-src/compiler/rustc_serialize)
   Compiling measureme v10.1.0
   Compiling tempfile v3.3.0
   Compiling jobserver v0.1.24
   Compiling memmap2 v0.2.1
   Compiling rustc_graphviz v0.0.0 (/home/devel/building/work/src/rustc-1.67.1-src/compiler/rustc_graphviz)
   Compiling crypto-common v0.1.6
   Compiling block-buffer v0.10.2
   Compiling rustc_arena v0.0.0 (/home/devel/building/work/src/rustc-1.67.1-src/compiler/rustc_arena)
   Compiling digest v0.10.6
   Compiling litemap v0.6.0
   Compiling unic-common v0.9.0
   Compiling sha2 v0.10.1
   Compiling sha-1 v0.10.0
   Compiling md-5 v0.10.0
   Compiling unic-char-range v0.9.0
   Compiling scoped-tls v1.0.0
   Compiling writeable v0.5.0
   Compiling unic-char-property v0.9.0
   Compiling unic-ucd-version v0.9.0
   Compiling rand_core v0.6.2
   Compiling synstructure v0.12.6
   Compiling ppv-lite86 v0.2.8
   Compiling unic-emoji-char v0.9.0
   Compiling ryu v1.0.5
   Compiling rustc_lexer v0.1.0 (/home/devel/building/work/src/rustc-1.67.1-src/compiler/rustc_lexer)
   Compiling rand_chacha v0.3.0
   Compiling regex-automata v0.2.0
   Compiling serde_json v1.0.85
   Compiling rand v0.8.5
   Compiling rand_xoshiro v0.6.0
   Compiling itoa v1.0.2
   Compiling lazy_static v1.4.0
   Compiling odht v0.3.1
   Compiling termize v0.1.1
   Compiling termcolor v1.1.2
   Compiling getopts v0.2.21
   Compiling rustc_fs_util v0.0.0 (/home/devel/building/work/src/rustc-1.67.1-src/compiler/rustc_fs_util)
   Compiling either v1.6.0
   Compiling convert_case v0.4.0
   Compiling datafrog v2.0.1
   Compiling rustc_apfloat v0.0.0 (/home/devel/building/work/src/rustc-1.67.1-src/compiler/rustc_apfloat)
   Compiling tinyvec_macros v0.1.0
   Compiling tinyvec v1.6.0
   Compiling rustc_parse_format v0.0.0 (/home/devel/building/work/src/rustc-1.67.1-src/compiler/rustc_parse_format)
   Compiling regex-syntax v0.6.26
   Compiling polonius-engine v0.13.0
   Compiling itertools v0.10.5
   Compiling aho-corasick v0.7.18
   Compiling unicode-normalization v0.1.22
   Compiling crossbeam-utils v0.8.8
   Compiling crc32fast v1.3.2
   Compiling sharded-slab v0.1.1
   Compiling tracing-log v0.1.2
   Compiling zerofrom-derive v0.1.1
   Compiling yoke-derive v0.6.1
   Compiling zerovec-derive v0.9.0
   Compiling displaydoc v0.2.3
   Compiling thiserror-impl v1.0.33
   Compiling tracing-attributes v0.1.22
   Compiling icu_provider_macros v1.0.0
   Compiling chalk-derive v0.87.0
   Compiling derive_more v0.99.17
   Compiling chalk-ir v0.87.0
   Compiling thiserror v1.0.33
   Compiling fluent-syntax v0.11.0
   Compiling zerofrom v0.1.1
   Compiling tracing v0.1.35
   Compiling regex v1.5.6
   Compiling regex-automata v0.1.10
   Compiling crossbeam-channel v0.5.6
   Compiling thread_local v1.1.4
   Compiling matchers v0.1.0
   Compiling adler v1.0.2
   Compiling ansi_term v0.12.1
   Compiling snap v1.0.1
   Compiling tracing-subscriber v0.3.3
   Compiling miniz_oxide v0.5.3
   Compiling atty v0.2.14
   Compiling unicode-script v0.5.5
   Compiling yoke v0.6.2
   Compiling unicode-security v0.1.0
   Compiling zerovec v0.9.0
   Compiling gsgdt v0.1.2
   Compiling tracing-tree v0.2.0
   Compiling tinystr v0.7.0
   Compiling unic-langid-impl v0.9.1
   Compiling flate2 v1.0.23
   Compiling unic-langid-macros-impl v0.9.1
   Compiling icu_locid v1.0.0
   Compiling unic-langid-macros v0.9.1
   Compiling unic-langid v0.9.1
   Compiling fluent-langneg v0.13.0
   Compiling intl_pluralrules v7.0.2
   Compiling intl-memoizer v0.5.1
   Compiling fluent-bundle v0.15.2
   Compiling icu_provider v1.0.1
   Compiling icu_list v1.0.0
   Compiling icu_provider_adapters v1.0.0
   Compiling rustc_macros v0.1.0 (/home/devel/building/work/src/rustc-1.67.1-src/compiler/rustc_macros)
   Compiling rustc_baked_icu_data v0.0.0 (/home/devel/building/work/src/rustc-1.67.1-src/compiler/rustc_baked_icu_data)
   Compiling libloading v0.7.1
   Compiling fixedbitset v0.2.0
   Compiling petgraph v0.5.1
   Compiling object v0.29.0
   Compiling fallible-iterator v0.2.0
   Compiling rustc_llvm v0.0.0 (/home/devel/building/work/src/rustc-1.67.1-src/compiler/rustc_llvm)
   Compiling punycode v0.4.1
   Compiling gimli v0.26.1
   Compiling chalk-solve v0.87.0
   Compiling rustc_index v0.0.0 (/home/devel/building/work/src/rustc-1.67.1-src/compiler/rustc_index)
   Compiling rustc-demangle v0.1.21
   Compiling rustc_data_structures v0.0.0 (/home/devel/building/work/src/rustc-1.67.1-src/compiler/rustc_data_structures)
   Compiling ar_archive_writer v0.1.1
   Compiling pathdiff v0.2.1
   Compiling rls-span v0.5.3
   Compiling rustc_span v0.0.0 (/home/devel/building/work/src/rustc-1.67.1-src/compiler/rustc_span)
   Compiling rustc_abi v0.0.0 (/home/devel/building/work/src/rustc-1.67.1-src/compiler/rustc_abi)
   Compiling rustc_ast v0.0.0 (/home/devel/building/work/src/rustc-1.67.1-src/compiler/rustc_ast)
   Compiling rustc_feature v0.0.0 (/home/devel/building/work/src/rustc-1.67.1-src/compiler/rustc_feature)
   Compiling rustc_error_messages v0.0.0 (/home/devel/building/work/src/rustc-1.67.1-src/compiler/rustc_error_messages)
   Compiling rustc_target v0.0.0 (/home/devel/building/work/src/rustc-1.67.1-src/compiler/rustc_target)
   Compiling rustc_ast_pretty v0.0.0 (/home/devel/building/work/src/rustc-1.67.1-src/compiler/rustc_ast_pretty)
   Compiling rustc_type_ir v0.0.0 (/home/devel/building/work/src/rustc-1.67.1-src/compiler/rustc_type_ir)
   Compiling thorin-dwp v0.3.0
   Compiling chalk-engine v0.87.0
   Compiling rustc_hir v0.0.0 (/home/devel/building/work/src/rustc-1.67.1-src/compiler/rustc_hir)
   Compiling cstr v0.2.8
   Compiling rls-data v0.19.1
   Compiling rustc_log v0.0.0 (/home/devel/building/work/src/rustc-1.67.1-src/compiler/rustc_log)
   Compiling rustc_lint_defs v0.0.0 (/home/devel/building/work/src/rustc-1.67.1-src/compiler/rustc_lint_defs)
   Compiling rustc_errors v0.0.0 (/home/devel/building/work/src/rustc-1.67.1-src/compiler/rustc_errors)
   Compiling rustc_hir_pretty v0.0.0 (/home/devel/building/work/src/rustc-1.67.1-src/compiler/rustc_hir_pretty)
   Compiling rustc_session v0.0.0 (/home/devel/building/work/src/rustc-1.67.1-src/compiler/rustc_session)
   Compiling rustc_error_codes v0.0.0 (/home/devel/building/work/src/rustc-1.67.1-src/compiler/rustc_error_codes)
   Compiling rustc-main v0.0.0 (/home/devel/building/work/src/rustc-1.67.1-src/compiler/rustc)
   Compiling rustc_attr v0.0.0 (/home/devel/building/work/src/rustc-1.67.1-src/compiler/rustc_attr)
   Compiling rustc_query_system v0.0.0 (/home/devel/building/work/src/rustc-1.67.1-src/compiler/rustc_query_system)
   Compiling rustc_parse v0.0.0 (/home/devel/building/work/src/rustc-1.67.1-src/compiler/rustc_parse)
   Compiling rustc_middle v0.0.0 (/home/devel/building/work/src/rustc-1.67.1-src/compiler/rustc_middle)
   Compiling rustc_ast_passes v0.0.0 (/home/devel/building/work/src/rustc-1.67.1-src/compiler/rustc_ast_passes)
   Compiling rustc_expand v0.0.0 (/home/devel/building/work/src/rustc-1.67.1-src/compiler/rustc_expand)
   Compiling rustc_builtin_macros v0.0.0 (/home/devel/building/work/src/rustc-1.67.1-src/compiler/rustc_builtin_macros)
   Compiling rustc_infer v0.0.0 (/home/devel/building/work/src/rustc-1.67.1-src/compiler/rustc_infer)
   Compiling rustc_mir_dataflow v0.0.0 (/home/devel/building/work/src/rustc-1.67.1-src/compiler/rustc_mir_dataflow)
   Compiling rustc_metadata v0.0.0 (/home/devel/building/work/src/rustc-1.67.1-src/compiler/rustc_metadata)
   Compiling rustc_transmute v0.1.0 (/home/devel/building/work/src/rustc-1.67.1-src/compiler/rustc_transmute)
   Compiling rustc_trait_selection v0.0.0 (/home/devel/building/work/src/rustc-1.67.1-src/compiler/rustc_trait_selection)
   Compiling rustc_const_eval v0.0.0 (/home/devel/building/work/src/rustc-1.67.1-src/compiler/rustc_const_eval)
   Compiling rustc_lint v0.0.0 (/home/devel/building/work/src/rustc-1.67.1-src/compiler/rustc_lint)
   Compiling rustc_incremental v0.0.0 (/home/devel/building/work/src/rustc-1.67.1-src/compiler/rustc_incremental)
   Compiling rustc_hir_analysis v0.0.0 (/home/devel/building/work/src/rustc-1.67.1-src/compiler/rustc_hir_analysis)
   Compiling rustc_symbol_mangling v0.0.0 (/home/devel/building/work/src/rustc-1.67.1-src/compiler/rustc_symbol_mangling)
   Compiling rustc_codegen_ssa v0.0.0 (/home/devel/building/work/src/rustc-1.67.1-src/compiler/rustc_codegen_ssa)
   Compiling rustc_traits v0.0.0 (/home/devel/building/work/src/rustc-1.67.1-src/compiler/rustc_traits)
   Compiling rustc_codegen_llvm v0.0.0 (/home/devel/building/work/src/rustc-1.67.1-src/compiler/rustc_codegen_llvm)
   Compiling rustc_borrowck v0.0.0 (/home/devel/building/work/src/rustc-1.67.1-src/compiler/rustc_borrowck)
   Compiling rustc_privacy v0.0.0 (/home/devel/building/work/src/rustc-1.67.1-src/compiler/rustc_privacy)
   Compiling rustc_hir_typeck v0.1.0 (/home/devel/building/work/src/rustc-1.67.1-src/compiler/rustc_hir_typeck)
   Compiling rustc_plugin_impl v0.0.0 (/home/devel/building/work/src/rustc-1.67.1-src/compiler/rustc_plugin_impl)
   Compiling rustc_mir_transform v0.0.0 (/home/devel/building/work/src/rustc-1.67.1-src/compiler/rustc_mir_transform)
   Compiling rustc_ty_utils v0.0.0 (/home/devel/building/work/src/rustc-1.67.1-src/compiler/rustc_ty_utils)
   Compiling rustc_mir_build v0.0.0 (/home/devel/building/work/src/rustc-1.67.1-src/compiler/rustc_mir_build)
   Compiling rustc_resolve v0.0.0 (/home/devel/building/work/src/rustc-1.67.1-src/compiler/rustc_resolve)
   Compiling rustc_query_impl v0.0.0 (/home/devel/building/work/src/rustc-1.67.1-src/compiler/rustc_query_impl)
   Compiling rustc_ast_lowering v0.0.0 (/home/devel/building/work/src/rustc-1.67.1-src/compiler/rustc_ast_lowering)
   Compiling rustc_monomorphize v0.0.0 (/home/devel/building/work/src/rustc-1.67.1-src/compiler/rustc_monomorphize)
   Compiling rustc_passes v0.0.0 (/home/devel/building/work/src/rustc-1.67.1-src/compiler/rustc_passes)
   Compiling rustc_interface v0.0.0 (/home/devel/building/work/src/rustc-1.67.1-src/compiler/rustc_interface)
   Compiling rustc_save_analysis v0.0.0 (/home/devel/building/work/src/rustc-1.67.1-src/compiler/rustc_save_analysis)
   Compiling rustc_driver v0.0.0 (/home/devel/building/work/src/rustc-1.67.1-src/compiler/rustc_driver)
   Compiling rustc_smir v0.0.0 (/home/devel/building/work/src/rustc-1.67.1-src/compiler/rustc_smir)
    Finished release [optimized] target(s) in 65m 41s
Copying stage1 rustc from stage1 (riscv64gc-unknown-linux-gnu -> riscv64gc-unknown-linux-gnu / riscv64gc-unknown-linux-gnu)
Assembling stage2 compiler (riscv64gc-unknown-linux-gnu)
Uplifting stage1 std (riscv64gc-unknown-linux-gnu -> riscv64gc-unknown-linux-gnu)
Copying stage2 std from stage1 (riscv64gc-unknown-linux-gnu -> riscv64gc-unknown-linux-gnu / riscv64gc-unknown-linux-gnu)
Uplifting stage1 rustc (riscv64gc-unknown-linux-gnu -> riscv64gc-unknown-linux-gnu)
Copying stage2 rustc from stage1 (riscv64gc-unknown-linux-gnu -> riscv64gc-unknown-linux-gnu / riscv64gc-unknown-linux-gnu)
Building stage2 tool cargo (riscv64gc-unknown-linux-gnu)
   Compiling libc v0.2.138
   Compiling pkg-config v0.3.25
   Compiling autocfg v1.1.0
   Compiling proc-macro2 v1.0.46
   Compiling quote v1.0.21
   Compiling unicode-ident v1.0.5
   Compiling syn v1.0.102
   Compiling version_check v0.9.3
   Compiling cfg-if v1.0.0
   Compiling serde_derive v1.0.147
   Compiling serde v1.0.147
   Compiling memchr v2.5.0
   Compiling typenum v1.16.0
   Compiling bitflags v1.3.2
   Compiling log v0.4.14
   Compiling tinyvec_macros v0.1.0
   Compiling getrandom v0.2.0
   Compiling crc32fast v1.3.2
   Compiling matches v0.1.8
   Compiling tinyvec v1.6.0
   Compiling generic-array v0.14.4
   Compiling once_cell v1.16.0
   Compiling cfg-if v0.1.10
   Compiling jobserver v0.1.24
   Compiling cc v1.0.76
   Compiling unicode-bidi v0.3.4
   Compiling unicode-normalization v0.1.22
   Compiling proc-macro-error-attr v1.0.4
   Compiling percent-encoding v2.1.0
   Compiling lazy_static v1.4.0
   Compiling ryu v1.0.5
   Compiling form_urlencoded v1.0.1
   Compiling idna v0.2.0
   Compiling rand_core v0.6.2
   Compiling aho-corasick v0.7.18
   Compiling indexmap v1.9.1
   Compiling proc-macro-error v1.0.4
   Compiling serde_json v1.0.85
   Compiling io-lifetimes v1.0.2
   Compiling libz-sys v1.1.3
   Compiling openssl-sys v0.9.72
   Compiling curl-sys v0.4.59+curl-7.86.0
   Compiling libgit2-sys v0.14.1+1.5.0
   Compiling regex-automata v0.1.10
   Compiling os_str_bytes v6.0.0
   Compiling regex-syntax v0.6.26
   Compiling anyhow v1.0.65
   Compiling bstr v0.2.17
   Compiling num-traits v0.2.12
   Compiling openssl v0.10.38
   Compiling curl v0.4.44
   Compiling hashbrown v0.12.3
   Compiling itoa v1.0.2
   Compiling rustix v0.36.3
   Compiling termcolor v1.1.2
   Compiling openssl-probe v0.1.5
   Compiling foreign-types-shared v0.1.1
   Compiling regex v1.5.6
   Compiling foreign-types v0.3.2
   Compiling crypto-common v0.1.6
   Compiling block-buffer v0.10.2
   Compiling filetime v0.2.14
   Compiling atty v0.2.14
   Compiling socket2 v0.4.1
   Compiling linux-raw-sys v0.1.3
   Compiling ppv-lite86 v0.2.8
   Compiling subtle v2.4.1
   Compiling same-file v1.0.6
   Compiling strsim v0.10.0
   Compiling crossbeam-utils v0.8.8
   Compiling heck v0.4.0
   Compiling walkdir v2.3.2
   Compiling clap_derive v3.2.18
   Compiling digest v0.10.6
   Compiling rand_chacha v0.3.0
   Compiling tar v0.4.38
   Compiling flate2 v1.0.23
   Compiling clap_lex v0.2.2
   Compiling bitmaps v2.1.0
   Compiling im-rc v15.1.0
   Compiling fnv v1.0.7
   Compiling fastrand v1.8.0
   Compiling either v1.6.0
   Compiling http-auth v0.1.6
   Compiling hex v0.3.2
   Compiling semver v1.0.12
   Compiling remove_dir_all v0.5.3
   Compiling utf8parse v0.1.1
   Compiling bytes v1.0.1
   Compiling textwrap v0.15.0
   Compiling static_assertions v1.1.0
   Compiling kstring v2.0.0
   Compiling crypto-hash v0.3.4
   Compiling combine v4.6.6
   Compiling clap v3.2.20
   Compiling vte v0.3.3
   Compiling tempfile v3.3.0
   Compiling itertools v0.10.5
   Compiling globset v0.4.9
   Compiling url v2.2.2
   Compiling git2 v0.16.0
   Compiling toml_datetime v0.5.0
   Compiling sized-chunks v0.6.4
   Compiling ordered-float v2.10.0
   Compiling cargo v0.68.0 (/home/devel/building/work/src/rustc-1.67.1-src/src/tools/cargo)
   Compiling rand v0.8.5
   Compiling is-terminal v0.4.0
   Compiling clap_lex v0.3.0
   Compiling rand_xoshiro v0.6.0
   Compiling thread_local v1.1.4
   Compiling hex v0.4.2
   Compiling shell-escape v0.1.5
   Compiling humantime v2.0.1
   Compiling cargo-util v0.2.3 (/home/devel/building/work/src/rustc-1.67.1-src/src/tools/cargo/crates/cargo-util)
   Compiling env_logger v0.10.0
   Compiling ignore v0.4.18
   Compiling rustc-workspace-hack v1.0.0 (/home/devel/building/work/src/rustc-1.67.1-src/src/tools/rustc-workspace-hack)
   Compiling clap v4.0.15
   Compiling serde-value v0.7.0
   Compiling toml_edit v0.15.0
   Compiling git2-curl v0.17.0
   Compiling crates-io v0.35.0 (/home/devel/building/work/src/rustc-1.67.1-src/src/tools/cargo/crates/crates-io)
   Compiling rustfix v0.6.1
   Compiling cargo-platform v0.1.2 (/home/devel/building/work/src/rustc-1.67.1-src/src/tools/cargo/crates/cargo-platform)
   Compiling os_info v3.5.0
   Compiling serde_ignored v0.1.2
   Compiling strip-ansi-escapes v0.1.0
   Compiling hmac v0.12.1
   Compiling sha1 v0.10.5
   Compiling opener v0.5.0
   Compiling unicode-xid v0.2.4
   Compiling lazycell v1.3.0
   Compiling home v0.5.3
   Compiling bytesize v1.0.1
   Compiling unicode-width v0.1.10
   Compiling pathdiff v0.2.1
   Compiling base64 v0.13.1
   Compiling glob v0.3.0
    Finished release [optimized] target(s) in 17m 25s
Building stage2 tool cargo-credential-1password (riscv64gc-unknown-linux-gnu)
   Compiling syn v1.0.102
   Compiling serde_json v1.0.85
   Compiling cargo-credential v0.2.0 (/home/devel/building/work/src/rustc-1.67.1-src/src/tools/cargo/crates/credential/cargo-credential)
   Compiling serde_derive v1.0.147
   Compiling serde v1.0.147
   Compiling cargo-credential-1password v0.2.0 (/home/devel/building/work/src/rustc-1.67.1-src/src/tools/cargo/crates/credential/cargo-credential-1password)
    Finished release [optimized] target(s) in 1m 34s
Building rustdoc for stage2 (riscv64gc-unknown-linux-gnu)
   Compiling proc-macro2 v1.0.46
   Compiling quote v1.0.21
   Compiling syn v1.0.102
   Compiling unicode-ident v1.0.5
   Compiling memchr v2.5.0
   Compiling version_check v0.9.3
   Compiling serde_derive v1.0.147
   Compiling serde v1.0.147
   Compiling cfg-if v1.0.0
   Compiling libc v0.2.138
   Compiling once_cell v1.16.0
   Compiling autocfg v1.1.0
   Compiling parking_lot_core v0.8.5
   Compiling regex-syntax v0.6.26
   Compiling nom v7.1.0
   Compiling tracing-core v0.1.28
   Compiling lock_api v0.4.7
   Compiling instant v0.1.12
   Compiling scopeguard v1.1.0
   Compiling smallvec v1.8.1
   Compiling lazy_static v1.4.0
   Compiling minimal-lexical v0.2.1
   Compiling log v0.4.14
   Compiling regex-automata v0.1.10
   Compiling aho-corasick v0.7.18
   Compiling unicase v2.6.0
   Compiling askama_escape v0.10.2
   Compiling ryu v1.0.5
   Compiling pin-project-lite v0.2.8
   Compiling regex v1.5.6
   Compiling matchers v0.1.0
   Compiling parking_lot v0.11.2
   Compiling sharded-slab v0.1.1
   Compiling thread_local v1.1.4
   Compiling pulldown-cmark v0.9.2
   Compiling serde_json v1.0.85
   Compiling ansi_term v0.12.1
   Compiling tracing-log v0.1.2
   Compiling atty v0.2.14
   Compiling bitflags v1.3.2
   Compiling either v1.6.0
   Compiling remove_dir_all v0.5.3
   Compiling itoa v1.0.2
   Compiling fastrand v1.8.0
   Compiling itertools v0.10.5
   Compiling tempfile v3.3.0
   Compiling minifier v0.2.2
   Compiling tracing-attributes v0.1.22
   Compiling thin-vec v0.2.9
   Compiling arrayvec v0.7.0
   Compiling tracing v0.1.35
   Compiling tracing-subscriber v0.3.3
   Compiling tracing-tree v0.2.0
   Compiling toml v0.5.7
   Compiling askama_shared v0.12.0
   Compiling rustdoc-json-types v0.1.0 (/home/devel/building/work/src/rustc-1.67.1-src/src/rustdoc-json-types)
   Compiling askama_derive v0.11.0
   Compiling askama v0.11.0
   Compiling rustdoc v0.0.0 (/home/devel/building/work/src/rustc-1.67.1-src/src/librustdoc)
   Compiling rustdoc-tool v0.0.0 (/home/devel/building/work/src/rustc-1.67.1-src/src/tools/rustdoc)
    Finished release [optimized] target(s) in 10m 14s
Building stage2 tool clippy-driver (riscv64gc-unknown-linux-gnu)
   Compiling unicase v2.6.0
   Compiling camino v1.0.9
   Compiling either v1.6.0
   Compiling pulldown-cmark v0.9.2
   Compiling cargo-platform v0.1.2
   Compiling arrayvec v0.7.0
   Compiling if_chain v1.0.0
   Compiling rustc-semver v1.1.0
   Compiling rustc_tools_util v0.2.1
   Compiling toml v0.5.7
   Compiling itertools v0.10.5
   Compiling clippy_utils v0.1.67 (/home/devel/building/work/src/rustc-1.67.1-src/src/tools/clippy/clippy_utils)
   Compiling clippy v0.1.67 (/home/devel/building/work/src/rustc-1.67.1-src/src/tools/clippy)
   Compiling quine-mc_cluskey v0.2.4
   Compiling cargo_metadata v0.14.0
   Compiling unicode-script v0.5.5
   Compiling termize v0.1.1
   Compiling declare_clippy_lint v0.1.67 (/home/devel/building/work/src/rustc-1.67.1-src/src/tools/clippy/declare_clippy_lint)
   Compiling clippy_lints v0.1.67 (/home/devel/building/work/src/rustc-1.67.1-src/src/tools/clippy/clippy_lints)
    Finished release [optimized] target(s) in 7m 30s
Building stage2 tool rustfmt (riscv64gc-unknown-linux-gnu)
   Compiling cc v1.0.76
   Compiling dirs-sys-next v0.1.2
   Compiling thiserror-impl v1.0.33
   Compiling dirs-sys v0.3.6
   Compiling rustfmt-nightly v1.5.1 (/home/devel/building/work/src/rustc-1.67.1-src/src/tools/rustfmt)
   Compiling yansi-term v0.1.2
   Compiling env_logger v0.9.0
   Compiling getopts v0.2.21
   Compiling dirs-next v2.0.0
   Compiling annotate-snippets v0.9.1
   Compiling term v0.7.0
   Compiling dirs v4.0.0
   Compiling rustfmt-config_proc_macro v0.2.0 (/home/devel/building/work/src/rustc-1.67.1-src/src/tools/rustfmt/config_proc_macro)
   Compiling derive-new v0.5.8
   Compiling libz-sys v1.1.3
   Compiling unicode_categories v0.1.1
   Compiling thiserror v1.0.33
   Compiling bytecount v0.6.2
   Compiling diff v0.1.13
   Compiling rustc-workspace-hack v1.0.0 (/home/devel/building/work/src/rustc-1.67.1-src/src/tools/rustc-workspace-hack)
   Compiling unicode-segmentation v1.10.0
    Finished release [optimized] target(s) in 3m 24s
Build completed successfully in 2:49:40
+ DESTDIR=/home/devel/building/work/pkg
+ /usr/bin/python3 ./x.py --config=/home/devel/building/work/src/config.toml install
Building rustbuild
    Finished dev [unoptimized] target(s) in 1.07s
Building stage0 std artifacts (riscv64gc-unknown-linux-gnu -> riscv64gc-unknown-linux-gnu)
    Finished release [optimized] target(s) in 1.73s
Copying stage0 std from stage0 (riscv64gc-unknown-linux-gnu -> riscv64gc-unknown-linux-gnu / riscv64gc-unknown-linux-gnu)
Building stage0 compiler artifacts (riscv64gc-unknown-linux-gnu -> riscv64gc-unknown-linux-gnu)
    Finished release [optimized] target(s) in 1.98s
Copying stage0 rustc from stage0 (riscv64gc-unknown-linux-gnu -> riscv64gc-unknown-linux-gnu / riscv64gc-unknown-linux-gnu)
Assembling stage1 compiler (riscv64gc-unknown-linux-gnu)
Building stage1 std artifacts (riscv64gc-unknown-linux-gnu -> riscv64gc-unknown-linux-gnu)
    Finished release [optimized] target(s) in 1.75s
Copying stage1 std from stage1 (riscv64gc-unknown-linux-gnu -> riscv64gc-unknown-linux-gnu / riscv64gc-unknown-linux-gnu)
Building stage1 compiler artifacts (riscv64gc-unknown-linux-gnu -> riscv64gc-unknown-linux-gnu)
    Finished release [optimized] target(s) in 1.96s
Copying stage1 rustc from stage1 (riscv64gc-unknown-linux-gnu -> riscv64gc-unknown-linux-gnu / riscv64gc-unknown-linux-gnu)
Assembling stage2 compiler (riscv64gc-unknown-linux-gnu)
Uplifting stage1 std (riscv64gc-unknown-linux-gnu -> riscv64gc-unknown-linux-gnu)
Copying stage2 std from stage1 (riscv64gc-unknown-linux-gnu -> riscv64gc-unknown-linux-gnu / riscv64gc-unknown-linux-gnu)
Building stage0 tool rust-installer (riscv64gc-unknown-linux-gnu)
   Compiling libc v0.2.138
   Compiling autocfg v1.1.0
   Compiling cfg-if v1.0.0
   Compiling proc-macro2 v1.0.46
   Compiling version_check v0.9.3
   Compiling unicode-ident v1.0.5
   Compiling quote v1.0.21
   Compiling crossbeam-utils v0.8.8
   Compiling lazy_static v1.4.0
   Compiling crossbeam-epoch v0.9.6
   Compiling syn v1.0.102
   Compiling pkg-config v0.3.25
   Compiling rayon-core v1.9.3
   Compiling proc-macro-error-attr v1.0.4
   Compiling memoffset v0.6.5
   Compiling proc-macro-error v1.0.4
   Compiling cc v1.0.76
   Compiling scopeguard v1.1.0
   Compiling indexmap v1.9.1
   Compiling crc32fast v1.3.2
   Compiling num_cpus v1.13.1
   Compiling crossbeam-channel v0.5.6
   Compiling crossbeam-deque v0.8.1
   Compiling rayon v1.5.3
   Compiling adler v1.0.2
   Compiling anyhow v1.0.65
   Compiling os_str_bytes v6.0.0
   Compiling heck v0.4.0
   Compiling hashbrown v0.12.3
   Compiling lzma-sys v0.1.16
   Compiling clap_lex v0.2.2
   Compiling miniz_oxide v0.5.3
   Compiling xattr v0.2.2
   Compiling atty v0.2.14
   Compiling filetime v0.2.14
   Compiling same-file v1.0.6
   Compiling termcolor v1.1.2
   Compiling bitflags v1.3.2
   Compiling once_cell v1.16.0
   Compiling strsim v0.10.0
   Compiling textwrap v0.15.0
   Compiling either v1.6.0
   Compiling walkdir v2.3.2
   Compiling tar v0.4.38
   Compiling flate2 v1.0.23
   Compiling xz2 v0.1.6
   Compiling remove_dir_all v0.5.3
   Compiling clap_derive v3.2.18
   Compiling clap v3.2.20
   Compiling installer v0.0.0 (/home/devel/building/work/src/rustc-1.67.1-src/src/tools/rust-installer)
    Finished release [optimized] target(s) in 2m 26s
Dist rust-std-1.67.1-riscv64gc-unknown-linux-gnu
	finished in 40.273 seconds
Install std stage2 (Some(riscv64gc-unknown-linux-gnu))
install: creating uninstall script at /home/devel/building/work/pkg/usr/lib/rustlib/uninstall.sh
install: installing component 'rust-std-riscv64gc-unknown-linux-gnu'

    rust std installed.

Uplifting stage1 rustc (riscv64gc-unknown-linux-gnu -> riscv64gc-unknown-linux-gnu)
Copying stage2 rustc from stage1 (riscv64gc-unknown-linux-gnu -> riscv64gc-unknown-linux-gnu / riscv64gc-unknown-linux-gnu)
Building stage2 tool cargo (riscv64gc-unknown-linux-gnu)
   Compiling curl-sys v0.4.59+curl-7.86.0
   Compiling curl v0.4.44
   Compiling cargo v0.68.0 (/home/devel/building/work/src/rustc-1.67.1-src/src/tools/cargo)
   Compiling git2-curl v0.17.0
   Compiling crates-io v0.35.0 (/home/devel/building/work/src/rustc-1.67.1-src/src/tools/cargo/crates/crates-io)
    Finished release [optimized] target(s) in 9m 14s
Building stage2 tool cargo-credential-1password (riscv64gc-unknown-linux-gnu)
    Finished release [optimized] target(s) in 1.71s
Dist cargo-1.67.1-riscv64gc-unknown-linux-gnu
	finished in 21.388 seconds
Install cargo stage2 (Some(riscv64gc-unknown-linux-gnu))
install: creating uninstall script at /home/devel/building/work/pkg/usr/lib/rustlib/uninstall.sh
install: installing component 'cargo'

    cargo installed.

Building stage2 tool rustfmt (riscv64gc-unknown-linux-gnu)
    Finished release [optimized] target(s) in 1.80s
Building stage2 tool cargo-fmt (riscv64gc-unknown-linux-gnu)
    Finished release [optimized] target(s) in 1.79s
Dist rustfmt-1.67.1-riscv64gc-unknown-linux-gnu
	finished in 17.156 seconds
Install rustfmt stage2 (Some(riscv64gc-unknown-linux-gnu))
install: creating uninstall script at /home/devel/building/work/pkg/usr/lib/rustlib/uninstall.sh
install: installing component 'rustfmt-preview'
install: backing up existing file at /home/devel/building/work/pkg/usr/share/doc/rust/README.md
install: backing up existing file at /home/devel/building/work/pkg/usr/share/doc/rust/LICENSE-MIT
install: backing up existing file at /home/devel/building/work/pkg/usr/share/doc/rust/LICENSE-APACHE

    rustfmt installed.

Building stage2 tool clippy-driver (riscv64gc-unknown-linux-gnu)
    Finished release [optimized] target(s) in 1.75s
Building stage2 tool cargo-clippy (riscv64gc-unknown-linux-gnu)
    Finished release [optimized] target(s) in 1.76s
Dist clippy-1.67.1-riscv64gc-unknown-linux-gnu
	finished in 12.673 seconds
Install clippy stage2 (Some(riscv64gc-unknown-linux-gnu))
install: creating uninstall script at /home/devel/building/work/pkg/usr/lib/rustlib/uninstall.sh
install: installing component 'clippy-preview'
install: backing up existing file at /home/devel/building/work/pkg/usr/share/doc/rust/README.md
install: backing up existing file at /home/devel/building/work/pkg/usr/share/doc/rust/LICENSE-MIT
install: backing up existing file at /home/devel/building/work/pkg/usr/share/doc/rust/LICENSE-APACHE

    clippy installed.

Building rustdoc for stage2 (riscv64gc-unknown-linux-gnu)
    Finished release [optimized] target(s) in 1.74s
Building stage1 tool rust-analyzer-proc-macro-srv (riscv64gc-unknown-linux-gnu)
   Compiling autocfg v1.1.0
   Compiling libc v0.2.135
   Compiling proc-macro2 v1.0.47
   Compiling cfg-if v1.0.0
   Compiling quote v1.0.21
   Compiling unicode-ident v1.0.5
   Compiling syn v1.0.102
   Compiling parking_lot_core v0.9.4
   Compiling serde_derive v1.0.145
   Compiling once_cell v1.15.0
   Compiling hashbrown v0.12.3
   Compiling serde v1.0.145
   Compiling log v0.4.17
   Compiling scopeguard v1.1.0
   Compiling lock_api v0.4.9
   Compiling smallvec v1.10.0
   Compiling rustc-hash v1.1.0
   Compiling memoffset v0.6.5
   Compiling indexmap v1.9.1
   Compiling always-assert v0.1.2
   Compiling text-size v1.1.0
   Compiling either v1.8.0
   Compiling perf-event-open-sys v1.0.1
   Compiling stdx v0.0.0 (/home/devel/building/work/src/rustc-1.67.1-src/src/tools/rust-analyzer/crates/stdx)
   Compiling memchr v2.5.0
   Compiling unicode-xid v0.2.4
   Compiling dashmap v5.4.0
   Compiling perf-event v0.4.7
   Compiling la-arena v0.3.0 (/home/devel/building/work/src/rustc-1.67.1-src/src/tools/rust-analyzer/lib/la-arena)
   Compiling rustc-ap-rustc_lexer v725.0.0
   Compiling itertools v0.10.5
   Compiling tracing-core v0.1.30
   Compiling countme v3.0.1
   Compiling profile v0.0.0 (/home/devel/building/work/src/rustc-1.67.1-src/src/tools/rust-analyzer/crates/profile)
   Compiling pin-project-lite v0.2.9
   Compiling snap v1.0.5
   Compiling limit v0.0.0 (/home/devel/building/work/src/rustc-1.67.1-src/src/tools/rust-analyzer/crates/limit)
   Compiling drop_bomb v0.1.5
   Compiling serde_json v1.0.86
   Compiling parser v0.0.0 (/home/devel/building/work/src/rustc-1.67.1-src/src/tools/rust-analyzer/crates/parser)
   Compiling rowan v0.15.10
   Compiling text-edit v0.0.0 (/home/devel/building/work/src/rustc-1.67.1-src/src/tools/rust-analyzer/crates/text-edit)
   Compiling cov-mark v2.0.0-pre.1
   Compiling itoa v1.0.4
   Compiling ryu v1.0.11
   Compiling object v0.29.0
   Compiling memmap2 v0.5.7
   Compiling proc-macro-srv v0.0.0 (/home/devel/building/work/src/rustc-1.67.1-src/src/tools/rust-analyzer/crates/proc-macro-srv)
   Compiling paths v0.0.0 (/home/devel/building/work/src/rustc-1.67.1-src/src/tools/rust-analyzer/crates/paths)
   Compiling libloading v0.7.3
   Compiling tracing-attributes v0.1.23
   Compiling tracing v0.1.37
   Compiling smol_str v0.1.23
   Compiling tt v0.0.0 (/home/devel/building/work/src/rustc-1.67.1-src/src/tools/rust-analyzer/crates/tt)
   Compiling syntax v0.0.0 (/home/devel/building/work/src/rustc-1.67.1-src/src/tools/rust-analyzer/crates/syntax)
   Compiling proc-macro-api v0.0.0 (/home/devel/building/work/src/rustc-1.67.1-src/src/tools/rust-analyzer/crates/proc-macro-api)
   Compiling mbe v0.0.0 (/home/devel/building/work/src/rustc-1.67.1-src/src/tools/rust-analyzer/crates/mbe)
   Compiling proc-macro-srv-cli v0.0.0 (/home/devel/building/work/src/rustc-1.67.1-src/src/tools/rust-analyzer/crates/proc-macro-srv-cli)
    Finished release [optimized] target(s) in 4m 34s
Dist rustc-1.67.1-riscv64gc-unknown-linux-gnu
	finished in 53.365 seconds
Install rustc stage2 (Some(riscv64gc-unknown-linux-gnu))
install: creating uninstall script at /home/devel/building/work/pkg/usr/lib/rustlib/uninstall.sh
install: installing component 'rustc'
install: backing up existing file at /home/devel/building/work/pkg/usr/share/doc/rust/README.md
install: backing up existing file at /home/devel/building/work/pkg/usr/share/doc/rust/LICENSE-MIT
install: backing up existing file at /home/devel/building/work/pkg/usr/share/doc/rust/LICENSE-APACHE

    rustc installed.

Build completed successfully in 0:20:04
+ rm -r /home/devel/building/work/pkg/usr/share/doc
+ rm -r /home/devel/building/work/pkg/usr/share/zsh
+ rm -r /home/devel/building/work/pkg/etc
+ rm /home/devel/building/work/pkg/usr/lib/rustlib/components /home/devel/building/work/pkg/usr/lib/rustlib/install.log /home/devel/building/work/pkg/usr/lib/rustlib/manifest-cargo /home/devel/building/work/pkg/usr/lib/rustlib/manifest-clippy-preview /home/devel/building/work/pkg/usr/lib/rustlib/manifest-rust-std-riscv64gc-unknown-linux-gnu /home/devel/building/work/pkg/usr/lib/rustlib/manifest-rustc /home/devel/building/work/pkg/usr/lib/rustlib/manifest-rustfmt-preview /home/devel/building/work/pkg/usr/lib/rustlib/rust-installer-version /home/devel/building/work/pkg/usr/lib/rustlib/uninstall.sh
+ rm /home/devel/building/work/pkg/usr/lib/libstd-6029ac210e703ea7.so /home/devel/building/work/pkg/usr/lib/libtest-35a17bd1c7200b7a.so
+ ln -srft /home/devel/building/work/pkg/usr/lib /home/devel/building/work/pkg/usr/lib/rustlib/riscv64gc-unknown-linux-gnu/lib/libstd-6029ac210e703ea7.so /home/devel/building/work/pkg/usr/lib/rustlib/riscv64gc-unknown-linux-gnu/lib/libtest-35a17bd1c7200b7a.so
=======> Build result:
drwxr-xr-x  0 root   root        0 Mar  1 22:40 usr/
drwxr-xr-x  0 root   root        0 Mar  1 22:47 usr/share/
drwxr-xr-x  0 root   root        0 Mar  1 22:47 usr/bin/
drwxr-xr-x  0 root   root        0 Mar  1 22:47 usr/libexec/
drwxr-xr-x  0 root   root        0 Mar  1 22:47 usr/lib/
lrwxrwxrwx  0 root   root        0 Mar  1 22:47 usr/lib/libstd-6029ac210e703ea7.so -> rustlib/riscv64gc-unknown-linux-gnu/lib/libstd-6029ac210e703ea7.so
-rw-r--r--  0 root   root 64673224 Mar  1 22:47 usr/lib/librustc_driver-28eac0bb82e8847d.so
lrwxrwxrwx  0 root   root        0 Mar  1 22:47 usr/lib/libtest-35a17bd1c7200b7a.so -> rustlib/riscv64gc-unknown-linux-gnu/lib/libtest-35a17bd1c7200b7a.so
drwxr-xr-x  0 root   root        0 Mar  1 22:47 usr/lib/rustlib/
drwxr-xr-x  0 root   root        0 Mar  1 22:47 usr/lib/rustlib/etc/
drwxr-xr-x  0 root   root        0 Mar  1 22:30 usr/lib/rustlib/riscv64gc-unknown-linux-gnu/
drwxr-xr-x  0 root   root        0 Mar  1 22:47 usr/lib/rustlib/riscv64gc-unknown-linux-gnu/lib/
-rw-r--r--  0 root   root  8145124 Mar  1 22:30 usr/lib/rustlib/riscv64gc-unknown-linux-gnu/lib/libgimli-31f0ea6c354a3e5f.rlib
-rw-r--r--  0 root   root    38946 Mar  1 22:30 usr/lib/rustlib/riscv64gc-unknown-linux-gnu/lib/libpanic_unwind-128a2d750a0c449a.rlib
-rw-r--r--  0 root   root   146632 Mar  1 22:30 usr/lib/rustlib/riscv64gc-unknown-linux-gnu/lib/libunicode_width-cc6091b2d43465cc.rlib
-rw-r--r--  0 root   root   731324 Mar  1 22:30 usr/lib/rustlib/riscv64gc-unknown-linux-gnu/lib/libgetopts-e5c53ba2df1c4749.rlib
-rw-r--r--  0 root   root  1630104 Mar  1 22:30 usr/lib/rustlib/riscv64gc-unknown-linux-gnu/lib/libhashbrown-65654b7e396d82cd.rlib
-rw-r--r--  0 root   root  9545230 Mar  1 22:30 usr/lib/rustlib/riscv64gc-unknown-linux-gnu/lib/libobject-3e9bdc41599572f5.rlib
-rwxr-xr-x  0 root   root  5873600 Mar  1 22:47 usr/lib/rustlib/riscv64gc-unknown-linux-gnu/lib/libstd-6029ac210e703ea7.so
-rw-r--r--  0 root   root   486904 Mar  1 22:30 usr/lib/rustlib/riscv64gc-unknown-linux-gnu/lib/libaddr2line-8c884d635d755577.rlib
-rw-r--r--  0 root   root  1649006 Mar  1 22:30 usr/lib/rustlib/riscv64gc-unknown-linux-gnu/lib/libcompiler_builtins-bc8d3ed9d13197ba.rlib
-rw-r--r--  0 root   root 15432790 Mar  1 22:30 usr/lib/rustlib/riscv64gc-unknown-linux-gnu/lib/libstd-6029ac210e703ea7.rlib
-rw-r--r--  0 root   root  6763104 Mar  1 22:30 usr/lib/rustlib/riscv64gc-unknown-linux-gnu/lib/liballoc-f988b53d6fd86e66.rlib
-rw-r--r--  0 root   root     8432 Mar  1 22:30 usr/lib/rustlib/riscv64gc-unknown-linux-gnu/lib/librustc_std_workspace_std-76f351cff55264a3.rlib
-rw-r--r--  0 root   root  5352954 Mar  1 22:30 usr/lib/rustlib/riscv64gc-unknown-linux-gnu/lib/libtest-35a17bd1c7200b7a.rlib
-rw-r--r--  0 root   root 44121594 Mar  1 22:30 usr/lib/rustlib/riscv64gc-unknown-linux-gnu/lib/libcore-71fc740f8da079e2.rlib
-rw-r--r--  0 root   root     6786 Mar  1 22:30 usr/lib/rustlib/riscv64gc-unknown-linux-gnu/lib/librustc_std_workspace_core-712c0db80437f7c4.rlib
-rwxr-xr-x  0 root   root  1111000 Mar  1 22:47 usr/lib/rustlib/riscv64gc-unknown-linux-gnu/lib/libtest-35a17bd1c7200b7a.so
-rw-r--r--  0 root   root   773390 Mar  1 22:30 usr/lib/rustlib/riscv64gc-unknown-linux-gnu/lib/libmemchr-7e20b0a22f3b7a89.rlib
-rw-r--r--  0 root   root  4766242 Mar  1 22:30 usr/lib/rustlib/riscv64gc-unknown-linux-gnu/lib/libproc_macro-67c425988c61b3fe.rlib
-rw-r--r--  0 root   root   614126 Mar  1 22:30 usr/lib/rustlib/riscv64gc-unknown-linux-gnu/lib/librustc_demangle-31ee27270bd89cfe.rlib
-rw-r--r--  0 root   root    11196 Mar  1 22:30 usr/lib/rustlib/riscv64gc-unknown-linux-gnu/lib/libpanic_abort-e6f6d214cc53b052.rlib
-rw-r--r--  0 root   root    68374 Mar  1 22:30 usr/lib/rustlib/riscv64gc-unknown-linux-gnu/lib/libadler-5f2fd09ce3640d6f.rlib
-rw-r--r--  0 root   root     9718 Mar  1 22:30 usr/lib/rustlib/riscv64gc-unknown-linux-gnu/lib/libcfg_if-fdcf9c041c8a6a04.rlib
-rw-r--r--  0 root   root     5252 Mar  1 22:30 usr/lib/rustlib/riscv64gc-unknown-linux-gnu/lib/librustc_std_workspace_alloc-3d9b5ca38eb4dcde.rlib
-rw-r--r--  0 root   root  3343014 Mar  1 22:30 usr/lib/rustlib/riscv64gc-unknown-linux-gnu/lib/liblibc-df99ba673a0faeaf.rlib
-rw-r--r--  0 root   root    47712 Mar  1 22:30 usr/lib/rustlib/riscv64gc-unknown-linux-gnu/lib/libunwind-a8bff92bc516d933.rlib
-rw-r--r--  0 root   root  1050292 Mar  1 22:30 usr/lib/rustlib/riscv64gc-unknown-linux-gnu/lib/libminiz_oxide-5fe1de40af98ff88.rlib
-rw-r--r--  0 root   root   376306 Mar  1 22:30 usr/lib/rustlib/riscv64gc-unknown-linux-gnu/lib/libstd_detect-b2b8d82e36d8d060.rlib
-rw-r--r--  0 root   root     1929 Mar  1 22:47 usr/lib/rustlib/etc/lldb_commands
-rw-r--r--  0 root   root       81 Mar  1 22:47 usr/lib/rustlib/etc/gdb_load_rust_pretty_printers.py
-rw-r--r--  0 root   root     3076 Mar  1 22:47 usr/lib/rustlib/etc/gdb_lookup.py
-rw-r--r--  0 root   root     3831 Mar  1 22:47 usr/lib/rustlib/etc/rust_types.py
-rw-r--r--  0 root   root    25595 Mar  1 22:47 usr/lib/rustlib/etc/lldb_providers.py
-rw-r--r--  0 root   root     4458 Mar  1 22:47 usr/lib/rustlib/etc/lldb_lookup.py
-rw-r--r--  0 root   root    14057 Mar  1 22:47 usr/lib/rustlib/etc/gdb_providers.py
-rwxr-xr-x  0 root   root  1372456 Mar  1 22:47 usr/libexec/rust-analyzer-proc-macro-srv
-rwxr-xr-x  0 root   root   393952 Mar  1 22:47 usr/libexec/cargo-credential-1password
-rwxr-xr-x  0 root   root   510720 Mar  1 22:47 usr/bin/cargo-clippy
-rwxr-xr-x  0 root   root  6531624 Mar  1 22:47 usr/bin/clippy-driver
-rwxr-xr-x  0 root   root  1026288 Mar  1 22:47 usr/bin/cargo-fmt
-rwxr-xr-x  0 root   root      759 Mar  1 22:47 usr/bin/rust-gdb
-rwxr-xr-x  0 root   root     1072 Mar  1 22:47 usr/bin/rust-lldb
-rwxr-xr-x  0 root   root     1933 Mar  1 22:47 usr/bin/rust-gdbgui
-rwxr-xr-x  0 root   root     6064 Mar  1 22:47 usr/bin/rustc
-rwxr-xr-x  0 root   root 10147424 Mar  1 22:47 usr/bin/cargo
-rwxr-xr-x  0 root   root  7150800 Mar  1 22:47 usr/bin/rustfmt
-rwxr-xr-x  0 root   root  7020552 Mar  1 22:47 usr/bin/rustdoc
drwxr-xr-x  0 root   root        0 Mar  1 22:40 usr/share/man/
drwxr-xr-x  0 root   root        0 Mar  1 22:47 usr/share/man/man1/
-rw-r--r--  0 root   root     4943 Mar  1 22:40 usr/share/man/man1/cargo-metadata.1.gz
-rw-r--r--  0 root   root     2317 Mar  1 22:40 usr/share/man/man1/cargo-update.1.gz
-rw-r--r--  0 root   root     3333 Mar  1 22:40 usr/share/man/man1/cargo-publish.1.gz
-rw-r--r--  0 root   root     2297 Mar  1 22:40 usr/share/man/man1/cargo-vendor.1.gz
-rw-r--r--  0 root   root      512 Mar  1 22:40 usr/share/man/man1/cargo-report.1.gz
-rw-r--r--  0 root   root     6090 Mar  1 22:40 usr/share/man/man1/cargo-test.1.gz
-rw-r--r--  0 root   root     1423 Mar  1 22:47 usr/share/man/man1/rustdoc.1.gz
-rw-r--r--  0 root   root     1827 Mar  1 22:40 usr/share/man/man1/cargo-owner.1.gz
-rw-r--r--  0 root   root     2263 Mar  1 22:40 usr/share/man/man1/cargo-clean.1.gz
-rw-r--r--  0 root   root     1450 Mar  1 22:40 usr/share/man/man1/cargo-search.1.gz
-rw-r--r--  0 root   root     4552 Mar  1 22:40 usr/share/man/man1/cargo-rustdoc.1.gz
-rw-r--r--  0 root   root     4689 Mar  1 22:40 usr/share/man/man1/cargo-check.1.gz
-rw-r--r--  0 root   root     1487 Mar  1 22:40 usr/share/man/man1/cargo-login.1.gz
-rw-r--r--  0 root   root     1602 Mar  1 22:40 usr/share/man/man1/cargo-locate-project.1.gz
-rw-r--r--  0 root   root      356 Mar  1 22:40 usr/share/man/man1/cargo-version.1.gz
-rw-r--r--  0 root   root     2808 Mar  1 22:40 usr/share/man/man1/cargo-add.1.gz
-rw-r--r--  0 root   root     3144 Mar  1 22:40 usr/share/man/man1/cargo.1.gz
-rw-r--r--  0 root   root     1829 Mar  1 22:40 usr/share/man/man1/cargo-yank.1.gz
-rw-r--r--  0 root   root     5024 Mar  1 22:40 usr/share/man/man1/cargo-rustc.1.gz
-rw-r--r--  0 root   root     2161 Mar  1 22:40 usr/share/man/man1/cargo-fetch.1.gz
-rw-r--r--  0 root   root     3889 Mar  1 22:40 usr/share/man/man1/cargo-package.1.gz
-rw-r--r--  0 root   root     1857 Mar  1 22:40 usr/share/man/man1/cargo-generate-lockfile.1.gz
-rw-r--r--  0 root   root      315 Mar  1 22:40 usr/share/man/man1/cargo-help.1.gz
-rw-r--r--  0 root   root     1476 Mar  1 22:40 usr/share/man/man1/cargo-uninstall.1.gz
-rw-r--r--  0 root   root     1754 Mar  1 22:40 usr/share/man/man1/cargo-new.1.gz
-rw-r--r--  0 root   root     3696 Mar  1 22:40 usr/share/man/man1/cargo-run.1.gz
-rw-r--r--  0 root   root     4772 Mar  1 22:40 usr/share/man/man1/cargo-build.1.gz
-rw-r--r--  0 root   root     1835 Mar  1 22:40 usr/share/man/man1/cargo-verify-project.1.gz
-rw-r--r--  0 root   root     4295 Mar  1 22:40 usr/share/man/man1/cargo-doc.1.gz
-rw-r--r--  0 root   root     5752 Mar  1 22:40 usr/share/man/man1/cargo-bench.1.gz
-rw-r--r--  0 root   root     5692 Mar  1 22:40 usr/share/man/man1/cargo-fix.1.gz
-rw-r--r--  0 root   root     5225 Mar  1 22:40 usr/share/man/man1/cargo-install.1.gz
-rw-r--r--  0 root   root     1979 Mar  1 22:40 usr/share/man/man1/cargo-remove.1.gz
-rw-r--r--  0 root   root     1820 Mar  1 22:40 usr/share/man/man1/cargo-init.1.gz
-rw-r--r--  0 root   root     3813 Mar  1 22:47 usr/share/man/man1/rustc.1.gz
-rw-r--r--  0 root   root     2275 Mar  1 22:40 usr/share/man/man1/cargo-pkgid.1.gz
-rw-r--r--  0 root   root     5038 Mar  1 22:40 usr/share/man/man1/cargo-tree.1.gz
=======> ERROR: Footprint mismatch found:
MISSING   drwxr-xr-x      root/root       etc/
MISSING   drwxr-xr-x      root/root       etc/bash_completion.d/
MISSING   -rw-r--r--      root/root       etc/bash_completion.d/cargo
MISSING   lrwxrwxrwx      root/root       usr/lib/*.so -> rustlib/riscv64-unknown-linux-gnu/lib/*.so
MISSING   -rw-r--r--      root/root       usr/lib/libstd-8ec1dff931902ad0.so
MISSING   -rw-r--r--      root/root       usr/lib/libtest-bb8d289940c02758.so
NEW       lrwxrwxrwx      root/root       usr/lib/libstd-6029ac210e703ea7.so -> rustlib/riscv64gc-unknown-linux-gnu/lib/libstd-6029ac210e703ea7.so
NEW       lrwxrwxrwx      root/root       usr/lib/libtest-35a17bd1c7200b7a.so -> rustlib/riscv64gc-unknown-linux-gnu/lib/libtest-35a17bd1c7200b7a.so
MISSING   -rw-r--r--      root/root       usr/lib/rustlib/components
MISSING   -rw-r--r--      root/root       usr/lib/rustlib/install.log
MISSING   -rw-r--r--      root/root       usr/lib/rustlib/manifest-cargo
MISSING   -rw-r--r--      root/root       usr/lib/rustlib/manifest-clippy-preview
MISSING   -rw-r--r--      root/root       usr/lib/rustlib/manifest-rust-analysis-riscv64gc-unknown-linux-gnu
MISSING   -rw-r--r--      root/root       usr/lib/rustlib/manifest-rust-std-riscv64gc-unknown-linux-gnu
MISSING   -rw-r--r--      root/root       usr/lib/rustlib/manifest-rustc
MISSING   -rw-r--r--      root/root       usr/lib/rustlib/manifest-rustfmt-preview
MISSING   drwxr-xr-x      root/root       usr/lib/rustlib/riscv64gc-unknown-linux-gnu/analysis/
MISSING   -rw-r--r--      root/root       usr/lib/rustlib/riscv64gc-unknown-linux-gnu/analysis/libaddr2line-cf0bb8bc8d292cdd.json
MISSING   -rw-r--r--      root/root       usr/lib/rustlib/riscv64gc-unknown-linux-gnu/analysis/libadler-b8e02800c0922cad.json
MISSING   -rw-r--r--      root/root       usr/lib/rustlib/riscv64gc-unknown-linux-gnu/analysis/liballoc-e9c6846503f8316e.json
MISSING   -rw-r--r--      root/root       usr/lib/rustlib/riscv64gc-unknown-linux-gnu/analysis/libcfg_if-746d216cc4b7acc6.json
MISSING   -rw-r--r--      root/root       usr/lib/rustlib/riscv64gc-unknown-linux-gnu/analysis/libcompiler_builtins-2131c7183fa88c54.json
MISSING   -rw-r--r--      root/root       usr/lib/rustlib/riscv64gc-unknown-linux-gnu/analysis/libcore-8563a78e44891d74.json
MISSING   -rw-r--r--      root/root       usr/lib/rustlib/riscv64gc-unknown-linux-gnu/analysis/libgetopts-722fc6694c16808f.json
MISSING   -rw-r--r--      root/root       usr/lib/rustlib/riscv64gc-unknown-linux-gnu/analysis/libgimli-92ebfcb94c38b23d.json
MISSING   -rw-r--r--      root/root       usr/lib/rustlib/riscv64gc-unknown-linux-gnu/analysis/libhashbrown-853f782caf63eef7.json
MISSING   -rw-r--r--      root/root       usr/lib/rustlib/riscv64gc-unknown-linux-gnu/analysis/liblibc-f0654f320fac631e.json
MISSING   -rw-r--r--      root/root       usr/lib/rustlib/riscv64gc-unknown-linux-gnu/analysis/libmemchr-8275bf6fff1bf8f3.json
MISSING   -rw-r--r--      root/root       usr/lib/rustlib/riscv64gc-unknown-linux-gnu/analysis/libminiz_oxide-15d22636fcddfbe2.json
MISSING   -rw-r--r--      root/root       usr/lib/rustlib/riscv64gc-unknown-linux-gnu/analysis/libobject-017658417059fbdc.json
MISSING   -rw-r--r--      root/root       usr/lib/rustlib/riscv64gc-unknown-linux-gnu/analysis/libpanic_abort-d5b0507d89158aee.json
MISSING   -rw-r--r--      root/root       usr/lib/rustlib/riscv64gc-unknown-linux-gnu/analysis/libpanic_unwind-383d85ac5288cf9d.json
MISSING   -rw-r--r--      root/root       usr/lib/rustlib/riscv64gc-unknown-linux-gnu/analysis/libproc_macro-d6df273b40da5f2d.json
MISSING   -rw-r--r--      root/root       usr/lib/rustlib/riscv64gc-unknown-linux-gnu/analysis/librustc_demangle-2a0b0eed27118e08.json
MISSING   -rw-r--r--      root/root       usr/lib/rustlib/riscv64gc-unknown-linux-gnu/analysis/librustc_std_workspace_alloc-77215a0185da709f.json
MISSING   -rw-r--r--      root/root       usr/lib/rustlib/riscv64gc-unknown-linux-gnu/analysis/librustc_std_workspace_core-8181e2f2eb152504.json
MISSING   -rw-r--r--      root/root       usr/lib/rustlib/riscv64gc-unknown-linux-gnu/analysis/librustc_std_workspace_std-21c8de3bebd00273.json
MISSING   -rw-r--r--      root/root       usr/lib/rustlib/riscv64gc-unknown-linux-gnu/analysis/libstd-8ec1dff931902ad0.json
MISSING   -rw-r--r--      root/root       usr/lib/rustlib/riscv64gc-unknown-linux-gnu/analysis/libstd_detect-d2e6fb38f30ffa45.json
MISSING   -rw-r--r--      root/root       usr/lib/rustlib/riscv64gc-unknown-linux-gnu/analysis/libtest-bb8d289940c02758.json
MISSING   -rw-r--r--      root/root       usr/lib/rustlib/riscv64gc-unknown-linux-gnu/analysis/libunicode_width-10e496bfcb39de05.json
MISSING   -rw-r--r--      root/root       usr/lib/rustlib/riscv64gc-unknown-linux-gnu/analysis/libunwind-8910bdfb06464380.json
MISSING   -rw-r--r--      root/root       usr/lib/rustlib/riscv64gc-unknown-linux-gnu/lib/libaddr2line-cf0bb8bc8d292cdd.rlib
MISSING   -rw-r--r--      root/root       usr/lib/rustlib/riscv64gc-unknown-linux-gnu/lib/libadler-b8e02800c0922cad.rlib
MISSING   -rw-r--r--      root/root       usr/lib/rustlib/riscv64gc-unknown-linux-gnu/lib/liballoc-e9c6846503f8316e.rlib
MISSING   -rw-r--r--      root/root       usr/lib/rustlib/riscv64gc-unknown-linux-gnu/lib/libcfg_if-746d216cc4b7acc6.rlib
MISSING   -rw-r--r--      root/root       usr/lib/rustlib/riscv64gc-unknown-linux-gnu/lib/libcompiler_builtins-2131c7183fa88c54.rlib
MISSING   -rw-r--r--      root/root       usr/lib/rustlib/riscv64gc-unknown-linux-gnu/lib/libcore-8563a78e44891d74.rlib
MISSING   -rw-r--r--      root/root       usr/lib/rustlib/riscv64gc-unknown-linux-gnu/lib/libgetopts-722fc6694c16808f.rlib
MISSING   -rw-r--r--      root/root       usr/lib/rustlib/riscv64gc-unknown-linux-gnu/lib/libgimli-92ebfcb94c38b23d.rlib
MISSING   -rw-r--r--      root/root       usr/lib/rustlib/riscv64gc-unknown-linux-gnu/lib/libhashbrown-853f782caf63eef7.rlib
MISSING   -rw-r--r--      root/root       usr/lib/rustlib/riscv64gc-unknown-linux-gnu/lib/liblibc-f0654f320fac631e.rlib
MISSING   -rw-r--r--      root/root       usr/lib/rustlib/riscv64gc-unknown-linux-gnu/lib/libmemchr-8275bf6fff1bf8f3.rlib
MISSING   -rw-r--r--      root/root       usr/lib/rustlib/riscv64gc-unknown-linux-gnu/lib/libminiz_oxide-15d22636fcddfbe2.rlib
MISSING   -rw-r--r--      root/root       usr/lib/rustlib/riscv64gc-unknown-linux-gnu/lib/libobject-017658417059fbdc.rlib
MISSING   -rw-r--r--      root/root       usr/lib/rustlib/riscv64gc-unknown-linux-gnu/lib/libpanic_abort-d5b0507d89158aee.rlib
MISSING   -rw-r--r--      root/root       usr/lib/rustlib/riscv64gc-unknown-linux-gnu/lib/libpanic_unwind-383d85ac5288cf9d.rlib
MISSING   -rw-r--r--      root/root       usr/lib/rustlib/riscv64gc-unknown-linux-gnu/lib/libproc_macro-d6df273b40da5f2d.rlib
MISSING   -rw-r--r--      root/root       usr/lib/rustlib/riscv64gc-unknown-linux-gnu/lib/librustc_demangle-2a0b0eed27118e08.rlib
MISSING   -rw-r--r--      root/root       usr/lib/rustlib/riscv64gc-unknown-linux-gnu/lib/librustc_std_workspace_alloc-77215a0185da709f.rlib
MISSING   -rw-r--r--      root/root       usr/lib/rustlib/riscv64gc-unknown-linux-gnu/lib/librustc_std_workspace_core-8181e2f2eb152504.rlib
MISSING   -rw-r--r--      root/root       usr/lib/rustlib/riscv64gc-unknown-linux-gnu/lib/librustc_std_workspace_std-21c8de3bebd00273.rlib
MISSING   -rw-r--r--      root/root       usr/lib/rustlib/riscv64gc-unknown-linux-gnu/lib/libstd-8ec1dff931902ad0.rlib
MISSING   -rwxr-xr-x      root/root       usr/lib/rustlib/riscv64gc-unknown-linux-gnu/lib/libstd-8ec1dff931902ad0.so
MISSING   -rw-r--r--      root/root       usr/lib/rustlib/riscv64gc-unknown-linux-gnu/lib/libstd_detect-d2e6fb38f30ffa45.rlib
MISSING   -rw-r--r--      root/root       usr/lib/rustlib/riscv64gc-unknown-linux-gnu/lib/libtest-bb8d289940c02758.rlib
MISSING   -rwxr-xr-x      root/root       usr/lib/rustlib/riscv64gc-unknown-linux-gnu/lib/libtest-bb8d289940c02758.so
MISSING   -rw-r--r--      root/root       usr/lib/rustlib/riscv64gc-unknown-linux-gnu/lib/libunicode_width-10e496bfcb39de05.rlib
MISSING   -rw-r--r--      root/root       usr/lib/rustlib/riscv64gc-unknown-linux-gnu/lib/libunwind-8910bdfb06464380.rlib
MISSING   -rw-r--r--      root/root       usr/lib/rustlib/rust-installer-version
MISSING   -rwxr-xr-x      root/root       usr/lib/rustlib/uninstall.sh
NEW       -rw-r--r--      root/root       usr/lib/rustlib/riscv64gc-unknown-linux-gnu/lib/libaddr2line-8c884d635d755577.rlib
NEW       -rw-r--r--      root/root       usr/lib/rustlib/riscv64gc-unknown-linux-gnu/lib/libadler-5f2fd09ce3640d6f.rlib
NEW       -rw-r--r--      root/root       usr/lib/rustlib/riscv64gc-unknown-linux-gnu/lib/liballoc-f988b53d6fd86e66.rlib
NEW       -rw-r--r--      root/root       usr/lib/rustlib/riscv64gc-unknown-linux-gnu/lib/libcfg_if-fdcf9c041c8a6a04.rlib
NEW       -rw-r--r--      root/root       usr/lib/rustlib/riscv64gc-unknown-linux-gnu/lib/libcompiler_builtins-bc8d3ed9d13197ba.rlib
NEW       -rw-r--r--      root/root       usr/lib/rustlib/riscv64gc-unknown-linux-gnu/lib/libcore-71fc740f8da079e2.rlib
NEW       -rw-r--r--      root/root       usr/lib/rustlib/riscv64gc-unknown-linux-gnu/lib/libgetopts-e5c53ba2df1c4749.rlib
NEW       -rw-r--r--      root/root       usr/lib/rustlib/riscv64gc-unknown-linux-gnu/lib/libgimli-31f0ea6c354a3e5f.rlib
NEW       -rw-r--r--      root/root       usr/lib/rustlib/riscv64gc-unknown-linux-gnu/lib/libhashbrown-65654b7e396d82cd.rlib
NEW       -rw-r--r--      root/root       usr/lib/rustlib/riscv64gc-unknown-linux-gnu/lib/liblibc-df99ba673a0faeaf.rlib
NEW       -rw-r--r--      root/root       usr/lib/rustlib/riscv64gc-unknown-linux-gnu/lib/libmemchr-7e20b0a22f3b7a89.rlib
NEW       -rw-r--r--      root/root       usr/lib/rustlib/riscv64gc-unknown-linux-gnu/lib/libminiz_oxide-5fe1de40af98ff88.rlib
NEW       -rw-r--r--      root/root       usr/lib/rustlib/riscv64gc-unknown-linux-gnu/lib/libobject-3e9bdc41599572f5.rlib
NEW       -rw-r--r--      root/root       usr/lib/rustlib/riscv64gc-unknown-linux-gnu/lib/libpanic_abort-e6f6d214cc53b052.rlib
NEW       -rw-r--r--      root/root       usr/lib/rustlib/riscv64gc-unknown-linux-gnu/lib/libpanic_unwind-128a2d750a0c449a.rlib
NEW       -rw-r--r--      root/root       usr/lib/rustlib/riscv64gc-unknown-linux-gnu/lib/libproc_macro-67c425988c61b3fe.rlib
NEW       -rw-r--r--      root/root       usr/lib/rustlib/riscv64gc-unknown-linux-gnu/lib/librustc_demangle-31ee27270bd89cfe.rlib
NEW       -rw-r--r--      root/root       usr/lib/rustlib/riscv64gc-unknown-linux-gnu/lib/librustc_std_workspace_alloc-3d9b5ca38eb4dcde.rlib
NEW       -rw-r--r--      root/root       usr/lib/rustlib/riscv64gc-unknown-linux-gnu/lib/librustc_std_workspace_core-712c0db80437f7c4.rlib
NEW       -rw-r--r--      root/root       usr/lib/rustlib/riscv64gc-unknown-linux-gnu/lib/librustc_std_workspace_std-76f351cff55264a3.rlib
NEW       -rw-r--r--      root/root       usr/lib/rustlib/riscv64gc-unknown-linux-gnu/lib/libstd-6029ac210e703ea7.rlib
NEW       -rwxr-xr-x      root/root       usr/lib/rustlib/riscv64gc-unknown-linux-gnu/lib/libstd-6029ac210e703ea7.so
NEW       -rw-r--r--      root/root       usr/lib/rustlib/riscv64gc-unknown-linux-gnu/lib/libstd_detect-b2b8d82e36d8d060.rlib
NEW       -rw-r--r--      root/root       usr/lib/rustlib/riscv64gc-unknown-linux-gnu/lib/libtest-35a17bd1c7200b7a.rlib
NEW       -rwxr-xr-x      root/root       usr/lib/rustlib/riscv64gc-unknown-linux-gnu/lib/libtest-35a17bd1c7200b7a.so
NEW       -rw-r--r--      root/root       usr/lib/rustlib/riscv64gc-unknown-linux-gnu/lib/libunicode_width-cc6091b2d43465cc.rlib
NEW       -rw-r--r--      root/root       usr/lib/rustlib/riscv64gc-unknown-linux-gnu/lib/libunwind-a8bff92bc516d933.rlib
MISSING   drwxr-xr-x      root/root       usr/share/doc/
MISSING   drwxr-xr-x      root/root       usr/share/doc/rust/
MISSING   -rw-r--r--      root/root       usr/share/doc/rust/COPYRIGHT
MISSING   -rw-r--r--      root/root       usr/share/doc/rust/LICENSE-APACHE
MISSING   -rw-r--r--      root/root       usr/share/doc/rust/LICENSE-APACHE.old
MISSING   -rw-r--r--      root/root       usr/share/doc/rust/LICENSE-MIT
MISSING   -rw-r--r--      root/root       usr/share/doc/rust/LICENSE-MIT.old
MISSING   -rw-r--r--      root/root       usr/share/doc/rust/LICENSE-THIRD-PARTY
MISSING   -rw-r--r--      root/root       usr/share/doc/rust/README.md
MISSING   -rw-r--r--      root/root       usr/share/doc/rust/README.md.old
MISSING   drwxr-xr-x      root/root       usr/share/zsh/
MISSING   drwxr-xr-x      root/root       usr/share/zsh/site-functions/
MISSING   -rw-r--r--      root/root       usr/share/zsh/site-functions/_cargo
=======> ERROR: Building '/home/devel/packages/rust#1.67.1-1.riscv64.pkg.tar.zst' failed.
Command exited with non-zero status 1
3:10:59
