prt-get: updating /usr/ports/core-riscv64/libedit
prt-get: starting build Tue Feb 21 19:33:22 2023
=======> Building '/home/devel/packages/libedit#20221030_3.1-1.riscv64.pkg.tar.zst'.
bsdtar -p -o -C /home/devel/building/work/src -xf /home/devel/sources/libedit-20221030-3.1.tar.gz
+ build
+ cd libedit-20221030-3.1
+ ./configure --prefix=/usr --enable-widec --disable-static
checking for gcc... gcc
checking whether the C compiler works... yes
checking for C compiler default output file name... a.out
checking for suffix of executables... 
checking whether we are cross compiling... no
checking for suffix of object files... o
checking whether the compiler supports GNU C... yes
checking whether gcc accepts -g... yes
checking for gcc option to enable C11 features... none needed
checking whether gcc understands -c and -o together... yes
checking for stdio.h... yes
checking for stdlib.h... yes
checking for string.h... yes
checking for inttypes.h... yes
checking for stdint.h... yes
checking for strings.h... yes
checking for sys/stat.h... yes
checking for sys/types.h... yes
checking for unistd.h... yes
checking for wchar.h... yes
checking for minix/config.h... no
checking for vfork.h... no
checking whether it is safe to define __EXTENSIONS__... yes
checking whether _XOPEN_SOURCE should be defined... no
checking for a BSD-compatible install... /usr/bin/install -c
checking whether build environment is sane... yes
checking for a race-free mkdir -p... /bin/mkdir -p
checking for gawk... gawk
checking whether make sets $(MAKE)... yes
checking whether make supports the include directive... yes (GNU style)
checking whether make supports nested variables... yes
checking dependency style of gcc... gcc3
checking build system type... riscv64-unknown-linux-gnu
checking host system type... riscv64-unknown-linux-gnu
checking how to print strings... printf
checking for a sed that does not truncate output... /bin/sed
checking for grep that handles long lines and -e... /usr/bin/grep
checking for egrep... /usr/bin/grep -E
checking for fgrep... /usr/bin/grep -F
checking for ld used by gcc... /usr/bin/ld
checking if the linker (/usr/bin/ld) is GNU ld... yes
checking for BSD- or MS-compatible name lister (nm)... /usr/bin/nm -B
checking the name lister (/usr/bin/nm -B) interface... BSD nm
checking whether ln -s works... yes
checking the maximum length of command line arguments... 1572864
checking how to convert riscv64-unknown-linux-gnu file names to riscv64-unknown-linux-gnu format... func_convert_file_noop
checking how to convert riscv64-unknown-linux-gnu file names to toolchain format... func_convert_file_noop
checking for /usr/bin/ld option to reload object files... -r
checking for file... file
checking for objdump... objdump
checking how to recognize dependent libraries... pass_all
checking for dlltool... no
checking how to associate runtime and link libraries... printf %s\n
checking for ar... ar
checking for archiver @FILE support... @
checking for strip... strip
checking for ranlib... ranlib
checking command to parse /usr/bin/nm -B output from gcc object... ok
checking for sysroot... no
checking for a working dd... /bin/dd
checking how to truncate binary pipes... /bin/dd bs=4096 count=1
checking for mt... no
checking if : is a manifest tool... no
checking for dlfcn.h... yes
checking for objdir... .libs
checking if gcc supports -fno-rtti -fno-exceptions... no
checking for gcc option to produce PIC... -fPIC -DPIC
checking if gcc PIC flag -fPIC -DPIC works... yes
checking if gcc static flag -static works... yes
checking if gcc supports -c -o file.o... yes
checking if gcc supports -c -o file.o... (cached) yes
checking whether the gcc linker (/usr/bin/ld) supports shared libraries... yes
checking whether -lc should be explicitly linked in... no
checking dynamic linker characteristics... GNU/Linux ld.so
checking how to hardcode library paths into programs... immediate
checking whether stripping libraries is possible... yes
checking if libtool supports shared libraries... yes
checking whether to build shared libraries... yes
checking whether to build static libraries... no
checking whether make supports nested variables... (cached) yes
checking for gcc... (cached) gcc
checking whether the compiler supports GNU C... (cached) yes
checking whether gcc accepts -g... (cached) yes
checking for gcc option to enable C11 features... (cached) none needed
checking whether gcc understands -c and -o together... (cached) yes
checking whether ln -s works... yes
checking for gawk... (cached) gawk
checking for nroff... /usr/bin/nroff
checking for tgetent in -lncurses... no
checking for tgetent in -lcurses... no
checking for tgetent in -ltermcap... no
checking for tgetent in -ltinfo... yes
checking if you want wide-character code... yes
configure: WARNING: --enable-widec is deprecated, wide-character/UTF-8 is always enabled
checking for dirent.h that defines DIR... yes
checking for library containing opendir... none required
checking for egrep... (cached) /usr/bin/grep -E
checking for sys/wait.h that is POSIX.1 compatible... yes
checking for fcntl.h... yes
checking for limits.h... yes
checking for malloc.h... yes
checking for stdlib.h... (cached) yes
checking for string.h... (cached) yes
checking for sys/ioctl.h... yes
checking for sys/param.h... yes
checking for unistd.h... (cached) yes
checking for curses.h... yes
checking for ncurses.h... yes
checking for sys/cdefs.h... yes
checking for termcap.h... yes
checking for ncurses.h... (cached) yes
checking for termios.h... yes
checking for term.h... yes
checking for struct dirent.d_namlen... no
checking for an ANSI C-conforming const... yes
checking for pid_t... yes
checking for size_t... yes
checking for u_int32_t... yes
checking whether closedir returns void... no
checking for fork... yes
checking for vfork... yes
checking for working fork... yes
checking for working vfork... (cached) yes
checking how to run the C preprocessor... gcc -E
checking whether gcc needs -traditional... no
checking whether lstat correctly handles trailing slash... yes
checking whether stat accepts an empty string... no
checking for endpwent... yes
checking for isascii... yes
checking for memchr... yes
checking for memset... yes
checking for re_comp... yes
checking for regcomp... yes
checking for strcasecmp... yes
checking for strchr... yes
checking for strcspn... yes
checking for strdup... yes
checking for strerror... yes
checking for strrchr... yes
checking for strstr... yes
checking for strtol... yes
checking for issetugid... no
checking for wcsdup... yes
checking for strlcpy... no
checking for strlcat... no
checking for vis... no
checking for strvis... no
checking for strunvis... no
checking for __secure_getenv... no
checking for secure_getenv... yes
checking for reallocarr... no
checking for strlcpy... (cached) no
checking for strlcat... (cached) no
checking for getline... yes
checking for vis... (cached) no
checking for unvis... no
checking whether getpwnam_r and getpwuid_r are posix like... yes
checking whether getpwnam_r and getpwuid_r are posix _draft_ like... no
checking that generated files are newer than configure... done
configure: creating ./config.status
config.status: creating Makefile
config.status: creating libedit.pc
config.status: creating src/Makefile
config.status: creating doc/Makefile
config.status: creating examples/Makefile
config.status: creating config.h
config.status: executing depfiles commands
config.status: executing libtool commands
+ make V=1
/usr/bin/make  all-recursive
make[1]: Entering directory '/home/devel/building/work/src/libedit-20221030-3.1'
Making all in src
make[2]: Entering directory '/home/devel/building/work/src/libedit-20221030-3.1/src'
AWK=gawk sh ./makelist -h ./vi.c > vi.h
AWK=gawk sh ./makelist -h ./emacs.c > emacs.h
AWK=gawk sh ./makelist -h ./common.c > common.h
AWK=gawk sh ./makelist -bh ./vi.c ./emacs.c ./common.c > help.h
AWK=gawk sh ./makelist -fh vi.h emacs.h common.h  > fcns.h
AWK=gawk sh ./makelist -fc vi.h emacs.h common.h  > func.h
/usr/bin/make  all-am
make[3]: Entering directory '/home/devel/building/work/src/libedit-20221030-3.1/src'
/bin/sh ../libtool  --tag=CC   --mode=compile gcc -DHAVE_CONFIG_H -I. -I..     -O2 -mabi=lp64d -march=rv64gc -MT chared.lo -MD -MP -MF .deps/chared.Tpo -c -o chared.lo chared.c
/bin/sh ../libtool  --tag=CC   --mode=compile gcc -DHAVE_CONFIG_H -I. -I..     -O2 -mabi=lp64d -march=rv64gc -MT common.lo -MD -MP -MF .deps/common.Tpo -c -o common.lo common.c
/bin/sh ../libtool  --tag=CC   --mode=compile gcc -DHAVE_CONFIG_H -I. -I..     -O2 -mabi=lp64d -march=rv64gc -MT el.lo -MD -MP -MF .deps/el.Tpo -c -o el.lo el.c
/bin/sh ../libtool  --tag=CC   --mode=compile gcc -DHAVE_CONFIG_H -I. -I..     -O2 -mabi=lp64d -march=rv64gc -MT eln.lo -MD -MP -MF .deps/eln.Tpo -c -o eln.lo eln.c
/bin/sh ../libtool  --tag=CC   --mode=compile gcc -DHAVE_CONFIG_H -I. -I..     -O2 -mabi=lp64d -march=rv64gc -MT emacs.lo -MD -MP -MF .deps/emacs.Tpo -c -o emacs.lo emacs.c
/bin/sh ../libtool  --tag=CC   --mode=compile gcc -DHAVE_CONFIG_H -I. -I..     -O2 -mabi=lp64d -march=rv64gc -MT hist.lo -MD -MP -MF .deps/hist.Tpo -c -o hist.lo hist.c
/bin/sh ../libtool  --tag=CC   --mode=compile gcc -DHAVE_CONFIG_H -I. -I..     -O2 -mabi=lp64d -march=rv64gc -MT keymacro.lo -MD -MP -MF .deps/keymacro.Tpo -c -o keymacro.lo keymacro.c
/bin/sh ../libtool  --tag=CC   --mode=compile gcc -DHAVE_CONFIG_H -I. -I..     -O2 -mabi=lp64d -march=rv64gc -MT map.lo -MD -MP -MF .deps/map.Tpo -c -o map.lo map.c
libtool: compile:  gcc -DHAVE_CONFIG_H -I. -I.. -O2 -mabi=lp64d -march=rv64gc -MT chared.lo -MD -MP -MF .deps/chared.Tpo -c chared.c  -fPIC -DPIC -o .libs/chared.o
libtool: compile:  gcc -DHAVE_CONFIG_H -I. -I.. -O2 -mabi=lp64d -march=rv64gc -MT el.lo -MD -MP -MF .deps/el.Tpo -c el.c  -fPIC -DPIC -o .libs/el.o
libtool: compile:  gcc -DHAVE_CONFIG_H -I. -I.. -O2 -mabi=lp64d -march=rv64gc -MT hist.lo -MD -MP -MF .deps/hist.Tpo -c hist.c  -fPIC -DPIC -o .libs/hist.o
libtool: compile:  gcc -DHAVE_CONFIG_H -I. -I.. -O2 -mabi=lp64d -march=rv64gc -MT common.lo -MD -MP -MF .deps/common.Tpo -c common.c  -fPIC -DPIC -o .libs/common.o
libtool: compile:  gcc -DHAVE_CONFIG_H -I. -I.. -O2 -mabi=lp64d -march=rv64gc -MT map.lo -MD -MP -MF .deps/map.Tpo -c map.c  -fPIC -DPIC -o .libs/map.o
libtool: compile:  gcc -DHAVE_CONFIG_H -I. -I.. -O2 -mabi=lp64d -march=rv64gc -MT keymacro.lo -MD -MP -MF .deps/keymacro.Tpo -c keymacro.c  -fPIC -DPIC -o .libs/keymacro.o
libtool: compile:  gcc -DHAVE_CONFIG_H -I. -I.. -O2 -mabi=lp64d -march=rv64gc -MT emacs.lo -MD -MP -MF .deps/emacs.Tpo -c emacs.c  -fPIC -DPIC -o .libs/emacs.o
libtool: compile:  gcc -DHAVE_CONFIG_H -I. -I.. -O2 -mabi=lp64d -march=rv64gc -MT eln.lo -MD -MP -MF .deps/eln.Tpo -c eln.c  -fPIC -DPIC -o .libs/eln.o
mv -f .deps/hist.Tpo .deps/hist.Plo
/bin/sh ../libtool  --tag=CC   --mode=compile gcc -DHAVE_CONFIG_H -I. -I..     -O2 -mabi=lp64d -march=rv64gc -MT chartype.lo -MD -MP -MF .deps/chartype.Tpo -c -o chartype.lo chartype.c
mv -f .deps/eln.Tpo .deps/eln.Plo
/bin/sh ../libtool  --tag=CC   --mode=compile gcc -DHAVE_CONFIG_H -I. -I..     -O2 -mabi=lp64d -march=rv64gc -MT parse.lo -MD -MP -MF .deps/parse.Tpo -c -o parse.lo parse.c
mv -f .deps/emacs.Tpo .deps/emacs.Plo
/bin/sh ../libtool  --tag=CC   --mode=compile gcc -DHAVE_CONFIG_H -I. -I..     -O2 -mabi=lp64d -march=rv64gc -MT prompt.lo -MD -MP -MF .deps/prompt.Tpo -c -o prompt.lo prompt.c
libtool: compile:  gcc -DHAVE_CONFIG_H -I. -I.. -O2 -mabi=lp64d -march=rv64gc -MT chartype.lo -MD -MP -MF .deps/chartype.Tpo -c chartype.c  -fPIC -DPIC -o .libs/chartype.o
mv -f .deps/el.Tpo .deps/el.Plo
/bin/sh ../libtool  --tag=CC   --mode=compile gcc -DHAVE_CONFIG_H -I. -I..     -O2 -mabi=lp64d -march=rv64gc -MT read.lo -MD -MP -MF .deps/read.Tpo -c -o read.lo read.c
libtool: compile:  gcc -DHAVE_CONFIG_H -I. -I.. -O2 -mabi=lp64d -march=rv64gc -MT parse.lo -MD -MP -MF .deps/parse.Tpo -c parse.c  -fPIC -DPIC -o .libs/parse.o
mv -f .deps/map.Tpo .deps/map.Plo
/bin/sh ../libtool  --tag=CC   --mode=compile gcc -DHAVE_CONFIG_H -I. -I..     -O2 -mabi=lp64d -march=rv64gc -MT refresh.lo -MD -MP -MF .deps/refresh.Tpo -c -o refresh.lo refresh.c
libtool: compile:  gcc -DHAVE_CONFIG_H -I. -I.. -O2 -mabi=lp64d -march=rv64gc -MT prompt.lo -MD -MP -MF .deps/prompt.Tpo -c prompt.c  -fPIC -DPIC -o .libs/prompt.o
libtool: compile:  gcc -DHAVE_CONFIG_H -I. -I.. -O2 -mabi=lp64d -march=rv64gc -MT read.lo -MD -MP -MF .deps/read.Tpo -c read.c  -fPIC -DPIC -o .libs/read.o
mv -f .deps/common.Tpo .deps/common.Plo
/bin/sh ../libtool  --tag=CC   --mode=compile gcc -DHAVE_CONFIG_H -I. -I..     -O2 -mabi=lp64d -march=rv64gc -MT search.lo -MD -MP -MF .deps/search.Tpo -c -o search.lo search.c
mv -f .deps/keymacro.Tpo .deps/keymacro.Plo
/bin/sh ../libtool  --tag=CC   --mode=compile gcc -DHAVE_CONFIG_H -I. -I..     -O2 -mabi=lp64d -march=rv64gc -MT sig.lo -MD -MP -MF .deps/sig.Tpo -c -o sig.lo sig.c
libtool: compile:  gcc -DHAVE_CONFIG_H -I. -I.. -O2 -mabi=lp64d -march=rv64gc -MT refresh.lo -MD -MP -MF .deps/refresh.Tpo -c refresh.c  -fPIC -DPIC -o .libs/refresh.o
mv -f .deps/chared.Tpo .deps/chared.Plo
libtool: compile:  gcc -DHAVE_CONFIG_H -I. -I.. -O2 -mabi=lp64d -march=rv64gc -MT search.lo -MD -MP -MF .deps/search.Tpo -c search.c  -fPIC -DPIC -o .libs/search.o
libtool: compile:  gcc -DHAVE_CONFIG_H -I. -I.. -O2 -mabi=lp64d -march=rv64gc -MT sig.lo -MD -MP -MF .deps/sig.Tpo -c sig.c  -fPIC -DPIC -o .libs/sig.o
/bin/sh ../libtool  --tag=CC   --mode=compile gcc -DHAVE_CONFIG_H -I. -I..     -O2 -mabi=lp64d -march=rv64gc -MT terminal.lo -MD -MP -MF .deps/terminal.Tpo -c -o terminal.lo terminal.c
libtool: compile:  gcc -DHAVE_CONFIG_H -I. -I.. -O2 -mabi=lp64d -march=rv64gc -MT terminal.lo -MD -MP -MF .deps/terminal.Tpo -c terminal.c  -fPIC -DPIC -o .libs/terminal.o
mv -f .deps/prompt.Tpo .deps/prompt.Plo
/bin/sh ../libtool  --tag=CC   --mode=compile gcc -DHAVE_CONFIG_H -I. -I..     -O2 -mabi=lp64d -march=rv64gc -MT tty.lo -MD -MP -MF .deps/tty.Tpo -c -o tty.lo tty.c
mv -f .deps/parse.Tpo .deps/parse.Plo
/bin/sh ../libtool  --tag=CC   --mode=compile gcc -DHAVE_CONFIG_H -I. -I..     -O2 -mabi=lp64d -march=rv64gc -MT vi.lo -MD -MP -MF .deps/vi.Tpo -c -o vi.lo vi.c
mv -f .deps/chartype.Tpo .deps/chartype.Plo
/bin/sh ../libtool  --tag=CC   --mode=compile gcc -DHAVE_CONFIG_H -I. -I..     -O2 -mabi=lp64d -march=rv64gc -MT reallocarr.lo -MD -MP -MF .deps/reallocarr.Tpo -c -o reallocarr.lo reallocarr.c
libtool: compile:  gcc -DHAVE_CONFIG_H -I. -I.. -O2 -mabi=lp64d -march=rv64gc -MT tty.lo -MD -MP -MF .deps/tty.Tpo -c tty.c  -fPIC -DPIC -o .libs/tty.o
libtool: compile:  gcc -DHAVE_CONFIG_H -I. -I.. -O2 -mabi=lp64d -march=rv64gc -MT vi.lo -MD -MP -MF .deps/vi.Tpo -c vi.c  -fPIC -DPIC -o .libs/vi.o
libtool: compile:  gcc -DHAVE_CONFIG_H -I. -I.. -O2 -mabi=lp64d -march=rv64gc -MT reallocarr.lo -MD -MP -MF .deps/reallocarr.Tpo -c reallocarr.c  -fPIC -DPIC -o .libs/reallocarr.o
mv -f .deps/sig.Tpo .deps/sig.Plo
/bin/sh ../libtool  --tag=CC   --mode=compile gcc -DHAVE_CONFIG_H -I. -I..     -O2 -mabi=lp64d -march=rv64gc -MT wcsdup.lo -MD -MP -MF .deps/wcsdup.Tpo -c -o wcsdup.lo wcsdup.c
mv -f .deps/read.Tpo .deps/read.Plo
/bin/sh ../libtool  --tag=CC   --mode=compile gcc -DHAVE_CONFIG_H -I. -I..     -O2 -mabi=lp64d -march=rv64gc -MT tokenizer.lo -MD -MP -MF .deps/tokenizer.Tpo -c -o tokenizer.lo tokenizer.c
libtool: compile:  gcc -DHAVE_CONFIG_H -I. -I.. -O2 -mabi=lp64d -march=rv64gc -MT wcsdup.lo -MD -MP -MF .deps/wcsdup.Tpo -c wcsdup.c  -fPIC -DPIC -o .libs/wcsdup.o
libtool: compile:  gcc -DHAVE_CONFIG_H -I. -I.. -O2 -mabi=lp64d -march=rv64gc -MT tokenizer.lo -MD -MP -MF .deps/tokenizer.Tpo -c tokenizer.c  -fPIC -DPIC -o .libs/tokenizer.o
mv -f .deps/reallocarr.Tpo .deps/reallocarr.Plo
/bin/sh ../libtool  --tag=CC   --mode=compile gcc -DHAVE_CONFIG_H -I. -I..     -O2 -mabi=lp64d -march=rv64gc -MT tokenizern.lo -MD -MP -MF .deps/tokenizern.Tpo -c -o tokenizern.lo tokenizern.c
mv -f .deps/search.Tpo .deps/search.Plo
/bin/sh ../libtool  --tag=CC   --mode=compile gcc -DHAVE_CONFIG_H -I. -I..     -O2 -mabi=lp64d -march=rv64gc -MT history.lo -MD -MP -MF .deps/history.Tpo -c -o history.lo history.c
mv -f .deps/wcsdup.Tpo .deps/wcsdup.Plo
/bin/sh ../libtool  --tag=CC   --mode=compile gcc -DHAVE_CONFIG_H -I. -I..     -O2 -mabi=lp64d -march=rv64gc -MT historyn.lo -MD -MP -MF .deps/historyn.Tpo -c -o historyn.lo historyn.c
libtool: compile:  gcc -DHAVE_CONFIG_H -I. -I.. -O2 -mabi=lp64d -march=rv64gc -MT tokenizern.lo -MD -MP -MF .deps/tokenizern.Tpo -c tokenizern.c  -fPIC -DPIC -o .libs/tokenizern.o
libtool: compile:  gcc -DHAVE_CONFIG_H -I. -I.. -O2 -mabi=lp64d -march=rv64gc -MT history.lo -MD -MP -MF .deps/history.Tpo -c history.c  -fPIC -DPIC -o .libs/history.o
libtool: compile:  gcc -DHAVE_CONFIG_H -I. -I.. -O2 -mabi=lp64d -march=rv64gc -MT historyn.lo -MD -MP -MF .deps/historyn.Tpo -c historyn.c  -fPIC -DPIC -o .libs/historyn.o
mv -f .deps/refresh.Tpo .deps/refresh.Plo
/bin/sh ../libtool  --tag=CC   --mode=compile gcc -DHAVE_CONFIG_H -I. -I..     -O2 -mabi=lp64d -march=rv64gc -MT filecomplete.lo -MD -MP -MF .deps/filecomplete.Tpo -c -o filecomplete.lo filecomplete.c
libtool: compile:  gcc -DHAVE_CONFIG_H -I. -I.. -O2 -mabi=lp64d -march=rv64gc -MT filecomplete.lo -MD -MP -MF .deps/filecomplete.Tpo -c filecomplete.c  -fPIC -DPIC -o .libs/filecomplete.o
mv -f .deps/tokenizer.Tpo .deps/tokenizer.Plo
/bin/sh ../libtool  --tag=CC   --mode=compile gcc -DHAVE_CONFIG_H -I. -I..     -O2 -mabi=lp64d -march=rv64gc -MT readline.lo -MD -MP -MF .deps/readline.Tpo -c -o readline.lo readline.c
mv -f .deps/tty.Tpo .deps/tty.Plo
/bin/sh ../libtool  --tag=CC   --mode=compile gcc -DHAVE_CONFIG_H -I. -I..     -O2 -mabi=lp64d -march=rv64gc -MT literal.lo -MD -MP -MF .deps/literal.Tpo -c -o literal.lo literal.c
mv -f .deps/vi.Tpo .deps/vi.Plo
/bin/sh ../libtool  --tag=CC   --mode=compile gcc -DHAVE_CONFIG_H -I. -I..     -O2 -mabi=lp64d -march=rv64gc -MT strlcpy.lo -MD -MP -MF .deps/strlcpy.Tpo -c -o strlcpy.lo strlcpy.c
libtool: compile:  gcc -DHAVE_CONFIG_H -I. -I.. -O2 -mabi=lp64d -march=rv64gc -MT readline.lo -MD -MP -MF .deps/readline.Tpo -c readline.c  -fPIC -DPIC -o .libs/readline.o
libtool: compile:  gcc -DHAVE_CONFIG_H -I. -I.. -O2 -mabi=lp64d -march=rv64gc -MT literal.lo -MD -MP -MF .deps/literal.Tpo -c literal.c  -fPIC -DPIC -o .libs/literal.o
mv -f .deps/tokenizern.Tpo .deps/tokenizern.Plo
/bin/sh ../libtool  --tag=CC   --mode=compile gcc -DHAVE_CONFIG_H -I. -I..     -O2 -mabi=lp64d -march=rv64gc -MT strlcat.lo -MD -MP -MF .deps/strlcat.Tpo -c -o strlcat.lo strlcat.c
libtool: compile:  gcc -DHAVE_CONFIG_H -I. -I.. -O2 -mabi=lp64d -march=rv64gc -MT strlcpy.lo -MD -MP -MF .deps/strlcpy.Tpo -c strlcpy.c  -fPIC -DPIC -o .libs/strlcpy.o
libtool: compile:  gcc -DHAVE_CONFIG_H -I. -I.. -O2 -mabi=lp64d -march=rv64gc -MT strlcat.lo -MD -MP -MF .deps/strlcat.Tpo -c strlcat.c  -fPIC -DPIC -o .libs/strlcat.o
mv -f .deps/terminal.Tpo .deps/terminal.Plo
/bin/sh ../libtool  --tag=CC   --mode=compile gcc -DHAVE_CONFIG_H -I. -I..     -O2 -mabi=lp64d -march=rv64gc -MT vis.lo -MD -MP -MF .deps/vis.Tpo -c -o vis.lo vis.c
libtool: compile:  gcc -DHAVE_CONFIG_H -I. -I.. -O2 -mabi=lp64d -march=rv64gc -MT vis.lo -MD -MP -MF .deps/vis.Tpo -c vis.c  -fPIC -DPIC -o .libs/vis.o
mv -f .deps/history.Tpo .deps/history.Plo
mv -f .deps/strlcpy.Tpo .deps/strlcpy.Plo
/bin/sh ../libtool  --tag=CC   --mode=compile gcc -DHAVE_CONFIG_H -I. -I..     -O2 -mabi=lp64d -march=rv64gc -MT unvis.lo -MD -MP -MF .deps/unvis.Tpo -c -o unvis.lo unvis.c
mv -f .deps/historyn.Tpo .deps/historyn.Plo
mv -f .deps/literal.Tpo .deps/literal.Plo
libtool: compile:  gcc -DHAVE_CONFIG_H -I. -I.. -O2 -mabi=lp64d -march=rv64gc -MT unvis.lo -MD -MP -MF .deps/unvis.Tpo -c unvis.c  -fPIC -DPIC -o .libs/unvis.o
mv -f .deps/strlcat.Tpo .deps/strlcat.Plo
mv -f .deps/filecomplete.Tpo .deps/filecomplete.Plo
mv -f .deps/unvis.Tpo .deps/unvis.Plo
mv -f .deps/vis.Tpo .deps/vis.Plo
mv -f .deps/readline.Tpo .deps/readline.Plo
/bin/sh ../libtool  --tag=CC   --mode=link gcc  -O2 -mabi=lp64d -march=rv64gc -no-undefined -version-info 0:70:0  -o libedit.la -rpath /usr/lib chared.lo common.lo el.lo eln.lo emacs.lo hist.lo keymacro.lo map.lo chartype.lo parse.lo prompt.lo read.lo refresh.lo search.lo sig.lo terminal.lo tty.lo vi.lo reallocarr.lo wcsdup.lo tokenizer.lo tokenizern.lo history.lo historyn.lo filecomplete.lo readline.lo literal.lo strlcpy.lo strlcat.lo  vis.lo unvis.lo   -ltinfo 
libtool: link: gcc -shared  -fPIC -DPIC  .libs/chared.o .libs/common.o .libs/el.o .libs/eln.o .libs/emacs.o .libs/hist.o .libs/keymacro.o .libs/map.o .libs/chartype.o .libs/parse.o .libs/prompt.o .libs/read.o .libs/refresh.o .libs/search.o .libs/sig.o .libs/terminal.o .libs/tty.o .libs/vi.o .libs/reallocarr.o .libs/wcsdup.o .libs/tokenizer.o .libs/tokenizern.o .libs/history.o .libs/historyn.o .libs/filecomplete.o .libs/readline.o .libs/literal.o .libs/strlcpy.o .libs/strlcat.o .libs/vis.o .libs/unvis.o   -ltinfo  -O2 -mabi=lp64d -march=rv64gc   -Wl,-soname -Wl,libedit.so.0 -o .libs/libedit.so.0.0.70
libtool: link: (cd ".libs" && rm -f "libedit.so.0" && ln -s "libedit.so.0.0.70" "libedit.so.0")
libtool: link: (cd ".libs" && rm -f "libedit.so" && ln -s "libedit.so.0.0.70" "libedit.so")
libtool: link: ( cd ".libs" && rm -f "libedit.la" && ln -s "../libedit.la" "libedit.la" )
make[3]: Leaving directory '/home/devel/building/work/src/libedit-20221030-3.1/src'
make[2]: Leaving directory '/home/devel/building/work/src/libedit-20221030-3.1/src'
Making all in examples
make[2]: Entering directory '/home/devel/building/work/src/libedit-20221030-3.1/examples'
gcc -DHAVE_CONFIG_H -I. -I..    -I../src -O2 -mabi=lp64d -march=rv64gc -MT tc1.o -MD -MP -MF .deps/tc1.Tpo -c -o tc1.o tc1.c
gcc -DHAVE_CONFIG_H -I. -I..    -I../src -O2 -mabi=lp64d -march=rv64gc -MT fileman.o -MD -MP -MF .deps/fileman.Tpo -c -o fileman.o fileman.c
gcc -DHAVE_CONFIG_H -I. -I..    -I../src -O2 -mabi=lp64d -march=rv64gc -MT wtc1.o -MD -MP -MF .deps/wtc1.Tpo -c -o wtc1.o wtc1.c
mv -f .deps/tc1.Tpo .deps/tc1.Po
/bin/sh ../libtool  --tag=CC   --mode=link gcc -I../src -O2 -mabi=lp64d -march=rv64gc   -o tc1 tc1.o ../src/libedit.la -ltinfo 
mv -f .deps/wtc1.Tpo .deps/wtc1.Po
/bin/sh ../libtool  --tag=CC   --mode=link gcc -I../src -O2 -mabi=lp64d -march=rv64gc   -o wtc1 wtc1.o ../src/libedit.la -ltinfo 
mv -f .deps/fileman.Tpo .deps/fileman.Po
/bin/sh ../libtool  --tag=CC   --mode=link gcc -I../src -O2 -mabi=lp64d -march=rv64gc   -o fileman fileman.o ../src/libedit.la -ltinfo 
libtool: link: gcc -I../src -O2 -mabi=lp64d -march=rv64gc -o .libs/tc1 tc1.o  ../src/.libs/libedit.so -ltinfo
libtool: link: gcc -I../src -O2 -mabi=lp64d -march=rv64gc -o .libs/wtc1 wtc1.o  ../src/.libs/libedit.so -ltinfo
libtool: link: gcc -I../src -O2 -mabi=lp64d -march=rv64gc -o .libs/fileman fileman.o  ../src/.libs/libedit.so -ltinfo
make[2]: Leaving directory '/home/devel/building/work/src/libedit-20221030-3.1/examples'
Making all in doc
make[2]: Entering directory '/home/devel/building/work/src/libedit-20221030-3.1/doc'
make[2]: Leaving directory '/home/devel/building/work/src/libedit-20221030-3.1/doc'
make[2]: Entering directory '/home/devel/building/work/src/libedit-20221030-3.1'
make[2]: Leaving directory '/home/devel/building/work/src/libedit-20221030-3.1'
make[1]: Leaving directory '/home/devel/building/work/src/libedit-20221030-3.1'
+ make DESTDIR=/home/devel/building/work/pkg install
Making install in src
make[1]: Entering directory '/home/devel/building/work/src/libedit-20221030-3.1/src'
/usr/bin/make  install-am
make[2]: Entering directory '/home/devel/building/work/src/libedit-20221030-3.1/src'
make[3]: Entering directory '/home/devel/building/work/src/libedit-20221030-3.1/src'
 /bin/mkdir -p '/home/devel/building/work/pkg/usr/lib'
 /bin/mkdir -p '/home/devel/building/work/pkg/usr/include'
 /bin/sh ../libtool   --mode=install /usr/bin/install -c   libedit.la '/home/devel/building/work/pkg/usr/lib'
 /usr/bin/install -c -m 644  histedit.h '/home/devel/building/work/pkg/usr/include/.'
 /bin/mkdir -p '/home/devel/building/work/pkg/usr/include/editline'
 /usr/bin/install -c -m 644  editline/readline.h '/home/devel/building/work/pkg/usr/include/editline'
libtool: install: /usr/bin/install -c .libs/libedit.so.0.0.70 /home/devel/building/work/pkg/usr/lib/libedit.so.0.0.70
libtool: install: (cd /home/devel/building/work/pkg/usr/lib && { ln -s -f libedit.so.0.0.70 libedit.so.0 || { rm -f libedit.so.0 && ln -s libedit.so.0.0.70 libedit.so.0; }; })
libtool: install: (cd /home/devel/building/work/pkg/usr/lib && { ln -s -f libedit.so.0.0.70 libedit.so || { rm -f libedit.so && ln -s libedit.so.0.0.70 libedit.so; }; })
libtool: install: /usr/bin/install -c .libs/libedit.lai /home/devel/building/work/pkg/usr/lib/libedit.la
libtool: warning: remember to run 'libtool --finish /usr/lib'
make[3]: Leaving directory '/home/devel/building/work/src/libedit-20221030-3.1/src'
make[2]: Leaving directory '/home/devel/building/work/src/libedit-20221030-3.1/src'
make[1]: Leaving directory '/home/devel/building/work/src/libedit-20221030-3.1/src'
Making install in examples
make[1]: Entering directory '/home/devel/building/work/src/libedit-20221030-3.1/examples'
make[2]: Entering directory '/home/devel/building/work/src/libedit-20221030-3.1/examples'
make[2]: Nothing to be done for 'install-exec-am'.
make[2]: Nothing to be done for 'install-data-am'.
make[2]: Leaving directory '/home/devel/building/work/src/libedit-20221030-3.1/examples'
make[1]: Leaving directory '/home/devel/building/work/src/libedit-20221030-3.1/examples'
Making install in doc
make[1]: Entering directory '/home/devel/building/work/src/libedit-20221030-3.1/doc'
make[2]: Entering directory '/home/devel/building/work/src/libedit-20221030-3.1/doc'
make[2]: Nothing to be done for 'install-exec-am'.
 /bin/mkdir -p '/home/devel/building/work/pkg/usr/share/man/man3'
 /bin/mkdir -p '/home/devel/building/work/pkg/usr/share/man/man5'
 /bin/mkdir -p '/home/devel/building/work/pkg/usr/share/man/man7'
 /usr/bin/install -c -m 644 editline.3 '/home/devel/building/work/pkg/usr/share/man/man3'
 /usr/bin/install -c -m 644 editrc.5 '/home/devel/building/work/pkg/usr/share/man/man5'
 /usr/bin/install -c -m 644 editline.7 '/home/devel/building/work/pkg/usr/share/man/man7'
/usr/bin/make  install-data-hook
make[3]: Entering directory '/home/devel/building/work/src/libedit-20221030-3.1/doc'
(cd /home/devel/building/work/pkg/usr/share/man/man3 && rm -f el_deletestr.3 && ln -s editline.3 el_deletestr.3)
(cd /home/devel/building/work/pkg/usr/share/man/man3 && rm -f el_end.3 && ln -s editline.3 el_end.3)
(cd /home/devel/building/work/pkg/usr/share/man/man3 && rm -f el_get.3 && ln -s editline.3 el_get.3)
(cd /home/devel/building/work/pkg/usr/share/man/man3 && rm -f el_getc.3 && ln -s editline.3 el_getc.3)
(cd /home/devel/building/work/pkg/usr/share/man/man3 && rm -f el_gets.3 && ln -s editline.3 el_gets.3)
(cd /home/devel/building/work/pkg/usr/share/man/man3 && rm -f el_init.3 && ln -s editline.3 el_init.3)
(cd /home/devel/building/work/pkg/usr/share/man/man3 && rm -f el_init_fd.3 && ln -s editline.3 el_init_fd.3)
(cd /home/devel/building/work/pkg/usr/share/man/man3 && rm -f el_insertstr.3 && ln -s editline.3 el_insertstr.3)
(cd /home/devel/building/work/pkg/usr/share/man/man3 && rm -f el_line.3 && ln -s editline.3 el_line.3)
(cd /home/devel/building/work/pkg/usr/share/man/man3 && rm -f el_parse.3 && ln -s editline.3 el_parse.3)
(cd /home/devel/building/work/pkg/usr/share/man/man3 && rm -f el_push.3 && ln -s editline.3 el_push.3)
(cd /home/devel/building/work/pkg/usr/share/man/man3 && rm -f el_reset.3 && ln -s editline.3 el_reset.3)
(cd /home/devel/building/work/pkg/usr/share/man/man3 && rm -f el_resize.3 && ln -s editline.3 el_resize.3)
(cd /home/devel/building/work/pkg/usr/share/man/man3 && rm -f el_set.3 && ln -s editline.3 el_set.3)
(cd /home/devel/building/work/pkg/usr/share/man/man3 && rm -f el_source.3 && ln -s editline.3 el_source.3)
(cd /home/devel/building/work/pkg/usr/share/man/man3 && rm -f history.3 && ln -s editline.3 history.3)
(cd /home/devel/building/work/pkg/usr/share/man/man3 && rm -f history_end.3 && ln -s editline.3 history_end.3)
(cd /home/devel/building/work/pkg/usr/share/man/man3 && rm -f history_init.3 && ln -s editline.3 history_init.3)
(cd /home/devel/building/work/pkg/usr/share/man/man3 && rm -f tok_end.3 && ln -s editline.3 tok_end.3)
(cd /home/devel/building/work/pkg/usr/share/man/man3 && rm -f tok_init.3 && ln -s editline.3 tok_init.3)
(cd /home/devel/building/work/pkg/usr/share/man/man3 && rm -f tok_line.3 && ln -s editline.3 tok_line.3)
(cd /home/devel/building/work/pkg/usr/share/man/man3 && rm -f tok_reset.3 && ln -s editline.3 tok_reset.3)
(cd /home/devel/building/work/pkg/usr/share/man/man3 && rm -f tok_str.3 && ln -s editline.3 tok_str.3)
(cd /home/devel/building/work/pkg/usr/share/man/man3 && rm -f el_wdeletestr.3 && ln -s editline.3 el_wdeletestr.3)
(cd /home/devel/building/work/pkg/usr/share/man/man3 && rm -f el_wget.3 && ln -s editline.3 el_wget.3)
(cd /home/devel/building/work/pkg/usr/share/man/man3 && rm -f el_wgetc.3 && ln -s editline.3 el_wgetc.3)
(cd /home/devel/building/work/pkg/usr/share/man/man3 && rm -f el_wgets.3 && ln -s editline.3 el_wgets.3)
(cd /home/devel/building/work/pkg/usr/share/man/man3 && rm -f el_winsertstr.3 && ln -s editline.3 el_winsertstr.3)
(cd /home/devel/building/work/pkg/usr/share/man/man3 && rm -f el_wline.3 && ln -s editline.3 el_wline.3)
(cd /home/devel/building/work/pkg/usr/share/man/man3 && rm -f el_wparse.3 && ln -s editline.3 el_wparse.3)
(cd /home/devel/building/work/pkg/usr/share/man/man3 && rm -f el_wpush.3 && ln -s editline.3 el_wpush.3)
(cd /home/devel/building/work/pkg/usr/share/man/man3 && rm -f el_wset.3 && ln -s editline.3 el_wset.3)
(cd /home/devel/building/work/pkg/usr/share/man/man3 && rm -f history_w.3 && ln -s editline.3 history_w.3)
(cd /home/devel/building/work/pkg/usr/share/man/man3 && rm -f history_wend.3 && ln -s editline.3 history_wend.3)
(cd /home/devel/building/work/pkg/usr/share/man/man3 && rm -f history_winit.3 && ln -s editline.3 history_winit.3)
(cd /home/devel/building/work/pkg/usr/share/man/man3 && rm -f tok_wend.3 && ln -s editline.3 tok_wend.3)
(cd /home/devel/building/work/pkg/usr/share/man/man3 && rm -f tok_winit.3 && ln -s editline.3 tok_winit.3)
(cd /home/devel/building/work/pkg/usr/share/man/man3 && rm -f tok_wline.3 && ln -s editline.3 tok_wline.3)
(cd /home/devel/building/work/pkg/usr/share/man/man3 && rm -f tok_wreset.3 && ln -s editline.3 tok_wreset.3)
(cd /home/devel/building/work/pkg/usr/share/man/man3 && rm -f tok_wstr.3 && ln -s editline.3 tok_wstr.3)
make[3]: Leaving directory '/home/devel/building/work/src/libedit-20221030-3.1/doc'
make[2]: Leaving directory '/home/devel/building/work/src/libedit-20221030-3.1/doc'
make[1]: Leaving directory '/home/devel/building/work/src/libedit-20221030-3.1/doc'
make[1]: Entering directory '/home/devel/building/work/src/libedit-20221030-3.1'
make[2]: Entering directory '/home/devel/building/work/src/libedit-20221030-3.1'
make[2]: Nothing to be done for 'install-exec-am'.
 /bin/mkdir -p '/home/devel/building/work/pkg/usr/lib/pkgconfig'
 /usr/bin/install -c -m 644 libedit.pc '/home/devel/building/work/pkg/usr/lib/pkgconfig'
make[2]: Leaving directory '/home/devel/building/work/src/libedit-20221030-3.1'
make[1]: Leaving directory '/home/devel/building/work/src/libedit-20221030-3.1'
+ ln -s editline.3 /home/devel/building/work/pkg/usr/share/man/man3/el.3
+ rm /home/devel/building/work/pkg/usr/share/man/man3/history.3
+ find /home/devel/building/work/pkg -type f -name '*.la' -delete
=======> Build result:
drwxr-xr-x  0 root   root        0 Feb 21 19:34 usr/
drwxr-xr-x  0 root   root        0 Feb 21 19:34 usr/share/
drwxr-xr-x  0 root   root        0 Feb 21 19:34 usr/include/
drwxr-xr-x  0 root   root        0 Feb 21 19:34 usr/lib/
drwxr-xr-x  0 root   root        0 Feb 21 19:34 usr/lib/pkgconfig/
lrwxrwxrwx  0 root   root        0 Feb 21 19:34 usr/lib/libedit.so -> libedit.so.0.0.70
lrwxrwxrwx  0 root   root        0 Feb 21 19:34 usr/lib/libedit.so.0 -> libedit.so.0.0.70
-rwxr-xr-x  0 root   root   188336 Feb 21 19:34 usr/lib/libedit.so.0.0.70
-rw-r--r--  0 root   root      334 Feb 21 19:34 usr/lib/pkgconfig/libedit.pc
drwxr-xr-x  0 root   root        0 Feb 21 19:34 usr/include/editline/
-rw-r--r--  0 root   root     9587 Feb 21 19:34 usr/include/histedit.h
-rw-r--r--  0 root   root     9195 Feb 21 19:34 usr/include/editline/readline.h
drwxr-xr-x  0 root   root        0 Feb 21 19:34 usr/share/man/
drwxr-xr-x  0 root   root        0 Feb 21 19:34 usr/share/man/man7/
drwxr-xr-x  0 root   root        0 Feb 21 19:34 usr/share/man/man5/
drwxr-xr-x  0 root   root        0 Feb 21 19:34 usr/share/man/man3/
lrwxrwxrwx  0 root   root        0 Feb 21 19:34 usr/share/man/man3/el_get.3.gz -> editline.3.gz
lrwxrwxrwx  0 root   root        0 Feb 21 19:34 usr/share/man/man3/el_getc.3.gz -> editline.3.gz
lrwxrwxrwx  0 root   root        0 Feb 21 19:34 usr/share/man/man3/el_gets.3.gz -> editline.3.gz
lrwxrwxrwx  0 root   root        0 Feb 21 19:34 usr/share/man/man3/el_end.3.gz -> editline.3.gz
lrwxrwxrwx  0 root   root        0 Feb 21 19:34 usr/share/man/man3/el_init.3.gz -> editline.3.gz
lrwxrwxrwx  0 root   root        0 Feb 21 19:34 usr/share/man/man3/el_deletestr.3.gz -> editline.3.gz
lrwxrwxrwx  0 root   root        0 Feb 21 19:34 usr/share/man/man3/el_init_fd.3.gz -> editline.3.gz
lrwxrwxrwx  0 root   root        0 Feb 21 19:34 usr/share/man/man3/el_insertstr.3.gz -> editline.3.gz
lrwxrwxrwx  0 root   root        0 Feb 21 19:34 usr/share/man/man3/el_line.3.gz -> editline.3.gz
lrwxrwxrwx  0 root   root        0 Feb 21 19:34 usr/share/man/man3/el_parse.3.gz -> editline.3.gz
lrwxrwxrwx  0 root   root        0 Feb 21 19:34 usr/share/man/man3/el_push.3.gz -> editline.3.gz
lrwxrwxrwx  0 root   root        0 Feb 21 19:34 usr/share/man/man3/el_set.3.gz -> editline.3.gz
lrwxrwxrwx  0 root   root        0 Feb 21 19:34 usr/share/man/man3/el_resize.3.gz -> editline.3.gz
lrwxrwxrwx  0 root   root        0 Feb 21 19:34 usr/share/man/man3/el_source.3.gz -> editline.3.gz
lrwxrwxrwx  0 root   root        0 Feb 21 19:34 usr/share/man/man3/el_reset.3.gz -> editline.3.gz
lrwxrwxrwx  0 root   root        0 Feb 21 19:34 usr/share/man/man3/history_end.3.gz -> editline.3.gz
lrwxrwxrwx  0 root   root        0 Feb 21 19:34 usr/share/man/man3/history_init.3.gz -> editline.3.gz
lrwxrwxrwx  0 root   root        0 Feb 21 19:34 usr/share/man/man3/tok_end.3.gz -> editline.3.gz
lrwxrwxrwx  0 root   root        0 Feb 21 19:34 usr/share/man/man3/tok_reset.3.gz -> editline.3.gz
lrwxrwxrwx  0 root   root        0 Feb 21 19:34 usr/share/man/man3/tok_str.3.gz -> editline.3.gz
lrwxrwxrwx  0 root   root        0 Feb 21 19:34 usr/share/man/man3/tok_init.3.gz -> editline.3.gz
lrwxrwxrwx  0 root   root        0 Feb 21 19:34 usr/share/man/man3/el_wdeletestr.3.gz -> editline.3.gz
lrwxrwxrwx  0 root   root        0 Feb 21 19:34 usr/share/man/man3/tok_line.3.gz -> editline.3.gz
lrwxrwxrwx  0 root   root        0 Feb 21 19:34 usr/share/man/man3/el_wget.3.gz -> editline.3.gz
lrwxrwxrwx  0 root   root        0 Feb 21 19:34 usr/share/man/man3/el_wgetc.3.gz -> editline.3.gz
lrwxrwxrwx  0 root   root        0 Feb 21 19:34 usr/share/man/man3/el_wgets.3.gz -> editline.3.gz
lrwxrwxrwx  0 root   root        0 Feb 21 19:34 usr/share/man/man3/el_wline.3.gz -> editline.3.gz
lrwxrwxrwx  0 root   root        0 Feb 21 19:34 usr/share/man/man3/el_winsertstr.3.gz -> editline.3.gz
lrwxrwxrwx  0 root   root        0 Feb 21 19:34 usr/share/man/man3/el_wparse.3.gz -> editline.3.gz
lrwxrwxrwx  0 root   root        0 Feb 21 19:34 usr/share/man/man3/el_wset.3.gz -> editline.3.gz
lrwxrwxrwx  0 root   root        0 Feb 21 19:34 usr/share/man/man3/el_wpush.3.gz -> editline.3.gz
lrwxrwxrwx  0 root   root        0 Feb 21 19:34 usr/share/man/man3/history_w.3.gz -> editline.3.gz
lrwxrwxrwx  0 root   root        0 Feb 21 19:34 usr/share/man/man3/history_wend.3.gz -> editline.3.gz
lrwxrwxrwx  0 root   root        0 Feb 21 19:34 usr/share/man/man3/history_winit.3.gz -> editline.3.gz
lrwxrwxrwx  0 root   root        0 Feb 21 19:34 usr/share/man/man3/tok_wend.3.gz -> editline.3.gz
lrwxrwxrwx  0 root   root        0 Feb 21 19:34 usr/share/man/man3/tok_winit.3.gz -> editline.3.gz
lrwxrwxrwx  0 root   root        0 Feb 21 19:34 usr/share/man/man3/tok_wline.3.gz -> editline.3.gz
lrwxrwxrwx  0 root   root        0 Feb 21 19:34 usr/share/man/man3/tok_wreset.3.gz -> editline.3.gz
lrwxrwxrwx  0 root   root        0 Feb 21 19:34 usr/share/man/man3/tok_wstr.3.gz -> editline.3.gz
lrwxrwxrwx  0 root   root        0 Feb 21 19:34 usr/share/man/man3/el.3.gz -> editline.3.gz
-rw-r--r--  0 root   root     7687 Feb 21 19:34 usr/share/man/man3/editline.3.gz
-rw-r--r--  0 root   root     3121 Feb 21 19:34 usr/share/man/man5/editrc.5.gz
-rw-r--r--  0 root   root     7666 Feb 21 19:34 usr/share/man/man7/editline.7.gz
=======> Building '/home/devel/packages/libedit#20221030_3.1-1.riscv64.pkg.tar.zst' succeeded.
prt-get: Using PKGMK_PACKAGE_DIR: /home/devel/packages
prt-get: reinstalling libedit 20221030_3.1-1
prt-get: /usr/bin/pkgadd -u libedit#20221030_3.1-1.riscv64.pkg.tar.zst
prt-get: build done Tue Feb 21 19:34:35 2023

