prt-get: updating /usr/ports/core-riscv64/psmisc
prt-get: starting build Tue Feb 21 21:48:59 2023
=======> Building '/home/devel/packages/psmisc#23.6-1.riscv64.pkg.tar.zst'.
bsdtar -p -o -C /home/devel/building/work/src -xf /home/devel/sources/psmisc-23.6.tar.xz
+ build
+ cd psmisc-23.6
+ export 'LINGUAS= '
+ LINGUAS=' '
+ ./configure --prefix=/usr --disable-nls
checking for a BSD-compatible install... /usr/bin/install -c
checking whether build environment is sane... yes
checking for a race-free mkdir -p... /bin/mkdir -p
checking for gawk... gawk
checking whether make sets $(MAKE)... yes
checking whether make supports nested variables... yes
checking how to create a pax tar archive... gnutar
checking whether make supports nested variables... (cached) yes
checking whether make supports the include directive... yes (GNU style)
checking for gcc... gcc
checking whether the C compiler works... yes
checking for C compiler default output file name... a.out
checking for suffix of executables... 
checking whether we are cross compiling... no
checking for suffix of object files... o
checking whether the compiler supports GNU C... yes
checking whether gcc accepts -g... yes
checking for gcc option to enable C11 features... none needed
checking whether gcc understands -c and -o together... yes
checking dependency style of gcc... gcc3
checking for stdio.h... yes
checking for stdlib.h... yes
checking for string.h... yes
checking for inttypes.h... yes
checking for stdint.h... yes
checking for strings.h... yes
checking for sys/stat.h... yes
checking for sys/types.h... yes
checking for unistd.h... yes
checking for wchar.h... yes
checking for minix/config.h... no
checking whether it is safe to define __EXTENSIONS__... yes
checking whether _XOPEN_SOURCE should be defined... no
checking for g++... g++
checking whether the compiler supports GNU C++... yes
checking whether g++ accepts -g... yes
checking for g++ option to enable C++11 features... none needed
checking dependency style of g++... gcc3
checking whether ln -s works... yes
checking for gcc... (cached) gcc
checking whether the compiler supports GNU C... (cached) yes
checking whether gcc accepts -g... (cached) yes
checking for gcc option to enable C11 features... (cached) none needed
checking whether gcc understands -c and -o together... (cached) yes
checking dependency style of gcc... (cached) gcc3
checking whether NLS is requested... no
checking for po4a... no
checking for sys/syscall.h... yes
checking for gcc options needed to detect all undeclared functions... none needed
checking whether SYS_statx is declared... yes
checking for statx... yes
checking for tgetent in -ltinfo... yes
checking for dirent.h that defines DIR... yes
checking for library containing opendir... none required
checking for sys/wait.h that is POSIX.1 compatible... yes
checking for arpa/inet.h... yes
checking for fcntl.h... yes
checking for langinfo.h... yes
checking for libintl.h... yes
checking for limits.h... yes
checking for locale.h... yes
checking for mntent.h... yes
checking for netdb.h... yes
checking for netinet/in.h... yes
checking for stdlib.h... (cached) yes
checking for string.h... (cached) yes
checking for sys/ioctl.h... yes
checking for sys/socket.h... yes
checking for termios.h... yes
checking for unistd.h... (cached) yes
checking for an ANSI C-conforming const... yes
checking for pid_t... yes
checking for size_t... yes
checking for struct stat.st_rdev... yes
checking how to run the C preprocessor... gcc -E
checking for grep that handles long lines and -e... /usr/bin/grep
checking for egrep... /usr/bin/grep -E
checking for uid_t in sys/types.h... yes
checking compiler supports harden flags... yes
checking for a sed that does not truncate output... /bin/sed
checking for msgfmt... /usr/bin/msgfmt
checking for gmsgfmt... /usr/bin/msgfmt
checking for xgettext... /usr/bin/xgettext
checking for msgmerge... /usr/bin/msgmerge
checking build system type... riscv64-unknown-linux-gnu
checking host system type... riscv64-unknown-linux-gnu
checking for ld used by gcc... /usr/bin/ld
checking if the linker (/usr/bin/ld) is GNU ld... yes
checking for shared library run path origin... done
checking for CFPreferencesCopyAppValue... no
checking for CFLocaleCopyCurrent... no
checking whether to use NLS... no
checking for struct user_regs_struct.orig_eax... no
checking for struct user_regs_struct.eax... no
checking for struct user_regs_struct.ebx... no
checking for struct user_regs_struct.ecx... no
checking for struct user_regs_struct.edx... no
checking for struct user_regs_struct.orig_rax... no
checking for struct user_regs_struct.rax... no
checking for struct user_regs_struct.rdi... no
checking for struct user_regs_struct.rsi... no
checking for struct user_regs_struct.rdx... no
checking for struct pt_regs.orig_gpr3... no
checking for struct pt_regs.gpr... no
checking for struct pt_regs.uregs... no
checking for struct user_pt_regs.regs... no
checking for struct pt_regs.regs... no
checking for struct pt_regs.cp0_status... no
checking for struct pt_regs.orig_d0... no
checking for struct pt_regs.d0... no
checking whether closedir returns void... no
checking for library containing getmntent... none required
checking whether gcc needs -traditional... no
checking whether lstat correctly handles trailing slash... yes
checking whether lstat accepts an empty string... no
checking whether lstat correctly handles trailing slash... (cached) yes
checking for GNU libc compatible malloc... yes
checking for working memcmp... yes
checking for GNU libc compatible realloc... yes
checking whether stat accepts an empty string... no
checking for atexit... yes
checking for getmntent... (cached) yes
checking for memset... yes
checking for nl_langinfo... yes
checking for rawmemchr... yes
checking for regcomp... yes
checking for rpmatch... yes
checking for setlocale... yes
checking for socket... yes
checking for strcasecmp... yes
checking for strchr... yes
checking for strdup... yes
checking for strerror... yes
checking for strpbrk... yes
checking for strrchr... yes
checking for strtoul... yes
checking for special C compiler options needed for large files... no
checking for _FILE_OFFSET_BITS value needed for large files... no
checking that generated files are newer than configure... done
configure: creating ./config.status
config.status: creating Makefile
config.status: creating doc/Makefile
config.status: creating icons/Makefile
config.status: creating po/Makefile.in
config.status: creating man-po/Makefile
config.status: creating testsuite/Makefile
config.status: creating config.h
config.status: executing depfiles commands
config.status: executing po-directories commands
config.status: creating po/POTFILES
config.status: creating po/Makefile
+ make V=1
echo 23.6 > .version-t && mv .version-t .version
export LC_ALL=C ; \
	gcc -E  -dM src/signames.c |\
	tr -s '\t ' ' ' | sort -n -k 3 | sed \
's:#define SIG\([A-Z][A-Z]*[0-9]*\) \([0-9][0-9]*\).*:{\ \2,"\1" },:p;d' | \
	  grep -v '[0-9][0-9][0-9]' >src/signames.h || \
	  { rm -f src/signames.h; exit 1; }
grep '^{ 1,"HUP" },$' src/signames.h >/dev/null || \
	  { rm -f src/signames.h; exit 1; }
/usr/bin/make  all-recursive
make[1]: Entering directory '/home/devel/building/work/src/psmisc-23.6'
Making all in doc
make[2]: Entering directory '/home/devel/building/work/src/psmisc-23.6/doc'
make[2]: Nothing to be done for 'all'.
make[2]: Leaving directory '/home/devel/building/work/src/psmisc-23.6/doc'
Making all in po
make[2]: Entering directory '/home/devel/building/work/src/psmisc-23.6/po'
make[2]: Nothing to be done for 'all'.
make[2]: Leaving directory '/home/devel/building/work/src/psmisc-23.6/po'
Making all in icons
make[2]: Entering directory '/home/devel/building/work/src/psmisc-23.6/icons'
make[2]: Nothing to be done for 'all'.
make[2]: Leaving directory '/home/devel/building/work/src/psmisc-23.6/icons'
Making all in man-po
make[2]: Entering directory '/home/devel/building/work/src/psmisc-23.6/man-po'
make[2]: Nothing to be done for 'all'.
make[2]: Leaving directory '/home/devel/building/work/src/psmisc-23.6/man-po'
Making all in testsuite
make[2]: Entering directory '/home/devel/building/work/src/psmisc-23.6/testsuite'
make[2]: Nothing to be done for 'all'.
make[2]: Leaving directory '/home/devel/building/work/src/psmisc-23.6/testsuite'
make[2]: Entering directory '/home/devel/building/work/src/psmisc-23.6'
depbase=`echo src/killall.o | sed 's|[^/]*$|.deps/&|;s|\.o$||'`;\
gcc -DHAVE_CONFIG_H -I.  -Wall -DLOCALEDIR=\"/usr/share/locale\" -I./src -g -O2 -fstack-protector-strong -Wformat -Werror=format-security          -O2 -mabi=lp64d -march=rv64gc -MT src/killall.o -MD -MP -MF $depbase.Tpo -c -o src/killall.o src/killall.c &&\
mv -f $depbase.Tpo $depbase.Po
depbase=`echo src/signals.o | sed 's|[^/]*$|.deps/&|;s|\.o$||'`;\
gcc -DHAVE_CONFIG_H -I.  -Wall -DLOCALEDIR=\"/usr/share/locale\" -I./src -g -O2 -fstack-protector-strong -Wformat -Werror=format-security          -O2 -mabi=lp64d -march=rv64gc -MT src/signals.o -MD -MP -MF $depbase.Tpo -c -o src/signals.o src/signals.c &&\
mv -f $depbase.Tpo $depbase.Po
depbase=`echo src/pslog.o | sed 's|[^/]*$|.deps/&|;s|\.o$||'`;\
gcc -DHAVE_CONFIG_H -I.  -Wall -DLOCALEDIR=\"/usr/share/locale\" -I./src -g -O2 -fstack-protector-strong -Wformat -Werror=format-security          -O2 -mabi=lp64d -march=rv64gc -MT src/pslog.o -MD -MP -MF $depbase.Tpo -c -o src/pslog.o src/pslog.c &&\
mv -f $depbase.Tpo $depbase.Po
depbase=`echo src/prtstat.o | sed 's|[^/]*$|.deps/&|;s|\.o$||'`;\
gcc -DHAVE_CONFIG_H -I.  -Wall -DLOCALEDIR=\"/usr/share/locale\" -I./src -g -O2 -fstack-protector-strong -Wformat -Werror=format-security          -O2 -mabi=lp64d -march=rv64gc -MT src/prtstat.o -MD -MP -MF $depbase.Tpo -c -o src/prtstat.o src/prtstat.c &&\
mv -f $depbase.Tpo $depbase.Po
depbase=`echo src/pstree.o | sed 's|[^/]*$|.deps/&|;s|\.o$||'`;\
gcc -DHAVE_CONFIG_H -I.  -Wall -DLOCALEDIR=\"/usr/share/locale\" -I./src -g -O2 -fstack-protector-strong -Wformat -Werror=format-security          -O2 -mabi=lp64d -march=rv64gc -MT src/pstree.o -MD -MP -MF $depbase.Tpo -c -o src/pstree.o src/pstree.c &&\
mv -f $depbase.Tpo $depbase.Po
depbase=`echo src/fuser.o | sed 's|[^/]*$|.deps/&|;s|\.o$||'`;\
gcc -DHAVE_CONFIG_H -I.  -Wall -DLOCALEDIR=\"/usr/share/locale\" -I./src -g -O2 -fstack-protector-strong -Wformat -Werror=format-security          -O2 -mabi=lp64d -march=rv64gc -MT src/fuser.o -MD -MP -MF $depbase.Tpo -c -o src/fuser.o src/fuser.c &&\
mv -f $depbase.Tpo $depbase.Po
depbase=`echo src/statx.o | sed 's|[^/]*$|.deps/&|;s|\.o$||'`;\
gcc -DHAVE_CONFIG_H -I.  -Wall -DLOCALEDIR=\"/usr/share/locale\" -I./src -g -O2 -fstack-protector-strong -Wformat -Werror=format-security          -O2 -mabi=lp64d -march=rv64gc -MT src/statx.o -MD -MP -MF $depbase.Tpo -c -o src/statx.o src/statx.c &&\
mv -f $depbase.Tpo $depbase.Po
gcc  -O2 -mabi=lp64d -march=rv64gc -Wl,-z,relro  -o src/pslog src/pslog.o  
gcc  -O2 -mabi=lp64d -march=rv64gc -Wl,-z,relro  -o src/prtstat src/prtstat.o  
gcc  -O2 -mabi=lp64d -march=rv64gc -Wl,-z,relro  -o src/killall src/killall.o src/signals.o   
gcc  -O2 -mabi=lp64d -march=rv64gc -Wl,-z,relro  -o src/pstree src/pstree.o -ltinfo 
gcc  -O2 -mabi=lp64d -march=rv64gc -Wl,-z,relro  -o src/fuser src/fuser.o src/signals.o src/statx.o  
make[2]: Leaving directory '/home/devel/building/work/src/psmisc-23.6'
make[1]: Leaving directory '/home/devel/building/work/src/psmisc-23.6'
+ make DESTDIR=/home/devel/building/work/pkg install
/usr/bin/make  install-recursive
make[1]: Entering directory '/home/devel/building/work/src/psmisc-23.6'
Making install in doc
make[2]: Entering directory '/home/devel/building/work/src/psmisc-23.6/doc'
make[3]: Entering directory '/home/devel/building/work/src/psmisc-23.6/doc'
make[3]: Nothing to be done for 'install-exec-am'.
 /bin/mkdir -p '/home/devel/building/work/pkg/usr/share/man/man1'
 /usr/bin/install -c -m 644 killall.1 peekfd.1 prtstat.1 pslog.1 pstree.1 fuser.1 '/home/devel/building/work/pkg/usr/share/man/man1'
make[3]: Leaving directory '/home/devel/building/work/src/psmisc-23.6/doc'
make[2]: Leaving directory '/home/devel/building/work/src/psmisc-23.6/doc'
Making install in po
make[2]: Entering directory '/home/devel/building/work/src/psmisc-23.6/po'
if test "psmisc" = "gettext-tools"; then \
  /bin/mkdir -p /home/devel/building/work/pkg/usr/share/gettext/po; \
  for file in Makefile.in.in remove-potcdate.sin quot.sed boldquot.sed en@quot.header en@boldquot.header insert-header.sin Rules-quot   Makevars.template; do \
    /usr/bin/install -c -m 644 ./$file \
		    /home/devel/building/work/pkg/usr/share/gettext/po/$file; \
  done; \
  for file in Makevars; do \
    rm -f /home/devel/building/work/pkg/usr/share/gettext/po/$file; \
  done; \
else \
  : ; \
fi
make[2]: Leaving directory '/home/devel/building/work/src/psmisc-23.6/po'
Making install in icons
make[2]: Entering directory '/home/devel/building/work/src/psmisc-23.6/icons'
make[3]: Entering directory '/home/devel/building/work/src/psmisc-23.6/icons'
make[3]: Nothing to be done for 'install-exec-am'.
make[3]: Nothing to be done for 'install-data-am'.
make[3]: Leaving directory '/home/devel/building/work/src/psmisc-23.6/icons'
make[2]: Leaving directory '/home/devel/building/work/src/psmisc-23.6/icons'
Making install in man-po
make[2]: Entering directory '/home/devel/building/work/src/psmisc-23.6/man-po'
make[3]: Entering directory '/home/devel/building/work/src/psmisc-23.6/man-po'
make[3]: Nothing to be done for 'install-exec-am'.
for lang in  ; do \
	files=""; \
	for trans in fuser.1 killall.1 peekfd.1 prtstat.1 pslog.1 pstree.1; do \
		if [ -f /home/devel/building/work/src/psmisc-23.6/man-po/$lang/$trans ]; then \
			files="$files /home/devel/building/work/src/psmisc-23.6/man-po/$lang/$trans"; \
		elif [ -f ./$lang/$trans ]; then \
			files="$files ./$lang/$trans"; \
		fi; \
	done; \
	/usr/bin/make -C .. install-man \
		mandir="/usr/share/man/$lang" \
		dist_man_MANS="$files"; \
done
make[3]: Leaving directory '/home/devel/building/work/src/psmisc-23.6/man-po'
make[2]: Leaving directory '/home/devel/building/work/src/psmisc-23.6/man-po'
Making install in testsuite
make[2]: Entering directory '/home/devel/building/work/src/psmisc-23.6/testsuite'
make[3]: Entering directory '/home/devel/building/work/src/psmisc-23.6/testsuite'
make[3]: Nothing to be done for 'install-exec-am'.
make[3]: Nothing to be done for 'install-data-am'.
make[3]: Leaving directory '/home/devel/building/work/src/psmisc-23.6/testsuite'
make[2]: Leaving directory '/home/devel/building/work/src/psmisc-23.6/testsuite'
make[2]: Entering directory '/home/devel/building/work/src/psmisc-23.6'
make[3]: Entering directory '/home/devel/building/work/src/psmisc-23.6'
 /bin/mkdir -p '/home/devel/building/work/pkg/usr/share/man/man1'
 /bin/mkdir -p '/home/devel/building/work/pkg/usr/bin'
  /usr/bin/install -c src/killall src/pslog src/prtstat src/pstree src/fuser '/home/devel/building/work/pkg/usr/bin'
 /usr/bin/install -c -m 644 doc/killall.1 doc/pslog.1 doc/prtstat.1 doc/pstree.1 doc/peekfd.1 doc/fuser.1 '/home/devel/building/work/pkg/usr/share/man/man1'
/usr/bin/make  install-exec-hook
make[4]: Entering directory '/home/devel/building/work/src/psmisc-23.6'
cd /home/devel/building/work/pkg/usr/bin && \
		( [ -h pstree.x11 ]  || ln -s pstree pstree.x11)
make[4]: Leaving directory '/home/devel/building/work/src/psmisc-23.6'
make[3]: Leaving directory '/home/devel/building/work/src/psmisc-23.6'
make[2]: Leaving directory '/home/devel/building/work/src/psmisc-23.6'
make[1]: Leaving directory '/home/devel/building/work/src/psmisc-23.6'
+ rm /home/devel/building/work/pkg/usr/bin/pstree.x11
=======> Build result:
drwxr-xr-x  0 root   root        0 Feb 21 21:49 usr/
drwxr-xr-x  0 root   root        0 Feb 21 21:49 usr/bin/
drwxr-xr-x  0 root   root        0 Feb 21 21:49 usr/share/
drwxr-xr-x  0 root   root        0 Feb 21 21:49 usr/share/man/
drwxr-xr-x  0 root   root        0 Feb 21 21:49 usr/share/man/man1/
-rw-r--r--  0 root   root     2277 Feb 21 21:49 usr/share/man/man1/killall.1.gz
-rw-r--r--  0 root   root      502 Feb 21 21:49 usr/share/man/man1/pslog.1.gz
-rw-r--r--  0 root   root      502 Feb 21 21:49 usr/share/man/man1/prtstat.1.gz
-rw-r--r--  0 root   root     2286 Feb 21 21:49 usr/share/man/man1/pstree.1.gz
-rw-r--r--  0 root   root     1003 Feb 21 21:49 usr/share/man/man1/peekfd.1.gz
-rw-r--r--  0 root   root     3155 Feb 21 21:49 usr/share/man/man1/fuser.1.gz
-rwxr-xr-x  0 root   root    31904 Feb 21 21:49 usr/bin/fuser
-rwxr-xr-x  0 root   root    23432 Feb 21 21:49 usr/bin/pstree
-rwxr-xr-x  0 root   root    14712 Feb 21 21:49 usr/bin/prtstat
-rwxr-xr-x  0 root   root    10528 Feb 21 21:49 usr/bin/pslog
-rwxr-xr-x  0 root   root    23784 Feb 21 21:49 usr/bin/killall
=======> Building '/home/devel/packages/psmisc#23.6-1.riscv64.pkg.tar.zst' succeeded.
prt-get: Using PKGMK_PACKAGE_DIR: /home/devel/packages
prt-get: reinstalling psmisc 23.6-1
prt-get: /usr/bin/pkgadd -u psmisc#23.6-1.riscv64.pkg.tar.zst
prt-get: build done Tue Feb 21 21:49:58 2023

