prt-get: updating /usr/ports/core-riscv64/chrony
prt-get: starting build Tue Feb 21 13:19:26 2023
=======> Building '/home/devel/packages/chrony#4.3-2.riscv64.pkg.tar.zst'.
bsdtar -p -o -C /home/devel/building/work/src -xf /home/devel/sources/chrony-4.3.tar.gz
cp chrony.conf /home/devel/building/work/src
cp chrony.run /home/devel/building/work/src
+ build
+ cd chrony-4.3
+ ./configure --prefix=/usr --sysconfdir=/etc --enable-scfilter --with-user=chrony --without-gnutls
Configuring for  Linux-riscv64
Checking for gcc : Yes
Checking for pkg-config : Yes
Checking for 64-bit time_t : Yes
NTP time mapped to 1973-03-05T13:19:27Z/2109-04-11T19:47:43Z
Checking for math : No
Checking for math in -lm : Yes
Checking for struct in_pktinfo : Yes
Checking for IPv6 support : Yes
Checking for struct in6_pktinfo : No
Checking for struct in6_pktinfo with _GNU_SOURCE : Yes
Checking for O_NOFOLLOW flag : Yes
Checking for clock_gettime() : Yes
Checking for getaddrinfo() : Yes
Checking for pthread : Yes
Checking for getrandom() : Yes
Checking for recvmmsg() : Yes
Checking for SW/HW timestamping : Yes
Checking for other timestamping options : Yes
Checking for <sys/timepps.h> : No
Checking for <timepps.h> : No
Checking for libcap : Yes
Checking for seccomp : Yes
Checking for <linux/rtc.h> : Yes
Checking for <linux/ptp_clock.h> : Yes
Checking for pthread_setschedparam() : Yes
Checking for mlockall() : Yes
Checking for setrlimit(RLIMIT_MEMLOCK, ...) : Yes
Checking for editline : Yes
Checking for nettle : Yes
Checking for CMAC in nettle : Yes
Features : +CMDMON +NTP +REFCLOCK +RTC +PRIVDROP +SCFILTER -SIGND +ASYNCDNS -NTS +READLINE +SECHASH +IPV6 -DEBUG
Creating Makefile
Creating doc/Makefile
Creating test/unit/Makefile
+ make V=1
gcc -O2 -mabi=lp64d -march=rv64gc -Wmissing-prototypes -Wall -pthread  -c array.c
gcc -O2 -mabi=lp64d -march=rv64gc -Wmissing-prototypes -Wall -pthread  -c cmdparse.c
gcc -O2 -mabi=lp64d -march=rv64gc -Wmissing-prototypes -Wall -pthread  -c conf.c
gcc -O2 -mabi=lp64d -march=rv64gc -Wmissing-prototypes -Wall -pthread  -c local.c
gcc -O2 -mabi=lp64d -march=rv64gc -Wmissing-prototypes -Wall -pthread  -c logging.c
gcc -O2 -mabi=lp64d -march=rv64gc -Wmissing-prototypes -Wall -pthread  -c main.c
gcc -O2 -mabi=lp64d -march=rv64gc -Wmissing-prototypes -Wall -pthread  -c memory.c
gcc -O2 -mabi=lp64d -march=rv64gc -Wmissing-prototypes -Wall -pthread  -c quantiles.c
gcc -O2 -mabi=lp64d -march=rv64gc -Wmissing-prototypes -Wall -pthread  -c reference.c
gcc -O2 -mabi=lp64d -march=rv64gc -Wmissing-prototypes -Wall -pthread  -c regress.c
gcc -O2 -mabi=lp64d -march=rv64gc -Wmissing-prototypes -Wall -pthread  -c rtc.c
gcc -O2 -mabi=lp64d -march=rv64gc -Wmissing-prototypes -Wall -pthread  -c samplefilt.c
gcc -O2 -mabi=lp64d -march=rv64gc -Wmissing-prototypes -Wall -pthread  -c sched.c
gcc -O2 -mabi=lp64d -march=rv64gc -Wmissing-prototypes -Wall -pthread  -c socket.c
gcc -O2 -mabi=lp64d -march=rv64gc -Wmissing-prototypes -Wall -pthread  -c sources.c
gcc -O2 -mabi=lp64d -march=rv64gc -Wmissing-prototypes -Wall -pthread  -c sourcestats.c
gcc -O2 -mabi=lp64d -march=rv64gc -Wmissing-prototypes -Wall -pthread  -c stubs.c
gcc -O2 -mabi=lp64d -march=rv64gc -Wmissing-prototypes -Wall -pthread  -c smooth.c
gcc -O2 -mabi=lp64d -march=rv64gc -Wmissing-prototypes -Wall -pthread  -c sys.c
gcc -O2 -mabi=lp64d -march=rv64gc -Wmissing-prototypes -Wall -pthread  -c sys_null.c
gcc -O2 -mabi=lp64d -march=rv64gc -Wmissing-prototypes -Wall -pthread  -c tempcomp.c
gcc -O2 -mabi=lp64d -march=rv64gc -Wmissing-prototypes -Wall -pthread  -c util.c
gcc -O2 -mabi=lp64d -march=rv64gc -Wmissing-prototypes -Wall -pthread  -c sys_generic.c
gcc -O2 -mabi=lp64d -march=rv64gc -Wmissing-prototypes -Wall -pthread  -c sys_linux.c
gcc -O2 -mabi=lp64d -march=rv64gc -Wmissing-prototypes -Wall -pthread  -c sys_timex.c
gcc -O2 -mabi=lp64d -march=rv64gc -Wmissing-prototypes -Wall -pthread  -c sys_posix.c
gcc -O2 -mabi=lp64d -march=rv64gc -Wmissing-prototypes -Wall -pthread  -c cmdmon.c
gcc -O2 -mabi=lp64d -march=rv64gc -Wmissing-prototypes -Wall -pthread  -c manual.c
gcc -O2 -mabi=lp64d -march=rv64gc -Wmissing-prototypes -Wall -pthread  -c pktlength.c
gcc -O2 -mabi=lp64d -march=rv64gc -Wmissing-prototypes -Wall -pthread  -c ntp_auth.c
gcc -O2 -mabi=lp64d -march=rv64gc -Wmissing-prototypes -Wall -pthread  -c ntp_core.c
gcc -O2 -mabi=lp64d -march=rv64gc -Wmissing-prototypes -Wall -pthread  -c ntp_ext.c
gcc -O2 -mabi=lp64d -march=rv64gc -Wmissing-prototypes -Wall -pthread  -c ntp_io.c
gcc -O2 -mabi=lp64d -march=rv64gc -Wmissing-prototypes -Wall -pthread  -c ntp_sources.c
gcc -O2 -mabi=lp64d -march=rv64gc -Wmissing-prototypes -Wall -pthread  -c addrfilt.c
gcc -O2 -mabi=lp64d -march=rv64gc -Wmissing-prototypes -Wall -pthread  -c clientlog.c
gcc -O2 -mabi=lp64d -march=rv64gc -Wmissing-prototypes -Wall -pthread  -c keys.c
gcc -O2 -mabi=lp64d -march=rv64gc -Wmissing-prototypes -Wall -pthread  -c nameserv.c
gcc -O2 -mabi=lp64d -march=rv64gc -Wmissing-prototypes -Wall -pthread  -c refclock.c
gcc -O2 -mabi=lp64d -march=rv64gc -Wmissing-prototypes -Wall -pthread  -c refclock_phc.c
gcc -O2 -mabi=lp64d -march=rv64gc -Wmissing-prototypes -Wall -pthread  -c refclock_pps.c
gcc -O2 -mabi=lp64d -march=rv64gc -Wmissing-prototypes -Wall -pthread  -c refclock_shm.c
gcc -O2 -mabi=lp64d -march=rv64gc -Wmissing-prototypes -Wall -pthread  -c refclock_sock.c
gcc -O2 -mabi=lp64d -march=rv64gc -Wmissing-prototypes -Wall -pthread  -c nameserv_async.c
gcc -O2 -mabi=lp64d -march=rv64gc -Wmissing-prototypes -Wall -pthread  -c hwclock.c
gcc -O2 -mabi=lp64d -march=rv64gc -Wmissing-prototypes -Wall -pthread  -c ntp_io_linux.c
gcc -O2 -mabi=lp64d -march=rv64gc -Wmissing-prototypes -Wall -pthread  -c privops.c
gcc -O2 -mabi=lp64d -march=rv64gc -Wmissing-prototypes -Wall -pthread  -c rtc_linux.c
gcc -O2 -mabi=lp64d -march=rv64gc -Wmissing-prototypes -Wall -pthread  -c cmac_nettle.c
gcc -O2 -mabi=lp64d -march=rv64gc -Wmissing-prototypes -Wall -pthread  -c hash_nettle.c
gcc -O2 -mabi=lp64d -march=rv64gc -Wmissing-prototypes -Wall -pthread  -c client.c
gcc -O2 -mabi=lp64d -march=rv64gc -Wmissing-prototypes -Wall -pthread  -c getdate.c
gcc -O2 -mabi=lp64d -march=rv64gc -Wmissing-prototypes -Wall -pthread -o chronyd array.o cmdparse.o conf.o local.o logging.o main.o memory.o quantiles.o reference.o regress.o rtc.o samplefilt.o sched.o socket.o sources.o sourcestats.o stubs.o smooth.o sys.o sys_null.o tempcomp.o util.o sys_generic.o sys_linux.o sys_timex.o sys_posix.o cmdmon.o manual.o pktlength.o ntp_auth.o ntp_core.o ntp_ext.o ntp_io.o ntp_sources.o addrfilt.o clientlog.o keys.o nameserv.o refclock.o refclock_phc.o refclock_pps.o refclock_shm.o refclock_sock.o nameserv_async.o hwclock.o ntp_io_linux.o privops.o rtc_linux.o cmac_nettle.o hash_nettle.o  -lm -lnettle -lcap -lseccomp
gcc -O2 -mabi=lp64d -march=rv64gc -Wmissing-prototypes -Wall -pthread -o chronyc array.o client.o cmdparse.o getdate.o memory.o nameserv.o pktlength.o socket.o util.o cmac_nettle.o hash_nettle.o  -lm -lnettle -ledit
+ make DESTDIR=/home/devel/building/work/pkg install
[ -d /home/devel/building/work/pkg/etc ] || mkdir -p /home/devel/building/work/pkg/etc
[ -d /home/devel/building/work/pkg/usr/sbin ] || mkdir -p /home/devel/building/work/pkg/usr/sbin
[ -d /home/devel/building/work/pkg/usr/bin ] || mkdir -p /home/devel/building/work/pkg/usr/bin
[ -d /home/devel/building/work/pkg/var/lib/chrony ] || mkdir -p /home/devel/building/work/pkg/var/lib/chrony
if [ -f /home/devel/building/work/pkg/usr/sbin/chronyd ]; then rm -f /home/devel/building/work/pkg/usr/sbin/chronyd ; fi
if [ -f /home/devel/building/work/pkg/usr/bin/chronyc ]; then rm -f /home/devel/building/work/pkg/usr/bin/chronyc ; fi
cp chronyd /home/devel/building/work/pkg/usr/sbin/chronyd
chmod 755 /home/devel/building/work/pkg/usr/sbin/chronyd
cp chronyc /home/devel/building/work/pkg/usr/bin/chronyc
chmod 755 /home/devel/building/work/pkg/usr/bin/chronyc
/usr/bin/make -C doc install
make[1]: Entering directory '/home/devel/building/work/src/chrony-4.3/doc'
sed -e "s%\@SYSCONFDIR\@%/etc%g; s%\@BINDIR\@%/usr/bin%g; s%\@SBINDIR\@%/usr/sbin%g; s%\@CHRONY_VERSION\@%4.3%g; s%\@DEFAULT_HWCLOCK_FILE\@%%g; s%\@DEFAULT_PID_FILE\@%/var/run/chrony/chronyd.pid%g; s%\@DEFAULT_RTC_DEVICE\@%/dev/rtc%g; s%\@DEFAULT_USER\@%chrony%g; s%\@CHRONYRUNDIR\@%/var/run/chrony%g; s%\@CHRONYVARDIR\@%/var/lib/chrony%g;" < chrony.conf.man.in > chrony.conf.man
sed -e "s%\@SYSCONFDIR\@%/etc%g; s%\@BINDIR\@%/usr/bin%g; s%\@SBINDIR\@%/usr/sbin%g; s%\@CHRONY_VERSION\@%4.3%g; s%\@DEFAULT_HWCLOCK_FILE\@%%g; s%\@DEFAULT_PID_FILE\@%/var/run/chrony/chronyd.pid%g; s%\@DEFAULT_RTC_DEVICE\@%/dev/rtc%g; s%\@DEFAULT_USER\@%chrony%g; s%\@CHRONYRUNDIR\@%/var/run/chrony%g; s%\@CHRONYVARDIR\@%/var/lib/chrony%g;" < chronyc.man.in > chronyc.man
sed -e "s%\@SYSCONFDIR\@%/etc%g; s%\@BINDIR\@%/usr/bin%g; s%\@SBINDIR\@%/usr/sbin%g; s%\@CHRONY_VERSION\@%4.3%g; s%\@DEFAULT_HWCLOCK_FILE\@%%g; s%\@DEFAULT_PID_FILE\@%/var/run/chrony/chronyd.pid%g; s%\@DEFAULT_RTC_DEVICE\@%/dev/rtc%g; s%\@DEFAULT_USER\@%chrony%g; s%\@CHRONYRUNDIR\@%/var/run/chrony%g; s%\@CHRONYVARDIR\@%/var/lib/chrony%g;" < chronyd.man.in > chronyd.man
[ -d /home/devel/building/work/pkg/usr/share/man/man1 ] || mkdir -p /home/devel/building/work/pkg/usr/share/man/man1
[ -d /home/devel/building/work/pkg/usr/share/man/man5 ] || mkdir -p /home/devel/building/work/pkg/usr/share/man/man5
[ -d /home/devel/building/work/pkg/usr/share/man/man8 ] || mkdir -p /home/devel/building/work/pkg/usr/share/man/man8
cp chronyc.man /home/devel/building/work/pkg/usr/share/man/man1/chronyc.1
chmod 644 /home/devel/building/work/pkg/usr/share/man/man1/chronyc.1
cp chronyd.man /home/devel/building/work/pkg/usr/share/man/man8/chronyd.8
chmod 644 /home/devel/building/work/pkg/usr/share/man/man8/chronyd.8
cp chrony.conf.man /home/devel/building/work/pkg/usr/share/man/man5/chrony.conf.5
chmod 644 /home/devel/building/work/pkg/usr/share/man/man5/chrony.conf.5
make[1]: Leaving directory '/home/devel/building/work/src/chrony-4.3/doc'
+ install -D -m 0644 /home/devel/building/work/src/chrony.conf /home/devel/building/work/pkg/etc/chrony.conf
+ install -d /home/devel/building/work/pkg/etc/sv/chrony
+ install -m 0755 /home/devel/building/work/src/chrony.run /home/devel/building/work/pkg/etc/sv/chrony/run
+ ln -s /run/runit/supervise.chrony /home/devel/building/work/pkg/etc/sv/chrony/supervise
+ chown -R chrony:chrony /home/devel/building/work/pkg/var/lib/chrony
=======> Build result:
drwxr-xr-x  0 root   root        0 Feb 21 13:20 etc/
drwxr-xr-x  0 root   root        0 Feb 21 13:20 etc/sv/
-rw-r--r--  0 root   root      129 Feb 21 13:20 etc/chrony.conf
drwxr-xr-x  0 root   root        0 Feb 21 13:20 etc/sv/chrony/
lrwxrwxrwx  0 root   root        0 Feb 21 13:20 etc/sv/chrony/supervise -> /run/runit/supervise.chrony
-rwxr-xr-x  0 root   root      184 Feb 21 13:20 etc/sv/chrony/run
drwxr-xr-x  0 root   root        0 Feb 21 13:20 usr/
drwxr-xr-x  0 root   root        0 Feb 21 13:20 usr/share/
drwxr-xr-x  0 root   root        0 Feb 21 13:20 usr/bin/
drwxr-xr-x  0 root   root        0 Feb 21 13:20 usr/sbin/
-rwxr-xr-x  0 root   root   217736 Feb 21 13:20 usr/sbin/chronyd
-rwxr-xr-x  0 root   root    89752 Feb 21 13:20 usr/bin/chronyc
drwxr-xr-x  0 root   root        0 Feb 21 13:20 usr/share/man/
drwxr-xr-x  0 root   root        0 Feb 21 13:20 usr/share/man/man8/
drwxr-xr-x  0 root   root        0 Feb 21 13:20 usr/share/man/man5/
drwxr-xr-x  0 root   root        0 Feb 21 13:20 usr/share/man/man1/
-rw-r--r--  0 root   root    18639 Feb 21 13:20 usr/share/man/man1/chronyc.1.gz
-rw-r--r--  0 root   root    42655 Feb 21 13:20 usr/share/man/man5/chrony.conf.5.gz
-rw-r--r--  0 root   root     3659 Feb 21 13:20 usr/share/man/man8/chronyd.8.gz
drwxr-xr-x  0 root   root        0 Feb 21 13:20 var/
drwxr-xr-x  0 root   root        0 Feb 21 13:20 var/lib/
drwxr-xr-x  0 chrony chrony      0 Feb 21 13:20 var/lib/chrony/
=======> Building '/home/devel/packages/chrony#4.3-2.riscv64.pkg.tar.zst' succeeded.
prt-get: Using PKGMK_PACKAGE_DIR: /home/devel/packages
prt-get: reinstalling chrony 4.3-2
prt-get: /usr/bin/pkgadd -u chrony#4.3-2.riscv64.pkg.tar.zst
prt-get: build done Tue Feb 21 13:20:01 2023

pkgadd: rejecting etc/sv/, keeping existing version
