prt-get: updating /usr/ports/core-riscv64/libpcre
prt-get: starting build Tue Feb 21 19:41:01 2023
=======> Building '/home/devel/packages/libpcre#8.45-2.riscv64.pkg.tar.zst'.
bsdtar -p -o -C /home/devel/building/work/src -xf /home/devel/sources/pcre-8.45.tar.bz2
+ build
+ cd pcre-8.45
+ ./configure --prefix=/usr --enable-utf8 --enable-unicode-properties --disable-jit --enable-pcre16 --enable-pcre32 --enable-pcregrep-libz --enable-pcretest-libreadline --disable-static
checking for a BSD-compatible install... /usr/bin/install -c
checking whether build environment is sane... yes
checking for a race-free mkdir -p... /bin/mkdir -p
checking for gawk... gawk
checking whether make sets $(MAKE)... yes
checking whether make supports nested variables... yes
checking whether make supports nested variables... (cached) yes
checking whether make supports the include directive... yes (GNU style)
checking for gcc... gcc
checking whether the C compiler works... yes
checking for C compiler default output file name... a.out
checking for suffix of executables... 
checking whether we are cross compiling... no
checking for suffix of object files... o
checking whether the compiler supports GNU C... yes
checking whether gcc accepts -g... yes
checking for gcc option to enable C11 features... none needed
checking whether gcc understands -c and -o together... yes
checking dependency style of gcc... gcc3
checking for ar... ar
checking the archiver (ar) interface... ar
checking for gcc... (cached) gcc
checking whether the compiler supports GNU C... (cached) yes
checking whether gcc accepts -g... (cached) yes
checking for gcc option to enable C11 features... (cached) none needed
checking whether gcc understands -c and -o together... (cached) yes
checking dependency style of gcc... (cached) gcc3
checking for g++... g++
checking whether the compiler supports GNU C++... yes
checking whether g++ accepts -g... yes
checking for g++ option to enable C++11 features... none needed
checking dependency style of g++... gcc3
checking for stdio.h... yes
checking for stdlib.h... yes
checking for string.h... yes
checking for inttypes.h... yes
checking for stdint.h... yes
checking for strings.h... yes
checking for sys/stat.h... yes
checking for sys/types.h... yes
checking for unistd.h... yes
checking for int64_t... yes
checking build system type... riscv64-unknown-linux-gnu
checking host system type... riscv64-unknown-linux-gnu
checking how to print strings... printf
checking for a sed that does not truncate output... /bin/sed
checking for grep that handles long lines and -e... /usr/bin/grep
checking for egrep... /usr/bin/grep -E
checking for fgrep... /usr/bin/grep -F
checking for ld used by gcc... /usr/bin/ld
checking if the linker (/usr/bin/ld) is GNU ld... yes
checking for BSD- or MS-compatible name lister (nm)... /usr/bin/nm -B
checking the name lister (/usr/bin/nm -B) interface... BSD nm
checking whether ln -s works... yes
checking the maximum length of command line arguments... 1572864
checking how to convert riscv64-unknown-linux-gnu file names to riscv64-unknown-linux-gnu format... func_convert_file_noop
checking how to convert riscv64-unknown-linux-gnu file names to toolchain format... func_convert_file_noop
checking for /usr/bin/ld option to reload object files... -r
checking for objdump... objdump
checking how to recognize dependent libraries... pass_all
checking for dlltool... dlltool
checking how to associate runtime and link libraries... printf %s\n
checking for archiver @FILE support... @
checking for strip... strip
checking for ranlib... ranlib
checking command to parse /usr/bin/nm -B output from gcc object... ok
checking for sysroot... no
checking for a working dd... /bin/dd
checking how to truncate binary pipes... /bin/dd bs=4096 count=1
checking for mt... no
checking if : is a manifest tool... no
checking for dlfcn.h... yes
checking for objdir... .libs
checking if gcc supports -fno-rtti -fno-exceptions... no
checking for gcc option to produce PIC... -fPIC -DPIC
checking if gcc PIC flag -fPIC -DPIC works... yes
checking if gcc static flag -static works... yes
checking if gcc supports -c -o file.o... yes
checking if gcc supports -c -o file.o... (cached) yes
checking whether the gcc linker (/usr/bin/ld) supports shared libraries... yes
checking whether -lc should be explicitly linked in... no
checking dynamic linker characteristics... GNU/Linux ld.so
checking how to hardcode library paths into programs... immediate
checking whether stripping libraries is possible... yes
checking if libtool supports shared libraries... yes
checking whether to build shared libraries... yes
checking whether to build static libraries... no
checking how to run the C++ preprocessor... g++ -E
checking for ld used by g++... /usr/bin/ld
checking if the linker (/usr/bin/ld) is GNU ld... yes
checking whether the g++ linker (/usr/bin/ld) supports shared libraries... yes
checking for g++ option to produce PIC... -fPIC -DPIC
checking if g++ PIC flag -fPIC -DPIC works... yes
checking if g++ static flag -static works... yes
checking if g++ supports -c -o file.o... yes
checking if g++ supports -c -o file.o... (cached) yes
checking whether the g++ linker (/usr/bin/ld) supports shared libraries... yes
checking dynamic linker characteristics... (cached) GNU/Linux ld.so
checking how to hardcode library paths into programs... immediate
checking whether ln -s works... yes
checking whether the -Werror option is usable... yes
checking for simple visibility declarations... yes
checking for egrep... (cached) /usr/bin/grep -E
checking for limits.h... yes
checking for sys/types.h... (cached) yes
checking for sys/stat.h... (cached) yes
checking for dirent.h... yes
checking for windows.h... no
checking for alias support in the linker... no
checking for alias support in the linker... no
checking for string... yes
checking for bits/type_traits.h... no
checking for type_traits.h... no
checking for strtoq... yes
checking for long long... yes
checking for unsigned long long... yes
checking for an ANSI C-conforming const... yes
checking for size_t... yes
checking for bcopy... yes
checking for memmove... yes
checking for strerror... yes
checking for zlib.h... yes
checking for gzopen in -lz... yes
checking for bzlib.h... yes
checking for libbz2... yes
checking for readline/readline.h... yes
checking for readline/history.h... yes
checking for readline in -lreadline... yes
checking that generated files are newer than configure... done
configure: creating ./config.status
config.status: creating Makefile
config.status: creating libpcre.pc
config.status: creating libpcre16.pc
config.status: creating libpcre32.pc
config.status: creating libpcreposix.pc
config.status: creating libpcrecpp.pc
config.status: creating pcre-config
config.status: creating pcre.h
config.status: creating pcre_stringpiece.h
config.status: creating pcrecpparg.h
config.status: creating config.h
config.status: executing depfiles commands
config.status: executing libtool commands
config.status: executing script-chmod commands
config.status: executing delete-old-chartables commands

pcre-8.45 configuration summary:

    Install prefix .................. : /usr
    C preprocessor .................. : 
    C compiler ...................... : gcc
    C++ preprocessor ................ : g++ -E
    C++ compiler .................... : g++
    Linker .......................... : /usr/bin/ld
    C preprocessor flags ............ : 
    C compiler flags ................ : -O2 -mabi=lp64d -march=rv64gc -fvisibility=hidden
    C++ compiler flags .............. : -O2 -mabi=lp64d -march=rv64gc -fvisibility=hidden -fvisibility-inlines-hidden
    Linker flags .................... : 
    Extra libraries ................. : 

    Build 8 bit pcre library ........ : yes
    Build 16 bit pcre library ....... : yes
    Build 32 bit pcre library ....... : yes
    Build C++ library ............... : yes
    Enable JIT compiling support .... : no
    Enable UTF-8/16/32 support ...... : yes
    Unicode properties .............. : yes
    Newline char/sequence ........... : lf
    \R matches only ANYCRLF ......... : no
    EBCDIC coding ................... : no
    EBCDIC code for NL .............. : n/a
    Rebuild char tables ............. : no
    Use stack recursion ............. : yes
    POSIX mem threshold ............. : 10
    Internal link size .............. : 2
    Nested parentheses limit ........ : 250
    Match limit ..................... : 10000000
    Match limit recursion ........... : MATCH_LIMIT
    Build shared libs ............... : yes
    Build static libs ............... : no
    Use JIT in pcregrep ............. : no
    Buffer size for pcregrep ........ : 20480
    Link pcregrep with libz ......... : yes
    Link pcregrep with libbz2 ....... : no
    Link pcretest with libedit ...... : no
    Link pcretest with libreadline .. : yes
    Valgrind support ................ : no
    Code coverage ................... : no

+ make V=1
rm -f pcre_chartables.c
ln -s ./pcre_chartables.c.dist pcre_chartables.c
/usr/bin/make  all-am
make[1]: Entering directory '/home/devel/building/work/src/pcre-8.45'
gcc -DHAVE_CONFIG_H -I.       -O2 -mabi=lp64d -march=rv64gc -MT pcretest-pcretest.o -MD -MP -MF .deps/pcretest-pcretest.Tpo -c -o pcretest-pcretest.o `test -f 'pcretest.c' || echo './'`pcretest.c
gcc -DHAVE_CONFIG_H -I.       -O2 -mabi=lp64d -march=rv64gc -MT pcretest-pcre_printint.o -MD -MP -MF .deps/pcretest-pcre_printint.Tpo -c -o pcretest-pcre_printint.o `test -f 'pcre_printint.c' || echo './'`pcre_printint.c
gcc -DHAVE_CONFIG_H -I.       -O2 -mabi=lp64d -march=rv64gc -MT pcretest-pcre16_printint.o -MD -MP -MF .deps/pcretest-pcre16_printint.Tpo -c -o pcretest-pcre16_printint.o `test -f 'pcre16_printint.c' || echo './'`pcre16_printint.c
gcc -DHAVE_CONFIG_H -I.       -O2 -mabi=lp64d -march=rv64gc -MT pcretest-pcre32_printint.o -MD -MP -MF .deps/pcretest-pcre32_printint.Tpo -c -o pcretest-pcre32_printint.o `test -f 'pcre32_printint.c' || echo './'`pcre32_printint.c
/bin/sh ./libtool  --tag=CC   --mode=compile gcc -DHAVE_CONFIG_H -I.    -fvisibility=hidden    -O2 -mabi=lp64d -march=rv64gc -MT libpcre_la-pcre_byte_order.lo -MD -MP -MF .deps/libpcre_la-pcre_byte_order.Tpo -c -o libpcre_la-pcre_byte_order.lo `test -f 'pcre_byte_order.c' || echo './'`pcre_byte_order.c
/bin/sh ./libtool  --tag=CC   --mode=compile gcc -DHAVE_CONFIG_H -I.    -fvisibility=hidden    -O2 -mabi=lp64d -march=rv64gc -MT libpcre_la-pcre_compile.lo -MD -MP -MF .deps/libpcre_la-pcre_compile.Tpo -c -o libpcre_la-pcre_compile.lo `test -f 'pcre_compile.c' || echo './'`pcre_compile.c
/bin/sh ./libtool  --tag=CC   --mode=compile gcc -DHAVE_CONFIG_H -I.    -fvisibility=hidden    -O2 -mabi=lp64d -march=rv64gc -MT libpcre_la-pcre_config.lo -MD -MP -MF .deps/libpcre_la-pcre_config.Tpo -c -o libpcre_la-pcre_config.lo `test -f 'pcre_config.c' || echo './'`pcre_config.c
/bin/sh ./libtool  --tag=CC   --mode=compile gcc -DHAVE_CONFIG_H -I.    -fvisibility=hidden    -O2 -mabi=lp64d -march=rv64gc -MT libpcre_la-pcre_dfa_exec.lo -MD -MP -MF .deps/libpcre_la-pcre_dfa_exec.Tpo -c -o libpcre_la-pcre_dfa_exec.lo `test -f 'pcre_dfa_exec.c' || echo './'`pcre_dfa_exec.c
libtool: compile:  gcc -DHAVE_CONFIG_H -I. -fvisibility=hidden -O2 -mabi=lp64d -march=rv64gc -MT libpcre_la-pcre_byte_order.lo -MD -MP -MF .deps/libpcre_la-pcre_byte_order.Tpo -c pcre_byte_order.c  -fPIC -DPIC -o .libs/libpcre_la-pcre_byte_order.o
libtool: compile:  gcc -DHAVE_CONFIG_H -I. -fvisibility=hidden -O2 -mabi=lp64d -march=rv64gc -MT libpcre_la-pcre_dfa_exec.lo -MD -MP -MF .deps/libpcre_la-pcre_dfa_exec.Tpo -c pcre_dfa_exec.c  -fPIC -DPIC -o .libs/libpcre_la-pcre_dfa_exec.o
libtool: compile:  gcc -DHAVE_CONFIG_H -I. -fvisibility=hidden -O2 -mabi=lp64d -march=rv64gc -MT libpcre_la-pcre_compile.lo -MD -MP -MF .deps/libpcre_la-pcre_compile.Tpo -c pcre_compile.c  -fPIC -DPIC -o .libs/libpcre_la-pcre_compile.o
libtool: compile:  gcc -DHAVE_CONFIG_H -I. -fvisibility=hidden -O2 -mabi=lp64d -march=rv64gc -MT libpcre_la-pcre_config.lo -MD -MP -MF .deps/libpcre_la-pcre_config.Tpo -c pcre_config.c  -fPIC -DPIC -o .libs/libpcre_la-pcre_config.o
mv -f .deps/libpcre_la-pcre_config.Tpo .deps/libpcre_la-pcre_config.Plo
/bin/sh ./libtool  --tag=CC   --mode=compile gcc -DHAVE_CONFIG_H -I.    -fvisibility=hidden    -O2 -mabi=lp64d -march=rv64gc -MT libpcre_la-pcre_exec.lo -MD -MP -MF .deps/libpcre_la-pcre_exec.Tpo -c -o libpcre_la-pcre_exec.lo `test -f 'pcre_exec.c' || echo './'`pcre_exec.c
mv -f .deps/libpcre_la-pcre_byte_order.Tpo .deps/libpcre_la-pcre_byte_order.Plo
/bin/sh ./libtool  --tag=CC   --mode=compile gcc -DHAVE_CONFIG_H -I.    -fvisibility=hidden    -O2 -mabi=lp64d -march=rv64gc -MT libpcre_la-pcre_fullinfo.lo -MD -MP -MF .deps/libpcre_la-pcre_fullinfo.Tpo -c -o libpcre_la-pcre_fullinfo.lo `test -f 'pcre_fullinfo.c' || echo './'`pcre_fullinfo.c
libtool: compile:  gcc -DHAVE_CONFIG_H -I. -fvisibility=hidden -O2 -mabi=lp64d -march=rv64gc -MT libpcre_la-pcre_exec.lo -MD -MP -MF .deps/libpcre_la-pcre_exec.Tpo -c pcre_exec.c  -fPIC -DPIC -o .libs/libpcre_la-pcre_exec.o
libtool: compile:  gcc -DHAVE_CONFIG_H -I. -fvisibility=hidden -O2 -mabi=lp64d -march=rv64gc -MT libpcre_la-pcre_fullinfo.lo -MD -MP -MF .deps/libpcre_la-pcre_fullinfo.Tpo -c pcre_fullinfo.c  -fPIC -DPIC -o .libs/libpcre_la-pcre_fullinfo.o
mv -f .deps/pcretest-pcre32_printint.Tpo .deps/pcretest-pcre32_printint.Po
/bin/sh ./libtool  --tag=CC   --mode=compile gcc -DHAVE_CONFIG_H -I.    -fvisibility=hidden    -O2 -mabi=lp64d -march=rv64gc -MT libpcre_la-pcre_get.lo -MD -MP -MF .deps/libpcre_la-pcre_get.Tpo -c -o libpcre_la-pcre_get.lo `test -f 'pcre_get.c' || echo './'`pcre_get.c
mv -f .deps/pcretest-pcre16_printint.Tpo .deps/pcretest-pcre16_printint.Po
/bin/sh ./libtool  --tag=CC   --mode=compile gcc -DHAVE_CONFIG_H -I.    -fvisibility=hidden    -O2 -mabi=lp64d -march=rv64gc -MT libpcre_la-pcre_globals.lo -MD -MP -MF .deps/libpcre_la-pcre_globals.Tpo -c -o libpcre_la-pcre_globals.lo `test -f 'pcre_globals.c' || echo './'`pcre_globals.c
mv -f .deps/pcretest-pcre_printint.Tpo .deps/pcretest-pcre_printint.Po
/bin/sh ./libtool  --tag=CC   --mode=compile gcc -DHAVE_CONFIG_H -I.    -fvisibility=hidden    -O2 -mabi=lp64d -march=rv64gc -MT libpcre_la-pcre_jit_compile.lo -MD -MP -MF .deps/libpcre_la-pcre_jit_compile.Tpo -c -o libpcre_la-pcre_jit_compile.lo `test -f 'pcre_jit_compile.c' || echo './'`pcre_jit_compile.c
libtool: compile:  gcc -DHAVE_CONFIG_H -I. -fvisibility=hidden -O2 -mabi=lp64d -march=rv64gc -MT libpcre_la-pcre_globals.lo -MD -MP -MF .deps/libpcre_la-pcre_globals.Tpo -c pcre_globals.c  -fPIC -DPIC -o .libs/libpcre_la-pcre_globals.o
libtool: compile:  gcc -DHAVE_CONFIG_H -I. -fvisibility=hidden -O2 -mabi=lp64d -march=rv64gc -MT libpcre_la-pcre_get.lo -MD -MP -MF .deps/libpcre_la-pcre_get.Tpo -c pcre_get.c  -fPIC -DPIC -o .libs/libpcre_la-pcre_get.o
mv -f .deps/libpcre_la-pcre_fullinfo.Tpo .deps/libpcre_la-pcre_fullinfo.Plo
/bin/sh ./libtool  --tag=CC   --mode=compile gcc -DHAVE_CONFIG_H -I.    -fvisibility=hidden    -O2 -mabi=lp64d -march=rv64gc -MT libpcre_la-pcre_maketables.lo -MD -MP -MF .deps/libpcre_la-pcre_maketables.Tpo -c -o libpcre_la-pcre_maketables.lo `test -f 'pcre_maketables.c' || echo './'`pcre_maketables.c
libtool: compile:  gcc -DHAVE_CONFIG_H -I. -fvisibility=hidden -O2 -mabi=lp64d -march=rv64gc -MT libpcre_la-pcre_jit_compile.lo -MD -MP -MF .deps/libpcre_la-pcre_jit_compile.Tpo -c pcre_jit_compile.c  -fPIC -DPIC -o .libs/libpcre_la-pcre_jit_compile.o
mv -f .deps/libpcre_la-pcre_globals.Tpo .deps/libpcre_la-pcre_globals.Plo
/bin/sh ./libtool  --tag=CC   --mode=compile gcc -DHAVE_CONFIG_H -I.    -fvisibility=hidden    -O2 -mabi=lp64d -march=rv64gc -MT libpcre_la-pcre_newline.lo -MD -MP -MF .deps/libpcre_la-pcre_newline.Tpo -c -o libpcre_la-pcre_newline.lo `test -f 'pcre_newline.c' || echo './'`pcre_newline.c
libtool: compile:  gcc -DHAVE_CONFIG_H -I. -fvisibility=hidden -O2 -mabi=lp64d -march=rv64gc -MT libpcre_la-pcre_maketables.lo -MD -MP -MF .deps/libpcre_la-pcre_maketables.Tpo -c pcre_maketables.c  -fPIC -DPIC -o .libs/libpcre_la-pcre_maketables.o
libtool: compile:  gcc -DHAVE_CONFIG_H -I. -fvisibility=hidden -O2 -mabi=lp64d -march=rv64gc -MT libpcre_la-pcre_newline.lo -MD -MP -MF .deps/libpcre_la-pcre_newline.Tpo -c pcre_newline.c  -fPIC -DPIC -o .libs/libpcre_la-pcre_newline.o
mv -f .deps/libpcre_la-pcre_jit_compile.Tpo .deps/libpcre_la-pcre_jit_compile.Plo
/bin/sh ./libtool  --tag=CC   --mode=compile gcc -DHAVE_CONFIG_H -I.    -fvisibility=hidden    -O2 -mabi=lp64d -march=rv64gc -MT libpcre_la-pcre_ord2utf8.lo -MD -MP -MF .deps/libpcre_la-pcre_ord2utf8.Tpo -c -o libpcre_la-pcre_ord2utf8.lo `test -f 'pcre_ord2utf8.c' || echo './'`pcre_ord2utf8.c
libtool: compile:  gcc -DHAVE_CONFIG_H -I. -fvisibility=hidden -O2 -mabi=lp64d -march=rv64gc -MT libpcre_la-pcre_ord2utf8.lo -MD -MP -MF .deps/libpcre_la-pcre_ord2utf8.Tpo -c pcre_ord2utf8.c  -fPIC -DPIC -o .libs/libpcre_la-pcre_ord2utf8.o
mv -f .deps/libpcre_la-pcre_get.Tpo .deps/libpcre_la-pcre_get.Plo
/bin/sh ./libtool  --tag=CC   --mode=compile gcc -DHAVE_CONFIG_H -I.    -fvisibility=hidden    -O2 -mabi=lp64d -march=rv64gc -MT libpcre_la-pcre_refcount.lo -MD -MP -MF .deps/libpcre_la-pcre_refcount.Tpo -c -o libpcre_la-pcre_refcount.lo `test -f 'pcre_refcount.c' || echo './'`pcre_refcount.c
mv -f .deps/libpcre_la-pcre_maketables.Tpo .deps/libpcre_la-pcre_maketables.Plo
/bin/sh ./libtool  --tag=CC   --mode=compile gcc -DHAVE_CONFIG_H -I.    -fvisibility=hidden    -O2 -mabi=lp64d -march=rv64gc -MT libpcre_la-pcre_string_utils.lo -MD -MP -MF .deps/libpcre_la-pcre_string_utils.Tpo -c -o libpcre_la-pcre_string_utils.lo `test -f 'pcre_string_utils.c' || echo './'`pcre_string_utils.c
mv -f .deps/libpcre_la-pcre_newline.Tpo .deps/libpcre_la-pcre_newline.Plo
libtool: compile:  gcc -DHAVE_CONFIG_H -I. -fvisibility=hidden -O2 -mabi=lp64d -march=rv64gc -MT libpcre_la-pcre_refcount.lo -MD -MP -MF .deps/libpcre_la-pcre_refcount.Tpo -c pcre_refcount.c  -fPIC -DPIC -o .libs/libpcre_la-pcre_refcount.o
/bin/sh ./libtool  --tag=CC   --mode=compile gcc -DHAVE_CONFIG_H -I.    -fvisibility=hidden    -O2 -mabi=lp64d -march=rv64gc -MT libpcre_la-pcre_study.lo -MD -MP -MF .deps/libpcre_la-pcre_study.Tpo -c -o libpcre_la-pcre_study.lo `test -f 'pcre_study.c' || echo './'`pcre_study.c
mv -f .deps/libpcre_la-pcre_ord2utf8.Tpo .deps/libpcre_la-pcre_ord2utf8.Plo
/bin/sh ./libtool  --tag=CC   --mode=compile gcc -DHAVE_CONFIG_H -I.    -fvisibility=hidden    -O2 -mabi=lp64d -march=rv64gc -MT libpcre_la-pcre_tables.lo -MD -MP -MF .deps/libpcre_la-pcre_tables.Tpo -c -o libpcre_la-pcre_tables.lo `test -f 'pcre_tables.c' || echo './'`pcre_tables.c
libtool: compile:  gcc -DHAVE_CONFIG_H -I. -fvisibility=hidden -O2 -mabi=lp64d -march=rv64gc -MT libpcre_la-pcre_string_utils.lo -MD -MP -MF .deps/libpcre_la-pcre_string_utils.Tpo -c pcre_string_utils.c  -fPIC -DPIC -o .libs/libpcre_la-pcre_string_utils.o
libtool: compile:  gcc -DHAVE_CONFIG_H -I. -fvisibility=hidden -O2 -mabi=lp64d -march=rv64gc -MT libpcre_la-pcre_study.lo -MD -MP -MF .deps/libpcre_la-pcre_study.Tpo -c pcre_study.c  -fPIC -DPIC -o .libs/libpcre_la-pcre_study.o
libtool: compile:  gcc -DHAVE_CONFIG_H -I. -fvisibility=hidden -O2 -mabi=lp64d -march=rv64gc -MT libpcre_la-pcre_tables.lo -MD -MP -MF .deps/libpcre_la-pcre_tables.Tpo -c pcre_tables.c  -fPIC -DPIC -o .libs/libpcre_la-pcre_tables.o
mv -f .deps/libpcre_la-pcre_string_utils.Tpo .deps/libpcre_la-pcre_string_utils.Plo
/bin/sh ./libtool  --tag=CC   --mode=compile gcc -DHAVE_CONFIG_H -I.    -fvisibility=hidden    -O2 -mabi=lp64d -march=rv64gc -MT libpcre_la-pcre_ucd.lo -MD -MP -MF .deps/libpcre_la-pcre_ucd.Tpo -c -o libpcre_la-pcre_ucd.lo `test -f 'pcre_ucd.c' || echo './'`pcre_ucd.c
mv -f .deps/libpcre_la-pcre_refcount.Tpo .deps/libpcre_la-pcre_refcount.Plo
/bin/sh ./libtool  --tag=CC   --mode=compile gcc -DHAVE_CONFIG_H -I.    -fvisibility=hidden    -O2 -mabi=lp64d -march=rv64gc -MT libpcre_la-pcre_valid_utf8.lo -MD -MP -MF .deps/libpcre_la-pcre_valid_utf8.Tpo -c -o libpcre_la-pcre_valid_utf8.lo `test -f 'pcre_valid_utf8.c' || echo './'`pcre_valid_utf8.c
mv -f .deps/libpcre_la-pcre_tables.Tpo .deps/libpcre_la-pcre_tables.Plo
/bin/sh ./libtool  --tag=CC   --mode=compile gcc -DHAVE_CONFIG_H -I.    -fvisibility=hidden    -O2 -mabi=lp64d -march=rv64gc -MT libpcre_la-pcre_version.lo -MD -MP -MF .deps/libpcre_la-pcre_version.Tpo -c -o libpcre_la-pcre_version.lo `test -f 'pcre_version.c' || echo './'`pcre_version.c
libtool: compile:  gcc -DHAVE_CONFIG_H -I. -fvisibility=hidden -O2 -mabi=lp64d -march=rv64gc -MT libpcre_la-pcre_ucd.lo -MD -MP -MF .deps/libpcre_la-pcre_ucd.Tpo -c pcre_ucd.c  -fPIC -DPIC -o .libs/libpcre_la-pcre_ucd.o
libtool: compile:  gcc -DHAVE_CONFIG_H -I. -fvisibility=hidden -O2 -mabi=lp64d -march=rv64gc -MT libpcre_la-pcre_valid_utf8.lo -MD -MP -MF .deps/libpcre_la-pcre_valid_utf8.Tpo -c pcre_valid_utf8.c  -fPIC -DPIC -o .libs/libpcre_la-pcre_valid_utf8.o
libtool: compile:  gcc -DHAVE_CONFIG_H -I. -fvisibility=hidden -O2 -mabi=lp64d -march=rv64gc -MT libpcre_la-pcre_version.lo -MD -MP -MF .deps/libpcre_la-pcre_version.Tpo -c pcre_version.c  -fPIC -DPIC -o .libs/libpcre_la-pcre_version.o
mv -f .deps/libpcre_la-pcre_ucd.Tpo .deps/libpcre_la-pcre_ucd.Plo
/bin/sh ./libtool  --tag=CC   --mode=compile gcc -DHAVE_CONFIG_H -I.    -fvisibility=hidden    -O2 -mabi=lp64d -march=rv64gc -MT libpcre_la-pcre_xclass.lo -MD -MP -MF .deps/libpcre_la-pcre_xclass.Tpo -c -o libpcre_la-pcre_xclass.lo `test -f 'pcre_xclass.c' || echo './'`pcre_xclass.c
mv -f .deps/libpcre_la-pcre_version.Tpo .deps/libpcre_la-pcre_version.Plo
/bin/sh ./libtool  --tag=CC   --mode=compile gcc -DHAVE_CONFIG_H -I.    -fvisibility=hidden    -O2 -mabi=lp64d -march=rv64gc -MT libpcre_la-pcre_chartables.lo -MD -MP -MF .deps/libpcre_la-pcre_chartables.Tpo -c -o libpcre_la-pcre_chartables.lo `test -f 'pcre_chartables.c' || echo './'`pcre_chartables.c
libtool: compile:  gcc -DHAVE_CONFIG_H -I. -fvisibility=hidden -O2 -mabi=lp64d -march=rv64gc -MT libpcre_la-pcre_xclass.lo -MD -MP -MF .deps/libpcre_la-pcre_xclass.Tpo -c pcre_xclass.c  -fPIC -DPIC -o .libs/libpcre_la-pcre_xclass.o
libtool: compile:  gcc -DHAVE_CONFIG_H -I. -fvisibility=hidden -O2 -mabi=lp64d -march=rv64gc -MT libpcre_la-pcre_chartables.lo -MD -MP -MF .deps/libpcre_la-pcre_chartables.Tpo -c pcre_chartables.c  -fPIC -DPIC -o .libs/libpcre_la-pcre_chartables.o
mv -f .deps/libpcre_la-pcre_valid_utf8.Tpo .deps/libpcre_la-pcre_valid_utf8.Plo
/bin/sh ./libtool  --tag=CC   --mode=compile gcc -DHAVE_CONFIG_H -I.    -fvisibility=hidden   -O2 -mabi=lp64d -march=rv64gc -MT libpcreposix_la-pcreposix.lo -MD -MP -MF .deps/libpcreposix_la-pcreposix.Tpo -c -o libpcreposix_la-pcreposix.lo `test -f 'pcreposix.c' || echo './'`pcreposix.c
libtool: compile:  gcc -DHAVE_CONFIG_H -I. -fvisibility=hidden -O2 -mabi=lp64d -march=rv64gc -MT libpcreposix_la-pcreposix.lo -MD -MP -MF .deps/libpcreposix_la-pcreposix.Tpo -c pcreposix.c  -fPIC -DPIC -o .libs/libpcreposix_la-pcreposix.o
mv -f .deps/libpcre_la-pcre_chartables.Tpo .deps/libpcre_la-pcre_chartables.Plo
/bin/sh ./libtool  --tag=CC   --mode=compile gcc -DHAVE_CONFIG_H -I.    -fvisibility=hidden    -O2 -mabi=lp64d -march=rv64gc -MT libpcre16_la-pcre16_byte_order.lo -MD -MP -MF .deps/libpcre16_la-pcre16_byte_order.Tpo -c -o libpcre16_la-pcre16_byte_order.lo `test -f 'pcre16_byte_order.c' || echo './'`pcre16_byte_order.c
libtool: compile:  gcc -DHAVE_CONFIG_H -I. -fvisibility=hidden -O2 -mabi=lp64d -march=rv64gc -MT libpcre16_la-pcre16_byte_order.lo -MD -MP -MF .deps/libpcre16_la-pcre16_byte_order.Tpo -c pcre16_byte_order.c  -fPIC -DPIC -o .libs/libpcre16_la-pcre16_byte_order.o
mv -f .deps/libpcre_la-pcre_study.Tpo .deps/libpcre_la-pcre_study.Plo
/bin/sh ./libtool  --tag=CC   --mode=compile gcc -DHAVE_CONFIG_H -I.    -fvisibility=hidden    -O2 -mabi=lp64d -march=rv64gc -MT libpcre16_la-pcre16_chartables.lo -MD -MP -MF .deps/libpcre16_la-pcre16_chartables.Tpo -c -o libpcre16_la-pcre16_chartables.lo `test -f 'pcre16_chartables.c' || echo './'`pcre16_chartables.c
libtool: compile:  gcc -DHAVE_CONFIG_H -I. -fvisibility=hidden -O2 -mabi=lp64d -march=rv64gc -MT libpcre16_la-pcre16_chartables.lo -MD -MP -MF .deps/libpcre16_la-pcre16_chartables.Tpo -c pcre16_chartables.c  -fPIC -DPIC -o .libs/libpcre16_la-pcre16_chartables.o
mv -f .deps/libpcre_la-pcre_xclass.Tpo .deps/libpcre_la-pcre_xclass.Plo
/bin/sh ./libtool  --tag=CC   --mode=compile gcc -DHAVE_CONFIG_H -I.    -fvisibility=hidden    -O2 -mabi=lp64d -march=rv64gc -MT libpcre16_la-pcre16_compile.lo -MD -MP -MF .deps/libpcre16_la-pcre16_compile.Tpo -c -o libpcre16_la-pcre16_compile.lo `test -f 'pcre16_compile.c' || echo './'`pcre16_compile.c
mv -f .deps/libpcre16_la-pcre16_chartables.Tpo .deps/libpcre16_la-pcre16_chartables.Plo
/bin/sh ./libtool  --tag=CC   --mode=compile gcc -DHAVE_CONFIG_H -I.    -fvisibility=hidden    -O2 -mabi=lp64d -march=rv64gc -MT libpcre16_la-pcre16_config.lo -MD -MP -MF .deps/libpcre16_la-pcre16_config.Tpo -c -o libpcre16_la-pcre16_config.lo `test -f 'pcre16_config.c' || echo './'`pcre16_config.c
libtool: compile:  gcc -DHAVE_CONFIG_H -I. -fvisibility=hidden -O2 -mabi=lp64d -march=rv64gc -MT libpcre16_la-pcre16_compile.lo -MD -MP -MF .deps/libpcre16_la-pcre16_compile.Tpo -c pcre16_compile.c  -fPIC -DPIC -o .libs/libpcre16_la-pcre16_compile.o
mv -f .deps/libpcreposix_la-pcreposix.Tpo .deps/libpcreposix_la-pcreposix.Plo
/bin/sh ./libtool  --tag=CC   --mode=compile gcc -DHAVE_CONFIG_H -I.    -fvisibility=hidden    -O2 -mabi=lp64d -march=rv64gc -MT libpcre16_la-pcre16_dfa_exec.lo -MD -MP -MF .deps/libpcre16_la-pcre16_dfa_exec.Tpo -c -o libpcre16_la-pcre16_dfa_exec.lo `test -f 'pcre16_dfa_exec.c' || echo './'`pcre16_dfa_exec.c
libtool: compile:  gcc -DHAVE_CONFIG_H -I. -fvisibility=hidden -O2 -mabi=lp64d -march=rv64gc -MT libpcre16_la-pcre16_config.lo -MD -MP -MF .deps/libpcre16_la-pcre16_config.Tpo -c pcre16_config.c  -fPIC -DPIC -o .libs/libpcre16_la-pcre16_config.o
mv -f .deps/libpcre16_la-pcre16_byte_order.Tpo .deps/libpcre16_la-pcre16_byte_order.Plo
/bin/sh ./libtool  --tag=CC   --mode=compile gcc -DHAVE_CONFIG_H -I.    -fvisibility=hidden    -O2 -mabi=lp64d -march=rv64gc -MT libpcre16_la-pcre16_exec.lo -MD -MP -MF .deps/libpcre16_la-pcre16_exec.Tpo -c -o libpcre16_la-pcre16_exec.lo `test -f 'pcre16_exec.c' || echo './'`pcre16_exec.c
libtool: compile:  gcc -DHAVE_CONFIG_H -I. -fvisibility=hidden -O2 -mabi=lp64d -march=rv64gc -MT libpcre16_la-pcre16_dfa_exec.lo -MD -MP -MF .deps/libpcre16_la-pcre16_dfa_exec.Tpo -c pcre16_dfa_exec.c  -fPIC -DPIC -o .libs/libpcre16_la-pcre16_dfa_exec.o
libtool: compile:  gcc -DHAVE_CONFIG_H -I. -fvisibility=hidden -O2 -mabi=lp64d -march=rv64gc -MT libpcre16_la-pcre16_exec.lo -MD -MP -MF .deps/libpcre16_la-pcre16_exec.Tpo -c pcre16_exec.c  -fPIC -DPIC -o .libs/libpcre16_la-pcre16_exec.o
mv -f .deps/libpcre16_la-pcre16_config.Tpo .deps/libpcre16_la-pcre16_config.Plo
/bin/sh ./libtool  --tag=CC   --mode=compile gcc -DHAVE_CONFIG_H -I.    -fvisibility=hidden    -O2 -mabi=lp64d -march=rv64gc -MT libpcre16_la-pcre16_fullinfo.lo -MD -MP -MF .deps/libpcre16_la-pcre16_fullinfo.Tpo -c -o libpcre16_la-pcre16_fullinfo.lo `test -f 'pcre16_fullinfo.c' || echo './'`pcre16_fullinfo.c
libtool: compile:  gcc -DHAVE_CONFIG_H -I. -fvisibility=hidden -O2 -mabi=lp64d -march=rv64gc -MT libpcre16_la-pcre16_fullinfo.lo -MD -MP -MF .deps/libpcre16_la-pcre16_fullinfo.Tpo -c pcre16_fullinfo.c  -fPIC -DPIC -o .libs/libpcre16_la-pcre16_fullinfo.o
mv -f .deps/libpcre16_la-pcre16_fullinfo.Tpo .deps/libpcre16_la-pcre16_fullinfo.Plo
/bin/sh ./libtool  --tag=CC   --mode=compile gcc -DHAVE_CONFIG_H -I.    -fvisibility=hidden    -O2 -mabi=lp64d -march=rv64gc -MT libpcre16_la-pcre16_get.lo -MD -MP -MF .deps/libpcre16_la-pcre16_get.Tpo -c -o libpcre16_la-pcre16_get.lo `test -f 'pcre16_get.c' || echo './'`pcre16_get.c
libtool: compile:  gcc -DHAVE_CONFIG_H -I. -fvisibility=hidden -O2 -mabi=lp64d -march=rv64gc -MT libpcre16_la-pcre16_get.lo -MD -MP -MF .deps/libpcre16_la-pcre16_get.Tpo -c pcre16_get.c  -fPIC -DPIC -o .libs/libpcre16_la-pcre16_get.o
mv -f .deps/libpcre_la-pcre_dfa_exec.Tpo .deps/libpcre_la-pcre_dfa_exec.Plo
/bin/sh ./libtool  --tag=CC   --mode=compile gcc -DHAVE_CONFIG_H -I.    -fvisibility=hidden    -O2 -mabi=lp64d -march=rv64gc -MT libpcre16_la-pcre16_globals.lo -MD -MP -MF .deps/libpcre16_la-pcre16_globals.Tpo -c -o libpcre16_la-pcre16_globals.lo `test -f 'pcre16_globals.c' || echo './'`pcre16_globals.c
libtool: compile:  gcc -DHAVE_CONFIG_H -I. -fvisibility=hidden -O2 -mabi=lp64d -march=rv64gc -MT libpcre16_la-pcre16_globals.lo -MD -MP -MF .deps/libpcre16_la-pcre16_globals.Tpo -c pcre16_globals.c  -fPIC -DPIC -o .libs/libpcre16_la-pcre16_globals.o
mv -f .deps/libpcre16_la-pcre16_globals.Tpo .deps/libpcre16_la-pcre16_globals.Plo
/bin/sh ./libtool  --tag=CC   --mode=compile gcc -DHAVE_CONFIG_H -I.    -fvisibility=hidden    -O2 -mabi=lp64d -march=rv64gc -MT libpcre16_la-pcre16_jit_compile.lo -MD -MP -MF .deps/libpcre16_la-pcre16_jit_compile.Tpo -c -o libpcre16_la-pcre16_jit_compile.lo `test -f 'pcre16_jit_compile.c' || echo './'`pcre16_jit_compile.c
libtool: compile:  gcc -DHAVE_CONFIG_H -I. -fvisibility=hidden -O2 -mabi=lp64d -march=rv64gc -MT libpcre16_la-pcre16_jit_compile.lo -MD -MP -MF .deps/libpcre16_la-pcre16_jit_compile.Tpo -c pcre16_jit_compile.c  -fPIC -DPIC -o .libs/libpcre16_la-pcre16_jit_compile.o
mv -f .deps/libpcre16_la-pcre16_get.Tpo .deps/libpcre16_la-pcre16_get.Plo
/bin/sh ./libtool  --tag=CC   --mode=compile gcc -DHAVE_CONFIG_H -I.    -fvisibility=hidden    -O2 -mabi=lp64d -march=rv64gc -MT libpcre16_la-pcre16_maketables.lo -MD -MP -MF .deps/libpcre16_la-pcre16_maketables.Tpo -c -o libpcre16_la-pcre16_maketables.lo `test -f 'pcre16_maketables.c' || echo './'`pcre16_maketables.c
mv -f .deps/libpcre16_la-pcre16_jit_compile.Tpo .deps/libpcre16_la-pcre16_jit_compile.Plo
/bin/sh ./libtool  --tag=CC   --mode=compile gcc -DHAVE_CONFIG_H -I.    -fvisibility=hidden    -O2 -mabi=lp64d -march=rv64gc -MT libpcre16_la-pcre16_newline.lo -MD -MP -MF .deps/libpcre16_la-pcre16_newline.Tpo -c -o libpcre16_la-pcre16_newline.lo `test -f 'pcre16_newline.c' || echo './'`pcre16_newline.c
libtool: compile:  gcc -DHAVE_CONFIG_H -I. -fvisibility=hidden -O2 -mabi=lp64d -march=rv64gc -MT libpcre16_la-pcre16_maketables.lo -MD -MP -MF .deps/libpcre16_la-pcre16_maketables.Tpo -c pcre16_maketables.c  -fPIC -DPIC -o .libs/libpcre16_la-pcre16_maketables.o
libtool: compile:  gcc -DHAVE_CONFIG_H -I. -fvisibility=hidden -O2 -mabi=lp64d -march=rv64gc -MT libpcre16_la-pcre16_newline.lo -MD -MP -MF .deps/libpcre16_la-pcre16_newline.Tpo -c pcre16_newline.c  -fPIC -DPIC -o .libs/libpcre16_la-pcre16_newline.o
mv -f .deps/pcretest-pcretest.Tpo .deps/pcretest-pcretest.Po
/bin/sh ./libtool  --tag=CC   --mode=compile gcc -DHAVE_CONFIG_H -I.    -fvisibility=hidden    -O2 -mabi=lp64d -march=rv64gc -MT libpcre16_la-pcre16_ord2utf16.lo -MD -MP -MF .deps/libpcre16_la-pcre16_ord2utf16.Tpo -c -o libpcre16_la-pcre16_ord2utf16.lo `test -f 'pcre16_ord2utf16.c' || echo './'`pcre16_ord2utf16.c
mv -f .deps/libpcre16_la-pcre16_newline.Tpo .deps/libpcre16_la-pcre16_newline.Plo
/bin/sh ./libtool  --tag=CC   --mode=compile gcc -DHAVE_CONFIG_H -I.    -fvisibility=hidden    -O2 -mabi=lp64d -march=rv64gc -MT libpcre16_la-pcre16_refcount.lo -MD -MP -MF .deps/libpcre16_la-pcre16_refcount.Tpo -c -o libpcre16_la-pcre16_refcount.lo `test -f 'pcre16_refcount.c' || echo './'`pcre16_refcount.c
mv -f .deps/libpcre16_la-pcre16_maketables.Tpo .deps/libpcre16_la-pcre16_maketables.Plo
/bin/sh ./libtool  --tag=CC   --mode=compile gcc -DHAVE_CONFIG_H -I.    -fvisibility=hidden    -O2 -mabi=lp64d -march=rv64gc -MT libpcre16_la-pcre16_string_utils.lo -MD -MP -MF .deps/libpcre16_la-pcre16_string_utils.Tpo -c -o libpcre16_la-pcre16_string_utils.lo `test -f 'pcre16_string_utils.c' || echo './'`pcre16_string_utils.c
libtool: compile:  gcc -DHAVE_CONFIG_H -I. -fvisibility=hidden -O2 -mabi=lp64d -march=rv64gc -MT libpcre16_la-pcre16_ord2utf16.lo -MD -MP -MF .deps/libpcre16_la-pcre16_ord2utf16.Tpo -c pcre16_ord2utf16.c  -fPIC -DPIC -o .libs/libpcre16_la-pcre16_ord2utf16.o
libtool: compile:  gcc -DHAVE_CONFIG_H -I. -fvisibility=hidden -O2 -mabi=lp64d -march=rv64gc -MT libpcre16_la-pcre16_refcount.lo -MD -MP -MF .deps/libpcre16_la-pcre16_refcount.Tpo -c pcre16_refcount.c  -fPIC -DPIC -o .libs/libpcre16_la-pcre16_refcount.o
libtool: compile:  gcc -DHAVE_CONFIG_H -I. -fvisibility=hidden -O2 -mabi=lp64d -march=rv64gc -MT libpcre16_la-pcre16_string_utils.lo -MD -MP -MF .deps/libpcre16_la-pcre16_string_utils.Tpo -c pcre16_string_utils.c  -fPIC -DPIC -o .libs/libpcre16_la-pcre16_string_utils.o
mv -f .deps/libpcre16_la-pcre16_ord2utf16.Tpo .deps/libpcre16_la-pcre16_ord2utf16.Plo
/bin/sh ./libtool  --tag=CC   --mode=compile gcc -DHAVE_CONFIG_H -I.    -fvisibility=hidden    -O2 -mabi=lp64d -march=rv64gc -MT libpcre16_la-pcre16_study.lo -MD -MP -MF .deps/libpcre16_la-pcre16_study.Tpo -c -o libpcre16_la-pcre16_study.lo `test -f 'pcre16_study.c' || echo './'`pcre16_study.c
mv -f .deps/libpcre16_la-pcre16_refcount.Tpo .deps/libpcre16_la-pcre16_refcount.Plo
/bin/sh ./libtool  --tag=CC   --mode=compile gcc -DHAVE_CONFIG_H -I.    -fvisibility=hidden    -O2 -mabi=lp64d -march=rv64gc -MT libpcre16_la-pcre16_tables.lo -MD -MP -MF .deps/libpcre16_la-pcre16_tables.Tpo -c -o libpcre16_la-pcre16_tables.lo `test -f 'pcre16_tables.c' || echo './'`pcre16_tables.c
libtool: compile:  gcc -DHAVE_CONFIG_H -I. -fvisibility=hidden -O2 -mabi=lp64d -march=rv64gc -MT libpcre16_la-pcre16_study.lo -MD -MP -MF .deps/libpcre16_la-pcre16_study.Tpo -c pcre16_study.c  -fPIC -DPIC -o .libs/libpcre16_la-pcre16_study.o
libtool: compile:  gcc -DHAVE_CONFIG_H -I. -fvisibility=hidden -O2 -mabi=lp64d -march=rv64gc -MT libpcre16_la-pcre16_tables.lo -MD -MP -MF .deps/libpcre16_la-pcre16_tables.Tpo -c pcre16_tables.c  -fPIC -DPIC -o .libs/libpcre16_la-pcre16_tables.o
mv -f .deps/libpcre16_la-pcre16_string_utils.Tpo .deps/libpcre16_la-pcre16_string_utils.Plo
/bin/sh ./libtool  --tag=CC   --mode=compile gcc -DHAVE_CONFIG_H -I.    -fvisibility=hidden    -O2 -mabi=lp64d -march=rv64gc -MT libpcre16_la-pcre16_ucd.lo -MD -MP -MF .deps/libpcre16_la-pcre16_ucd.Tpo -c -o libpcre16_la-pcre16_ucd.lo `test -f 'pcre16_ucd.c' || echo './'`pcre16_ucd.c
mv -f .deps/libpcre16_la-pcre16_tables.Tpo .deps/libpcre16_la-pcre16_tables.Plo
/bin/sh ./libtool  --tag=CC   --mode=compile gcc -DHAVE_CONFIG_H -I.    -fvisibility=hidden    -O2 -mabi=lp64d -march=rv64gc -MT libpcre16_la-pcre16_utf16_utils.lo -MD -MP -MF .deps/libpcre16_la-pcre16_utf16_utils.Tpo -c -o libpcre16_la-pcre16_utf16_utils.lo `test -f 'pcre16_utf16_utils.c' || echo './'`pcre16_utf16_utils.c
libtool: compile:  gcc -DHAVE_CONFIG_H -I. -fvisibility=hidden -O2 -mabi=lp64d -march=rv64gc -MT libpcre16_la-pcre16_ucd.lo -MD -MP -MF .deps/libpcre16_la-pcre16_ucd.Tpo -c pcre16_ucd.c  -fPIC -DPIC -o .libs/libpcre16_la-pcre16_ucd.o
mv -f .deps/libpcre_la-pcre_compile.Tpo .deps/libpcre_la-pcre_compile.Plo
/bin/sh ./libtool  --tag=CC   --mode=compile gcc -DHAVE_CONFIG_H -I.    -fvisibility=hidden    -O2 -mabi=lp64d -march=rv64gc -MT libpcre16_la-pcre16_valid_utf16.lo -MD -MP -MF .deps/libpcre16_la-pcre16_valid_utf16.Tpo -c -o libpcre16_la-pcre16_valid_utf16.lo `test -f 'pcre16_valid_utf16.c' || echo './'`pcre16_valid_utf16.c
libtool: compile:  gcc -DHAVE_CONFIG_H -I. -fvisibility=hidden -O2 -mabi=lp64d -march=rv64gc -MT libpcre16_la-pcre16_utf16_utils.lo -MD -MP -MF .deps/libpcre16_la-pcre16_utf16_utils.Tpo -c pcre16_utf16_utils.c  -fPIC -DPIC -o .libs/libpcre16_la-pcre16_utf16_utils.o
libtool: compile:  gcc -DHAVE_CONFIG_H -I. -fvisibility=hidden -O2 -mabi=lp64d -march=rv64gc -MT libpcre16_la-pcre16_valid_utf16.lo -MD -MP -MF .deps/libpcre16_la-pcre16_valid_utf16.Tpo -c pcre16_valid_utf16.c  -fPIC -DPIC -o .libs/libpcre16_la-pcre16_valid_utf16.o
mv -f .deps/libpcre16_la-pcre16_ucd.Tpo .deps/libpcre16_la-pcre16_ucd.Plo
/bin/sh ./libtool  --tag=CC   --mode=compile gcc -DHAVE_CONFIG_H -I.    -fvisibility=hidden    -O2 -mabi=lp64d -march=rv64gc -MT libpcre16_la-pcre16_version.lo -MD -MP -MF .deps/libpcre16_la-pcre16_version.Tpo -c -o libpcre16_la-pcre16_version.lo `test -f 'pcre16_version.c' || echo './'`pcre16_version.c
libtool: compile:  gcc -DHAVE_CONFIG_H -I. -fvisibility=hidden -O2 -mabi=lp64d -march=rv64gc -MT libpcre16_la-pcre16_version.lo -MD -MP -MF .deps/libpcre16_la-pcre16_version.Tpo -c pcre16_version.c  -fPIC -DPIC -o .libs/libpcre16_la-pcre16_version.o
mv -f .deps/libpcre16_la-pcre16_utf16_utils.Tpo .deps/libpcre16_la-pcre16_utf16_utils.Plo
/bin/sh ./libtool  --tag=CC   --mode=compile gcc -DHAVE_CONFIG_H -I.    -fvisibility=hidden    -O2 -mabi=lp64d -march=rv64gc -MT libpcre16_la-pcre16_xclass.lo -MD -MP -MF .deps/libpcre16_la-pcre16_xclass.Tpo -c -o libpcre16_la-pcre16_xclass.lo `test -f 'pcre16_xclass.c' || echo './'`pcre16_xclass.c
mv -f .deps/libpcre16_la-pcre16_valid_utf16.Tpo .deps/libpcre16_la-pcre16_valid_utf16.Plo
/bin/sh ./libtool  --tag=CC   --mode=compile gcc -DHAVE_CONFIG_H -I.    -fvisibility=hidden    -O2 -mabi=lp64d -march=rv64gc -MT libpcre16_la-pcre_chartables.lo -MD -MP -MF .deps/libpcre16_la-pcre_chartables.Tpo -c -o libpcre16_la-pcre_chartables.lo `test -f 'pcre_chartables.c' || echo './'`pcre_chartables.c
libtool: compile:  gcc -DHAVE_CONFIG_H -I. -fvisibility=hidden -O2 -mabi=lp64d -march=rv64gc -MT libpcre16_la-pcre16_xclass.lo -MD -MP -MF .deps/libpcre16_la-pcre16_xclass.Tpo -c pcre16_xclass.c  -fPIC -DPIC -o .libs/libpcre16_la-pcre16_xclass.o
mv -f .deps/libpcre16_la-pcre16_version.Tpo .deps/libpcre16_la-pcre16_version.Plo
/bin/sh ./libtool  --tag=CC   --mode=compile gcc -DHAVE_CONFIG_H -I.    -fvisibility=hidden    -O2 -mabi=lp64d -march=rv64gc -MT libpcre32_la-pcre32_byte_order.lo -MD -MP -MF .deps/libpcre32_la-pcre32_byte_order.Tpo -c -o libpcre32_la-pcre32_byte_order.lo `test -f 'pcre32_byte_order.c' || echo './'`pcre32_byte_order.c
libtool: compile:  gcc -DHAVE_CONFIG_H -I. -fvisibility=hidden -O2 -mabi=lp64d -march=rv64gc -MT libpcre16_la-pcre_chartables.lo -MD -MP -MF .deps/libpcre16_la-pcre_chartables.Tpo -c pcre_chartables.c  -fPIC -DPIC -o .libs/libpcre16_la-pcre_chartables.o
mv -f .deps/libpcre16_la-pcre16_study.Tpo .deps/libpcre16_la-pcre16_study.Plo
/bin/sh ./libtool  --tag=CC   --mode=compile gcc -DHAVE_CONFIG_H -I.    -fvisibility=hidden    -O2 -mabi=lp64d -march=rv64gc -MT libpcre32_la-pcre32_chartables.lo -MD -MP -MF .deps/libpcre32_la-pcre32_chartables.Tpo -c -o libpcre32_la-pcre32_chartables.lo `test -f 'pcre32_chartables.c' || echo './'`pcre32_chartables.c
libtool: compile:  gcc -DHAVE_CONFIG_H -I. -fvisibility=hidden -O2 -mabi=lp64d -march=rv64gc -MT libpcre32_la-pcre32_byte_order.lo -MD -MP -MF .deps/libpcre32_la-pcre32_byte_order.Tpo -c pcre32_byte_order.c  -fPIC -DPIC -o .libs/libpcre32_la-pcre32_byte_order.o
mv -f .deps/libpcre16_la-pcre_chartables.Tpo .deps/libpcre16_la-pcre_chartables.Plo
/bin/sh ./libtool  --tag=CC   --mode=compile gcc -DHAVE_CONFIG_H -I.    -fvisibility=hidden    -O2 -mabi=lp64d -march=rv64gc -MT libpcre32_la-pcre32_compile.lo -MD -MP -MF .deps/libpcre32_la-pcre32_compile.Tpo -c -o libpcre32_la-pcre32_compile.lo `test -f 'pcre32_compile.c' || echo './'`pcre32_compile.c
libtool: compile:  gcc -DHAVE_CONFIG_H -I. -fvisibility=hidden -O2 -mabi=lp64d -march=rv64gc -MT libpcre32_la-pcre32_chartables.lo -MD -MP -MF .deps/libpcre32_la-pcre32_chartables.Tpo -c pcre32_chartables.c  -fPIC -DPIC -o .libs/libpcre32_la-pcre32_chartables.o
libtool: compile:  gcc -DHAVE_CONFIG_H -I. -fvisibility=hidden -O2 -mabi=lp64d -march=rv64gc -MT libpcre32_la-pcre32_compile.lo -MD -MP -MF .deps/libpcre32_la-pcre32_compile.Tpo -c pcre32_compile.c  -fPIC -DPIC -o .libs/libpcre32_la-pcre32_compile.o
mv -f .deps/libpcre32_la-pcre32_chartables.Tpo .deps/libpcre32_la-pcre32_chartables.Plo
/bin/sh ./libtool  --tag=CC   --mode=compile gcc -DHAVE_CONFIG_H -I.    -fvisibility=hidden    -O2 -mabi=lp64d -march=rv64gc -MT libpcre32_la-pcre32_config.lo -MD -MP -MF .deps/libpcre32_la-pcre32_config.Tpo -c -o libpcre32_la-pcre32_config.lo `test -f 'pcre32_config.c' || echo './'`pcre32_config.c
mv -f .deps/libpcre16_la-pcre16_xclass.Tpo .deps/libpcre16_la-pcre16_xclass.Plo
/bin/sh ./libtool  --tag=CC   --mode=compile gcc -DHAVE_CONFIG_H -I.    -fvisibility=hidden    -O2 -mabi=lp64d -march=rv64gc -MT libpcre32_la-pcre32_dfa_exec.lo -MD -MP -MF .deps/libpcre32_la-pcre32_dfa_exec.Tpo -c -o libpcre32_la-pcre32_dfa_exec.lo `test -f 'pcre32_dfa_exec.c' || echo './'`pcre32_dfa_exec.c
libtool: compile:  gcc -DHAVE_CONFIG_H -I. -fvisibility=hidden -O2 -mabi=lp64d -march=rv64gc -MT libpcre32_la-pcre32_config.lo -MD -MP -MF .deps/libpcre32_la-pcre32_config.Tpo -c pcre32_config.c  -fPIC -DPIC -o .libs/libpcre32_la-pcre32_config.o
mv -f .deps/libpcre16_la-pcre16_dfa_exec.Tpo .deps/libpcre16_la-pcre16_dfa_exec.Plo
/bin/sh ./libtool  --tag=CC   --mode=compile gcc -DHAVE_CONFIG_H -I.    -fvisibility=hidden    -O2 -mabi=lp64d -march=rv64gc -MT libpcre32_la-pcre32_exec.lo -MD -MP -MF .deps/libpcre32_la-pcre32_exec.Tpo -c -o libpcre32_la-pcre32_exec.lo `test -f 'pcre32_exec.c' || echo './'`pcre32_exec.c
mv -f .deps/libpcre32_la-pcre32_byte_order.Tpo .deps/libpcre32_la-pcre32_byte_order.Plo
/bin/sh ./libtool  --tag=CC   --mode=compile gcc -DHAVE_CONFIG_H -I.    -fvisibility=hidden    -O2 -mabi=lp64d -march=rv64gc -MT libpcre32_la-pcre32_fullinfo.lo -MD -MP -MF .deps/libpcre32_la-pcre32_fullinfo.Tpo -c -o libpcre32_la-pcre32_fullinfo.lo `test -f 'pcre32_fullinfo.c' || echo './'`pcre32_fullinfo.c
libtool: compile:  gcc -DHAVE_CONFIG_H -I. -fvisibility=hidden -O2 -mabi=lp64d -march=rv64gc -MT libpcre32_la-pcre32_dfa_exec.lo -MD -MP -MF .deps/libpcre32_la-pcre32_dfa_exec.Tpo -c pcre32_dfa_exec.c  -fPIC -DPIC -o .libs/libpcre32_la-pcre32_dfa_exec.o
libtool: compile:  gcc -DHAVE_CONFIG_H -I. -fvisibility=hidden -O2 -mabi=lp64d -march=rv64gc -MT libpcre32_la-pcre32_exec.lo -MD -MP -MF .deps/libpcre32_la-pcre32_exec.Tpo -c pcre32_exec.c  -fPIC -DPIC -o .libs/libpcre32_la-pcre32_exec.o
libtool: compile:  gcc -DHAVE_CONFIG_H -I. -fvisibility=hidden -O2 -mabi=lp64d -march=rv64gc -MT libpcre32_la-pcre32_fullinfo.lo -MD -MP -MF .deps/libpcre32_la-pcre32_fullinfo.Tpo -c pcre32_fullinfo.c  -fPIC -DPIC -o .libs/libpcre32_la-pcre32_fullinfo.o
mv -f .deps/libpcre32_la-pcre32_config.Tpo .deps/libpcre32_la-pcre32_config.Plo
/bin/sh ./libtool  --tag=CC   --mode=compile gcc -DHAVE_CONFIG_H -I.    -fvisibility=hidden    -O2 -mabi=lp64d -march=rv64gc -MT libpcre32_la-pcre32_get.lo -MD -MP -MF .deps/libpcre32_la-pcre32_get.Tpo -c -o libpcre32_la-pcre32_get.lo `test -f 'pcre32_get.c' || echo './'`pcre32_get.c
libtool: compile:  gcc -DHAVE_CONFIG_H -I. -fvisibility=hidden -O2 -mabi=lp64d -march=rv64gc -MT libpcre32_la-pcre32_get.lo -MD -MP -MF .deps/libpcre32_la-pcre32_get.Tpo -c pcre32_get.c  -fPIC -DPIC -o .libs/libpcre32_la-pcre32_get.o
mv -f .deps/libpcre32_la-pcre32_fullinfo.Tpo .deps/libpcre32_la-pcre32_fullinfo.Plo
/bin/sh ./libtool  --tag=CC   --mode=compile gcc -DHAVE_CONFIG_H -I.    -fvisibility=hidden    -O2 -mabi=lp64d -march=rv64gc -MT libpcre32_la-pcre32_globals.lo -MD -MP -MF .deps/libpcre32_la-pcre32_globals.Tpo -c -o libpcre32_la-pcre32_globals.lo `test -f 'pcre32_globals.c' || echo './'`pcre32_globals.c
libtool: compile:  gcc -DHAVE_CONFIG_H -I. -fvisibility=hidden -O2 -mabi=lp64d -march=rv64gc -MT libpcre32_la-pcre32_globals.lo -MD -MP -MF .deps/libpcre32_la-pcre32_globals.Tpo -c pcre32_globals.c  -fPIC -DPIC -o .libs/libpcre32_la-pcre32_globals.o
mv -f .deps/libpcre32_la-pcre32_globals.Tpo .deps/libpcre32_la-pcre32_globals.Plo
/bin/sh ./libtool  --tag=CC   --mode=compile gcc -DHAVE_CONFIG_H -I.    -fvisibility=hidden    -O2 -mabi=lp64d -march=rv64gc -MT libpcre32_la-pcre32_jit_compile.lo -MD -MP -MF .deps/libpcre32_la-pcre32_jit_compile.Tpo -c -o libpcre32_la-pcre32_jit_compile.lo `test -f 'pcre32_jit_compile.c' || echo './'`pcre32_jit_compile.c
mv -f .deps/libpcre32_la-pcre32_get.Tpo .deps/libpcre32_la-pcre32_get.Plo
/bin/sh ./libtool  --tag=CC   --mode=compile gcc -DHAVE_CONFIG_H -I.    -fvisibility=hidden    -O2 -mabi=lp64d -march=rv64gc -MT libpcre32_la-pcre32_maketables.lo -MD -MP -MF .deps/libpcre32_la-pcre32_maketables.Tpo -c -o libpcre32_la-pcre32_maketables.lo `test -f 'pcre32_maketables.c' || echo './'`pcre32_maketables.c
libtool: compile:  gcc -DHAVE_CONFIG_H -I. -fvisibility=hidden -O2 -mabi=lp64d -march=rv64gc -MT libpcre32_la-pcre32_jit_compile.lo -MD -MP -MF .deps/libpcre32_la-pcre32_jit_compile.Tpo -c pcre32_jit_compile.c  -fPIC -DPIC -o .libs/libpcre32_la-pcre32_jit_compile.o
libtool: compile:  gcc -DHAVE_CONFIG_H -I. -fvisibility=hidden -O2 -mabi=lp64d -march=rv64gc -MT libpcre32_la-pcre32_maketables.lo -MD -MP -MF .deps/libpcre32_la-pcre32_maketables.Tpo -c pcre32_maketables.c  -fPIC -DPIC -o .libs/libpcre32_la-pcre32_maketables.o
mv -f .deps/libpcre32_la-pcre32_jit_compile.Tpo .deps/libpcre32_la-pcre32_jit_compile.Plo
/bin/sh ./libtool  --tag=CC   --mode=compile gcc -DHAVE_CONFIG_H -I.    -fvisibility=hidden    -O2 -mabi=lp64d -march=rv64gc -MT libpcre32_la-pcre32_newline.lo -MD -MP -MF .deps/libpcre32_la-pcre32_newline.Tpo -c -o libpcre32_la-pcre32_newline.lo `test -f 'pcre32_newline.c' || echo './'`pcre32_newline.c
libtool: compile:  gcc -DHAVE_CONFIG_H -I. -fvisibility=hidden -O2 -mabi=lp64d -march=rv64gc -MT libpcre32_la-pcre32_newline.lo -MD -MP -MF .deps/libpcre32_la-pcre32_newline.Tpo -c pcre32_newline.c  -fPIC -DPIC -o .libs/libpcre32_la-pcre32_newline.o
mv -f .deps/libpcre16_la-pcre16_compile.Tpo .deps/libpcre16_la-pcre16_compile.Plo
/bin/sh ./libtool  --tag=CC   --mode=compile gcc -DHAVE_CONFIG_H -I.    -fvisibility=hidden    -O2 -mabi=lp64d -march=rv64gc -MT libpcre32_la-pcre32_ord2utf32.lo -MD -MP -MF .deps/libpcre32_la-pcre32_ord2utf32.Tpo -c -o libpcre32_la-pcre32_ord2utf32.lo `test -f 'pcre32_ord2utf32.c' || echo './'`pcre32_ord2utf32.c
mv -f .deps/libpcre32_la-pcre32_maketables.Tpo .deps/libpcre32_la-pcre32_maketables.Plo
/bin/sh ./libtool  --tag=CC   --mode=compile gcc -DHAVE_CONFIG_H -I.    -fvisibility=hidden    -O2 -mabi=lp64d -march=rv64gc -MT libpcre32_la-pcre32_refcount.lo -MD -MP -MF .deps/libpcre32_la-pcre32_refcount.Tpo -c -o libpcre32_la-pcre32_refcount.lo `test -f 'pcre32_refcount.c' || echo './'`pcre32_refcount.c
libtool: compile:  gcc -DHAVE_CONFIG_H -I. -fvisibility=hidden -O2 -mabi=lp64d -march=rv64gc -MT libpcre32_la-pcre32_ord2utf32.lo -MD -MP -MF .deps/libpcre32_la-pcre32_ord2utf32.Tpo -c pcre32_ord2utf32.c  -fPIC -DPIC -o .libs/libpcre32_la-pcre32_ord2utf32.o
mv -f .deps/libpcre32_la-pcre32_newline.Tpo .deps/libpcre32_la-pcre32_newline.Plo
/bin/sh ./libtool  --tag=CC   --mode=compile gcc -DHAVE_CONFIG_H -I.    -fvisibility=hidden    -O2 -mabi=lp64d -march=rv64gc -MT libpcre32_la-pcre32_string_utils.lo -MD -MP -MF .deps/libpcre32_la-pcre32_string_utils.Tpo -c -o libpcre32_la-pcre32_string_utils.lo `test -f 'pcre32_string_utils.c' || echo './'`pcre32_string_utils.c
libtool: compile:  gcc -DHAVE_CONFIG_H -I. -fvisibility=hidden -O2 -mabi=lp64d -march=rv64gc -MT libpcre32_la-pcre32_refcount.lo -MD -MP -MF .deps/libpcre32_la-pcre32_refcount.Tpo -c pcre32_refcount.c  -fPIC -DPIC -o .libs/libpcre32_la-pcre32_refcount.o
libtool: compile:  gcc -DHAVE_CONFIG_H -I. -fvisibility=hidden -O2 -mabi=lp64d -march=rv64gc -MT libpcre32_la-pcre32_string_utils.lo -MD -MP -MF .deps/libpcre32_la-pcre32_string_utils.Tpo -c pcre32_string_utils.c  -fPIC -DPIC -o .libs/libpcre32_la-pcre32_string_utils.o
mv -f .deps/libpcre32_la-pcre32_ord2utf32.Tpo .deps/libpcre32_la-pcre32_ord2utf32.Plo
/bin/sh ./libtool  --tag=CC   --mode=compile gcc -DHAVE_CONFIG_H -I.    -fvisibility=hidden    -O2 -mabi=lp64d -march=rv64gc -MT libpcre32_la-pcre32_study.lo -MD -MP -MF .deps/libpcre32_la-pcre32_study.Tpo -c -o libpcre32_la-pcre32_study.lo `test -f 'pcre32_study.c' || echo './'`pcre32_study.c
libtool: compile:  gcc -DHAVE_CONFIG_H -I. -fvisibility=hidden -O2 -mabi=lp64d -march=rv64gc -MT libpcre32_la-pcre32_study.lo -MD -MP -MF .deps/libpcre32_la-pcre32_study.Tpo -c pcre32_study.c  -fPIC -DPIC -o .libs/libpcre32_la-pcre32_study.o
mv -f .deps/libpcre32_la-pcre32_refcount.Tpo .deps/libpcre32_la-pcre32_refcount.Plo
/bin/sh ./libtool  --tag=CC   --mode=compile gcc -DHAVE_CONFIG_H -I.    -fvisibility=hidden    -O2 -mabi=lp64d -march=rv64gc -MT libpcre32_la-pcre32_tables.lo -MD -MP -MF .deps/libpcre32_la-pcre32_tables.Tpo -c -o libpcre32_la-pcre32_tables.lo `test -f 'pcre32_tables.c' || echo './'`pcre32_tables.c
libtool: compile:  gcc -DHAVE_CONFIG_H -I. -fvisibility=hidden -O2 -mabi=lp64d -march=rv64gc -MT libpcre32_la-pcre32_tables.lo -MD -MP -MF .deps/libpcre32_la-pcre32_tables.Tpo -c pcre32_tables.c  -fPIC -DPIC -o .libs/libpcre32_la-pcre32_tables.o
mv -f .deps/libpcre32_la-pcre32_string_utils.Tpo .deps/libpcre32_la-pcre32_string_utils.Plo
/bin/sh ./libtool  --tag=CC   --mode=compile gcc -DHAVE_CONFIG_H -I.    -fvisibility=hidden    -O2 -mabi=lp64d -march=rv64gc -MT libpcre32_la-pcre32_ucd.lo -MD -MP -MF .deps/libpcre32_la-pcre32_ucd.Tpo -c -o libpcre32_la-pcre32_ucd.lo `test -f 'pcre32_ucd.c' || echo './'`pcre32_ucd.c
mv -f .deps/libpcre32_la-pcre32_tables.Tpo .deps/libpcre32_la-pcre32_tables.Plo
/bin/sh ./libtool  --tag=CC   --mode=compile gcc -DHAVE_CONFIG_H -I.    -fvisibility=hidden    -O2 -mabi=lp64d -march=rv64gc -MT libpcre32_la-pcre32_utf32_utils.lo -MD -MP -MF .deps/libpcre32_la-pcre32_utf32_utils.Tpo -c -o libpcre32_la-pcre32_utf32_utils.lo `test -f 'pcre32_utf32_utils.c' || echo './'`pcre32_utf32_utils.c
libtool: compile:  gcc -DHAVE_CONFIG_H -I. -fvisibility=hidden -O2 -mabi=lp64d -march=rv64gc -MT libpcre32_la-pcre32_ucd.lo -MD -MP -MF .deps/libpcre32_la-pcre32_ucd.Tpo -c pcre32_ucd.c  -fPIC -DPIC -o .libs/libpcre32_la-pcre32_ucd.o
libtool: compile:  gcc -DHAVE_CONFIG_H -I. -fvisibility=hidden -O2 -mabi=lp64d -march=rv64gc -MT libpcre32_la-pcre32_utf32_utils.lo -MD -MP -MF .deps/libpcre32_la-pcre32_utf32_utils.Tpo -c pcre32_utf32_utils.c  -fPIC -DPIC -o .libs/libpcre32_la-pcre32_utf32_utils.o
mv -f .deps/libpcre32_la-pcre32_ucd.Tpo .deps/libpcre32_la-pcre32_ucd.Plo
/bin/sh ./libtool  --tag=CC   --mode=compile gcc -DHAVE_CONFIG_H -I.    -fvisibility=hidden    -O2 -mabi=lp64d -march=rv64gc -MT libpcre32_la-pcre32_valid_utf32.lo -MD -MP -MF .deps/libpcre32_la-pcre32_valid_utf32.Tpo -c -o libpcre32_la-pcre32_valid_utf32.lo `test -f 'pcre32_valid_utf32.c' || echo './'`pcre32_valid_utf32.c
libtool: compile:  gcc -DHAVE_CONFIG_H -I. -fvisibility=hidden -O2 -mabi=lp64d -march=rv64gc -MT libpcre32_la-pcre32_valid_utf32.lo -MD -MP -MF .deps/libpcre32_la-pcre32_valid_utf32.Tpo -c pcre32_valid_utf32.c  -fPIC -DPIC -o .libs/libpcre32_la-pcre32_valid_utf32.o
mv -f .deps/libpcre32_la-pcre32_utf32_utils.Tpo .deps/libpcre32_la-pcre32_utf32_utils.Plo
/bin/sh ./libtool  --tag=CC   --mode=compile gcc -DHAVE_CONFIG_H -I.    -fvisibility=hidden    -O2 -mabi=lp64d -march=rv64gc -MT libpcre32_la-pcre32_version.lo -MD -MP -MF .deps/libpcre32_la-pcre32_version.Tpo -c -o libpcre32_la-pcre32_version.lo `test -f 'pcre32_version.c' || echo './'`pcre32_version.c
mv -f .deps/libpcre32_la-pcre32_study.Tpo .deps/libpcre32_la-pcre32_study.Plo
/bin/sh ./libtool  --tag=CC   --mode=compile gcc -DHAVE_CONFIG_H -I.    -fvisibility=hidden    -O2 -mabi=lp64d -march=rv64gc -MT libpcre32_la-pcre32_xclass.lo -MD -MP -MF .deps/libpcre32_la-pcre32_xclass.Tpo -c -o libpcre32_la-pcre32_xclass.lo `test -f 'pcre32_xclass.c' || echo './'`pcre32_xclass.c
libtool: compile:  gcc -DHAVE_CONFIG_H -I. -fvisibility=hidden -O2 -mabi=lp64d -march=rv64gc -MT libpcre32_la-pcre32_version.lo -MD -MP -MF .deps/libpcre32_la-pcre32_version.Tpo -c pcre32_version.c  -fPIC -DPIC -o .libs/libpcre32_la-pcre32_version.o
libtool: compile:  gcc -DHAVE_CONFIG_H -I. -fvisibility=hidden -O2 -mabi=lp64d -march=rv64gc -MT libpcre32_la-pcre32_xclass.lo -MD -MP -MF .deps/libpcre32_la-pcre32_xclass.Tpo -c pcre32_xclass.c  -fPIC -DPIC -o .libs/libpcre32_la-pcre32_xclass.o
mv -f .deps/libpcre32_la-pcre32_valid_utf32.Tpo .deps/libpcre32_la-pcre32_valid_utf32.Plo
/bin/sh ./libtool  --tag=CC   --mode=compile gcc -DHAVE_CONFIG_H -I.    -fvisibility=hidden    -O2 -mabi=lp64d -march=rv64gc -MT libpcre32_la-pcre_chartables.lo -MD -MP -MF .deps/libpcre32_la-pcre_chartables.Tpo -c -o libpcre32_la-pcre_chartables.lo `test -f 'pcre_chartables.c' || echo './'`pcre_chartables.c
mv -f .deps/libpcre32_la-pcre32_version.Tpo .deps/libpcre32_la-pcre32_version.Plo
gcc -DHAVE_CONFIG_H -I.      -O2 -mabi=lp64d -march=rv64gc -MT pcregrep-pcregrep.o -MD -MP -MF .deps/pcregrep-pcregrep.Tpo -c -o pcregrep-pcregrep.o `test -f 'pcregrep.c' || echo './'`pcregrep.c
libtool: compile:  gcc -DHAVE_CONFIG_H -I. -fvisibility=hidden -O2 -mabi=lp64d -march=rv64gc -MT libpcre32_la-pcre_chartables.lo -MD -MP -MF .deps/libpcre32_la-pcre_chartables.Tpo -c pcre_chartables.c  -fPIC -DPIC -o .libs/libpcre32_la-pcre_chartables.o
mv -f .deps/libpcre32_la-pcre_chartables.Tpo .deps/libpcre32_la-pcre_chartables.Plo
g++ -DHAVE_CONFIG_H -I.     -O2 -mabi=lp64d -march=rv64gc -MT pcrecpp_unittest-pcrecpp_unittest.o -MD -MP -MF .deps/pcrecpp_unittest-pcrecpp_unittest.Tpo -c -o pcrecpp_unittest-pcrecpp_unittest.o `test -f 'pcrecpp_unittest.cc' || echo './'`pcrecpp_unittest.cc
mv -f .deps/libpcre32_la-pcre32_xclass.Tpo .deps/libpcre32_la-pcre32_xclass.Plo
/bin/sh ./libtool  --tag=CXX   --mode=compile g++ -DHAVE_CONFIG_H -I.    -fvisibility=hidden -fvisibility-inlines-hidden   -O2 -mabi=lp64d -march=rv64gc -MT libpcrecpp_la-pcrecpp.lo -MD -MP -MF .deps/libpcrecpp_la-pcrecpp.Tpo -c -o libpcrecpp_la-pcrecpp.lo `test -f 'pcrecpp.cc' || echo './'`pcrecpp.cc
libtool: compile:  g++ -DHAVE_CONFIG_H -I. -fvisibility=hidden -fvisibility-inlines-hidden -O2 -mabi=lp64d -march=rv64gc -MT libpcrecpp_la-pcrecpp.lo -MD -MP -MF .deps/libpcrecpp_la-pcrecpp.Tpo -c pcrecpp.cc  -fPIC -DPIC -o .libs/libpcrecpp_la-pcrecpp.o
mv -f .deps/libpcre16_la-pcre16_exec.Tpo .deps/libpcre16_la-pcre16_exec.Plo
/bin/sh ./libtool  --tag=CXX   --mode=compile g++ -DHAVE_CONFIG_H -I.    -fvisibility=hidden -fvisibility-inlines-hidden   -O2 -mabi=lp64d -march=rv64gc -MT libpcrecpp_la-pcre_scanner.lo -MD -MP -MF .deps/libpcrecpp_la-pcre_scanner.Tpo -c -o libpcrecpp_la-pcre_scanner.lo `test -f 'pcre_scanner.cc' || echo './'`pcre_scanner.cc
mv -f .deps/libpcre32_la-pcre32_dfa_exec.Tpo .deps/libpcre32_la-pcre32_dfa_exec.Plo
/bin/sh ./libtool  --tag=CXX   --mode=compile g++ -DHAVE_CONFIG_H -I.    -fvisibility=hidden -fvisibility-inlines-hidden   -O2 -mabi=lp64d -march=rv64gc -MT libpcrecpp_la-pcre_stringpiece.lo -MD -MP -MF .deps/libpcrecpp_la-pcre_stringpiece.Tpo -c -o libpcrecpp_la-pcre_stringpiece.lo `test -f 'pcre_stringpiece.cc' || echo './'`pcre_stringpiece.cc
libtool: compile:  g++ -DHAVE_CONFIG_H -I. -fvisibility=hidden -fvisibility-inlines-hidden -O2 -mabi=lp64d -march=rv64gc -MT libpcrecpp_la-pcre_scanner.lo -MD -MP -MF .deps/libpcrecpp_la-pcre_scanner.Tpo -c pcre_scanner.cc  -fPIC -DPIC -o .libs/libpcrecpp_la-pcre_scanner.o
libtool: compile:  g++ -DHAVE_CONFIG_H -I. -fvisibility=hidden -fvisibility-inlines-hidden -O2 -mabi=lp64d -march=rv64gc -MT libpcrecpp_la-pcre_stringpiece.lo -MD -MP -MF .deps/libpcrecpp_la-pcre_stringpiece.Tpo -c pcre_stringpiece.cc  -fPIC -DPIC -o .libs/libpcrecpp_la-pcre_stringpiece.o
mv -f .deps/pcregrep-pcregrep.Tpo .deps/pcregrep-pcregrep.Po
g++ -DHAVE_CONFIG_H -I.     -O2 -mabi=lp64d -march=rv64gc -MT pcre_scanner_unittest-pcre_scanner_unittest.o -MD -MP -MF .deps/pcre_scanner_unittest-pcre_scanner_unittest.Tpo -c -o pcre_scanner_unittest-pcre_scanner_unittest.o `test -f 'pcre_scanner_unittest.cc' || echo './'`pcre_scanner_unittest.cc
mv -f .deps/libpcre32_la-pcre32_compile.Tpo .deps/libpcre32_la-pcre32_compile.Plo
g++ -DHAVE_CONFIG_H -I.     -O2 -mabi=lp64d -march=rv64gc -MT pcre_stringpiece_unittest-pcre_stringpiece_unittest.o -MD -MP -MF .deps/pcre_stringpiece_unittest-pcre_stringpiece_unittest.Tpo -c -o pcre_stringpiece_unittest-pcre_stringpiece_unittest.o `test -f 'pcre_stringpiece_unittest.cc' || echo './'`pcre_stringpiece_unittest.cc
mv -f .deps/libpcrecpp_la-pcre_stringpiece.Tpo .deps/libpcrecpp_la-pcre_stringpiece.Plo
/bin/sh ./libtool  --tag=CC   --mode=link gcc -fvisibility=hidden    -O2 -mabi=lp64d -march=rv64gc -version-info 2:13:2  -o libpcre16.la -rpath /usr/lib libpcre16_la-pcre16_byte_order.lo libpcre16_la-pcre16_chartables.lo libpcre16_la-pcre16_compile.lo libpcre16_la-pcre16_config.lo libpcre16_la-pcre16_dfa_exec.lo libpcre16_la-pcre16_exec.lo libpcre16_la-pcre16_fullinfo.lo libpcre16_la-pcre16_get.lo libpcre16_la-pcre16_globals.lo libpcre16_la-pcre16_jit_compile.lo libpcre16_la-pcre16_maketables.lo libpcre16_la-pcre16_newline.lo libpcre16_la-pcre16_ord2utf16.lo libpcre16_la-pcre16_refcount.lo libpcre16_la-pcre16_string_utils.lo libpcre16_la-pcre16_study.lo libpcre16_la-pcre16_tables.lo libpcre16_la-pcre16_ucd.lo libpcre16_la-pcre16_utf16_utils.lo libpcre16_la-pcre16_valid_utf16.lo libpcre16_la-pcre16_version.lo libpcre16_la-pcre16_xclass.lo libpcre16_la-pcre_chartables.lo  
mv -f .deps/libpcrecpp_la-pcre_scanner.Tpo .deps/libpcrecpp_la-pcre_scanner.Plo
libtool: link: gcc -shared  -fPIC -DPIC  .libs/libpcre16_la-pcre16_byte_order.o .libs/libpcre16_la-pcre16_chartables.o .libs/libpcre16_la-pcre16_compile.o .libs/libpcre16_la-pcre16_config.o .libs/libpcre16_la-pcre16_dfa_exec.o .libs/libpcre16_la-pcre16_exec.o .libs/libpcre16_la-pcre16_fullinfo.o .libs/libpcre16_la-pcre16_get.o .libs/libpcre16_la-pcre16_globals.o .libs/libpcre16_la-pcre16_jit_compile.o .libs/libpcre16_la-pcre16_maketables.o .libs/libpcre16_la-pcre16_newline.o .libs/libpcre16_la-pcre16_ord2utf16.o .libs/libpcre16_la-pcre16_refcount.o .libs/libpcre16_la-pcre16_string_utils.o .libs/libpcre16_la-pcre16_study.o .libs/libpcre16_la-pcre16_tables.o .libs/libpcre16_la-pcre16_ucd.o .libs/libpcre16_la-pcre16_utf16_utils.o .libs/libpcre16_la-pcre16_valid_utf16.o .libs/libpcre16_la-pcre16_version.o .libs/libpcre16_la-pcre16_xclass.o .libs/libpcre16_la-pcre_chartables.o    -O2 -mabi=lp64d -march=rv64gc   -Wl,-soname -Wl,libpcre16.so.0 -o .libs/libpcre16.so.0.2.13
libtool: link: (cd ".libs" && rm -f "libpcre16.so.0" && ln -s "libpcre16.so.0.2.13" "libpcre16.so.0")
libtool: link: (cd ".libs" && rm -f "libpcre16.so" && ln -s "libpcre16.so.0.2.13" "libpcre16.so")
libtool: link: ( cd ".libs" && rm -f "libpcre16.la" && ln -s "../libpcre16.la" "libpcre16.la" )
mv -f .deps/libpcrecpp_la-pcrecpp.Tpo .deps/libpcrecpp_la-pcrecpp.Plo
mv -f .deps/libpcre_la-pcre_exec.Tpo .deps/libpcre_la-pcre_exec.Plo
/bin/sh ./libtool  --tag=CC   --mode=link gcc -fvisibility=hidden    -O2 -mabi=lp64d -march=rv64gc -version-info 3:13:2  -o libpcre.la -rpath /usr/lib libpcre_la-pcre_byte_order.lo libpcre_la-pcre_compile.lo libpcre_la-pcre_config.lo libpcre_la-pcre_dfa_exec.lo libpcre_la-pcre_exec.lo libpcre_la-pcre_fullinfo.lo libpcre_la-pcre_get.lo libpcre_la-pcre_globals.lo libpcre_la-pcre_jit_compile.lo libpcre_la-pcre_maketables.lo libpcre_la-pcre_newline.lo libpcre_la-pcre_ord2utf8.lo libpcre_la-pcre_refcount.lo libpcre_la-pcre_string_utils.lo libpcre_la-pcre_study.lo libpcre_la-pcre_tables.lo libpcre_la-pcre_ucd.lo libpcre_la-pcre_valid_utf8.lo libpcre_la-pcre_version.lo libpcre_la-pcre_xclass.lo libpcre_la-pcre_chartables.lo  
libtool: link: gcc -shared  -fPIC -DPIC  .libs/libpcre_la-pcre_byte_order.o .libs/libpcre_la-pcre_compile.o .libs/libpcre_la-pcre_config.o .libs/libpcre_la-pcre_dfa_exec.o .libs/libpcre_la-pcre_exec.o .libs/libpcre_la-pcre_fullinfo.o .libs/libpcre_la-pcre_get.o .libs/libpcre_la-pcre_globals.o .libs/libpcre_la-pcre_jit_compile.o .libs/libpcre_la-pcre_maketables.o .libs/libpcre_la-pcre_newline.o .libs/libpcre_la-pcre_ord2utf8.o .libs/libpcre_la-pcre_refcount.o .libs/libpcre_la-pcre_string_utils.o .libs/libpcre_la-pcre_study.o .libs/libpcre_la-pcre_tables.o .libs/libpcre_la-pcre_ucd.o .libs/libpcre_la-pcre_valid_utf8.o .libs/libpcre_la-pcre_version.o .libs/libpcre_la-pcre_xclass.o .libs/libpcre_la-pcre_chartables.o    -O2 -mabi=lp64d -march=rv64gc   -Wl,-soname -Wl,libpcre.so.1 -o .libs/libpcre.so.1.2.13
libtool: link: (cd ".libs" && rm -f "libpcre.so.1" && ln -s "libpcre.so.1.2.13" "libpcre.so.1")
libtool: link: (cd ".libs" && rm -f "libpcre.so" && ln -s "libpcre.so.1.2.13" "libpcre.so")
libtool: link: ( cd ".libs" && rm -f "libpcre.la" && ln -s "../libpcre.la" "libpcre.la" )
/bin/sh ./libtool  --tag=CC   --mode=link gcc -fvisibility=hidden   -O2 -mabi=lp64d -march=rv64gc -version-info 0:7:0  -o libpcreposix.la -rpath /usr/lib libpcreposix_la-pcreposix.lo libpcre.la 
/bin/sh ./libtool  --tag=CXX   --mode=link g++ -fvisibility=hidden -fvisibility-inlines-hidden   -O2 -mabi=lp64d -march=rv64gc -version-info 0:2:0                             -o libpcrecpp.la -rpath /usr/lib libpcrecpp_la-pcrecpp.lo libpcrecpp_la-pcre_scanner.lo libpcrecpp_la-pcre_stringpiece.lo libpcre.la 
mv -f .deps/libpcre32_la-pcre32_exec.Tpo .deps/libpcre32_la-pcre32_exec.Plo
/bin/sh ./libtool  --tag=CC   --mode=link gcc -fvisibility=hidden    -O2 -mabi=lp64d -march=rv64gc -version-info 0:13:0  -o libpcre32.la -rpath /usr/lib libpcre32_la-pcre32_byte_order.lo libpcre32_la-pcre32_chartables.lo libpcre32_la-pcre32_compile.lo libpcre32_la-pcre32_config.lo libpcre32_la-pcre32_dfa_exec.lo libpcre32_la-pcre32_exec.lo libpcre32_la-pcre32_fullinfo.lo libpcre32_la-pcre32_get.lo libpcre32_la-pcre32_globals.lo libpcre32_la-pcre32_jit_compile.lo libpcre32_la-pcre32_maketables.lo libpcre32_la-pcre32_newline.lo libpcre32_la-pcre32_ord2utf32.lo libpcre32_la-pcre32_refcount.lo libpcre32_la-pcre32_string_utils.lo libpcre32_la-pcre32_study.lo libpcre32_la-pcre32_tables.lo libpcre32_la-pcre32_ucd.lo libpcre32_la-pcre32_utf32_utils.lo libpcre32_la-pcre32_valid_utf32.lo libpcre32_la-pcre32_version.lo libpcre32_la-pcre32_xclass.lo libpcre32_la-pcre_chartables.lo  
libtool: link: gcc -shared  -fPIC -DPIC  .libs/libpcreposix_la-pcreposix.o   -Wl,-rpath -Wl,/home/devel/building/work/src/pcre-8.45/.libs ./.libs/libpcre.so  -O2 -mabi=lp64d -march=rv64gc   -Wl,-soname -Wl,libpcreposix.so.0 -o .libs/libpcreposix.so.0.0.7
mv -f .deps/pcre_scanner_unittest-pcre_scanner_unittest.Tpo .deps/pcre_scanner_unittest-pcre_scanner_unittest.Po
libtool: link: (cd ".libs" && rm -f "libpcreposix.so.0" && ln -s "libpcreposix.so.0.0.7" "libpcreposix.so.0")
libtool: link: (cd ".libs" && rm -f "libpcreposix.so" && ln -s "libpcreposix.so.0.0.7" "libpcreposix.so")
libtool: link: g++  -fPIC -DPIC -shared -nostdlib /usr/lib/gcc/riscv64-unknown-linux-gnu/13.0.1/crti.o /usr/lib/gcc/riscv64-unknown-linux-gnu/13.0.1/crtbeginS.o  .libs/libpcrecpp_la-pcrecpp.o .libs/libpcrecpp_la-pcre_scanner.o .libs/libpcrecpp_la-pcre_stringpiece.o   -Wl,-rpath -Wl,/home/devel/building/work/src/pcre-8.45/.libs ./.libs/libpcre.so -L/usr/lib/gcc/riscv64-unknown-linux-gnu/13.0.1 /usr/lib/libstdc++.so -lm -lc -lgcc_s /usr/lib/gcc/riscv64-unknown-linux-gnu/13.0.1/crtendS.o /usr/lib/gcc/riscv64-unknown-linux-gnu/13.0.1/crtn.o  -O2 -mabi=lp64d -march=rv64gc   -Wl,-soname -Wl,libpcrecpp.so.0 -o .libs/libpcrecpp.so.0.0.2
libtool: link: ( cd ".libs" && rm -f "libpcreposix.la" && ln -s "../libpcreposix.la" "libpcreposix.la" )
/bin/sh ./libtool  --tag=CC   --mode=link gcc   -O2 -mabi=lp64d -march=rv64gc   -o pcregrep pcregrep-pcregrep.o -lz  libpcre.la libpcreposix.la  
libtool: link: gcc -shared  -fPIC -DPIC  .libs/libpcre32_la-pcre32_byte_order.o .libs/libpcre32_la-pcre32_chartables.o .libs/libpcre32_la-pcre32_compile.o .libs/libpcre32_la-pcre32_config.o .libs/libpcre32_la-pcre32_dfa_exec.o .libs/libpcre32_la-pcre32_exec.o .libs/libpcre32_la-pcre32_fullinfo.o .libs/libpcre32_la-pcre32_get.o .libs/libpcre32_la-pcre32_globals.o .libs/libpcre32_la-pcre32_jit_compile.o .libs/libpcre32_la-pcre32_maketables.o .libs/libpcre32_la-pcre32_newline.o .libs/libpcre32_la-pcre32_ord2utf32.o .libs/libpcre32_la-pcre32_refcount.o .libs/libpcre32_la-pcre32_string_utils.o .libs/libpcre32_la-pcre32_study.o .libs/libpcre32_la-pcre32_tables.o .libs/libpcre32_la-pcre32_ucd.o .libs/libpcre32_la-pcre32_utf32_utils.o .libs/libpcre32_la-pcre32_valid_utf32.o .libs/libpcre32_la-pcre32_version.o .libs/libpcre32_la-pcre32_xclass.o .libs/libpcre32_la-pcre_chartables.o    -O2 -mabi=lp64d -march=rv64gc   -Wl,-soname -Wl,libpcre32.so.0 -o .libs/libpcre32.so.0.0.13
libtool: link: (cd ".libs" && rm -f "libpcrecpp.so.0" && ln -s "libpcrecpp.so.0.0.2" "libpcrecpp.so.0")
libtool: link: (cd ".libs" && rm -f "libpcrecpp.so" && ln -s "libpcrecpp.so.0.0.2" "libpcrecpp.so")
libtool: link: (cd ".libs" && rm -f "libpcre32.so.0" && ln -s "libpcre32.so.0.0.13" "libpcre32.so.0")
libtool: link: (cd ".libs" && rm -f "libpcre32.so" && ln -s "libpcre32.so.0.0.13" "libpcre32.so")
libtool: link: ( cd ".libs" && rm -f "libpcrecpp.la" && ln -s "../libpcrecpp.la" "libpcrecpp.la" )
libtool: link: ( cd ".libs" && rm -f "libpcre32.la" && ln -s "../libpcre32.la" "libpcre32.la" )
/bin/sh ./libtool  --tag=CXX   --mode=link g++  -O2 -mabi=lp64d -march=rv64gc   -o pcre_scanner_unittest pcre_scanner_unittest-pcre_scanner_unittest.o libpcrecpp.la  
/bin/sh ./libtool  --tag=CC   --mode=link gcc    -O2 -mabi=lp64d -march=rv64gc   -o pcretest pcretest-pcretest.o pcretest-pcre_printint.o pcretest-pcre16_printint.o pcretest-pcre32_printint.o -lreadline libpcre.la libpcreposix.la libpcre16.la libpcre32.la  
libtool: link: gcc -O2 -mabi=lp64d -march=rv64gc -o .libs/pcregrep pcregrep-pcregrep.o  -lz ./.libs/libpcre.so ./.libs/libpcreposix.so /home/devel/building/work/src/pcre-8.45/.libs/libpcre.so
mv -f .deps/pcre_stringpiece_unittest-pcre_stringpiece_unittest.Tpo .deps/pcre_stringpiece_unittest-pcre_stringpiece_unittest.Po
/bin/sh ./libtool  --tag=CXX   --mode=link g++  -O2 -mabi=lp64d -march=rv64gc   -o pcre_stringpiece_unittest pcre_stringpiece_unittest-pcre_stringpiece_unittest.o libpcrecpp.la  
libtool: link: g++ -O2 -mabi=lp64d -march=rv64gc -o .libs/pcre_scanner_unittest pcre_scanner_unittest-pcre_scanner_unittest.o  ./.libs/libpcrecpp.so /home/devel/building/work/src/pcre-8.45/.libs/libpcre.so /usr/lib/libstdc++.so -lm
libtool: link: gcc -O2 -mabi=lp64d -march=rv64gc -o .libs/pcretest pcretest-pcretest.o pcretest-pcre_printint.o pcretest-pcre16_printint.o pcretest-pcre32_printint.o  -lreadline ./.libs/libpcre.so ./.libs/libpcreposix.so /home/devel/building/work/src/pcre-8.45/.libs/libpcre.so ./.libs/libpcre16.so ./.libs/libpcre32.so
libtool: link: g++ -O2 -mabi=lp64d -march=rv64gc -o .libs/pcre_stringpiece_unittest pcre_stringpiece_unittest-pcre_stringpiece_unittest.o  ./.libs/libpcrecpp.so /home/devel/building/work/src/pcre-8.45/.libs/libpcre.so /usr/lib/libstdc++.so -lm
mv -f .deps/pcrecpp_unittest-pcrecpp_unittest.Tpo .deps/pcrecpp_unittest-pcrecpp_unittest.Po
/bin/sh ./libtool  --tag=CXX   --mode=link g++  -O2 -mabi=lp64d -march=rv64gc   -o pcrecpp_unittest pcrecpp_unittest-pcrecpp_unittest.o libpcrecpp.la  
libtool: link: g++ -O2 -mabi=lp64d -march=rv64gc -o .libs/pcrecpp_unittest pcrecpp_unittest-pcrecpp_unittest.o  ./.libs/libpcrecpp.so /home/devel/building/work/src/pcre-8.45/.libs/libpcre.so /usr/lib/libstdc++.so -lm
make[1]: Leaving directory '/home/devel/building/work/src/pcre-8.45'
+ make DESTDIR=/home/devel/building/work/pkg install
/usr/bin/make  install-am
make[1]: Entering directory '/home/devel/building/work/src/pcre-8.45'
make[2]: Entering directory '/home/devel/building/work/src/pcre-8.45'
 /bin/mkdir -p '/home/devel/building/work/pkg/usr/bin'
 /bin/mkdir -p '/home/devel/building/work/pkg/usr/share/doc/pcre'
 /bin/mkdir -p '/home/devel/building/work/pkg/usr/share/doc/pcre/html'
 /bin/mkdir -p '/home/devel/building/work/pkg/usr/include'
 /bin/mkdir -p '/home/devel/building/work/pkg/usr/share/doc/pcre/html'
 /bin/mkdir -p '/home/devel/building/work/pkg/usr/include'
 /usr/bin/install -c -m 644 doc/pcre.txt doc/pcre-config.txt doc/pcregrep.txt doc/pcretest.txt AUTHORS COPYING ChangeLog LICENCE NEWS README '/home/devel/building/work/pkg/usr/share/doc/pcre'
 /usr/bin/install -c pcre-config '/home/devel/building/work/pkg/usr/bin'
 /bin/mkdir -p '/home/devel/building/work/pkg/usr/share/man/man3'
 /bin/mkdir -p '/home/devel/building/work/pkg/usr/share/man/man1'
 /usr/bin/install -c -m 644 doc/html/NON-AUTOTOOLS-BUILD.txt doc/html/README.txt doc/html/index.html doc/html/pcre-config.html doc/html/pcre.html doc/html/pcre16.html doc/html/pcre32.html doc/html/pcre_assign_jit_stack.html doc/html/pcre_compile.html doc/html/pcre_compile2.html doc/html/pcre_config.html doc/html/pcre_copy_named_substring.html doc/html/pcre_copy_substring.html doc/html/pcre_dfa_exec.html doc/html/pcre_exec.html doc/html/pcre_free_study.html doc/html/pcre_free_substring.html doc/html/pcre_free_substring_list.html doc/html/pcre_fullinfo.html doc/html/pcre_get_named_substring.html doc/html/pcre_get_stringnumber.html doc/html/pcre_get_stringtable_entries.html doc/html/pcre_get_substring.html doc/html/pcre_get_substring_list.html doc/html/pcre_jit_exec.html doc/html/pcre_jit_stack_alloc.html doc/html/pcre_jit_stack_free.html doc/html/pcre_maketables.html doc/html/pcre_pattern_to_host_byte_order.html doc/html/pcre_refcount.html doc/html/pcre_study.html doc/html/pcre_utf16_to_host_byte_order.html doc/html/pcre_utf32_to_host_byte_order.html doc/html/pcre_version.html doc/html/pcreapi.html doc/html/pcrebuild.html doc/html/pcrecallout.html doc/html/pcrecompat.html doc/html/pcredemo.html doc/html/pcregrep.html '/home/devel/building/work/pkg/usr/share/doc/pcre/html'
 /usr/bin/install -c -m 644 doc/html/pcrecpp.html '/home/devel/building/work/pkg/usr/share/doc/pcre/html'
 /usr/bin/install -c -m 644 pcreposix.h pcrecpp.h pcre_scanner.h '/home/devel/building/work/pkg/usr/include'
 /usr/bin/install -c -m 644 doc/html/pcrejit.html doc/html/pcrelimits.html doc/html/pcrematching.html doc/html/pcrepartial.html doc/html/pcrepattern.html doc/html/pcreperform.html doc/html/pcreposix.html doc/html/pcreprecompile.html doc/html/pcresample.html doc/html/pcrestack.html doc/html/pcresyntax.html doc/html/pcretest.html doc/html/pcreunicode.html '/home/devel/building/work/pkg/usr/share/doc/pcre/html'
 /usr/bin/install -c -m 644 pcre.h pcrecpparg.h pcre_stringpiece.h '/home/devel/building/work/pkg/usr/include'
 /bin/mkdir -p '/home/devel/building/work/pkg/usr/lib'
 /bin/mkdir -p '/home/devel/building/work/pkg/usr/lib/pkgconfig'
 /bin/sh ./libtool   --mode=install /usr/bin/install -c   libpcre.la libpcre16.la libpcre32.la libpcreposix.la libpcrecpp.la '/home/devel/building/work/pkg/usr/lib'
 /usr/bin/install -c -m 644 doc/pcre.3 doc/pcre16.3 doc/pcre32.3 doc/pcre_assign_jit_stack.3 doc/pcre_compile.3 doc/pcre_compile2.3 doc/pcre_config.3 doc/pcre_copy_named_substring.3 doc/pcre_copy_substring.3 doc/pcre_dfa_exec.3 doc/pcre_exec.3 doc/pcre_free_study.3 doc/pcre_free_substring.3 doc/pcre_free_substring_list.3 doc/pcre_fullinfo.3 doc/pcre_get_named_substring.3 doc/pcre_get_stringnumber.3 doc/pcre_get_stringtable_entries.3 doc/pcre_get_substring.3 doc/pcre_get_substring_list.3 doc/pcre_jit_exec.3 doc/pcre_jit_stack_alloc.3 doc/pcre_jit_stack_free.3 doc/pcre_maketables.3 doc/pcre_pattern_to_host_byte_order.3 doc/pcre_refcount.3 doc/pcre_study.3 doc/pcre_utf16_to_host_byte_order.3 doc/pcre_utf32_to_host_byte_order.3 doc/pcre_version.3 doc/pcreapi.3 doc/pcrebuild.3 doc/pcrecallout.3 doc/pcrecompat.3 doc/pcredemo.3 doc/pcrejit.3 doc/pcrelimits.3 doc/pcrematching.3 doc/pcrepartial.3 doc/pcrepattern.3 '/home/devel/building/work/pkg/usr/share/man/man3'
 /usr/bin/install -c -m 644 doc/pcre-config.1 doc/pcregrep.1 doc/pcretest.1 '/home/devel/building/work/pkg/usr/share/man/man1'
 /usr/bin/install -c -m 644 doc/pcreperform.3 doc/pcreposix.3 doc/pcreprecompile.3 doc/pcresample.3 doc/pcrestack.3 doc/pcresyntax.3 doc/pcreunicode.3 doc/pcrecpp.3 '/home/devel/building/work/pkg/usr/share/man/man3'
 /usr/bin/install -c -m 644 libpcre.pc libpcreposix.pc libpcre16.pc libpcre32.pc libpcrecpp.pc '/home/devel/building/work/pkg/usr/lib/pkgconfig'
/usr/bin/make  install-data-hook
libtool: install: /usr/bin/install -c .libs/libpcre.so.1.2.13 /home/devel/building/work/pkg/usr/lib/libpcre.so.1.2.13
make[3]: Entering directory '/home/devel/building/work/src/pcre-8.45'
ln -sf pcre_assign_jit_stack.3		 /home/devel/building/work/pkg/usr/share/man/man3/pcre16_assign_jit_stack.3
ln -sf pcre_compile.3			 /home/devel/building/work/pkg/usr/share/man/man3/pcre16_compile.3
libtool: install: (cd /home/devel/building/work/pkg/usr/lib && { ln -s -f libpcre.so.1.2.13 libpcre.so.1 || { rm -f libpcre.so.1 && ln -s libpcre.so.1.2.13 libpcre.so.1; }; })
ln -sf pcre_compile2.3			 /home/devel/building/work/pkg/usr/share/man/man3/pcre16_compile2.3
ln -sf pcre_config.3			 /home/devel/building/work/pkg/usr/share/man/man3/pcre16_config.3
ln -sf pcre_copy_named_substring.3	 /home/devel/building/work/pkg/usr/share/man/man3/pcre16_copy_named_substring.3
libtool: install: (cd /home/devel/building/work/pkg/usr/lib && { ln -s -f libpcre.so.1.2.13 libpcre.so || { rm -f libpcre.so && ln -s libpcre.so.1.2.13 libpcre.so; }; })
ln -sf pcre_copy_substring.3		 /home/devel/building/work/pkg/usr/share/man/man3/pcre16_copy_substring.3
ln -sf pcre_dfa_exec.3			 /home/devel/building/work/pkg/usr/share/man/man3/pcre16_dfa_exec.3
ln -sf pcre_exec.3			 /home/devel/building/work/pkg/usr/share/man/man3/pcre16_exec.3
ln -sf pcre_free_study.3		 /home/devel/building/work/pkg/usr/share/man/man3/pcre16_free_study.3
ln -sf pcre_free_substring.3		 /home/devel/building/work/pkg/usr/share/man/man3/pcre16_free_substring.3
libtool: install: /usr/bin/install -c .libs/libpcre.lai /home/devel/building/work/pkg/usr/lib/libpcre.la
ln -sf pcre_free_substring_list.3	 /home/devel/building/work/pkg/usr/share/man/man3/pcre16_free_substring_list.3
ln -sf pcre_fullinfo.3			 /home/devel/building/work/pkg/usr/share/man/man3/pcre16_fullinfo.3
ln -sf pcre_get_named_substring.3	 /home/devel/building/work/pkg/usr/share/man/man3/pcre16_get_named_substring.3
ln -sf pcre_get_stringnumber.3		 /home/devel/building/work/pkg/usr/share/man/man3/pcre16_get_stringnumber.3
libtool: install: /usr/bin/install -c .libs/libpcre16.so.0.2.13 /home/devel/building/work/pkg/usr/lib/libpcre16.so.0.2.13
ln -sf pcre_get_stringtable_entries.3	 /home/devel/building/work/pkg/usr/share/man/man3/pcre16_get_stringtable_entries.3
ln -sf pcre_get_substring.3		 /home/devel/building/work/pkg/usr/share/man/man3/pcre16_get_substring.3
ln -sf pcre_get_substring_list.3	 /home/devel/building/work/pkg/usr/share/man/man3/pcre16_get_substring_list.3
libtool: install: (cd /home/devel/building/work/pkg/usr/lib && { ln -s -f libpcre16.so.0.2.13 libpcre16.so.0 || { rm -f libpcre16.so.0 && ln -s libpcre16.so.0.2.13 libpcre16.so.0; }; })
ln -sf pcre_jit_exec.3			 /home/devel/building/work/pkg/usr/share/man/man3/pcre16_jit_exec.3
ln -sf pcre_jit_stack_alloc.3		 /home/devel/building/work/pkg/usr/share/man/man3/pcre16_jit_stack_alloc.3
libtool: install: (cd /home/devel/building/work/pkg/usr/lib && { ln -s -f libpcre16.so.0.2.13 libpcre16.so || { rm -f libpcre16.so && ln -s libpcre16.so.0.2.13 libpcre16.so; }; })
ln -sf pcre_jit_stack_free.3		 /home/devel/building/work/pkg/usr/share/man/man3/pcre16_jit_stack_free.3
ln -sf pcre_maketables.3		 /home/devel/building/work/pkg/usr/share/man/man3/pcre16_maketables.3
ln -sf pcre_pattern_to_host_byte_order.3 /home/devel/building/work/pkg/usr/share/man/man3/pcre16_pattern_to_host_byte_order.3
ln -sf pcre_refcount.3			 /home/devel/building/work/pkg/usr/share/man/man3/pcre16_refcount.3
ln -sf pcre_study.3			 /home/devel/building/work/pkg/usr/share/man/man3/pcre16_study.3
libtool: install: /usr/bin/install -c .libs/libpcre16.lai /home/devel/building/work/pkg/usr/lib/libpcre16.la
ln -sf pcre_utf16_to_host_byte_order.3	 /home/devel/building/work/pkg/usr/share/man/man3/pcre16_utf16_to_host_byte_order.3
ln -sf pcre_version.3			 /home/devel/building/work/pkg/usr/share/man/man3/pcre16_version.3
ln -sf pcre_assign_jit_stack.3		 /home/devel/building/work/pkg/usr/share/man/man3/pcre32_assign_jit_stack.3
ln -sf pcre_compile.3			 /home/devel/building/work/pkg/usr/share/man/man3/pcre32_compile.3
libtool: install: /usr/bin/install -c .libs/libpcre32.so.0.0.13 /home/devel/building/work/pkg/usr/lib/libpcre32.so.0.0.13
ln -sf pcre_compile2.3			 /home/devel/building/work/pkg/usr/share/man/man3/pcre32_compile2.3
ln -sf pcre_config.3			 /home/devel/building/work/pkg/usr/share/man/man3/pcre32_config.3
ln -sf pcre_copy_named_substring.3	 /home/devel/building/work/pkg/usr/share/man/man3/pcre32_copy_named_substring.3
libtool: install: (cd /home/devel/building/work/pkg/usr/lib && { ln -s -f libpcre32.so.0.0.13 libpcre32.so.0 || { rm -f libpcre32.so.0 && ln -s libpcre32.so.0.0.13 libpcre32.so.0; }; })
ln -sf pcre_copy_substring.3		 /home/devel/building/work/pkg/usr/share/man/man3/pcre32_copy_substring.3
ln -sf pcre_dfa_exec.3			 /home/devel/building/work/pkg/usr/share/man/man3/pcre32_dfa_exec.3
ln -sf pcre_exec.3			 /home/devel/building/work/pkg/usr/share/man/man3/pcre32_exec.3
libtool: install: (cd /home/devel/building/work/pkg/usr/lib && { ln -s -f libpcre32.so.0.0.13 libpcre32.so || { rm -f libpcre32.so && ln -s libpcre32.so.0.0.13 libpcre32.so; }; })
ln -sf pcre_free_study.3		 /home/devel/building/work/pkg/usr/share/man/man3/pcre32_free_study.3
ln -sf pcre_free_substring.3		 /home/devel/building/work/pkg/usr/share/man/man3/pcre32_free_substring.3
ln -sf pcre_free_substring_list.3	 /home/devel/building/work/pkg/usr/share/man/man3/pcre32_free_substring_list.3
ln -sf pcre_fullinfo.3			 /home/devel/building/work/pkg/usr/share/man/man3/pcre32_fullinfo.3
libtool: install: /usr/bin/install -c .libs/libpcre32.lai /home/devel/building/work/pkg/usr/lib/libpcre32.la
ln -sf pcre_get_named_substring.3	 /home/devel/building/work/pkg/usr/share/man/man3/pcre32_get_named_substring.3
ln -sf pcre_get_stringnumber.3		 /home/devel/building/work/pkg/usr/share/man/man3/pcre32_get_stringnumber.3
ln -sf pcre_get_stringtable_entries.3	 /home/devel/building/work/pkg/usr/share/man/man3/pcre32_get_stringtable_entries.3
ln -sf pcre_get_substring.3		 /home/devel/building/work/pkg/usr/share/man/man3/pcre32_get_substring.3
ln -sf pcre_get_substring_list.3	 /home/devel/building/work/pkg/usr/share/man/man3/pcre32_get_substring_list.3
ln -sf pcre_jit_exec.3			 /home/devel/building/work/pkg/usr/share/man/man3/pcre32_jit_exec.3
ln -sf pcre_jit_stack_alloc.3		 /home/devel/building/work/pkg/usr/share/man/man3/pcre32_jit_stack_alloc.3
ln -sf pcre_jit_stack_free.3		 /home/devel/building/work/pkg/usr/share/man/man3/pcre32_jit_stack_free.3
libtool: warning: relinking 'libpcreposix.la'
ln -sf pcre_maketables.3		 /home/devel/building/work/pkg/usr/share/man/man3/pcre32_maketables.3
ln -sf pcre_pattern_to_host_byte_order.3 /home/devel/building/work/pkg/usr/share/man/man3/pcre32_pattern_to_host_byte_order.3
libtool: install: (cd /home/devel/building/work/src/pcre-8.45; /bin/sh "/home/devel/building/work/src/pcre-8.45/libtool"  --tag CC --mode=relink gcc -fvisibility=hidden -O2 -mabi=lp64d -march=rv64gc -version-info 0:7:0 -o libpcreposix.la -rpath /usr/lib libpcreposix_la-pcreposix.lo libpcre.la -inst-prefix-dir /home/devel/building/work/pkg)
ln -sf pcre_refcount.3			 /home/devel/building/work/pkg/usr/share/man/man3/pcre32_refcount.3
ln -sf pcre_study.3			 /home/devel/building/work/pkg/usr/share/man/man3/pcre32_study.3
ln -sf pcre_utf32_to_host_byte_order.3	 /home/devel/building/work/pkg/usr/share/man/man3/pcre32_utf32_to_host_byte_order.3
ln -sf pcre_version.3			 /home/devel/building/work/pkg/usr/share/man/man3/pcre32_version.3
make[3]: Leaving directory '/home/devel/building/work/src/pcre-8.45'
libtool: relink: gcc -shared  -fPIC -DPIC  .libs/libpcreposix_la-pcreposix.o   -L/home/devel/building/work/pkg/usr/lib -L/usr/lib -lpcre  -O2 -mabi=lp64d -march=rv64gc   -Wl,-soname -Wl,libpcreposix.so.0 -o .libs/libpcreposix.so.0.0.7
libtool: install: /usr/bin/install -c .libs/libpcreposix.so.0.0.7T /home/devel/building/work/pkg/usr/lib/libpcreposix.so.0.0.7
libtool: install: (cd /home/devel/building/work/pkg/usr/lib && { ln -s -f libpcreposix.so.0.0.7 libpcreposix.so.0 || { rm -f libpcreposix.so.0 && ln -s libpcreposix.so.0.0.7 libpcreposix.so.0; }; })
libtool: install: (cd /home/devel/building/work/pkg/usr/lib && { ln -s -f libpcreposix.so.0.0.7 libpcreposix.so || { rm -f libpcreposix.so && ln -s libpcreposix.so.0.0.7 libpcreposix.so; }; })
libtool: install: /usr/bin/install -c .libs/libpcreposix.lai /home/devel/building/work/pkg/usr/lib/libpcreposix.la
libtool: warning: relinking 'libpcrecpp.la'
libtool: install: (cd /home/devel/building/work/src/pcre-8.45; /bin/sh "/home/devel/building/work/src/pcre-8.45/libtool"  --tag CXX --mode=relink g++ -fvisibility=hidden -fvisibility-inlines-hidden -O2 -mabi=lp64d -march=rv64gc -version-info 0:2:0 -o libpcrecpp.la -rpath /usr/lib libpcrecpp_la-pcrecpp.lo libpcrecpp_la-pcre_scanner.lo libpcrecpp_la-pcre_stringpiece.lo libpcre.la -inst-prefix-dir /home/devel/building/work/pkg)
libtool: relink: g++  -fPIC -DPIC -shared -nostdlib /usr/lib/gcc/riscv64-unknown-linux-gnu/13.0.1/crti.o /usr/lib/gcc/riscv64-unknown-linux-gnu/13.0.1/crtbeginS.o  .libs/libpcrecpp_la-pcrecpp.o .libs/libpcrecpp_la-pcre_scanner.o .libs/libpcrecpp_la-pcre_stringpiece.o   -L/home/devel/building/work/pkg/usr/lib -L/usr/lib -lpcre -L/usr/lib/gcc/riscv64-unknown-linux-gnu/13.0.1 -lstdc++ -lm -lc -lgcc_s /usr/lib/gcc/riscv64-unknown-linux-gnu/13.0.1/crtendS.o /usr/lib/gcc/riscv64-unknown-linux-gnu/13.0.1/crtn.o  -O2 -mabi=lp64d -march=rv64gc   -Wl,-soname -Wl,libpcrecpp.so.0 -o .libs/libpcrecpp.so.0.0.2
libtool: install: /usr/bin/install -c .libs/libpcrecpp.so.0.0.2T /home/devel/building/work/pkg/usr/lib/libpcrecpp.so.0.0.2
libtool: install: (cd /home/devel/building/work/pkg/usr/lib && { ln -s -f libpcrecpp.so.0.0.2 libpcrecpp.so.0 || { rm -f libpcrecpp.so.0 && ln -s libpcrecpp.so.0.0.2 libpcrecpp.so.0; }; })
libtool: install: (cd /home/devel/building/work/pkg/usr/lib && { ln -s -f libpcrecpp.so.0.0.2 libpcrecpp.so || { rm -f libpcrecpp.so && ln -s libpcrecpp.so.0.0.2 libpcrecpp.so; }; })
libtool: install: /usr/bin/install -c .libs/libpcrecpp.lai /home/devel/building/work/pkg/usr/lib/libpcrecpp.la
libtool: warning: remember to run 'libtool --finish /usr/lib'
 /bin/mkdir -p '/home/devel/building/work/pkg/usr/bin'
  /bin/sh ./libtool   --mode=install /usr/bin/install -c pcretest pcregrep '/home/devel/building/work/pkg/usr/bin'
libtool: warning: 'libpcre.la' has not been installed in '/usr/lib'
libtool: warning: 'libpcreposix.la' has not been installed in '/usr/lib'
libtool: warning: '/home/devel/building/work/src/pcre-8.45/libpcre.la' has not been installed in '/usr/lib'
libtool: warning: 'libpcre16.la' has not been installed in '/usr/lib'
libtool: warning: 'libpcre32.la' has not been installed in '/usr/lib'
libtool: install: /usr/bin/install -c .libs/pcretest /home/devel/building/work/pkg/usr/bin/pcretest
libtool: warning: 'libpcre.la' has not been installed in '/usr/lib'
libtool: warning: 'libpcreposix.la' has not been installed in '/usr/lib'
libtool: warning: '/home/devel/building/work/src/pcre-8.45/libpcre.la' has not been installed in '/usr/lib'
libtool: install: /usr/bin/install -c .libs/pcregrep /home/devel/building/work/pkg/usr/bin/pcregrep
make[2]: Leaving directory '/home/devel/building/work/src/pcre-8.45'
make[1]: Leaving directory '/home/devel/building/work/src/pcre-8.45'
+ install -d /home/devel/building/work/pkg/lib
+ mv /home/devel/building/work/pkg/usr/lib/libpcre.so.1 /home/devel/building/work/pkg/usr/lib/libpcre.so.1.2.13 /home/devel/building/work/pkg/lib
++ readlink /home/devel/building/work/pkg/usr/lib/libpcre.so
+ ln -sf ../../lib/libpcre.so.1.2.13 /home/devel/building/work/pkg/usr/lib/libpcre.so
+ rm -r /home/devel/building/work/pkg/usr/share/doc
+ find /home/devel/building/work/pkg -type f -name '*.la' -delete
=======> Build result:
drwxr-xr-x  0 root   root        0 Feb 21 19:42 lib/
-rwxr-xr-x  0 root   root   260344 Feb 21 19:42 lib/libpcre.so.1.2.13
lrwxrwxrwx  0 root   root        0 Feb 21 19:42 lib/libpcre.so.1 -> libpcre.so.1.2.13
drwxr-xr-x  0 root   root        0 Feb 21 19:42 usr/
drwxr-xr-x  0 root   root        0 Feb 21 19:42 usr/lib/
drwxr-xr-x  0 root   root        0 Feb 21 19:42 usr/include/
drwxr-xr-x  0 root   root        0 Feb 21 19:42 usr/share/
drwxr-xr-x  0 root   root        0 Feb 21 19:42 usr/bin/
-rwxr-xr-x  0 root   root    33176 Feb 21 19:42 usr/bin/pcregrep
-rwxr-xr-x  0 root   root    89024 Feb 21 19:42 usr/bin/pcretest
-rwxr-xr-x  0 root   root     2361 Feb 21 19:42 usr/bin/pcre-config
drwxr-xr-x  0 root   root        0 Feb 21 19:42 usr/share/man/
drwxr-xr-x  0 root   root        0 Feb 21 19:42 usr/share/man/man3/
drwxr-xr-x  0 root   root        0 Feb 21 19:42 usr/share/man/man1/
-rw-r--r--  0 root   root      934 Feb 21 19:42 usr/share/man/man1/pcre-config.1.gz
-rw-r--r--  0 root   root    10873 Feb 21 19:42 usr/share/man/man1/pcregrep.1.gz
-rw-r--r--  0 root   root    15264 Feb 21 19:42 usr/share/man/man1/pcretest.1.gz
lrwxrwxrwx  0 root   root        0 Feb 21 19:42 usr/share/man/man3/pcre16_assign_jit_stack.3.gz -> pcre_assign_jit_stack.3.gz
lrwxrwxrwx  0 root   root        0 Feb 21 19:42 usr/share/man/man3/pcre16_compile.3.gz -> pcre_compile.3.gz
lrwxrwxrwx  0 root   root        0 Feb 21 19:42 usr/share/man/man3/pcre16_compile2.3.gz -> pcre_compile2.3.gz
lrwxrwxrwx  0 root   root        0 Feb 21 19:42 usr/share/man/man3/pcre16_config.3.gz -> pcre_config.3.gz
lrwxrwxrwx  0 root   root        0 Feb 21 19:42 usr/share/man/man3/pcre16_copy_named_substring.3.gz -> pcre_copy_named_substring.3.gz
lrwxrwxrwx  0 root   root        0 Feb 21 19:42 usr/share/man/man3/pcre16_copy_substring.3.gz -> pcre_copy_substring.3.gz
lrwxrwxrwx  0 root   root        0 Feb 21 19:42 usr/share/man/man3/pcre16_dfa_exec.3.gz -> pcre_dfa_exec.3.gz
lrwxrwxrwx  0 root   root        0 Feb 21 19:42 usr/share/man/man3/pcre16_exec.3.gz -> pcre_exec.3.gz
lrwxrwxrwx  0 root   root        0 Feb 21 19:42 usr/share/man/man3/pcre16_free_study.3.gz -> pcre_free_study.3.gz
lrwxrwxrwx  0 root   root        0 Feb 21 19:42 usr/share/man/man3/pcre16_free_substring.3.gz -> pcre_free_substring.3.gz
lrwxrwxrwx  0 root   root        0 Feb 21 19:42 usr/share/man/man3/pcre16_free_substring_list.3.gz -> pcre_free_substring_list.3.gz
lrwxrwxrwx  0 root   root        0 Feb 21 19:42 usr/share/man/man3/pcre16_fullinfo.3.gz -> pcre_fullinfo.3.gz
lrwxrwxrwx  0 root   root        0 Feb 21 19:42 usr/share/man/man3/pcre16_get_named_substring.3.gz -> pcre_get_named_substring.3.gz
lrwxrwxrwx  0 root   root        0 Feb 21 19:42 usr/share/man/man3/pcre16_get_stringnumber.3.gz -> pcre_get_stringnumber.3.gz
lrwxrwxrwx  0 root   root        0 Feb 21 19:42 usr/share/man/man3/pcre16_get_stringtable_entries.3.gz -> pcre_get_stringtable_entries.3.gz
lrwxrwxrwx  0 root   root        0 Feb 21 19:42 usr/share/man/man3/pcre16_get_substring.3.gz -> pcre_get_substring.3.gz
lrwxrwxrwx  0 root   root        0 Feb 21 19:42 usr/share/man/man3/pcre16_get_substring_list.3.gz -> pcre_get_substring_list.3.gz
lrwxrwxrwx  0 root   root        0 Feb 21 19:42 usr/share/man/man3/pcre16_jit_exec.3.gz -> pcre_jit_exec.3.gz
lrwxrwxrwx  0 root   root        0 Feb 21 19:42 usr/share/man/man3/pcre16_jit_stack_alloc.3.gz -> pcre_jit_stack_alloc.3.gz
lrwxrwxrwx  0 root   root        0 Feb 21 19:42 usr/share/man/man3/pcre16_jit_stack_free.3.gz -> pcre_jit_stack_free.3.gz
lrwxrwxrwx  0 root   root        0 Feb 21 19:42 usr/share/man/man3/pcre16_maketables.3.gz -> pcre_maketables.3.gz
lrwxrwxrwx  0 root   root        0 Feb 21 19:42 usr/share/man/man3/pcre16_pattern_to_host_byte_order.3.gz -> pcre_pattern_to_host_byte_order.3.gz
lrwxrwxrwx  0 root   root        0 Feb 21 19:42 usr/share/man/man3/pcre16_refcount.3.gz -> pcre_refcount.3.gz
lrwxrwxrwx  0 root   root        0 Feb 21 19:42 usr/share/man/man3/pcre16_study.3.gz -> pcre_study.3.gz
lrwxrwxrwx  0 root   root        0 Feb 21 19:42 usr/share/man/man3/pcre16_utf16_to_host_byte_order.3.gz -> pcre_utf16_to_host_byte_order.3.gz
lrwxrwxrwx  0 root   root        0 Feb 21 19:42 usr/share/man/man3/pcre16_version.3.gz -> pcre_version.3.gz
lrwxrwxrwx  0 root   root        0 Feb 21 19:42 usr/share/man/man3/pcre32_assign_jit_stack.3.gz -> pcre_assign_jit_stack.3.gz
lrwxrwxrwx  0 root   root        0 Feb 21 19:42 usr/share/man/man3/pcre32_compile.3.gz -> pcre_compile.3.gz
lrwxrwxrwx  0 root   root        0 Feb 21 19:42 usr/share/man/man3/pcre32_compile2.3.gz -> pcre_compile2.3.gz
lrwxrwxrwx  0 root   root        0 Feb 21 19:42 usr/share/man/man3/pcre32_config.3.gz -> pcre_config.3.gz
lrwxrwxrwx  0 root   root        0 Feb 21 19:42 usr/share/man/man3/pcre32_copy_named_substring.3.gz -> pcre_copy_named_substring.3.gz
lrwxrwxrwx  0 root   root        0 Feb 21 19:42 usr/share/man/man3/pcre32_copy_substring.3.gz -> pcre_copy_substring.3.gz
lrwxrwxrwx  0 root   root        0 Feb 21 19:42 usr/share/man/man3/pcre32_dfa_exec.3.gz -> pcre_dfa_exec.3.gz
lrwxrwxrwx  0 root   root        0 Feb 21 19:42 usr/share/man/man3/pcre32_exec.3.gz -> pcre_exec.3.gz
lrwxrwxrwx  0 root   root        0 Feb 21 19:42 usr/share/man/man3/pcre32_free_study.3.gz -> pcre_free_study.3.gz
lrwxrwxrwx  0 root   root        0 Feb 21 19:42 usr/share/man/man3/pcre32_free_substring.3.gz -> pcre_free_substring.3.gz
lrwxrwxrwx  0 root   root        0 Feb 21 19:42 usr/share/man/man3/pcre32_free_substring_list.3.gz -> pcre_free_substring_list.3.gz
lrwxrwxrwx  0 root   root        0 Feb 21 19:42 usr/share/man/man3/pcre32_fullinfo.3.gz -> pcre_fullinfo.3.gz
lrwxrwxrwx  0 root   root        0 Feb 21 19:42 usr/share/man/man3/pcre32_get_named_substring.3.gz -> pcre_get_named_substring.3.gz
lrwxrwxrwx  0 root   root        0 Feb 21 19:42 usr/share/man/man3/pcre32_get_stringnumber.3.gz -> pcre_get_stringnumber.3.gz
lrwxrwxrwx  0 root   root        0 Feb 21 19:42 usr/share/man/man3/pcre32_get_stringtable_entries.3.gz -> pcre_get_stringtable_entries.3.gz
lrwxrwxrwx  0 root   root        0 Feb 21 19:42 usr/share/man/man3/pcre32_get_substring.3.gz -> pcre_get_substring.3.gz
lrwxrwxrwx  0 root   root        0 Feb 21 19:42 usr/share/man/man3/pcre32_get_substring_list.3.gz -> pcre_get_substring_list.3.gz
lrwxrwxrwx  0 root   root        0 Feb 21 19:42 usr/share/man/man3/pcre32_jit_exec.3.gz -> pcre_jit_exec.3.gz
lrwxrwxrwx  0 root   root        0 Feb 21 19:42 usr/share/man/man3/pcre32_jit_stack_alloc.3.gz -> pcre_jit_stack_alloc.3.gz
lrwxrwxrwx  0 root   root        0 Feb 21 19:42 usr/share/man/man3/pcre32_jit_stack_free.3.gz -> pcre_jit_stack_free.3.gz
lrwxrwxrwx  0 root   root        0 Feb 21 19:42 usr/share/man/man3/pcre32_maketables.3.gz -> pcre_maketables.3.gz
lrwxrwxrwx  0 root   root        0 Feb 21 19:42 usr/share/man/man3/pcre32_pattern_to_host_byte_order.3.gz -> pcre_pattern_to_host_byte_order.3.gz
lrwxrwxrwx  0 root   root        0 Feb 21 19:42 usr/share/man/man3/pcre32_refcount.3.gz -> pcre_refcount.3.gz
lrwxrwxrwx  0 root   root        0 Feb 21 19:42 usr/share/man/man3/pcre32_study.3.gz -> pcre_study.3.gz
lrwxrwxrwx  0 root   root        0 Feb 21 19:42 usr/share/man/man3/pcre32_utf32_to_host_byte_order.3.gz -> pcre_utf32_to_host_byte_order.3.gz
lrwxrwxrwx  0 root   root        0 Feb 21 19:42 usr/share/man/man3/pcre32_version.3.gz -> pcre_version.3.gz
-rw-r--r--  0 root   root     3723 Feb 21 19:42 usr/share/man/man3/pcre.3.gz
-rw-r--r--  0 root   root     4383 Feb 21 19:42 usr/share/man/man3/pcre16.3.gz
-rw-r--r--  0 root   root     4365 Feb 21 19:42 usr/share/man/man3/pcre32.3.gz
-rw-r--r--  0 root   root      872 Feb 21 19:42 usr/share/man/man3/pcre_assign_jit_stack.3.gz
-rw-r--r--  0 root   root     1598 Feb 21 19:42 usr/share/man/man3/pcre_compile.3.gz
-rw-r--r--  0 root   root     1630 Feb 21 19:42 usr/share/man/man3/pcre_compile2.3.gz
-rw-r--r--  0 root   root     1254 Feb 21 19:42 usr/share/man/man3/pcre_config.3.gz
-rw-r--r--  0 root   root      751 Feb 21 19:42 usr/share/man/man3/pcre_copy_named_substring.3.gz
-rw-r--r--  0 root   root      680 Feb 21 19:42 usr/share/man/man3/pcre_copy_substring.3.gz
-rw-r--r--  0 root   root     1779 Feb 21 19:42 usr/share/man/man3/pcre_dfa_exec.3.gz
-rw-r--r--  0 root   root     1540 Feb 21 19:42 usr/share/man/man3/pcre_exec.3.gz
-rw-r--r--  0 root   root      434 Feb 21 19:42 usr/share/man/man3/pcre_free_study.3.gz
-rw-r--r--  0 root   root      448 Feb 21 19:42 usr/share/man/man3/pcre_free_substring.3.gz
-rw-r--r--  0 root   root      462 Feb 21 19:42 usr/share/man/man3/pcre_free_substring_list.3.gz
-rw-r--r--  0 root   root     1573 Feb 21 19:42 usr/share/man/man3/pcre_fullinfo.3.gz
-rw-r--r--  0 root   root      810 Feb 21 19:42 usr/share/man/man3/pcre_get_named_substring.3.gz
-rw-r--r--  0 root   root      648 Feb 21 19:42 usr/share/man/man3/pcre_get_stringnumber.3.gz
-rw-r--r--  0 root   root      744 Feb 21 19:42 usr/share/man/man3/pcre_get_stringtable_entries.3.gz
-rw-r--r--  0 root   root      744 Feb 21 19:42 usr/share/man/man3/pcre_get_substring.3.gz
-rw-r--r--  0 root   root      784 Feb 21 19:42 usr/share/man/man3/pcre_get_substring_list.3.gz
-rw-r--r--  0 root   root     1474 Feb 21 19:42 usr/share/man/man3/pcre_jit_exec.3.gz
-rw-r--r--  0 root   root      613 Feb 21 19:42 usr/share/man/man3/pcre_jit_stack_alloc.3.gz
-rw-r--r--  0 root   root      430 Feb 21 19:42 usr/share/man/man3/pcre_jit_stack_free.3.gz
-rw-r--r--  0 root   root      514 Feb 21 19:42 usr/share/man/man3/pcre_maketables.3.gz
-rw-r--r--  0 root   root      704 Feb 21 19:42 usr/share/man/man3/pcre_pattern_to_host_byte_order.3.gz
-rw-r--r--  0 root   root      487 Feb 21 19:42 usr/share/man/man3/pcre_refcount.3.gz
-rw-r--r--  0 root   root      764 Feb 21 19:42 usr/share/man/man3/pcre_study.3.gz
-rw-r--r--  0 root   root      781 Feb 21 19:42 usr/share/man/man3/pcre_utf16_to_host_byte_order.3.gz
-rw-r--r--  0 root   root      780 Feb 21 19:42 usr/share/man/man3/pcre_utf32_to_host_byte_order.3.gz
-rw-r--r--  0 root   root      403 Feb 21 19:42 usr/share/man/man3/pcre_version.3.gz
-rw-r--r--  0 root   root    37085 Feb 21 19:42 usr/share/man/man3/pcreapi.3.gz
-rw-r--r--  0 root   root     7015 Feb 21 19:42 usr/share/man/man3/pcrebuild.3.gz
-rw-r--r--  0 root   root     3822 Feb 21 19:42 usr/share/man/man3/pcrecallout.3.gz
-rw-r--r--  0 root   root     3921 Feb 21 19:42 usr/share/man/man3/pcrecompat.3.gz
-rw-r--r--  0 root   root     4813 Feb 21 19:42 usr/share/man/man3/pcredemo.3.gz
-rw-r--r--  0 root   root     7385 Feb 21 19:42 usr/share/man/man3/pcrejit.3.gz
-rw-r--r--  0 root   root     1308 Feb 21 19:42 usr/share/man/man3/pcrelimits.3.gz
-rw-r--r--  0 root   root     3653 Feb 21 19:42 usr/share/man/man3/pcrematching.3.gz
-rw-r--r--  0 root   root     7178 Feb 21 19:42 usr/share/man/man3/pcrepartial.3.gz
-rw-r--r--  0 root   root    42675 Feb 21 19:42 usr/share/man/man3/pcrepattern.3.gz
-rw-r--r--  0 root   root     3236 Feb 21 19:42 usr/share/man/man3/pcreperform.3.gz
-rw-r--r--  0 root   root     3898 Feb 21 19:42 usr/share/man/man3/pcreposix.3.gz
-rw-r--r--  0 root   root     2611 Feb 21 19:42 usr/share/man/man3/pcreprecompile.3.gz
-rw-r--r--  0 root   root     1498 Feb 21 19:42 usr/share/man/man3/pcresample.3.gz
-rw-r--r--  0 root   root     3666 Feb 21 19:42 usr/share/man/man3/pcrestack.3.gz
-rw-r--r--  0 root   root     4854 Feb 21 19:42 usr/share/man/man3/pcresyntax.3.gz
-rw-r--r--  0 root   root     3717 Feb 21 19:42 usr/share/man/man3/pcreunicode.3.gz
-rw-r--r--  0 root   root     5084 Feb 21 19:42 usr/share/man/man3/pcrecpp.3.gz
-rw-r--r--  0 root   root     6312 Feb 21 19:42 usr/include/pcre_stringpiece.h
-rw-r--r--  0 root   root     6783 Feb 21 19:42 usr/include/pcrecpparg.h
-rw-r--r--  0 root   root    31718 Feb 21 19:42 usr/include/pcre.h
-rw-r--r--  0 root   root     6600 Feb 21 19:42 usr/include/pcre_scanner.h
-rw-r--r--  0 root   root    26529 Feb 21 19:42 usr/include/pcrecpp.h
-rw-r--r--  0 root   root     5452 Feb 21 19:42 usr/include/pcreposix.h
lrwxrwxrwx  0 root   root        0 Feb 21 19:42 usr/lib/libpcre.so -> ../../lib/libpcre.so.1.2.13
lrwxrwxrwx  0 root   root        0 Feb 21 19:42 usr/lib/libpcrecpp.so -> libpcrecpp.so.0.0.2
lrwxrwxrwx  0 root   root        0 Feb 21 19:42 usr/lib/libpcrecpp.so.0 -> libpcrecpp.so.0.0.2
-rwxr-xr-x  0 root   root    31192 Feb 21 19:42 usr/lib/libpcrecpp.so.0.0.2
lrwxrwxrwx  0 root   root        0 Feb 21 19:42 usr/lib/libpcreposix.so -> libpcreposix.so.0.0.7
lrwxrwxrwx  0 root   root        0 Feb 21 19:42 usr/lib/libpcreposix.so.0 -> libpcreposix.so.0.0.7
-rwxr-xr-x  0 root   root    10224 Feb 21 19:42 usr/lib/libpcreposix.so.0.0.7
lrwxrwxrwx  0 root   root        0 Feb 21 19:42 usr/lib/libpcre32.so -> libpcre32.so.0.0.13
lrwxrwxrwx  0 root   root        0 Feb 21 19:42 usr/lib/libpcre32.so.0 -> libpcre32.so.0.0.13
-rwxr-xr-x  0 root   root   211144 Feb 21 19:42 usr/lib/libpcre32.so.0.0.13
lrwxrwxrwx  0 root   root        0 Feb 21 19:42 usr/lib/libpcre16.so -> libpcre16.so.0.2.13
lrwxrwxrwx  0 root   root        0 Feb 21 19:42 usr/lib/libpcre16.so.0 -> libpcre16.so.0.2.13
-rwxr-xr-x  0 root   root   227520 Feb 21 19:42 usr/lib/libpcre16.so.0.2.13
drwxr-xr-x  0 root   root        0 Feb 21 19:42 usr/lib/pkgconfig/
-rw-r--r--  0 root   root      263 Feb 21 19:42 usr/lib/pkgconfig/libpcrecpp.pc
-rw-r--r--  0 root   root      322 Feb 21 19:42 usr/lib/pkgconfig/libpcre32.pc
-rw-r--r--  0 root   root      322 Feb 21 19:42 usr/lib/pkgconfig/libpcre16.pc
-rw-r--r--  0 root   root      305 Feb 21 19:42 usr/lib/pkgconfig/libpcreposix.pc
-rw-r--r--  0 root   root      317 Feb 21 19:42 usr/lib/pkgconfig/libpcre.pc
=======> Building '/home/devel/packages/libpcre#8.45-2.riscv64.pkg.tar.zst' succeeded.
prt-get: Using PKGMK_PACKAGE_DIR: /home/devel/packages
prt-get: reinstalling libpcre 8.45-2
prt-get: /usr/bin/pkgadd -u libpcre#8.45-2.riscv64.pkg.tar.zst
prt-get: build done Tue Feb 21 19:42:35 2023

