prt-get: updating /usr/ports/core-riscv64/zstd
prt-get: starting build Wed Feb 22 00:36:21 2023
=======> Building '/home/devel/packages/zstd#1.5.2-1.riscv64.pkg.tar.zst'.
bsdtar -p -o -C /home/devel/building/work/src -xf /home/devel/sources/zstd-v1.5.2.tar.gz
+ build
+ cd zstd-1.5.2
+ make V=1
/usr/bin/make -C lib lib-release
/usr/bin/make -C programs zstd-release
make[1]: Entering directory '/home/devel/building/work/src/zstd-1.5.2/lib'
make[1]: Entering directory '/home/devel/building/work/src/zstd-1.5.2/programs'
/usr/bin/make --no-print-directory libzstd.a BUILD_DIR=obj/conf_ec64d393f50269b7d309de2a89a728b7 CPPFLAGS="-DXXH_NAMESPACE=ZSTD_ -DDEBUGLEVEL=0 -DZSTD_LEGACY_SUPPORT=5 " CFLAGS="-O2 -mabi=lp64d -march=rv64gc   -Wa,--noexecstack" LDFLAGS=" -z noexecstack"
/usr/bin/make --no-print-directory libzstd.so.1.5.2 BUILD_DIR=obj/conf_0eb08ba460cf4b57a622fa0983222dee CPPFLAGS="-DXXH_NAMESPACE=ZSTD_ -DDEBUGLEVEL=0 -DZSTD_LEGACY_SUPPORT=5 -DZSTD_MULTITHREAD " CFLAGS="-O2 -mabi=lp64d -march=rv64gc   -Wa,--noexecstack -fPIC -fvisibility=hidden" LDFLAGS=" -z noexecstack -shared -pthread"
creating pkgconfig
mkdir -p obj/conf_ec64d393f50269b7d309de2a89a728b7/static
mkdir -p obj/conf_0eb08ba460cf4b57a622fa0983222dee/dynamic
CC obj/conf_ec64d393f50269b7d309de2a89a728b7/static/debug.o
CC obj/conf_ec64d393f50269b7d309de2a89a728b7/static/entropy_common.o
CC obj/conf_ec64d393f50269b7d309de2a89a728b7/static/error_private.o
CC obj/conf_ec64d393f50269b7d309de2a89a728b7/static/fse_decompress.o
cc -O2 -mabi=lp64d -march=rv64gc   -Wa,--noexecstack -DXXH_NAMESPACE=ZSTD_ -DDEBUGLEVEL=0 -DZSTD_LEGACY_SUPPORT=5   -c -MT obj/conf_ec64d393f50269b7d309de2a89a728b7/static/debug.o -MMD -MP -MF obj/conf_ec64d393f50269b7d309de2a89a728b7/static/debug.d -o obj/conf_ec64d393f50269b7d309de2a89a728b7/static/debug.o .//common/debug.c
cc -O2 -mabi=lp64d -march=rv64gc   -Wa,--noexecstack -DXXH_NAMESPACE=ZSTD_ -DDEBUGLEVEL=0 -DZSTD_LEGACY_SUPPORT=5   -c -MT obj/conf_ec64d393f50269b7d309de2a89a728b7/static/entropy_common.o -MMD -MP -MF obj/conf_ec64d393f50269b7d309de2a89a728b7/static/entropy_common.d -o obj/conf_ec64d393f50269b7d309de2a89a728b7/static/entropy_common.o .//common/entropy_common.c
CC obj/conf_ec64d393f50269b7d309de2a89a728b7/static/pool.o
cc -O2 -mabi=lp64d -march=rv64gc   -Wa,--noexecstack -DXXH_NAMESPACE=ZSTD_ -DDEBUGLEVEL=0 -DZSTD_LEGACY_SUPPORT=5   -c -MT obj/conf_ec64d393f50269b7d309de2a89a728b7/static/error_private.o -MMD -MP -MF obj/conf_ec64d393f50269b7d309de2a89a728b7/static/error_private.d -o obj/conf_ec64d393f50269b7d309de2a89a728b7/static/error_private.o .//common/error_private.c
CC obj/conf_ec64d393f50269b7d309de2a89a728b7/static/threading.o
cc -O2 -mabi=lp64d -march=rv64gc   -Wa,--noexecstack -DXXH_NAMESPACE=ZSTD_ -DDEBUGLEVEL=0 -DZSTD_LEGACY_SUPPORT=5   -c -MT obj/conf_ec64d393f50269b7d309de2a89a728b7/static/fse_decompress.o -MMD -MP -MF obj/conf_ec64d393f50269b7d309de2a89a728b7/static/fse_decompress.d -o obj/conf_ec64d393f50269b7d309de2a89a728b7/static/fse_decompress.o .//common/fse_decompress.c
cc -O2 -mabi=lp64d -march=rv64gc   -Wa,--noexecstack -DXXH_NAMESPACE=ZSTD_ -DDEBUGLEVEL=0 -DZSTD_LEGACY_SUPPORT=5   -c -MT obj/conf_ec64d393f50269b7d309de2a89a728b7/static/pool.o -MMD -MP -MF obj/conf_ec64d393f50269b7d309de2a89a728b7/static/pool.d -o obj/conf_ec64d393f50269b7d309de2a89a728b7/static/pool.o .//common/pool.c
cc -O2 -mabi=lp64d -march=rv64gc   -Wa,--noexecstack -DXXH_NAMESPACE=ZSTD_ -DDEBUGLEVEL=0 -DZSTD_LEGACY_SUPPORT=5   -c -MT obj/conf_ec64d393f50269b7d309de2a89a728b7/static/threading.o -MMD -MP -MF obj/conf_ec64d393f50269b7d309de2a89a728b7/static/threading.d -o obj/conf_ec64d393f50269b7d309de2a89a728b7/static/threading.o .//common/threading.c
CC obj/conf_0eb08ba460cf4b57a622fa0983222dee/dynamic/debug.o
cc -O2 -mabi=lp64d -march=rv64gc   -Wa,--noexecstack -fPIC -fvisibility=hidden -DXXH_NAMESPACE=ZSTD_ -DDEBUGLEVEL=0 -DZSTD_LEGACY_SUPPORT=5 -DZSTD_MULTITHREAD   -c -MT obj/conf_0eb08ba460cf4b57a622fa0983222dee/dynamic/debug.o -MMD -MP -MF obj/conf_0eb08ba460cf4b57a622fa0983222dee/dynamic/debug.d -o obj/conf_0eb08ba460cf4b57a622fa0983222dee/dynamic/debug.o .//common/debug.c
CC obj/conf_ec64d393f50269b7d309de2a89a728b7/static/xxhash.o
cc -O2 -mabi=lp64d -march=rv64gc   -Wa,--noexecstack -DXXH_NAMESPACE=ZSTD_ -DDEBUGLEVEL=0 -DZSTD_LEGACY_SUPPORT=5   -c -MT obj/conf_ec64d393f50269b7d309de2a89a728b7/static/xxhash.o -MMD -MP -MF obj/conf_ec64d393f50269b7d309de2a89a728b7/static/xxhash.d -o obj/conf_ec64d393f50269b7d309de2a89a728b7/static/xxhash.o .//common/xxhash.c
CC obj/conf_ec64d393f50269b7d309de2a89a728b7/static/zstd_common.o
cc -O2 -mabi=lp64d -march=rv64gc   -Wa,--noexecstack -DXXH_NAMESPACE=ZSTD_ -DDEBUGLEVEL=0 -DZSTD_LEGACY_SUPPORT=5   -c -MT obj/conf_ec64d393f50269b7d309de2a89a728b7/static/zstd_common.o -MMD -MP -MF obj/conf_ec64d393f50269b7d309de2a89a728b7/static/zstd_common.d -o obj/conf_ec64d393f50269b7d309de2a89a728b7/static/zstd_common.o .//common/zstd_common.c
CC obj/conf_0eb08ba460cf4b57a622fa0983222dee/dynamic/entropy_common.o
cc -O2 -mabi=lp64d -march=rv64gc   -Wa,--noexecstack -fPIC -fvisibility=hidden -DXXH_NAMESPACE=ZSTD_ -DDEBUGLEVEL=0 -DZSTD_LEGACY_SUPPORT=5 -DZSTD_MULTITHREAD   -c -MT obj/conf_0eb08ba460cf4b57a622fa0983222dee/dynamic/entropy_common.o -MMD -MP -MF obj/conf_0eb08ba460cf4b57a622fa0983222dee/dynamic/entropy_common.d -o obj/conf_0eb08ba460cf4b57a622fa0983222dee/dynamic/entropy_common.o .//common/entropy_common.c
CC obj/conf_ec64d393f50269b7d309de2a89a728b7/static/zstd_v05.o
cc -O2 -mabi=lp64d -march=rv64gc   -Wa,--noexecstack -DXXH_NAMESPACE=ZSTD_ -DDEBUGLEVEL=0 -DZSTD_LEGACY_SUPPORT=5   -c -MT obj/conf_ec64d393f50269b7d309de2a89a728b7/static/zstd_v05.o -MMD -MP -MF obj/conf_ec64d393f50269b7d309de2a89a728b7/static/zstd_v05.d -o obj/conf_ec64d393f50269b7d309de2a89a728b7/static/zstd_v05.o .//legacy/zstd_v05.c
CC obj/conf_ec64d393f50269b7d309de2a89a728b7/static/zstd_v06.o
cc -O2 -mabi=lp64d -march=rv64gc   -Wa,--noexecstack -DXXH_NAMESPACE=ZSTD_ -DDEBUGLEVEL=0 -DZSTD_LEGACY_SUPPORT=5   -c -MT obj/conf_ec64d393f50269b7d309de2a89a728b7/static/zstd_v06.o -MMD -MP -MF obj/conf_ec64d393f50269b7d309de2a89a728b7/static/zstd_v06.d -o obj/conf_ec64d393f50269b7d309de2a89a728b7/static/zstd_v06.o .//legacy/zstd_v06.c
CC obj/conf_ec64d393f50269b7d309de2a89a728b7/static/zstd_v07.o
cc -O2 -mabi=lp64d -march=rv64gc   -Wa,--noexecstack -DXXH_NAMESPACE=ZSTD_ -DDEBUGLEVEL=0 -DZSTD_LEGACY_SUPPORT=5   -c -MT obj/conf_ec64d393f50269b7d309de2a89a728b7/static/zstd_v07.o -MMD -MP -MF obj/conf_ec64d393f50269b7d309de2a89a728b7/static/zstd_v07.d -o obj/conf_ec64d393f50269b7d309de2a89a728b7/static/zstd_v07.o .//legacy/zstd_v07.c
CC obj/conf_ec64d393f50269b7d309de2a89a728b7/static/fse_compress.o
cc -O2 -mabi=lp64d -march=rv64gc   -Wa,--noexecstack -DXXH_NAMESPACE=ZSTD_ -DDEBUGLEVEL=0 -DZSTD_LEGACY_SUPPORT=5   -c -MT obj/conf_ec64d393f50269b7d309de2a89a728b7/static/fse_compress.o -MMD -MP -MF obj/conf_ec64d393f50269b7d309de2a89a728b7/static/fse_compress.d -o obj/conf_ec64d393f50269b7d309de2a89a728b7/static/fse_compress.o .//compress/fse_compress.c
CC obj/conf_0eb08ba460cf4b57a622fa0983222dee/dynamic/error_private.o
cc -O2 -mabi=lp64d -march=rv64gc   -Wa,--noexecstack -fPIC -fvisibility=hidden -DXXH_NAMESPACE=ZSTD_ -DDEBUGLEVEL=0 -DZSTD_LEGACY_SUPPORT=5 -DZSTD_MULTITHREAD   -c -MT obj/conf_0eb08ba460cf4b57a622fa0983222dee/dynamic/error_private.o -MMD -MP -MF obj/conf_0eb08ba460cf4b57a622fa0983222dee/dynamic/error_private.d -o obj/conf_0eb08ba460cf4b57a622fa0983222dee/dynamic/error_private.o .//common/error_private.c
/usr/bin/make --no-print-directory zstd BUILD_DIR=obj/conf_5412af02f76bcebde8d94541bf0fd0af CPPFLAGS="-DXXH_NAMESPACE=ZSTD_ -DDEBUGLEVEL=0 -DZSTD_LEGACY_SUPPORT=5 -DZSTD_MULTITHREAD -DZSTD_GZCOMPRESS -DZSTD_GZDECOMPRESS -DZSTD_LZMACOMPRESS -DZSTD_LZMADECOMPRESS -DZSTD_LZ4COMPRESS -DZSTD_LZ4DECOMPRESS -DZSTD_LEGACY_SUPPORT=5" CFLAGS="-O2 -mabi=lp64d -march=rv64gc -DBACKTRACE_ENABLE=0  -Wa,--noexecstack" LDFLAGS=" -z noexecstack -pthread " LDLIBS="-lz -llzma -llz4" ZSTD_ALL_SRC="debug.c entropy_common.c error_private.c fse_decompress.c pool.c threading.c xxhash.c zstd_common.c fse_compress.c hist.c huf_compress.c zstd_compress.c zstd_compress_literals.c zstd_compress_sequences.c zstd_compress_superblock.c zstd_double_fast.c zstd_fast.c zstd_lazy.c zstd_ldm.c zstd_opt.c zstdmt_compress.c huf_decompress.c huf_decompress_amd64.S zstd_ddict.c zstd_decompress.c zstd_decompress_block.c cover.c divsufsort.c fastcover.c zdict.c zstd_v05.c zstd_v06.c zstd_v07.c benchfn.c benchzstd.c datagen.c dibio.c fileio.c timefn.c util.c zstdcli.c zstdcli_trace.c"
CC obj/conf_ec64d393f50269b7d309de2a89a728b7/static/hist.o
cc -O2 -mabi=lp64d -march=rv64gc   -Wa,--noexecstack -DXXH_NAMESPACE=ZSTD_ -DDEBUGLEVEL=0 -DZSTD_LEGACY_SUPPORT=5   -c -MT obj/conf_ec64d393f50269b7d309de2a89a728b7/static/hist.o -MMD -MP -MF obj/conf_ec64d393f50269b7d309de2a89a728b7/static/hist.d -o obj/conf_ec64d393f50269b7d309de2a89a728b7/static/hist.o .//compress/hist.c
CC obj/conf_0eb08ba460cf4b57a622fa0983222dee/dynamic/fse_decompress.o
cc -O2 -mabi=lp64d -march=rv64gc   -Wa,--noexecstack -fPIC -fvisibility=hidden -DXXH_NAMESPACE=ZSTD_ -DDEBUGLEVEL=0 -DZSTD_LEGACY_SUPPORT=5 -DZSTD_MULTITHREAD   -c -MT obj/conf_0eb08ba460cf4b57a622fa0983222dee/dynamic/fse_decompress.o -MMD -MP -MF obj/conf_0eb08ba460cf4b57a622fa0983222dee/dynamic/fse_decompress.d -o obj/conf_0eb08ba460cf4b57a622fa0983222dee/dynamic/fse_decompress.o .//common/fse_decompress.c
CC obj/conf_ec64d393f50269b7d309de2a89a728b7/static/huf_compress.o
cc -O2 -mabi=lp64d -march=rv64gc   -Wa,--noexecstack -DXXH_NAMESPACE=ZSTD_ -DDEBUGLEVEL=0 -DZSTD_LEGACY_SUPPORT=5   -c -MT obj/conf_ec64d393f50269b7d309de2a89a728b7/static/huf_compress.o -MMD -MP -MF obj/conf_ec64d393f50269b7d309de2a89a728b7/static/huf_compress.d -o obj/conf_ec64d393f50269b7d309de2a89a728b7/static/huf_compress.o .//compress/huf_compress.c
CC obj/conf_ec64d393f50269b7d309de2a89a728b7/static/zstd_compress.o
cc -O2 -mabi=lp64d -march=rv64gc   -Wa,--noexecstack -DXXH_NAMESPACE=ZSTD_ -DDEBUGLEVEL=0 -DZSTD_LEGACY_SUPPORT=5   -c -MT obj/conf_ec64d393f50269b7d309de2a89a728b7/static/zstd_compress.o -MMD -MP -MF obj/conf_ec64d393f50269b7d309de2a89a728b7/static/zstd_compress.d -o obj/conf_ec64d393f50269b7d309de2a89a728b7/static/zstd_compress.o .//compress/zstd_compress.c
CC obj/conf_ec64d393f50269b7d309de2a89a728b7/static/zstd_compress_literals.o
cc -O2 -mabi=lp64d -march=rv64gc   -Wa,--noexecstack -DXXH_NAMESPACE=ZSTD_ -DDEBUGLEVEL=0 -DZSTD_LEGACY_SUPPORT=5   -c -MT obj/conf_ec64d393f50269b7d309de2a89a728b7/static/zstd_compress_literals.o -MMD -MP -MF obj/conf_ec64d393f50269b7d309de2a89a728b7/static/zstd_compress_literals.d -o obj/conf_ec64d393f50269b7d309de2a89a728b7/static/zstd_compress_literals.o .//compress/zstd_compress_literals.c
mkdir -p obj/conf_5412af02f76bcebde8d94541bf0fd0af
CC obj/conf_5412af02f76bcebde8d94541bf0fd0af/debug.o
cc -O2 -mabi=lp64d -march=rv64gc -DBACKTRACE_ENABLE=0  -Wa,--noexecstack -DXXH_NAMESPACE=ZSTD_ -DDEBUGLEVEL=0 -DZSTD_LEGACY_SUPPORT=5 -DZSTD_MULTITHREAD -DZSTD_GZCOMPRESS -DZSTD_GZDECOMPRESS -DZSTD_LZMACOMPRESS -DZSTD_LZMADECOMPRESS -DZSTD_LZ4COMPRESS -DZSTD_LZ4DECOMPRESS -DZSTD_LEGACY_SUPPORT=5  -c -MT obj/conf_5412af02f76bcebde8d94541bf0fd0af/debug.o -MMD -MP -MF obj/conf_5412af02f76bcebde8d94541bf0fd0af/debug.d -o obj/conf_5412af02f76bcebde8d94541bf0fd0af/debug.o ../lib/common/debug.c
CC obj/conf_5412af02f76bcebde8d94541bf0fd0af/entropy_common.o
cc -O2 -mabi=lp64d -march=rv64gc -DBACKTRACE_ENABLE=0  -Wa,--noexecstack -DXXH_NAMESPACE=ZSTD_ -DDEBUGLEVEL=0 -DZSTD_LEGACY_SUPPORT=5 -DZSTD_MULTITHREAD -DZSTD_GZCOMPRESS -DZSTD_GZDECOMPRESS -DZSTD_LZMACOMPRESS -DZSTD_LZMADECOMPRESS -DZSTD_LZ4COMPRESS -DZSTD_LZ4DECOMPRESS -DZSTD_LEGACY_SUPPORT=5  -c -MT obj/conf_5412af02f76bcebde8d94541bf0fd0af/entropy_common.o -MMD -MP -MF obj/conf_5412af02f76bcebde8d94541bf0fd0af/entropy_common.d -o obj/conf_5412af02f76bcebde8d94541bf0fd0af/entropy_common.o ../lib/common/entropy_common.c
CC obj/conf_ec64d393f50269b7d309de2a89a728b7/static/zstd_compress_sequences.o
cc -O2 -mabi=lp64d -march=rv64gc   -Wa,--noexecstack -DXXH_NAMESPACE=ZSTD_ -DDEBUGLEVEL=0 -DZSTD_LEGACY_SUPPORT=5   -c -MT obj/conf_ec64d393f50269b7d309de2a89a728b7/static/zstd_compress_sequences.o -MMD -MP -MF obj/conf_ec64d393f50269b7d309de2a89a728b7/static/zstd_compress_sequences.d -o obj/conf_ec64d393f50269b7d309de2a89a728b7/static/zstd_compress_sequences.o .//compress/zstd_compress_sequences.c
CC obj/conf_0eb08ba460cf4b57a622fa0983222dee/dynamic/pool.o
cc -O2 -mabi=lp64d -march=rv64gc   -Wa,--noexecstack -fPIC -fvisibility=hidden -DXXH_NAMESPACE=ZSTD_ -DDEBUGLEVEL=0 -DZSTD_LEGACY_SUPPORT=5 -DZSTD_MULTITHREAD   -c -MT obj/conf_0eb08ba460cf4b57a622fa0983222dee/dynamic/pool.o -MMD -MP -MF obj/conf_0eb08ba460cf4b57a622fa0983222dee/dynamic/pool.d -o obj/conf_0eb08ba460cf4b57a622fa0983222dee/dynamic/pool.o .//common/pool.c
CC obj/conf_ec64d393f50269b7d309de2a89a728b7/static/zstd_compress_superblock.o
cc -O2 -mabi=lp64d -march=rv64gc   -Wa,--noexecstack -DXXH_NAMESPACE=ZSTD_ -DDEBUGLEVEL=0 -DZSTD_LEGACY_SUPPORT=5   -c -MT obj/conf_ec64d393f50269b7d309de2a89a728b7/static/zstd_compress_superblock.o -MMD -MP -MF obj/conf_ec64d393f50269b7d309de2a89a728b7/static/zstd_compress_superblock.d -o obj/conf_ec64d393f50269b7d309de2a89a728b7/static/zstd_compress_superblock.o .//compress/zstd_compress_superblock.c
CC obj/conf_5412af02f76bcebde8d94541bf0fd0af/error_private.o
cc -O2 -mabi=lp64d -march=rv64gc -DBACKTRACE_ENABLE=0  -Wa,--noexecstack -DXXH_NAMESPACE=ZSTD_ -DDEBUGLEVEL=0 -DZSTD_LEGACY_SUPPORT=5 -DZSTD_MULTITHREAD -DZSTD_GZCOMPRESS -DZSTD_GZDECOMPRESS -DZSTD_LZMACOMPRESS -DZSTD_LZMADECOMPRESS -DZSTD_LZ4COMPRESS -DZSTD_LZ4DECOMPRESS -DZSTD_LEGACY_SUPPORT=5  -c -MT obj/conf_5412af02f76bcebde8d94541bf0fd0af/error_private.o -MMD -MP -MF obj/conf_5412af02f76bcebde8d94541bf0fd0af/error_private.d -o obj/conf_5412af02f76bcebde8d94541bf0fd0af/error_private.o ../lib/common/error_private.c
CC obj/conf_0eb08ba460cf4b57a622fa0983222dee/dynamic/threading.o
cc -O2 -mabi=lp64d -march=rv64gc   -Wa,--noexecstack -fPIC -fvisibility=hidden -DXXH_NAMESPACE=ZSTD_ -DDEBUGLEVEL=0 -DZSTD_LEGACY_SUPPORT=5 -DZSTD_MULTITHREAD   -c -MT obj/conf_0eb08ba460cf4b57a622fa0983222dee/dynamic/threading.o -MMD -MP -MF obj/conf_0eb08ba460cf4b57a622fa0983222dee/dynamic/threading.d -o obj/conf_0eb08ba460cf4b57a622fa0983222dee/dynamic/threading.o .//common/threading.c
CC obj/conf_0eb08ba460cf4b57a622fa0983222dee/dynamic/xxhash.o
cc -O2 -mabi=lp64d -march=rv64gc   -Wa,--noexecstack -fPIC -fvisibility=hidden -DXXH_NAMESPACE=ZSTD_ -DDEBUGLEVEL=0 -DZSTD_LEGACY_SUPPORT=5 -DZSTD_MULTITHREAD   -c -MT obj/conf_0eb08ba460cf4b57a622fa0983222dee/dynamic/xxhash.o -MMD -MP -MF obj/conf_0eb08ba460cf4b57a622fa0983222dee/dynamic/xxhash.d -o obj/conf_0eb08ba460cf4b57a622fa0983222dee/dynamic/xxhash.o .//common/xxhash.c
CC obj/conf_5412af02f76bcebde8d94541bf0fd0af/fse_decompress.o
cc -O2 -mabi=lp64d -march=rv64gc -DBACKTRACE_ENABLE=0  -Wa,--noexecstack -DXXH_NAMESPACE=ZSTD_ -DDEBUGLEVEL=0 -DZSTD_LEGACY_SUPPORT=5 -DZSTD_MULTITHREAD -DZSTD_GZCOMPRESS -DZSTD_GZDECOMPRESS -DZSTD_LZMACOMPRESS -DZSTD_LZMADECOMPRESS -DZSTD_LZ4COMPRESS -DZSTD_LZ4DECOMPRESS -DZSTD_LEGACY_SUPPORT=5  -c -MT obj/conf_5412af02f76bcebde8d94541bf0fd0af/fse_decompress.o -MMD -MP -MF obj/conf_5412af02f76bcebde8d94541bf0fd0af/fse_decompress.d -o obj/conf_5412af02f76bcebde8d94541bf0fd0af/fse_decompress.o ../lib/common/fse_decompress.c
CC obj/conf_ec64d393f50269b7d309de2a89a728b7/static/zstd_double_fast.o
cc -O2 -mabi=lp64d -march=rv64gc   -Wa,--noexecstack -DXXH_NAMESPACE=ZSTD_ -DDEBUGLEVEL=0 -DZSTD_LEGACY_SUPPORT=5   -c -MT obj/conf_ec64d393f50269b7d309de2a89a728b7/static/zstd_double_fast.o -MMD -MP -MF obj/conf_ec64d393f50269b7d309de2a89a728b7/static/zstd_double_fast.d -o obj/conf_ec64d393f50269b7d309de2a89a728b7/static/zstd_double_fast.o .//compress/zstd_double_fast.c
CC obj/conf_ec64d393f50269b7d309de2a89a728b7/static/zstd_fast.o
cc -O2 -mabi=lp64d -march=rv64gc   -Wa,--noexecstack -DXXH_NAMESPACE=ZSTD_ -DDEBUGLEVEL=0 -DZSTD_LEGACY_SUPPORT=5   -c -MT obj/conf_ec64d393f50269b7d309de2a89a728b7/static/zstd_fast.o -MMD -MP -MF obj/conf_ec64d393f50269b7d309de2a89a728b7/static/zstd_fast.d -o obj/conf_ec64d393f50269b7d309de2a89a728b7/static/zstd_fast.o .//compress/zstd_fast.c
CC obj/conf_ec64d393f50269b7d309de2a89a728b7/static/zstd_lazy.o
cc -O2 -mabi=lp64d -march=rv64gc   -Wa,--noexecstack -DXXH_NAMESPACE=ZSTD_ -DDEBUGLEVEL=0 -DZSTD_LEGACY_SUPPORT=5   -c -MT obj/conf_ec64d393f50269b7d309de2a89a728b7/static/zstd_lazy.o -MMD -MP -MF obj/conf_ec64d393f50269b7d309de2a89a728b7/static/zstd_lazy.d -o obj/conf_ec64d393f50269b7d309de2a89a728b7/static/zstd_lazy.o .//compress/zstd_lazy.c
CC obj/conf_ec64d393f50269b7d309de2a89a728b7/static/zstd_ldm.o
cc -O2 -mabi=lp64d -march=rv64gc   -Wa,--noexecstack -DXXH_NAMESPACE=ZSTD_ -DDEBUGLEVEL=0 -DZSTD_LEGACY_SUPPORT=5   -c -MT obj/conf_ec64d393f50269b7d309de2a89a728b7/static/zstd_ldm.o -MMD -MP -MF obj/conf_ec64d393f50269b7d309de2a89a728b7/static/zstd_ldm.d -o obj/conf_ec64d393f50269b7d309de2a89a728b7/static/zstd_ldm.o .//compress/zstd_ldm.c
CC obj/conf_ec64d393f50269b7d309de2a89a728b7/static/zstd_opt.o
cc -O2 -mabi=lp64d -march=rv64gc   -Wa,--noexecstack -DXXH_NAMESPACE=ZSTD_ -DDEBUGLEVEL=0 -DZSTD_LEGACY_SUPPORT=5   -c -MT obj/conf_ec64d393f50269b7d309de2a89a728b7/static/zstd_opt.o -MMD -MP -MF obj/conf_ec64d393f50269b7d309de2a89a728b7/static/zstd_opt.d -o obj/conf_ec64d393f50269b7d309de2a89a728b7/static/zstd_opt.o .//compress/zstd_opt.c
CC obj/conf_0eb08ba460cf4b57a622fa0983222dee/dynamic/zstd_common.o
cc -O2 -mabi=lp64d -march=rv64gc   -Wa,--noexecstack -fPIC -fvisibility=hidden -DXXH_NAMESPACE=ZSTD_ -DDEBUGLEVEL=0 -DZSTD_LEGACY_SUPPORT=5 -DZSTD_MULTITHREAD   -c -MT obj/conf_0eb08ba460cf4b57a622fa0983222dee/dynamic/zstd_common.o -MMD -MP -MF obj/conf_0eb08ba460cf4b57a622fa0983222dee/dynamic/zstd_common.d -o obj/conf_0eb08ba460cf4b57a622fa0983222dee/dynamic/zstd_common.o .//common/zstd_common.c
CC obj/conf_0eb08ba460cf4b57a622fa0983222dee/dynamic/zstd_v05.o
cc -O2 -mabi=lp64d -march=rv64gc   -Wa,--noexecstack -fPIC -fvisibility=hidden -DXXH_NAMESPACE=ZSTD_ -DDEBUGLEVEL=0 -DZSTD_LEGACY_SUPPORT=5 -DZSTD_MULTITHREAD   -c -MT obj/conf_0eb08ba460cf4b57a622fa0983222dee/dynamic/zstd_v05.o -MMD -MP -MF obj/conf_0eb08ba460cf4b57a622fa0983222dee/dynamic/zstd_v05.d -o obj/conf_0eb08ba460cf4b57a622fa0983222dee/dynamic/zstd_v05.o .//legacy/zstd_v05.c
CC obj/conf_5412af02f76bcebde8d94541bf0fd0af/pool.o
cc -O2 -mabi=lp64d -march=rv64gc -DBACKTRACE_ENABLE=0  -Wa,--noexecstack -DXXH_NAMESPACE=ZSTD_ -DDEBUGLEVEL=0 -DZSTD_LEGACY_SUPPORT=5 -DZSTD_MULTITHREAD -DZSTD_GZCOMPRESS -DZSTD_GZDECOMPRESS -DZSTD_LZMACOMPRESS -DZSTD_LZMADECOMPRESS -DZSTD_LZ4COMPRESS -DZSTD_LZ4DECOMPRESS -DZSTD_LEGACY_SUPPORT=5  -c -MT obj/conf_5412af02f76bcebde8d94541bf0fd0af/pool.o -MMD -MP -MF obj/conf_5412af02f76bcebde8d94541bf0fd0af/pool.d -o obj/conf_5412af02f76bcebde8d94541bf0fd0af/pool.o ../lib/common/pool.c
CC obj/conf_ec64d393f50269b7d309de2a89a728b7/static/zstdmt_compress.o
cc -O2 -mabi=lp64d -march=rv64gc   -Wa,--noexecstack -DXXH_NAMESPACE=ZSTD_ -DDEBUGLEVEL=0 -DZSTD_LEGACY_SUPPORT=5   -c -MT obj/conf_ec64d393f50269b7d309de2a89a728b7/static/zstdmt_compress.o -MMD -MP -MF obj/conf_ec64d393f50269b7d309de2a89a728b7/static/zstdmt_compress.d -o obj/conf_ec64d393f50269b7d309de2a89a728b7/static/zstdmt_compress.o .//compress/zstdmt_compress.c
CC obj/conf_5412af02f76bcebde8d94541bf0fd0af/threading.o
cc -O2 -mabi=lp64d -march=rv64gc -DBACKTRACE_ENABLE=0  -Wa,--noexecstack -DXXH_NAMESPACE=ZSTD_ -DDEBUGLEVEL=0 -DZSTD_LEGACY_SUPPORT=5 -DZSTD_MULTITHREAD -DZSTD_GZCOMPRESS -DZSTD_GZDECOMPRESS -DZSTD_LZMACOMPRESS -DZSTD_LZMADECOMPRESS -DZSTD_LZ4COMPRESS -DZSTD_LZ4DECOMPRESS -DZSTD_LEGACY_SUPPORT=5  -c -MT obj/conf_5412af02f76bcebde8d94541bf0fd0af/threading.o -MMD -MP -MF obj/conf_5412af02f76bcebde8d94541bf0fd0af/threading.d -o obj/conf_5412af02f76bcebde8d94541bf0fd0af/threading.o ../lib/common/threading.c
CC obj/conf_5412af02f76bcebde8d94541bf0fd0af/xxhash.o
cc -O2 -mabi=lp64d -march=rv64gc -DBACKTRACE_ENABLE=0  -Wa,--noexecstack -DXXH_NAMESPACE=ZSTD_ -DDEBUGLEVEL=0 -DZSTD_LEGACY_SUPPORT=5 -DZSTD_MULTITHREAD -DZSTD_GZCOMPRESS -DZSTD_GZDECOMPRESS -DZSTD_LZMACOMPRESS -DZSTD_LZMADECOMPRESS -DZSTD_LZ4COMPRESS -DZSTD_LZ4DECOMPRESS -DZSTD_LEGACY_SUPPORT=5  -c -MT obj/conf_5412af02f76bcebde8d94541bf0fd0af/xxhash.o -MMD -MP -MF obj/conf_5412af02f76bcebde8d94541bf0fd0af/xxhash.d -o obj/conf_5412af02f76bcebde8d94541bf0fd0af/xxhash.o ../lib/common/xxhash.c
CC obj/conf_5412af02f76bcebde8d94541bf0fd0af/zstd_common.o
cc -O2 -mabi=lp64d -march=rv64gc -DBACKTRACE_ENABLE=0  -Wa,--noexecstack -DXXH_NAMESPACE=ZSTD_ -DDEBUGLEVEL=0 -DZSTD_LEGACY_SUPPORT=5 -DZSTD_MULTITHREAD -DZSTD_GZCOMPRESS -DZSTD_GZDECOMPRESS -DZSTD_LZMACOMPRESS -DZSTD_LZMADECOMPRESS -DZSTD_LZ4COMPRESS -DZSTD_LZ4DECOMPRESS -DZSTD_LEGACY_SUPPORT=5  -c -MT obj/conf_5412af02f76bcebde8d94541bf0fd0af/zstd_common.o -MMD -MP -MF obj/conf_5412af02f76bcebde8d94541bf0fd0af/zstd_common.d -o obj/conf_5412af02f76bcebde8d94541bf0fd0af/zstd_common.o ../lib/common/zstd_common.c
CC obj/conf_ec64d393f50269b7d309de2a89a728b7/static/huf_decompress.o
cc -O2 -mabi=lp64d -march=rv64gc   -Wa,--noexecstack -DXXH_NAMESPACE=ZSTD_ -DDEBUGLEVEL=0 -DZSTD_LEGACY_SUPPORT=5   -c -MT obj/conf_ec64d393f50269b7d309de2a89a728b7/static/huf_decompress.o -MMD -MP -MF obj/conf_ec64d393f50269b7d309de2a89a728b7/static/huf_decompress.d -o obj/conf_ec64d393f50269b7d309de2a89a728b7/static/huf_decompress.o .//decompress/huf_decompress.c
CC obj/conf_5412af02f76bcebde8d94541bf0fd0af/fse_compress.o
cc -O2 -mabi=lp64d -march=rv64gc -DBACKTRACE_ENABLE=0  -Wa,--noexecstack -DXXH_NAMESPACE=ZSTD_ -DDEBUGLEVEL=0 -DZSTD_LEGACY_SUPPORT=5 -DZSTD_MULTITHREAD -DZSTD_GZCOMPRESS -DZSTD_GZDECOMPRESS -DZSTD_LZMACOMPRESS -DZSTD_LZMADECOMPRESS -DZSTD_LZ4COMPRESS -DZSTD_LZ4DECOMPRESS -DZSTD_LEGACY_SUPPORT=5  -c -MT obj/conf_5412af02f76bcebde8d94541bf0fd0af/fse_compress.o -MMD -MP -MF obj/conf_5412af02f76bcebde8d94541bf0fd0af/fse_compress.d -o obj/conf_5412af02f76bcebde8d94541bf0fd0af/fse_compress.o ../lib/compress/fse_compress.c
CC obj/conf_ec64d393f50269b7d309de2a89a728b7/static/zstd_ddict.o
cc -O2 -mabi=lp64d -march=rv64gc   -Wa,--noexecstack -DXXH_NAMESPACE=ZSTD_ -DDEBUGLEVEL=0 -DZSTD_LEGACY_SUPPORT=5   -c -MT obj/conf_ec64d393f50269b7d309de2a89a728b7/static/zstd_ddict.o -MMD -MP -MF obj/conf_ec64d393f50269b7d309de2a89a728b7/static/zstd_ddict.d -o obj/conf_ec64d393f50269b7d309de2a89a728b7/static/zstd_ddict.o .//decompress/zstd_ddict.c
CC obj/conf_ec64d393f50269b7d309de2a89a728b7/static/zstd_decompress.o
cc -O2 -mabi=lp64d -march=rv64gc   -Wa,--noexecstack -DXXH_NAMESPACE=ZSTD_ -DDEBUGLEVEL=0 -DZSTD_LEGACY_SUPPORT=5   -c -MT obj/conf_ec64d393f50269b7d309de2a89a728b7/static/zstd_decompress.o -MMD -MP -MF obj/conf_ec64d393f50269b7d309de2a89a728b7/static/zstd_decompress.d -o obj/conf_ec64d393f50269b7d309de2a89a728b7/static/zstd_decompress.o .//decompress/zstd_decompress.c
CC obj/conf_5412af02f76bcebde8d94541bf0fd0af/hist.o
cc -O2 -mabi=lp64d -march=rv64gc -DBACKTRACE_ENABLE=0  -Wa,--noexecstack -DXXH_NAMESPACE=ZSTD_ -DDEBUGLEVEL=0 -DZSTD_LEGACY_SUPPORT=5 -DZSTD_MULTITHREAD -DZSTD_GZCOMPRESS -DZSTD_GZDECOMPRESS -DZSTD_LZMACOMPRESS -DZSTD_LZMADECOMPRESS -DZSTD_LZ4COMPRESS -DZSTD_LZ4DECOMPRESS -DZSTD_LEGACY_SUPPORT=5  -c -MT obj/conf_5412af02f76bcebde8d94541bf0fd0af/hist.o -MMD -MP -MF obj/conf_5412af02f76bcebde8d94541bf0fd0af/hist.d -o obj/conf_5412af02f76bcebde8d94541bf0fd0af/hist.o ../lib/compress/hist.c
CC obj/conf_0eb08ba460cf4b57a622fa0983222dee/dynamic/zstd_v06.o
cc -O2 -mabi=lp64d -march=rv64gc   -Wa,--noexecstack -fPIC -fvisibility=hidden -DXXH_NAMESPACE=ZSTD_ -DDEBUGLEVEL=0 -DZSTD_LEGACY_SUPPORT=5 -DZSTD_MULTITHREAD   -c -MT obj/conf_0eb08ba460cf4b57a622fa0983222dee/dynamic/zstd_v06.o -MMD -MP -MF obj/conf_0eb08ba460cf4b57a622fa0983222dee/dynamic/zstd_v06.d -o obj/conf_0eb08ba460cf4b57a622fa0983222dee/dynamic/zstd_v06.o .//legacy/zstd_v06.c
CC obj/conf_5412af02f76bcebde8d94541bf0fd0af/huf_compress.o
cc -O2 -mabi=lp64d -march=rv64gc -DBACKTRACE_ENABLE=0  -Wa,--noexecstack -DXXH_NAMESPACE=ZSTD_ -DDEBUGLEVEL=0 -DZSTD_LEGACY_SUPPORT=5 -DZSTD_MULTITHREAD -DZSTD_GZCOMPRESS -DZSTD_GZDECOMPRESS -DZSTD_LZMACOMPRESS -DZSTD_LZMADECOMPRESS -DZSTD_LZ4COMPRESS -DZSTD_LZ4DECOMPRESS -DZSTD_LEGACY_SUPPORT=5  -c -MT obj/conf_5412af02f76bcebde8d94541bf0fd0af/huf_compress.o -MMD -MP -MF obj/conf_5412af02f76bcebde8d94541bf0fd0af/huf_compress.d -o obj/conf_5412af02f76bcebde8d94541bf0fd0af/huf_compress.o ../lib/compress/huf_compress.c
CC obj/conf_ec64d393f50269b7d309de2a89a728b7/static/zstd_decompress_block.o
cc -O2 -mabi=lp64d -march=rv64gc   -Wa,--noexecstack -DXXH_NAMESPACE=ZSTD_ -DDEBUGLEVEL=0 -DZSTD_LEGACY_SUPPORT=5   -c -MT obj/conf_ec64d393f50269b7d309de2a89a728b7/static/zstd_decompress_block.o -MMD -MP -MF obj/conf_ec64d393f50269b7d309de2a89a728b7/static/zstd_decompress_block.d -o obj/conf_ec64d393f50269b7d309de2a89a728b7/static/zstd_decompress_block.o .//decompress/zstd_decompress_block.c
AS obj/conf_ec64d393f50269b7d309de2a89a728b7/static/huf_decompress_amd64.o
cc -Wall -Wextra -Wcast-qual -Wcast-align -Wshadow -Wstrict-aliasing=1 -Wswitch-enum -Wdeclaration-after-statement -Wstrict-prototypes -Wundef -Wpointer-arith -Wvla -Wformat=2 -Winit-self -Wfloat-equal -Wwrite-strings -Wredundant-decls -Wmissing-prototypes -Wc++-compat  -O2 -mabi=lp64d -march=rv64gc   -Wa,--noexecstack -DXXH_NAMESPACE=ZSTD_ -DDEBUGLEVEL=0 -DZSTD_LEGACY_SUPPORT=5   -c -o obj/conf_ec64d393f50269b7d309de2a89a728b7/static/huf_decompress_amd64.o .//decompress/huf_decompress_amd64.S
CC obj/conf_ec64d393f50269b7d309de2a89a728b7/static/cover.o
cc -O2 -mabi=lp64d -march=rv64gc   -Wa,--noexecstack -DXXH_NAMESPACE=ZSTD_ -DDEBUGLEVEL=0 -DZSTD_LEGACY_SUPPORT=5   -c -MT obj/conf_ec64d393f50269b7d309de2a89a728b7/static/cover.o -MMD -MP -MF obj/conf_ec64d393f50269b7d309de2a89a728b7/static/cover.d -o obj/conf_ec64d393f50269b7d309de2a89a728b7/static/cover.o .//dictBuilder/cover.c
CC obj/conf_ec64d393f50269b7d309de2a89a728b7/static/divsufsort.o
cc -O2 -mabi=lp64d -march=rv64gc   -Wa,--noexecstack -DXXH_NAMESPACE=ZSTD_ -DDEBUGLEVEL=0 -DZSTD_LEGACY_SUPPORT=5   -c -MT obj/conf_ec64d393f50269b7d309de2a89a728b7/static/divsufsort.o -MMD -MP -MF obj/conf_ec64d393f50269b7d309de2a89a728b7/static/divsufsort.d -o obj/conf_ec64d393f50269b7d309de2a89a728b7/static/divsufsort.o .//dictBuilder/divsufsort.c
CC obj/conf_ec64d393f50269b7d309de2a89a728b7/static/fastcover.o
cc -O2 -mabi=lp64d -march=rv64gc   -Wa,--noexecstack -DXXH_NAMESPACE=ZSTD_ -DDEBUGLEVEL=0 -DZSTD_LEGACY_SUPPORT=5   -c -MT obj/conf_ec64d393f50269b7d309de2a89a728b7/static/fastcover.o -MMD -MP -MF obj/conf_ec64d393f50269b7d309de2a89a728b7/static/fastcover.d -o obj/conf_ec64d393f50269b7d309de2a89a728b7/static/fastcover.o .//dictBuilder/fastcover.c
CC obj/conf_ec64d393f50269b7d309de2a89a728b7/static/zdict.o
cc -O2 -mabi=lp64d -march=rv64gc   -Wa,--noexecstack -DXXH_NAMESPACE=ZSTD_ -DDEBUGLEVEL=0 -DZSTD_LEGACY_SUPPORT=5   -c -MT obj/conf_ec64d393f50269b7d309de2a89a728b7/static/zdict.o -MMD -MP -MF obj/conf_ec64d393f50269b7d309de2a89a728b7/static/zdict.d -o obj/conf_ec64d393f50269b7d309de2a89a728b7/static/zdict.o .//dictBuilder/zdict.c
CC obj/conf_5412af02f76bcebde8d94541bf0fd0af/zstd_compress.o
cc -O2 -mabi=lp64d -march=rv64gc -DBACKTRACE_ENABLE=0  -Wa,--noexecstack -DXXH_NAMESPACE=ZSTD_ -DDEBUGLEVEL=0 -DZSTD_LEGACY_SUPPORT=5 -DZSTD_MULTITHREAD -DZSTD_GZCOMPRESS -DZSTD_GZDECOMPRESS -DZSTD_LZMACOMPRESS -DZSTD_LZMADECOMPRESS -DZSTD_LZ4COMPRESS -DZSTD_LZ4DECOMPRESS -DZSTD_LEGACY_SUPPORT=5  -c -MT obj/conf_5412af02f76bcebde8d94541bf0fd0af/zstd_compress.o -MMD -MP -MF obj/conf_5412af02f76bcebde8d94541bf0fd0af/zstd_compress.d -o obj/conf_5412af02f76bcebde8d94541bf0fd0af/zstd_compress.o ../lib/compress/zstd_compress.c
CC obj/conf_5412af02f76bcebde8d94541bf0fd0af/zstd_compress_literals.o
cc -O2 -mabi=lp64d -march=rv64gc -DBACKTRACE_ENABLE=0  -Wa,--noexecstack -DXXH_NAMESPACE=ZSTD_ -DDEBUGLEVEL=0 -DZSTD_LEGACY_SUPPORT=5 -DZSTD_MULTITHREAD -DZSTD_GZCOMPRESS -DZSTD_GZDECOMPRESS -DZSTD_LZMACOMPRESS -DZSTD_LZMADECOMPRESS -DZSTD_LZ4COMPRESS -DZSTD_LZ4DECOMPRESS -DZSTD_LEGACY_SUPPORT=5  -c -MT obj/conf_5412af02f76bcebde8d94541bf0fd0af/zstd_compress_literals.o -MMD -MP -MF obj/conf_5412af02f76bcebde8d94541bf0fd0af/zstd_compress_literals.d -o obj/conf_5412af02f76bcebde8d94541bf0fd0af/zstd_compress_literals.o ../lib/compress/zstd_compress_literals.c
CC obj/conf_0eb08ba460cf4b57a622fa0983222dee/dynamic/zstd_v07.o
cc -O2 -mabi=lp64d -march=rv64gc   -Wa,--noexecstack -fPIC -fvisibility=hidden -DXXH_NAMESPACE=ZSTD_ -DDEBUGLEVEL=0 -DZSTD_LEGACY_SUPPORT=5 -DZSTD_MULTITHREAD   -c -MT obj/conf_0eb08ba460cf4b57a622fa0983222dee/dynamic/zstd_v07.o -MMD -MP -MF obj/conf_0eb08ba460cf4b57a622fa0983222dee/dynamic/zstd_v07.d -o obj/conf_0eb08ba460cf4b57a622fa0983222dee/dynamic/zstd_v07.o .//legacy/zstd_v07.c
CC obj/conf_0eb08ba460cf4b57a622fa0983222dee/dynamic/fse_compress.o
cc -O2 -mabi=lp64d -march=rv64gc   -Wa,--noexecstack -fPIC -fvisibility=hidden -DXXH_NAMESPACE=ZSTD_ -DDEBUGLEVEL=0 -DZSTD_LEGACY_SUPPORT=5 -DZSTD_MULTITHREAD   -c -MT obj/conf_0eb08ba460cf4b57a622fa0983222dee/dynamic/fse_compress.o -MMD -MP -MF obj/conf_0eb08ba460cf4b57a622fa0983222dee/dynamic/fse_compress.d -o obj/conf_0eb08ba460cf4b57a622fa0983222dee/dynamic/fse_compress.o .//compress/fse_compress.c
CC obj/conf_5412af02f76bcebde8d94541bf0fd0af/zstd_compress_sequences.o
cc -O2 -mabi=lp64d -march=rv64gc -DBACKTRACE_ENABLE=0  -Wa,--noexecstack -DXXH_NAMESPACE=ZSTD_ -DDEBUGLEVEL=0 -DZSTD_LEGACY_SUPPORT=5 -DZSTD_MULTITHREAD -DZSTD_GZCOMPRESS -DZSTD_GZDECOMPRESS -DZSTD_LZMACOMPRESS -DZSTD_LZMADECOMPRESS -DZSTD_LZ4COMPRESS -DZSTD_LZ4DECOMPRESS -DZSTD_LEGACY_SUPPORT=5  -c -MT obj/conf_5412af02f76bcebde8d94541bf0fd0af/zstd_compress_sequences.o -MMD -MP -MF obj/conf_5412af02f76bcebde8d94541bf0fd0af/zstd_compress_sequences.d -o obj/conf_5412af02f76bcebde8d94541bf0fd0af/zstd_compress_sequences.o ../lib/compress/zstd_compress_sequences.c
CC obj/conf_5412af02f76bcebde8d94541bf0fd0af/zstd_compress_superblock.o
cc -O2 -mabi=lp64d -march=rv64gc -DBACKTRACE_ENABLE=0  -Wa,--noexecstack -DXXH_NAMESPACE=ZSTD_ -DDEBUGLEVEL=0 -DZSTD_LEGACY_SUPPORT=5 -DZSTD_MULTITHREAD -DZSTD_GZCOMPRESS -DZSTD_GZDECOMPRESS -DZSTD_LZMACOMPRESS -DZSTD_LZMADECOMPRESS -DZSTD_LZ4COMPRESS -DZSTD_LZ4DECOMPRESS -DZSTD_LEGACY_SUPPORT=5  -c -MT obj/conf_5412af02f76bcebde8d94541bf0fd0af/zstd_compress_superblock.o -MMD -MP -MF obj/conf_5412af02f76bcebde8d94541bf0fd0af/zstd_compress_superblock.d -o obj/conf_5412af02f76bcebde8d94541bf0fd0af/zstd_compress_superblock.o ../lib/compress/zstd_compress_superblock.c
CC obj/conf_5412af02f76bcebde8d94541bf0fd0af/zstd_double_fast.o
cc -O2 -mabi=lp64d -march=rv64gc -DBACKTRACE_ENABLE=0  -Wa,--noexecstack -DXXH_NAMESPACE=ZSTD_ -DDEBUGLEVEL=0 -DZSTD_LEGACY_SUPPORT=5 -DZSTD_MULTITHREAD -DZSTD_GZCOMPRESS -DZSTD_GZDECOMPRESS -DZSTD_LZMACOMPRESS -DZSTD_LZMADECOMPRESS -DZSTD_LZ4COMPRESS -DZSTD_LZ4DECOMPRESS -DZSTD_LEGACY_SUPPORT=5  -c -MT obj/conf_5412af02f76bcebde8d94541bf0fd0af/zstd_double_fast.o -MMD -MP -MF obj/conf_5412af02f76bcebde8d94541bf0fd0af/zstd_double_fast.d -o obj/conf_5412af02f76bcebde8d94541bf0fd0af/zstd_double_fast.o ../lib/compress/zstd_double_fast.c
CC obj/conf_5412af02f76bcebde8d94541bf0fd0af/zstd_fast.o
cc -O2 -mabi=lp64d -march=rv64gc -DBACKTRACE_ENABLE=0  -Wa,--noexecstack -DXXH_NAMESPACE=ZSTD_ -DDEBUGLEVEL=0 -DZSTD_LEGACY_SUPPORT=5 -DZSTD_MULTITHREAD -DZSTD_GZCOMPRESS -DZSTD_GZDECOMPRESS -DZSTD_LZMACOMPRESS -DZSTD_LZMADECOMPRESS -DZSTD_LZ4COMPRESS -DZSTD_LZ4DECOMPRESS -DZSTD_LEGACY_SUPPORT=5  -c -MT obj/conf_5412af02f76bcebde8d94541bf0fd0af/zstd_fast.o -MMD -MP -MF obj/conf_5412af02f76bcebde8d94541bf0fd0af/zstd_fast.d -o obj/conf_5412af02f76bcebde8d94541bf0fd0af/zstd_fast.o ../lib/compress/zstd_fast.c
CC obj/conf_0eb08ba460cf4b57a622fa0983222dee/dynamic/hist.o
cc -O2 -mabi=lp64d -march=rv64gc   -Wa,--noexecstack -fPIC -fvisibility=hidden -DXXH_NAMESPACE=ZSTD_ -DDEBUGLEVEL=0 -DZSTD_LEGACY_SUPPORT=5 -DZSTD_MULTITHREAD   -c -MT obj/conf_0eb08ba460cf4b57a622fa0983222dee/dynamic/hist.o -MMD -MP -MF obj/conf_0eb08ba460cf4b57a622fa0983222dee/dynamic/hist.d -o obj/conf_0eb08ba460cf4b57a622fa0983222dee/dynamic/hist.o .//compress/hist.c
CC obj/conf_5412af02f76bcebde8d94541bf0fd0af/zstd_lazy.o
cc -O2 -mabi=lp64d -march=rv64gc -DBACKTRACE_ENABLE=0  -Wa,--noexecstack -DXXH_NAMESPACE=ZSTD_ -DDEBUGLEVEL=0 -DZSTD_LEGACY_SUPPORT=5 -DZSTD_MULTITHREAD -DZSTD_GZCOMPRESS -DZSTD_GZDECOMPRESS -DZSTD_LZMACOMPRESS -DZSTD_LZMADECOMPRESS -DZSTD_LZ4COMPRESS -DZSTD_LZ4DECOMPRESS -DZSTD_LEGACY_SUPPORT=5  -c -MT obj/conf_5412af02f76bcebde8d94541bf0fd0af/zstd_lazy.o -MMD -MP -MF obj/conf_5412af02f76bcebde8d94541bf0fd0af/zstd_lazy.d -o obj/conf_5412af02f76bcebde8d94541bf0fd0af/zstd_lazy.o ../lib/compress/zstd_lazy.c
CC obj/conf_0eb08ba460cf4b57a622fa0983222dee/dynamic/huf_compress.o
cc -O2 -mabi=lp64d -march=rv64gc   -Wa,--noexecstack -fPIC -fvisibility=hidden -DXXH_NAMESPACE=ZSTD_ -DDEBUGLEVEL=0 -DZSTD_LEGACY_SUPPORT=5 -DZSTD_MULTITHREAD   -c -MT obj/conf_0eb08ba460cf4b57a622fa0983222dee/dynamic/huf_compress.o -MMD -MP -MF obj/conf_0eb08ba460cf4b57a622fa0983222dee/dynamic/huf_compress.d -o obj/conf_0eb08ba460cf4b57a622fa0983222dee/dynamic/huf_compress.o .//compress/huf_compress.c
CC obj/conf_0eb08ba460cf4b57a622fa0983222dee/dynamic/zstd_compress.o
cc -O2 -mabi=lp64d -march=rv64gc   -Wa,--noexecstack -fPIC -fvisibility=hidden -DXXH_NAMESPACE=ZSTD_ -DDEBUGLEVEL=0 -DZSTD_LEGACY_SUPPORT=5 -DZSTD_MULTITHREAD   -c -MT obj/conf_0eb08ba460cf4b57a622fa0983222dee/dynamic/zstd_compress.o -MMD -MP -MF obj/conf_0eb08ba460cf4b57a622fa0983222dee/dynamic/zstd_compress.d -o obj/conf_0eb08ba460cf4b57a622fa0983222dee/dynamic/zstd_compress.o .//compress/zstd_compress.c
CC obj/conf_0eb08ba460cf4b57a622fa0983222dee/dynamic/zstd_compress_literals.o
cc -O2 -mabi=lp64d -march=rv64gc   -Wa,--noexecstack -fPIC -fvisibility=hidden -DXXH_NAMESPACE=ZSTD_ -DDEBUGLEVEL=0 -DZSTD_LEGACY_SUPPORT=5 -DZSTD_MULTITHREAD   -c -MT obj/conf_0eb08ba460cf4b57a622fa0983222dee/dynamic/zstd_compress_literals.o -MMD -MP -MF obj/conf_0eb08ba460cf4b57a622fa0983222dee/dynamic/zstd_compress_literals.d -o obj/conf_0eb08ba460cf4b57a622fa0983222dee/dynamic/zstd_compress_literals.o .//compress/zstd_compress_literals.c
CC obj/conf_0eb08ba460cf4b57a622fa0983222dee/dynamic/zstd_compress_sequences.o
cc -O2 -mabi=lp64d -march=rv64gc   -Wa,--noexecstack -fPIC -fvisibility=hidden -DXXH_NAMESPACE=ZSTD_ -DDEBUGLEVEL=0 -DZSTD_LEGACY_SUPPORT=5 -DZSTD_MULTITHREAD   -c -MT obj/conf_0eb08ba460cf4b57a622fa0983222dee/dynamic/zstd_compress_sequences.o -MMD -MP -MF obj/conf_0eb08ba460cf4b57a622fa0983222dee/dynamic/zstd_compress_sequences.d -o obj/conf_0eb08ba460cf4b57a622fa0983222dee/dynamic/zstd_compress_sequences.o .//compress/zstd_compress_sequences.c
CC obj/conf_0eb08ba460cf4b57a622fa0983222dee/dynamic/zstd_compress_superblock.o
cc -O2 -mabi=lp64d -march=rv64gc   -Wa,--noexecstack -fPIC -fvisibility=hidden -DXXH_NAMESPACE=ZSTD_ -DDEBUGLEVEL=0 -DZSTD_LEGACY_SUPPORT=5 -DZSTD_MULTITHREAD   -c -MT obj/conf_0eb08ba460cf4b57a622fa0983222dee/dynamic/zstd_compress_superblock.o -MMD -MP -MF obj/conf_0eb08ba460cf4b57a622fa0983222dee/dynamic/zstd_compress_superblock.d -o obj/conf_0eb08ba460cf4b57a622fa0983222dee/dynamic/zstd_compress_superblock.o .//compress/zstd_compress_superblock.c
CC obj/conf_0eb08ba460cf4b57a622fa0983222dee/dynamic/zstd_double_fast.o
cc -O2 -mabi=lp64d -march=rv64gc   -Wa,--noexecstack -fPIC -fvisibility=hidden -DXXH_NAMESPACE=ZSTD_ -DDEBUGLEVEL=0 -DZSTD_LEGACY_SUPPORT=5 -DZSTD_MULTITHREAD   -c -MT obj/conf_0eb08ba460cf4b57a622fa0983222dee/dynamic/zstd_double_fast.o -MMD -MP -MF obj/conf_0eb08ba460cf4b57a622fa0983222dee/dynamic/zstd_double_fast.d -o obj/conf_0eb08ba460cf4b57a622fa0983222dee/dynamic/zstd_double_fast.o .//compress/zstd_double_fast.c
CC obj/conf_5412af02f76bcebde8d94541bf0fd0af/zstd_ldm.o
cc -O2 -mabi=lp64d -march=rv64gc -DBACKTRACE_ENABLE=0  -Wa,--noexecstack -DXXH_NAMESPACE=ZSTD_ -DDEBUGLEVEL=0 -DZSTD_LEGACY_SUPPORT=5 -DZSTD_MULTITHREAD -DZSTD_GZCOMPRESS -DZSTD_GZDECOMPRESS -DZSTD_LZMACOMPRESS -DZSTD_LZMADECOMPRESS -DZSTD_LZ4COMPRESS -DZSTD_LZ4DECOMPRESS -DZSTD_LEGACY_SUPPORT=5  -c -MT obj/conf_5412af02f76bcebde8d94541bf0fd0af/zstd_ldm.o -MMD -MP -MF obj/conf_5412af02f76bcebde8d94541bf0fd0af/zstd_ldm.d -o obj/conf_5412af02f76bcebde8d94541bf0fd0af/zstd_ldm.o ../lib/compress/zstd_ldm.c
CC obj/conf_0eb08ba460cf4b57a622fa0983222dee/dynamic/zstd_fast.o
cc -O2 -mabi=lp64d -march=rv64gc   -Wa,--noexecstack -fPIC -fvisibility=hidden -DXXH_NAMESPACE=ZSTD_ -DDEBUGLEVEL=0 -DZSTD_LEGACY_SUPPORT=5 -DZSTD_MULTITHREAD   -c -MT obj/conf_0eb08ba460cf4b57a622fa0983222dee/dynamic/zstd_fast.o -MMD -MP -MF obj/conf_0eb08ba460cf4b57a622fa0983222dee/dynamic/zstd_fast.d -o obj/conf_0eb08ba460cf4b57a622fa0983222dee/dynamic/zstd_fast.o .//compress/zstd_fast.c
CC obj/conf_5412af02f76bcebde8d94541bf0fd0af/zstd_opt.o
cc -O2 -mabi=lp64d -march=rv64gc -DBACKTRACE_ENABLE=0  -Wa,--noexecstack -DXXH_NAMESPACE=ZSTD_ -DDEBUGLEVEL=0 -DZSTD_LEGACY_SUPPORT=5 -DZSTD_MULTITHREAD -DZSTD_GZCOMPRESS -DZSTD_GZDECOMPRESS -DZSTD_LZMACOMPRESS -DZSTD_LZMADECOMPRESS -DZSTD_LZ4COMPRESS -DZSTD_LZ4DECOMPRESS -DZSTD_LEGACY_SUPPORT=5  -c -MT obj/conf_5412af02f76bcebde8d94541bf0fd0af/zstd_opt.o -MMD -MP -MF obj/conf_5412af02f76bcebde8d94541bf0fd0af/zstd_opt.d -o obj/conf_5412af02f76bcebde8d94541bf0fd0af/zstd_opt.o ../lib/compress/zstd_opt.c
CC obj/conf_5412af02f76bcebde8d94541bf0fd0af/zstdmt_compress.o
cc -O2 -mabi=lp64d -march=rv64gc -DBACKTRACE_ENABLE=0  -Wa,--noexecstack -DXXH_NAMESPACE=ZSTD_ -DDEBUGLEVEL=0 -DZSTD_LEGACY_SUPPORT=5 -DZSTD_MULTITHREAD -DZSTD_GZCOMPRESS -DZSTD_GZDECOMPRESS -DZSTD_LZMACOMPRESS -DZSTD_LZMADECOMPRESS -DZSTD_LZ4COMPRESS -DZSTD_LZ4DECOMPRESS -DZSTD_LEGACY_SUPPORT=5  -c -MT obj/conf_5412af02f76bcebde8d94541bf0fd0af/zstdmt_compress.o -MMD -MP -MF obj/conf_5412af02f76bcebde8d94541bf0fd0af/zstdmt_compress.d -o obj/conf_5412af02f76bcebde8d94541bf0fd0af/zstdmt_compress.o ../lib/compress/zstdmt_compress.c
CC obj/conf_5412af02f76bcebde8d94541bf0fd0af/huf_decompress.o
cc -O2 -mabi=lp64d -march=rv64gc -DBACKTRACE_ENABLE=0  -Wa,--noexecstack -DXXH_NAMESPACE=ZSTD_ -DDEBUGLEVEL=0 -DZSTD_LEGACY_SUPPORT=5 -DZSTD_MULTITHREAD -DZSTD_GZCOMPRESS -DZSTD_GZDECOMPRESS -DZSTD_LZMACOMPRESS -DZSTD_LZMADECOMPRESS -DZSTD_LZ4COMPRESS -DZSTD_LZ4DECOMPRESS -DZSTD_LEGACY_SUPPORT=5  -c -MT obj/conf_5412af02f76bcebde8d94541bf0fd0af/huf_decompress.o -MMD -MP -MF obj/conf_5412af02f76bcebde8d94541bf0fd0af/huf_decompress.d -o obj/conf_5412af02f76bcebde8d94541bf0fd0af/huf_decompress.o ../lib/decompress/huf_decompress.c
CC obj/conf_0eb08ba460cf4b57a622fa0983222dee/dynamic/zstd_lazy.o
cc -O2 -mabi=lp64d -march=rv64gc   -Wa,--noexecstack -fPIC -fvisibility=hidden -DXXH_NAMESPACE=ZSTD_ -DDEBUGLEVEL=0 -DZSTD_LEGACY_SUPPORT=5 -DZSTD_MULTITHREAD   -c -MT obj/conf_0eb08ba460cf4b57a622fa0983222dee/dynamic/zstd_lazy.o -MMD -MP -MF obj/conf_0eb08ba460cf4b57a622fa0983222dee/dynamic/zstd_lazy.d -o obj/conf_0eb08ba460cf4b57a622fa0983222dee/dynamic/zstd_lazy.o .//compress/zstd_lazy.c
AS obj/conf_5412af02f76bcebde8d94541bf0fd0af/huf_decompress_amd64.o
cc -Wall -Wextra -Wcast-qual -Wcast-align -Wshadow -Wstrict-aliasing=1 -Wswitch-enum -Wdeclaration-after-statement -Wstrict-prototypes -Wundef -Wpointer-arith -Wvla -Wformat=2 -Winit-self -Wfloat-equal -Wwrite-strings -Wredundant-decls -Wmissing-prototypes -Wc++-compat  -O2 -mabi=lp64d -march=rv64gc -DBACKTRACE_ENABLE=0  -Wa,--noexecstack -DXXH_NAMESPACE=ZSTD_ -DDEBUGLEVEL=0 -DZSTD_LEGACY_SUPPORT=5 -DZSTD_MULTITHREAD -DZSTD_GZCOMPRESS -DZSTD_GZDECOMPRESS -DZSTD_LZMACOMPRESS -DZSTD_LZMADECOMPRESS -DZSTD_LZ4COMPRESS -DZSTD_LZ4DECOMPRESS -DZSTD_LEGACY_SUPPORT=5  -c -o obj/conf_5412af02f76bcebde8d94541bf0fd0af/huf_decompress_amd64.o ../lib/decompress/huf_decompress_amd64.S
CC obj/conf_5412af02f76bcebde8d94541bf0fd0af/zstd_ddict.o
cc -O2 -mabi=lp64d -march=rv64gc -DBACKTRACE_ENABLE=0  -Wa,--noexecstack -DXXH_NAMESPACE=ZSTD_ -DDEBUGLEVEL=0 -DZSTD_LEGACY_SUPPORT=5 -DZSTD_MULTITHREAD -DZSTD_GZCOMPRESS -DZSTD_GZDECOMPRESS -DZSTD_LZMACOMPRESS -DZSTD_LZMADECOMPRESS -DZSTD_LZ4COMPRESS -DZSTD_LZ4DECOMPRESS -DZSTD_LEGACY_SUPPORT=5  -c -MT obj/conf_5412af02f76bcebde8d94541bf0fd0af/zstd_ddict.o -MMD -MP -MF obj/conf_5412af02f76bcebde8d94541bf0fd0af/zstd_ddict.d -o obj/conf_5412af02f76bcebde8d94541bf0fd0af/zstd_ddict.o ../lib/decompress/zstd_ddict.c
CC obj/conf_5412af02f76bcebde8d94541bf0fd0af/zstd_decompress.o
cc -O2 -mabi=lp64d -march=rv64gc -DBACKTRACE_ENABLE=0  -Wa,--noexecstack -DXXH_NAMESPACE=ZSTD_ -DDEBUGLEVEL=0 -DZSTD_LEGACY_SUPPORT=5 -DZSTD_MULTITHREAD -DZSTD_GZCOMPRESS -DZSTD_GZDECOMPRESS -DZSTD_LZMACOMPRESS -DZSTD_LZMADECOMPRESS -DZSTD_LZ4COMPRESS -DZSTD_LZ4DECOMPRESS -DZSTD_LEGACY_SUPPORT=5  -c -MT obj/conf_5412af02f76bcebde8d94541bf0fd0af/zstd_decompress.o -MMD -MP -MF obj/conf_5412af02f76bcebde8d94541bf0fd0af/zstd_decompress.d -o obj/conf_5412af02f76bcebde8d94541bf0fd0af/zstd_decompress.o ../lib/decompress/zstd_decompress.c
CC obj/conf_0eb08ba460cf4b57a622fa0983222dee/dynamic/zstd_ldm.o
cc -O2 -mabi=lp64d -march=rv64gc   -Wa,--noexecstack -fPIC -fvisibility=hidden -DXXH_NAMESPACE=ZSTD_ -DDEBUGLEVEL=0 -DZSTD_LEGACY_SUPPORT=5 -DZSTD_MULTITHREAD   -c -MT obj/conf_0eb08ba460cf4b57a622fa0983222dee/dynamic/zstd_ldm.o -MMD -MP -MF obj/conf_0eb08ba460cf4b57a622fa0983222dee/dynamic/zstd_ldm.d -o obj/conf_0eb08ba460cf4b57a622fa0983222dee/dynamic/zstd_ldm.o .//compress/zstd_ldm.c
CC obj/conf_5412af02f76bcebde8d94541bf0fd0af/zstd_decompress_block.o
cc -O2 -mabi=lp64d -march=rv64gc -DBACKTRACE_ENABLE=0  -Wa,--noexecstack -DXXH_NAMESPACE=ZSTD_ -DDEBUGLEVEL=0 -DZSTD_LEGACY_SUPPORT=5 -DZSTD_MULTITHREAD -DZSTD_GZCOMPRESS -DZSTD_GZDECOMPRESS -DZSTD_LZMACOMPRESS -DZSTD_LZMADECOMPRESS -DZSTD_LZ4COMPRESS -DZSTD_LZ4DECOMPRESS -DZSTD_LEGACY_SUPPORT=5  -c -MT obj/conf_5412af02f76bcebde8d94541bf0fd0af/zstd_decompress_block.o -MMD -MP -MF obj/conf_5412af02f76bcebde8d94541bf0fd0af/zstd_decompress_block.d -o obj/conf_5412af02f76bcebde8d94541bf0fd0af/zstd_decompress_block.o ../lib/decompress/zstd_decompress_block.c
CC obj/conf_0eb08ba460cf4b57a622fa0983222dee/dynamic/zstd_opt.o
cc -O2 -mabi=lp64d -march=rv64gc   -Wa,--noexecstack -fPIC -fvisibility=hidden -DXXH_NAMESPACE=ZSTD_ -DDEBUGLEVEL=0 -DZSTD_LEGACY_SUPPORT=5 -DZSTD_MULTITHREAD   -c -MT obj/conf_0eb08ba460cf4b57a622fa0983222dee/dynamic/zstd_opt.o -MMD -MP -MF obj/conf_0eb08ba460cf4b57a622fa0983222dee/dynamic/zstd_opt.d -o obj/conf_0eb08ba460cf4b57a622fa0983222dee/dynamic/zstd_opt.o .//compress/zstd_opt.c
CC obj/conf_0eb08ba460cf4b57a622fa0983222dee/dynamic/zstdmt_compress.o
cc -O2 -mabi=lp64d -march=rv64gc   -Wa,--noexecstack -fPIC -fvisibility=hidden -DXXH_NAMESPACE=ZSTD_ -DDEBUGLEVEL=0 -DZSTD_LEGACY_SUPPORT=5 -DZSTD_MULTITHREAD   -c -MT obj/conf_0eb08ba460cf4b57a622fa0983222dee/dynamic/zstdmt_compress.o -MMD -MP -MF obj/conf_0eb08ba460cf4b57a622fa0983222dee/dynamic/zstdmt_compress.d -o obj/conf_0eb08ba460cf4b57a622fa0983222dee/dynamic/zstdmt_compress.o .//compress/zstdmt_compress.c
CC obj/conf_5412af02f76bcebde8d94541bf0fd0af/cover.o
cc -O2 -mabi=lp64d -march=rv64gc -DBACKTRACE_ENABLE=0  -Wa,--noexecstack -DXXH_NAMESPACE=ZSTD_ -DDEBUGLEVEL=0 -DZSTD_LEGACY_SUPPORT=5 -DZSTD_MULTITHREAD -DZSTD_GZCOMPRESS -DZSTD_GZDECOMPRESS -DZSTD_LZMACOMPRESS -DZSTD_LZMADECOMPRESS -DZSTD_LZ4COMPRESS -DZSTD_LZ4DECOMPRESS -DZSTD_LEGACY_SUPPORT=5  -c -MT obj/conf_5412af02f76bcebde8d94541bf0fd0af/cover.o -MMD -MP -MF obj/conf_5412af02f76bcebde8d94541bf0fd0af/cover.d -o obj/conf_5412af02f76bcebde8d94541bf0fd0af/cover.o ../lib/dictBuilder/cover.c
CC obj/conf_5412af02f76bcebde8d94541bf0fd0af/divsufsort.o
cc -O2 -mabi=lp64d -march=rv64gc -DBACKTRACE_ENABLE=0  -Wa,--noexecstack -DXXH_NAMESPACE=ZSTD_ -DDEBUGLEVEL=0 -DZSTD_LEGACY_SUPPORT=5 -DZSTD_MULTITHREAD -DZSTD_GZCOMPRESS -DZSTD_GZDECOMPRESS -DZSTD_LZMACOMPRESS -DZSTD_LZMADECOMPRESS -DZSTD_LZ4COMPRESS -DZSTD_LZ4DECOMPRESS -DZSTD_LEGACY_SUPPORT=5  -c -MT obj/conf_5412af02f76bcebde8d94541bf0fd0af/divsufsort.o -MMD -MP -MF obj/conf_5412af02f76bcebde8d94541bf0fd0af/divsufsort.d -o obj/conf_5412af02f76bcebde8d94541bf0fd0af/divsufsort.o ../lib/dictBuilder/divsufsort.c
CC obj/conf_5412af02f76bcebde8d94541bf0fd0af/fastcover.o
cc -O2 -mabi=lp64d -march=rv64gc -DBACKTRACE_ENABLE=0  -Wa,--noexecstack -DXXH_NAMESPACE=ZSTD_ -DDEBUGLEVEL=0 -DZSTD_LEGACY_SUPPORT=5 -DZSTD_MULTITHREAD -DZSTD_GZCOMPRESS -DZSTD_GZDECOMPRESS -DZSTD_LZMACOMPRESS -DZSTD_LZMADECOMPRESS -DZSTD_LZ4COMPRESS -DZSTD_LZ4DECOMPRESS -DZSTD_LEGACY_SUPPORT=5  -c -MT obj/conf_5412af02f76bcebde8d94541bf0fd0af/fastcover.o -MMD -MP -MF obj/conf_5412af02f76bcebde8d94541bf0fd0af/fastcover.d -o obj/conf_5412af02f76bcebde8d94541bf0fd0af/fastcover.o ../lib/dictBuilder/fastcover.c
CC obj/conf_0eb08ba460cf4b57a622fa0983222dee/dynamic/huf_decompress.o
cc -O2 -mabi=lp64d -march=rv64gc   -Wa,--noexecstack -fPIC -fvisibility=hidden -DXXH_NAMESPACE=ZSTD_ -DDEBUGLEVEL=0 -DZSTD_LEGACY_SUPPORT=5 -DZSTD_MULTITHREAD   -c -MT obj/conf_0eb08ba460cf4b57a622fa0983222dee/dynamic/huf_decompress.o -MMD -MP -MF obj/conf_0eb08ba460cf4b57a622fa0983222dee/dynamic/huf_decompress.d -o obj/conf_0eb08ba460cf4b57a622fa0983222dee/dynamic/huf_decompress.o .//decompress/huf_decompress.c
CC obj/conf_5412af02f76bcebde8d94541bf0fd0af/zdict.o
cc -O2 -mabi=lp64d -march=rv64gc -DBACKTRACE_ENABLE=0  -Wa,--noexecstack -DXXH_NAMESPACE=ZSTD_ -DDEBUGLEVEL=0 -DZSTD_LEGACY_SUPPORT=5 -DZSTD_MULTITHREAD -DZSTD_GZCOMPRESS -DZSTD_GZDECOMPRESS -DZSTD_LZMACOMPRESS -DZSTD_LZMADECOMPRESS -DZSTD_LZ4COMPRESS -DZSTD_LZ4DECOMPRESS -DZSTD_LEGACY_SUPPORT=5  -c -MT obj/conf_5412af02f76bcebde8d94541bf0fd0af/zdict.o -MMD -MP -MF obj/conf_5412af02f76bcebde8d94541bf0fd0af/zdict.d -o obj/conf_5412af02f76bcebde8d94541bf0fd0af/zdict.o ../lib/dictBuilder/zdict.c
CC obj/conf_5412af02f76bcebde8d94541bf0fd0af/zstd_v05.o
cc -O2 -mabi=lp64d -march=rv64gc -DBACKTRACE_ENABLE=0  -Wa,--noexecstack -DXXH_NAMESPACE=ZSTD_ -DDEBUGLEVEL=0 -DZSTD_LEGACY_SUPPORT=5 -DZSTD_MULTITHREAD -DZSTD_GZCOMPRESS -DZSTD_GZDECOMPRESS -DZSTD_LZMACOMPRESS -DZSTD_LZMADECOMPRESS -DZSTD_LZ4COMPRESS -DZSTD_LZ4DECOMPRESS -DZSTD_LEGACY_SUPPORT=5  -c -MT obj/conf_5412af02f76bcebde8d94541bf0fd0af/zstd_v05.o -MMD -MP -MF obj/conf_5412af02f76bcebde8d94541bf0fd0af/zstd_v05.d -o obj/conf_5412af02f76bcebde8d94541bf0fd0af/zstd_v05.o ../lib/legacy/zstd_v05.c
CC obj/conf_5412af02f76bcebde8d94541bf0fd0af/zstd_v06.o
cc -O2 -mabi=lp64d -march=rv64gc -DBACKTRACE_ENABLE=0  -Wa,--noexecstack -DXXH_NAMESPACE=ZSTD_ -DDEBUGLEVEL=0 -DZSTD_LEGACY_SUPPORT=5 -DZSTD_MULTITHREAD -DZSTD_GZCOMPRESS -DZSTD_GZDECOMPRESS -DZSTD_LZMACOMPRESS -DZSTD_LZMADECOMPRESS -DZSTD_LZ4COMPRESS -DZSTD_LZ4DECOMPRESS -DZSTD_LEGACY_SUPPORT=5  -c -MT obj/conf_5412af02f76bcebde8d94541bf0fd0af/zstd_v06.o -MMD -MP -MF obj/conf_5412af02f76bcebde8d94541bf0fd0af/zstd_v06.d -o obj/conf_5412af02f76bcebde8d94541bf0fd0af/zstd_v06.o ../lib/legacy/zstd_v06.c
CC obj/conf_5412af02f76bcebde8d94541bf0fd0af/zstd_v07.o
cc -O2 -mabi=lp64d -march=rv64gc -DBACKTRACE_ENABLE=0  -Wa,--noexecstack -DXXH_NAMESPACE=ZSTD_ -DDEBUGLEVEL=0 -DZSTD_LEGACY_SUPPORT=5 -DZSTD_MULTITHREAD -DZSTD_GZCOMPRESS -DZSTD_GZDECOMPRESS -DZSTD_LZMACOMPRESS -DZSTD_LZMADECOMPRESS -DZSTD_LZ4COMPRESS -DZSTD_LZ4DECOMPRESS -DZSTD_LEGACY_SUPPORT=5  -c -MT obj/conf_5412af02f76bcebde8d94541bf0fd0af/zstd_v07.o -MMD -MP -MF obj/conf_5412af02f76bcebde8d94541bf0fd0af/zstd_v07.d -o obj/conf_5412af02f76bcebde8d94541bf0fd0af/zstd_v07.o ../lib/legacy/zstd_v07.c
CC obj/conf_0eb08ba460cf4b57a622fa0983222dee/dynamic/zstd_ddict.o
cc -O2 -mabi=lp64d -march=rv64gc   -Wa,--noexecstack -fPIC -fvisibility=hidden -DXXH_NAMESPACE=ZSTD_ -DDEBUGLEVEL=0 -DZSTD_LEGACY_SUPPORT=5 -DZSTD_MULTITHREAD   -c -MT obj/conf_0eb08ba460cf4b57a622fa0983222dee/dynamic/zstd_ddict.o -MMD -MP -MF obj/conf_0eb08ba460cf4b57a622fa0983222dee/dynamic/zstd_ddict.d -o obj/conf_0eb08ba460cf4b57a622fa0983222dee/dynamic/zstd_ddict.o .//decompress/zstd_ddict.c
CC obj/conf_0eb08ba460cf4b57a622fa0983222dee/dynamic/zstd_decompress.o
cc -O2 -mabi=lp64d -march=rv64gc   -Wa,--noexecstack -fPIC -fvisibility=hidden -DXXH_NAMESPACE=ZSTD_ -DDEBUGLEVEL=0 -DZSTD_LEGACY_SUPPORT=5 -DZSTD_MULTITHREAD   -c -MT obj/conf_0eb08ba460cf4b57a622fa0983222dee/dynamic/zstd_decompress.o -MMD -MP -MF obj/conf_0eb08ba460cf4b57a622fa0983222dee/dynamic/zstd_decompress.d -o obj/conf_0eb08ba460cf4b57a622fa0983222dee/dynamic/zstd_decompress.o .//decompress/zstd_decompress.c
compiling single-threaded static library 1.5.2
ar rcs obj/conf_ec64d393f50269b7d309de2a89a728b7/static/libzstd.a obj/conf_ec64d393f50269b7d309de2a89a728b7/static/debug.o obj/conf_ec64d393f50269b7d309de2a89a728b7/static/entropy_common.o obj/conf_ec64d393f50269b7d309de2a89a728b7/static/error_private.o obj/conf_ec64d393f50269b7d309de2a89a728b7/static/fse_decompress.o obj/conf_ec64d393f50269b7d309de2a89a728b7/static/pool.o obj/conf_ec64d393f50269b7d309de2a89a728b7/static/threading.o obj/conf_ec64d393f50269b7d309de2a89a728b7/static/xxhash.o obj/conf_ec64d393f50269b7d309de2a89a728b7/static/zstd_common.o obj/conf_ec64d393f50269b7d309de2a89a728b7/static/zstd_v05.o obj/conf_ec64d393f50269b7d309de2a89a728b7/static/zstd_v06.o obj/conf_ec64d393f50269b7d309de2a89a728b7/static/zstd_v07.o obj/conf_ec64d393f50269b7d309de2a89a728b7/static/fse_compress.o obj/conf_ec64d393f50269b7d309de2a89a728b7/static/hist.o obj/conf_ec64d393f50269b7d309de2a89a728b7/static/huf_compress.o obj/conf_ec64d393f50269b7d309de2a89a728b7/static/zstd_compress.o obj/conf_ec64d393f50269b7d309de2a89a728b7/static/zstd_compress_literals.o obj/conf_ec64d393f50269b7d309de2a89a728b7/static/zstd_compress_sequences.o obj/conf_ec64d393f50269b7d309de2a89a728b7/static/zstd_compress_superblock.o obj/conf_ec64d393f50269b7d309de2a89a728b7/static/zstd_double_fast.o obj/conf_ec64d393f50269b7d309de2a89a728b7/static/zstd_fast.o obj/conf_ec64d393f50269b7d309de2a89a728b7/static/zstd_lazy.o obj/conf_ec64d393f50269b7d309de2a89a728b7/static/zstd_ldm.o obj/conf_ec64d393f50269b7d309de2a89a728b7/static/zstd_opt.o obj/conf_ec64d393f50269b7d309de2a89a728b7/static/zstdmt_compress.o obj/conf_ec64d393f50269b7d309de2a89a728b7/static/huf_decompress.o obj/conf_ec64d393f50269b7d309de2a89a728b7/static/zstd_ddict.o obj/conf_ec64d393f50269b7d309de2a89a728b7/static/zstd_decompress.o obj/conf_ec64d393f50269b7d309de2a89a728b7/static/zstd_decompress_block.o obj/conf_ec64d393f50269b7d309de2a89a728b7/static/huf_decompress_amd64.o obj/conf_ec64d393f50269b7d309de2a89a728b7/static/cover.o obj/conf_ec64d393f50269b7d309de2a89a728b7/static/divsufsort.o obj/conf_ec64d393f50269b7d309de2a89a728b7/static/fastcover.o obj/conf_ec64d393f50269b7d309de2a89a728b7/static/zdict.o
cp -f obj/conf_ec64d393f50269b7d309de2a89a728b7/static/libzstd.a libzstd.a
CC obj/conf_0eb08ba460cf4b57a622fa0983222dee/dynamic/zstd_decompress_block.o
cc -O2 -mabi=lp64d -march=rv64gc   -Wa,--noexecstack -fPIC -fvisibility=hidden -DXXH_NAMESPACE=ZSTD_ -DDEBUGLEVEL=0 -DZSTD_LEGACY_SUPPORT=5 -DZSTD_MULTITHREAD   -c -MT obj/conf_0eb08ba460cf4b57a622fa0983222dee/dynamic/zstd_decompress_block.o -MMD -MP -MF obj/conf_0eb08ba460cf4b57a622fa0983222dee/dynamic/zstd_decompress_block.d -o obj/conf_0eb08ba460cf4b57a622fa0983222dee/dynamic/zstd_decompress_block.o .//decompress/zstd_decompress_block.c
AS obj/conf_0eb08ba460cf4b57a622fa0983222dee/dynamic/huf_decompress_amd64.o
cc -Wall -Wextra -Wcast-qual -Wcast-align -Wshadow -Wstrict-aliasing=1 -Wswitch-enum -Wdeclaration-after-statement -Wstrict-prototypes -Wundef -Wpointer-arith -Wvla -Wformat=2 -Winit-self -Wfloat-equal -Wwrite-strings -Wredundant-decls -Wmissing-prototypes -Wc++-compat  -O2 -mabi=lp64d -march=rv64gc   -Wa,--noexecstack -fPIC -fvisibility=hidden -DXXH_NAMESPACE=ZSTD_ -DDEBUGLEVEL=0 -DZSTD_LEGACY_SUPPORT=5 -DZSTD_MULTITHREAD   -c -o obj/conf_0eb08ba460cf4b57a622fa0983222dee/dynamic/huf_decompress_amd64.o .//decompress/huf_decompress_amd64.S
CC obj/conf_0eb08ba460cf4b57a622fa0983222dee/dynamic/cover.o
cc -O2 -mabi=lp64d -march=rv64gc   -Wa,--noexecstack -fPIC -fvisibility=hidden -DXXH_NAMESPACE=ZSTD_ -DDEBUGLEVEL=0 -DZSTD_LEGACY_SUPPORT=5 -DZSTD_MULTITHREAD   -c -MT obj/conf_0eb08ba460cf4b57a622fa0983222dee/dynamic/cover.o -MMD -MP -MF obj/conf_0eb08ba460cf4b57a622fa0983222dee/dynamic/cover.d -o obj/conf_0eb08ba460cf4b57a622fa0983222dee/dynamic/cover.o .//dictBuilder/cover.c
CC obj/conf_5412af02f76bcebde8d94541bf0fd0af/benchfn.o
cc -O2 -mabi=lp64d -march=rv64gc -DBACKTRACE_ENABLE=0  -Wa,--noexecstack -DXXH_NAMESPACE=ZSTD_ -DDEBUGLEVEL=0 -DZSTD_LEGACY_SUPPORT=5 -DZSTD_MULTITHREAD -DZSTD_GZCOMPRESS -DZSTD_GZDECOMPRESS -DZSTD_LZMACOMPRESS -DZSTD_LZMADECOMPRESS -DZSTD_LZ4COMPRESS -DZSTD_LZ4DECOMPRESS -DZSTD_LEGACY_SUPPORT=5  -c -MT obj/conf_5412af02f76bcebde8d94541bf0fd0af/benchfn.o -MMD -MP -MF obj/conf_5412af02f76bcebde8d94541bf0fd0af/benchfn.d -o obj/conf_5412af02f76bcebde8d94541bf0fd0af/benchfn.o benchfn.c
CC obj/conf_5412af02f76bcebde8d94541bf0fd0af/benchzstd.o
cc -O2 -mabi=lp64d -march=rv64gc -DBACKTRACE_ENABLE=0  -Wa,--noexecstack -DXXH_NAMESPACE=ZSTD_ -DDEBUGLEVEL=0 -DZSTD_LEGACY_SUPPORT=5 -DZSTD_MULTITHREAD -DZSTD_GZCOMPRESS -DZSTD_GZDECOMPRESS -DZSTD_LZMACOMPRESS -DZSTD_LZMADECOMPRESS -DZSTD_LZ4COMPRESS -DZSTD_LZ4DECOMPRESS -DZSTD_LEGACY_SUPPORT=5  -c -MT obj/conf_5412af02f76bcebde8d94541bf0fd0af/benchzstd.o -MMD -MP -MF obj/conf_5412af02f76bcebde8d94541bf0fd0af/benchzstd.d -o obj/conf_5412af02f76bcebde8d94541bf0fd0af/benchzstd.o benchzstd.c
CC obj/conf_5412af02f76bcebde8d94541bf0fd0af/datagen.o
cc -O2 -mabi=lp64d -march=rv64gc -DBACKTRACE_ENABLE=0  -Wa,--noexecstack -DXXH_NAMESPACE=ZSTD_ -DDEBUGLEVEL=0 -DZSTD_LEGACY_SUPPORT=5 -DZSTD_MULTITHREAD -DZSTD_GZCOMPRESS -DZSTD_GZDECOMPRESS -DZSTD_LZMACOMPRESS -DZSTD_LZMADECOMPRESS -DZSTD_LZ4COMPRESS -DZSTD_LZ4DECOMPRESS -DZSTD_LEGACY_SUPPORT=5  -c -MT obj/conf_5412af02f76bcebde8d94541bf0fd0af/datagen.o -MMD -MP -MF obj/conf_5412af02f76bcebde8d94541bf0fd0af/datagen.d -o obj/conf_5412af02f76bcebde8d94541bf0fd0af/datagen.o datagen.c
CC obj/conf_0eb08ba460cf4b57a622fa0983222dee/dynamic/divsufsort.o
cc -O2 -mabi=lp64d -march=rv64gc   -Wa,--noexecstack -fPIC -fvisibility=hidden -DXXH_NAMESPACE=ZSTD_ -DDEBUGLEVEL=0 -DZSTD_LEGACY_SUPPORT=5 -DZSTD_MULTITHREAD   -c -MT obj/conf_0eb08ba460cf4b57a622fa0983222dee/dynamic/divsufsort.o -MMD -MP -MF obj/conf_0eb08ba460cf4b57a622fa0983222dee/dynamic/divsufsort.d -o obj/conf_0eb08ba460cf4b57a622fa0983222dee/dynamic/divsufsort.o .//dictBuilder/divsufsort.c
CC obj/conf_0eb08ba460cf4b57a622fa0983222dee/dynamic/fastcover.o
cc -O2 -mabi=lp64d -march=rv64gc   -Wa,--noexecstack -fPIC -fvisibility=hidden -DXXH_NAMESPACE=ZSTD_ -DDEBUGLEVEL=0 -DZSTD_LEGACY_SUPPORT=5 -DZSTD_MULTITHREAD   -c -MT obj/conf_0eb08ba460cf4b57a622fa0983222dee/dynamic/fastcover.o -MMD -MP -MF obj/conf_0eb08ba460cf4b57a622fa0983222dee/dynamic/fastcover.d -o obj/conf_0eb08ba460cf4b57a622fa0983222dee/dynamic/fastcover.o .//dictBuilder/fastcover.c
CC obj/conf_5412af02f76bcebde8d94541bf0fd0af/dibio.o
cc -O2 -mabi=lp64d -march=rv64gc -DBACKTRACE_ENABLE=0  -Wa,--noexecstack -DXXH_NAMESPACE=ZSTD_ -DDEBUGLEVEL=0 -DZSTD_LEGACY_SUPPORT=5 -DZSTD_MULTITHREAD -DZSTD_GZCOMPRESS -DZSTD_GZDECOMPRESS -DZSTD_LZMACOMPRESS -DZSTD_LZMADECOMPRESS -DZSTD_LZ4COMPRESS -DZSTD_LZ4DECOMPRESS -DZSTD_LEGACY_SUPPORT=5  -c -MT obj/conf_5412af02f76bcebde8d94541bf0fd0af/dibio.o -MMD -MP -MF obj/conf_5412af02f76bcebde8d94541bf0fd0af/dibio.d -o obj/conf_5412af02f76bcebde8d94541bf0fd0af/dibio.o dibio.c
CC obj/conf_5412af02f76bcebde8d94541bf0fd0af/fileio.o
cc -O2 -mabi=lp64d -march=rv64gc -DBACKTRACE_ENABLE=0  -Wa,--noexecstack -DXXH_NAMESPACE=ZSTD_ -DDEBUGLEVEL=0 -DZSTD_LEGACY_SUPPORT=5 -DZSTD_MULTITHREAD -DZSTD_GZCOMPRESS -DZSTD_GZDECOMPRESS -DZSTD_LZMACOMPRESS -DZSTD_LZMADECOMPRESS -DZSTD_LZ4COMPRESS -DZSTD_LZ4DECOMPRESS -DZSTD_LEGACY_SUPPORT=5  -c -MT obj/conf_5412af02f76bcebde8d94541bf0fd0af/fileio.o -MMD -MP -MF obj/conf_5412af02f76bcebde8d94541bf0fd0af/fileio.d -o obj/conf_5412af02f76bcebde8d94541bf0fd0af/fileio.o fileio.c
CC obj/conf_5412af02f76bcebde8d94541bf0fd0af/timefn.o
cc -O2 -mabi=lp64d -march=rv64gc -DBACKTRACE_ENABLE=0  -Wa,--noexecstack -DXXH_NAMESPACE=ZSTD_ -DDEBUGLEVEL=0 -DZSTD_LEGACY_SUPPORT=5 -DZSTD_MULTITHREAD -DZSTD_GZCOMPRESS -DZSTD_GZDECOMPRESS -DZSTD_LZMACOMPRESS -DZSTD_LZMADECOMPRESS -DZSTD_LZ4COMPRESS -DZSTD_LZ4DECOMPRESS -DZSTD_LEGACY_SUPPORT=5  -c -MT obj/conf_5412af02f76bcebde8d94541bf0fd0af/timefn.o -MMD -MP -MF obj/conf_5412af02f76bcebde8d94541bf0fd0af/timefn.d -o obj/conf_5412af02f76bcebde8d94541bf0fd0af/timefn.o timefn.c
CC obj/conf_5412af02f76bcebde8d94541bf0fd0af/util.o
cc -O2 -mabi=lp64d -march=rv64gc -DBACKTRACE_ENABLE=0  -Wa,--noexecstack -DXXH_NAMESPACE=ZSTD_ -DDEBUGLEVEL=0 -DZSTD_LEGACY_SUPPORT=5 -DZSTD_MULTITHREAD -DZSTD_GZCOMPRESS -DZSTD_GZDECOMPRESS -DZSTD_LZMACOMPRESS -DZSTD_LZMADECOMPRESS -DZSTD_LZ4COMPRESS -DZSTD_LZ4DECOMPRESS -DZSTD_LEGACY_SUPPORT=5  -c -MT obj/conf_5412af02f76bcebde8d94541bf0fd0af/util.o -MMD -MP -MF obj/conf_5412af02f76bcebde8d94541bf0fd0af/util.d -o obj/conf_5412af02f76bcebde8d94541bf0fd0af/util.o util.c
CC obj/conf_0eb08ba460cf4b57a622fa0983222dee/dynamic/zdict.o
cc -O2 -mabi=lp64d -march=rv64gc   -Wa,--noexecstack -fPIC -fvisibility=hidden -DXXH_NAMESPACE=ZSTD_ -DDEBUGLEVEL=0 -DZSTD_LEGACY_SUPPORT=5 -DZSTD_MULTITHREAD   -c -MT obj/conf_0eb08ba460cf4b57a622fa0983222dee/dynamic/zdict.o -MMD -MP -MF obj/conf_0eb08ba460cf4b57a622fa0983222dee/dynamic/zdict.d -o obj/conf_0eb08ba460cf4b57a622fa0983222dee/dynamic/zdict.o .//dictBuilder/zdict.c
CC obj/conf_5412af02f76bcebde8d94541bf0fd0af/zstdcli.o
cc -O2 -mabi=lp64d -march=rv64gc -DBACKTRACE_ENABLE=0  -Wa,--noexecstack -DXXH_NAMESPACE=ZSTD_ -DDEBUGLEVEL=0 -DZSTD_LEGACY_SUPPORT=5 -DZSTD_MULTITHREAD -DZSTD_GZCOMPRESS -DZSTD_GZDECOMPRESS -DZSTD_LZMACOMPRESS -DZSTD_LZMADECOMPRESS -DZSTD_LZ4COMPRESS -DZSTD_LZ4DECOMPRESS -DZSTD_LEGACY_SUPPORT=5  -c -MT obj/conf_5412af02f76bcebde8d94541bf0fd0af/zstdcli.o -MMD -MP -MF obj/conf_5412af02f76bcebde8d94541bf0fd0af/zstdcli.d -o obj/conf_5412af02f76bcebde8d94541bf0fd0af/zstdcli.o zstdcli.c
CC obj/conf_5412af02f76bcebde8d94541bf0fd0af/zstdcli_trace.o
cc -O2 -mabi=lp64d -march=rv64gc -DBACKTRACE_ENABLE=0  -Wa,--noexecstack -DXXH_NAMESPACE=ZSTD_ -DDEBUGLEVEL=0 -DZSTD_LEGACY_SUPPORT=5 -DZSTD_MULTITHREAD -DZSTD_GZCOMPRESS -DZSTD_GZDECOMPRESS -DZSTD_LZMACOMPRESS -DZSTD_LZMADECOMPRESS -DZSTD_LZ4COMPRESS -DZSTD_LZ4DECOMPRESS -DZSTD_LEGACY_SUPPORT=5  -c -MT obj/conf_5412af02f76bcebde8d94541bf0fd0af/zstdcli_trace.o -MMD -MP -MF obj/conf_5412af02f76bcebde8d94541bf0fd0af/zstdcli_trace.d -o obj/conf_5412af02f76bcebde8d94541bf0fd0af/zstdcli_trace.o zstdcli_trace.c
==> building with threading support
==> building zstd with .gz compression support
==> building zstd with .xz/.lzma compression support
==> building zstd with .lz4 compression support
LINK obj/conf_5412af02f76bcebde8d94541bf0fd0af/zstd
cc -DXXH_NAMESPACE=ZSTD_ -DDEBUGLEVEL=0 -DZSTD_LEGACY_SUPPORT=5 -DZSTD_MULTITHREAD -DZSTD_GZCOMPRESS -DZSTD_GZDECOMPRESS -DZSTD_LZMACOMPRESS -DZSTD_LZMADECOMPRESS -DZSTD_LZ4COMPRESS -DZSTD_LZ4DECOMPRESS -DZSTD_LEGACY_SUPPORT=5 -O2 -mabi=lp64d -march=rv64gc -DBACKTRACE_ENABLE=0  -Wa,--noexecstack -Wall -Wextra -Wcast-qual -Wcast-align -Wshadow -Wstrict-aliasing=1 -Wswitch-enum -Wdeclaration-after-statement -Wstrict-prototypes -Wundef -Wpointer-arith -Wvla -Wformat=2 -Winit-self -Wfloat-equal -Wwrite-strings -Wredundant-decls -Wmissing-prototypes -Wc++-compat  -O2 -mabi=lp64d -march=rv64gc -DBACKTRACE_ENABLE=0  -Wa,--noexecstack -z noexecstack -pthread  obj/conf_5412af02f76bcebde8d94541bf0fd0af/debug.o obj/conf_5412af02f76bcebde8d94541bf0fd0af/entropy_common.o obj/conf_5412af02f76bcebde8d94541bf0fd0af/error_private.o obj/conf_5412af02f76bcebde8d94541bf0fd0af/fse_decompress.o obj/conf_5412af02f76bcebde8d94541bf0fd0af/pool.o obj/conf_5412af02f76bcebde8d94541bf0fd0af/threading.o obj/conf_5412af02f76bcebde8d94541bf0fd0af/xxhash.o obj/conf_5412af02f76bcebde8d94541bf0fd0af/zstd_common.o obj/conf_5412af02f76bcebde8d94541bf0fd0af/fse_compress.o obj/conf_5412af02f76bcebde8d94541bf0fd0af/hist.o obj/conf_5412af02f76bcebde8d94541bf0fd0af/huf_compress.o obj/conf_5412af02f76bcebde8d94541bf0fd0af/zstd_compress.o obj/conf_5412af02f76bcebde8d94541bf0fd0af/zstd_compress_literals.o obj/conf_5412af02f76bcebde8d94541bf0fd0af/zstd_compress_sequences.o obj/conf_5412af02f76bcebde8d94541bf0fd0af/zstd_compress_superblock.o obj/conf_5412af02f76bcebde8d94541bf0fd0af/zstd_double_fast.o obj/conf_5412af02f76bcebde8d94541bf0fd0af/zstd_fast.o obj/conf_5412af02f76bcebde8d94541bf0fd0af/zstd_lazy.o obj/conf_5412af02f76bcebde8d94541bf0fd0af/zstd_ldm.o obj/conf_5412af02f76bcebde8d94541bf0fd0af/zstd_opt.o obj/conf_5412af02f76bcebde8d94541bf0fd0af/zstdmt_compress.o obj/conf_5412af02f76bcebde8d94541bf0fd0af/huf_decompress.o obj/conf_5412af02f76bcebde8d94541bf0fd0af/huf_decompress_amd64.o obj/conf_5412af02f76bcebde8d94541bf0fd0af/zstd_ddict.o obj/conf_5412af02f76bcebde8d94541bf0fd0af/zstd_decompress.o obj/conf_5412af02f76bcebde8d94541bf0fd0af/zstd_decompress_block.o obj/conf_5412af02f76bcebde8d94541bf0fd0af/cover.o obj/conf_5412af02f76bcebde8d94541bf0fd0af/divsufsort.o obj/conf_5412af02f76bcebde8d94541bf0fd0af/fastcover.o obj/conf_5412af02f76bcebde8d94541bf0fd0af/zdict.o obj/conf_5412af02f76bcebde8d94541bf0fd0af/zstd_v05.o obj/conf_5412af02f76bcebde8d94541bf0fd0af/zstd_v06.o obj/conf_5412af02f76bcebde8d94541bf0fd0af/zstd_v07.o obj/conf_5412af02f76bcebde8d94541bf0fd0af/benchfn.o obj/conf_5412af02f76bcebde8d94541bf0fd0af/benchzstd.o obj/conf_5412af02f76bcebde8d94541bf0fd0af/datagen.o obj/conf_5412af02f76bcebde8d94541bf0fd0af/dibio.o obj/conf_5412af02f76bcebde8d94541bf0fd0af/fileio.o obj/conf_5412af02f76bcebde8d94541bf0fd0af/timefn.o obj/conf_5412af02f76bcebde8d94541bf0fd0af/util.o obj/conf_5412af02f76bcebde8d94541bf0fd0af/zstdcli.o obj/conf_5412af02f76bcebde8d94541bf0fd0af/zstdcli_trace.o -lz -llzma -llz4 -o obj/conf_5412af02f76bcebde8d94541bf0fd0af/zstd
if [ 1 -eq 1 ]; then \
	cp -f obj/conf_5412af02f76bcebde8d94541bf0fd0af/zstd zstd; \
	echo zstd build completed; \
else \
	echo zstd already built; \
fi
zstd build completed
make[1]: Leaving directory '/home/devel/building/work/src/zstd-1.5.2/programs'
ln -sf programs/zstd zstd
compiling multi-threaded dynamic library 1.5.2
cc -DXXH_NAMESPACE=ZSTD_ -DDEBUGLEVEL=0 -DZSTD_LEGACY_SUPPORT=5 -DZSTD_MULTITHREAD  -O2 -mabi=lp64d -march=rv64gc   -Wa,--noexecstack -fPIC -fvisibility=hidden -Wall -Wextra -Wcast-qual -Wcast-align -Wshadow -Wstrict-aliasing=1 -Wswitch-enum -Wdeclaration-after-statement -Wstrict-prototypes -Wundef -Wpointer-arith -Wvla -Wformat=2 -Winit-self -Wfloat-equal -Wwrite-strings -Wredundant-decls -Wmissing-prototypes -Wc++-compat  -O2 -mabi=lp64d -march=rv64gc   -Wa,--noexecstack -fPIC -fvisibility=hidden -z noexecstack -shared -pthread obj/conf_0eb08ba460cf4b57a622fa0983222dee/dynamic/debug.o obj/conf_0eb08ba460cf4b57a622fa0983222dee/dynamic/entropy_common.o obj/conf_0eb08ba460cf4b57a622fa0983222dee/dynamic/error_private.o obj/conf_0eb08ba460cf4b57a622fa0983222dee/dynamic/fse_decompress.o obj/conf_0eb08ba460cf4b57a622fa0983222dee/dynamic/pool.o obj/conf_0eb08ba460cf4b57a622fa0983222dee/dynamic/threading.o obj/conf_0eb08ba460cf4b57a622fa0983222dee/dynamic/xxhash.o obj/conf_0eb08ba460cf4b57a622fa0983222dee/dynamic/zstd_common.o obj/conf_0eb08ba460cf4b57a622fa0983222dee/dynamic/zstd_v05.o obj/conf_0eb08ba460cf4b57a622fa0983222dee/dynamic/zstd_v06.o obj/conf_0eb08ba460cf4b57a622fa0983222dee/dynamic/zstd_v07.o obj/conf_0eb08ba460cf4b57a622fa0983222dee/dynamic/fse_compress.o obj/conf_0eb08ba460cf4b57a622fa0983222dee/dynamic/hist.o obj/conf_0eb08ba460cf4b57a622fa0983222dee/dynamic/huf_compress.o obj/conf_0eb08ba460cf4b57a622fa0983222dee/dynamic/zstd_compress.o obj/conf_0eb08ba460cf4b57a622fa0983222dee/dynamic/zstd_compress_literals.o obj/conf_0eb08ba460cf4b57a622fa0983222dee/dynamic/zstd_compress_sequences.o obj/conf_0eb08ba460cf4b57a622fa0983222dee/dynamic/zstd_compress_superblock.o obj/conf_0eb08ba460cf4b57a622fa0983222dee/dynamic/zstd_double_fast.o obj/conf_0eb08ba460cf4b57a622fa0983222dee/dynamic/zstd_fast.o obj/conf_0eb08ba460cf4b57a622fa0983222dee/dynamic/zstd_lazy.o obj/conf_0eb08ba460cf4b57a622fa0983222dee/dynamic/zstd_ldm.o obj/conf_0eb08ba460cf4b57a622fa0983222dee/dynamic/zstd_opt.o obj/conf_0eb08ba460cf4b57a622fa0983222dee/dynamic/zstdmt_compress.o obj/conf_0eb08ba460cf4b57a622fa0983222dee/dynamic/huf_decompress.o obj/conf_0eb08ba460cf4b57a622fa0983222dee/dynamic/zstd_ddict.o obj/conf_0eb08ba460cf4b57a622fa0983222dee/dynamic/zstd_decompress.o obj/conf_0eb08ba460cf4b57a622fa0983222dee/dynamic/zstd_decompress_block.o obj/conf_0eb08ba460cf4b57a622fa0983222dee/dynamic/huf_decompress_amd64.o obj/conf_0eb08ba460cf4b57a622fa0983222dee/dynamic/cover.o obj/conf_0eb08ba460cf4b57a622fa0983222dee/dynamic/divsufsort.o obj/conf_0eb08ba460cf4b57a622fa0983222dee/dynamic/fastcover.o obj/conf_0eb08ba460cf4b57a622fa0983222dee/dynamic/zdict.o -z noexecstack -shared -pthread -Wl,-soname=libzstd.so.1 -o obj/conf_0eb08ba460cf4b57a622fa0983222dee/dynamic/libzstd.so.1.5.2
creating versioned links
ln -sf obj/conf_0eb08ba460cf4b57a622fa0983222dee/dynamic/libzstd.so.1.5.2 libzstd.so.1
ln -sf obj/conf_0eb08ba460cf4b57a622fa0983222dee/dynamic/libzstd.so.1.5.2 libzstd.so
cp -f obj/conf_0eb08ba460cf4b57a622fa0983222dee/dynamic/libzstd.so.1.5.2 libzstd.so.1.5.2
release build completed
make[1]: Leaving directory '/home/devel/building/work/src/zstd-1.5.2/lib'
+ make -C contrib/pzstd
make: Entering directory '/home/devel/building/work/src/zstd-1.5.2/contrib/pzstd'
g++ -MMD -MP -MF main.Td   -I../../lib -I../../lib/common -I../../programs -I. -DNDEBUG -O2 -mabi=lp64d -march=rv64gc  -std=c++11 -c main.cpp  -o main.o
cc  -MMD -MP -MF util.Td   -I../../lib -I../../lib/common -I../../programs -I. -DNDEBUG -O2 -mabi=lp64d -march=rv64gc -Wno-deprecated-declarations      -c ../../programs/util.c  -o ../../programs/util.o
g++ -MMD -MP -MF Options.Td   -I../../lib -I../../lib/common -I../../programs -I. -DNDEBUG -O2 -mabi=lp64d -march=rv64gc  -std=c++11 -c Options.cpp  -o Options.o
g++ -MMD -MP -MF Pzstd.Td   -I../../lib -I../../lib/common -I../../programs -I. -DNDEBUG -O2 -mabi=lp64d -march=rv64gc  -std=c++11 -c Pzstd.cpp  -o Pzstd.o
g++ -MMD -MP -MF SkippableFrame.Td   -I../../lib -I../../lib/common -I../../programs -I. -DNDEBUG -O2 -mabi=lp64d -march=rv64gc  -std=c++11 -c SkippableFrame.cpp  -o SkippableFrame.o
CFLAGS="  -I../../lib -I../../lib/common -I../../programs -I. -DNDEBUG -O2 -mabi=lp64d -march=rv64gc -Wno-deprecated-declarations   " LDFLAGS=" -O2 -mabi=lp64d -march=rv64gc  " /usr/bin/make -C ../../lib libzstd.a
make[1]: Entering directory '/home/devel/building/work/src/zstd-1.5.2/lib'
CC obj/conf_2de5d2ab792dc95e656d1a0473960938/static/debug.o
CC obj/conf_2de5d2ab792dc95e656d1a0473960938/static/entropy_common.o
CC obj/conf_2de5d2ab792dc95e656d1a0473960938/static/error_private.o
mv -f SkippableFrame.Td SkippableFrame.d
CC obj/conf_2de5d2ab792dc95e656d1a0473960938/static/fse_decompress.o
CC obj/conf_2de5d2ab792dc95e656d1a0473960938/static/pool.o
CC obj/conf_2de5d2ab792dc95e656d1a0473960938/static/threading.o
CC obj/conf_2de5d2ab792dc95e656d1a0473960938/static/xxhash.o
CC obj/conf_2de5d2ab792dc95e656d1a0473960938/static/zstd_common.o
mv -f util.Td util.d
CC obj/conf_2de5d2ab792dc95e656d1a0473960938/static/zstd_v05.o
CC obj/conf_2de5d2ab792dc95e656d1a0473960938/static/zstd_v06.o
CC obj/conf_2de5d2ab792dc95e656d1a0473960938/static/zstd_v07.o
mv -f main.Td main.d
CC obj/conf_2de5d2ab792dc95e656d1a0473960938/static/fse_compress.o
CC obj/conf_2de5d2ab792dc95e656d1a0473960938/static/hist.o
CC obj/conf_2de5d2ab792dc95e656d1a0473960938/static/huf_compress.o
mv -f Options.Td Options.d
CC obj/conf_2de5d2ab792dc95e656d1a0473960938/static/zstd_compress.o
CC obj/conf_2de5d2ab792dc95e656d1a0473960938/static/zstd_compress_literals.o
CC obj/conf_2de5d2ab792dc95e656d1a0473960938/static/zstd_compress_sequences.o
CC obj/conf_2de5d2ab792dc95e656d1a0473960938/static/zstd_compress_superblock.o
CC obj/conf_2de5d2ab792dc95e656d1a0473960938/static/zstd_double_fast.o
CC obj/conf_2de5d2ab792dc95e656d1a0473960938/static/zstd_fast.o
CC obj/conf_2de5d2ab792dc95e656d1a0473960938/static/zstd_lazy.o
CC obj/conf_2de5d2ab792dc95e656d1a0473960938/static/zstd_ldm.o
CC obj/conf_2de5d2ab792dc95e656d1a0473960938/static/zstd_opt.o
CC obj/conf_2de5d2ab792dc95e656d1a0473960938/static/zstdmt_compress.o
CC obj/conf_2de5d2ab792dc95e656d1a0473960938/static/huf_decompress.o
CC obj/conf_2de5d2ab792dc95e656d1a0473960938/static/zstd_ddict.o
CC obj/conf_2de5d2ab792dc95e656d1a0473960938/static/zstd_decompress.o
mv -f Pzstd.Td Pzstd.d
CC obj/conf_2de5d2ab792dc95e656d1a0473960938/static/zstd_decompress_block.o
AS obj/conf_2de5d2ab792dc95e656d1a0473960938/static/huf_decompress_amd64.o
CC obj/conf_2de5d2ab792dc95e656d1a0473960938/static/cover.o
CC obj/conf_2de5d2ab792dc95e656d1a0473960938/static/divsufsort.o
CC obj/conf_2de5d2ab792dc95e656d1a0473960938/static/fastcover.o
CC obj/conf_2de5d2ab792dc95e656d1a0473960938/static/zdict.o
compiling single-threaded static library 1.5.2
make[1]: Leaving directory '/home/devel/building/work/src/zstd-1.5.2/lib'
g++ main.o ../../programs/util.o Options.o Pzstd.o SkippableFrame.o ../../lib/libzstd.a           -O2 -mabi=lp64d -march=rv64gc    -pthread -o pzstd
make: Leaving directory '/home/devel/building/work/src/zstd-1.5.2/contrib/pzstd'
+ make PREFIX=/usr DESTDIR=/home/devel/building/work/pkg install
make[1]: Entering directory '/home/devel/building/work/src/zstd-1.5.2/lib'
Installing includes
Installing static library
Installing shared library
zstd static and shared library installed
make[1]: Leaving directory '/home/devel/building/work/src/zstd-1.5.2/lib'
make[1]: Entering directory '/home/devel/building/work/src/zstd-1.5.2/programs'
Installing binaries
Installing man pages
zstd installation completed
make[1]: Leaving directory '/home/devel/building/work/src/zstd-1.5.2/programs'
+ install -D -m 0755 contrib/pzstd/pzstd -t /home/devel/building/work/pkg/usr/bin
+ rm /home/devel/building/work/pkg/usr/lib/libzstd.a
=======> Build result:
drwxr-xr-x  0 root   root        0 Feb 22 00:39 usr/
drwxr-xr-x  0 root   root        0 Feb 22 00:39 usr/share/
drwxr-xr-x  0 root   root        0 Feb 22 00:39 usr/bin/
drwxr-xr-x  0 root   root        0 Feb 22 00:39 usr/include/
drwxr-xr-x  0 root   root        0 Feb 22 00:39 usr/lib/
lrwxrwxrwx  0 root   root        0 Feb 22 00:39 usr/lib/libzstd.so -> libzstd.so.1.5.2
lrwxrwxrwx  0 root   root        0 Feb 22 00:39 usr/lib/libzstd.so.1 -> libzstd.so.1.5.2
-rwxr-xr-x  0 root   root   748888 Feb 22 00:39 usr/lib/libzstd.so.1.5.2
drwxr-xr-x  0 root   root        0 Feb 22 00:39 usr/lib/pkgconfig/
-rw-r--r--  0 root   root      449 Feb 22 00:39 usr/lib/pkgconfig/libzstd.pc
-rw-r--r--  0 root   root    25631 Feb 22 00:39 usr/include/zdict.h
-rw-r--r--  0 root   root     3817 Feb 22 00:39 usr/include/zstd_errors.h
-rw-r--r--  0 root   root   148639 Feb 22 00:39 usr/include/zstd.h
-rwxr-xr-x  0 root   root   732744 Feb 22 00:39 usr/bin/pzstd
-rwxr-xr-x  0 root   root     3869 Feb 22 00:39 usr/bin/zstdgrep
-rwxr-xr-x  0 root   root       30 Feb 22 00:39 usr/bin/zstdless
lrwxrwxrwx  0 root   root        0 Feb 22 00:39 usr/bin/zstdmt -> zstd
lrwxrwxrwx  0 root   root        0 Feb 22 00:39 usr/bin/unzstd -> zstd
lrwxrwxrwx  0 root   root        0 Feb 22 00:39 usr/bin/zstdcat -> zstd
-rwxr-xr-x  0 root   root   847704 Feb 22 00:39 usr/bin/zstd
drwxr-xr-x  0 root   root        0 Feb 22 00:39 usr/share/man/
drwxr-xr-x  0 root   root        0 Feb 22 00:39 usr/share/man/man1/
lrwxrwxrwx  0 root   root        0 Feb 22 00:39 usr/share/man/man1/zstdcat.1.gz -> zstd.1.gz
lrwxrwxrwx  0 root   root        0 Feb 22 00:39 usr/share/man/man1/unzstd.1.gz -> zstd.1.gz
-rw-r--r--  0 root   root     9511 Feb 22 00:39 usr/share/man/man1/zstd.1.gz
-rw-r--r--  0 root   root      609 Feb 22 00:39 usr/share/man/man1/zstdgrep.1.gz
-rw-r--r--  0 root   root      271 Feb 22 00:39 usr/share/man/man1/zstdless.1.gz
=======> Building '/home/devel/packages/zstd#1.5.2-1.riscv64.pkg.tar.zst' succeeded.
prt-get: Using PKGMK_PACKAGE_DIR: /home/devel/packages
prt-get: reinstalling zstd 1.5.2-1
prt-get: /usr/bin/pkgadd -u zstd#1.5.2-1.riscv64.pkg.tar.zst
prt-get: build done Wed Feb 22 00:39:07 2023

