prt-get: updating /usr/ports/core-riscv64/which
prt-get: starting build Wed Feb 22 00:33:33 2023
=======> Building '/home/devel/packages/which#2.21-1.riscv64.pkg.tar.zst'.
bsdtar -p -o -C /home/devel/building/work/src -xf /home/devel/sources/which-2.21.tar.gz
+ build
+ cd which-2.21
+ ./configure --prefix=/usr
checking for a BSD-compatible install... /usr/bin/install -c
checking whether build environment is sane... yes
checking for a thread-safe mkdir -p... /bin/mkdir -p
checking for gawk... gawk
checking whether make sets $(MAKE)... yes
checking whether make supports nested variables... yes
checking whether to enable maintainer-specific portions of Makefiles... no
checking for gcc... gcc
checking whether the C compiler works... yes
checking for C compiler default output file name... a.out
checking for suffix of executables... 
checking whether we are cross compiling... no
checking for suffix of object files... o
checking whether we are using the GNU C compiler... yes
checking whether gcc accepts -g... yes
checking for gcc option to accept ISO C89... none needed
checking whether gcc understands -c and -o together... yes
checking for style of include used by make... GNU
checking dependency style of gcc... pch
checking how to run the C preprocessor... gcc -E
checking for grep that handles long lines and -e... /usr/bin/grep
checking for egrep... /usr/bin/grep -E
checking for ANSI C header files... yes
checking for sys/types.h... yes
checking for sys/stat.h... yes
checking for stdlib.h... yes
checking for string.h... yes
checking for memory.h... yes
checking for strings.h... yes
checking for inttypes.h... yes
checking for stdint.h... yes
checking for unistd.h... yes
checking minix/config.h usability... no
checking minix/config.h presence... no
checking for minix/config.h... no
checking whether it is safe to define __EXTENSIONS__... yes
checking for xmalloc in libiberty.a... /usr/lib/libiberty.a
checking for ANSI C header files... (cached) yes
checking for unistd.h... (cached) yes
checking for string.h... (cached) yes
checking libiberty.h usability... no
checking libiberty.h presence... no
checking for libiberty.h... no
checking whether stat file-mode macros are broken... no
checking for an ANSI C-conforming const... yes
checking for size_t... yes
checking for uid_t in sys/types.h... yes
checking type of array argument to getgroups... gid_t
checking for strchr... yes
checking for memcpy... yes
checking for getopt_long... yes
checking for getcwd... yes
checking for getwd... yes
checking for sysconf... yes
checking for getgroups... yes
checking for eaccess... yes
checking for ar... ar
checking for ranlib... ranlib
checking for stdlib.h... (cached) yes
checking for memory.h... (cached) yes
checking pwd.h usability... yes
checking pwd.h presence... yes
checking for pwd.h... yes
checking for strings.h... (cached) yes
checking for getpwent... yes
checking for getpwnam... yes
checking for getpwuid... yes
checking whether programs are able to redeclare getpw functions... yes
checking that generated files are newer than configure... done
configure: creating ./config.status
config.status: creating Makefile
config.status: creating maintMakefile
config.status: creating tilde/Makefile
config.status: creating config.h
config.status: executing depfiles commands
+ make V=1
/usr/bin/make  all-recursive
make[1]: Entering directory '/home/devel/building/work/src/which-2.21'
Making all in tilde
make[2]: Entering directory '/home/devel/building/work/src/which-2.21/tilde'
source='tilde.c' object='tilde.o' libtool=no \
DEPDIR=.deps depmode=pch /bin/sh ../depcomp \
gcc -DHAVE_CONFIG_H -I. -I..     -O2 -mabi=lp64d -march=rv64gc -c -o tilde.o tilde.c
source='shell.c' object='shell.o' libtool=no \
DEPDIR=.deps depmode=pch /bin/sh ../depcomp \
gcc -DHAVE_CONFIG_H -I. -I..     -O2 -mabi=lp64d -march=rv64gc -c -o shell.o shell.c
rm -f libtilde.a
ar cru libtilde.a tilde.o shell.o 
/usr/bin/ar: `u' modifier ignored since `D' is the default (see `U')
ranlib libtilde.a
make[2]: Leaving directory '/home/devel/building/work/src/which-2.21/tilde'
Making all in .
make[2]: Entering directory '/home/devel/building/work/src/which-2.21'
source='getopt.c' object='getopt.o' libtool=no \
DEPDIR=.deps depmode=pch /bin/sh ./depcomp \
gcc -DHAVE_CONFIG_H -I.     -O2 -mabi=lp64d -march=rv64gc -c -o getopt.o getopt.c
source='getopt1.c' object='getopt1.o' libtool=no \
DEPDIR=.deps depmode=pch /bin/sh ./depcomp \
gcc -DHAVE_CONFIG_H -I.     -O2 -mabi=lp64d -march=rv64gc -c -o getopt1.o getopt1.c
source='bash.c' object='bash.o' libtool=no \
DEPDIR=.deps depmode=pch /bin/sh ./depcomp \
gcc -DHAVE_CONFIG_H -I.     -O2 -mabi=lp64d -march=rv64gc -c -o bash.o bash.c
source='which.c' object='which.o' libtool=no \
DEPDIR=.deps depmode=pch /bin/sh ./depcomp \
gcc -DHAVE_CONFIG_H -I.     -O2 -mabi=lp64d -march=rv64gc -c -o which.o which.c
gcc  -O2 -mabi=lp64d -march=rv64gc   -o which getopt.o getopt1.o bash.o which.o ./tilde/libtilde.a /usr/lib/libiberty.a 
make[2]: Leaving directory '/home/devel/building/work/src/which-2.21'
make[1]: Leaving directory '/home/devel/building/work/src/which-2.21'
+ make DESTDIR=/home/devel/building/work/pkg install
/usr/bin/make  install-recursive
make[1]: Entering directory '/home/devel/building/work/src/which-2.21'
Making install in tilde
make[2]: Entering directory '/home/devel/building/work/src/which-2.21/tilde'
make[3]: Entering directory '/home/devel/building/work/src/which-2.21/tilde'
make[3]: Nothing to be done for 'install-exec-am'.
make[3]: Nothing to be done for 'install-data-am'.
make[3]: Leaving directory '/home/devel/building/work/src/which-2.21/tilde'
make[2]: Leaving directory '/home/devel/building/work/src/which-2.21/tilde'
Making install in .
make[2]: Entering directory '/home/devel/building/work/src/which-2.21'
make[3]: Entering directory '/home/devel/building/work/src/which-2.21'
 /bin/mkdir -p '/home/devel/building/work/pkg/usr/share/man/man1'
 /bin/mkdir -p '/home/devel/building/work/pkg/usr/bin'
 /bin/mkdir -p '/home/devel/building/work/pkg/usr/share/info'
  /usr/bin/install -c which '/home/devel/building/work/pkg/usr/bin'
 /usr/bin/install -c -m 644 which.1 '/home/devel/building/work/pkg/usr/share/man/man1'
 /usr/bin/install -c -m 644 ./which.info '/home/devel/building/work/pkg/usr/share/info'
 install-info --info-dir='/home/devel/building/work/pkg/usr/share/info' '/home/devel/building/work/pkg/usr/share/info/which.info'
make[3]: Leaving directory '/home/devel/building/work/src/which-2.21'
make[2]: Leaving directory '/home/devel/building/work/src/which-2.21'
make[1]: Leaving directory '/home/devel/building/work/src/which-2.21'
+ rm -r /home/devel/building/work/pkg/usr/share/info
=======> Build result:
drwxr-xr-x  0 root   root        0 Feb 22 00:34 usr/
drwxr-xr-x  0 root   root        0 Feb 22 00:34 usr/bin/
drwxr-xr-x  0 root   root        0 Feb 22 00:34 usr/share/
drwxr-xr-x  0 root   root        0 Feb 22 00:34 usr/share/man/
drwxr-xr-x  0 root   root        0 Feb 22 00:34 usr/share/man/man1/
-rw-r--r--  0 root   root     1523 Feb 22 00:34 usr/share/man/man1/which.1.gz
-rwxr-xr-x  0 root   root    19016 Feb 22 00:34 usr/bin/which
=======> Building '/home/devel/packages/which#2.21-1.riscv64.pkg.tar.zst' succeeded.
prt-get: Using PKGMK_PACKAGE_DIR: /home/devel/packages
prt-get: reinstalling which 2.21-1
prt-get: /usr/bin/pkgadd -u which#2.21-1.riscv64.pkg.tar.zst
prt-get: build done Wed Feb 22 00:34:06 2023

