prt-get: updating /usr/ports/core-riscv64/rhash
prt-get: starting build Tue Feb 21 21:50:14 2023
=======> Building '/home/devel/packages/rhash#1.4.3-1.riscv64.pkg.tar.zst'.
bsdtar -p -o -C /home/devel/building/work/src -xf /home/devel/sources/rhash-1.4.3.tar.gz
+ build
+ cd RHash-1.4.3
+ CFLAGS+=' -Wno-deprecated-declarations'
+ ./configure --prefix=/usr --sysconfdir=/etc --enable-lib-shared --enable-openssl '--extra-cflags=-O2 -mabi=lp64d -march=rv64gc -Wno-deprecated-declarations' --extra-ldflags= --disable-openssl-runtime
Checking for target OS ... Linux 
Checking for cc version ... gcc 13.0.1 
Checking for linker support for -static ... yes 
Checking for linker support for --version-script ... yes 
Checking for gettext ... found 
Checking for OpenSSL ... found 
Checking for sources ... RHash 1.4.2 
Writing config.mak
Writing librhash/config.mak
Writing dist/librhash.pc
+ make V=1
cc -c -DUSE_GETTEXT -DNDEBUG -pipe -ffunction-sections -fdata-sections -fomit-frame-pointer -Wall -W -Wstrict-prototypes -Wnested-externs -Winline -Wpointer-arith -Wbad-function-cast -Wmissing-prototypes -Wmissing-declarations -Wdeclaration-after-statement -O2 -mabi=lp64d -march=rv64gc -Wno-deprecated-declarations calc_sums.c -o calc_sums.o
cc -c -DUSE_GETTEXT -DNDEBUG -pipe -ffunction-sections -fdata-sections -fomit-frame-pointer -Wall -W -Wstrict-prototypes -Wnested-externs -Winline -Wpointer-arith -Wbad-function-cast -Wmissing-prototypes -Wmissing-declarations -Wdeclaration-after-statement -O2 -mabi=lp64d -march=rv64gc -Wno-deprecated-declarations hash_print.c -o hash_print.o
cc -c -DUSE_GETTEXT -DNDEBUG -pipe -ffunction-sections -fdata-sections -fomit-frame-pointer -Wall -W -Wstrict-prototypes -Wnested-externs -Winline -Wpointer-arith -Wbad-function-cast -Wmissing-prototypes -Wmissing-declarations -Wdeclaration-after-statement -O2 -mabi=lp64d -march=rv64gc -Wno-deprecated-declarations common_func.c -o common_func.o
cc -c -DUSE_GETTEXT -DNDEBUG -pipe -ffunction-sections -fdata-sections -fomit-frame-pointer -Wall -W -Wstrict-prototypes -Wnested-externs -Winline -Wpointer-arith -Wbad-function-cast -Wmissing-prototypes -Wmissing-declarations -Wdeclaration-after-statement -O2 -mabi=lp64d -march=rv64gc -Wno-deprecated-declarations hash_update.c -o hash_update.o
cc -c -DUSE_GETTEXT -DNDEBUG -pipe -ffunction-sections -fdata-sections -fomit-frame-pointer -Wall -W -Wstrict-prototypes -Wnested-externs -Winline -Wpointer-arith -Wbad-function-cast -Wmissing-prototypes -Wmissing-declarations -Wdeclaration-after-statement -O2 -mabi=lp64d -march=rv64gc -Wno-deprecated-declarations file.c -o file.o
cc -c -DUSE_GETTEXT -DNDEBUG -pipe -ffunction-sections -fdata-sections -fomit-frame-pointer -Wall -W -Wstrict-prototypes -Wnested-externs -Winline -Wpointer-arith -Wbad-function-cast -Wmissing-prototypes -Wmissing-declarations -Wdeclaration-after-statement -O2 -mabi=lp64d -march=rv64gc -Wno-deprecated-declarations file_mask.c -o file_mask.o
cc -c -DUSE_GETTEXT -DNDEBUG -pipe -ffunction-sections -fdata-sections -fomit-frame-pointer -Wall -W -Wstrict-prototypes -Wnested-externs -Winline -Wpointer-arith -Wbad-function-cast -Wmissing-prototypes -Wmissing-declarations -Wdeclaration-after-statement -O2 -mabi=lp64d -march=rv64gc -Wno-deprecated-declarations file_set.c -o file_set.o
cc -c -DUSE_GETTEXT -DNDEBUG -pipe -ffunction-sections -fdata-sections -fomit-frame-pointer -Wall -W -Wstrict-prototypes -Wnested-externs -Winline -Wpointer-arith -Wbad-function-cast -Wmissing-prototypes -Wmissing-declarations -Wdeclaration-after-statement -O2 -mabi=lp64d -march=rv64gc -Wno-deprecated-declarations find_file.c -o find_file.o
cc -c -DUSE_GETTEXT -DNDEBUG -pipe -ffunction-sections -fdata-sections -fomit-frame-pointer -Wall -W -Wstrict-prototypes -Wnested-externs -Winline -Wpointer-arith -Wbad-function-cast -Wmissing-prototypes -Wmissing-declarations -Wdeclaration-after-statement -O2 -mabi=lp64d -march=rv64gc -Wno-deprecated-declarations hash_check.c -o hash_check.o
cc -c -DUSE_GETTEXT -DNDEBUG -pipe -ffunction-sections -fdata-sections -fomit-frame-pointer -Wall -W -Wstrict-prototypes -Wnested-externs -Winline -Wpointer-arith -Wbad-function-cast -Wmissing-prototypes -Wmissing-declarations -Wdeclaration-after-statement -O2 -mabi=lp64d -march=rv64gc -Wno-deprecated-declarations output.c -o output.o
cc -c -DUSE_GETTEXT -DNDEBUG -pipe -ffunction-sections -fdata-sections -fomit-frame-pointer -Wall -W -Wstrict-prototypes -Wnested-externs -Winline -Wpointer-arith -Wbad-function-cast -Wmissing-prototypes -Wmissing-declarations -Wdeclaration-after-statement -O2 -mabi=lp64d -march=rv64gc -Wno-deprecated-declarations -DSYSCONFDIR=\"/etc\" parse_cmdline.c -o parse_cmdline.o
cc -c -DUSE_GETTEXT -DNDEBUG -pipe -ffunction-sections -fdata-sections -fomit-frame-pointer -Wall -W -Wstrict-prototypes -Wnested-externs -Winline -Wpointer-arith -Wbad-function-cast -Wmissing-prototypes -Wmissing-declarations -Wdeclaration-after-statement -O2 -mabi=lp64d -march=rv64gc -Wno-deprecated-declarations -DLOCALEDIR=\"/usr/share/locale\" rhash_main.c -o rhash_main.o
cc -c -DUSE_GETTEXT -DNDEBUG -pipe -ffunction-sections -fdata-sections -fomit-frame-pointer -Wall -W -Wstrict-prototypes -Wnested-externs -Winline -Wpointer-arith -Wbad-function-cast -Wmissing-prototypes -Wmissing-declarations -Wdeclaration-after-statement -O2 -mabi=lp64d -march=rv64gc -Wno-deprecated-declarations win_utils.c -o win_utils.o
cd librhash && /usr/bin/make lib-shared
make[1]: Entering directory '/home/devel/building/work/src/RHash-1.4.3/librhash'
sed -ne '1s/.*/{ global:/p; s/^RHASH_API.* \(rhash_[a-z0-9_]*\)(.*/  \1;/p; $s/.*/local: *; };/p' rhash.h rhash_torrent.h rhash_timing.h > exports.sym
rm -f librhash.so
ln -s librhash.so.0 librhash.so
cc -DUSE_OPENSSL -DNDEBUG -pipe -ffunction-sections -fdata-sections -fomit-frame-pointer -Wall -W -Wstrict-prototypes -Wnested-externs -Winline -Wpointer-arith -Wbad-function-cast -Wmissing-prototypes -Wmissing-declarations -Wdeclaration-after-statement -O2 -mabi=lp64d -march=rv64gc -Wno-deprecated-declarations -fpic -DRHASH_XVERSION=0x01040200 algorithms.c byte_order.c plug_openssl.c rhash.c rhash_timing.c rhash_torrent.c aich.c blake2b.c blake2s.c crc32.c ed2k.c edonr.c hex.c md4.c md5.c sha1.c sha256.c sha512.c sha3.c ripemd-160.c gost12.c gost94.c has160.c snefru.c tiger.c tiger_sbox.c tth.c torrent.c util.c whirlpool.c whirlpool_sbox.c   -lcrypto -shared -Wl,--version-script,exports.sym,-soname,librhash.so.0 -o librhash.so.0
hash_check.c: In function 'match_hash_tokens':
hash_check.c:636:37: warning: 'url_length' may be used uninitialized [-Wmaybe-uninitialized]
  636 |                         fstat_res = fstat_path_token(token, url_path, url_length, PathUrlDecode);
      |                                     ^~~~~~~~~~~~~~~~~~~~~~~~~~~~~~~~~~~~~~~~~~~~~~~~~~~~~~~~~~~~
hash_check.c:485:16: note: 'url_length' was declared here
  485 |         size_t url_length;
      |                ^~~~~~~~~~
make[1]: Leaving directory '/home/devel/building/work/src/RHash-1.4.3/librhash'
cc calc_sums.o hash_print.o common_func.o hash_update.o file.o file_mask.o file_set.o find_file.o hash_check.o output.o parse_cmdline.o rhash_main.o win_utils.o librhash/librhash.so.0    -o rhash
+ make DESTDIR=/home/devel/building/work/pkg install
/usr/bin/make install-binary
install -d /home/devel/building/work/pkg/usr/share/man/man1
install -d /home/devel/building/work/pkg/etc
install -d /home/devel/building/work/pkg/usr/bin
cd librhash && /usr/bin/make install-lib-shared
install -m 644 dist/rhash.1 /home/devel/building/work/pkg/usr/share/man/man1/rhash.1
tr -d \\r < dist/rhashrc.sample > rc.tmp && install -m 644 rc.tmp /home/devel/building/work/pkg/etc/rhashrc
install -m 755 rhash /home/devel/building/work/pkg/usr/bin/rhash
cd /home/devel/building/work/pkg/usr/bin && for f in sfv-hash has160-hash gost12-256-hash gost12-512-hash edonr256-hash edonr512-hash tiger-hash tth-hash whirlpool-hash ed2k-link magnet-link; do ln -sf rhash $f; done
make[1]: Entering directory '/home/devel/building/work/src/RHash-1.4.3'
install -d /home/devel/building/work/pkg/usr/bin
install -m 755 rhash /home/devel/building/work/pkg/usr/bin/rhash
make[1]: Entering directory '/home/devel/building/work/src/RHash-1.4.3/librhash'
install -d /home/devel/building/work/pkg/usr/lib
rm -f rc.tmp
make[1]: Leaving directory '/home/devel/building/work/src/RHash-1.4.3'
install -m 755 librhash.so.0 /home/devel/building/work/pkg/usr/lib/
make[1]: Leaving directory '/home/devel/building/work/src/RHash-1.4.3/librhash'
cd /home/devel/building/work/pkg/usr/share/man/man1 && for f in sfv-hash has160-hash gost12-256-hash gost12-512-hash edonr256-hash edonr512-hash tiger-hash tth-hash whirlpool-hash ed2k-link magnet-link; do ln -sf rhash.1 $f.1; done
+ make DESTDIR=/home/devel/building/work/pkg install-lib-headers install-lib-shared install-lib-so-link
cd librhash && /usr/bin/make install-lib-headers
cd librhash && /usr/bin/make install-lib-shared
cd librhash && /usr/bin/make install-so-link
make[1]: Entering directory '/home/devel/building/work/src/RHash-1.4.3/librhash'
install -d /home/devel/building/work/pkg/usr/include
make[1]: Entering directory '/home/devel/building/work/src/RHash-1.4.3/librhash'
install -d /home/devel/building/work/pkg/usr/lib
install -m 644 rhash.h rhash_torrent.h /home/devel/building/work/pkg/usr/include/
make[1]: Entering directory '/home/devel/building/work/src/RHash-1.4.3/librhash'
install -d /home/devel/building/work/pkg/usr/lib
rm -f /home/devel/building/work/pkg/usr/lib/librhash.so
install -m 755 librhash.so.0 /home/devel/building/work/pkg/usr/lib/
make[1]: Leaving directory '/home/devel/building/work/src/RHash-1.4.3/librhash'
ln -s librhash.so.0 /home/devel/building/work/pkg/usr/lib/librhash.so
make[1]: Leaving directory '/home/devel/building/work/src/RHash-1.4.3/librhash'
make[1]: Leaving directory '/home/devel/building/work/src/RHash-1.4.3/librhash'
+ chmod 0755 /home/devel/building/work/pkg/usr/lib/librhash.so.0
=======> Build result:
drwxr-xr-x  0 root   root        0 Feb 21 21:51 etc/
-rw-r--r--  0 root   root      523 Feb 21 21:51 etc/rhashrc
drwxr-xr-x  0 root   root        0 Feb 21 21:51 usr/
drwxr-xr-x  0 root   root        0 Feb 21 21:51 usr/include/
drwxr-xr-x  0 root   root        0 Feb 21 21:51 usr/lib/
drwxr-xr-x  0 root   root        0 Feb 21 21:51 usr/bin/
drwxr-xr-x  0 root   root        0 Feb 21 21:51 usr/share/
drwxr-xr-x  0 root   root        0 Feb 21 21:51 usr/share/man/
drwxr-xr-x  0 root   root        0 Feb 21 21:51 usr/share/man/man1/
lrwxrwxrwx  0 root   root        0 Feb 21 21:51 usr/share/man/man1/sfv-hash.1.gz -> rhash.1.gz
lrwxrwxrwx  0 root   root        0 Feb 21 21:51 usr/share/man/man1/has160-hash.1.gz -> rhash.1.gz
lrwxrwxrwx  0 root   root        0 Feb 21 21:51 usr/share/man/man1/gost12-256-hash.1.gz -> rhash.1.gz
lrwxrwxrwx  0 root   root        0 Feb 21 21:51 usr/share/man/man1/gost12-512-hash.1.gz -> rhash.1.gz
lrwxrwxrwx  0 root   root        0 Feb 21 21:51 usr/share/man/man1/edonr256-hash.1.gz -> rhash.1.gz
lrwxrwxrwx  0 root   root        0 Feb 21 21:51 usr/share/man/man1/edonr512-hash.1.gz -> rhash.1.gz
lrwxrwxrwx  0 root   root        0 Feb 21 21:51 usr/share/man/man1/tiger-hash.1.gz -> rhash.1.gz
lrwxrwxrwx  0 root   root        0 Feb 21 21:51 usr/share/man/man1/tth-hash.1.gz -> rhash.1.gz
lrwxrwxrwx  0 root   root        0 Feb 21 21:51 usr/share/man/man1/whirlpool-hash.1.gz -> rhash.1.gz
lrwxrwxrwx  0 root   root        0 Feb 21 21:51 usr/share/man/man1/ed2k-link.1.gz -> rhash.1.gz
lrwxrwxrwx  0 root   root        0 Feb 21 21:51 usr/share/man/man1/magnet-link.1.gz -> rhash.1.gz
-rw-r--r--  0 root   root     4896 Feb 21 21:51 usr/share/man/man1/rhash.1.gz
lrwxrwxrwx  0 root   root        0 Feb 21 21:51 usr/bin/magnet-link -> rhash
lrwxrwxrwx  0 root   root        0 Feb 21 21:51 usr/bin/ed2k-link -> rhash
lrwxrwxrwx  0 root   root        0 Feb 21 21:51 usr/bin/whirlpool-hash -> rhash
lrwxrwxrwx  0 root   root        0 Feb 21 21:51 usr/bin/tth-hash -> rhash
lrwxrwxrwx  0 root   root        0 Feb 21 21:51 usr/bin/tiger-hash -> rhash
lrwxrwxrwx  0 root   root        0 Feb 21 21:51 usr/bin/edonr512-hash -> rhash
lrwxrwxrwx  0 root   root        0 Feb 21 21:51 usr/bin/edonr256-hash -> rhash
lrwxrwxrwx  0 root   root        0 Feb 21 21:51 usr/bin/gost12-512-hash -> rhash
lrwxrwxrwx  0 root   root        0 Feb 21 21:51 usr/bin/gost12-256-hash -> rhash
lrwxrwxrwx  0 root   root        0 Feb 21 21:51 usr/bin/has160-hash -> rhash
-rwxr-xr-x  0 root   root    72224 Feb 21 21:51 usr/bin/rhash
lrwxrwxrwx  0 root   root        0 Feb 21 21:51 usr/bin/sfv-hash -> rhash
lrwxrwxrwx  0 root   root        0 Feb 21 21:51 usr/lib/librhash.so -> librhash.so.0
-rwxr-xr-x  0 root   root   214576 Feb 21 21:51 usr/lib/librhash.so.0
-rw-r--r--  0 root   root     3072 Feb 21 21:51 usr/include/rhash_torrent.h
-rw-r--r--  0 root   root    16934 Feb 21 21:51 usr/include/rhash.h
=======> Building '/home/devel/packages/rhash#1.4.3-1.riscv64.pkg.tar.zst' succeeded.
prt-get: Using PKGMK_PACKAGE_DIR: /home/devel/packages
prt-get: reinstalling rhash 1.4.3-1
prt-get: /usr/bin/pkgadd -u rhash#1.4.3-1.riscv64.pkg.tar.zst
prt-get: build done Tue Feb 21 21:51:05 2023

