prt-get: updating /usr/ports/core-riscv64/socklog
prt-get: starting build Tue Feb 21 23:48:02 2023
=======> Building '/home/devel/packages/socklog#2.1.0-1.riscv64.pkg.tar.zst'.
bsdtar -p -o -C /home/devel/building/work/src -xf /home/devel/sources/socklog-2.1.0.tar.gz
cp cross.patch /home/devel/building/work/src
+ build
+ cd /home/devel/building/work/src/admin/socklog-2.1.0
+ patch -d /home/devel/building/work/src/admin/socklog-2.1.0/src -p1 -i /home/devel/building/work/src/cross.patch
patching file Makefile
+ CFLAGS='-O2 -mabi=lp64d -march=rv64gc -static'
+ LDFLAGS=' -static'
+ package/compile
Linking ./src/* into ./compile...
Compiling everything in ./compile...
+ cd compile
+ exec make
sh find-systype.sh > systype
rm -f choose
cat warn-auto.sh > compilehost
rm -f loadhost
cat warn-auto.sh choose.sh \
> choose
chmod 555 compilehost
chmod 555 choose
./compilehost chkshsgr.c
chmod 555 loadhost
chkshsgr.c: In function 'main':
chkshsgr.c:10:19: warning: passing argument 2 of 'getgroups' from incompatible pointer type [-Wincompatible-pointer-types]
   10 |   if (getgroups(1,x) == 0) if (setgroups(1,x) == -1) _exit(1);
      |                   ^
      |                   |
      |                   short int *
In file included from chkshsgr.c:3:
/usr/include/unistd.h:711:43: note: expected '__gid_t *' {aka 'unsigned int *'} but argument is of type 'short int *'
  711 | extern int getgroups (int __size, __gid_t __list[]) __THROW __wur
      |                                   ~~~~~~~~^~~~~~~~
chkshsgr.c:10:32: warning: implicit declaration of function 'setgroups'; did you mean 'getgroups'? [-Wimplicit-function-declaration]
   10 |   if (getgroups(1,x) == 0) if (setgroups(1,x) == -1) _exit(1);
      |                                ^~~~~~~~~
      |                                getgroups
./loadhost chkshsgr 
rm -f compile
rm -f load
rm -f makelib
#!/bin/sh
# WARNING: This file was auto-generated. Do not edit!
sh print-cc.sh > compile
sh print-ld.sh > load
sh print-ar.sh > makelib
chmod 555 makelib
chmod 555 load
chmod 555 compile
./choose c trydrent direntry.h1 direntry.h2 > direntry.h
./choose cl tryflock hasflock.h1 hasflock.h2 > hasflock.h
./choose cl trymkffo hasmkffo.h1 hasmkffo.h2 > hasmkffo.h
./choose cl trysgact hassgact.h1 hassgact.h2 > hassgact.h
./choose cl trysgprm hassgprm.h1 hassgprm.h2 > hassgprm.h
./choose cl trywaitp haswaitp.h1 haswaitp.h2 > haswaitp.h
./choose clr trypoll iopause.h1 iopause.h2 > iopause.h
./choose c trysysel select.h1 select.h2 > select.h
./choose clr tryulong64 uint64.h1 uint64.h2 > uint64.h
./compile socklog.c
./compile alloc.c
./compile alloc_re.c
./compile buffer.c
./compile buffer_0.c
./compile buffer_1.c
./compile buffer_2.c
socklog.c: In function 'read_socket':
socklog.c:227:66: warning: pointer targets in passing argument 6 of 'recvfrom' differ in signedness [-Wpointer-sign]
  227 |     linec =recvfrom(s, line, LINEC, 0, (struct sockaddr *) &saf, &dummy);
      |                                                                  ^~~~~~
      |                                                                  |
      |                                                                  int *
In file included from /usr/include/netinet/in.h:23,
                 from socklog.c:2:
/usr/include/sys/socket.h:165:48: note: expected 'socklen_t * restrict' {aka 'unsigned int * restrict'} but argument is of type 'int *'
  165 |                          socklen_t *__restrict __addr_len);
      |                          ~~~~~~~~~~~~~~~~~~~~~~^~~~~~~~~~
./compile buffer_get.c
./compile buffer_put.c
./compile buffer_read.c
./compile buffer_write.c
./compile coe.c
./compile env.c
./compile error.c
./compile error_str.c
./compile fd_copy.c
./compile fd_move.c
./compile fifo.c
socklog.c: In function 'socket_unix':
socklog.c:171:3: warning: 'strncpy' specified bound 108 equals destination size [-Wstringop-truncation]
  171 |   strncpy(sa.sun_path, f, sizeof(sa.sun_path));
      |   ^~~~~~~~~~~~~~~~~~~~~~~~~~~~~~~~~~~~~~~~~~~~
./compile lock_ex.c
./compile lock_exnb.c
./compile ndelay_off.c
./compile ndelay_on.c
./compile open_append.c
./compile open_read.c
./compile open_trunc.c
./compile open_write.c
./compile openreadclose.c
./compile pathexec_env.c
./compile pathexec_run.c
./compile readclose.c
./compile seek_set.c
./compile sgetopt.c
./compile sig.c
./compile sig_block.c
pathexec_run.c: In function 'pathexec_run':
pathexec_run.c:18:5: warning: implicit declaration of function 'execve' [-Wimplicit-function-declaration]
   18 |     execve(file,argv,envp);
      |     ^~~~~~
pathexec_run.c:18:17: warning: passing argument 2 of 'execve' from incompatible pointer type [-Wincompatible-pointer-types]
   18 |     execve(file,argv,envp);
      |                 ^~~~
      |                 |
      |                 const char * const*
pathexec_run.c:18:17: note: expected 'char * const*' but argument is of type 'const char * const*'
pathexec_run.c:18:22: warning: passing argument 3 of 'execve' from incompatible pointer type [-Wincompatible-pointer-types]
   18 |     execve(file,argv,envp);
      |                      ^~~~
      |                      |
      |                      const char * const*
pathexec_run.c:18:22: note: expected 'char * const*' but argument is of type 'const char * const*'
pathexec_run.c:35:18: warning: passing argument 2 of 'execve' from incompatible pointer type [-Wincompatible-pointer-types]
   35 |     execve(tmp.s,argv,envp);
      |                  ^~~~
      |                  |
      |                  const char * const*
pathexec_run.c:35:18: note: expected 'char * const*' but argument is of type 'const char * const*'
pathexec_run.c:35:23: warning: passing argument 3 of 'execve' from incompatible pointer type [-Wincompatible-pointer-types]
   35 |     execve(tmp.s,argv,envp);
      |                       ^~~~
      |                       |
      |                       const char * const*
pathexec_run.c:35:23: note: expected 'char * const*' but argument is of type 'const char * const*'
seek_set.c: In function 'seek_set':
seek_set.c:9:7: warning: implicit declaration of function 'lseek' [-Wimplicit-function-declaration]
    9 | { if (lseek(fd,(off_t) pos,SET) == -1) return -1; return 0; }
      |       ^~~~~
./compile sig_catch.c
./compile sig_pause.c
./compile stralloc_cat.c
./compile stralloc_catb.c
./compile stralloc_cats.c
./compile stralloc_eady.c
./compile stralloc_opyb.c
./compile stralloc_opys.c
./compile stralloc_pend.c
./compile strerr_die.c
./compile strerr_sys.c
./compile subgetopt.c
./compile wait_nohang.c
./compile wait_pid.c
./compile byte_chr.c
./compile byte_copy.c
./compile byte_cr.c
byte_chr.c: In function 'byte_chr':
./compile byte_diff.c
byte_chr.c:16:5: warning: this 'if' clause does not guard... [-Wmisleading-indentation]
   16 |     if (!n) break; if (*t == ch) break; ++t; --n;
      |     ^~
byte_chr.c:16:20: note: ...this statement, but the latter is misleadingly indented as if it were guarded by the 'if'
   16 |     if (!n) break; if (*t == ch) break; ++t; --n;
      |                    ^~
./compile byte_rchr.c
byte_chr.c:17:5: warning: this 'if' clause does not guard... [-Wmisleading-indentation]
   17 |     if (!n) break; if (*t == ch) break; ++t; --n;
      |     ^~
byte_chr.c:17:20: note: ...this statement, but the latter is misleadingly indented as if it were guarded by the 'if'
   17 |     if (!n) break; if (*t == ch) break; ++t; --n;
      |                    ^~
byte_chr.c:18:5: warning: this 'if' clause does not guard... [-Wmisleading-indentation]
   18 |     if (!n) break; if (*t == ch) break; ++t; --n;
      |     ^~
byte_chr.c:18:20: note: ...this statement, but the latter is misleadingly indented as if it were guarded by the 'if'
   18 |     if (!n) break; if (*t == ch) break; ++t; --n;
      |                    ^~
byte_chr.c:19:5: warning: this 'if' clause does not guard... [-Wmisleading-indentation]
   19 |     if (!n) break; if (*t == ch) break; ++t; --n;
      |     ^~
byte_chr.c:19:20: note: ...this statement, but the latter is misleadingly indented as if it were guarded by the 'if'
   19 |     if (!n) break; if (*t == ch) break; ++t; --n;
      |                    ^~
byte_copy.c: In function 'byte_copy':
byte_copy.c:11:5: warning: this 'if' clause does not guard... [-Wmisleading-indentation]
   11 |     if (!n) return; *to++ = *from++; --n;
      |     ^~
byte_copy.c:11:21: note: ...this statement, but the latter is misleadingly indented as if it were guarded by the 'if'
   11 |     if (!n) return; *to++ = *from++; --n;
      |                     ^
byte_copy.c:12:5: warning: this 'if' clause does not guard... [-Wmisleading-indentation]
   12 |     if (!n) return; *to++ = *from++; --n;
      |     ^~
byte_copy.c:12:21: note: ...this statement, but the latter is misleadingly indented as if it were guarded by the 'if'
   12 |     if (!n) return; *to++ = *from++; --n;
      |                     ^
byte_copy.c:13:5: warning: this 'if' clause does not guard... [-Wmisleading-indentation]
   13 |     if (!n) return; *to++ = *from++; --n;
      |     ^~
byte_copy.c:13:21: note: ...this statement, but the latter is misleadingly indented as if it were guarded by the 'if'
   13 |     if (!n) return; *to++ = *from++; --n;
      |                     ^
byte_copy.c:14:5: warning: this 'if' clause does not guard... [-Wmisleading-indentation]
   14 |     if (!n) return; *to++ = *from++; --n;
      |     ^~
byte_copy.c:14:21: note: ...this statement, but the latter is misleadingly indented as if it were guarded by the 'if'
   14 |     if (!n) return; *to++ = *from++; --n;
      |                     ^
byte_cr.c: In function 'byte_copyr':
byte_cr.c:13:5: warning: this 'if' clause does not guard... [-Wmisleading-indentation]
   13 |     if (!n) return; *--to = *--from; --n;
      |     ^~
byte_cr.c:13:21: note: ...this statement, but the latter is misleadingly indented as if it were guarded by the 'if'
   13 |     if (!n) return; *--to = *--from; --n;
      |                     ^
byte_cr.c:14:5: warning: this 'if' clause does not guard... [-Wmisleading-indentation]
   14 |     if (!n) return; *--to = *--from; --n;
      |     ^~
byte_cr.c:14:21: note: ...this statement, but the latter is misleadingly indented as if it were guarded by the 'if'
   14 |     if (!n) return; *--to = *--from; --n;
      |                     ^
byte_cr.c:15:5: warning: this 'if' clause does not guard... [-Wmisleading-indentation]
   15 |     if (!n) return; *--to = *--from; --n;
      |     ^~
byte_cr.c:15:21: note: ...this statement, but the latter is misleadingly indented as if it were guarded by the 'if'
   15 |     if (!n) return; *--to = *--from; --n;
      |                     ^
byte_cr.c:16:5: warning: this 'if' clause does not guard... [-Wmisleading-indentation]
   16 |     if (!n) return; *--to = *--from; --n;
      |     ^~
byte_cr.c:16:21: note: ...this statement, but the latter is misleadingly indented as if it were guarded by the 'if'
   16 |     if (!n) return; *--to = *--from; --n;
      |                     ^
./compile byte_zero.c
byte_diff.c: In function 'byte_diff':
byte_diff.c:11:5: warning: this 'if' clause does not guard... [-Wmisleading-indentation]
   11 |     if (!n) return 0; if (*s != *t) break; ++s; ++t; --n;
      |     ^~
byte_diff.c:11:23: note: ...this statement, but the latter is misleadingly indented as if it were guarded by the 'if'
   11 |     if (!n) return 0; if (*s != *t) break; ++s; ++t; --n;
      |                       ^~
byte_diff.c:12:5: warning: this 'if' clause does not guard... [-Wmisleading-indentation]
   12 |     if (!n) return 0; if (*s != *t) break; ++s; ++t; --n;
      |     ^~
byte_diff.c:12:23: note: ...this statement, but the latter is misleadingly indented as if it were guarded by the 'if'
   12 |     if (!n) return 0; if (*s != *t) break; ++s; ++t; --n;
      |                       ^~
byte_diff.c:13:5: warning: this 'if' clause does not guard... [-Wmisleading-indentation]
   13 |     if (!n) return 0; if (*s != *t) break; ++s; ++t; --n;
      |     ^~
byte_diff.c:13:23: note: ...this statement, but the latter is misleadingly indented as if it were guarded by the 'if'
   13 |     if (!n) return 0; if (*s != *t) break; ++s; ++t; --n;
      |                       ^~
byte_rchr.c: In function 'byte_rchr':
byte_diff.c:14:5: warning: this 'if' clause does not guard... [-Wmisleading-indentation]
   14 |     if (!n) return 0; if (*s != *t) break; ++s; ++t; --n;
      |     ^~
byte_rchr.c:18:5: warning: this 'if' clause does not guard... [-Wmisleading-indentation]
   18 |     if (!n) break; if (*t == ch) u = t; ++t; --n;
      |     ^~
byte_rchr.c:18:20: note: ...this statement, but the latter is misleadingly indented as if it were guarded by the 'if'
   18 |     if (!n) break; if (*t == ch) u = t; ++t; --n;
      |                    ^~
byte_rchr.c:19:5: warning: this 'if' clause does not guard... [-Wmisleading-indentation]
   19 |     if (!n) break; if (*t == ch) u = t; ++t; --n;
      |     ^~
byte_rchr.c:19:20: note: ...this statement, but the latter is misleadingly indented as if it were guarded by the 'if'
   19 |     if (!n) break; if (*t == ch) u = t; ++t; --n;
      |                    ^~
byte_rchr.c:20:5: warning: this 'if' clause does not guard... [-Wmisleading-indentation]
   20 |     if (!n) break; if (*t == ch) u = t; ++t; --n;
      |     ^~
byte_rchr.c:20:20: note: ...this statement, but the latter is misleadingly indented as if it were guarded by the 'if'
   20 |     if (!n) break; if (*t == ch) u = t; ++t; --n;
      |                    ^~
byte_rchr.c:21:5: warning: this 'if' clause does not guard... [-Wmisleading-indentation]
   21 |     if (!n) break; if (*t == ch) u = t; ++t; --n;
      |     ^~
byte_rchr.c:21:20: note: ...this statement, but the latter is misleadingly indented as if it were guarded by the 'if'
   21 |     if (!n) break; if (*t == ch) u = t; ++t; --n;
      |                    ^~
byte_diff.c:14:23: note: ...this statement, but the latter is misleadingly indented as if it were guarded by the 'if'
   14 |     if (!n) return 0; if (*s != *t) break; ++s; ++t; --n;
      |                       ^~
byte_zero.c: In function 'byte_zero':
byte_zero.c:8:5: warning: this 'if' clause does not guard... [-Wmisleading-indentation]
    8 |     if (!n) break; *s++ = 0; --n;
      |     ^~
byte_zero.c:8:20: note: ...this statement, but the latter is misleadingly indented as if it were guarded by the 'if'
    8 |     if (!n) break; *s++ = 0; --n;
      |                    ^
byte_zero.c:9:5: warning: this 'if' clause does not guard... [-Wmisleading-indentation]
    9 |     if (!n) break; *s++ = 0; --n;
      |     ^~
byte_zero.c:9:20: note: ...this statement, but the latter is misleadingly indented as if it were guarded by the 'if'
    9 |     if (!n) break; *s++ = 0; --n;
      |                    ^
byte_zero.c:10:5: warning: this 'if' clause does not guard... [-Wmisleading-indentation]
   10 |     if (!n) break; *s++ = 0; --n;
      |     ^~
byte_zero.c:10:20: note: ...this statement, but the latter is misleadingly indented as if it were guarded by the 'if'
   10 |     if (!n) break; *s++ = 0; --n;
      |                    ^
byte_zero.c:11:5: warning: this 'if' clause does not guard... [-Wmisleading-indentation]
   11 |     if (!n) break; *s++ = 0; --n;
      |     ^~
byte_zero.c:11:20: note: ...this statement, but the latter is misleadingly indented as if it were guarded by the 'if'
   11 |     if (!n) break; *s++ = 0; --n;
      |                    ^
./compile fmt_uint.c
./compile fmt_uint0.c
./compile fmt_ulong.c
./compile scan_ulong.c
./compile str_chr.c
./compile str_diff.c
./compile str_len.c
str_chr.c: In function 'str_chr':
str_chr.c:13:5: warning: this 'if' clause does not guard... [-Wmisleading-indentation]
   13 |     if (!*t) break; if (*t == ch) break; ++t;
      |     ^~
str_chr.c:13:21: note: ...this statement, but the latter is misleadingly indented as if it were guarded by the 'if'
   13 |     if (!*t) break; if (*t == ch) break; ++t;
      |                     ^~
str_chr.c:14:5: warning: this 'if' clause does not guard... [-Wmisleading-indentation]
   14 |     if (!*t) break; if (*t == ch) break; ++t;
      |     ^~
str_chr.c:14:21: note: ...this statement, but the latter is misleadingly indented as if it were guarded by the 'if'
   14 |     if (!*t) break; if (*t == ch) break; ++t;
      |                     ^~
str_chr.c:15:5: warning: this 'if' clause does not guard... [-Wmisleading-indentation]
   15 |     if (!*t) break; if (*t == ch) break; ++t;
      |     ^~
str_chr.c:15:21: note: ...this statement, but the latter is misleadingly indented as if it were guarded by the 'if'
   15 |     if (!*t) break; if (*t == ch) break; ++t;
      |                     ^~
str_chr.c:16:5: warning: this 'if' clause does not guard... [-Wmisleading-indentation]
   16 |     if (!*t) break; if (*t == ch) break; ++t;
      |     ^~
str_chr.c:16:21: note: ...this statement, but the latter is misleadingly indented as if it were guarded by the 'if'
   16 |     if (!*t) break; if (*t == ch) break; ++t;
      |                     ^~
./compile str_start.c
./compile trysocketlib.c
str_len.c: In function 'str_len':
str_len.c:11:5: warning: this 'if' clause does not guard... [-Wmisleading-indentation]
   11 |     if (!*t) return t - s; ++t;
      |     ^~
str_len.c:11:28: note: ...this statement, but the latter is misleadingly indented as if it were guarded by the 'if'
   11 |     if (!*t) return t - s; ++t;
      |                            ^~
str_len.c:12:5: warning: this 'if' clause does not guard... [-Wmisleading-indentation]
   12 |     if (!*t) return t - s; ++t;
      |     ^~
str_len.c:12:28: note: ...this statement, but the latter is misleadingly indented as if it were guarded by the 'if'
   12 |     if (!*t) return t - s; ++t;
      |                            ^~
str_len.c:13:5: warning: this 'if' clause does not guard... [-Wmisleading-indentation]
   13 |     if (!*t) return t - s; ++t;
      |     ^~
str_len.c:13:28: note: ...this statement, but the latter is misleadingly indented as if it were guarded by the 'if'
   13 |     if (!*t) return t - s; ++t;
      |                            ^~
str_len.c:14:5: warning: this 'if' clause does not guard... [-Wmisleading-indentation]
   14 |     if (!*t) return t - s; ++t;
      |     ^~
str_len.c:14:28: note: ...this statement, but the latter is misleadingly indented as if it were guarded by the 'if'
   14 |     if (!*t) return t - s; ++t;
      |                            ^~
./compile socklog-check.c
./compile socklog-conf.c
./compile tryto.c
./compile iopause.c
./compile tai_now.c
( ./load trysocketlib >/dev/null 2>&1 || \
  ( ./load trysocketlib -lxnet >/dev/null 2>&1 && echo '-lxnet' ) || \
  ( ./load trysocketlib -lsocket -lnsl >/dev/null 2>&1 && \
    echo '-lsocket -lnsl' ) \
) >socket.lib
./compile tai_pack.c
./compile tai_sub.c
socklog-conf.c: In function 'start':
socklog-conf.c:76:19: warning: passing argument 2 of 'buffer_init' from incompatible pointer type [-Wincompatible-pointer-types]
   76 |   buffer_init(&b, write, fd, buf, sizeof buf);
      |                   ^~~~~
      |                   |
      |                   ssize_t (*)(int,  const void *, size_t) {aka long int (*)(int,  const void *, long unsigned int)}
In file included from socklog-conf.c:10:
buffer.h:18:34: note: expected 'int (*)()' but argument is of type 'ssize_t (*)(int,  const void *, size_t)' {aka 'long int (*)(int,  const void *, long unsigned int)'}
   18 | extern void buffer_init(buffer *,int (*)(),int,char *,unsigned int);
      |                                  ^~~~~~~~~
rm -f trysocketlib.o trysocketlib
./compile tai_unpack.c
socklog-check.c: In function 'main':
socklog-check.c:48:3: warning: 'strncpy' specified bound 108 equals destination size [-Wstringop-truncation]
   48 |   strncpy(sa.sun_path, address, sizeof(sa.sun_path));
      |   ^~~~~~~~~~~~~~~~~~~~~~~~~~~~~~~~~~~~~~~~~~~~~~~~~~
./compile taia_add.c
./compile taia_approx.c
./compile taia_frac.c
./compile taia_less.c
./compile taia_now.c
./compile taia_pack.c
./compile taia_sub.c
./compile taia_uint.c
./compile uncat.c
./chkshsgr || ( cat warn-shsgr; exit 1 )
./makelib byte.a byte_chr.o byte_copy.o byte_cr.o byte_diff.o \
byte_rchr.o byte_zero.o fmt_uint.o fmt_uint0.o fmt_ulong.o \
scan_ulong.o str_chr.o str_diff.o str_len.o str_start.o
./choose clr tryshsgr hasshsgr.h1 hasshsgr.h2 > hasshsgr.h
./makelib time.a iopause.o tai_now.o tai_pack.o tai_sub.o \
tai_unpack.o taia_add.o taia_approx.o taia_frac.o taia_less.o \
taia_now.o taia_pack.o taia_sub.o taia_uint.o
rm -f sysdeps
./compile prot.c
cat systype compile load >> sysdeps
grep sysdep direntry.h >> sysdeps
grep sysdep haswaitp.h >> sysdeps
grep sysdep hassgact.h >> sysdeps
prot.c: In function 'prot_gid':
prot.c:13:7: warning: implicit declaration of function 'setgroups' [-Wimplicit-function-declaration]
   13 |   if (setgroups(1,&gid) == -1) return -1;
      |       ^~~~~~~~~
grep sysdep hassgprm.h >> sysdeps
prot.c:15:10: warning: implicit declaration of function 'setgid' [-Wimplicit-function-declaration]
   15 |   return setgid(gid); /* _should_ be redundant, but on some systems it isn't */
      |          ^~~~~~
prot.c: In function 'prot_uid':
prot.c:20:10: warning: implicit declaration of function 'setuid' [-Wimplicit-function-declaration]
   20 |   return setuid(uid);
      |          ^~~~~~
grep sysdep select.h >> sysdeps
grep sysdep uint64.h >> sysdeps
grep sysdep iopause.h >> sysdeps
grep sysdep hasmkffo.h >> sysdeps
grep sysdep hasflock.h >> sysdeps
grep sysdep hasshsgr.h >> sysdeps
cat sysdeps
linux-6.1.5-saux-:-:-:riscv64-:-
#!/bin/sh
# WARNING: This file was auto-generated. Do not edit!
exec gcc -O2 -Wall -c ${1+"$@"}
#!/bin/sh
# WARNING: This file was auto-generated. Do not edit!
main="$1"; shift
exec gcc -s -o "$main" "$main".o ${1+"$@"}
/* sysdep: +dirent */
/* sysdep: +waitpid */
/* sysdep: +sigaction */
/* sysdep: +sigprocmask */
/* sysdep: +sysselect */
/* sysdep: +ulong64 */
/* sysdep: +poll */
/* sysdep: +mkfifo */
/* sysdep: +flock */
/* sysdep: -shortsetgroups */
./makelib unix.a alloc.o alloc_re.o buffer.o buffer_0.o buffer_1.o \
buffer_2.o buffer_get.o buffer_put.o buffer_read.o buffer_write.o \
coe.o env.o error.o error_str.o fd_copy.o fd_move.o fifo.o lock_ex.o \
lock_exnb.o ndelay_off.o ndelay_on.o open_append.o open_read.o \
open_trunc.o open_write.o openreadclose.o pathexec_env.o \
pathexec_run.o prot.o readclose.o seek_set.o sgetopt.o sig.o \
sig_block.o sig_catch.o sig_pause.o stralloc_cat.o stralloc_catb.o \
stralloc_cats.o stralloc_eady.o stralloc_opyb.o stralloc_opys.o \
stralloc_pend.o strerr_die.o strerr_sys.o subgetopt.o wait_nohang.o \
wait_pid.o
./load socklog unix.a byte.a `cat socket.lib`
./load socklog-check unix.a byte.a `cat socket.lib`
./load socklog-conf unix.a byte.a
./load tryto unix.a byte.a time.a
./load uncat unix.a byte.a time.a
Copying commands into ./command...
+ mkdir -v /home/devel/building/work/pkg/sbin
/bin/mkdir: created directory '/home/devel/building/work/pkg/sbin'
+ cp -v command/socklog command/socklog-check command/socklog-conf command/tryto command/uncat /home/devel/building/work/pkg/sbin/
'command/socklog' -> '/home/devel/building/work/pkg/sbin/socklog'
'command/socklog-check' -> '/home/devel/building/work/pkg/sbin/socklog-check'
'command/socklog-conf' -> '/home/devel/building/work/pkg/sbin/socklog-conf'
'command/tryto' -> '/home/devel/building/work/pkg/sbin/tryto'
'command/uncat' -> '/home/devel/building/work/pkg/sbin/uncat'
+ install -d -m 0755 /home/devel/building/work/pkg/usr/share/man/man1 /home/devel/building/work/pkg/usr/share/man/man8
+ install -D -m 0644 /home/devel/building/work/src/admin/socklog-2.1.0/man/tryto.1 /home/devel/building/work/src/admin/socklog-2.1.0/man/uncat.1 /home/devel/building/work/pkg/usr/share/man/man1
+ install -D -m 0644 /home/devel/building/work/src/admin/socklog-2.1.0/man/socklog-check.8 /home/devel/building/work/src/admin/socklog-2.1.0/man/socklog-conf.8 /home/devel/building/work/src/admin/socklog-2.1.0/man/socklog.8 /home/devel/building/work/pkg/usr/share/man/man8
=======> Build result:
drwxr-xr-x  0 root   root        0 Feb 21 23:48 sbin/
-rwxr-xr-x  0 root   root    23144 Feb 21 23:48 sbin/uncat
-rwxr-xr-x  0 root   root    23168 Feb 21 23:48 sbin/tryto
-rwxr-xr-x  0 root   root    22872 Feb 21 23:48 sbin/socklog-conf
-rwxr-xr-x  0 root   root    14640 Feb 21 23:48 sbin/socklog-check
-rwxr-xr-x  0 root   root    19576 Feb 21 23:48 sbin/socklog
drwxr-xr-x  0 root   root        0 Feb 21 23:48 usr/
drwxr-xr-x  0 root   root        0 Feb 21 23:48 usr/share/
drwxr-xr-x  0 root   root        0 Feb 21 23:48 usr/share/man/
drwxr-xr-x  0 root   root        0 Feb 21 23:48 usr/share/man/man8/
drwxr-xr-x  0 root   root        0 Feb 21 23:48 usr/share/man/man1/
-rw-r--r--  0 root   root     1157 Feb 21 23:48 usr/share/man/man1/tryto.1.gz
-rw-r--r--  0 root   root      789 Feb 21 23:48 usr/share/man/man1/uncat.1.gz
-rw-r--r--  0 root   root      665 Feb 21 23:48 usr/share/man/man8/socklog-check.8.gz
-rw-r--r--  0 root   root     1060 Feb 21 23:48 usr/share/man/man8/socklog-conf.8.gz
-rw-r--r--  0 root   root     1303 Feb 21 23:48 usr/share/man/man8/socklog.8.gz
=======> Building '/home/devel/packages/socklog#2.1.0-1.riscv64.pkg.tar.zst' succeeded.
prt-get: Using PKGMK_PACKAGE_DIR: /home/devel/packages
prt-get: reinstalling socklog 2.1.0-1
prt-get: /usr/bin/pkgadd -u socklog#2.1.0-1.riscv64.pkg.tar.zst
prt-get: build done Tue Feb 21 23:48:14 2023

