prt-get: updating /usr/ports/core-riscv64/flex
prt-get: starting build Tue Feb 21 16:09:34 2023
=======> Building '/home/devel/packages/flex#2.6.4-1.riscv64.pkg.tar.zst'.
bsdtar -p -o -C /home/devel/building/work/src -xf /home/devel/sources/flex-2.6.4.tar.gz
+ build
+ cd flex-2.6.4
+ CFLAGS='-O2 -mabi=lp64d -march=rv64gc -D_GNU_SOURCE'
+ ./configure --build=riscv64-unknown-linux-gnu --host=riscv64-unknown-linux-gnu --prefix=/usr --disable-static --disable-nls
checking build system type... riscv64-unknown-linux-gnu
checking host system type... riscv64-unknown-linux-gnu
checking how to print strings... printf
checking for riscv64-unknown-linux-gnu-gcc... riscv64-unknown-linux-gnu-gcc
checking whether the C compiler works... yes
checking for C compiler default output file name... a.out
checking for suffix of executables... 
checking whether we are cross compiling... no
checking for suffix of object files... o
checking whether we are using the GNU C compiler... yes
checking whether riscv64-unknown-linux-gnu-gcc accepts -g... yes
checking for riscv64-unknown-linux-gnu-gcc option to accept ISO C89... none needed
checking whether riscv64-unknown-linux-gnu-gcc understands -c and -o together... yes
checking for a sed that does not truncate output... /bin/sed
checking for grep that handles long lines and -e... /usr/bin/grep
checking for egrep... /usr/bin/grep -E
checking for fgrep... /usr/bin/grep -F
checking for ld used by riscv64-unknown-linux-gnu-gcc... /usr/bin/ld
checking if the linker (/usr/bin/ld) is GNU ld... yes
checking for BSD- or MS-compatible name lister (nm)... /usr/bin/riscv64-unknown-linux-gnu-nm -B
checking the name lister (/usr/bin/riscv64-unknown-linux-gnu-nm -B) interface... BSD nm
checking whether ln -s works... yes
checking the maximum length of command line arguments... 1572864
checking how to convert riscv64-unknown-linux-gnu file names to riscv64-unknown-linux-gnu format... func_convert_file_noop
checking how to convert riscv64-unknown-linux-gnu file names to toolchain format... func_convert_file_noop
checking for /usr/bin/ld option to reload object files... -r
checking for riscv64-unknown-linux-gnu-objdump... riscv64-unknown-linux-gnu-objdump
checking how to recognize dependent libraries... pass_all
checking for riscv64-unknown-linux-gnu-dlltool... no
checking for dlltool... no
checking how to associate runtime and link libraries... printf %s\n
checking for riscv64-unknown-linux-gnu-ar... riscv64-unknown-linux-gnu-ar
checking for archiver @FILE support... @
checking for riscv64-unknown-linux-gnu-strip... riscv64-unknown-linux-gnu-strip
checking for riscv64-unknown-linux-gnu-ranlib... riscv64-unknown-linux-gnu-ranlib
checking for gawk... gawk
checking command to parse /usr/bin/riscv64-unknown-linux-gnu-nm -B output from riscv64-unknown-linux-gnu-gcc object... ok
checking for sysroot... no
checking for a working dd... /bin/dd
checking how to truncate binary pipes... /bin/dd bs=4096 count=1
checking for riscv64-unknown-linux-gnu-mt... no
checking for mt... no
checking if : is a manifest tool... no
checking how to run the C preprocessor... riscv64-unknown-linux-gnu-gcc -E
checking for ANSI C header files... yes
checking for sys/types.h... yes
checking for sys/stat.h... yes
checking for stdlib.h... yes
checking for string.h... yes
checking for memory.h... yes
checking for strings.h... yes
checking for inttypes.h... yes
checking for stdint.h... yes
checking for unistd.h... yes
checking for dlfcn.h... yes
checking for objdir... .libs
checking if riscv64-unknown-linux-gnu-gcc supports -fno-rtti -fno-exceptions... no
checking for riscv64-unknown-linux-gnu-gcc option to produce PIC... -fPIC -DPIC
checking if riscv64-unknown-linux-gnu-gcc PIC flag -fPIC -DPIC works... yes
checking if riscv64-unknown-linux-gnu-gcc static flag -static works... yes
checking if riscv64-unknown-linux-gnu-gcc supports -c -o file.o... yes
checking if riscv64-unknown-linux-gnu-gcc supports -c -o file.o... (cached) yes
checking whether the riscv64-unknown-linux-gnu-gcc linker (/usr/bin/ld) supports shared libraries... yes
checking whether -lc should be explicitly linked in... no
checking dynamic linker characteristics... GNU/Linux ld.so
checking how to hardcode library paths into programs... immediate
checking whether stripping libraries is possible... yes
checking if libtool supports shared libraries... yes
checking whether to build shared libraries... yes
checking whether to build static libraries... no
checking for a BSD-compatible install... /usr/bin/install -c
checking whether build environment is sane... yes
checking for a thread-safe mkdir -p... /bin/mkdir -p
checking whether make sets $(MAKE)... yes
checking for style of include used by make... GNU
checking whether make supports nested variables... yes
checking dependency style of riscv64-unknown-linux-gnu-gcc... gcc3
checking whether NLS is requested... no
checking for msgfmt... /usr/bin/msgfmt
checking for gmsgfmt... /usr/bin/msgfmt
checking for xgettext... /usr/bin/xgettext
checking for msgmerge... /usr/bin/msgmerge
checking for ld used by GCC... /usr/bin/ld
checking if the linker (/usr/bin/ld) is GNU ld... yes
checking for shared library run path origin... done
checking for CFPreferencesCopyAppValue... no
checking for CFLocaleCopyCurrent... no
checking whether to use NLS... no
checking for bison... bison -y
checking for flex... flex
checking lex output file root... lex.yy
checking lex library... -lfl
checking whether yytext is a pointer... yes
checking for riscv64-unknown-linux-gnu-gcc... (cached) riscv64-unknown-linux-gnu-gcc
checking whether we are using the GNU C compiler... (cached) yes
checking whether riscv64-unknown-linux-gnu-gcc accepts -g... (cached) yes
checking for riscv64-unknown-linux-gnu-gcc option to accept ISO C89... (cached) none needed
checking whether riscv64-unknown-linux-gnu-gcc understands -c and -o together... (cached) yes
checking for gcc... gcc
checking whether we are using the GNU C compiler... (cached) yes
checking whether gcc accepts -g... yes
checking for gcc option to accept ISO C89... (cached) none needed
checking whether gcc understands -c and -o together... (cached) yes
checking how to run the C preprocessor... gcc -E
checking for riscv64-unknown-linux-gnu-g++... riscv64-unknown-linux-gnu-g++
checking whether we are using the GNU C++ compiler... yes
checking whether riscv64-unknown-linux-gnu-g++ accepts -g... yes
checking how to run the C++ preprocessor... riscv64-unknown-linux-gnu-g++ -E
checking for ld used by riscv64-unknown-linux-gnu-g++... /usr/bin/ld
checking if the linker (/usr/bin/ld) is GNU ld... yes
checking whether the riscv64-unknown-linux-gnu-g++ linker (/usr/bin/ld) supports shared libraries... yes
checking for riscv64-unknown-linux-gnu-g++ option to produce PIC... -fPIC -DPIC
checking if riscv64-unknown-linux-gnu-g++ PIC flag -fPIC -DPIC works... yes
checking if riscv64-unknown-linux-gnu-g++ static flag -static works... yes
checking if riscv64-unknown-linux-gnu-g++ supports -c -o file.o... yes
checking if riscv64-unknown-linux-gnu-g++ supports -c -o file.o... (cached) yes
checking whether the riscv64-unknown-linux-gnu-g++ linker (/usr/bin/ld) supports shared libraries... yes
checking dynamic linker characteristics... (cached) GNU/Linux ld.so
checking how to hardcode library paths into programs... immediate
checking dependency style of riscv64-unknown-linux-gnu-g++... gcc3
checking whether ln -s works... yes
checking for gawk... (cached) gawk
checking for help2man... ${top_srcdir}/build-aux/missing help2man
configure: WARNING: help2man: program not found: building man page will not work
checking for gtexi2dvi... no
checking for texi2dvi... /usr/bin/texi2dvi
checking for m4 that supports -P... /usr/bin/m4
checking for indent... ${top_srcdir}/build-aux/missing indent
checking if ${top_srcdir}/build-aux/missing indent is GNU indent... no
configure: WARNING: ${top_srcdir}/build-aux/missing indent does not appear to be GNU indent; 'make indent' may not function properly
checking regex.h usability... yes
checking regex.h presence... yes
checking for regex.h... yes
checking for strings.h... (cached) yes
checking for sys/stat.h... (cached) yes
checking sys/wait.h usability... yes
checking sys/wait.h presence... yes
checking for sys/wait.h... yes
checking for unistd.h... (cached) yes
checking for inttypes.h... (cached) yes
checking libintl.h usability... yes
checking libintl.h presence... yes
checking for libintl.h... yes
checking limits.h usability... yes
checking limits.h presence... yes
checking for limits.h... yes
checking locale.h usability... yes
checking locale.h presence... yes
checking for locale.h... yes
checking malloc.h usability... yes
checking malloc.h presence... yes
checking for malloc.h... yes
checking netinet/in.h usability... yes
checking netinet/in.h presence... yes
checking for netinet/in.h... yes
checking for pthread_mutex_lock in -lpthread... yes
checking pthread.h usability... yes
checking pthread.h presence... yes
checking for pthread.h... yes
checking for log10 in -lm... yes
checking for stdbool.h that conforms to C99... yes
checking for _Bool... yes
checking for an ANSI C-conforming const... yes
checking for size_t... yes
checking for working alloca.h... yes
checking for alloca... yes
checking for pid_t... yes
checking vfork.h usability... no
checking vfork.h presence... no
checking for vfork.h... no
checking for fork... yes
checking for vfork... yes
checking for working fork... yes
checking for working vfork... (cached) yes
checking for stdlib.h... (cached) yes
checking for GNU libc compatible malloc... yes
checking for stdlib.h... (cached) yes
checking for GNU libc compatible realloc... yes
checking for dup2... yes
checking for memset... yes
checking for regcomp... yes
checking for strcasecmp... yes
checking for strchr... yes
checking for strdup... yes
checking for strtol... yes
checking for pow... yes
checking for setlocale... yes
checking for reallocarray... yes
checking that generated files are newer than configure... done
configure: creating ./config.status
config.status: creating Makefile
config.status: creating doc/Makefile
config.status: creating examples/Makefile
config.status: creating examples/fastwc/Makefile
config.status: creating examples/manual/Makefile
config.status: creating po/Makefile.in
config.status: creating src/Makefile
config.status: creating tools/Makefile
config.status: creating tests/Makefile
config.status: creating src/config.h
config.status: executing libtool commands
config.status: executing depfiles commands
config.status: executing po-directories commands
config.status: creating po/POTFILES
config.status: creating po/Makefile
+ make V=1
Making all in src
make[1]: Entering directory '/home/devel/building/work/src/flex-2.6.4/src'
/usr/bin/make  all-am
make[2]: Entering directory '/home/devel/building/work/src/flex-2.6.4/src'
depbase=`echo libmain.lo | sed 's|[^/]*$|.deps/&|;s|\.lo$||'`;\
/bin/sh ../libtool  --tag=CC   --mode=compile riscv64-unknown-linux-gnu-gcc -DHAVE_CONFIG_H -I.  -DLOCALEDIR=\"/usr/share/locale\"   -O2 -mabi=lp64d -march=rv64gc -D_GNU_SOURCE -MT libmain.lo -MD -MP -MF $depbase.Tpo -c -o libmain.lo libmain.c &&\
mv -f $depbase.Tpo $depbase.Plo
depbase=`echo libyywrap.lo | sed 's|[^/]*$|.deps/&|;s|\.lo$||'`;\
/bin/sh ../libtool  --tag=CC   --mode=compile riscv64-unknown-linux-gnu-gcc -DHAVE_CONFIG_H -I.  -DLOCALEDIR=\"/usr/share/locale\"   -O2 -mabi=lp64d -march=rv64gc -D_GNU_SOURCE -MT libyywrap.lo -MD -MP -MF $depbase.Tpo -c -o libyywrap.lo libyywrap.c &&\
mv -f $depbase.Tpo $depbase.Plo
riscv64-unknown-linux-gnu-gcc -DHAVE_CONFIG_H -I.  -DLOCALEDIR=\"/usr/share/locale\"    -O2 -mabi=lp64d -march=rv64gc -D_GNU_SOURCE -MT flex-buf.o -MD -MP -MF .deps/flex-buf.Tpo -c -o flex-buf.o `test -f 'buf.c' || echo './'`buf.c
riscv64-unknown-linux-gnu-gcc -DHAVE_CONFIG_H -I.  -DLOCALEDIR=\"/usr/share/locale\"    -O2 -mabi=lp64d -march=rv64gc -D_GNU_SOURCE -MT flex-ccl.o -MD -MP -MF .deps/flex-ccl.Tpo -c -o flex-ccl.o `test -f 'ccl.c' || echo './'`ccl.c
riscv64-unknown-linux-gnu-gcc -DHAVE_CONFIG_H -I.  -DLOCALEDIR=\"/usr/share/locale\"    -O2 -mabi=lp64d -march=rv64gc -D_GNU_SOURCE -MT flex-dfa.o -MD -MP -MF .deps/flex-dfa.Tpo -c -o flex-dfa.o `test -f 'dfa.c' || echo './'`dfa.c
riscv64-unknown-linux-gnu-gcc -DHAVE_CONFIG_H -I.  -DLOCALEDIR=\"/usr/share/locale\"    -O2 -mabi=lp64d -march=rv64gc -D_GNU_SOURCE -MT flex-ecs.o -MD -MP -MF .deps/flex-ecs.Tpo -c -o flex-ecs.o `test -f 'ecs.c' || echo './'`ecs.c
riscv64-unknown-linux-gnu-gcc -DHAVE_CONFIG_H -I.  -DLOCALEDIR=\"/usr/share/locale\"    -O2 -mabi=lp64d -march=rv64gc -D_GNU_SOURCE -MT flex-filter.o -MD -MP -MF .deps/flex-filter.Tpo -c -o flex-filter.o `test -f 'filter.c' || echo './'`filter.c
riscv64-unknown-linux-gnu-gcc -DHAVE_CONFIG_H -I.  -DLOCALEDIR=\"/usr/share/locale\"    -O2 -mabi=lp64d -march=rv64gc -D_GNU_SOURCE -MT flex-gen.o -MD -MP -MF .deps/flex-gen.Tpo -c -o flex-gen.o `test -f 'gen.c' || echo './'`gen.c
libtool: compile:  riscv64-unknown-linux-gnu-gcc -DHAVE_CONFIG_H -I. -DLOCALEDIR=\"/usr/share/locale\" -O2 -mabi=lp64d -march=rv64gc -D_GNU_SOURCE -MT libmain.lo -MD -MP -MF .deps/libmain.Tpo -c libmain.c  -fPIC -DPIC -o .libs/libmain.o
libtool: compile:  riscv64-unknown-linux-gnu-gcc -DHAVE_CONFIG_H -I. -DLOCALEDIR=\"/usr/share/locale\" -O2 -mabi=lp64d -march=rv64gc -D_GNU_SOURCE -MT libyywrap.lo -MD -MP -MF .deps/libyywrap.Tpo -c libyywrap.c  -fPIC -DPIC -o .libs/libyywrap.o
riscv64-unknown-linux-gnu-gcc -DHAVE_CONFIG_H -I.  -DLOCALEDIR=\"/usr/share/locale\"    -O2 -mabi=lp64d -march=rv64gc -D_GNU_SOURCE -MT flex-main.o -MD -MP -MF .deps/flex-main.Tpo -c -o flex-main.o `test -f 'main.c' || echo './'`main.c
mv -f .deps/flex-ecs.Tpo .deps/flex-ecs.Po
riscv64-unknown-linux-gnu-gcc -DHAVE_CONFIG_H -I.  -DLOCALEDIR=\"/usr/share/locale\"    -O2 -mabi=lp64d -march=rv64gc -D_GNU_SOURCE -MT flex-misc.o -MD -MP -MF .deps/flex-misc.Tpo -c -o flex-misc.o `test -f 'misc.c' || echo './'`misc.c
riscv64-unknown-linux-gnu-gcc -DHAVE_CONFIG_H -I.  -DLOCALEDIR=\"/usr/share/locale\"    -O2 -mabi=lp64d -march=rv64gc -D_GNU_SOURCE -MT flex-nfa.o -MD -MP -MF .deps/flex-nfa.Tpo -c -o flex-nfa.o `test -f 'nfa.c' || echo './'`nfa.c
mv -f .deps/flex-buf.Tpo .deps/flex-buf.Po
mv -f .deps/flex-ccl.Tpo .deps/flex-ccl.Po
riscv64-unknown-linux-gnu-gcc -DHAVE_CONFIG_H -I.  -DLOCALEDIR=\"/usr/share/locale\"    -O2 -mabi=lp64d -march=rv64gc -D_GNU_SOURCE -MT flex-options.o -MD -MP -MF .deps/flex-options.Tpo -c -o flex-options.o `test -f 'options.c' || echo './'`options.c
riscv64-unknown-linux-gnu-gcc -DHAVE_CONFIG_H -I.  -DLOCALEDIR=\"/usr/share/locale\"    -O2 -mabi=lp64d -march=rv64gc -D_GNU_SOURCE -MT flex-parse.o -MD -MP -MF .deps/flex-parse.Tpo -c -o flex-parse.o `test -f 'parse.c' || echo './'`parse.c
mv -f .deps/flex-filter.Tpo .deps/flex-filter.Po
riscv64-unknown-linux-gnu-gcc -DHAVE_CONFIG_H -I.  -DLOCALEDIR=\"/usr/share/locale\"    -O2 -mabi=lp64d -march=rv64gc -D_GNU_SOURCE -MT flex-regex.o -MD -MP -MF .deps/flex-regex.Tpo -c -o flex-regex.o `test -f 'regex.c' || echo './'`regex.c
mv -f .deps/flex-options.Tpo .deps/flex-options.Po
riscv64-unknown-linux-gnu-gcc -DHAVE_CONFIG_H -I.  -DLOCALEDIR=\"/usr/share/locale\"    -O2 -mabi=lp64d -march=rv64gc -D_GNU_SOURCE -MT flex-scanflags.o -MD -MP -MF .deps/flex-scanflags.Tpo -c -o flex-scanflags.o `test -f 'scanflags.c' || echo './'`scanflags.c
mv -f .deps/flex-regex.Tpo .deps/flex-regex.Po
riscv64-unknown-linux-gnu-gcc -DHAVE_CONFIG_H -I.  -DLOCALEDIR=\"/usr/share/locale\"    -O2 -mabi=lp64d -march=rv64gc -D_GNU_SOURCE -MT flex-scanopt.o -MD -MP -MF .deps/flex-scanopt.Tpo -c -o flex-scanopt.o `test -f 'scanopt.c' || echo './'`scanopt.c
mv -f .deps/flex-dfa.Tpo .deps/flex-dfa.Po
riscv64-unknown-linux-gnu-gcc -DHAVE_CONFIG_H -I.  -DLOCALEDIR=\"/usr/share/locale\"    -O2 -mabi=lp64d -march=rv64gc -D_GNU_SOURCE -MT flex-skel.o -MD -MP -MF .deps/flex-skel.Tpo -c -o flex-skel.o `test -f 'skel.c' || echo './'`skel.c
mv -f .deps/flex-scanflags.Tpo .deps/flex-scanflags.Po
riscv64-unknown-linux-gnu-gcc -DHAVE_CONFIG_H -I.  -DLOCALEDIR=\"/usr/share/locale\"    -O2 -mabi=lp64d -march=rv64gc -D_GNU_SOURCE -MT flex-sym.o -MD -MP -MF .deps/flex-sym.Tpo -c -o flex-sym.o `test -f 'sym.c' || echo './'`sym.c
mv -f .deps/flex-nfa.Tpo .deps/flex-nfa.Po
riscv64-unknown-linux-gnu-gcc -DHAVE_CONFIG_H -I.  -DLOCALEDIR=\"/usr/share/locale\"    -O2 -mabi=lp64d -march=rv64gc -D_GNU_SOURCE -MT flex-tables.o -MD -MP -MF .deps/flex-tables.Tpo -c -o flex-tables.o `test -f 'tables.c' || echo './'`tables.c
mv -f .deps/flex-skel.Tpo .deps/flex-skel.Po
riscv64-unknown-linux-gnu-gcc -DHAVE_CONFIG_H -I.  -DLOCALEDIR=\"/usr/share/locale\"    -O2 -mabi=lp64d -march=rv64gc -D_GNU_SOURCE -MT flex-tables_shared.o -MD -MP -MF .deps/flex-tables_shared.Tpo -c -o flex-tables_shared.o `test -f 'tables_shared.c' || echo './'`tables_shared.c
mv -f .deps/flex-misc.Tpo .deps/flex-misc.Po
riscv64-unknown-linux-gnu-gcc -DHAVE_CONFIG_H -I.  -DLOCALEDIR=\"/usr/share/locale\"    -O2 -mabi=lp64d -march=rv64gc -D_GNU_SOURCE -MT flex-tblcmp.o -MD -MP -MF .deps/flex-tblcmp.Tpo -c -o flex-tblcmp.o `test -f 'tblcmp.c' || echo './'`tblcmp.c
mv -f .deps/flex-main.Tpo .deps/flex-main.Po
riscv64-unknown-linux-gnu-gcc -DHAVE_CONFIG_H -I.  -DLOCALEDIR=\"/usr/share/locale\"    -O2 -mabi=lp64d -march=rv64gc -D_GNU_SOURCE -MT flex-yylex.o -MD -MP -MF .deps/flex-yylex.Tpo -c -o flex-yylex.o `test -f 'yylex.c' || echo './'`yylex.c
mv -f .deps/flex-sym.Tpo .deps/flex-sym.Po
riscv64-unknown-linux-gnu-gcc -DHAVE_CONFIG_H -I.  -DLOCALEDIR=\"/usr/share/locale\"   -O2 -mabi=lp64d -march=rv64gc -D_GNU_SOURCE -MT stage1flex-scan.o -MD -MP -MF .deps/stage1flex-scan.Tpo -c -o stage1flex-scan.o `test -f 'scan.c' || echo './'`scan.c
mv -f .deps/flex-tables_shared.Tpo .deps/flex-tables_shared.Po
riscv64-unknown-linux-gnu-gcc -DHAVE_CONFIG_H -I.  -DLOCALEDIR=\"/usr/share/locale\"   -O2 -mabi=lp64d -march=rv64gc -D_GNU_SOURCE -MT stage1flex-buf.o -MD -MP -MF .deps/stage1flex-buf.Tpo -c -o stage1flex-buf.o `test -f 'buf.c' || echo './'`buf.c
mv -f .deps/flex-yylex.Tpo .deps/flex-yylex.Po
riscv64-unknown-linux-gnu-gcc -DHAVE_CONFIG_H -I.  -DLOCALEDIR=\"/usr/share/locale\"   -O2 -mabi=lp64d -march=rv64gc -D_GNU_SOURCE -MT stage1flex-ccl.o -MD -MP -MF .deps/stage1flex-ccl.Tpo -c -o stage1flex-ccl.o `test -f 'ccl.c' || echo './'`ccl.c
mv -f .deps/flex-scanopt.Tpo .deps/flex-scanopt.Po
riscv64-unknown-linux-gnu-gcc -DHAVE_CONFIG_H -I.  -DLOCALEDIR=\"/usr/share/locale\"   -O2 -mabi=lp64d -march=rv64gc -D_GNU_SOURCE -MT stage1flex-dfa.o -MD -MP -MF .deps/stage1flex-dfa.Tpo -c -o stage1flex-dfa.o `test -f 'dfa.c' || echo './'`dfa.c
mv -f .deps/flex-tables.Tpo .deps/flex-tables.Po
riscv64-unknown-linux-gnu-gcc -DHAVE_CONFIG_H -I.  -DLOCALEDIR=\"/usr/share/locale\"   -O2 -mabi=lp64d -march=rv64gc -D_GNU_SOURCE -MT stage1flex-ecs.o -MD -MP -MF .deps/stage1flex-ecs.Tpo -c -o stage1flex-ecs.o `test -f 'ecs.c' || echo './'`ecs.c
mv -f .deps/flex-parse.Tpo .deps/flex-parse.Po
riscv64-unknown-linux-gnu-gcc -DHAVE_CONFIG_H -I.  -DLOCALEDIR=\"/usr/share/locale\"   -O2 -mabi=lp64d -march=rv64gc -D_GNU_SOURCE -MT stage1flex-filter.o -MD -MP -MF .deps/stage1flex-filter.Tpo -c -o stage1flex-filter.o `test -f 'filter.c' || echo './'`filter.c
mv -f .deps/stage1flex-buf.Tpo .deps/stage1flex-buf.Po
riscv64-unknown-linux-gnu-gcc -DHAVE_CONFIG_H -I.  -DLOCALEDIR=\"/usr/share/locale\"   -O2 -mabi=lp64d -march=rv64gc -D_GNU_SOURCE -MT stage1flex-gen.o -MD -MP -MF .deps/stage1flex-gen.Tpo -c -o stage1flex-gen.o `test -f 'gen.c' || echo './'`gen.c
mv -f .deps/flex-tblcmp.Tpo .deps/flex-tblcmp.Po
riscv64-unknown-linux-gnu-gcc -DHAVE_CONFIG_H -I.  -DLOCALEDIR=\"/usr/share/locale\"   -O2 -mabi=lp64d -march=rv64gc -D_GNU_SOURCE -MT stage1flex-main.o -MD -MP -MF .deps/stage1flex-main.Tpo -c -o stage1flex-main.o `test -f 'main.c' || echo './'`main.c
mv -f .deps/stage1flex-ecs.Tpo .deps/stage1flex-ecs.Po
riscv64-unknown-linux-gnu-gcc -DHAVE_CONFIG_H -I.  -DLOCALEDIR=\"/usr/share/locale\"   -O2 -mabi=lp64d -march=rv64gc -D_GNU_SOURCE -MT stage1flex-misc.o -MD -MP -MF .deps/stage1flex-misc.Tpo -c -o stage1flex-misc.o `test -f 'misc.c' || echo './'`misc.c
mv -f .deps/stage1flex-ccl.Tpo .deps/stage1flex-ccl.Po
riscv64-unknown-linux-gnu-gcc -DHAVE_CONFIG_H -I.  -DLOCALEDIR=\"/usr/share/locale\"   -O2 -mabi=lp64d -march=rv64gc -D_GNU_SOURCE -MT stage1flex-nfa.o -MD -MP -MF .deps/stage1flex-nfa.Tpo -c -o stage1flex-nfa.o `test -f 'nfa.c' || echo './'`nfa.c
mv -f .deps/stage1flex-filter.Tpo .deps/stage1flex-filter.Po
riscv64-unknown-linux-gnu-gcc -DHAVE_CONFIG_H -I.  -DLOCALEDIR=\"/usr/share/locale\"   -O2 -mabi=lp64d -march=rv64gc -D_GNU_SOURCE -MT stage1flex-options.o -MD -MP -MF .deps/stage1flex-options.Tpo -c -o stage1flex-options.o `test -f 'options.c' || echo './'`options.c
mv -f .deps/stage1flex-options.Tpo .deps/stage1flex-options.Po
riscv64-unknown-linux-gnu-gcc -DHAVE_CONFIG_H -I.  -DLOCALEDIR=\"/usr/share/locale\"   -O2 -mabi=lp64d -march=rv64gc -D_GNU_SOURCE -MT stage1flex-parse.o -MD -MP -MF .deps/stage1flex-parse.Tpo -c -o stage1flex-parse.o `test -f 'parse.c' || echo './'`parse.c
mv -f .deps/stage1flex-dfa.Tpo .deps/stage1flex-dfa.Po
riscv64-unknown-linux-gnu-gcc -DHAVE_CONFIG_H -I.  -DLOCALEDIR=\"/usr/share/locale\"   -O2 -mabi=lp64d -march=rv64gc -D_GNU_SOURCE -MT stage1flex-regex.o -MD -MP -MF .deps/stage1flex-regex.Tpo -c -o stage1flex-regex.o `test -f 'regex.c' || echo './'`regex.c
mv -f .deps/flex-gen.Tpo .deps/flex-gen.Po
riscv64-unknown-linux-gnu-gcc -DHAVE_CONFIG_H -I.  -DLOCALEDIR=\"/usr/share/locale\"   -O2 -mabi=lp64d -march=rv64gc -D_GNU_SOURCE -MT stage1flex-scanflags.o -MD -MP -MF .deps/stage1flex-scanflags.Tpo -c -o stage1flex-scanflags.o `test -f 'scanflags.c' || echo './'`scanflags.c
mv -f .deps/stage1flex-nfa.Tpo .deps/stage1flex-nfa.Po
riscv64-unknown-linux-gnu-gcc -DHAVE_CONFIG_H -I.  -DLOCALEDIR=\"/usr/share/locale\"   -O2 -mabi=lp64d -march=rv64gc -D_GNU_SOURCE -MT stage1flex-scanopt.o -MD -MP -MF .deps/stage1flex-scanopt.Tpo -c -o stage1flex-scanopt.o `test -f 'scanopt.c' || echo './'`scanopt.c
mv -f .deps/stage1flex-misc.Tpo .deps/stage1flex-misc.Po
riscv64-unknown-linux-gnu-gcc -DHAVE_CONFIG_H -I.  -DLOCALEDIR=\"/usr/share/locale\"   -O2 -mabi=lp64d -march=rv64gc -D_GNU_SOURCE -MT stage1flex-skel.o -MD -MP -MF .deps/stage1flex-skel.Tpo -c -o stage1flex-skel.o `test -f 'skel.c' || echo './'`skel.c
mv -f .deps/stage1flex-main.Tpo .deps/stage1flex-main.Po
riscv64-unknown-linux-gnu-gcc -DHAVE_CONFIG_H -I.  -DLOCALEDIR=\"/usr/share/locale\"   -O2 -mabi=lp64d -march=rv64gc -D_GNU_SOURCE -MT stage1flex-sym.o -MD -MP -MF .deps/stage1flex-sym.Tpo -c -o stage1flex-sym.o `test -f 'sym.c' || echo './'`sym.c
mv -f .deps/stage1flex-scanflags.Tpo .deps/stage1flex-scanflags.Po
riscv64-unknown-linux-gnu-gcc -DHAVE_CONFIG_H -I.  -DLOCALEDIR=\"/usr/share/locale\"   -O2 -mabi=lp64d -march=rv64gc -D_GNU_SOURCE -MT stage1flex-tables.o -MD -MP -MF .deps/stage1flex-tables.Tpo -c -o stage1flex-tables.o `test -f 'tables.c' || echo './'`tables.c
mv -f .deps/stage1flex-regex.Tpo .deps/stage1flex-regex.Po
riscv64-unknown-linux-gnu-gcc -DHAVE_CONFIG_H -I.  -DLOCALEDIR=\"/usr/share/locale\"   -O2 -mabi=lp64d -march=rv64gc -D_GNU_SOURCE -MT stage1flex-tables_shared.o -MD -MP -MF .deps/stage1flex-tables_shared.Tpo -c -o stage1flex-tables_shared.o `test -f 'tables_shared.c' || echo './'`tables_shared.c
mv -f .deps/stage1flex-skel.Tpo .deps/stage1flex-skel.Po
riscv64-unknown-linux-gnu-gcc -DHAVE_CONFIG_H -I.  -DLOCALEDIR=\"/usr/share/locale\"   -O2 -mabi=lp64d -march=rv64gc -D_GNU_SOURCE -MT stage1flex-tblcmp.o -MD -MP -MF .deps/stage1flex-tblcmp.Tpo -c -o stage1flex-tblcmp.o `test -f 'tblcmp.c' || echo './'`tblcmp.c
mv -f .deps/stage1flex-tables_shared.Tpo .deps/stage1flex-tables_shared.Po
riscv64-unknown-linux-gnu-gcc -DHAVE_CONFIG_H -I.  -DLOCALEDIR=\"/usr/share/locale\"   -O2 -mabi=lp64d -march=rv64gc -D_GNU_SOURCE -MT stage1flex-yylex.o -MD -MP -MF .deps/stage1flex-yylex.Tpo -c -o stage1flex-yylex.o `test -f 'yylex.c' || echo './'`yylex.c
mv -f .deps/stage1flex-sym.Tpo .deps/stage1flex-sym.Po
/bin/sh ../libtool  --tag=CC   --mode=link riscv64-unknown-linux-gnu-gcc  -O2 -mabi=lp64d -march=rv64gc -D_GNU_SOURCE -version-info 2:0:0  -o libfl.la -rpath /usr/lib libmain.lo libyywrap.lo  -lm 
libtool: link: riscv64-unknown-linux-gnu-gcc -shared  -fPIC -DPIC  .libs/libmain.o .libs/libyywrap.o   -lm  -O2 -mabi=lp64d -march=rv64gc   -Wl,-soname -Wl,libfl.so.2 -o .libs/libfl.so.2.0.0
mv -f .deps/stage1flex-scanopt.Tpo .deps/stage1flex-scanopt.Po
libtool: link: (cd ".libs" && rm -f "libfl.so.2" && ln -s "libfl.so.2.0.0" "libfl.so.2")
libtool: link: (cd ".libs" && rm -f "libfl.so" && ln -s "libfl.so.2.0.0" "libfl.so")
mv -f .deps/stage1flex-tables.Tpo .deps/stage1flex-tables.Po
libtool: link: ( cd ".libs" && rm -f "libfl.la" && ln -s "../libfl.la" "libfl.la" )
mv -f .deps/stage1flex-yylex.Tpo .deps/stage1flex-yylex.Po
mv -f .deps/stage1flex-parse.Tpo .deps/stage1flex-parse.Po
mv -f .deps/stage1flex-tblcmp.Tpo .deps/stage1flex-tblcmp.Po
mv -f .deps/stage1flex-gen.Tpo .deps/stage1flex-gen.Po
mv -f .deps/stage1flex-scan.Tpo .deps/stage1flex-scan.Po
/bin/sh ../libtool  --tag=CC   --mode=link riscv64-unknown-linux-gnu-gcc  -O2 -mabi=lp64d -march=rv64gc -D_GNU_SOURCE   -o stage1flex stage1flex-scan.o stage1flex-buf.o stage1flex-ccl.o stage1flex-dfa.o stage1flex-ecs.o stage1flex-filter.o stage1flex-gen.o stage1flex-main.o stage1flex-misc.o stage1flex-nfa.o stage1flex-options.o stage1flex-parse.o stage1flex-regex.o stage1flex-scanflags.o stage1flex-scanopt.o stage1flex-skel.o stage1flex-sym.o stage1flex-tables.o stage1flex-tables_shared.o stage1flex-tblcmp.o stage1flex-yylex.o    -lm 
libtool: link: riscv64-unknown-linux-gnu-gcc -O2 -mabi=lp64d -march=rv64gc -D_GNU_SOURCE -o stage1flex stage1flex-scan.o stage1flex-buf.o stage1flex-ccl.o stage1flex-dfa.o stage1flex-ecs.o stage1flex-filter.o stage1flex-gen.o stage1flex-main.o stage1flex-misc.o stage1flex-nfa.o stage1flex-options.o stage1flex-parse.o stage1flex-regex.o stage1flex-scanflags.o stage1flex-scanopt.o stage1flex-skel.o stage1flex-sym.o stage1flex-tables.o stage1flex-tables_shared.o stage1flex-tblcmp.o stage1flex-yylex.o  -lm
./stage1flex   -o stage1scan.c ./scan.l
riscv64-unknown-linux-gnu-gcc -DHAVE_CONFIG_H -I.  -DLOCALEDIR=\"/usr/share/locale\"    -O2 -mabi=lp64d -march=rv64gc -D_GNU_SOURCE -MT flex-stage1scan.o -MD -MP -MF .deps/flex-stage1scan.Tpo -c -o flex-stage1scan.o `test -f 'stage1scan.c' || echo './'`stage1scan.c
mv -f .deps/flex-stage1scan.Tpo .deps/flex-stage1scan.Po
/bin/sh ../libtool  --tag=CC   --mode=link riscv64-unknown-linux-gnu-gcc   -O2 -mabi=lp64d -march=rv64gc -D_GNU_SOURCE   -o flex flex-buf.o flex-ccl.o flex-dfa.o flex-ecs.o flex-filter.o flex-gen.o flex-main.o flex-misc.o flex-nfa.o flex-options.o flex-parse.o flex-regex.o flex-scanflags.o flex-scanopt.o flex-skel.o flex-sym.o flex-tables.o flex-tables_shared.o flex-tblcmp.o flex-yylex.o flex-stage1scan.o   -lm 
libtool: link: riscv64-unknown-linux-gnu-gcc -O2 -mabi=lp64d -march=rv64gc -D_GNU_SOURCE -o flex flex-buf.o flex-ccl.o flex-dfa.o flex-ecs.o flex-filter.o flex-gen.o flex-main.o flex-misc.o flex-nfa.o flex-options.o flex-parse.o flex-regex.o flex-scanflags.o flex-scanopt.o flex-skel.o flex-sym.o flex-tables.o flex-tables_shared.o flex-tblcmp.o flex-yylex.o flex-stage1scan.o  -lm
make[2]: Leaving directory '/home/devel/building/work/src/flex-2.6.4/src'
make[1]: Leaving directory '/home/devel/building/work/src/flex-2.6.4/src'
Making all in doc
make[1]: Entering directory '/home/devel/building/work/src/flex-2.6.4/doc'
make[1]: Nothing to be done for 'all'.
make[1]: Leaving directory '/home/devel/building/work/src/flex-2.6.4/doc'
Making all in examples
make[1]: Entering directory '/home/devel/building/work/src/flex-2.6.4/examples'
Making all in manual
make[2]: Entering directory '/home/devel/building/work/src/flex-2.6.4/examples/manual'
make[2]: Nothing to be done for 'all'.
make[2]: Leaving directory '/home/devel/building/work/src/flex-2.6.4/examples/manual'
Making all in fastwc
make[2]: Entering directory '/home/devel/building/work/src/flex-2.6.4/examples/fastwc'
make[2]: Nothing to be done for 'all'.
make[2]: Leaving directory '/home/devel/building/work/src/flex-2.6.4/examples/fastwc'
make[2]: Entering directory '/home/devel/building/work/src/flex-2.6.4/examples'
make[2]: Nothing to be done for 'all-am'.
make[2]: Leaving directory '/home/devel/building/work/src/flex-2.6.4/examples'
make[1]: Leaving directory '/home/devel/building/work/src/flex-2.6.4/examples'
Making all in po
make[1]: Entering directory '/home/devel/building/work/src/flex-2.6.4/po'
make[1]: Leaving directory '/home/devel/building/work/src/flex-2.6.4/po'
Making all in tests
make[1]: Entering directory '/home/devel/building/work/src/flex-2.6.4/tests'
Makefile:2917: warning: ignoring prerequisites on suffix rule definition
Makefile:2920: warning: ignoring prerequisites on suffix rule definition
Makefile:2947: warning: ignoring prerequisites on suffix rule definition
make[1]: Nothing to be done for 'all'.
make[1]: Leaving directory '/home/devel/building/work/src/flex-2.6.4/tests'
Making all in tools
make[1]: Entering directory '/home/devel/building/work/src/flex-2.6.4/tools'
make[1]: Nothing to be done for 'all'.
make[1]: Leaving directory '/home/devel/building/work/src/flex-2.6.4/tools'
make[1]: Entering directory '/home/devel/building/work/src/flex-2.6.4'
make[1]: Nothing to be done for 'all-am'.
make[1]: Leaving directory '/home/devel/building/work/src/flex-2.6.4'
+ make DESTDIR=/home/devel/building/work/pkg install
Making install in src
make[1]: Entering directory '/home/devel/building/work/src/flex-2.6.4/src'
make[2]: Entering directory '/home/devel/building/work/src/flex-2.6.4/src'
 /bin/mkdir -p '/home/devel/building/work/pkg/usr/lib'
 /bin/mkdir -p '/home/devel/building/work/pkg/usr/include'
 /bin/sh ../libtool   --mode=install /usr/bin/install -c   libfl.la '/home/devel/building/work/pkg/usr/lib'
 /usr/bin/install -c -m 644 FlexLexer.h '/home/devel/building/work/pkg/usr/include'
libtool: install: /usr/bin/install -c .libs/libfl.so.2.0.0 /home/devel/building/work/pkg/usr/lib/libfl.so.2.0.0
libtool: install: (cd /home/devel/building/work/pkg/usr/lib && { ln -s -f libfl.so.2.0.0 libfl.so.2 || { rm -f libfl.so.2 && ln -s libfl.so.2.0.0 libfl.so.2; }; })
libtool: install: (cd /home/devel/building/work/pkg/usr/lib && { ln -s -f libfl.so.2.0.0 libfl.so || { rm -f libfl.so && ln -s libfl.so.2.0.0 libfl.so; }; })
libtool: install: /usr/bin/install -c .libs/libfl.lai /home/devel/building/work/pkg/usr/lib/libfl.la
libtool: warning: remember to run 'libtool --finish /usr/lib'
 /bin/mkdir -p '/home/devel/building/work/pkg/usr/bin'
  /bin/sh ../libtool   --mode=install /usr/bin/install -c flex '/home/devel/building/work/pkg/usr/bin'
libtool: install: /usr/bin/install -c flex /home/devel/building/work/pkg/usr/bin/flex
make[2]: Leaving directory '/home/devel/building/work/src/flex-2.6.4/src'
make[1]: Leaving directory '/home/devel/building/work/src/flex-2.6.4/src'
Making install in doc
make[1]: Entering directory '/home/devel/building/work/src/flex-2.6.4/doc'
make[2]: Entering directory '/home/devel/building/work/src/flex-2.6.4/doc'
make[2]: Nothing to be done for 'install-exec-am'.
 /bin/mkdir -p '/home/devel/building/work/pkg/usr/share/man/man1'
 /bin/mkdir -p '/home/devel/building/work/pkg/usr/share/info'
 /usr/bin/install -c -m 644 flex.1 '/home/devel/building/work/pkg/usr/share/man/man1'
 /usr/bin/install -c -m 644 ./flex.info ./flex.info-1 ./flex.info-2 '/home/devel/building/work/pkg/usr/share/info'
 install-info --info-dir='/home/devel/building/work/pkg/usr/share/info' '/home/devel/building/work/pkg/usr/share/info/flex.info'
make[2]: Leaving directory '/home/devel/building/work/src/flex-2.6.4/doc'
make[1]: Leaving directory '/home/devel/building/work/src/flex-2.6.4/doc'
Making install in examples
make[1]: Entering directory '/home/devel/building/work/src/flex-2.6.4/examples'
Making install in manual
make[2]: Entering directory '/home/devel/building/work/src/flex-2.6.4/examples/manual'
make[3]: Entering directory '/home/devel/building/work/src/flex-2.6.4/examples/manual'
make[3]: Nothing to be done for 'install-exec-am'.
make[3]: Nothing to be done for 'install-data-am'.
make[3]: Leaving directory '/home/devel/building/work/src/flex-2.6.4/examples/manual'
make[2]: Leaving directory '/home/devel/building/work/src/flex-2.6.4/examples/manual'
Making install in fastwc
make[2]: Entering directory '/home/devel/building/work/src/flex-2.6.4/examples/fastwc'
make[3]: Entering directory '/home/devel/building/work/src/flex-2.6.4/examples/fastwc'
make[3]: Nothing to be done for 'install-exec-am'.
make[3]: Nothing to be done for 'install-data-am'.
make[3]: Leaving directory '/home/devel/building/work/src/flex-2.6.4/examples/fastwc'
make[2]: Leaving directory '/home/devel/building/work/src/flex-2.6.4/examples/fastwc'
make[2]: Entering directory '/home/devel/building/work/src/flex-2.6.4/examples'
make[3]: Entering directory '/home/devel/building/work/src/flex-2.6.4/examples'
make[3]: Nothing to be done for 'install-exec-am'.
make[3]: Nothing to be done for 'install-data-am'.
make[3]: Leaving directory '/home/devel/building/work/src/flex-2.6.4/examples'
make[2]: Leaving directory '/home/devel/building/work/src/flex-2.6.4/examples'
make[1]: Leaving directory '/home/devel/building/work/src/flex-2.6.4/examples'
Making install in po
make[1]: Entering directory '/home/devel/building/work/src/flex-2.6.4/po'
if test "flex" = "gettext-tools"; then \
  /bin/mkdir -p /home/devel/building/work/pkg/usr/share/gettext/po; \
  for file in Makefile.in.in remove-potcdate.sin quot.sed boldquot.sed en@quot.header en@boldquot.header insert-header.sin Rules-quot   Makevars.template; do \
    /usr/bin/install -c -m 644 ./$file \
		    /home/devel/building/work/pkg/usr/share/gettext/po/$file; \
  done; \
  for file in Makevars; do \
    rm -f /home/devel/building/work/pkg/usr/share/gettext/po/$file; \
  done; \
else \
  : ; \
fi
make[1]: Leaving directory '/home/devel/building/work/src/flex-2.6.4/po'
Making install in tests
make[1]: Entering directory '/home/devel/building/work/src/flex-2.6.4/tests'
Makefile:2917: warning: ignoring prerequisites on suffix rule definition
Makefile:2920: warning: ignoring prerequisites on suffix rule definition
Makefile:2947: warning: ignoring prerequisites on suffix rule definition
make[2]: Entering directory '/home/devel/building/work/src/flex-2.6.4/tests'
Makefile:2917: warning: ignoring prerequisites on suffix rule definition
Makefile:2920: warning: ignoring prerequisites on suffix rule definition
Makefile:2947: warning: ignoring prerequisites on suffix rule definition
make[2]: Nothing to be done for 'install-exec-am'.
make[2]: Nothing to be done for 'install-data-am'.
make[2]: Leaving directory '/home/devel/building/work/src/flex-2.6.4/tests'
make[1]: Leaving directory '/home/devel/building/work/src/flex-2.6.4/tests'
Making install in tools
make[1]: Entering directory '/home/devel/building/work/src/flex-2.6.4/tools'
make[2]: Entering directory '/home/devel/building/work/src/flex-2.6.4/tools'
make[2]: Nothing to be done for 'install-exec-am'.
make[2]: Nothing to be done for 'install-data-am'.
make[2]: Leaving directory '/home/devel/building/work/src/flex-2.6.4/tools'
make[1]: Leaving directory '/home/devel/building/work/src/flex-2.6.4/tools'
make[1]: Entering directory '/home/devel/building/work/src/flex-2.6.4'
make[2]: Entering directory '/home/devel/building/work/src/flex-2.6.4'
/usr/bin/make  install-exec-hook
 /bin/mkdir -p '/home/devel/building/work/pkg/usr/share/doc/flex'
make[3]: Entering directory '/home/devel/building/work/src/flex-2.6.4'
cd /home/devel/building/work/pkg/usr/bin && \
	ln -s -f flex flex++
make[3]: Leaving directory '/home/devel/building/work/src/flex-2.6.4'
 /usr/bin/install -c -m 644 AUTHORS COPYING NEWS ONEWS README.md '/home/devel/building/work/pkg/usr/share/doc/flex'
make[2]: Leaving directory '/home/devel/building/work/src/flex-2.6.4'
make[1]: Leaving directory '/home/devel/building/work/src/flex-2.6.4'
+ ln -sf flex /home/devel/building/work/pkg/usr/bin/lex
+ ln -sf flex.1.gz /home/devel/building/work/pkg/usr/share/man/man1/lex.1.gz
+ rm -r /home/devel/building/work/pkg/usr/share/info /home/devel/building/work/pkg/usr/share/doc
+ find /home/devel/building/work/pkg -type f -name '*.la' -delete
=======> Build result:
drwxr-xr-x  0 root   root        0 Feb 21 16:11 usr/
drwxr-xr-x  0 root   root        0 Feb 21 16:11 usr/share/
drwxr-xr-x  0 root   root        0 Feb 21 16:11 usr/bin/
drwxr-xr-x  0 root   root        0 Feb 21 16:11 usr/include/
drwxr-xr-x  0 root   root        0 Feb 21 16:11 usr/lib/
lrwxrwxrwx  0 root   root        0 Feb 21 16:11 usr/lib/libfl.so -> libfl.so.2.0.0
lrwxrwxrwx  0 root   root        0 Feb 21 16:11 usr/lib/libfl.so.2 -> libfl.so.2.0.0
-rwxr-xr-x  0 root   root     5920 Feb 21 16:11 usr/lib/libfl.so.2.0.0
-rw-r--r--  0 root   root     6893 Feb 21 16:11 usr/include/FlexLexer.h
lrwxrwxrwx  0 root   root        0 Feb 21 16:11 usr/bin/lex -> flex
lrwxrwxrwx  0 root   root        0 Feb 21 16:11 usr/bin/flex++ -> flex
-rwxr-xr-x  0 root   root   308552 Feb 21 16:11 usr/bin/flex
drwxr-xr-x  0 root   root        0 Feb 21 16:11 usr/share/man/
drwxr-xr-x  0 root   root        0 Feb 21 16:11 usr/share/man/man1/
lrwxrwxrwx  0 root   root        0 Feb 21 16:11 usr/share/man/man1/lex.1.gz -> flex.1.gz
-rw-r--r--  0 root   root     1523 Feb 21 16:11 usr/share/man/man1/flex.1.gz
=======> Building '/home/devel/packages/flex#2.6.4-1.riscv64.pkg.tar.zst' succeeded.
prt-get: Using PKGMK_PACKAGE_DIR: /home/devel/packages
prt-get: reinstalling flex 2.6.4-1
prt-get: /usr/bin/pkgadd -u flex#2.6.4-1.riscv64.pkg.tar.zst
prt-get: build done Tue Feb 21 16:11:03 2023

