prt-get: updating /usr/ports/core-riscv64/httpup
prt-get: starting build Tue Feb 21 17:19:29 2023
=======> Building '/home/devel/packages/httpup#0.5.0-2.riscv64.pkg.tar.zst'.
bsdtar -p -o -C /home/devel/building/work/src -xf /home/devel/sources/httpup-0.5.0.tar.xz
cp httpup /home/devel/building/work/src
+ build
+ cd httpup-0.5.0
+ sed 's|egrep|grep -E|' -i httpup-repgen
+ export CPPFLAGS=-Wno-error=mismatched-new-delete
+ CPPFLAGS=-Wno-error=mismatched-new-delete
+ make V=1
g++ -O2 -pipe -DMF_VERSION=\"0.5.0\" -g -Wall -Werror -Wno-strict-aliasing -Wno-error=mismatched-new-delete  -c -o httpup.o httpup.cpp
g++ -O2 -pipe -DMF_VERSION=\"0.5.0\" -g -Wall -Werror -Wno-strict-aliasing -Wno-error=mismatched-new-delete  -c -o fileutils.o fileutils.cpp
g++ -O2 -pipe -DMF_VERSION=\"0.5.0\" -g -Wall -Werror -Wno-strict-aliasing -Wno-error=mismatched-new-delete  -c -o argparser.o argparser.cpp
g++ -O2 -pipe -DMF_VERSION=\"0.5.0\" -g -Wall -Werror -Wno-strict-aliasing -Wno-error=mismatched-new-delete  -c -o md5.o md5.cpp
g++ -O2 -pipe -DMF_VERSION=\"0.5.0\" -g -Wall -Werror -Wno-strict-aliasing -Wno-error=mismatched-new-delete  -c -o httpupargparser.o httpupargparser.cpp
g++ -O2 -pipe -DMF_VERSION=\"0.5.0\" -g -Wall -Werror -Wno-strict-aliasing -Wno-error=mismatched-new-delete  -c -o configparser.o configparser.cpp
g++ -O2 -pipe -DMF_VERSION=\"0.5.0\" -g -Wall -Werror -Wno-strict-aliasing -Wno-error=mismatched-new-delete  -c -o main.o main.cpp
main.cpp: In function 'int main(int, char**)':
main.cpp:92:20: warning: 'void operator delete(void*, std::size_t)' called on pointer returned from a mismatched allocation function [-Wmismatched-new-delete]
   92 |             delete pwd;
      |                    ^~~
main.cpp:90:33: note: returned from 'void* operator new [](std::size_t)'
   90 |         char* pwd = new char[256];
      |                                 ^
g++ -lcurl httpup.o fileutils.o argparser.o md5.o httpupargparser.o configparser.o main.o -o httpup
+ make DESTDIR=/home/devel/building/work/pkg prefix=/usr mandir=/usr/share/man install
/usr/bin/install -d /home/devel/building/work/pkg/usr/bin
/usr/bin/install -d /home/devel/building/work/pkg/usr/share/man/man8
/usr/bin/install -m 755 httpup	/home/devel/building/work/pkg/usr/bin/httpup
/usr/bin/install -m 755 httpup-repgen	/home/devel/building/work/pkg/usr/bin/httpup-repgen
/usr/bin/install -m 644 httpup.8	/home/devel/building/work/pkg/usr/share/man/man8/httpup.8
/usr/bin/install -m 644 httpup-repgen.8 \
	/home/devel/building/work/pkg/usr/share/man/man8/httpup-repgen.8
+ install -D -m 755 /home/devel/building/work/src/httpup /home/devel/building/work/pkg/etc/ports/drivers/httpup
=======> Build result:
drwxr-xr-x  0 root   root        0 Feb 21 17:19 etc/
drwxr-xr-x  0 root   root        0 Feb 21 17:19 etc/ports/
drwxr-xr-x  0 root   root        0 Feb 21 17:19 etc/ports/drivers/
-rwxr-xr-x  0 root   root      434 Feb 21 17:19 etc/ports/drivers/httpup
drwxr-xr-x  0 root   root        0 Feb 21 17:19 usr/
drwxr-xr-x  0 root   root        0 Feb 21 17:19 usr/share/
drwxr-xr-x  0 root   root        0 Feb 21 17:19 usr/bin/
-rwxr-xr-x  0 root   root     1778 Feb 21 17:19 usr/bin/httpup-repgen
-rwxr-xr-x  0 root   root    80920 Feb 21 17:19 usr/bin/httpup
drwxr-xr-x  0 root   root        0 Feb 21 17:19 usr/share/man/
drwxr-xr-x  0 root   root        0 Feb 21 17:19 usr/share/man/man8/
-rw-r--r--  0 root   root      840 Feb 21 17:19 usr/share/man/man8/httpup.8.gz
-rw-r--r--  0 root   root      704 Feb 21 17:19 usr/share/man/man8/httpup-repgen.8.gz
=======> Building '/home/devel/packages/httpup#0.5.0-2.riscv64.pkg.tar.zst' succeeded.
prt-get: Using PKGMK_PACKAGE_DIR: /home/devel/packages
prt-get: reinstalling httpup 0.5.0-2
prt-get: /usr/bin/pkgadd -u httpup#0.5.0-2.riscv64.pkg.tar.zst
prt-get: build done Tue Feb 21 17:19:45 2023

