prt-get: updating /usr/ports/core-riscv64/jsoncpp
prt-get: starting build Tue Feb 21 17:36:35 2023
=======> Building '/home/devel/packages/jsoncpp#1.9.5-1.riscv64.pkg.tar.zst'.
bsdtar -p -o -C /home/devel/building/work/src -xf /home/devel/sources/jsoncpp-1.9.5.tar.gz
+ build
+ cd jsoncpp-1.9.5
+ sed -i 's|1.9.4|1.9.5|' meson.build
+ build-meson . build
The Meson build system
Version: 1.0.0
Source dir: /home/devel/building/work/src/jsoncpp-1.9.5
Build dir: /home/devel/building/work/src/jsoncpp-1.9.5/build
Build type: native build
Project name: jsoncpp
Project version: 1.9.5
C++ compiler for the host machine: c++ (gcc 13.0.1 "c++ (SAUX-RISCV64) 13.0.1 20230219 (experimental)")
C++ linker for the host machine: c++ ld.bfd 2.40
Host machine cpu family: riscv64
Host machine cpu: riscv64
Program python3 found: YES (/usr/bin/python3)
Build targets in project: 3

jsoncpp 1.9.5

  User defined options
    auto_features : auto
    bindir        : /usr/bin
    buildtype     : plain
    datadir       : /usr/share
    includedir    : /usr/include
    libdir        : /usr/lib
    libexecdir    : /usr/lib
    localstatedir : /var
    mandir        : /usr/share/man
    prefix        : /usr
    sbindir       : /usr/sbin
    sharedstatedir: /var/lib
    sysconfdir    : /etc
    wrap_mode     : nodownload
    b_lto         : false
    b_pie         : true
    b_staticpic   : true

Found ninja-1.9 at /usr/bin/ninja
+ meson compile -j 8 -v -C build
ninja: entering directory '/home/devel/building/work/src/jsoncpp-1.9.5/build'
[1/11] c++ -Ijsontestrunner.p -I. -I.. -I../include -fdiagnostics-color=always -D_FILE_OFFSET_BITS=64 -Wall -Winvalid-pch -std=c++11 -O2 -mabi=lp64d -march=rv64gc -fPIE -MD -MQ jsontestrunner.p/src_jsontestrunner_main.cpp.o -MF jsontestrunner.p/src_jsontestrunner_main.cpp.o.d -o jsontestrunner.p/src_jsontestrunner_main.cpp.o -c ../src/jsontestrunner/main.cpp
[2/11] c++ -Ilibjsoncpp.so.25.p -I. -I.. -I../include -fdiagnostics-color=always -D_FILE_OFFSET_BITS=64 -Wall -Winvalid-pch -std=c++11 -O2 -mabi=lp64d -march=rv64gc -fPIC -MD -MQ libjsoncpp.so.25.p/src_lib_json_json_writer.cpp.o -MF libjsoncpp.so.25.p/src_lib_json_json_writer.cpp.o.d -o libjsoncpp.so.25.p/src_lib_json_json_writer.cpp.o -c ../src/lib_json/json_writer.cpp
[3/11] c++ -Ilibjsoncpp.so.25.p -I. -I.. -I../include -fdiagnostics-color=always -D_FILE_OFFSET_BITS=64 -Wall -Winvalid-pch -std=c++11 -O2 -mabi=lp64d -march=rv64gc -fPIC -MD -MQ libjsoncpp.so.25.p/src_lib_json_json_value.cpp.o -MF libjsoncpp.so.25.p/src_lib_json_json_value.cpp.o.d -o libjsoncpp.so.25.p/src_lib_json_json_value.cpp.o -c ../src/lib_json/json_value.cpp
[4/11] c++ -Ilibjsoncpp.so.25.p -I. -I.. -I../include -fdiagnostics-color=always -D_FILE_OFFSET_BITS=64 -Wall -Winvalid-pch -std=c++11 -O2 -mabi=lp64d -march=rv64gc -fPIC -MD -MQ libjsoncpp.so.25.p/src_lib_json_json_reader.cpp.o -MF libjsoncpp.so.25.p/src_lib_json_json_reader.cpp.o.d -o libjsoncpp.so.25.p/src_lib_json_json_reader.cpp.o -c ../src/lib_json/json_reader.cpp
[5/11] c++ -Ijsoncpp_test.p -I. -I.. -I../include -fdiagnostics-color=always -D_FILE_OFFSET_BITS=64 -Wall -Winvalid-pch -std=c++11 -O2 -mabi=lp64d -march=rv64gc -fPIE -MD -MQ jsoncpp_test.p/src_test_lib_json_fuzz.cpp.o -MF jsoncpp_test.p/src_test_lib_json_fuzz.cpp.o.d -o jsoncpp_test.p/src_test_lib_json_fuzz.cpp.o -c ../src/test_lib_json/fuzz.cpp
[6/11] c++ -Ijsoncpp_test.p -I. -I.. -I../include -fdiagnostics-color=always -D_FILE_OFFSET_BITS=64 -Wall -Winvalid-pch -std=c++11 -O2 -mabi=lp64d -march=rv64gc -fPIE -MD -MQ jsoncpp_test.p/src_test_lib_json_main.cpp.o -MF jsoncpp_test.p/src_test_lib_json_main.cpp.o.d -o jsoncpp_test.p/src_test_lib_json_main.cpp.o -c ../src/test_lib_json/main.cpp
[7/11] c++ -Ijsoncpp_test.p -I. -I.. -I../include -fdiagnostics-color=always -D_FILE_OFFSET_BITS=64 -Wall -Winvalid-pch -std=c++11 -O2 -mabi=lp64d -march=rv64gc -fPIE -MD -MQ jsoncpp_test.p/src_test_lib_json_jsontest.cpp.o -MF jsoncpp_test.p/src_test_lib_json_jsontest.cpp.o.d -o jsoncpp_test.p/src_test_lib_json_jsontest.cpp.o -c ../src/test_lib_json/jsontest.cpp
[8/11] c++  -o libjsoncpp.so.25 libjsoncpp.so.25.p/src_lib_json_json_reader.cpp.o libjsoncpp.so.25.p/src_lib_json_json_value.cpp.o libjsoncpp.so.25.p/src_lib_json_json_writer.cpp.o -Wl,--as-needed -Wl,--no-undefined -shared -fPIC -Wl,--start-group -Wl,-soname,libjsoncpp.so.25 -Wl,--end-group -O2 -mabi=lp64d -march=rv64gc
[9/11] /usr/bin/meson --internal symbolextractor /home/devel/building/work/src/jsoncpp-1.9.5/build libjsoncpp.so.25 libjsoncpp.so.25 libjsoncpp.so.25.p/libjsoncpp.so.25.symbols 
[10/11] c++  -o jsontestrunner jsontestrunner.p/src_jsontestrunner_main.cpp.o -Wl,--as-needed -Wl,--no-undefined -pie -O2 -mabi=lp64d -march=rv64gc '-Wl,-rpath,$ORIGIN/' -Wl,-rpath-link,/home/devel/building/work/src/jsoncpp-1.9.5/build/ -Wl,--start-group libjsoncpp.so.25 -Wl,--end-group
[11/11] c++  -o jsoncpp_test jsoncpp_test.p/src_test_lib_json_jsontest.cpp.o jsoncpp_test.p/src_test_lib_json_main.cpp.o jsoncpp_test.p/src_test_lib_json_fuzz.cpp.o -Wl,--as-needed -Wl,--no-undefined -pie -O2 -mabi=lp64d -march=rv64gc '-Wl,-rpath,$ORIGIN/' -Wl,-rpath-link,/home/devel/building/work/src/jsoncpp-1.9.5/build/ -Wl,--start-group libjsoncpp.so.25 -Wl,--end-group
INFO: autodetecting backend as ninja
INFO: calculating backend command to run: /usr/bin/ninja -C /home/devel/building/work/src/jsoncpp-1.9.5/build -j 8 -v
+ DESTDIR=/home/devel/building/work/pkg
+ meson install --no-rebuild -C build
Installing libjsoncpp.so.25 to /home/devel/building/work/pkg/usr/lib
Installing /home/devel/building/work/src/jsoncpp-1.9.5/include/json/allocator.h to /home/devel/building/work/pkg/usr/include/json/
Installing /home/devel/building/work/src/jsoncpp-1.9.5/include/json/assertions.h to /home/devel/building/work/pkg/usr/include/json/
Installing /home/devel/building/work/src/jsoncpp-1.9.5/include/json/config.h to /home/devel/building/work/pkg/usr/include/json/
Installing /home/devel/building/work/src/jsoncpp-1.9.5/include/json/json_features.h to /home/devel/building/work/pkg/usr/include/json/
Installing /home/devel/building/work/src/jsoncpp-1.9.5/include/json/forwards.h to /home/devel/building/work/pkg/usr/include/json/
Installing /home/devel/building/work/src/jsoncpp-1.9.5/include/json/json.h to /home/devel/building/work/pkg/usr/include/json/
Installing /home/devel/building/work/src/jsoncpp-1.9.5/include/json/reader.h to /home/devel/building/work/pkg/usr/include/json/
Installing /home/devel/building/work/src/jsoncpp-1.9.5/include/json/value.h to /home/devel/building/work/pkg/usr/include/json/
Installing /home/devel/building/work/src/jsoncpp-1.9.5/include/json/version.h to /home/devel/building/work/pkg/usr/include/json/
Installing /home/devel/building/work/src/jsoncpp-1.9.5/include/json/writer.h to /home/devel/building/work/pkg/usr/include/json/
Installing /home/devel/building/work/src/jsoncpp-1.9.5/build/meson-private/jsoncpp.pc to /home/devel/building/work/pkg/usr/lib/pkgconfig
Installing symlink pointing to libjsoncpp.so.25 to /home/devel/building/work/pkg/usr/lib/libjsoncpp.so
=======> Build result:
drwxr-xr-x  0 root   root        0 Feb 21 17:37 usr/
drwxr-xr-x  0 root   root        0 Feb 21 17:37 usr/include/
drwxr-xr-x  0 root   root        0 Feb 21 17:37 usr/lib/
lrwxrwxrwx  0 root   root        0 Feb 21 17:37 usr/lib/libjsoncpp.so -> libjsoncpp.so.25
drwxr-xr-x  0 root   root        0 Feb 21 17:37 usr/lib/pkgconfig/
-rwxr-xr-x  0 root   root   189240 Feb 21 17:37 usr/lib/libjsoncpp.so.25
-rw-r--r--  0 root   root      197 Feb 21 17:36 usr/lib/pkgconfig/jsoncpp.pc
drwxr-xr-x  0 root   root        0 Feb 21 17:37 usr/include/json/
-rw-r--r--  0 root   root    12095 Nov  3  2021 usr/include/json/writer.h
-rw-r--r--  0 root   root      966 Nov  3  2021 usr/include/json/version.h
-rw-r--r--  0 root   root    30295 Nov  3  2021 usr/include/json/value.h
-rw-r--r--  0 root   root    14147 Nov  3  2021 usr/include/json/reader.h
-rw-r--r--  0 root   root      447 Nov  3  2021 usr/include/json/json.h
-rw-r--r--  0 root   root      917 Nov  3  2021 usr/include/json/forwards.h
-rw-r--r--  0 root   root     1793 Nov  3  2021 usr/include/json/json_features.h
-rw-r--r--  0 root   root     5272 Nov  3  2021 usr/include/json/config.h
-rw-r--r--  0 root   root     2817 Nov  3  2021 usr/include/json/assertions.h
-rw-r--r--  0 root   root     2447 Nov  3  2021 usr/include/json/allocator.h
=======> Building '/home/devel/packages/jsoncpp#1.9.5-1.riscv64.pkg.tar.zst' succeeded.
prt-get: Using PKGMK_PACKAGE_DIR: /home/devel/packages
prt-get: reinstalling jsoncpp 1.9.5-1
prt-get: /usr/bin/pkgadd -u jsoncpp#1.9.5-1.riscv64.pkg.tar.zst
prt-get: build done Tue Feb 21 17:37:27 2023

