prt-get: updating /usr/ports/core-riscv64/xxhash
prt-get: starting build Wed Feb 22 00:34:07 2023
=======> Building '/home/devel/packages/xxhash#0.8.1-2.riscv64.pkg.tar.zst'.
bsdtar -p -o -C /home/devel/building/work/src -xf /home/devel/sources/xxhash-0.8.1.tar.gz
+ build
+ cd xxHash-0.8.1
+ make V=1 PREFIX=/usr
cc -O2 -mabi=lp64d -march=rv64gc     -c -o xxhash.o xxhash.c
cc -O2 -mabi=lp64d -march=rv64gc   -fPIC  xxhash.c -shared -Wl,-soname=libxxhash.so.0 -o libxxhash.so.0.8.1
cc -O2 -mabi=lp64d -march=rv64gc     -c -o cli/xxhsum.o cli/xxhsum.c
cc -O2 -mabi=lp64d -march=rv64gc     -c -o cli/xsum_os_specific.o cli/xsum_os_specific.c
cc -O2 -mabi=lp64d -march=rv64gc     -c -o cli/xsum_output.o cli/xsum_output.c
cc -O2 -mabi=lp64d -march=rv64gc     -c -o cli/xsum_sanity_check.o cli/xsum_sanity_check.c
cc -O2 -mabi=lp64d -march=rv64gc     -c -o cli/xsum_bench.o cli/xsum_bench.c
ar rcs libxxhash.a xxhash.o
cc -O2 -mabi=lp64d -march=rv64gc    xxhash.o cli/xxhsum.o cli/xsum_os_specific.o cli/xsum_output.o cli/xsum_sanity_check.o cli/xsum_bench.o  -o xxhsum
ln -sf libxxhash.so.0.8.1 libxxhash.so.0
ln -sf libxxhash.so.0.8.1 libxxhash.so
ln -sf xxhsum xxh32sum
ln -sf xxhsum xxh64sum
ln -sf xxhsum xxh128sum
+ make PREFIX=/usr DESTDIR=/home/devel/building/work/pkg install
creating pkgconfig
Installing libxxhash
Installing pkgconfig
Installing xxhsum
Installing man pages
xxhash installation completed
+ find /home/devel/building/work/pkg -type f -name '*.a' -delete
=======> Build result:
drwxr-xr-x  0 root   root        0 Feb 22 00:34 usr/
drwxr-xr-x  0 root   root        0 Feb 22 00:34 usr/share/
drwxr-xr-x  0 root   root        0 Feb 22 00:34 usr/bin/
drwxr-xr-x  0 root   root        0 Feb 22 00:34 usr/include/
drwxr-xr-x  0 root   root        0 Feb 22 00:34 usr/lib/
drwxr-xr-x  0 root   root        0 Feb 22 00:34 usr/lib/pkgconfig/
lrwxrwxrwx  0 root   root        0 Feb 22 00:34 usr/lib/libxxhash.so -> libxxhash.so.0.8.1
lrwxrwxrwx  0 root   root        0 Feb 22 00:34 usr/lib/libxxhash.so.0 -> libxxhash.so.0.8.1
-rwxr-xr-x  0 root   root    71632 Feb 22 00:34 usr/lib/libxxhash.so.0.8.1
-rw-r--r--  0 root   root      414 Feb 22 00:34 usr/lib/pkgconfig/libxxhash.pc
-rw-r--r--  0 root   root     2394 Feb 22 00:34 usr/include/xxh3.h
-rw-r--r--  0 root   root   209646 Feb 22 00:34 usr/include/xxhash.h
lrwxrwxrwx  0 root   root        0 Feb 22 00:34 usr/bin/xxh128sum -> xxhsum
lrwxrwxrwx  0 root   root        0 Feb 22 00:34 usr/bin/xxh64sum -> xxhsum
lrwxrwxrwx  0 root   root        0 Feb 22 00:34 usr/bin/xxh32sum -> xxhsum
-rwxr-xr-x  0 root   root    92640 Feb 22 00:34 usr/bin/xxhsum
drwxr-xr-x  0 root   root        0 Feb 22 00:34 usr/share/man/
drwxr-xr-x  0 root   root        0 Feb 22 00:34 usr/share/man/man1/
lrwxrwxrwx  0 root   root        0 Feb 22 00:34 usr/share/man/man1/xxh32sum.1.gz -> xxhsum.1.gz
lrwxrwxrwx  0 root   root        0 Feb 22 00:34 usr/share/man/man1/xxh64sum.1.gz -> xxhsum.1.gz
lrwxrwxrwx  0 root   root        0 Feb 22 00:34 usr/share/man/man1/xxh128sum.1.gz -> xxhsum.1.gz
-rw-r--r--  0 root   root     1896 Feb 22 00:34 usr/share/man/man1/xxhsum.1.gz
=======> Building '/home/devel/packages/xxhash#0.8.1-2.riscv64.pkg.tar.zst' succeeded.
prt-get: Using PKGMK_PACKAGE_DIR: /home/devel/packages
prt-get: reinstalling xxhash 0.8.1-2
prt-get: /usr/bin/pkgadd -u xxhash#0.8.1-2.riscv64.pkg.tar.zst
prt-get: build done Wed Feb 22 00:34:20 2023

