prt-get: updating /usr/ports/core-riscv64/libnghttp2
prt-get: starting build Tue Feb 21 19:38:41 2023
=======> Building '/home/devel/packages/libnghttp2#1.51.0-1.riscv64.pkg.tar.zst'.
bsdtar -p -o -C /home/devel/building/work/src -xf /home/devel/sources/nghttp2-1.51.0.tar.xz
+ build
+ cd nghttp2-1.51.0
+ ./configure --prefix=/usr --enable-lib-only --disable-static --without-libxml2 --without-mruby --without-neverbleed --without-jemalloc --without-systemd
checking for gcc... gcc
checking whether the C compiler works... yes
checking for C compiler default output file name... a.out
checking for suffix of executables... 
checking whether we are cross compiling... no
checking for suffix of object files... o
checking whether the compiler supports GNU C... yes
checking whether gcc accepts -g... yes
checking for gcc option to enable C11 features... none needed
checking whether gcc understands -c and -o together... yes
checking for stdio.h... yes
checking for stdlib.h... yes
checking for string.h... yes
checking for inttypes.h... yes
checking for stdint.h... yes
checking for strings.h... yes
checking for sys/stat.h... yes
checking for sys/types.h... yes
checking for unistd.h... yes
checking for wchar.h... yes
checking for minix/config.h... no
checking for vfork.h... no
checking whether it is safe to define __EXTENSIONS__... yes
checking whether _XOPEN_SOURCE should be defined... no
checking build system type... riscv64-unknown-linux-gnu
checking host system type... riscv64-unknown-linux-gnu
checking how to print strings... printf
checking for a sed that does not truncate output... /bin/sed
checking for grep that handles long lines and -e... /usr/bin/grep
checking for egrep... /usr/bin/grep -E
checking for fgrep... /usr/bin/grep -F
checking for ld used by gcc... /usr/bin/ld
checking if the linker (/usr/bin/ld) is GNU ld... yes
checking for BSD- or MS-compatible name lister (nm)... /usr/bin/nm -B
checking the name lister (/usr/bin/nm -B) interface... BSD nm
checking whether ln -s works... yes
checking the maximum length of command line arguments... 1572864
checking how to convert riscv64-unknown-linux-gnu file names to riscv64-unknown-linux-gnu format... func_convert_file_noop
checking how to convert riscv64-unknown-linux-gnu file names to toolchain format... func_convert_file_noop
checking for /usr/bin/ld option to reload object files... -r
checking for file... file
checking for objdump... objdump
checking how to recognize dependent libraries... pass_all
checking for dlltool... no
checking how to associate runtime and link libraries... printf %s\n
checking for ar... ar
checking for archiver @FILE support... @
checking for strip... strip
checking for ranlib... ranlib
checking for gawk... gawk
checking command to parse /usr/bin/nm -B output from gcc object... ok
checking for sysroot... no
checking for a working dd... /bin/dd
checking how to truncate binary pipes... /bin/dd bs=4096 count=1
checking for mt... no
checking if : is a manifest tool... no
checking for dlfcn.h... yes
checking for objdir... .libs
checking if gcc supports -fno-rtti -fno-exceptions... no
checking for gcc option to produce PIC... -fPIC -DPIC
checking if gcc PIC flag -fPIC -DPIC works... yes
checking if gcc static flag -static works... yes
checking if gcc supports -c -o file.o... yes
checking if gcc supports -c -o file.o... (cached) yes
checking whether the gcc linker (/usr/bin/ld) supports shared libraries... yes
checking whether -lc should be explicitly linked in... no
checking dynamic linker characteristics... GNU/Linux ld.so
checking how to hardcode library paths into programs... immediate
checking whether stripping libraries is possible... yes
checking if libtool supports shared libraries... yes
checking whether to build shared libraries... yes
checking whether to build static libraries... no
checking target system type... riscv64-unknown-linux-gnu
checking for a BSD-compatible install... /usr/bin/install -c
checking whether build environment is sane... yes
checking for a race-free mkdir -p... /bin/mkdir -p
checking whether make sets $(MAKE)... yes
checking whether make supports the include directive... yes (GNU style)
checking whether make supports nested variables... yes
checking dependency style of gcc... gcc3
checking whether make supports nested variables... (cached) yes
checking for gcc... (cached) gcc
checking whether the compiler supports GNU C... (cached) yes
checking whether gcc accepts -g... (cached) yes
checking for gcc option to enable C11 features... (cached) none needed
checking whether gcc understands -c and -o together... (cached) yes
checking for g++... g++
checking whether the compiler supports GNU C++... yes
checking whether g++ accepts -g... yes
checking for g++ option to enable C++11 features... none needed
checking how to run the C++ preprocessor... g++ -E
checking for ld used by g++... /usr/bin/ld
checking if the linker (/usr/bin/ld) is GNU ld... yes
checking whether the g++ linker (/usr/bin/ld) supports shared libraries... yes
/usr/bin/grep: warning: stray \ before -
checking for g++ option to produce PIC... -fPIC -DPIC
checking if g++ PIC flag -fPIC -DPIC works... yes
checking if g++ static flag -static works... yes
checking if g++ supports -c -o file.o... yes
checking if g++ supports -c -o file.o... (cached) yes
checking whether the g++ linker (/usr/bin/ld) supports shared libraries... yes
checking dynamic linker characteristics... (cached) GNU/Linux ld.so
checking how to hardcode library paths into programs... immediate
checking dependency style of g++... gcc3
checking how to run the C preprocessor... gcc -E
checking whether ln -s works... yes
checking whether make sets $(MAKE)... (cached) yes
checking for pkg-config... /usr/bin/pkg-config
checking pkg-config is at least version 0.20... yes
checking for a Python interpreter with version >= 3.8... python
checking for python... /usr/bin/python
checking for python version... 3.11
checking for python platform... linux
checking for GNU default python prefix... ${prefix}
checking for GNU default python exec_prefix... ${exec_prefix}
checking for python script directory (pythondir)... ${PYTHON_PREFIX}/lib/python3.11/site-packages
checking for python extension module directory (pyexecdir)... ${PYTHON_EXEC_PREFIX}/lib/python3.11/site-packages
checking for cython.py... no
checking for cython... no
checking whether g++ supports C++14 features with -std=c++14... yes
checking whether std::future is available... yes
checking whether std::map::emplace is available... yes
checking whether std::atomic_* overloads for std::shared_ptr are available... yes
checking whether thread_local storage class specifier is available.... yes
checking for library containing dlopen... none required
checking for cunit >= 2.1... no
configure: WARNING: Package 'cunit', required by 'virtual:world', not found
checking for CU_initialize_registry in -lcunit... no
checking whether to enable assertions... yes
checking for arpa/inet.h... yes
checking for fcntl.h... yes
checking for inttypes.h... (cached) yes
checking for limits.h... yes
checking for netdb.h... yes
checking for netinet/in.h... yes
checking for pwd.h... yes
checking for stddef.h... yes
checking for stdint.h... (cached) yes
checking for stdlib.h... (cached) yes
checking for string.h... (cached) yes
checking for sys/socket.h... yes
checking for sys/time.h... yes
checking for syslog.h... yes
checking for time.h... yes
checking for unistd.h... (cached) yes
checking for size_t... yes
checking for ssize_t... yes
checking for uint8_t... yes
checking for uint16_t... yes
checking for uint32_t... yes
checking for uint64_t... yes
checking for int8_t... yes
checking for int16_t... yes
checking for int32_t... yes
checking for int64_t... yes
checking for off_t... yes
checking for pid_t... yes
checking for uid_t in sys/types.h... yes
checking for ptrdiff_t... yes
checking whether byte ordering is bigendian... no
checking for inline... inline
checking for special C compiler options needed for large files... no
checking for _FILE_OFFSET_BITS value needed for large files... no
checking for struct tm.tm_gmtoff... yes
checking for struct sockaddr_in.sin_len... no
checking for struct sockaddr_in6.sin6_len... no
checking size of int *... 8
checking size of time_t... 8
checking for working chown... yes
checking for error_at_line... yes
checking for fork... yes
checking for vfork... yes
checking for working fork... yes
checking for working vfork... (cached) yes
checking for gcc options needed to detect all undeclared functions... none needed
checking whether strerror_r is declared... yes
checking whether strerror_r returns char *... yes
checking for working strnlen... yes
checking for _Exit... yes
checking for accept4... yes
checking for dup2... yes
checking for getcwd... yes
checking for getpwnam... yes
checking for localtime_r... yes
checking for memchr... yes
checking for memmove... yes
checking for memset... yes
checking for mkostemp... yes
checking for socket... yes
checking for sqrt... no
checking for strchr... yes
checking for strdup... yes
checking for strerror... yes
checking for strndup... yes
checking for strstr... yes
checking for strtol... yes
checking for strtoul... yes
checking for timegm... yes
checking for timerfd_create... yes
checking whether initgroups is declared... yes
checking whether C compiler accepts -fvisibility=hidden... yes
checking that generated files are newer than configure... done
configure: creating ./config.status
config.status: creating Makefile
config.status: creating lib/Makefile
config.status: creating lib/libnghttp2.pc
config.status: creating lib/includes/Makefile
config.status: creating lib/includes/nghttp2/nghttp2ver.h
config.status: creating tests/Makefile
config.status: creating tests/testdata/Makefile
config.status: creating third-party/Makefile
config.status: creating src/Makefile
config.status: creating src/includes/Makefile
config.status: creating src/libnghttp2_asio.pc
config.status: creating bpf/Makefile
config.status: creating examples/Makefile
config.status: creating python/Makefile
config.status: creating python/setup.py
config.status: creating integration-tests/Makefile
config.status: creating integration-tests/config.go
config.status: creating integration-tests/setenv
config.status: creating doc/Makefile
config.status: creating doc/conf.py
config.status: creating doc/index.rst
config.status: creating doc/package_README.rst
config.status: creating doc/tutorial-client.rst
config.status: creating doc/tutorial-server.rst
config.status: creating doc/tutorial-hpack.rst
config.status: creating doc/nghttpx-howto.rst
config.status: creating doc/h2load-howto.rst
config.status: creating doc/libnghttp2_asio.rst
config.status: creating doc/python-apiref.rst
config.status: creating doc/building-android-binary.rst
config.status: creating doc/nghttp2.h.rst
config.status: creating doc/nghttp2ver.h.rst
config.status: creating doc/asio_http2.h.rst
config.status: creating doc/asio_http2_server.h.rst
config.status: creating doc/asio_http2_client.h.rst
config.status: creating doc/contribute.rst
config.status: creating contrib/Makefile
config.status: creating script/Makefile
config.status: creating config.h
config.status: executing libtool commands
config.status: executing depfiles commands
configure: summary of build options:

    Package version: 1.51.0
    Library version: 38:1:24
    Install prefix:  /usr
    System types:
      Build:         riscv64-unknown-linux-gnu
      Host:          riscv64-unknown-linux-gnu
      Target:        riscv64-unknown-linux-gnu
    Compiler:
      C compiler:     gcc
      CFLAGS:         -O2 -mabi=lp64d -march=rv64gc
      LDFLAGS:        
      C++ compiler:   g++ -std=c++14
      CXXFLAGS:       -O2 -mabi=lp64d -march=rv64gc
      CXXCPP:         g++ -E -std=c++14
      C preprocessor: gcc -E
      CPPFLAGS:       
      WARNCFLAGS:     
      WARNCXXFLAGS:   
      CXX1XCXXFLAGS:  
      EXTRACFLAG:     -fvisibility=hidden
      BPFCFLAGS:      
      EXTRABPFCFLAGS: 
      LIBS:           
      DEFS:           -DHAVE_CONFIG_H
      EXTRA_DEFS:     
    Library:
      Shared:         yes
      Static:         no
    Libtool:
      LIBTOOL_LDFLAGS: 
    Python:
      Python:         /usr/bin/python
      PYTHON_VERSION: 3.11
      pyexecdir:      ${PYTHON_EXEC_PREFIX}/lib/python3.11/site-packages
      PYTHON_CPPFLAGS:
      PYTHON_LIBS:    
      Cython:         
    Test:
      CUnit:          no (CFLAGS='' LIBS='')
      Failmalloc:     yes
    Libs:
      OpenSSL:        no (CFLAGS='' LIBS='')
      Libxml2:        no (CFLAGS='' LIBS='')
      Libev:          no (CFLAGS='' LIBS='')
      Libc-ares:      no (CFLAGS='' LIBS='')
      libngtcp2:      no (CFLAGS='' LIBS='')
      libngtcp2_crypto_openssl: no (CFLAGS='' LIBS='')
      libngtcp2_crypto_boringssl: no (CFLAGS='' LIBS='')
      libnghttp3:     no (CFLAGS='' LIBS='')
      libbpf:         no (CFLAGS='' LIBS='')
      Libevent(SSL):  no (CFLAGS='' LIBS='')
      Jansson:        no (CFLAGS='' LIBS='')
      Jemalloc:       no (CFLAGS='' LIBS='')
      Zlib:           no (CFLAGS='' LIBS='')
      Systemd:        no (CFLAGS='' LIBS='')
      Boost CPPFLAGS: 
      Boost LDFLAGS:  
      Boost::ASIO:    
      Boost::System:  
      Boost::Thread:  
    Third-party:
      http-parser:    no
      MRuby:          no (CFLAGS='' LIBS='')
      Neverbleed:     no
    Features:
      Applications:   no
      HPACK tools:    no
      Libnghttp2_asio:no
      Examples:       no
      Python bindings:no
      Threading:      yes
      HTTP/3 (EXPERIMENTAL): no

+ make V=1
/usr/bin/make  all-recursive
make[1]: Entering directory '/home/devel/building/work/src/nghttp2-1.51.0'
Making all in lib
make[2]: Entering directory '/home/devel/building/work/src/nghttp2-1.51.0/lib'
Making all in includes
make[3]: Entering directory '/home/devel/building/work/src/nghttp2-1.51.0/lib/includes'
make[3]: Nothing to be done for 'all'.
make[3]: Leaving directory '/home/devel/building/work/src/nghttp2-1.51.0/lib/includes'
make[3]: Entering directory '/home/devel/building/work/src/nghttp2-1.51.0/lib'
depbase=`echo nghttp2_pq.lo | sed 's|[^/]*$|.deps/&|;s|\.lo$||'`;\
/bin/sh ../libtool  --tag=CC   --mode=compile gcc -DHAVE_CONFIG_H -I. -I..  -I./includes -I./includes -DBUILDING_NGHTTP2 -DHAVE_CONFIG_H   -fvisibility=hidden -O2 -mabi=lp64d -march=rv64gc -MT nghttp2_pq.lo -MD -MP -MF $depbase.Tpo -c -o nghttp2_pq.lo nghttp2_pq.c &&\
mv -f $depbase.Tpo $depbase.Plo
depbase=`echo nghttp2_map.lo | sed 's|[^/]*$|.deps/&|;s|\.lo$||'`;\
/bin/sh ../libtool  --tag=CC   --mode=compile gcc -DHAVE_CONFIG_H -I. -I..  -I./includes -I./includes -DBUILDING_NGHTTP2 -DHAVE_CONFIG_H   -fvisibility=hidden -O2 -mabi=lp64d -march=rv64gc -MT nghttp2_map.lo -MD -MP -MF $depbase.Tpo -c -o nghttp2_map.lo nghttp2_map.c &&\
mv -f $depbase.Tpo $depbase.Plo
depbase=`echo nghttp2_queue.lo | sed 's|[^/]*$|.deps/&|;s|\.lo$||'`;\
/bin/sh ../libtool  --tag=CC   --mode=compile gcc -DHAVE_CONFIG_H -I. -I..  -I./includes -I./includes -DBUILDING_NGHTTP2 -DHAVE_CONFIG_H   -fvisibility=hidden -O2 -mabi=lp64d -march=rv64gc -MT nghttp2_queue.lo -MD -MP -MF $depbase.Tpo -c -o nghttp2_queue.lo nghttp2_queue.c &&\
mv -f $depbase.Tpo $depbase.Plo
depbase=`echo nghttp2_frame.lo | sed 's|[^/]*$|.deps/&|;s|\.lo$||'`;\
/bin/sh ../libtool  --tag=CC   --mode=compile gcc -DHAVE_CONFIG_H -I. -I..  -I./includes -I./includes -DBUILDING_NGHTTP2 -DHAVE_CONFIG_H   -fvisibility=hidden -O2 -mabi=lp64d -march=rv64gc -MT nghttp2_frame.lo -MD -MP -MF $depbase.Tpo -c -o nghttp2_frame.lo nghttp2_frame.c &&\
mv -f $depbase.Tpo $depbase.Plo
depbase=`echo nghttp2_buf.lo | sed 's|[^/]*$|.deps/&|;s|\.lo$||'`;\
/bin/sh ../libtool  --tag=CC   --mode=compile gcc -DHAVE_CONFIG_H -I. -I..  -I./includes -I./includes -DBUILDING_NGHTTP2 -DHAVE_CONFIG_H   -fvisibility=hidden -O2 -mabi=lp64d -march=rv64gc -MT nghttp2_buf.lo -MD -MP -MF $depbase.Tpo -c -o nghttp2_buf.lo nghttp2_buf.c &&\
mv -f $depbase.Tpo $depbase.Plo
depbase=`echo nghttp2_stream.lo | sed 's|[^/]*$|.deps/&|;s|\.lo$||'`;\
/bin/sh ../libtool  --tag=CC   --mode=compile gcc -DHAVE_CONFIG_H -I. -I..  -I./includes -I./includes -DBUILDING_NGHTTP2 -DHAVE_CONFIG_H   -fvisibility=hidden -O2 -mabi=lp64d -march=rv64gc -MT nghttp2_stream.lo -MD -MP -MF $depbase.Tpo -c -o nghttp2_stream.lo nghttp2_stream.c &&\
mv -f $depbase.Tpo $depbase.Plo
depbase=`echo nghttp2_outbound_item.lo | sed 's|[^/]*$|.deps/&|;s|\.lo$||'`;\
/bin/sh ../libtool  --tag=CC   --mode=compile gcc -DHAVE_CONFIG_H -I. -I..  -I./includes -I./includes -DBUILDING_NGHTTP2 -DHAVE_CONFIG_H   -fvisibility=hidden -O2 -mabi=lp64d -march=rv64gc -MT nghttp2_outbound_item.lo -MD -MP -MF $depbase.Tpo -c -o nghttp2_outbound_item.lo nghttp2_outbound_item.c &&\
mv -f $depbase.Tpo $depbase.Plo
depbase=`echo nghttp2_session.lo | sed 's|[^/]*$|.deps/&|;s|\.lo$||'`;\
/bin/sh ../libtool  --tag=CC   --mode=compile gcc -DHAVE_CONFIG_H -I. -I..  -I./includes -I./includes -DBUILDING_NGHTTP2 -DHAVE_CONFIG_H   -fvisibility=hidden -O2 -mabi=lp64d -march=rv64gc -MT nghttp2_session.lo -MD -MP -MF $depbase.Tpo -c -o nghttp2_session.lo nghttp2_session.c &&\
mv -f $depbase.Tpo $depbase.Plo
libtool: compile:  gcc -DHAVE_CONFIG_H -I. -I.. -I./includes -I./includes -DBUILDING_NGHTTP2 -DHAVE_CONFIG_H -fvisibility=hidden -O2 -mabi=lp64d -march=rv64gc -MT nghttp2_frame.lo -MD -MP -MF .deps/nghttp2_frame.Tpo -c nghttp2_frame.c  -fPIC -DPIC -o .libs/nghttp2_frame.o
libtool: compile:  gcc -DHAVE_CONFIG_H -I. -I.. -I./includes -I./includes -DBUILDING_NGHTTP2 -DHAVE_CONFIG_H -fvisibility=hidden -O2 -mabi=lp64d -march=rv64gc -MT nghttp2_queue.lo -MD -MP -MF .deps/nghttp2_queue.Tpo -c nghttp2_queue.c  -fPIC -DPIC -o .libs/nghttp2_queue.o
libtool: compile:  gcc -DHAVE_CONFIG_H -I. -I.. -I./includes -I./includes -DBUILDING_NGHTTP2 -DHAVE_CONFIG_H -fvisibility=hidden -O2 -mabi=lp64d -march=rv64gc -MT nghttp2_session.lo -MD -MP -MF .deps/nghttp2_session.Tpo -c nghttp2_session.c  -fPIC -DPIC -o .libs/nghttp2_session.o
libtool: compile:  gcc -DHAVE_CONFIG_H -I. -I.. -I./includes -I./includes -DBUILDING_NGHTTP2 -DHAVE_CONFIG_H -fvisibility=hidden -O2 -mabi=lp64d -march=rv64gc -MT nghttp2_pq.lo -MD -MP -MF .deps/nghttp2_pq.Tpo -c nghttp2_pq.c  -fPIC -DPIC -o .libs/nghttp2_pq.o
libtool: compile:  gcc -DHAVE_CONFIG_H -I. -I.. -I./includes -I./includes -DBUILDING_NGHTTP2 -DHAVE_CONFIG_H -fvisibility=hidden -O2 -mabi=lp64d -march=rv64gc -MT nghttp2_map.lo -MD -MP -MF .deps/nghttp2_map.Tpo -c nghttp2_map.c  -fPIC -DPIC -o .libs/nghttp2_map.o
libtool: compile:  gcc -DHAVE_CONFIG_H -I. -I.. -I./includes -I./includes -DBUILDING_NGHTTP2 -DHAVE_CONFIG_H -fvisibility=hidden -O2 -mabi=lp64d -march=rv64gc -MT nghttp2_buf.lo -MD -MP -MF .deps/nghttp2_buf.Tpo -c nghttp2_buf.c  -fPIC -DPIC -o .libs/nghttp2_buf.o
libtool: compile:  gcc -DHAVE_CONFIG_H -I. -I.. -I./includes -I./includes -DBUILDING_NGHTTP2 -DHAVE_CONFIG_H -fvisibility=hidden -O2 -mabi=lp64d -march=rv64gc -MT nghttp2_stream.lo -MD -MP -MF .deps/nghttp2_stream.Tpo -c nghttp2_stream.c  -fPIC -DPIC -o .libs/nghttp2_stream.o
libtool: compile:  gcc -DHAVE_CONFIG_H -I. -I.. -I./includes -I./includes -DBUILDING_NGHTTP2 -DHAVE_CONFIG_H -fvisibility=hidden -O2 -mabi=lp64d -march=rv64gc -MT nghttp2_outbound_item.lo -MD -MP -MF .deps/nghttp2_outbound_item.Tpo -c nghttp2_outbound_item.c  -fPIC -DPIC -o .libs/nghttp2_outbound_item.o
depbase=`echo nghttp2_submit.lo | sed 's|[^/]*$|.deps/&|;s|\.lo$||'`;\
/bin/sh ../libtool  --tag=CC   --mode=compile gcc -DHAVE_CONFIG_H -I. -I..  -I./includes -I./includes -DBUILDING_NGHTTP2 -DHAVE_CONFIG_H   -fvisibility=hidden -O2 -mabi=lp64d -march=rv64gc -MT nghttp2_submit.lo -MD -MP -MF $depbase.Tpo -c -o nghttp2_submit.lo nghttp2_submit.c &&\
mv -f $depbase.Tpo $depbase.Plo
depbase=`echo nghttp2_helper.lo | sed 's|[^/]*$|.deps/&|;s|\.lo$||'`;\
/bin/sh ../libtool  --tag=CC   --mode=compile gcc -DHAVE_CONFIG_H -I. -I..  -I./includes -I./includes -DBUILDING_NGHTTP2 -DHAVE_CONFIG_H   -fvisibility=hidden -O2 -mabi=lp64d -march=rv64gc -MT nghttp2_helper.lo -MD -MP -MF $depbase.Tpo -c -o nghttp2_helper.lo nghttp2_helper.c &&\
mv -f $depbase.Tpo $depbase.Plo
libtool: compile:  gcc -DHAVE_CONFIG_H -I. -I.. -I./includes -I./includes -DBUILDING_NGHTTP2 -DHAVE_CONFIG_H -fvisibility=hidden -O2 -mabi=lp64d -march=rv64gc -MT nghttp2_submit.lo -MD -MP -MF .deps/nghttp2_submit.Tpo -c nghttp2_submit.c  -fPIC -DPIC -o .libs/nghttp2_submit.o
depbase=`echo nghttp2_npn.lo | sed 's|[^/]*$|.deps/&|;s|\.lo$||'`;\
/bin/sh ../libtool  --tag=CC   --mode=compile gcc -DHAVE_CONFIG_H -I. -I..  -I./includes -I./includes -DBUILDING_NGHTTP2 -DHAVE_CONFIG_H   -fvisibility=hidden -O2 -mabi=lp64d -march=rv64gc -MT nghttp2_npn.lo -MD -MP -MF $depbase.Tpo -c -o nghttp2_npn.lo nghttp2_npn.c &&\
mv -f $depbase.Tpo $depbase.Plo
libtool: compile:  gcc -DHAVE_CONFIG_H -I. -I.. -I./includes -I./includes -DBUILDING_NGHTTP2 -DHAVE_CONFIG_H -fvisibility=hidden -O2 -mabi=lp64d -march=rv64gc -MT nghttp2_helper.lo -MD -MP -MF .deps/nghttp2_helper.Tpo -c nghttp2_helper.c  -fPIC -DPIC -o .libs/nghttp2_helper.o
depbase=`echo nghttp2_hd.lo | sed 's|[^/]*$|.deps/&|;s|\.lo$||'`;\
/bin/sh ../libtool  --tag=CC   --mode=compile gcc -DHAVE_CONFIG_H -I. -I..  -I./includes -I./includes -DBUILDING_NGHTTP2 -DHAVE_CONFIG_H   -fvisibility=hidden -O2 -mabi=lp64d -march=rv64gc -MT nghttp2_hd.lo -MD -MP -MF $depbase.Tpo -c -o nghttp2_hd.lo nghttp2_hd.c &&\
mv -f $depbase.Tpo $depbase.Plo
libtool: compile:  gcc -DHAVE_CONFIG_H -I. -I.. -I./includes -I./includes -DBUILDING_NGHTTP2 -DHAVE_CONFIG_H -fvisibility=hidden -O2 -mabi=lp64d -march=rv64gc -MT nghttp2_npn.lo -MD -MP -MF .deps/nghttp2_npn.Tpo -c nghttp2_npn.c  -fPIC -DPIC -o .libs/nghttp2_npn.o
libtool: compile:  gcc -DHAVE_CONFIG_H -I. -I.. -I./includes -I./includes -DBUILDING_NGHTTP2 -DHAVE_CONFIG_H -fvisibility=hidden -O2 -mabi=lp64d -march=rv64gc -MT nghttp2_hd.lo -MD -MP -MF .deps/nghttp2_hd.Tpo -c nghttp2_hd.c  -fPIC -DPIC -o .libs/nghttp2_hd.o
depbase=`echo nghttp2_hd_huffman.lo | sed 's|[^/]*$|.deps/&|;s|\.lo$||'`;\
/bin/sh ../libtool  --tag=CC   --mode=compile gcc -DHAVE_CONFIG_H -I. -I..  -I./includes -I./includes -DBUILDING_NGHTTP2 -DHAVE_CONFIG_H   -fvisibility=hidden -O2 -mabi=lp64d -march=rv64gc -MT nghttp2_hd_huffman.lo -MD -MP -MF $depbase.Tpo -c -o nghttp2_hd_huffman.lo nghttp2_hd_huffman.c &&\
mv -f $depbase.Tpo $depbase.Plo
depbase=`echo nghttp2_hd_huffman_data.lo | sed 's|[^/]*$|.deps/&|;s|\.lo$||'`;\
/bin/sh ../libtool  --tag=CC   --mode=compile gcc -DHAVE_CONFIG_H -I. -I..  -I./includes -I./includes -DBUILDING_NGHTTP2 -DHAVE_CONFIG_H   -fvisibility=hidden -O2 -mabi=lp64d -march=rv64gc -MT nghttp2_hd_huffman_data.lo -MD -MP -MF $depbase.Tpo -c -o nghttp2_hd_huffman_data.lo nghttp2_hd_huffman_data.c &&\
mv -f $depbase.Tpo $depbase.Plo
libtool: compile:  gcc -DHAVE_CONFIG_H -I. -I.. -I./includes -I./includes -DBUILDING_NGHTTP2 -DHAVE_CONFIG_H -fvisibility=hidden -O2 -mabi=lp64d -march=rv64gc -MT nghttp2_hd_huffman.lo -MD -MP -MF .deps/nghttp2_hd_huffman.Tpo -c nghttp2_hd_huffman.c  -fPIC -DPIC -o .libs/nghttp2_hd_huffman.o
libtool: compile:  gcc -DHAVE_CONFIG_H -I. -I.. -I./includes -I./includes -DBUILDING_NGHTTP2 -DHAVE_CONFIG_H -fvisibility=hidden -O2 -mabi=lp64d -march=rv64gc -MT nghttp2_hd_huffman_data.lo -MD -MP -MF .deps/nghttp2_hd_huffman_data.Tpo -c nghttp2_hd_huffman_data.c  -fPIC -DPIC -o .libs/nghttp2_hd_huffman_data.o
depbase=`echo nghttp2_version.lo | sed 's|[^/]*$|.deps/&|;s|\.lo$||'`;\
/bin/sh ../libtool  --tag=CC   --mode=compile gcc -DHAVE_CONFIG_H -I. -I..  -I./includes -I./includes -DBUILDING_NGHTTP2 -DHAVE_CONFIG_H   -fvisibility=hidden -O2 -mabi=lp64d -march=rv64gc -MT nghttp2_version.lo -MD -MP -MF $depbase.Tpo -c -o nghttp2_version.lo nghttp2_version.c &&\
mv -f $depbase.Tpo $depbase.Plo
depbase=`echo nghttp2_priority_spec.lo | sed 's|[^/]*$|.deps/&|;s|\.lo$||'`;\
/bin/sh ../libtool  --tag=CC   --mode=compile gcc -DHAVE_CONFIG_H -I. -I..  -I./includes -I./includes -DBUILDING_NGHTTP2 -DHAVE_CONFIG_H   -fvisibility=hidden -O2 -mabi=lp64d -march=rv64gc -MT nghttp2_priority_spec.lo -MD -MP -MF $depbase.Tpo -c -o nghttp2_priority_spec.lo nghttp2_priority_spec.c &&\
mv -f $depbase.Tpo $depbase.Plo
libtool: compile:  gcc -DHAVE_CONFIG_H -I. -I.. -I./includes -I./includes -DBUILDING_NGHTTP2 -DHAVE_CONFIG_H -fvisibility=hidden -O2 -mabi=lp64d -march=rv64gc -MT nghttp2_version.lo -MD -MP -MF .deps/nghttp2_version.Tpo -c nghttp2_version.c  -fPIC -DPIC -o .libs/nghttp2_version.o
depbase=`echo nghttp2_option.lo | sed 's|[^/]*$|.deps/&|;s|\.lo$||'`;\
/bin/sh ../libtool  --tag=CC   --mode=compile gcc -DHAVE_CONFIG_H -I. -I..  -I./includes -I./includes -DBUILDING_NGHTTP2 -DHAVE_CONFIG_H   -fvisibility=hidden -O2 -mabi=lp64d -march=rv64gc -MT nghttp2_option.lo -MD -MP -MF $depbase.Tpo -c -o nghttp2_option.lo nghttp2_option.c &&\
mv -f $depbase.Tpo $depbase.Plo
depbase=`echo nghttp2_callbacks.lo | sed 's|[^/]*$|.deps/&|;s|\.lo$||'`;\
/bin/sh ../libtool  --tag=CC   --mode=compile gcc -DHAVE_CONFIG_H -I. -I..  -I./includes -I./includes -DBUILDING_NGHTTP2 -DHAVE_CONFIG_H   -fvisibility=hidden -O2 -mabi=lp64d -march=rv64gc -MT nghttp2_callbacks.lo -MD -MP -MF $depbase.Tpo -c -o nghttp2_callbacks.lo nghttp2_callbacks.c &&\
mv -f $depbase.Tpo $depbase.Plo
depbase=`echo nghttp2_mem.lo | sed 's|[^/]*$|.deps/&|;s|\.lo$||'`;\
/bin/sh ../libtool  --tag=CC   --mode=compile gcc -DHAVE_CONFIG_H -I. -I..  -I./includes -I./includes -DBUILDING_NGHTTP2 -DHAVE_CONFIG_H   -fvisibility=hidden -O2 -mabi=lp64d -march=rv64gc -MT nghttp2_mem.lo -MD -MP -MF $depbase.Tpo -c -o nghttp2_mem.lo nghttp2_mem.c &&\
mv -f $depbase.Tpo $depbase.Plo
libtool: compile:  gcc -DHAVE_CONFIG_H -I. -I.. -I./includes -I./includes -DBUILDING_NGHTTP2 -DHAVE_CONFIG_H -fvisibility=hidden -O2 -mabi=lp64d -march=rv64gc -MT nghttp2_priority_spec.lo -MD -MP -MF .deps/nghttp2_priority_spec.Tpo -c nghttp2_priority_spec.c  -fPIC -DPIC -o .libs/nghttp2_priority_spec.o
libtool: compile:  gcc -DHAVE_CONFIG_H -I. -I.. -I./includes -I./includes -DBUILDING_NGHTTP2 -DHAVE_CONFIG_H -fvisibility=hidden -O2 -mabi=lp64d -march=rv64gc -MT nghttp2_option.lo -MD -MP -MF .deps/nghttp2_option.Tpo -c nghttp2_option.c  -fPIC -DPIC -o .libs/nghttp2_option.o
libtool: compile:  gcc -DHAVE_CONFIG_H -I. -I.. -I./includes -I./includes -DBUILDING_NGHTTP2 -DHAVE_CONFIG_H -fvisibility=hidden -O2 -mabi=lp64d -march=rv64gc -MT nghttp2_callbacks.lo -MD -MP -MF .deps/nghttp2_callbacks.Tpo -c nghttp2_callbacks.c  -fPIC -DPIC -o .libs/nghttp2_callbacks.o
libtool: compile:  gcc -DHAVE_CONFIG_H -I. -I.. -I./includes -I./includes -DBUILDING_NGHTTP2 -DHAVE_CONFIG_H -fvisibility=hidden -O2 -mabi=lp64d -march=rv64gc -MT nghttp2_mem.lo -MD -MP -MF .deps/nghttp2_mem.Tpo -c nghttp2_mem.c  -fPIC -DPIC -o .libs/nghttp2_mem.o
depbase=`echo nghttp2_http.lo | sed 's|[^/]*$|.deps/&|;s|\.lo$||'`;\
/bin/sh ../libtool  --tag=CC   --mode=compile gcc -DHAVE_CONFIG_H -I. -I..  -I./includes -I./includes -DBUILDING_NGHTTP2 -DHAVE_CONFIG_H   -fvisibility=hidden -O2 -mabi=lp64d -march=rv64gc -MT nghttp2_http.lo -MD -MP -MF $depbase.Tpo -c -o nghttp2_http.lo nghttp2_http.c &&\
mv -f $depbase.Tpo $depbase.Plo
depbase=`echo nghttp2_rcbuf.lo | sed 's|[^/]*$|.deps/&|;s|\.lo$||'`;\
/bin/sh ../libtool  --tag=CC   --mode=compile gcc -DHAVE_CONFIG_H -I. -I..  -I./includes -I./includes -DBUILDING_NGHTTP2 -DHAVE_CONFIG_H   -fvisibility=hidden -O2 -mabi=lp64d -march=rv64gc -MT nghttp2_rcbuf.lo -MD -MP -MF $depbase.Tpo -c -o nghttp2_rcbuf.lo nghttp2_rcbuf.c &&\
mv -f $depbase.Tpo $depbase.Plo
libtool: compile:  gcc -DHAVE_CONFIG_H -I. -I.. -I./includes -I./includes -DBUILDING_NGHTTP2 -DHAVE_CONFIG_H -fvisibility=hidden -O2 -mabi=lp64d -march=rv64gc -MT nghttp2_http.lo -MD -MP -MF .deps/nghttp2_http.Tpo -c nghttp2_http.c  -fPIC -DPIC -o .libs/nghttp2_http.o
libtool: compile:  gcc -DHAVE_CONFIG_H -I. -I.. -I./includes -I./includes -DBUILDING_NGHTTP2 -DHAVE_CONFIG_H -fvisibility=hidden -O2 -mabi=lp64d -march=rv64gc -MT nghttp2_rcbuf.lo -MD -MP -MF .deps/nghttp2_rcbuf.Tpo -c nghttp2_rcbuf.c  -fPIC -DPIC -o .libs/nghttp2_rcbuf.o
depbase=`echo nghttp2_extpri.lo | sed 's|[^/]*$|.deps/&|;s|\.lo$||'`;\
/bin/sh ../libtool  --tag=CC   --mode=compile gcc -DHAVE_CONFIG_H -I. -I..  -I./includes -I./includes -DBUILDING_NGHTTP2 -DHAVE_CONFIG_H   -fvisibility=hidden -O2 -mabi=lp64d -march=rv64gc -MT nghttp2_extpri.lo -MD -MP -MF $depbase.Tpo -c -o nghttp2_extpri.lo nghttp2_extpri.c &&\
mv -f $depbase.Tpo $depbase.Plo
depbase=`echo nghttp2_debug.lo | sed 's|[^/]*$|.deps/&|;s|\.lo$||'`;\
/bin/sh ../libtool  --tag=CC   --mode=compile gcc -DHAVE_CONFIG_H -I. -I..  -I./includes -I./includes -DBUILDING_NGHTTP2 -DHAVE_CONFIG_H   -fvisibility=hidden -O2 -mabi=lp64d -march=rv64gc -MT nghttp2_debug.lo -MD -MP -MF $depbase.Tpo -c -o nghttp2_debug.lo nghttp2_debug.c &&\
mv -f $depbase.Tpo $depbase.Plo
libtool: compile:  gcc -DHAVE_CONFIG_H -I. -I.. -I./includes -I./includes -DBUILDING_NGHTTP2 -DHAVE_CONFIG_H -fvisibility=hidden -O2 -mabi=lp64d -march=rv64gc -MT nghttp2_extpri.lo -MD -MP -MF .deps/nghttp2_extpri.Tpo -c nghttp2_extpri.c  -fPIC -DPIC -o .libs/nghttp2_extpri.o
libtool: compile:  gcc -DHAVE_CONFIG_H -I. -I.. -I./includes -I./includes -DBUILDING_NGHTTP2 -DHAVE_CONFIG_H -fvisibility=hidden -O2 -mabi=lp64d -march=rv64gc -MT nghttp2_debug.lo -MD -MP -MF .deps/nghttp2_debug.Tpo -c nghttp2_debug.c  -fPIC -DPIC -o .libs/nghttp2_debug.o
/bin/sh ../libtool  --tag=CC   --mode=link gcc  -fvisibility=hidden -O2 -mabi=lp64d -march=rv64gc  -no-undefined -version-info 38:1:24  -o libnghttp2.la -rpath /usr/lib  nghttp2_pq.lo nghttp2_map.lo nghttp2_queue.lo nghttp2_frame.lo nghttp2_buf.lo nghttp2_stream.lo nghttp2_outbound_item.lo nghttp2_session.lo nghttp2_submit.lo nghttp2_helper.lo nghttp2_npn.lo nghttp2_hd.lo nghttp2_hd_huffman.lo nghttp2_hd_huffman_data.lo nghttp2_version.lo nghttp2_priority_spec.lo nghttp2_option.lo nghttp2_callbacks.lo nghttp2_mem.lo nghttp2_http.lo nghttp2_rcbuf.lo nghttp2_extpri.lo nghttp2_debug.lo  
libtool: link: gcc -shared  -fPIC -DPIC  .libs/nghttp2_pq.o .libs/nghttp2_map.o .libs/nghttp2_queue.o .libs/nghttp2_frame.o .libs/nghttp2_buf.o .libs/nghttp2_stream.o .libs/nghttp2_outbound_item.o .libs/nghttp2_session.o .libs/nghttp2_submit.o .libs/nghttp2_helper.o .libs/nghttp2_npn.o .libs/nghttp2_hd.o .libs/nghttp2_hd_huffman.o .libs/nghttp2_hd_huffman_data.o .libs/nghttp2_version.o .libs/nghttp2_priority_spec.o .libs/nghttp2_option.o .libs/nghttp2_callbacks.o .libs/nghttp2_mem.o .libs/nghttp2_http.o .libs/nghttp2_rcbuf.o .libs/nghttp2_extpri.o .libs/nghttp2_debug.o    -O2 -mabi=lp64d -march=rv64gc   -Wl,-soname -Wl,libnghttp2.so.14 -o .libs/libnghttp2.so.14.24.1
libtool: link: (cd ".libs" && rm -f "libnghttp2.so.14" && ln -s "libnghttp2.so.14.24.1" "libnghttp2.so.14")
libtool: link: (cd ".libs" && rm -f "libnghttp2.so" && ln -s "libnghttp2.so.14.24.1" "libnghttp2.so")
libtool: link: ( cd ".libs" && rm -f "libnghttp2.la" && ln -s "../libnghttp2.la" "libnghttp2.la" )
make[3]: Leaving directory '/home/devel/building/work/src/nghttp2-1.51.0/lib'
make[2]: Leaving directory '/home/devel/building/work/src/nghttp2-1.51.0/lib'
Making all in third-party
make[2]: Entering directory '/home/devel/building/work/src/nghttp2-1.51.0/third-party'
make[2]: Nothing to be done for 'all'.
make[2]: Leaving directory '/home/devel/building/work/src/nghttp2-1.51.0/third-party'
Making all in src
make[2]: Entering directory '/home/devel/building/work/src/nghttp2-1.51.0/src'
Making all in includes
make[3]: Entering directory '/home/devel/building/work/src/nghttp2-1.51.0/src/includes'
make[3]: Nothing to be done for 'all'.
make[3]: Leaving directory '/home/devel/building/work/src/nghttp2-1.51.0/src/includes'
make[3]: Entering directory '/home/devel/building/work/src/nghttp2-1.51.0/src'
make[3]: Nothing to be done for 'all-am'.
make[3]: Leaving directory '/home/devel/building/work/src/nghttp2-1.51.0/src'
make[2]: Leaving directory '/home/devel/building/work/src/nghttp2-1.51.0/src'
Making all in bpf
make[2]: Entering directory '/home/devel/building/work/src/nghttp2-1.51.0/bpf'
make[2]: Nothing to be done for 'all'.
make[2]: Leaving directory '/home/devel/building/work/src/nghttp2-1.51.0/bpf'
Making all in examples
make[2]: Entering directory '/home/devel/building/work/src/nghttp2-1.51.0/examples'
make[2]: Nothing to be done for 'all'.
make[2]: Leaving directory '/home/devel/building/work/src/nghttp2-1.51.0/examples'
Making all in python
make[2]: Entering directory '/home/devel/building/work/src/nghttp2-1.51.0/python'
make[2]: Nothing to be done for 'all'.
make[2]: Leaving directory '/home/devel/building/work/src/nghttp2-1.51.0/python'
Making all in tests
make[2]: Entering directory '/home/devel/building/work/src/nghttp2-1.51.0/tests'
Making all in testdata
make[3]: Entering directory '/home/devel/building/work/src/nghttp2-1.51.0/tests/testdata'
make[3]: Nothing to be done for 'all'.
make[3]: Leaving directory '/home/devel/building/work/src/nghttp2-1.51.0/tests/testdata'
make[3]: Entering directory '/home/devel/building/work/src/nghttp2-1.51.0/tests'
make[3]: Nothing to be done for 'all-am'.
make[3]: Leaving directory '/home/devel/building/work/src/nghttp2-1.51.0/tests'
make[2]: Leaving directory '/home/devel/building/work/src/nghttp2-1.51.0/tests'
Making all in integration-tests
make[2]: Entering directory '/home/devel/building/work/src/nghttp2-1.51.0/integration-tests'
make[2]: Nothing to be done for 'all'.
make[2]: Leaving directory '/home/devel/building/work/src/nghttp2-1.51.0/integration-tests'
Making all in doc
make[2]: Entering directory '/home/devel/building/work/src/nghttp2-1.51.0/doc'
make[2]: Nothing to be done for 'all'.
make[2]: Leaving directory '/home/devel/building/work/src/nghttp2-1.51.0/doc'
Making all in contrib
make[2]: Entering directory '/home/devel/building/work/src/nghttp2-1.51.0/contrib'
rm -f nghttpx-init nghttpx-init.tmp
sed -e 's|@bindir[@]|/usr/bin|g' nghttpx.service.in > nghttpx.service
sed -e 's|@bindir[@]|/usr/bin|g' nghttpx-upstart.conf.in > nghttpx-upstart.conf
sed -e 's|@bindir[@]|/usr/bin|g' nghttpx-init.in > nghttpx-init.tmp
chmod +x nghttpx-init.tmp
mv nghttpx-init.tmp nghttpx-init
make[2]: Leaving directory '/home/devel/building/work/src/nghttp2-1.51.0/contrib'
Making all in script
make[2]: Entering directory '/home/devel/building/work/src/nghttp2-1.51.0/script'
make[2]: Nothing to be done for 'all'.
make[2]: Leaving directory '/home/devel/building/work/src/nghttp2-1.51.0/script'
make[2]: Entering directory '/home/devel/building/work/src/nghttp2-1.51.0'
make[2]: Leaving directory '/home/devel/building/work/src/nghttp2-1.51.0'
make[1]: Leaving directory '/home/devel/building/work/src/nghttp2-1.51.0'
+ make DESTDIR=/home/devel/building/work/pkg install
Making install in lib
make[1]: Entering directory '/home/devel/building/work/src/nghttp2-1.51.0/lib'
Making install in includes
make[2]: Entering directory '/home/devel/building/work/src/nghttp2-1.51.0/lib/includes'
make[3]: Entering directory '/home/devel/building/work/src/nghttp2-1.51.0/lib/includes'
make[3]: Nothing to be done for 'install-exec-am'.
 /bin/mkdir -p '/home/devel/building/work/pkg/usr/include'
 /bin/mkdir -p '/home/devel/building/work/pkg/usr/include/nghttp2'
 /usr/bin/install -c -m 644  nghttp2/nghttp2.h nghttp2/nghttp2ver.h '/home/devel/building/work/pkg/usr/include/nghttp2'
make[3]: Leaving directory '/home/devel/building/work/src/nghttp2-1.51.0/lib/includes'
make[2]: Leaving directory '/home/devel/building/work/src/nghttp2-1.51.0/lib/includes'
make[2]: Entering directory '/home/devel/building/work/src/nghttp2-1.51.0/lib'
make[3]: Entering directory '/home/devel/building/work/src/nghttp2-1.51.0/lib'
 /bin/mkdir -p '/home/devel/building/work/pkg/usr/lib'
 /bin/mkdir -p '/home/devel/building/work/pkg/usr/lib/pkgconfig'
 /bin/sh ../libtool   --mode=install /usr/bin/install -c   libnghttp2.la '/home/devel/building/work/pkg/usr/lib'
 /usr/bin/install -c -m 644 libnghttp2.pc '/home/devel/building/work/pkg/usr/lib/pkgconfig'
libtool: install: /usr/bin/install -c .libs/libnghttp2.so.14.24.1 /home/devel/building/work/pkg/usr/lib/libnghttp2.so.14.24.1
libtool: install: (cd /home/devel/building/work/pkg/usr/lib && { ln -s -f libnghttp2.so.14.24.1 libnghttp2.so.14 || { rm -f libnghttp2.so.14 && ln -s libnghttp2.so.14.24.1 libnghttp2.so.14; }; })
libtool: install: (cd /home/devel/building/work/pkg/usr/lib && { ln -s -f libnghttp2.so.14.24.1 libnghttp2.so || { rm -f libnghttp2.so && ln -s libnghttp2.so.14.24.1 libnghttp2.so; }; })
libtool: install: /usr/bin/install -c .libs/libnghttp2.lai /home/devel/building/work/pkg/usr/lib/libnghttp2.la
libtool: warning: remember to run 'libtool --finish /usr/lib'
make[3]: Leaving directory '/home/devel/building/work/src/nghttp2-1.51.0/lib'
make[2]: Leaving directory '/home/devel/building/work/src/nghttp2-1.51.0/lib'
make[1]: Leaving directory '/home/devel/building/work/src/nghttp2-1.51.0/lib'
Making install in third-party
make[1]: Entering directory '/home/devel/building/work/src/nghttp2-1.51.0/third-party'
make[2]: Entering directory '/home/devel/building/work/src/nghttp2-1.51.0/third-party'
make[2]: Nothing to be done for 'install-exec-am'.
make[2]: Nothing to be done for 'install-data-am'.
make[2]: Leaving directory '/home/devel/building/work/src/nghttp2-1.51.0/third-party'
make[1]: Leaving directory '/home/devel/building/work/src/nghttp2-1.51.0/third-party'
Making install in src
make[1]: Entering directory '/home/devel/building/work/src/nghttp2-1.51.0/src'
Making install in includes
make[2]: Entering directory '/home/devel/building/work/src/nghttp2-1.51.0/src/includes'
make[3]: Entering directory '/home/devel/building/work/src/nghttp2-1.51.0/src/includes'
make[3]: Nothing to be done for 'install-exec-am'.
make[3]: Leaving directory '/home/devel/building/work/src/nghttp2-1.51.0/src/includes'
make[2]: Leaving directory '/home/devel/building/work/src/nghttp2-1.51.0/src/includes'
make[2]: Entering directory '/home/devel/building/work/src/nghttp2-1.51.0/src'
make[3]: Entering directory '/home/devel/building/work/src/nghttp2-1.51.0/src'
 /bin/mkdir -p '/home/devel/building/work/pkg/usr/bin'
make[3]: Leaving directory '/home/devel/building/work/src/nghttp2-1.51.0/src'
make[2]: Leaving directory '/home/devel/building/work/src/nghttp2-1.51.0/src'
make[1]: Leaving directory '/home/devel/building/work/src/nghttp2-1.51.0/src'
Making install in bpf
make[1]: Entering directory '/home/devel/building/work/src/nghttp2-1.51.0/bpf'
make[2]: Entering directory '/home/devel/building/work/src/nghttp2-1.51.0/bpf'
make[2]: Nothing to be done for 'install-exec-am'.
make[2]: Leaving directory '/home/devel/building/work/src/nghttp2-1.51.0/bpf'
make[1]: Leaving directory '/home/devel/building/work/src/nghttp2-1.51.0/bpf'
Making install in examples
make[1]: Entering directory '/home/devel/building/work/src/nghttp2-1.51.0/examples'
make[2]: Entering directory '/home/devel/building/work/src/nghttp2-1.51.0/examples'
make[2]: Nothing to be done for 'install-exec-am'.
make[2]: Nothing to be done for 'install-data-am'.
make[2]: Leaving directory '/home/devel/building/work/src/nghttp2-1.51.0/examples'
make[1]: Leaving directory '/home/devel/building/work/src/nghttp2-1.51.0/examples'
Making install in python
make[1]: Entering directory '/home/devel/building/work/src/nghttp2-1.51.0/python'
make[2]: Entering directory '/home/devel/building/work/src/nghttp2-1.51.0/python'
make[2]: Nothing to be done for 'install-exec-am'.
make[2]: Nothing to be done for 'install-data-am'.
make[2]: Leaving directory '/home/devel/building/work/src/nghttp2-1.51.0/python'
make[1]: Leaving directory '/home/devel/building/work/src/nghttp2-1.51.0/python'
Making install in tests
make[1]: Entering directory '/home/devel/building/work/src/nghttp2-1.51.0/tests'
Making install in testdata
make[2]: Entering directory '/home/devel/building/work/src/nghttp2-1.51.0/tests/testdata'
make[3]: Entering directory '/home/devel/building/work/src/nghttp2-1.51.0/tests/testdata'
make[3]: Nothing to be done for 'install-exec-am'.
make[3]: Nothing to be done for 'install-data-am'.
make[3]: Leaving directory '/home/devel/building/work/src/nghttp2-1.51.0/tests/testdata'
make[2]: Leaving directory '/home/devel/building/work/src/nghttp2-1.51.0/tests/testdata'
make[2]: Entering directory '/home/devel/building/work/src/nghttp2-1.51.0/tests'
make[3]: Entering directory '/home/devel/building/work/src/nghttp2-1.51.0/tests'
make[3]: Nothing to be done for 'install-exec-am'.
make[3]: Nothing to be done for 'install-data-am'.
make[3]: Leaving directory '/home/devel/building/work/src/nghttp2-1.51.0/tests'
make[2]: Leaving directory '/home/devel/building/work/src/nghttp2-1.51.0/tests'
make[1]: Leaving directory '/home/devel/building/work/src/nghttp2-1.51.0/tests'
Making install in integration-tests
make[1]: Entering directory '/home/devel/building/work/src/nghttp2-1.51.0/integration-tests'
make[2]: Entering directory '/home/devel/building/work/src/nghttp2-1.51.0/integration-tests'
make[2]: Nothing to be done for 'install-exec-am'.
make[2]: Nothing to be done for 'install-data-am'.
make[2]: Leaving directory '/home/devel/building/work/src/nghttp2-1.51.0/integration-tests'
make[1]: Leaving directory '/home/devel/building/work/src/nghttp2-1.51.0/integration-tests'
Making install in doc
make[1]: Entering directory '/home/devel/building/work/src/nghttp2-1.51.0/doc'
make[2]: Entering directory '/home/devel/building/work/src/nghttp2-1.51.0/doc'
make[2]: Nothing to be done for 'install-exec-am'.
 /bin/mkdir -p '/home/devel/building/work/pkg/usr/share/man/man1'
 /usr/bin/install -c -m 644 nghttp.1 nghttpd.1 nghttpx.1 h2load.1 '/home/devel/building/work/pkg/usr/share/man/man1'
make[2]: Leaving directory '/home/devel/building/work/src/nghttp2-1.51.0/doc'
make[1]: Leaving directory '/home/devel/building/work/src/nghttp2-1.51.0/doc'
Making install in contrib
make[1]: Entering directory '/home/devel/building/work/src/nghttp2-1.51.0/contrib'
make[2]: Entering directory '/home/devel/building/work/src/nghttp2-1.51.0/contrib'
make[2]: Nothing to be done for 'install-exec-am'.
make[2]: Nothing to be done for 'install-data-am'.
make[2]: Leaving directory '/home/devel/building/work/src/nghttp2-1.51.0/contrib'
make[1]: Leaving directory '/home/devel/building/work/src/nghttp2-1.51.0/contrib'
Making install in script
make[1]: Entering directory '/home/devel/building/work/src/nghttp2-1.51.0/script'
make[2]: Entering directory '/home/devel/building/work/src/nghttp2-1.51.0/script'
make[2]: Nothing to be done for 'install-exec-am'.
 /bin/mkdir -p '/home/devel/building/work/pkg/usr/share/nghttp2'
 /usr/bin/install -c fetch-ocsp-response '/home/devel/building/work/pkg/usr/share/nghttp2'
make[2]: Leaving directory '/home/devel/building/work/src/nghttp2-1.51.0/script'
make[1]: Leaving directory '/home/devel/building/work/src/nghttp2-1.51.0/script'
make[1]: Entering directory '/home/devel/building/work/src/nghttp2-1.51.0'
make[2]: Entering directory '/home/devel/building/work/src/nghttp2-1.51.0'
make[2]: Nothing to be done for 'install-exec-am'.
 /bin/mkdir -p '/home/devel/building/work/pkg/usr/share/doc/nghttp2'
 /usr/bin/install -c -m 644 README.rst '/home/devel/building/work/pkg/usr/share/doc/nghttp2'
make[2]: Leaving directory '/home/devel/building/work/src/nghttp2-1.51.0'
make[1]: Leaving directory '/home/devel/building/work/src/nghttp2-1.51.0'
+ rm -r /home/devel/building/work/pkg/usr/share/doc /home/devel/building/work/pkg/usr/share/man
+ find /home/devel/building/work/pkg -type f -name '*.la' -delete
=======> Build result:
drwxr-xr-x  0 root   root        0 Feb 21 19:40 usr/
drwxr-xr-x  0 root   root        0 Feb 21 19:40 usr/share/
drwxr-xr-x  0 root   root        0 Feb 21 19:40 usr/bin/
drwxr-xr-x  0 root   root        0 Feb 21 19:40 usr/lib/
drwxr-xr-x  0 root   root        0 Feb 21 19:40 usr/include/
drwxr-xr-x  0 root   root        0 Feb 21 19:40 usr/include/nghttp2/
-rw-r--r--  0 root   root     1605 Feb 21 19:40 usr/include/nghttp2/nghttp2ver.h
-rw-r--r--  0 root   root   204305 Feb 21 19:40 usr/include/nghttp2/nghttp2.h
lrwxrwxrwx  0 root   root        0 Feb 21 19:40 usr/lib/libnghttp2.so -> libnghttp2.so.14.24.1
lrwxrwxrwx  0 root   root        0 Feb 21 19:40 usr/lib/libnghttp2.so.14 -> libnghttp2.so.14.24.1
-rwxr-xr-x  0 root   root   162144 Feb 21 19:40 usr/lib/libnghttp2.so.14.24.1
drwxr-xr-x  0 root   root        0 Feb 21 19:40 usr/lib/pkgconfig/
-rw-r--r--  0 root   root     1382 Feb 21 19:40 usr/lib/pkgconfig/libnghttp2.pc
drwxr-xr-x  0 root   root        0 Feb 21 19:40 usr/share/nghttp2/
-rwxr-xr-x  0 root   root     8987 Feb 21 19:40 usr/share/nghttp2/fetch-ocsp-response
=======> Building '/home/devel/packages/libnghttp2#1.51.0-1.riscv64.pkg.tar.zst' succeeded.
prt-get: Using PKGMK_PACKAGE_DIR: /home/devel/packages
prt-get: reinstalling libnghttp2 1.51.0-1
prt-get: /usr/bin/pkgadd -u libnghttp2#1.51.0-1.riscv64.pkg.tar.zst
prt-get: build done Tue Feb 21 19:40:26 2023

