prt-get: updating /usr/ports/core-riscv64/dhcpcd
prt-get: starting build Tue Feb 21 14:28:11 2023
=======> Building '/home/devel/packages/dhcpcd#9.99.0-1-20221017.riscv64.pkg.tar.zst'.
bsdtar -p -o -C /home/devel/building/work/src -xf /home/devel/sources/dhcpcd-6a9994bbf00712ace77a835cb7e45558383be673.tar.gz
cp dhcpcd-sv.conf /home/devel/building/work/src
cp dhcpcd.run /home/devel/building/work/src
+ build
+ cd dhcpcd-6a9994bbf00712ace77a835cb7e45558383be673
+ ./configure --prefix= --libexecdir=/lib/dhcpcd --dbdir=/var/lib/dhcpcd --sysconfdir=/etc/dhcpcd --runstatedir=/run --enable-privsep --privsepuser=dhcpcd
configure args: --prefix= --libexecdir=/lib/dhcpcd --dbdir=/var/lib/dhcpcd --sysconfdir=/etc/dhcpcd --runstatedir=/run --enable-privsep --privsepuser=dhcpcd
Deriving operating system from ... riscv64-unknown-linux
Configuring dhcpcd for ... linux
Enabling INET support
Enabling ARP support
Enabling ARPing support
Enabling IPv4LL support
Enabling INET6 support
Enabling DHCPv6 support
Enabling Authentication
Enabling Privilege Separation
dhcpcd
Using compiler .. cc
cc (SAUX-RISCV64) 13.0.1 20230219 (experimental)
Testing for capsicum ... no
Testing for pledge ... no
dhcpcd-definitions.conf will be embedded in dhcpcd itself
Testing for nl80211 ... yes
Testing for IN6_ADDR_GEN_MODE_NONE ... yes
Testing for getifaddrs ... yes
Testing for ifaddrs.ifa_addrflags ... no
Testing for clock_gettime ... yes
Testing ioctl request type ... unsigned long
Testing for inet_ntoa ... yes
Testing for arc4random ... yes
Testing for arc4random_uniform ... yes
Testing for open_memstream ... yes
Testing for pidfile_lock ... no
Testing for setproctitle ... no
Testing for strlcpy ... no
Testing for strtoi ... no
Testing for consttime_memequal ... no
Testing for dprintf ... yes
Testing for TAILQ_FOREACH_SAFE ... no
Testing for TAILQ_FOREACH_MUTABLE ... no
Testing for TAILQ_CONCAT ...yes
Testing for rb_tree_init ... no
Testing for reallocarray ... yes
Testing for ppoll ... yes
Testing for be64enc ... no
Testing for fls64 ... no
Testing for MD5Init ... no
Testing for sha2.h ... no
Testing for SHA256_Init ... no
Testing for SHA256Init ... no
Testing for hmac ... no
Checking for libudev ... yes
Checking udev_monitor_filter_add_match_subsystem_devtype ... yes
Checking udev_device_get_is_initialized ... yes
Testing for dlopen ... yes
Checking for ntpd ... not found
Checking for chronyd ... /usr/sbin/chronyd (50-ntp.conf)
Checking for timesyncd ... not found
Checking for ypbind ... not found
Assuming ypbind is Linux

   SYSCONFDIR =		/etc/dhcpcd
   SBINDIR =		/sbin
   LIBDIR =		/lib
   LIBEXECDIR =		/lib/dhcpcd
   DBDIR =		/var/lib/dhcpcd
   RUNDIR =		/run/dhcpcd
   MANDIR =		/usr/share/man
   DATADIR =		/usr/share
   HOOKSCRIPTS =	50-ntp.conf
   EGHOOKSCRIPTS =	50-yp.conf
   STATUSARG =		
   PRIVSEPUSER =	dhcpcd

+ make V=1
for x in src hooks; do cd $x; /usr/bin/make all || exit $?; cd ..; done
make[1]: Entering directory '/home/devel/building/work/src/dhcpcd-6a9994bbf00712ace77a835cb7e45558383be673/src'
Makefile:55: warning: ignoring prerequisites on suffix rule definition
cc -O2 -mabi=lp64d -march=rv64gc -std=c99 -DHAVE_CONFIG_H -DNDEBUG -D_GNU_SOURCE -D_FILE_OFFSET_BITS=64 -D_LARGEFILE_SOURCE -D_LARGEFILE64_SOURCE -DINET -DARP -DARPING -DIPV4LL -DINET6 -DDHCP6 -DAUTH -DPRIVSEP -DPLUGIN_DEV -I.. -I../src -I./crypt -c common.c -o common.o
cc -O2 -mabi=lp64d -march=rv64gc -std=c99 -DHAVE_CONFIG_H -DNDEBUG -D_GNU_SOURCE -D_FILE_OFFSET_BITS=64 -D_LARGEFILE_SOURCE -D_LARGEFILE64_SOURCE -DINET -DARP -DARPING -DIPV4LL -DINET6 -DDHCP6 -DAUTH -DPRIVSEP -DPLUGIN_DEV -I.. -I../src -I./crypt -c control.c -o control.o
cc -O2 -mabi=lp64d -march=rv64gc -std=c99 -DHAVE_CONFIG_H -DNDEBUG -D_GNU_SOURCE -D_FILE_OFFSET_BITS=64 -D_LARGEFILE_SOURCE -D_LARGEFILE64_SOURCE -DINET -DARP -DARPING -DIPV4LL -DINET6 -DDHCP6 -DAUTH -DPRIVSEP -DPLUGIN_DEV -I.. -I../src -I./crypt -c dhcpcd.c -o dhcpcd.o
cc -O2 -mabi=lp64d -march=rv64gc -std=c99 -DHAVE_CONFIG_H -DNDEBUG -D_GNU_SOURCE -D_FILE_OFFSET_BITS=64 -D_LARGEFILE_SOURCE -D_LARGEFILE64_SOURCE -DINET -DARP -DARPING -DIPV4LL -DINET6 -DDHCP6 -DAUTH -DPRIVSEP -DPLUGIN_DEV -I.. -I../src -I./crypt -c duid.c -o duid.o
cc -O2 -mabi=lp64d -march=rv64gc -std=c99 -DHAVE_CONFIG_H -DNDEBUG -D_GNU_SOURCE -D_FILE_OFFSET_BITS=64 -D_LARGEFILE_SOURCE -D_LARGEFILE64_SOURCE -DINET -DARP -DARPING -DIPV4LL -DINET6 -DDHCP6 -DAUTH -DPRIVSEP -DPLUGIN_DEV -I.. -I../src -I./crypt -c eloop.c -o eloop.o
cc -O2 -mabi=lp64d -march=rv64gc -std=c99 -DHAVE_CONFIG_H -DNDEBUG -D_GNU_SOURCE -D_FILE_OFFSET_BITS=64 -D_LARGEFILE_SOURCE -D_LARGEFILE64_SOURCE -DINET -DARP -DARPING -DIPV4LL -DINET6 -DDHCP6 -DAUTH -DPRIVSEP -DPLUGIN_DEV -I.. -I../src -I./crypt -c logerr.c -o logerr.o
cc -O2 -mabi=lp64d -march=rv64gc -std=c99 -DHAVE_CONFIG_H -DNDEBUG -D_GNU_SOURCE -D_FILE_OFFSET_BITS=64 -D_LARGEFILE_SOURCE -D_LARGEFILE64_SOURCE -DINET -DARP -DARPING -DIPV4LL -DINET6 -DDHCP6 -DAUTH -DPRIVSEP -DPLUGIN_DEV -I.. -I../src -I./crypt -c if.c -o if.o
/bin/sh  genembedh dhcpcd-definitions.conf dhcpcd-definitions-small.conf dhcpcd-embedded.h.in > dhcpcd-embedded.h
cc -O2 -mabi=lp64d -march=rv64gc -std=c99 -DHAVE_CONFIG_H -DNDEBUG -D_GNU_SOURCE -D_FILE_OFFSET_BITS=64 -D_LARGEFILE_SOURCE -D_LARGEFILE64_SOURCE -DINET -DARP -DARPING -DIPV4LL -DINET6 -DDHCP6 -DAUTH -DPRIVSEP -DPLUGIN_DEV -I.. -I../src -I./crypt -c sa.c -o sa.o
cc -O2 -mabi=lp64d -march=rv64gc -std=c99 -DHAVE_CONFIG_H -DNDEBUG -D_GNU_SOURCE -D_FILE_OFFSET_BITS=64 -D_LARGEFILE_SOURCE -D_LARGEFILE64_SOURCE -DINET -DARP -DARPING -DIPV4LL -DINET6 -DDHCP6 -DAUTH -DPRIVSEP -DPLUGIN_DEV -I.. -I../src -I./crypt -c route.c -o route.o
cc -O2 -mabi=lp64d -march=rv64gc -std=c99 -DHAVE_CONFIG_H -DNDEBUG -D_GNU_SOURCE -D_FILE_OFFSET_BITS=64 -D_LARGEFILE_SOURCE -D_LARGEFILE64_SOURCE -DINET -DARP -DARPING -DIPV4LL -DINET6 -DDHCP6 -DAUTH -DPRIVSEP -DPLUGIN_DEV -I.. -I../src -I./crypt -c dhcp-common.c -o dhcp-common.o
cc -O2 -mabi=lp64d -march=rv64gc -std=c99 -DHAVE_CONFIG_H -DNDEBUG -D_GNU_SOURCE -D_FILE_OFFSET_BITS=64 -D_LARGEFILE_SOURCE -D_LARGEFILE64_SOURCE -DINET -DARP -DARPING -DIPV4LL -DINET6 -DDHCP6 -DAUTH -DPRIVSEP -DPLUGIN_DEV -I.. -I../src -I./crypt -c script.c -o script.o
cc -O2 -mabi=lp64d -march=rv64gc -std=c99 -DHAVE_CONFIG_H -DNDEBUG -D_GNU_SOURCE -D_FILE_OFFSET_BITS=64 -D_LARGEFILE_SOURCE -D_LARGEFILE64_SOURCE -DINET -DARP -DARPING -DIPV4LL -DINET6 -DDHCP6 -DAUTH -DPRIVSEP -DPLUGIN_DEV -I.. -I../src -I./crypt -c auth.c -o auth.o
cc -O2 -mabi=lp64d -march=rv64gc -std=c99 -DHAVE_CONFIG_H -DNDEBUG -D_GNU_SOURCE -D_FILE_OFFSET_BITS=64 -D_LARGEFILE_SOURCE -D_LARGEFILE64_SOURCE -DINET -DARP -DARPING -DIPV4LL -DINET6 -DDHCP6 -DAUTH -DPRIVSEP -DPLUGIN_DEV -I.. -I../src -I./crypt -c if-linux.c -o if-linux.o
cc -O2 -mabi=lp64d -march=rv64gc -std=c99 -DHAVE_CONFIG_H -DNDEBUG -D_GNU_SOURCE -D_FILE_OFFSET_BITS=64 -D_LARGEFILE_SOURCE -D_LARGEFILE64_SOURCE -DINET -DARP -DARPING -DIPV4LL -DINET6 -DDHCP6 -DAUTH -DPRIVSEP -DPLUGIN_DEV -I.. -I../src -I./crypt -c dhcp.c -o dhcp.o
cc -O2 -mabi=lp64d -march=rv64gc -std=c99 -DHAVE_CONFIG_H -DNDEBUG -D_GNU_SOURCE -D_FILE_OFFSET_BITS=64 -D_LARGEFILE_SOURCE -D_LARGEFILE64_SOURCE -DINET -DARP -DARPING -DIPV4LL -DINET6 -DDHCP6 -DAUTH -DPRIVSEP -DPLUGIN_DEV -I.. -I../src -I./crypt -c ipv4.c -o ipv4.o
cc -O2 -mabi=lp64d -march=rv64gc -std=c99 -DHAVE_CONFIG_H -DNDEBUG -D_GNU_SOURCE -D_FILE_OFFSET_BITS=64 -D_LARGEFILE_SOURCE -D_LARGEFILE64_SOURCE -DINET -DARP -DARPING -DIPV4LL -DINET6 -DDHCP6 -DAUTH -DPRIVSEP -DPLUGIN_DEV -I.. -I../src -I./crypt -c bpf.c -o bpf.o
cc -O2 -mabi=lp64d -march=rv64gc -std=c99 -DHAVE_CONFIG_H -DNDEBUG -D_GNU_SOURCE -D_FILE_OFFSET_BITS=64 -D_LARGEFILE_SOURCE -D_LARGEFILE64_SOURCE -DINET -DARP -DARPING -DIPV4LL -DINET6 -DDHCP6 -DAUTH -DPRIVSEP -DPLUGIN_DEV -I.. -I../src -I./crypt -c arp.c -o arp.o
bpf.c: In function 'bpf_bootp':
bpf.c:708:2: warning: #warning A compromised PF_PACKET socket can be used as a raw socket [-Wcpp]
  708 | #warning A compromised PF_PACKET socket can be used as a raw socket
      |  ^~~~~~~
cc -O2 -mabi=lp64d -march=rv64gc -std=c99 -DHAVE_CONFIG_H -DNDEBUG -D_GNU_SOURCE -D_FILE_OFFSET_BITS=64 -D_LARGEFILE_SOURCE -D_LARGEFILE64_SOURCE -DINET -DARP -DARPING -DIPV4LL -DINET6 -DDHCP6 -DAUTH -DPRIVSEP -DPLUGIN_DEV -I.. -I../src -I./crypt -c ipv4ll.c -o ipv4ll.o
cc -O2 -mabi=lp64d -march=rv64gc -std=c99 -DHAVE_CONFIG_H -DNDEBUG -D_GNU_SOURCE -D_FILE_OFFSET_BITS=64 -D_LARGEFILE_SOURCE -D_LARGEFILE64_SOURCE -DINET -DARP -DARPING -DIPV4LL -DINET6 -DDHCP6 -DAUTH -DPRIVSEP -DPLUGIN_DEV -I.. -I../src -I./crypt -c ipv6.c -o ipv6.o
cc -O2 -mabi=lp64d -march=rv64gc -std=c99 -DHAVE_CONFIG_H -DNDEBUG -D_GNU_SOURCE -D_FILE_OFFSET_BITS=64 -D_LARGEFILE_SOURCE -D_LARGEFILE64_SOURCE -DINET -DARP -DARPING -DIPV4LL -DINET6 -DDHCP6 -DAUTH -DPRIVSEP -DPLUGIN_DEV -I.. -I../src -I./crypt -c ipv6nd.c -o ipv6nd.o
cc -O2 -mabi=lp64d -march=rv64gc -std=c99 -DHAVE_CONFIG_H -DNDEBUG -D_GNU_SOURCE -D_FILE_OFFSET_BITS=64 -D_LARGEFILE_SOURCE -D_LARGEFILE64_SOURCE -DINET -DARP -DARPING -DIPV4LL -DINET6 -DDHCP6 -DAUTH -DPRIVSEP -DPLUGIN_DEV -I.. -I../src -I./crypt -c dhcp6.c -o dhcp6.o
/bin/sh  genembedc dhcpcd-definitions.conf dhcpcd-definitions-small.conf dhcpcd-embedded.c.in > dhcpcd-embedded.c
cc -O2 -mabi=lp64d -march=rv64gc -std=c99 -DHAVE_CONFIG_H -DNDEBUG -D_GNU_SOURCE -D_FILE_OFFSET_BITS=64 -D_LARGEFILE_SOURCE -D_LARGEFILE64_SOURCE -DINET -DARP -DARPING -DIPV4LL -DINET6 -DDHCP6 -DAUTH -DPRIVSEP -DPLUGIN_DEV -I.. -I../src -I./crypt -c dev.c -o dev.o
cc -O2 -mabi=lp64d -march=rv64gc -std=c99 -DHAVE_CONFIG_H -DNDEBUG -D_GNU_SOURCE -D_FILE_OFFSET_BITS=64 -D_LARGEFILE_SOURCE -D_LARGEFILE64_SOURCE -DINET -DARP -DARPING -DIPV4LL -DINET6 -DDHCP6 -DAUTH -DPRIVSEP -DPLUGIN_DEV -I.. -I../src -I./crypt -c privsep.c -o privsep.o
cc -O2 -mabi=lp64d -march=rv64gc -std=c99 -DHAVE_CONFIG_H -DNDEBUG -D_GNU_SOURCE -D_FILE_OFFSET_BITS=64 -D_LARGEFILE_SOURCE -D_LARGEFILE64_SOURCE -DINET -DARP -DARPING -DIPV4LL -DINET6 -DDHCP6 -DAUTH -DPRIVSEP -DPLUGIN_DEV -I.. -I../src -I./crypt -c privsep-root.c -o privsep-root.o
cc -O2 -mabi=lp64d -march=rv64gc -std=c99 -DHAVE_CONFIG_H -DNDEBUG -D_GNU_SOURCE -D_FILE_OFFSET_BITS=64 -D_LARGEFILE_SOURCE -D_LARGEFILE64_SOURCE -DINET -DARP -DARPING -DIPV4LL -DINET6 -DDHCP6 -DAUTH -DPRIVSEP -DPLUGIN_DEV -I.. -I../src -I./crypt -c privsep-control.c -o privsep-control.o
cc -O2 -mabi=lp64d -march=rv64gc -std=c99 -DHAVE_CONFIG_H -DNDEBUG -D_GNU_SOURCE -D_FILE_OFFSET_BITS=64 -D_LARGEFILE_SOURCE -D_LARGEFILE64_SOURCE -DINET -DARP -DARPING -DIPV4LL -DINET6 -DDHCP6 -DAUTH -DPRIVSEP -DPLUGIN_DEV -I.. -I../src -I./crypt -c privsep-inet.c -o privsep-inet.o
cc -O2 -mabi=lp64d -march=rv64gc -std=c99 -DHAVE_CONFIG_H -DNDEBUG -D_GNU_SOURCE -D_FILE_OFFSET_BITS=64 -D_LARGEFILE_SOURCE -D_LARGEFILE64_SOURCE -DINET -DARP -DARPING -DIPV4LL -DINET6 -DDHCP6 -DAUTH -DPRIVSEP -DPLUGIN_DEV -I.. -I../src -I./crypt -c privsep-bpf.c -o privsep-bpf.o
cc -O2 -mabi=lp64d -march=rv64gc -std=c99 -DHAVE_CONFIG_H -DNDEBUG -D_GNU_SOURCE -D_FILE_OFFSET_BITS=64 -D_LARGEFILE_SOURCE -D_LARGEFILE64_SOURCE -DINET -DARP -DARPING -DIPV4LL -DINET6 -DDHCP6 -DAUTH -DPRIVSEP -DPLUGIN_DEV -I.. -I../src -I./crypt -c privsep-linux.c -o privsep-linux.o
cc -O2 -mabi=lp64d -march=rv64gc -std=c99 -DHAVE_CONFIG_H -DNDEBUG -D_GNU_SOURCE -D_FILE_OFFSET_BITS=64 -D_LARGEFILE_SOURCE -D_LARGEFILE64_SOURCE -DINET -DARP -DARPING -DIPV4LL -DINET6 -DDHCP6 -DAUTH -DPRIVSEP -DPLUGIN_DEV -I.. -I../src -I./crypt -c ../compat/crypt/hmac.c -o ../compat/crypt/hmac.o
cc -O2 -mabi=lp64d -march=rv64gc -std=c99 -DHAVE_CONFIG_H -DNDEBUG -D_GNU_SOURCE -D_FILE_OFFSET_BITS=64 -D_LARGEFILE_SOURCE -D_LARGEFILE64_SOURCE -DINET -DARP -DARPING -DIPV4LL -DINET6 -DDHCP6 -DAUTH -DPRIVSEP -DPLUGIN_DEV -I.. -I../src -I./crypt -c ../compat/crypt/md5.c -o ../compat/crypt/md5.o
cc -O2 -mabi=lp64d -march=rv64gc -std=c99 -DHAVE_CONFIG_H -DNDEBUG -D_GNU_SOURCE -D_FILE_OFFSET_BITS=64 -D_LARGEFILE_SOURCE -D_LARGEFILE64_SOURCE -DINET -DARP -DARPING -DIPV4LL -DINET6 -DDHCP6 -DAUTH -DPRIVSEP -DPLUGIN_DEV -I.. -I../src -I./crypt -c ../compat/crypt/sha256.c -o ../compat/crypt/sha256.o
cc -O2 -mabi=lp64d -march=rv64gc -std=c99 -DHAVE_CONFIG_H -DNDEBUG -D_GNU_SOURCE -D_FILE_OFFSET_BITS=64 -D_LARGEFILE_SOURCE -D_LARGEFILE64_SOURCE -DINET -DARP -DARPING -DIPV4LL -DINET6 -DDHCP6 -DAUTH -DPRIVSEP -DPLUGIN_DEV -I.. -I../src -I./crypt -c ../compat/pidfile.c -o ../compat/pidfile.o
cc -O2 -mabi=lp64d -march=rv64gc -std=c99 -DHAVE_CONFIG_H -DNDEBUG -D_GNU_SOURCE -D_FILE_OFFSET_BITS=64 -D_LARGEFILE_SOURCE -D_LARGEFILE64_SOURCE -DINET -DARP -DARPING -DIPV4LL -DINET6 -DDHCP6 -DAUTH -DPRIVSEP -DPLUGIN_DEV -I.. -I../src -I./crypt -c ../compat/setproctitle.c -o ../compat/setproctitle.o
cc -O2 -mabi=lp64d -march=rv64gc -std=c99 -DHAVE_CONFIG_H -DNDEBUG -D_GNU_SOURCE -D_FILE_OFFSET_BITS=64 -D_LARGEFILE_SOURCE -D_LARGEFILE64_SOURCE -DINET -DARP -DARPING -DIPV4LL -DINET6 -DDHCP6 -DAUTH -DPRIVSEP -DPLUGIN_DEV -I.. -I../src -I./crypt -c ../compat/strlcpy.c -o ../compat/strlcpy.o
cc -O2 -mabi=lp64d -march=rv64gc -std=c99 -DHAVE_CONFIG_H -DNDEBUG -D_GNU_SOURCE -D_FILE_OFFSET_BITS=64 -D_LARGEFILE_SOURCE -D_LARGEFILE64_SOURCE -DINET -DARP -DARPING -DIPV4LL -DINET6 -DDHCP6 -DAUTH -DPRIVSEP -DPLUGIN_DEV -I.. -I../src -I./crypt -c ../compat/strtoi.c -o ../compat/strtoi.o
cc -O2 -mabi=lp64d -march=rv64gc -std=c99 -DHAVE_CONFIG_H -DNDEBUG -D_GNU_SOURCE -D_FILE_OFFSET_BITS=64 -D_LARGEFILE_SOURCE -D_LARGEFILE64_SOURCE -DINET -DARP -DARPING -DIPV4LL -DINET6 -DDHCP6 -DAUTH -DPRIVSEP -DPLUGIN_DEV -I.. -I../src -I./crypt -c ../compat/strtou.c -o ../compat/strtou.o
cc -O2 -mabi=lp64d -march=rv64gc -std=c99 -DHAVE_CONFIG_H -DNDEBUG -D_GNU_SOURCE -D_FILE_OFFSET_BITS=64 -D_LARGEFILE_SOURCE -D_LARGEFILE64_SOURCE -DINET -DARP -DARPING -DIPV4LL -DINET6 -DDHCP6 -DAUTH -DPRIVSEP -DPLUGIN_DEV -I.. -I../src -I./crypt -c ../compat/rb.c -o ../compat/rb.o
sed -e 's:@RUNDIR@:/run/dhcpcd:g' -e 's:@DBDIR@:/var/lib/dhcpcd:g' -e 's:@LIBDIR@:/lib:g' -e 's:@HOOKDIR@:/lib/dhcpcd/dhcpcd-hooks:g' \
	-e 's:@SYSCONFDIR@:/etc/dhcpcd:g' -e 's:@SCRIPT@:/lib/dhcpcd/dhcpcd-run-hooks:g' -e 's:@DATADIR@:/usr/share:g' \
	-e 's:@SERVICEEXISTS@::g' -e 's:@SERVICECMD@::g' -e 's:@SERVICESTATUS@::g' \
	-e 's:@STATUSARG@::g' \
	dhcpcd.conf.5.in > dhcpcd.conf.5
sed -e 's:@RUNDIR@:/run/dhcpcd:g' -e 's:@DBDIR@:/var/lib/dhcpcd:g' -e 's:@LIBDIR@:/lib:g' -e 's:@HOOKDIR@:/lib/dhcpcd/dhcpcd-hooks:g' \
	-e 's:@SYSCONFDIR@:/etc/dhcpcd:g' -e 's:@SCRIPT@:/lib/dhcpcd/dhcpcd-run-hooks:g' -e 's:@DATADIR@:/usr/share:g' \
	-e 's:@SERVICEEXISTS@::g' -e 's:@SERVICECMD@::g' -e 's:@SERVICESTATUS@::g' \
	-e 's:@STATUSARG@::g' \
	dhcpcd.8.in > dhcpcd.8
cc -O2 -mabi=lp64d -march=rv64gc -std=c99 -DHAVE_CONFIG_H -DNDEBUG -D_GNU_SOURCE -D_FILE_OFFSET_BITS=64 -D_LARGEFILE_SOURCE -D_LARGEFILE64_SOURCE -DINET -DARP -DARPING -DIPV4LL -DINET6 -DDHCP6 -DAUTH -DPRIVSEP -DPLUGIN_DEV -I.. -I../src -I./crypt -c if-options.c -o if-options.o
cc -O2 -mabi=lp64d -march=rv64gc -std=c99 -DHAVE_CONFIG_H -DNDEBUG -D_GNU_SOURCE -D_FILE_OFFSET_BITS=64 -D_LARGEFILE_SOURCE -D_LARGEFILE64_SOURCE -DINET -DARP -DARPING -DIPV4LL -DINET6 -DDHCP6 -DAUTH -DPRIVSEP -DPLUGIN_DEV -I.. -I../src -I./crypt -c dhcpcd-embedded.c -o dhcpcd-embedded.o
cc -Wl,-export-dynamic -o dhcpcd common.o control.o dhcpcd.o duid.o eloop.o logerr.o if.o if-options.o sa.o route.o dhcp-common.o script.o auth.o if-linux.o dhcp.o ipv4.o bpf.o arp.o ipv4ll.o ipv6.o ipv6nd.o dhcp6.o dhcpcd-embedded.o dev.o privsep.o privsep-root.o privsep-control.o privsep-inet.o privsep-bpf.o privsep-linux.o ../compat/crypt/hmac.o ../compat/crypt/md5.o ../compat/crypt/sha256.o ../compat/pidfile.o ../compat/setproctitle.o ../compat/strlcpy.o ../compat/strtoi.o ../compat/strtou.o ../compat/rb.o 
for x in dev; do cd $x; /usr/bin/make all || exit $?; cd ..; done
make[2]: Entering directory '/home/devel/building/work/src/dhcpcd-6a9994bbf00712ace77a835cb7e45558383be673/src/dev'
Makefile:24: warning: ignoring prerequisites on suffix rule definition
cc -fPIC -DPIC -DHAVE_CONFIG_H -DNDEBUG -D_GNU_SOURCE -D_FILE_OFFSET_BITS=64 -D_LARGEFILE_SOURCE -D_LARGEFILE64_SOURCE -DINET -DARP -DARPING -DIPV4LL -DINET6 -DDHCP6 -DAUTH -DPRIVSEP -DPLUGIN_DEV -I../../ -I../..//src  -O2 -mabi=lp64d -march=rv64gc -std=c99  -c udev.c -o udev.So
cc -Wl,-export-dynamic -shared -Wl,-x -o udev.so -Wl,-soname,udev.so \
    udev.So -ludev -lrt
make[2]: Leaving directory '/home/devel/building/work/src/dhcpcd-6a9994bbf00712ace77a835cb7e45558383be673/src/dev'
make[1]: Leaving directory '/home/devel/building/work/src/dhcpcd-6a9994bbf00712ace77a835cb7e45558383be673/src'
make[1]: Entering directory '/home/devel/building/work/src/dhcpcd-6a9994bbf00712ace77a835cb7e45558383be673/hooks'
sed -e 's:@RUNDIR@:/run/dhcpcd:g' -e 's:@DBDIR@:/var/lib/dhcpcd:g' -e 's:@LIBDIR@:/lib:g' -e 's:@HOOKDIR@:/lib/dhcpcd/dhcpcd-hooks:g' \
	-e 's:@SYSCONFDIR@:/etc/dhcpcd:g' -e 's:@SCRIPT@:/lib/dhcpcd/dhcpcd-run-hooks:g' -e 's:@DATADIR@:/usr/share:g' \
	-e 's:@SERVICEEXISTS@::g' -e 's:@SERVICECMD@::g' -e 's:@SERVICESTATUS@::g' \
	-e 's:@STATUSARG@::g' \
	-e 's:@DEFAULT_HOSTNAME@:(none):g' \
	-e 's:@YPDOMAIN_DIR@::g' \
	-e 's:@YPDOMAIN_SUFFIX@::g' \
	dhcpcd-run-hooks.in > dhcpcd-run-hooks
sed -e 's:@RUNDIR@:/run/dhcpcd:g' -e 's:@DBDIR@:/var/lib/dhcpcd:g' -e 's:@LIBDIR@:/lib:g' -e 's:@HOOKDIR@:/lib/dhcpcd/dhcpcd-hooks:g' \
	-e 's:@SYSCONFDIR@:/etc/dhcpcd:g' -e 's:@SCRIPT@:/lib/dhcpcd/dhcpcd-run-hooks:g' -e 's:@DATADIR@:/usr/share:g' \
	-e 's:@SERVICEEXISTS@::g' -e 's:@SERVICECMD@::g' -e 's:@SERVICESTATUS@::g' \
	-e 's:@STATUSARG@::g' \
	-e 's:@DEFAULT_HOSTNAME@:(none):g' \
	-e 's:@YPDOMAIN_DIR@::g' \
	-e 's:@YPDOMAIN_SUFFIX@::g' \
	dhcpcd-run-hooks.8.in > dhcpcd-run-hooks.8
sed -e 's:@RUNDIR@:/run/dhcpcd:g' -e 's:@DBDIR@:/var/lib/dhcpcd:g' -e 's:@LIBDIR@:/lib:g' -e 's:@HOOKDIR@:/lib/dhcpcd/dhcpcd-hooks:g' \
	-e 's:@SYSCONFDIR@:/etc/dhcpcd:g' -e 's:@SCRIPT@:/lib/dhcpcd/dhcpcd-run-hooks:g' -e 's:@DATADIR@:/usr/share:g' \
	-e 's:@SERVICEEXISTS@::g' -e 's:@SERVICECMD@::g' -e 's:@SERVICESTATUS@::g' \
	-e 's:@STATUSARG@::g' \
	-e 's:@DEFAULT_HOSTNAME@:(none):g' \
	-e 's:@YPDOMAIN_DIR@::g' \
	-e 's:@YPDOMAIN_SUFFIX@::g' \
	30-hostname.in > 30-hostname
make[1]: Leaving directory '/home/devel/building/work/src/dhcpcd-6a9994bbf00712ace77a835cb7e45558383be673/hooks'
+ make DESTDIR=/home/devel/building/work/pkg install
for x in src hooks; do cd $x; /usr/bin/make install || exit $?; cd ..; done
make[1]: Entering directory '/home/devel/building/work/src/dhcpcd-6a9994bbf00712ace77a835cb7e45558383be673/src'
Makefile:55: warning: ignoring prerequisites on suffix rule definition
install -d /home/devel/building/work/pkg/sbin
install -d /home/devel/building/work/pkg/usr/share/man/man5
install -d /home/devel/building/work/pkg/etc/dhcpcd
install -m 0555 dhcpcd /home/devel/building/work/pkg/sbin
install -m 0444 dhcpcd.conf.5 /home/devel/building/work/pkg/usr/share/man/man5
# Install a new default config if not present
test -e /home/devel/building/work/pkg/etc/dhcpcd/dhcpcd.conf || \
	install -m 0644 dhcpcd.conf /home/devel/building/work/pkg/etc/dhcpcd
install -m 0750 -d /home/devel/building/work/pkg/var/lib/dhcpcd
install -d /home/devel/building/work/pkg/usr/share/man/man8
for x in dev; do cd $x; /usr/bin/make proginstall || exit $?; cd ..; done
install -m 0444 dhcpcd.8 /home/devel/building/work/pkg/usr/share/man/man8
make[2]: Entering directory '/home/devel/building/work/src/dhcpcd-6a9994bbf00712ace77a835cb7e45558383be673/src/dev'
Makefile:24: warning: ignoring prerequisites on suffix rule definition
install -d /home/devel/building/work/pkg/lib/dhcpcd/dev
install -m 0555  udev.so /home/devel/building/work/pkg/lib/dhcpcd/dev
make[2]: Leaving directory '/home/devel/building/work/src/dhcpcd-6a9994bbf00712ace77a835cb7e45558383be673/src/dev'
make[1]: Leaving directory '/home/devel/building/work/src/dhcpcd-6a9994bbf00712ace77a835cb7e45558383be673/src'
make[1]: Entering directory '/home/devel/building/work/src/dhcpcd-6a9994bbf00712ace77a835cb7e45558383be673/hooks'
install -d /home/devel/building/work/pkg/lib/dhcpcd
install -d /home/devel/building/work/pkg/usr/share/dhcpcd/hooks
install -d /home/devel/building/work/pkg/usr/share/man/man8
install -m 0555 dhcpcd-run-hooks /home/devel/building/work/pkg/lib/dhcpcd
install -m 0444 10-wpa_supplicant 15-timezone 29-lookup-hostname 50-yp.conf /home/devel/building/work/pkg/usr/share/dhcpcd/hooks
install -m 0444 dhcpcd-run-hooks.8 /home/devel/building/work/pkg/usr/share/man/man8
install -d /home/devel/building/work/pkg/lib/dhcpcd/dhcpcd-hooks
install -m 0444 01-test 20-resolv.conf 30-hostname 50-ntp.conf /home/devel/building/work/pkg/lib/dhcpcd/dhcpcd-hooks
# We need to remove the old MTU change script if we at all can.
rm -f /home/devel/building/work/pkg/lib/dhcpcd/dhcpcd-hooks/10-mtu
make[1]: Leaving directory '/home/devel/building/work/src/dhcpcd-6a9994bbf00712ace77a835cb7e45558383be673/hooks'
+ install -d /home/devel/building/work/pkg/etc/sv/dhcpcd
+ install -m 0644 /home/devel/building/work/src/dhcpcd-sv.conf /home/devel/building/work/pkg/etc/sv/dhcpcd/conf
+ install -m 0755 /home/devel/building/work/src/dhcpcd.run /home/devel/building/work/pkg/etc/sv/dhcpcd/run
+ ln -s /run/runit/supervise.dhcpcd /home/devel/building/work/pkg/etc/sv/dhcpcd/supervise
+ install -d -m 0700 -o dhcpcd -g dhcpcd /home/devel/building/work/pkg/var/lib/dhcpcd
+ chown dhcpcd:dhcpcd /home/devel/building/work/pkg/var/lib/dhcpcd
+ chmod -R u+w /home/devel/building/work/pkg
+ ln -s /usr/share/dhcpcd/hooks/10-wpa_supplicant /home/devel/building/work/pkg/lib/dhcpcd/dhcpcd-hooks/10-wpa_supplicant
+ rm /home/devel/building/work/pkg/lib/dhcpcd/dhcpcd-hooks/50-ntp.conf
=======> Build result:
drwxr-xr-x  0 root   root        0 Feb 21 14:28 etc/
drwxr-xr-x  0 root   root        0 Feb 21 14:28 etc/sv/
drwxr-xr-x  0 root   root        0 Feb 21 14:28 etc/dhcpcd/
-rw-r--r--  0 root   root     1429 Feb 21 14:28 etc/dhcpcd/dhcpcd.conf
drwxr-xr-x  0 root   root        0 Feb 21 14:28 etc/sv/dhcpcd/
lrwxrwxrwx  0 root   root        0 Feb 21 14:28 etc/sv/dhcpcd/supervise -> /run/runit/supervise.dhcpcd
-rwxr-xr-x  0 root   root       71 Feb 21 14:28 etc/sv/dhcpcd/run
-rw-r--r--  0 root   root       19 Feb 21 14:28 etc/sv/dhcpcd/conf
drwxr-xr-x  0 root   root        0 Feb 21 14:28 lib/
drwxr-xr-x  0 root   root        0 Feb 21 14:28 lib/dhcpcd/
drwxr-xr-x  0 root   root        0 Feb 21 14:28 lib/dhcpcd/dhcpcd-hooks/
-rwxr-xr-x  0 root   root     8193 Feb 21 14:28 lib/dhcpcd/dhcpcd-run-hooks
drwxr-xr-x  0 root   root        0 Feb 21 14:28 lib/dhcpcd/dev/
-rwxr-xr-x  0 root   root    10224 Feb 21 14:28 lib/dhcpcd/dev/udev.so
lrwxrwxrwx  0 root   root        0 Feb 21 14:28 lib/dhcpcd/dhcpcd-hooks/10-wpa_supplicant -> /usr/share/dhcpcd/hooks/10-wpa_supplicant
-rw-r--r--  0 root   root     3762 Feb 21 14:28 lib/dhcpcd/dhcpcd-hooks/30-hostname
-rw-r--r--  0 root   root     6164 Feb 21 14:28 lib/dhcpcd/dhcpcd-hooks/20-resolv.conf
-rw-r--r--  0 root   root      734 Feb 21 14:28 lib/dhcpcd/dhcpcd-hooks/01-test
drwxr-xr-x  0 root   root        0 Feb 21 14:28 sbin/
-rwxr-xr-x  0 root   root   320208 Feb 21 14:28 sbin/dhcpcd
drwxr-xr-x  0 root   root        0 Feb 21 14:28 usr/
drwxr-xr-x  0 root   root        0 Feb 21 14:28 usr/share/
drwxr-xr-x  0 root   root        0 Feb 21 14:28 usr/share/dhcpcd/
drwxr-xr-x  0 root   root        0 Feb 21 14:28 usr/share/man/
drwxr-xr-x  0 root   root        0 Feb 21 14:28 usr/share/man/man8/
drwxr-xr-x  0 root   root        0 Feb 21 14:28 usr/share/man/man5/
-rw-r--r--  0 root   root    10882 Feb 21 14:28 usr/share/man/man5/dhcpcd.conf.5.gz
-rw-r--r--  0 root   root     9227 Feb 21 14:28 usr/share/man/man8/dhcpcd.8.gz
-rw-r--r--  0 root   root     3038 Feb 21 14:28 usr/share/man/man8/dhcpcd-run-hooks.8.gz
drwxr-xr-x  0 root   root        0 Feb 21 14:28 usr/share/dhcpcd/hooks/
-rw-r--r--  0 root   root     1163 Feb 21 14:28 usr/share/dhcpcd/hooks/50-yp.conf
-rw-r--r--  0 root   root      814 Feb 21 14:28 usr/share/dhcpcd/hooks/29-lookup-hostname
-rw-r--r--  0 root   root      885 Feb 21 14:28 usr/share/dhcpcd/hooks/15-timezone
-rw-r--r--  0 root   root     2832 Feb 21 14:28 usr/share/dhcpcd/hooks/10-wpa_supplicant
drwxr-xr-x  0 root   root        0 Feb 21 14:28 var/
drwxr-xr-x  0 root   root        0 Feb 21 14:28 var/lib/
drwx------  0 dhcpcd dhcpcd      0 Feb 21 14:28 var/lib/dhcpcd/
=======> Building '/home/devel/packages/dhcpcd#9.99.0-1-20221017.riscv64.pkg.tar.zst' succeeded.
prt-get: Using PKGMK_PACKAGE_DIR: /home/devel/packages
prt-get: reinstalling dhcpcd 9.99.0-1-20221017
prt-get: /usr/bin/pkgadd -u dhcpcd#9.99.0-1-20221017.riscv64.pkg.tar.zst
prt-get: build done Tue Feb 21 14:28:43 2023

pkgadd: rejecting etc/sv/, keeping existing version
