prt-get: updating /usr/ports/core-riscv64/libtirpc
prt-get: starting build Tue Feb 21 19:47:39 2023
=======> Building '/home/devel/packages/libtirpc#1.3.3-1.riscv64.pkg.tar.zst'.
bsdtar -p -o -C /home/devel/building/work/src -xf /home/devel/sources/libtirpc-1.3.3.tar.bz2
+ build
+ cd libtirpc-1.3.3
+ ./configure --prefix=/usr --sysconfdir=/etc --disable-static --disable-gssapi
checking for a BSD-compatible install... /usr/bin/install -c
checking whether build environment is sane... yes
checking for a race-free mkdir -p... /bin/mkdir -p
checking for gawk... gawk
checking whether make sets $(MAKE)... yes
checking whether make supports nested variables... yes
checking whether make supports nested variables... (cached) yes
checking for gcc... gcc
checking whether the C compiler works... yes
checking for C compiler default output file name... a.out
checking for suffix of executables... 
checking whether we are cross compiling... no
checking for suffix of object files... o
checking whether the compiler supports GNU C... yes
checking whether gcc accepts -g... yes
checking for gcc option to enable C11 features... none needed
checking whether gcc understands -c and -o together... yes
checking whether make supports the include directive... yes (GNU style)
checking dependency style of gcc... gcc3
checking for stdio.h... yes
checking for stdlib.h... yes
checking for string.h... yes
checking for inttypes.h... yes
checking for stdint.h... yes
checking for strings.h... yes
checking for sys/stat.h... yes
checking for sys/types.h... yes
checking for unistd.h... yes
checking for gssapi/gssapi.h... no
checking build system type... riscv64-unknown-linux-gnu
checking host system type... riscv64-unknown-linux-gnu
checking how to print strings... printf
checking for a sed that does not truncate output... /bin/sed
checking for grep that handles long lines and -e... /usr/bin/grep
checking for egrep... /usr/bin/grep -E
checking for fgrep... /usr/bin/grep -F
checking for ld used by gcc... /usr/bin/ld
checking if the linker (/usr/bin/ld) is GNU ld... yes
checking for BSD- or MS-compatible name lister (nm)... /usr/bin/nm -B
checking the name lister (/usr/bin/nm -B) interface... BSD nm
checking whether ln -s works... yes
checking the maximum length of command line arguments... 1572864
checking how to convert riscv64-unknown-linux-gnu file names to riscv64-unknown-linux-gnu format... func_convert_file_noop
checking how to convert riscv64-unknown-linux-gnu file names to toolchain format... func_convert_file_noop
checking for /usr/bin/ld option to reload object files... -r
checking for file... file
checking for objdump... objdump
checking how to recognize dependent libraries... pass_all
checking for dlltool... no
checking how to associate runtime and link libraries... printf %s\n
checking for ar... ar
checking for archiver @FILE support... @
checking for strip... strip
checking for ranlib... ranlib
checking command to parse /usr/bin/nm -B output from gcc object... ok
checking for sysroot... no
checking for a working dd... /bin/dd
checking how to truncate binary pipes... /bin/dd bs=4096 count=1
checking for mt... no
checking if : is a manifest tool... no
checking for dlfcn.h... yes
checking for objdir... .libs
checking if gcc supports -fno-rtti -fno-exceptions... no
checking for gcc option to produce PIC... -fPIC -DPIC
checking if gcc PIC flag -fPIC -DPIC works... yes
checking if gcc static flag -static works... yes
checking if gcc supports -c -o file.o... yes
checking if gcc supports -c -o file.o... (cached) yes
checking whether the gcc linker (/usr/bin/ld) supports shared libraries... yes
checking whether -lc should be explicitly linked in... no
checking dynamic linker characteristics... GNU/Linux ld.so
checking how to hardcode library paths into programs... immediate
checking whether stripping libraries is possible... yes
checking if libtool supports shared libraries... yes
checking whether to build shared libraries... yes
checking whether to build static libraries... no
checking for dirent.h that defines DIR... yes
checking for library containing opendir... none required
checking for arpa/inet.h... yes
checking for fcntl.h... yes
checking for libintl.h... yes
checking for limits.h... yes
checking for locale.h... yes
checking for netdb.h... yes
checking for netinet/in.h... yes
checking for stddef.h... yes
checking for stdint.h... (cached) yes
checking for stdlib.h... (cached) yes
checking for string.h... (cached) yes
checking for sys/ioctl.h... yes
checking for sys/param.h... yes
checking for sys/socket.h... yes
checking for sys/time.h... yes
checking for syslog.h... yes
checking for unistd.h... (cached) yes
checking for features.h... yes
checking for gssapi/gssapi_ext.h... no
checking how to run the C preprocessor... gcc -E
checking whether gcc is Clang... no
checking whether pthreads work with "-pthread" and "-lpthread"... yes
checking for joinable pthread attribute... PTHREAD_CREATE_JOINABLE
checking whether more special flags are required for pthreads... no
checking for PTHREAD_PRIO_INHERIT... yes
checking for getrpcbyname... yes
checking for getrpcbynumber... yes
checking for setrpcent... yes
checking for endrpcent... yes
checking for getrpcent... yes
checking that generated files are newer than configure... done
configure: creating ./config.status
config.status: creating Makefile
config.status: creating src/Makefile
config.status: creating man/Makefile
config.status: creating doc/Makefile
config.status: creating libtirpc.pc
config.status: creating config.h
config.status: executing depfiles commands
config.status: executing libtool commands
+ make V=1
/usr/bin/make  all-recursive
make[1]: Entering directory '/home/devel/building/work/src/libtirpc-1.3.3'
Making all in src
make[2]: Entering directory '/home/devel/building/work/src/libtirpc-1.3.3/src'
/bin/sh ../libtool  --tag=CC   --mode=compile gcc -DHAVE_CONFIG_H -I. -I..  -I../tirpc -include config.h -DPORTMAP -DINET6 -D_GNU_SOURCE -Wall -pipe   -O2 -mabi=lp64d -march=rv64gc -MT libtirpc_la-auth_none.lo -MD -MP -MF .deps/libtirpc_la-auth_none.Tpo -c -o libtirpc_la-auth_none.lo `test -f 'auth_none.c' || echo './'`auth_none.c
/bin/sh ../libtool  --tag=CC   --mode=compile gcc -DHAVE_CONFIG_H -I. -I..  -I../tirpc -include config.h -DPORTMAP -DINET6 -D_GNU_SOURCE -Wall -pipe   -O2 -mabi=lp64d -march=rv64gc -MT libtirpc_la-auth_unix.lo -MD -MP -MF .deps/libtirpc_la-auth_unix.Tpo -c -o libtirpc_la-auth_unix.lo `test -f 'auth_unix.c' || echo './'`auth_unix.c
/bin/sh ../libtool  --tag=CC   --mode=compile gcc -DHAVE_CONFIG_H -I. -I..  -I../tirpc -include config.h -DPORTMAP -DINET6 -D_GNU_SOURCE -Wall -pipe   -O2 -mabi=lp64d -march=rv64gc -MT libtirpc_la-authunix_prot.lo -MD -MP -MF .deps/libtirpc_la-authunix_prot.Tpo -c -o libtirpc_la-authunix_prot.lo `test -f 'authunix_prot.c' || echo './'`authunix_prot.c
/bin/sh ../libtool  --tag=CC   --mode=compile gcc -DHAVE_CONFIG_H -I. -I..  -I../tirpc -include config.h -DPORTMAP -DINET6 -D_GNU_SOURCE -Wall -pipe   -O2 -mabi=lp64d -march=rv64gc -MT libtirpc_la-binddynport.lo -MD -MP -MF .deps/libtirpc_la-binddynport.Tpo -c -o libtirpc_la-binddynport.lo `test -f 'binddynport.c' || echo './'`binddynport.c
/bin/sh ../libtool  --tag=CC   --mode=compile gcc -DHAVE_CONFIG_H -I. -I..  -I../tirpc -include config.h -DPORTMAP -DINET6 -D_GNU_SOURCE -Wall -pipe   -O2 -mabi=lp64d -march=rv64gc -MT libtirpc_la-bindresvport.lo -MD -MP -MF .deps/libtirpc_la-bindresvport.Tpo -c -o libtirpc_la-bindresvport.lo `test -f 'bindresvport.c' || echo './'`bindresvport.c
/bin/sh ../libtool  --tag=CC   --mode=compile gcc -DHAVE_CONFIG_H -I. -I..  -I../tirpc -include config.h -DPORTMAP -DINET6 -D_GNU_SOURCE -Wall -pipe   -O2 -mabi=lp64d -march=rv64gc -MT libtirpc_la-clnt_bcast.lo -MD -MP -MF .deps/libtirpc_la-clnt_bcast.Tpo -c -o libtirpc_la-clnt_bcast.lo `test -f 'clnt_bcast.c' || echo './'`clnt_bcast.c
/bin/sh ../libtool  --tag=CC   --mode=compile gcc -DHAVE_CONFIG_H -I. -I..  -I../tirpc -include config.h -DPORTMAP -DINET6 -D_GNU_SOURCE -Wall -pipe   -O2 -mabi=lp64d -march=rv64gc -MT libtirpc_la-clnt_dg.lo -MD -MP -MF .deps/libtirpc_la-clnt_dg.Tpo -c -o libtirpc_la-clnt_dg.lo `test -f 'clnt_dg.c' || echo './'`clnt_dg.c
/bin/sh ../libtool  --tag=CC   --mode=compile gcc -DHAVE_CONFIG_H -I. -I..  -I../tirpc -include config.h -DPORTMAP -DINET6 -D_GNU_SOURCE -Wall -pipe   -O2 -mabi=lp64d -march=rv64gc -MT libtirpc_la-clnt_generic.lo -MD -MP -MF .deps/libtirpc_la-clnt_generic.Tpo -c -o libtirpc_la-clnt_generic.lo `test -f 'clnt_generic.c' || echo './'`clnt_generic.c
libtool: compile:  gcc -DHAVE_CONFIG_H -I. -I.. -I../tirpc -include config.h -DPORTMAP -DINET6 -D_GNU_SOURCE -Wall -pipe -O2 -mabi=lp64d -march=rv64gc -MT libtirpc_la-auth_unix.lo -MD -MP -MF .deps/libtirpc_la-auth_unix.Tpo -c auth_unix.c  -fPIC -DPIC -o .libs/libtirpc_la-auth_unix.o
libtool: compile:  gcc -DHAVE_CONFIG_H -I. -I.. -I../tirpc -include config.h -DPORTMAP -DINET6 -D_GNU_SOURCE -Wall -pipe -O2 -mabi=lp64d -march=rv64gc -MT libtirpc_la-clnt_dg.lo -MD -MP -MF .deps/libtirpc_la-clnt_dg.Tpo -c clnt_dg.c  -fPIC -DPIC -o .libs/libtirpc_la-clnt_dg.o
libtool: compile:  gcc -DHAVE_CONFIG_H -I. -I.. -I../tirpc -include config.h -DPORTMAP -DINET6 -D_GNU_SOURCE -Wall -pipe -O2 -mabi=lp64d -march=rv64gc -MT libtirpc_la-clnt_bcast.lo -MD -MP -MF .deps/libtirpc_la-clnt_bcast.Tpo -c clnt_bcast.c  -fPIC -DPIC -o .libs/libtirpc_la-clnt_bcast.o
libtool: compile:  gcc -DHAVE_CONFIG_H -I. -I.. -I../tirpc -include config.h -DPORTMAP -DINET6 -D_GNU_SOURCE -Wall -pipe -O2 -mabi=lp64d -march=rv64gc -MT libtirpc_la-auth_none.lo -MD -MP -MF .deps/libtirpc_la-auth_none.Tpo -c auth_none.c  -fPIC -DPIC -o .libs/libtirpc_la-auth_none.o
libtool: compile:  gcc -DHAVE_CONFIG_H -I. -I.. -I../tirpc -include config.h -DPORTMAP -DINET6 -D_GNU_SOURCE -Wall -pipe -O2 -mabi=lp64d -march=rv64gc -MT libtirpc_la-authunix_prot.lo -MD -MP -MF .deps/libtirpc_la-authunix_prot.Tpo -c authunix_prot.c  -fPIC -DPIC -o .libs/libtirpc_la-authunix_prot.o
libtool: compile:  gcc -DHAVE_CONFIG_H -I. -I.. -I../tirpc -include config.h -DPORTMAP -DINET6 -D_GNU_SOURCE -Wall -pipe -O2 -mabi=lp64d -march=rv64gc -MT libtirpc_la-binddynport.lo -MD -MP -MF .deps/libtirpc_la-binddynport.Tpo -c binddynport.c  -fPIC -DPIC -o .libs/libtirpc_la-binddynport.o
libtool: compile:  gcc -DHAVE_CONFIG_H -I. -I.. -I../tirpc -include config.h -DPORTMAP -DINET6 -D_GNU_SOURCE -Wall -pipe -O2 -mabi=lp64d -march=rv64gc -MT libtirpc_la-clnt_generic.lo -MD -MP -MF .deps/libtirpc_la-clnt_generic.Tpo -c clnt_generic.c  -fPIC -DPIC -o .libs/libtirpc_la-clnt_generic.o
libtool: compile:  gcc -DHAVE_CONFIG_H -I. -I.. -I../tirpc -include config.h -DPORTMAP -DINET6 -D_GNU_SOURCE -Wall -pipe -O2 -mabi=lp64d -march=rv64gc -MT libtirpc_la-bindresvport.lo -MD -MP -MF .deps/libtirpc_la-bindresvport.Tpo -c bindresvport.c  -fPIC -DPIC -o .libs/libtirpc_la-bindresvport.o
mv -f .deps/libtirpc_la-authunix_prot.Tpo .deps/libtirpc_la-authunix_prot.Plo
/bin/sh ../libtool  --tag=CC   --mode=compile gcc -DHAVE_CONFIG_H -I. -I..  -I../tirpc -include config.h -DPORTMAP -DINET6 -D_GNU_SOURCE -Wall -pipe   -O2 -mabi=lp64d -march=rv64gc -MT libtirpc_la-clnt_perror.lo -MD -MP -MF .deps/libtirpc_la-clnt_perror.Tpo -c -o libtirpc_la-clnt_perror.lo `test -f 'clnt_perror.c' || echo './'`clnt_perror.c
mv -f .deps/libtirpc_la-auth_none.Tpo .deps/libtirpc_la-auth_none.Plo
/bin/sh ../libtool  --tag=CC   --mode=compile gcc -DHAVE_CONFIG_H -I. -I..  -I../tirpc -include config.h -DPORTMAP -DINET6 -D_GNU_SOURCE -Wall -pipe   -O2 -mabi=lp64d -march=rv64gc -MT libtirpc_la-clnt_raw.lo -MD -MP -MF .deps/libtirpc_la-clnt_raw.Tpo -c -o libtirpc_la-clnt_raw.lo `test -f 'clnt_raw.c' || echo './'`clnt_raw.c
mv -f .deps/libtirpc_la-binddynport.Tpo .deps/libtirpc_la-binddynport.Plo
libtool: compile:  gcc -DHAVE_CONFIG_H -I. -I.. -I../tirpc -include config.h -DPORTMAP -DINET6 -D_GNU_SOURCE -Wall -pipe -O2 -mabi=lp64d -march=rv64gc -MT libtirpc_la-clnt_perror.lo -MD -MP -MF .deps/libtirpc_la-clnt_perror.Tpo -c clnt_perror.c  -fPIC -DPIC -o .libs/libtirpc_la-clnt_perror.o
/bin/sh ../libtool  --tag=CC   --mode=compile gcc -DHAVE_CONFIG_H -I. -I..  -I../tirpc -include config.h -DPORTMAP -DINET6 -D_GNU_SOURCE -Wall -pipe   -O2 -mabi=lp64d -march=rv64gc -MT libtirpc_la-clnt_simple.lo -MD -MP -MF .deps/libtirpc_la-clnt_simple.Tpo -c -o libtirpc_la-clnt_simple.lo `test -f 'clnt_simple.c' || echo './'`clnt_simple.c
mv -f .deps/libtirpc_la-auth_unix.Tpo .deps/libtirpc_la-auth_unix.Plo
/bin/sh ../libtool  --tag=CC   --mode=compile gcc -DHAVE_CONFIG_H -I. -I..  -I../tirpc -include config.h -DPORTMAP -DINET6 -D_GNU_SOURCE -Wall -pipe   -O2 -mabi=lp64d -march=rv64gc -MT libtirpc_la-clnt_vc.lo -MD -MP -MF .deps/libtirpc_la-clnt_vc.Tpo -c -o libtirpc_la-clnt_vc.lo `test -f 'clnt_vc.c' || echo './'`clnt_vc.c
libtool: compile:  gcc -DHAVE_CONFIG_H -I. -I.. -I../tirpc -include config.h -DPORTMAP -DINET6 -D_GNU_SOURCE -Wall -pipe -O2 -mabi=lp64d -march=rv64gc -MT libtirpc_la-clnt_raw.lo -MD -MP -MF .deps/libtirpc_la-clnt_raw.Tpo -c clnt_raw.c  -fPIC -DPIC -o .libs/libtirpc_la-clnt_raw.o
mv -f .deps/libtirpc_la-bindresvport.Tpo .deps/libtirpc_la-bindresvport.Plo
mv -f .deps/libtirpc_la-clnt_generic.Tpo .deps/libtirpc_la-clnt_generic.Plo
/bin/sh ../libtool  --tag=CC   --mode=compile gcc -DHAVE_CONFIG_H -I. -I..  -I../tirpc -include config.h -DPORTMAP -DINET6 -D_GNU_SOURCE -Wall -pipe   -O2 -mabi=lp64d -march=rv64gc -MT libtirpc_la-rpc_dtablesize.lo -MD -MP -MF .deps/libtirpc_la-rpc_dtablesize.Tpo -c -o libtirpc_la-rpc_dtablesize.lo `test -f 'rpc_dtablesize.c' || echo './'`rpc_dtablesize.c
/bin/sh ../libtool  --tag=CC   --mode=compile gcc -DHAVE_CONFIG_H -I. -I..  -I../tirpc -include config.h -DPORTMAP -DINET6 -D_GNU_SOURCE -Wall -pipe   -O2 -mabi=lp64d -march=rv64gc -MT libtirpc_la-getnetconfig.lo -MD -MP -MF .deps/libtirpc_la-getnetconfig.Tpo -c -o libtirpc_la-getnetconfig.lo `test -f 'getnetconfig.c' || echo './'`getnetconfig.c
libtool: compile:  gcc -DHAVE_CONFIG_H -I. -I.. -I../tirpc -include config.h -DPORTMAP -DINET6 -D_GNU_SOURCE -Wall -pipe -O2 -mabi=lp64d -march=rv64gc -MT libtirpc_la-clnt_simple.lo -MD -MP -MF .deps/libtirpc_la-clnt_simple.Tpo -c clnt_simple.c  -fPIC -DPIC -o .libs/libtirpc_la-clnt_simple.o
libtool: compile:  gcc -DHAVE_CONFIG_H -I. -I.. -I../tirpc -include config.h -DPORTMAP -DINET6 -D_GNU_SOURCE -Wall -pipe -O2 -mabi=lp64d -march=rv64gc -MT libtirpc_la-clnt_vc.lo -MD -MP -MF .deps/libtirpc_la-clnt_vc.Tpo -c clnt_vc.c  -fPIC -DPIC -o .libs/libtirpc_la-clnt_vc.o
libtool: compile:  gcc -DHAVE_CONFIG_H -I. -I.. -I../tirpc -include config.h -DPORTMAP -DINET6 -D_GNU_SOURCE -Wall -pipe -O2 -mabi=lp64d -march=rv64gc -MT libtirpc_la-getnetconfig.lo -MD -MP -MF .deps/libtirpc_la-getnetconfig.Tpo -c getnetconfig.c  -fPIC -DPIC -o .libs/libtirpc_la-getnetconfig.o
libtool: compile:  gcc -DHAVE_CONFIG_H -I. -I.. -I../tirpc -include config.h -DPORTMAP -DINET6 -D_GNU_SOURCE -Wall -pipe -O2 -mabi=lp64d -march=rv64gc -MT libtirpc_la-rpc_dtablesize.lo -MD -MP -MF .deps/libtirpc_la-rpc_dtablesize.Tpo -c rpc_dtablesize.c  -fPIC -DPIC -o .libs/libtirpc_la-rpc_dtablesize.o
mv -f .deps/libtirpc_la-clnt_bcast.Tpo .deps/libtirpc_la-clnt_bcast.Plo
/bin/sh ../libtool  --tag=CC   --mode=compile gcc -DHAVE_CONFIG_H -I. -I..  -I../tirpc -include config.h -DPORTMAP -DINET6 -D_GNU_SOURCE -Wall -pipe   -O2 -mabi=lp64d -march=rv64gc -MT libtirpc_la-getnetpath.lo -MD -MP -MF .deps/libtirpc_la-getnetpath.Tpo -c -o libtirpc_la-getnetpath.lo `test -f 'getnetpath.c' || echo './'`getnetpath.c
mv -f .deps/libtirpc_la-clnt_dg.Tpo .deps/libtirpc_la-clnt_dg.Plo
/bin/sh ../libtool  --tag=CC   --mode=compile gcc -DHAVE_CONFIG_H -I. -I..  -I../tirpc -include config.h -DPORTMAP -DINET6 -D_GNU_SOURCE -Wall -pipe   -O2 -mabi=lp64d -march=rv64gc -MT libtirpc_la-getrpcent.lo -MD -MP -MF .deps/libtirpc_la-getrpcent.Tpo -c -o libtirpc_la-getrpcent.lo `test -f 'getrpcent.c' || echo './'`getrpcent.c
mv -f .deps/libtirpc_la-clnt_perror.Tpo .deps/libtirpc_la-clnt_perror.Plo
libtool: compile:  gcc -DHAVE_CONFIG_H -I. -I.. -I../tirpc -include config.h -DPORTMAP -DINET6 -D_GNU_SOURCE -Wall -pipe -O2 -mabi=lp64d -march=rv64gc -MT libtirpc_la-getnetpath.lo -MD -MP -MF .deps/libtirpc_la-getnetpath.Tpo -c getnetpath.c  -fPIC -DPIC -o .libs/libtirpc_la-getnetpath.o
/bin/sh ../libtool  --tag=CC   --mode=compile gcc -DHAVE_CONFIG_H -I. -I..  -I../tirpc -include config.h -DPORTMAP -DINET6 -D_GNU_SOURCE -Wall -pipe   -O2 -mabi=lp64d -march=rv64gc -MT libtirpc_la-getrpcport.lo -MD -MP -MF .deps/libtirpc_la-getrpcport.Tpo -c -o libtirpc_la-getrpcport.lo `test -f 'getrpcport.c' || echo './'`getrpcport.c
mv -f .deps/libtirpc_la-rpc_dtablesize.Tpo .deps/libtirpc_la-rpc_dtablesize.Plo
mv -f .deps/libtirpc_la-clnt_simple.Tpo .deps/libtirpc_la-clnt_simple.Plo
/bin/sh ../libtool  --tag=CC   --mode=compile gcc -DHAVE_CONFIG_H -I. -I..  -I../tirpc -include config.h -DPORTMAP -DINET6 -D_GNU_SOURCE -Wall -pipe   -O2 -mabi=lp64d -march=rv64gc -MT libtirpc_la-mt_misc.lo -MD -MP -MF .deps/libtirpc_la-mt_misc.Tpo -c -o libtirpc_la-mt_misc.lo `test -f 'mt_misc.c' || echo './'`mt_misc.c
/bin/sh ../libtool  --tag=CC   --mode=compile gcc -DHAVE_CONFIG_H -I. -I..  -I../tirpc -include config.h -DPORTMAP -DINET6 -D_GNU_SOURCE -Wall -pipe   -O2 -mabi=lp64d -march=rv64gc -MT libtirpc_la-pmap_clnt.lo -MD -MP -MF .deps/libtirpc_la-pmap_clnt.Tpo -c -o libtirpc_la-pmap_clnt.lo `test -f 'pmap_clnt.c' || echo './'`pmap_clnt.c
mv -f .deps/libtirpc_la-clnt_raw.Tpo .deps/libtirpc_la-clnt_raw.Plo
libtool: compile:  gcc -DHAVE_CONFIG_H -I. -I.. -I../tirpc -include config.h -DPORTMAP -DINET6 -D_GNU_SOURCE -Wall -pipe -O2 -mabi=lp64d -march=rv64gc -MT libtirpc_la-getrpcent.lo -MD -MP -MF .deps/libtirpc_la-getrpcent.Tpo -c getrpcent.c  -fPIC -DPIC -o .libs/libtirpc_la-getrpcent.o
/bin/sh ../libtool  --tag=CC   --mode=compile gcc -DHAVE_CONFIG_H -I. -I..  -I../tirpc -include config.h -DPORTMAP -DINET6 -D_GNU_SOURCE -Wall -pipe   -O2 -mabi=lp64d -march=rv64gc -MT libtirpc_la-pmap_getmaps.lo -MD -MP -MF .deps/libtirpc_la-pmap_getmaps.Tpo -c -o libtirpc_la-pmap_getmaps.lo `test -f 'pmap_getmaps.c' || echo './'`pmap_getmaps.c
libtool: compile:  gcc -DHAVE_CONFIG_H -I. -I.. -I../tirpc -include config.h -DPORTMAP -DINET6 -D_GNU_SOURCE -Wall -pipe -O2 -mabi=lp64d -march=rv64gc -MT libtirpc_la-getrpcport.lo -MD -MP -MF .deps/libtirpc_la-getrpcport.Tpo -c getrpcport.c  -fPIC -DPIC -o .libs/libtirpc_la-getrpcport.o
libtool: compile:  gcc -DHAVE_CONFIG_H -I. -I.. -I../tirpc -include config.h -DPORTMAP -DINET6 -D_GNU_SOURCE -Wall -pipe -O2 -mabi=lp64d -march=rv64gc -MT libtirpc_la-mt_misc.lo -MD -MP -MF .deps/libtirpc_la-mt_misc.Tpo -c mt_misc.c  -fPIC -DPIC -o .libs/libtirpc_la-mt_misc.o
libtool: compile:  gcc -DHAVE_CONFIG_H -I. -I.. -I../tirpc -include config.h -DPORTMAP -DINET6 -D_GNU_SOURCE -Wall -pipe -O2 -mabi=lp64d -march=rv64gc -MT libtirpc_la-pmap_clnt.lo -MD -MP -MF .deps/libtirpc_la-pmap_clnt.Tpo -c pmap_clnt.c  -fPIC -DPIC -o .libs/libtirpc_la-pmap_clnt.o
libtool: compile:  gcc -DHAVE_CONFIG_H -I. -I.. -I../tirpc -include config.h -DPORTMAP -DINET6 -D_GNU_SOURCE -Wall -pipe -O2 -mabi=lp64d -march=rv64gc -MT libtirpc_la-pmap_getmaps.lo -MD -MP -MF .deps/libtirpc_la-pmap_getmaps.Tpo -c pmap_getmaps.c  -fPIC -DPIC -o .libs/libtirpc_la-pmap_getmaps.o
mv -f .deps/libtirpc_la-getrpcent.Tpo .deps/libtirpc_la-getrpcent.Plo
/bin/sh ../libtool  --tag=CC   --mode=compile gcc -DHAVE_CONFIG_H -I. -I..  -I../tirpc -include config.h -DPORTMAP -DINET6 -D_GNU_SOURCE -Wall -pipe   -O2 -mabi=lp64d -march=rv64gc -MT libtirpc_la-pmap_getport.lo -MD -MP -MF .deps/libtirpc_la-pmap_getport.Tpo -c -o libtirpc_la-pmap_getport.lo `test -f 'pmap_getport.c' || echo './'`pmap_getport.c
libtool: compile:  gcc -DHAVE_CONFIG_H -I. -I.. -I../tirpc -include config.h -DPORTMAP -DINET6 -D_GNU_SOURCE -Wall -pipe -O2 -mabi=lp64d -march=rv64gc -MT libtirpc_la-pmap_getport.lo -MD -MP -MF .deps/libtirpc_la-pmap_getport.Tpo -c pmap_getport.c  -fPIC -DPIC -o .libs/libtirpc_la-pmap_getport.o
mv -f .deps/libtirpc_la-getnetpath.Tpo .deps/libtirpc_la-getnetpath.Plo
/bin/sh ../libtool  --tag=CC   --mode=compile gcc -DHAVE_CONFIG_H -I. -I..  -I../tirpc -include config.h -DPORTMAP -DINET6 -D_GNU_SOURCE -Wall -pipe   -O2 -mabi=lp64d -march=rv64gc -MT libtirpc_la-pmap_prot.lo -MD -MP -MF .deps/libtirpc_la-pmap_prot.Tpo -c -o libtirpc_la-pmap_prot.lo `test -f 'pmap_prot.c' || echo './'`pmap_prot.c
mv -f .deps/libtirpc_la-getnetconfig.Tpo .deps/libtirpc_la-getnetconfig.Plo
mv -f .deps/libtirpc_la-getrpcport.Tpo .deps/libtirpc_la-getrpcport.Plo
/bin/sh ../libtool  --tag=CC   --mode=compile gcc -DHAVE_CONFIG_H -I. -I..  -I../tirpc -include config.h -DPORTMAP -DINET6 -D_GNU_SOURCE -Wall -pipe   -O2 -mabi=lp64d -march=rv64gc -MT libtirpc_la-pmap_prot2.lo -MD -MP -MF .deps/libtirpc_la-pmap_prot2.Tpo -c -o libtirpc_la-pmap_prot2.lo `test -f 'pmap_prot2.c' || echo './'`pmap_prot2.c
/bin/sh ../libtool  --tag=CC   --mode=compile gcc -DHAVE_CONFIG_H -I. -I..  -I../tirpc -include config.h -DPORTMAP -DINET6 -D_GNU_SOURCE -Wall -pipe   -O2 -mabi=lp64d -march=rv64gc -MT libtirpc_la-pmap_rmt.lo -MD -MP -MF .deps/libtirpc_la-pmap_rmt.Tpo -c -o libtirpc_la-pmap_rmt.lo `test -f 'pmap_rmt.c' || echo './'`pmap_rmt.c
libtool: compile:  gcc -DHAVE_CONFIG_H -I. -I.. -I../tirpc -include config.h -DPORTMAP -DINET6 -D_GNU_SOURCE -Wall -pipe -O2 -mabi=lp64d -march=rv64gc -MT libtirpc_la-pmap_prot.lo -MD -MP -MF .deps/libtirpc_la-pmap_prot.Tpo -c pmap_prot.c  -fPIC -DPIC -o .libs/libtirpc_la-pmap_prot.o
mv -f .deps/libtirpc_la-mt_misc.Tpo .deps/libtirpc_la-mt_misc.Plo
mv -f .deps/libtirpc_la-pmap_clnt.Tpo .deps/libtirpc_la-pmap_clnt.Plo
/bin/sh ../libtool  --tag=CC   --mode=compile gcc -DHAVE_CONFIG_H -I. -I..  -I../tirpc -include config.h -DPORTMAP -DINET6 -D_GNU_SOURCE -Wall -pipe   -O2 -mabi=lp64d -march=rv64gc -MT libtirpc_la-rpc_prot.lo -MD -MP -MF .deps/libtirpc_la-rpc_prot.Tpo -c -o libtirpc_la-rpc_prot.lo `test -f 'rpc_prot.c' || echo './'`rpc_prot.c
libtool: compile:  gcc -DHAVE_CONFIG_H -I. -I.. -I../tirpc -include config.h -DPORTMAP -DINET6 -D_GNU_SOURCE -Wall -pipe -O2 -mabi=lp64d -march=rv64gc -MT libtirpc_la-pmap_prot2.lo -MD -MP -MF .deps/libtirpc_la-pmap_prot2.Tpo -c pmap_prot2.c  -fPIC -DPIC -o .libs/libtirpc_la-pmap_prot2.o
/bin/sh ../libtool  --tag=CC   --mode=compile gcc -DHAVE_CONFIG_H -I. -I..  -I../tirpc -include config.h -DPORTMAP -DINET6 -D_GNU_SOURCE -Wall -pipe   -O2 -mabi=lp64d -march=rv64gc -MT libtirpc_la-rpc_commondata.lo -MD -MP -MF .deps/libtirpc_la-rpc_commondata.Tpo -c -o libtirpc_la-rpc_commondata.lo `test -f 'rpc_commondata.c' || echo './'`rpc_commondata.c
mv -f .deps/libtirpc_la-clnt_vc.Tpo .deps/libtirpc_la-clnt_vc.Plo
mv -f .deps/libtirpc_la-pmap_getmaps.Tpo .deps/libtirpc_la-pmap_getmaps.Plo
/bin/sh ../libtool  --tag=CC   --mode=compile gcc -DHAVE_CONFIG_H -I. -I..  -I../tirpc -include config.h -DPORTMAP -DINET6 -D_GNU_SOURCE -Wall -pipe   -O2 -mabi=lp64d -march=rv64gc -MT libtirpc_la-rpc_callmsg.lo -MD -MP -MF .deps/libtirpc_la-rpc_callmsg.Tpo -c -o libtirpc_la-rpc_callmsg.lo `test -f 'rpc_callmsg.c' || echo './'`rpc_callmsg.c
/bin/sh ../libtool  --tag=CC   --mode=compile gcc -DHAVE_CONFIG_H -I. -I..  -I../tirpc -include config.h -DPORTMAP -DINET6 -D_GNU_SOURCE -Wall -pipe   -O2 -mabi=lp64d -march=rv64gc -MT libtirpc_la-rpc_generic.lo -MD -MP -MF .deps/libtirpc_la-rpc_generic.Tpo -c -o libtirpc_la-rpc_generic.lo `test -f 'rpc_generic.c' || echo './'`rpc_generic.c
libtool: compile:  gcc -DHAVE_CONFIG_H -I. -I.. -I../tirpc -include config.h -DPORTMAP -DINET6 -D_GNU_SOURCE -Wall -pipe -O2 -mabi=lp64d -march=rv64gc -MT libtirpc_la-pmap_rmt.lo -MD -MP -MF .deps/libtirpc_la-pmap_rmt.Tpo -c pmap_rmt.c  -fPIC -DPIC -o .libs/libtirpc_la-pmap_rmt.o
libtool: compile:  gcc -DHAVE_CONFIG_H -I. -I.. -I../tirpc -include config.h -DPORTMAP -DINET6 -D_GNU_SOURCE -Wall -pipe -O2 -mabi=lp64d -march=rv64gc -MT libtirpc_la-rpc_prot.lo -MD -MP -MF .deps/libtirpc_la-rpc_prot.Tpo -c rpc_prot.c  -fPIC -DPIC -o .libs/libtirpc_la-rpc_prot.o
libtool: compile:  gcc -DHAVE_CONFIG_H -I. -I.. -I../tirpc -include config.h -DPORTMAP -DINET6 -D_GNU_SOURCE -Wall -pipe -O2 -mabi=lp64d -march=rv64gc -MT libtirpc_la-rpc_commondata.lo -MD -MP -MF .deps/libtirpc_la-rpc_commondata.Tpo -c rpc_commondata.c  -fPIC -DPIC -o .libs/libtirpc_la-rpc_commondata.o
mv -f .deps/libtirpc_la-pmap_getport.Tpo .deps/libtirpc_la-pmap_getport.Plo
libtool: compile:  gcc -DHAVE_CONFIG_H -I. -I.. -I../tirpc -include config.h -DPORTMAP -DINET6 -D_GNU_SOURCE -Wall -pipe -O2 -mabi=lp64d -march=rv64gc -MT libtirpc_la-rpc_callmsg.lo -MD -MP -MF .deps/libtirpc_la-rpc_callmsg.Tpo -c rpc_callmsg.c  -fPIC -DPIC -o .libs/libtirpc_la-rpc_callmsg.o
/bin/sh ../libtool  --tag=CC   --mode=compile gcc -DHAVE_CONFIG_H -I. -I..  -I../tirpc -include config.h -DPORTMAP -DINET6 -D_GNU_SOURCE -Wall -pipe   -O2 -mabi=lp64d -march=rv64gc -MT libtirpc_la-rpc_soc.lo -MD -MP -MF .deps/libtirpc_la-rpc_soc.Tpo -c -o libtirpc_la-rpc_soc.lo `test -f 'rpc_soc.c' || echo './'`rpc_soc.c
libtool: compile:  gcc -DHAVE_CONFIG_H -I. -I.. -I../tirpc -include config.h -DPORTMAP -DINET6 -D_GNU_SOURCE -Wall -pipe -O2 -mabi=lp64d -march=rv64gc -MT libtirpc_la-rpc_generic.lo -MD -MP -MF .deps/libtirpc_la-rpc_generic.Tpo -c rpc_generic.c  -fPIC -DPIC -o .libs/libtirpc_la-rpc_generic.o
mv -f .deps/libtirpc_la-pmap_prot.Tpo .deps/libtirpc_la-pmap_prot.Plo
/bin/sh ../libtool  --tag=CC   --mode=compile gcc -DHAVE_CONFIG_H -I. -I..  -I../tirpc -include config.h -DPORTMAP -DINET6 -D_GNU_SOURCE -Wall -pipe   -O2 -mabi=lp64d -march=rv64gc -MT libtirpc_la-rpcb_clnt.lo -MD -MP -MF .deps/libtirpc_la-rpcb_clnt.Tpo -c -o libtirpc_la-rpcb_clnt.lo `test -f 'rpcb_clnt.c' || echo './'`rpcb_clnt.c
mv -f .deps/libtirpc_la-rpc_commondata.Tpo .deps/libtirpc_la-rpc_commondata.Plo
libtool: compile:  gcc -DHAVE_CONFIG_H -I. -I.. -I../tirpc -include config.h -DPORTMAP -DINET6 -D_GNU_SOURCE -Wall -pipe -O2 -mabi=lp64d -march=rv64gc -MT libtirpc_la-rpc_soc.lo -MD -MP -MF .deps/libtirpc_la-rpc_soc.Tpo -c rpc_soc.c  -fPIC -DPIC -o .libs/libtirpc_la-rpc_soc.o
/bin/sh ../libtool  --tag=CC   --mode=compile gcc -DHAVE_CONFIG_H -I. -I..  -I../tirpc -include config.h -DPORTMAP -DINET6 -D_GNU_SOURCE -Wall -pipe   -O2 -mabi=lp64d -march=rv64gc -MT libtirpc_la-rpcb_prot.lo -MD -MP -MF .deps/libtirpc_la-rpcb_prot.Tpo -c -o libtirpc_la-rpcb_prot.lo `test -f 'rpcb_prot.c' || echo './'`rpcb_prot.c
mv -f .deps/libtirpc_la-pmap_prot2.Tpo .deps/libtirpc_la-pmap_prot2.Plo
/bin/sh ../libtool  --tag=CC   --mode=compile gcc -DHAVE_CONFIG_H -I. -I..  -I../tirpc -include config.h -DPORTMAP -DINET6 -D_GNU_SOURCE -Wall -pipe   -O2 -mabi=lp64d -march=rv64gc -MT libtirpc_la-rpcb_st_xdr.lo -MD -MP -MF .deps/libtirpc_la-rpcb_st_xdr.Tpo -c -o libtirpc_la-rpcb_st_xdr.lo `test -f 'rpcb_st_xdr.c' || echo './'`rpcb_st_xdr.c
libtool: compile:  gcc -DHAVE_CONFIG_H -I. -I.. -I../tirpc -include config.h -DPORTMAP -DINET6 -D_GNU_SOURCE -Wall -pipe -O2 -mabi=lp64d -march=rv64gc -MT libtirpc_la-rpcb_clnt.lo -MD -MP -MF .deps/libtirpc_la-rpcb_clnt.Tpo -c rpcb_clnt.c  -fPIC -DPIC -o .libs/libtirpc_la-rpcb_clnt.o
mv -f .deps/libtirpc_la-pmap_rmt.Tpo .deps/libtirpc_la-pmap_rmt.Plo
/bin/sh ../libtool  --tag=CC   --mode=compile gcc -DHAVE_CONFIG_H -I. -I..  -I../tirpc -include config.h -DPORTMAP -DINET6 -D_GNU_SOURCE -Wall -pipe   -O2 -mabi=lp64d -march=rv64gc -MT libtirpc_la-svc.lo -MD -MP -MF .deps/libtirpc_la-svc.Tpo -c -o libtirpc_la-svc.lo `test -f 'svc.c' || echo './'`svc.c
libtool: compile:  gcc -DHAVE_CONFIG_H -I. -I.. -I../tirpc -include config.h -DPORTMAP -DINET6 -D_GNU_SOURCE -Wall -pipe -O2 -mabi=lp64d -march=rv64gc -MT libtirpc_la-rpcb_prot.lo -MD -MP -MF .deps/libtirpc_la-rpcb_prot.Tpo -c rpcb_prot.c  -fPIC -DPIC -o .libs/libtirpc_la-rpcb_prot.o
libtool: compile:  gcc -DHAVE_CONFIG_H -I. -I.. -I../tirpc -include config.h -DPORTMAP -DINET6 -D_GNU_SOURCE -Wall -pipe -O2 -mabi=lp64d -march=rv64gc -MT libtirpc_la-rpcb_st_xdr.lo -MD -MP -MF .deps/libtirpc_la-rpcb_st_xdr.Tpo -c rpcb_st_xdr.c  -fPIC -DPIC -o .libs/libtirpc_la-rpcb_st_xdr.o
mv -f .deps/libtirpc_la-rpc_prot.Tpo .deps/libtirpc_la-rpc_prot.Plo
/bin/sh ../libtool  --tag=CC   --mode=compile gcc -DHAVE_CONFIG_H -I. -I..  -I../tirpc -include config.h -DPORTMAP -DINET6 -D_GNU_SOURCE -Wall -pipe   -O2 -mabi=lp64d -march=rv64gc -MT libtirpc_la-svc_auth.lo -MD -MP -MF .deps/libtirpc_la-svc_auth.Tpo -c -o libtirpc_la-svc_auth.lo `test -f 'svc_auth.c' || echo './'`svc_auth.c
libtool: compile:  gcc -DHAVE_CONFIG_H -I. -I.. -I../tirpc -include config.h -DPORTMAP -DINET6 -D_GNU_SOURCE -Wall -pipe -O2 -mabi=lp64d -march=rv64gc -MT libtirpc_la-svc.lo -MD -MP -MF .deps/libtirpc_la-svc.Tpo -c svc.c  -fPIC -DPIC -o .libs/libtirpc_la-svc.o
mv -f .deps/libtirpc_la-rpc_callmsg.Tpo .deps/libtirpc_la-rpc_callmsg.Plo
/bin/sh ../libtool  --tag=CC   --mode=compile gcc -DHAVE_CONFIG_H -I. -I..  -I../tirpc -include config.h -DPORTMAP -DINET6 -D_GNU_SOURCE -Wall -pipe   -O2 -mabi=lp64d -march=rv64gc -MT libtirpc_la-svc_dg.lo -MD -MP -MF .deps/libtirpc_la-svc_dg.Tpo -c -o libtirpc_la-svc_dg.lo `test -f 'svc_dg.c' || echo './'`svc_dg.c
libtool: compile:  gcc -DHAVE_CONFIG_H -I. -I.. -I../tirpc -include config.h -DPORTMAP -DINET6 -D_GNU_SOURCE -Wall -pipe -O2 -mabi=lp64d -march=rv64gc -MT libtirpc_la-svc_auth.lo -MD -MP -MF .deps/libtirpc_la-svc_auth.Tpo -c svc_auth.c  -fPIC -DPIC -o .libs/libtirpc_la-svc_auth.o
libtool: compile:  gcc -DHAVE_CONFIG_H -I. -I.. -I../tirpc -include config.h -DPORTMAP -DINET6 -D_GNU_SOURCE -Wall -pipe -O2 -mabi=lp64d -march=rv64gc -MT libtirpc_la-svc_dg.lo -MD -MP -MF .deps/libtirpc_la-svc_dg.Tpo -c svc_dg.c  -fPIC -DPIC -o .libs/libtirpc_la-svc_dg.o
mv -f .deps/libtirpc_la-rpcb_prot.Tpo .deps/libtirpc_la-rpcb_prot.Plo
mv -f .deps/libtirpc_la-rpcb_st_xdr.Tpo .deps/libtirpc_la-rpcb_st_xdr.Plo
/bin/sh ../libtool  --tag=CC   --mode=compile gcc -DHAVE_CONFIG_H -I. -I..  -I../tirpc -include config.h -DPORTMAP -DINET6 -D_GNU_SOURCE -Wall -pipe   -O2 -mabi=lp64d -march=rv64gc -MT libtirpc_la-svc_auth_unix.lo -MD -MP -MF .deps/libtirpc_la-svc_auth_unix.Tpo -c -o libtirpc_la-svc_auth_unix.lo `test -f 'svc_auth_unix.c' || echo './'`svc_auth_unix.c
/bin/sh ../libtool  --tag=CC   --mode=compile gcc -DHAVE_CONFIG_H -I. -I..  -I../tirpc -include config.h -DPORTMAP -DINET6 -D_GNU_SOURCE -Wall -pipe   -O2 -mabi=lp64d -march=rv64gc -MT libtirpc_la-svc_auth_none.lo -MD -MP -MF .deps/libtirpc_la-svc_auth_none.Tpo -c -o libtirpc_la-svc_auth_none.lo `test -f 'svc_auth_none.c' || echo './'`svc_auth_none.c
mv -f .deps/libtirpc_la-rpc_soc.Tpo .deps/libtirpc_la-rpc_soc.Plo
/bin/sh ../libtool  --tag=CC   --mode=compile gcc -DHAVE_CONFIG_H -I. -I..  -I../tirpc -include config.h -DPORTMAP -DINET6 -D_GNU_SOURCE -Wall -pipe   -O2 -mabi=lp64d -march=rv64gc -MT libtirpc_la-svc_generic.lo -MD -MP -MF .deps/libtirpc_la-svc_generic.Tpo -c -o libtirpc_la-svc_generic.lo `test -f 'svc_generic.c' || echo './'`svc_generic.c
mv -f .deps/libtirpc_la-rpc_generic.Tpo .deps/libtirpc_la-rpc_generic.Plo
/bin/sh ../libtool  --tag=CC   --mode=compile gcc -DHAVE_CONFIG_H -I. -I..  -I../tirpc -include config.h -DPORTMAP -DINET6 -D_GNU_SOURCE -Wall -pipe   -O2 -mabi=lp64d -march=rv64gc -MT libtirpc_la-svc_raw.lo -MD -MP -MF .deps/libtirpc_la-svc_raw.Tpo -c -o libtirpc_la-svc_raw.lo `test -f 'svc_raw.c' || echo './'`svc_raw.c
libtool: compile:  gcc -DHAVE_CONFIG_H -I. -I.. -I../tirpc -include config.h -DPORTMAP -DINET6 -D_GNU_SOURCE -Wall -pipe -O2 -mabi=lp64d -march=rv64gc -MT libtirpc_la-svc_auth_none.lo -MD -MP -MF .deps/libtirpc_la-svc_auth_none.Tpo -c svc_auth_none.c  -fPIC -DPIC -o .libs/libtirpc_la-svc_auth_none.o
libtool: compile:  gcc -DHAVE_CONFIG_H -I. -I.. -I../tirpc -include config.h -DPORTMAP -DINET6 -D_GNU_SOURCE -Wall -pipe -O2 -mabi=lp64d -march=rv64gc -MT libtirpc_la-svc_generic.lo -MD -MP -MF .deps/libtirpc_la-svc_generic.Tpo -c svc_generic.c  -fPIC -DPIC -o .libs/libtirpc_la-svc_generic.o
libtool: compile:  gcc -DHAVE_CONFIG_H -I. -I.. -I../tirpc -include config.h -DPORTMAP -DINET6 -D_GNU_SOURCE -Wall -pipe -O2 -mabi=lp64d -march=rv64gc -MT libtirpc_la-svc_auth_unix.lo -MD -MP -MF .deps/libtirpc_la-svc_auth_unix.Tpo -c svc_auth_unix.c  -fPIC -DPIC -o .libs/libtirpc_la-svc_auth_unix.o
mv -f .deps/libtirpc_la-svc_auth.Tpo .deps/libtirpc_la-svc_auth.Plo
/bin/sh ../libtool  --tag=CC   --mode=compile gcc -DHAVE_CONFIG_H -I. -I..  -I../tirpc -include config.h -DPORTMAP -DINET6 -D_GNU_SOURCE -Wall -pipe   -O2 -mabi=lp64d -march=rv64gc -MT libtirpc_la-svc_run.lo -MD -MP -MF .deps/libtirpc_la-svc_run.Tpo -c -o libtirpc_la-svc_run.lo `test -f 'svc_run.c' || echo './'`svc_run.c
libtool: compile:  gcc -DHAVE_CONFIG_H -I. -I.. -I../tirpc -include config.h -DPORTMAP -DINET6 -D_GNU_SOURCE -Wall -pipe -O2 -mabi=lp64d -march=rv64gc -MT libtirpc_la-svc_raw.lo -MD -MP -MF .deps/libtirpc_la-svc_raw.Tpo -c svc_raw.c  -fPIC -DPIC -o .libs/libtirpc_la-svc_raw.o
libtool: compile:  gcc -DHAVE_CONFIG_H -I. -I.. -I../tirpc -include config.h -DPORTMAP -DINET6 -D_GNU_SOURCE -Wall -pipe -O2 -mabi=lp64d -march=rv64gc -MT libtirpc_la-svc_run.lo -MD -MP -MF .deps/libtirpc_la-svc_run.Tpo -c svc_run.c  -fPIC -DPIC -o .libs/libtirpc_la-svc_run.o
mv -f .deps/libtirpc_la-svc_auth_none.Tpo .deps/libtirpc_la-svc_auth_none.Plo
/bin/sh ../libtool  --tag=CC   --mode=compile gcc -DHAVE_CONFIG_H -I. -I..  -I../tirpc -include config.h -DPORTMAP -DINET6 -D_GNU_SOURCE -Wall -pipe   -O2 -mabi=lp64d -march=rv64gc -MT libtirpc_la-svc_simple.lo -MD -MP -MF .deps/libtirpc_la-svc_simple.Tpo -c -o libtirpc_la-svc_simple.lo `test -f 'svc_simple.c' || echo './'`svc_simple.c
mv -f .deps/libtirpc_la-rpcb_clnt.Tpo .deps/libtirpc_la-rpcb_clnt.Plo
/bin/sh ../libtool  --tag=CC   --mode=compile gcc -DHAVE_CONFIG_H -I. -I..  -I../tirpc -include config.h -DPORTMAP -DINET6 -D_GNU_SOURCE -Wall -pipe   -O2 -mabi=lp64d -march=rv64gc -MT libtirpc_la-svc_vc.lo -MD -MP -MF .deps/libtirpc_la-svc_vc.Tpo -c -o libtirpc_la-svc_vc.lo `test -f 'svc_vc.c' || echo './'`svc_vc.c
libtool: compile:  gcc -DHAVE_CONFIG_H -I. -I.. -I../tirpc -include config.h -DPORTMAP -DINET6 -D_GNU_SOURCE -Wall -pipe -O2 -mabi=lp64d -march=rv64gc -MT libtirpc_la-svc_simple.lo -MD -MP -MF .deps/libtirpc_la-svc_simple.Tpo -c svc_simple.c  -fPIC -DPIC -o .libs/libtirpc_la-svc_simple.o
mv -f .deps/libtirpc_la-svc.Tpo .deps/libtirpc_la-svc.Plo
mv -f .deps/libtirpc_la-svc_dg.Tpo .deps/libtirpc_la-svc_dg.Plo
/bin/sh ../libtool  --tag=CC   --mode=compile gcc -DHAVE_CONFIG_H -I. -I..  -I../tirpc -include config.h -DPORTMAP -DINET6 -D_GNU_SOURCE -Wall -pipe   -O2 -mabi=lp64d -march=rv64gc -MT libtirpc_la-getpeereid.lo -MD -MP -MF .deps/libtirpc_la-getpeereid.Tpo -c -o libtirpc_la-getpeereid.lo `test -f 'getpeereid.c' || echo './'`getpeereid.c
/bin/sh ../libtool  --tag=CC   --mode=compile gcc -DHAVE_CONFIG_H -I. -I..  -I../tirpc -include config.h -DPORTMAP -DINET6 -D_GNU_SOURCE -Wall -pipe   -O2 -mabi=lp64d -march=rv64gc -MT libtirpc_la-auth_time.lo -MD -MP -MF .deps/libtirpc_la-auth_time.Tpo -c -o libtirpc_la-auth_time.lo `test -f 'auth_time.c' || echo './'`auth_time.c
libtool: compile:  gcc -DHAVE_CONFIG_H -I. -I.. -I../tirpc -include config.h -DPORTMAP -DINET6 -D_GNU_SOURCE -Wall -pipe -O2 -mabi=lp64d -march=rv64gc -MT libtirpc_la-svc_vc.lo -MD -MP -MF .deps/libtirpc_la-svc_vc.Tpo -c svc_vc.c  -fPIC -DPIC -o .libs/libtirpc_la-svc_vc.o
mv -f .deps/libtirpc_la-svc_generic.Tpo .deps/libtirpc_la-svc_generic.Plo
/bin/sh ../libtool  --tag=CC   --mode=compile gcc -DHAVE_CONFIG_H -I. -I..  -I../tirpc -include config.h -DPORTMAP -DINET6 -D_GNU_SOURCE -Wall -pipe   -O2 -mabi=lp64d -march=rv64gc -MT libtirpc_la-debug.lo -MD -MP -MF .deps/libtirpc_la-debug.Tpo -c -o libtirpc_la-debug.lo `test -f 'debug.c' || echo './'`debug.c
mv -f .deps/libtirpc_la-svc_auth_unix.Tpo .deps/libtirpc_la-svc_auth_unix.Plo
/bin/sh ../libtool  --tag=CC   --mode=compile gcc -DHAVE_CONFIG_H -I. -I..  -I../tirpc -include config.h -DPORTMAP -DINET6 -D_GNU_SOURCE -Wall -pipe   -O2 -mabi=lp64d -march=rv64gc -MT libtirpc_la-xdr.lo -MD -MP -MF .deps/libtirpc_la-xdr.Tpo -c -o libtirpc_la-xdr.lo `test -f 'xdr.c' || echo './'`xdr.c
libtool: compile:  gcc -DHAVE_CONFIG_H -I. -I.. -I../tirpc -include config.h -DPORTMAP -DINET6 -D_GNU_SOURCE -Wall -pipe -O2 -mabi=lp64d -march=rv64gc -MT libtirpc_la-auth_time.lo -MD -MP -MF .deps/libtirpc_la-auth_time.Tpo -c auth_time.c  -fPIC -DPIC -o .libs/libtirpc_la-auth_time.o
libtool: compile:  gcc -DHAVE_CONFIG_H -I. -I.. -I../tirpc -include config.h -DPORTMAP -DINET6 -D_GNU_SOURCE -Wall -pipe -O2 -mabi=lp64d -march=rv64gc -MT libtirpc_la-getpeereid.lo -MD -MP -MF .deps/libtirpc_la-getpeereid.Tpo -c getpeereid.c  -fPIC -DPIC -o .libs/libtirpc_la-getpeereid.o
mv -f .deps/libtirpc_la-svc_raw.Tpo .deps/libtirpc_la-svc_raw.Plo
/bin/sh ../libtool  --tag=CC   --mode=compile gcc -DHAVE_CONFIG_H -I. -I..  -I../tirpc -include config.h -DPORTMAP -DINET6 -D_GNU_SOURCE -Wall -pipe   -O2 -mabi=lp64d -march=rv64gc -MT libtirpc_la-xdr_rec.lo -MD -MP -MF .deps/libtirpc_la-xdr_rec.Tpo -c -o libtirpc_la-xdr_rec.lo `test -f 'xdr_rec.c' || echo './'`xdr_rec.c
mv -f .deps/libtirpc_la-svc_run.Tpo .deps/libtirpc_la-svc_run.Plo
/bin/sh ../libtool  --tag=CC   --mode=compile gcc -DHAVE_CONFIG_H -I. -I..  -I../tirpc -include config.h -DPORTMAP -DINET6 -D_GNU_SOURCE -Wall -pipe   -O2 -mabi=lp64d -march=rv64gc -MT libtirpc_la-xdr_array.lo -MD -MP -MF .deps/libtirpc_la-xdr_array.Tpo -c -o libtirpc_la-xdr_array.lo `test -f 'xdr_array.c' || echo './'`xdr_array.c
libtool: compile:  gcc -DHAVE_CONFIG_H -I. -I.. -I../tirpc -include config.h -DPORTMAP -DINET6 -D_GNU_SOURCE -Wall -pipe -O2 -mabi=lp64d -march=rv64gc -MT libtirpc_la-debug.lo -MD -MP -MF .deps/libtirpc_la-debug.Tpo -c debug.c  -fPIC -DPIC -o .libs/libtirpc_la-debug.o
libtool: compile:  gcc -DHAVE_CONFIG_H -I. -I.. -I../tirpc -include config.h -DPORTMAP -DINET6 -D_GNU_SOURCE -Wall -pipe -O2 -mabi=lp64d -march=rv64gc -MT libtirpc_la-xdr.lo -MD -MP -MF .deps/libtirpc_la-xdr.Tpo -c xdr.c  -fPIC -DPIC -o .libs/libtirpc_la-xdr.o
libtool: compile:  gcc -DHAVE_CONFIG_H -I. -I.. -I../tirpc -include config.h -DPORTMAP -DINET6 -D_GNU_SOURCE -Wall -pipe -O2 -mabi=lp64d -march=rv64gc -MT libtirpc_la-xdr_rec.lo -MD -MP -MF .deps/libtirpc_la-xdr_rec.Tpo -c xdr_rec.c  -fPIC -DPIC -o .libs/libtirpc_la-xdr_rec.o
libtool: compile:  gcc -DHAVE_CONFIG_H -I. -I.. -I../tirpc -include config.h -DPORTMAP -DINET6 -D_GNU_SOURCE -Wall -pipe -O2 -mabi=lp64d -march=rv64gc -MT libtirpc_la-xdr_array.lo -MD -MP -MF .deps/libtirpc_la-xdr_array.Tpo -c xdr_array.c  -fPIC -DPIC -o .libs/libtirpc_la-xdr_array.o
mv -f .deps/libtirpc_la-getpeereid.Tpo .deps/libtirpc_la-getpeereid.Plo
/bin/sh ../libtool  --tag=CC   --mode=compile gcc -DHAVE_CONFIG_H -I. -I..  -I../tirpc -include config.h -DPORTMAP -DINET6 -D_GNU_SOURCE -Wall -pipe   -O2 -mabi=lp64d -march=rv64gc -MT libtirpc_la-xdr_float.lo -MD -MP -MF .deps/libtirpc_la-xdr_float.Tpo -c -o libtirpc_la-xdr_float.lo `test -f 'xdr_float.c' || echo './'`xdr_float.c
mv -f .deps/libtirpc_la-svc_simple.Tpo .deps/libtirpc_la-svc_simple.Plo
/bin/sh ../libtool  --tag=CC   --mode=compile gcc -DHAVE_CONFIG_H -I. -I..  -I../tirpc -include config.h -DPORTMAP -DINET6 -D_GNU_SOURCE -Wall -pipe   -O2 -mabi=lp64d -march=rv64gc -MT libtirpc_la-xdr_mem.lo -MD -MP -MF .deps/libtirpc_la-xdr_mem.Tpo -c -o libtirpc_la-xdr_mem.lo `test -f 'xdr_mem.c' || echo './'`xdr_mem.c
libtool: compile:  gcc -DHAVE_CONFIG_H -I. -I.. -I../tirpc -include config.h -DPORTMAP -DINET6 -D_GNU_SOURCE -Wall -pipe -O2 -mabi=lp64d -march=rv64gc -MT libtirpc_la-xdr_float.lo -MD -MP -MF .deps/libtirpc_la-xdr_float.Tpo -c xdr_float.c  -fPIC -DPIC -o .libs/libtirpc_la-xdr_float.o
mv -f .deps/libtirpc_la-debug.Tpo .deps/libtirpc_la-debug.Plo
/bin/sh ../libtool  --tag=CC   --mode=compile gcc -DHAVE_CONFIG_H -I. -I..  -I../tirpc -include config.h -DPORTMAP -DINET6 -D_GNU_SOURCE -Wall -pipe   -O2 -mabi=lp64d -march=rv64gc -MT libtirpc_la-xdr_reference.lo -MD -MP -MF .deps/libtirpc_la-xdr_reference.Tpo -c -o libtirpc_la-xdr_reference.lo `test -f 'xdr_reference.c' || echo './'`xdr_reference.c
libtool: compile:  gcc -DHAVE_CONFIG_H -I. -I.. -I../tirpc -include config.h -DPORTMAP -DINET6 -D_GNU_SOURCE -Wall -pipe -O2 -mabi=lp64d -march=rv64gc -MT libtirpc_la-xdr_mem.lo -MD -MP -MF .deps/libtirpc_la-xdr_mem.Tpo -c xdr_mem.c  -fPIC -DPIC -o .libs/libtirpc_la-xdr_mem.o
libtool: compile:  gcc -DHAVE_CONFIG_H -I. -I.. -I../tirpc -include config.h -DPORTMAP -DINET6 -D_GNU_SOURCE -Wall -pipe -O2 -mabi=lp64d -march=rv64gc -MT libtirpc_la-xdr_reference.lo -MD -MP -MF .deps/libtirpc_la-xdr_reference.Tpo -c xdr_reference.c  -fPIC -DPIC -o .libs/libtirpc_la-xdr_reference.o
mv -f .deps/libtirpc_la-xdr_array.Tpo .deps/libtirpc_la-xdr_array.Plo
/bin/sh ../libtool  --tag=CC   --mode=compile gcc -DHAVE_CONFIG_H -I. -I..  -I../tirpc -include config.h -DPORTMAP -DINET6 -D_GNU_SOURCE -Wall -pipe   -O2 -mabi=lp64d -march=rv64gc -MT libtirpc_la-xdr_stdio.lo -MD -MP -MF .deps/libtirpc_la-xdr_stdio.Tpo -c -o libtirpc_la-xdr_stdio.lo `test -f 'xdr_stdio.c' || echo './'`xdr_stdio.c
mv -f .deps/libtirpc_la-auth_time.Tpo .deps/libtirpc_la-auth_time.Plo
/bin/sh ../libtool  --tag=CC   --mode=compile gcc -DHAVE_CONFIG_H -I. -I..  -I../tirpc -include config.h -DPORTMAP -DINET6 -D_GNU_SOURCE -Wall -pipe   -O2 -mabi=lp64d -march=rv64gc -MT libtirpc_la-xdr_sizeof.lo -MD -MP -MF .deps/libtirpc_la-xdr_sizeof.Tpo -c -o libtirpc_la-xdr_sizeof.lo `test -f 'xdr_sizeof.c' || echo './'`xdr_sizeof.c
mv -f .deps/libtirpc_la-svc_vc.Tpo .deps/libtirpc_la-svc_vc.Plo
/bin/sh ../libtool  --tag=CC   --mode=compile gcc -DHAVE_CONFIG_H -I. -I..  -I../tirpc -include config.h -DPORTMAP -DINET6 -D_GNU_SOURCE -Wall -pipe   -O2 -mabi=lp64d -march=rv64gc -MT libtirpc_la-key_call.lo -MD -MP -MF .deps/libtirpc_la-key_call.Tpo -c -o libtirpc_la-key_call.lo `test -f 'key_call.c' || echo './'`key_call.c
mv -f .deps/libtirpc_la-xdr_float.Tpo .deps/libtirpc_la-xdr_float.Plo
/bin/sh ../libtool  --tag=CC   --mode=compile gcc -DHAVE_CONFIG_H -I. -I..  -I../tirpc -include config.h -DPORTMAP -DINET6 -D_GNU_SOURCE -Wall -pipe   -O2 -mabi=lp64d -march=rv64gc -MT libtirpc_la-key_prot_xdr.lo -MD -MP -MF .deps/libtirpc_la-key_prot_xdr.Tpo -c -o libtirpc_la-key_prot_xdr.lo `test -f 'key_prot_xdr.c' || echo './'`key_prot_xdr.c
libtool: compile:  gcc -DHAVE_CONFIG_H -I. -I.. -I../tirpc -include config.h -DPORTMAP -DINET6 -D_GNU_SOURCE -Wall -pipe -O2 -mabi=lp64d -march=rv64gc -MT libtirpc_la-xdr_stdio.lo -MD -MP -MF .deps/libtirpc_la-xdr_stdio.Tpo -c xdr_stdio.c  -fPIC -DPIC -o .libs/libtirpc_la-xdr_stdio.o
libtool: compile:  gcc -DHAVE_CONFIG_H -I. -I.. -I../tirpc -include config.h -DPORTMAP -DINET6 -D_GNU_SOURCE -Wall -pipe -O2 -mabi=lp64d -march=rv64gc -MT libtirpc_la-key_call.lo -MD -MP -MF .deps/libtirpc_la-key_call.Tpo -c key_call.c  -fPIC -DPIC -o .libs/libtirpc_la-key_call.o
mv -f .deps/libtirpc_la-xdr.Tpo .deps/libtirpc_la-xdr.Plo
libtool: compile:  gcc -DHAVE_CONFIG_H -I. -I.. -I../tirpc -include config.h -DPORTMAP -DINET6 -D_GNU_SOURCE -Wall -pipe -O2 -mabi=lp64d -march=rv64gc -MT libtirpc_la-xdr_sizeof.lo -MD -MP -MF .deps/libtirpc_la-xdr_sizeof.Tpo -c xdr_sizeof.c  -fPIC -DPIC -o .libs/libtirpc_la-xdr_sizeof.o
/bin/sh ../libtool  --tag=CC   --mode=compile gcc -DHAVE_CONFIG_H -I. -I..  -I../tirpc -include config.h -DPORTMAP -DINET6 -D_GNU_SOURCE -Wall -pipe   -O2 -mabi=lp64d -march=rv64gc -MT libtirpc_la-getpublickey.lo -MD -MP -MF .deps/libtirpc_la-getpublickey.Tpo -c -o libtirpc_la-getpublickey.lo `test -f 'getpublickey.c' || echo './'`getpublickey.c
mv -f .deps/libtirpc_la-xdr_reference.Tpo .deps/libtirpc_la-xdr_reference.Plo
/bin/sh ../libtool  --tag=CC   --mode=compile gcc -DHAVE_CONFIG_H -I. -I..  -I../tirpc -include config.h -DPORTMAP -DINET6 -D_GNU_SOURCE -Wall -pipe   -O2 -mabi=lp64d -march=rv64gc -MT libtirpc_la-netname.lo -MD -MP -MF .deps/libtirpc_la-netname.Tpo -c -o libtirpc_la-netname.lo `test -f 'netname.c' || echo './'`netname.c
libtool: compile:  gcc -DHAVE_CONFIG_H -I. -I.. -I../tirpc -include config.h -DPORTMAP -DINET6 -D_GNU_SOURCE -Wall -pipe -O2 -mabi=lp64d -march=rv64gc -MT libtirpc_la-key_prot_xdr.lo -MD -MP -MF .deps/libtirpc_la-key_prot_xdr.Tpo -c key_prot_xdr.c  -fPIC -DPIC -o .libs/libtirpc_la-key_prot_xdr.o
mv -f .deps/libtirpc_la-xdr_mem.Tpo .deps/libtirpc_la-xdr_mem.Plo
/bin/sh ../libtool  --tag=CC   --mode=compile gcc -DHAVE_CONFIG_H -I. -I..  -I../tirpc -include config.h -DPORTMAP -DINET6 -D_GNU_SOURCE -Wall -pipe   -O2 -mabi=lp64d -march=rv64gc -MT libtirpc_la-netnamer.lo -MD -MP -MF .deps/libtirpc_la-netnamer.Tpo -c -o libtirpc_la-netnamer.lo `test -f 'netnamer.c' || echo './'`netnamer.c
mv -f .deps/libtirpc_la-xdr_rec.Tpo .deps/libtirpc_la-xdr_rec.Plo
/bin/sh ../libtool  --tag=CC   --mode=compile gcc -DHAVE_CONFIG_H -I. -I..  -I../tirpc -include config.h -DPORTMAP -DINET6 -D_GNU_SOURCE -Wall -pipe   -O2 -mabi=lp64d -march=rv64gc -MT libtirpc_la-rpcdname.lo -MD -MP -MF .deps/libtirpc_la-rpcdname.Tpo -c -o libtirpc_la-rpcdname.lo `test -f 'rpcdname.c' || echo './'`rpcdname.c
libtool: compile:  gcc -DHAVE_CONFIG_H -I. -I.. -I../tirpc -include config.h -DPORTMAP -DINET6 -D_GNU_SOURCE -Wall -pipe -O2 -mabi=lp64d -march=rv64gc -MT libtirpc_la-getpublickey.lo -MD -MP -MF .deps/libtirpc_la-getpublickey.Tpo -c getpublickey.c  -fPIC -DPIC -o .libs/libtirpc_la-getpublickey.o
libtool: compile:  gcc -DHAVE_CONFIG_H -I. -I.. -I../tirpc -include config.h -DPORTMAP -DINET6 -D_GNU_SOURCE -Wall -pipe -O2 -mabi=lp64d -march=rv64gc -MT libtirpc_la-netname.lo -MD -MP -MF .deps/libtirpc_la-netname.Tpo -c netname.c  -fPIC -DPIC -o .libs/libtirpc_la-netname.o
libtool: compile:  gcc -DHAVE_CONFIG_H -I. -I.. -I../tirpc -include config.h -DPORTMAP -DINET6 -D_GNU_SOURCE -Wall -pipe -O2 -mabi=lp64d -march=rv64gc -MT libtirpc_la-netnamer.lo -MD -MP -MF .deps/libtirpc_la-netnamer.Tpo -c netnamer.c  -fPIC -DPIC -o .libs/libtirpc_la-netnamer.o
libtool: compile:  gcc -DHAVE_CONFIG_H -I. -I.. -I../tirpc -include config.h -DPORTMAP -DINET6 -D_GNU_SOURCE -Wall -pipe -O2 -mabi=lp64d -march=rv64gc -MT libtirpc_la-rpcdname.lo -MD -MP -MF .deps/libtirpc_la-rpcdname.Tpo -c rpcdname.c  -fPIC -DPIC -o .libs/libtirpc_la-rpcdname.o
mv -f .deps/libtirpc_la-xdr_stdio.Tpo .deps/libtirpc_la-xdr_stdio.Plo
/bin/sh ../libtool  --tag=CC   --mode=compile gcc -DHAVE_CONFIG_H -I. -I..  -I../tirpc -include config.h -DPORTMAP -DINET6 -D_GNU_SOURCE -Wall -pipe   -O2 -mabi=lp64d -march=rv64gc -MT libtirpc_la-rtime.lo -MD -MP -MF .deps/libtirpc_la-rtime.Tpo -c -o libtirpc_la-rtime.lo `test -f 'rtime.c' || echo './'`rtime.c
mv -f .deps/libtirpc_la-xdr_sizeof.Tpo .deps/libtirpc_la-xdr_sizeof.Plo
libtool: compile:  gcc -DHAVE_CONFIG_H -I. -I.. -I../tirpc -include config.h -DPORTMAP -DINET6 -D_GNU_SOURCE -Wall -pipe -O2 -mabi=lp64d -march=rv64gc -MT libtirpc_la-rtime.lo -MD -MP -MF .deps/libtirpc_la-rtime.Tpo -c rtime.c  -fPIC -DPIC -o .libs/libtirpc_la-rtime.o
mv -f .deps/libtirpc_la-key_prot_xdr.Tpo .deps/libtirpc_la-key_prot_xdr.Plo
mv -f .deps/libtirpc_la-getpublickey.Tpo .deps/libtirpc_la-getpublickey.Plo
mv -f .deps/libtirpc_la-rpcdname.Tpo .deps/libtirpc_la-rpcdname.Plo
mv -f .deps/libtirpc_la-netname.Tpo .deps/libtirpc_la-netname.Plo
mv -f .deps/libtirpc_la-key_call.Tpo .deps/libtirpc_la-key_call.Plo
mv -f .deps/libtirpc_la-netnamer.Tpo .deps/libtirpc_la-netnamer.Plo
mv -f .deps/libtirpc_la-rtime.Tpo .deps/libtirpc_la-rtime.Plo
/bin/sh ../libtool  --tag=CC   --mode=link gcc  -O2 -mabi=lp64d -march=rv64gc -Wl,--no-undefined -no-undefined -lpthread -version-info 3:0:0 -Wl,--version-script=./libtirpc.map  -o libtirpc.la -rpath /usr/lib libtirpc_la-auth_none.lo libtirpc_la-auth_unix.lo libtirpc_la-authunix_prot.lo libtirpc_la-binddynport.lo libtirpc_la-bindresvport.lo libtirpc_la-clnt_bcast.lo libtirpc_la-clnt_dg.lo libtirpc_la-clnt_generic.lo libtirpc_la-clnt_perror.lo libtirpc_la-clnt_raw.lo libtirpc_la-clnt_simple.lo libtirpc_la-clnt_vc.lo libtirpc_la-rpc_dtablesize.lo libtirpc_la-getnetconfig.lo libtirpc_la-getnetpath.lo libtirpc_la-getrpcent.lo libtirpc_la-getrpcport.lo libtirpc_la-mt_misc.lo libtirpc_la-pmap_clnt.lo libtirpc_la-pmap_getmaps.lo libtirpc_la-pmap_getport.lo libtirpc_la-pmap_prot.lo libtirpc_la-pmap_prot2.lo libtirpc_la-pmap_rmt.lo libtirpc_la-rpc_prot.lo libtirpc_la-rpc_commondata.lo libtirpc_la-rpc_callmsg.lo libtirpc_la-rpc_generic.lo libtirpc_la-rpc_soc.lo libtirpc_la-rpcb_clnt.lo libtirpc_la-rpcb_prot.lo libtirpc_la-rpcb_st_xdr.lo libtirpc_la-svc.lo libtirpc_la-svc_auth.lo libtirpc_la-svc_dg.lo libtirpc_la-svc_auth_unix.lo libtirpc_la-svc_auth_none.lo libtirpc_la-svc_generic.lo libtirpc_la-svc_raw.lo libtirpc_la-svc_run.lo libtirpc_la-svc_simple.lo libtirpc_la-svc_vc.lo libtirpc_la-getpeereid.lo libtirpc_la-auth_time.lo libtirpc_la-debug.lo  libtirpc_la-xdr.lo libtirpc_la-xdr_rec.lo libtirpc_la-xdr_array.lo libtirpc_la-xdr_float.lo libtirpc_la-xdr_mem.lo libtirpc_la-xdr_reference.lo libtirpc_la-xdr_stdio.lo libtirpc_la-xdr_sizeof.lo  libtirpc_la-key_call.lo libtirpc_la-key_prot_xdr.lo libtirpc_la-getpublickey.lo libtirpc_la-netname.lo libtirpc_la-netnamer.lo libtirpc_la-rpcdname.lo libtirpc_la-rtime.lo  
libtool: link: gcc -shared  -fPIC -DPIC  .libs/libtirpc_la-auth_none.o .libs/libtirpc_la-auth_unix.o .libs/libtirpc_la-authunix_prot.o .libs/libtirpc_la-binddynport.o .libs/libtirpc_la-bindresvport.o .libs/libtirpc_la-clnt_bcast.o .libs/libtirpc_la-clnt_dg.o .libs/libtirpc_la-clnt_generic.o .libs/libtirpc_la-clnt_perror.o .libs/libtirpc_la-clnt_raw.o .libs/libtirpc_la-clnt_simple.o .libs/libtirpc_la-clnt_vc.o .libs/libtirpc_la-rpc_dtablesize.o .libs/libtirpc_la-getnetconfig.o .libs/libtirpc_la-getnetpath.o .libs/libtirpc_la-getrpcent.o .libs/libtirpc_la-getrpcport.o .libs/libtirpc_la-mt_misc.o .libs/libtirpc_la-pmap_clnt.o .libs/libtirpc_la-pmap_getmaps.o .libs/libtirpc_la-pmap_getport.o .libs/libtirpc_la-pmap_prot.o .libs/libtirpc_la-pmap_prot2.o .libs/libtirpc_la-pmap_rmt.o .libs/libtirpc_la-rpc_prot.o .libs/libtirpc_la-rpc_commondata.o .libs/libtirpc_la-rpc_callmsg.o .libs/libtirpc_la-rpc_generic.o .libs/libtirpc_la-rpc_soc.o .libs/libtirpc_la-rpcb_clnt.o .libs/libtirpc_la-rpcb_prot.o .libs/libtirpc_la-rpcb_st_xdr.o .libs/libtirpc_la-svc.o .libs/libtirpc_la-svc_auth.o .libs/libtirpc_la-svc_dg.o .libs/libtirpc_la-svc_auth_unix.o .libs/libtirpc_la-svc_auth_none.o .libs/libtirpc_la-svc_generic.o .libs/libtirpc_la-svc_raw.o .libs/libtirpc_la-svc_run.o .libs/libtirpc_la-svc_simple.o .libs/libtirpc_la-svc_vc.o .libs/libtirpc_la-getpeereid.o .libs/libtirpc_la-auth_time.o .libs/libtirpc_la-debug.o .libs/libtirpc_la-xdr.o .libs/libtirpc_la-xdr_rec.o .libs/libtirpc_la-xdr_array.o .libs/libtirpc_la-xdr_float.o .libs/libtirpc_la-xdr_mem.o .libs/libtirpc_la-xdr_reference.o .libs/libtirpc_la-xdr_stdio.o .libs/libtirpc_la-xdr_sizeof.o .libs/libtirpc_la-key_call.o .libs/libtirpc_la-key_prot_xdr.o .libs/libtirpc_la-getpublickey.o .libs/libtirpc_la-netname.o .libs/libtirpc_la-netnamer.o .libs/libtirpc_la-rpcdname.o .libs/libtirpc_la-rtime.o   -lpthread  -O2 -mabi=lp64d -march=rv64gc -Wl,--no-undefined -Wl,--version-script=./libtirpc.map   -Wl,-soname -Wl,libtirpc.so.3 -o .libs/libtirpc.so.3.0.0
libtool: link: (cd ".libs" && rm -f "libtirpc.so.3" && ln -s "libtirpc.so.3.0.0" "libtirpc.so.3")
libtool: link: (cd ".libs" && rm -f "libtirpc.so" && ln -s "libtirpc.so.3.0.0" "libtirpc.so")
libtool: link: ( cd ".libs" && rm -f "libtirpc.la" && ln -s "../libtirpc.la" "libtirpc.la" )
make[2]: Leaving directory '/home/devel/building/work/src/libtirpc-1.3.3/src'
Making all in man
make[2]: Entering directory '/home/devel/building/work/src/libtirpc-1.3.3/man'
make[2]: Nothing to be done for 'all'.
make[2]: Leaving directory '/home/devel/building/work/src/libtirpc-1.3.3/man'
Making all in doc
make[2]: Entering directory '/home/devel/building/work/src/libtirpc-1.3.3/doc'
make[2]: Nothing to be done for 'all'.
make[2]: Leaving directory '/home/devel/building/work/src/libtirpc-1.3.3/doc'
make[2]: Entering directory '/home/devel/building/work/src/libtirpc-1.3.3'
make[2]: Leaving directory '/home/devel/building/work/src/libtirpc-1.3.3'
make[1]: Leaving directory '/home/devel/building/work/src/libtirpc-1.3.3'
+ make DESTDIR=/home/devel/building/work/pkg install
Making install in src
make[1]: Entering directory '/home/devel/building/work/src/libtirpc-1.3.3/src'
make[2]: Entering directory '/home/devel/building/work/src/libtirpc-1.3.3/src'
make[2]: Nothing to be done for 'install-data-am'.
 /bin/mkdir -p '/home/devel/building/work/pkg/usr/lib'
 /bin/sh ../libtool   --mode=install /usr/bin/install -c   libtirpc.la '/home/devel/building/work/pkg/usr/lib'
libtool: install: /usr/bin/install -c .libs/libtirpc.so.3.0.0 /home/devel/building/work/pkg/usr/lib/libtirpc.so.3.0.0
libtool: install: (cd /home/devel/building/work/pkg/usr/lib && { ln -s -f libtirpc.so.3.0.0 libtirpc.so.3 || { rm -f libtirpc.so.3 && ln -s libtirpc.so.3.0.0 libtirpc.so.3; }; })
libtool: install: (cd /home/devel/building/work/pkg/usr/lib && { ln -s -f libtirpc.so.3.0.0 libtirpc.so || { rm -f libtirpc.so && ln -s libtirpc.so.3.0.0 libtirpc.so; }; })
libtool: install: /usr/bin/install -c .libs/libtirpc.lai /home/devel/building/work/pkg/usr/lib/libtirpc.la
libtool: warning: remember to run 'libtool --finish /usr/lib'
make[2]: Leaving directory '/home/devel/building/work/src/libtirpc-1.3.3/src'
make[1]: Leaving directory '/home/devel/building/work/src/libtirpc-1.3.3/src'
Making install in man
make[1]: Entering directory '/home/devel/building/work/src/libtirpc-1.3.3/man'
make[2]: Entering directory '/home/devel/building/work/src/libtirpc-1.3.3/man'
make[2]: Nothing to be done for 'install-exec-am'.
 /bin/mkdir -p '/home/devel/building/work/pkg/usr/share/man/man3'
 /bin/mkdir -p '/home/devel/building/work/pkg/usr/share/man/man5'
 /usr/bin/install -c -m 644 netconfig.5 '/home/devel/building/work/pkg/usr/share/man/man5'
 /usr/bin/install -c -m 644 getrpcent.3t getrpcport.3t getnetconfig.3t getnetpath.3t bindresvport.3t rpc.3t rpc_xdr.3t des_crypt.3t rpc_soc.3t rpc_secure.3t rtime.3t rpc_clnt_auth.3t rpc_clnt_calls.3t rpc_clnt_create.3t rpcbind.3t rpc_svc_calls.3t rpc_svc_create.3t rpc_svc_err.3t rpc_svc_reg.3t '/home/devel/building/work/pkg/usr/share/man/man3'
make[2]: Leaving directory '/home/devel/building/work/src/libtirpc-1.3.3/man'
make[1]: Leaving directory '/home/devel/building/work/src/libtirpc-1.3.3/man'
Making install in doc
make[1]: Entering directory '/home/devel/building/work/src/libtirpc-1.3.3/doc'
make[2]: Entering directory '/home/devel/building/work/src/libtirpc-1.3.3/doc'
make[2]: Nothing to be done for 'install-data-am'.
 /bin/mkdir -p '/home/devel/building/work/pkg/etc'
 /usr/bin/install -c -m 644 netconfig bindresvport.blacklist '/home/devel/building/work/pkg/etc'
make[2]: Leaving directory '/home/devel/building/work/src/libtirpc-1.3.3/doc'
make[1]: Leaving directory '/home/devel/building/work/src/libtirpc-1.3.3/doc'
make[1]: Entering directory '/home/devel/building/work/src/libtirpc-1.3.3'
make[2]: Entering directory '/home/devel/building/work/src/libtirpc-1.3.3'
make[2]: Nothing to be done for 'install-exec-am'.
 /bin/mkdir -p '/home/devel/building/work/pkg/usr/include'
 /bin/mkdir -p '/home/devel/building/work/pkg/usr/lib/pkgconfig'
 /usr/bin/install -c -m 644 libtirpc.pc '/home/devel/building/work/pkg/usr/lib/pkgconfig'
 /bin/mkdir -p '/home/devel/building/work/pkg/usr/include/tirpc/rpcsvc'
 /usr/bin/install -c -m 644  tirpc/rpcsvc/crypt.x tirpc/rpcsvc/crypt.h '/home/devel/building/work/pkg/usr/include/tirpc/rpcsvc'
 /bin/mkdir -p '/home/devel/building/work/pkg/usr/include/tirpc'
 /usr/bin/install -c -m 644  tirpc/netconfig.h '/home/devel/building/work/pkg/usr/include/tirpc'
 /bin/mkdir -p '/home/devel/building/work/pkg/usr/include/tirpc/rpc'
 /usr/bin/install -c -m 644  tirpc/rpc/xdr.h tirpc/rpc/types.h tirpc/rpc/svc_soc.h tirpc/rpc/svc.h tirpc/rpc/svc_dg.h tirpc/rpc/svc_auth.h tirpc/rpc/svc_mt.h tirpc/rpc/rpc_msg.h tirpc/rpc/rpc.h tirpc/rpc/rpcent.h tirpc/rpc/rpc_com.h tirpc/rpc/rpcb_prot.x tirpc/rpc/rpcb_prot.h tirpc/rpc/rpcb_clnt.h tirpc/rpc/raw.h tirpc/rpc/pmap_rmt.h tirpc/rpc/pmap_prot.h tirpc/rpc/pmap_clnt.h tirpc/rpc/nettype.h tirpc/rpc/key_prot.h tirpc/rpc/des.h tirpc/rpc/des_crypt.h tirpc/rpc/clnt_stat.h tirpc/rpc/clnt_soc.h tirpc/rpc/clnt.h tirpc/rpc/auth_unix.h tirpc/rpc/auth_des.h tirpc/rpc/auth.h '/home/devel/building/work/pkg/usr/include/tirpc/rpc'
make[2]: Leaving directory '/home/devel/building/work/src/libtirpc-1.3.3'
make[1]: Leaving directory '/home/devel/building/work/src/libtirpc-1.3.3'
+ find /home/devel/building/work/pkg -type f -name '*.la' -delete
=======> Build result:
drwxr-xr-x  0 root   root        0 Feb 21 19:48 etc/
-rw-r--r--  0 root   root      535 Feb 21 19:48 etc/bindresvport.blacklist
-rw-r--r--  0 root   root      767 Feb 21 19:48 etc/netconfig
drwxr-xr-x  0 root   root        0 Feb 21 19:48 usr/
drwxr-xr-x  0 root   root        0 Feb 21 19:48 usr/include/
drwxr-xr-x  0 root   root        0 Feb 21 19:48 usr/share/
drwxr-xr-x  0 root   root        0 Feb 21 19:48 usr/lib/
drwxr-xr-x  0 root   root        0 Feb 21 19:48 usr/lib/pkgconfig/
lrwxrwxrwx  0 root   root        0 Feb 21 19:48 usr/lib/libtirpc.so -> libtirpc.so.3.0.0
lrwxrwxrwx  0 root   root        0 Feb 21 19:48 usr/lib/libtirpc.so.3 -> libtirpc.so.3.0.0
-rwxr-xr-x  0 root   root   135816 Feb 21 19:48 usr/lib/libtirpc.so.3.0.0
-rw-r--r--  0 root   root      257 Feb 21 19:48 usr/lib/pkgconfig/libtirpc.pc
drwxr-xr-x  0 root   root        0 Feb 21 19:48 usr/share/man/
drwxr-xr-x  0 root   root        0 Feb 21 19:48 usr/share/man/man5/
drwxr-xr-x  0 root   root        0 Feb 21 19:48 usr/share/man/man3/
-rw-r--r--  0 root   root      997 Feb 21 19:48 usr/share/man/man3/getrpcent.3t.gz
-rw-r--r--  0 root   root      482 Feb 21 19:48 usr/share/man/man3/getrpcport.3t.gz
-rw-r--r--  0 root   root     1471 Feb 21 19:48 usr/share/man/man3/getnetconfig.3t.gz
-rw-r--r--  0 root   root     1218 Feb 21 19:48 usr/share/man/man3/getnetpath.3t.gz
-rw-r--r--  0 root   root      985 Feb 21 19:48 usr/share/man/man3/bindresvport.3t.gz
-rw-r--r--  0 root   root     3927 Feb 21 19:48 usr/share/man/man3/rpc.3t.gz
-rw-r--r--  0 root   root     1166 Feb 21 19:48 usr/share/man/man3/rpc_xdr.3t.gz
-rw-r--r--  0 root   root     1313 Feb 21 19:48 usr/share/man/man3/des_crypt.3t.gz
-rw-r--r--  0 root   root     7773 Feb 21 19:48 usr/share/man/man3/rpc_soc.3t.gz
-rw-r--r--  0 root   root     2215 Feb 21 19:48 usr/share/man/man3/rpc_secure.3t.gz
-rw-r--r--  0 root   root      611 Feb 21 19:48 usr/share/man/man3/rtime.3t.gz
-rw-r--r--  0 root   root     1152 Feb 21 19:48 usr/share/man/man3/rpc_clnt_auth.3t.gz
-rw-r--r--  0 root   root     2885 Feb 21 19:48 usr/share/man/man3/rpc_clnt_calls.3t.gz
-rw-r--r--  0 root   root     3789 Feb 21 19:48 usr/share/man/man3/rpc_clnt_create.3t.gz
-rw-r--r--  0 root   root     1867 Feb 21 19:48 usr/share/man/man3/rpcbind.3t.gz
-rw-r--r--  0 root   root     2560 Feb 21 19:48 usr/share/man/man3/rpc_svc_calls.3t.gz
-rw-r--r--  0 root   root     2772 Feb 21 19:48 usr/share/man/man3/rpc_svc_create.3t.gz
-rw-r--r--  0 root   root     1157 Feb 21 19:48 usr/share/man/man3/rpc_svc_err.3t.gz
-rw-r--r--  0 root   root     1819 Feb 21 19:48 usr/share/man/man3/rpc_svc_reg.3t.gz
-rw-r--r--  0 root   root     1207 Feb 21 19:48 usr/share/man/man5/netconfig.5.gz
drwxr-xr-x  0 root   root        0 Feb 21 19:48 usr/include/tirpc/
drwxr-xr-x  0 root   root        0 Feb 21 19:48 usr/include/tirpc/rpc/
-rw-r--r--  0 root   root     2195 Feb 21 19:48 usr/include/tirpc/netconfig.h
drwxr-xr-x  0 root   root        0 Feb 21 19:48 usr/include/tirpc/rpcsvc/
-rw-r--r--  0 root   root     2414 Feb 21 19:48 usr/include/tirpc/rpcsvc/crypt.h
-rw-r--r--  0 root   root     3929 Feb 21 19:48 usr/include/tirpc/rpcsvc/crypt.x
-rw-r--r--  0 root   root    11085 Feb 21 19:48 usr/include/tirpc/rpc/auth.h
-rw-r--r--  0 root   root     3739 Feb 21 19:48 usr/include/tirpc/rpc/auth_des.h
-rw-r--r--  0 root   root     3009 Feb 21 19:48 usr/include/tirpc/rpc/auth_unix.h
-rw-r--r--  0 root   root    17067 Feb 21 19:48 usr/include/tirpc/rpc/clnt.h
-rw-r--r--  0 root   root     3904 Feb 21 19:48 usr/include/tirpc/rpc/clnt_soc.h
-rw-r--r--  0 root   root     2202 Feb 21 19:48 usr/include/tirpc/rpc/clnt_stat.h
-rw-r--r--  0 root   root     3706 Feb 21 19:48 usr/include/tirpc/rpc/des_crypt.h
-rw-r--r--  0 root   root     3045 Feb 21 19:48 usr/include/tirpc/rpc/des.h
-rw-r--r--  0 root   root     8385 Feb 21 19:48 usr/include/tirpc/rpc/key_prot.h
-rw-r--r--  0 root   root     2431 Feb 21 19:48 usr/include/tirpc/rpc/nettype.h
-rw-r--r--  0 root   root     3582 Feb 21 19:48 usr/include/tirpc/rpc/pmap_clnt.h
-rw-r--r--  0 root   root     4097 Feb 21 19:48 usr/include/tirpc/rpc/pmap_prot.h
-rw-r--r--  0 root   root     2450 Feb 21 19:48 usr/include/tirpc/rpc/pmap_rmt.h
-rw-r--r--  0 root   root     2117 Feb 21 19:48 usr/include/tirpc/rpc/raw.h
-rw-r--r--  0 root   root     3496 Feb 21 19:48 usr/include/tirpc/rpc/rpcb_clnt.h
-rw-r--r--  0 root   root    25776 Feb 21 19:48 usr/include/tirpc/rpc/rpcb_prot.h
-rw-r--r--  0 root   root    14673 Feb 21 19:48 usr/include/tirpc/rpc/rpcb_prot.x
-rw-r--r--  0 root   root     3102 Feb 21 19:48 usr/include/tirpc/rpc/rpc_com.h
-rw-r--r--  0 root   root     2712 Feb 21 19:48 usr/include/tirpc/rpc/rpcent.h
-rw-r--r--  0 root   root     4130 Feb 21 19:48 usr/include/tirpc/rpc/rpc.h
-rw-r--r--  0 root   root     5340 Feb 21 19:48 usr/include/tirpc/rpc/rpc_msg.h
-rw-r--r--  0 root   root     1912 Feb 21 19:48 usr/include/tirpc/rpc/svc_mt.h
-rw-r--r--  0 root   root     3041 Feb 21 19:48 usr/include/tirpc/rpc/svc_auth.h
-rw-r--r--  0 root   root     2462 Feb 21 19:48 usr/include/tirpc/rpc/svc_dg.h
-rw-r--r--  0 root   root    14589 Feb 21 19:48 usr/include/tirpc/rpc/svc.h
-rw-r--r--  0 root   root     3749 Feb 21 19:48 usr/include/tirpc/rpc/svc_soc.h
-rw-r--r--  0 root   root     3838 Feb 21 19:48 usr/include/tirpc/rpc/types.h
-rw-r--r--  0 root   root    13372 Feb 21 19:48 usr/include/tirpc/rpc/xdr.h
=======> Building '/home/devel/packages/libtirpc#1.3.3-1.riscv64.pkg.tar.zst' succeeded.
prt-get: Using PKGMK_PACKAGE_DIR: /home/devel/packages
prt-get: reinstalling libtirpc 1.3.3-1
prt-get: /usr/bin/pkgadd -u libtirpc#1.3.3-1.riscv64.pkg.tar.zst
prt-get: build done Tue Feb 21 19:48:30 2023

