prt-get: updating /usr/ports/core-riscv64/sqlite3
prt-get: starting build Tue Feb 21 23:48:17 2023
=======> Building '/home/devel/packages/sqlite3#3.40.1-1.riscv64.pkg.tar.zst'.
bsdtar -p -o -C /home/devel/building/work/src -xf /home/devel/sources/sqlite-autoconf-3400100.tar.gz
+ build
+ cd sqlite-autoconf-3400100
+ CFLAGS='-DSQLITE_SECURE_DELETE=1 -DSQLITE_ENABLE_COLUMN_METADATA=1 		-DSQLITE_ENABLE_UNLOCK_NOTIFY=1 -DSQLITE_ENABLE_DBSTAT_VTAB=1 		-DSQLITE_ENABLE_FTS3=1  -O2 -mabi=lp64d -march=rv64gc'
+ ./configure --prefix=/usr --enable-readline --disable-static
checking for a BSD-compatible install... /usr/bin/install -c
checking whether build environment is sane... yes
checking for a race-free mkdir -p... /bin/mkdir -p
checking for gawk... gawk
checking whether make sets $(MAKE)... yes
checking whether make supports nested variables... yes
checking whether make supports the include directive... yes (GNU style)
checking for gcc... gcc
checking whether the C compiler works... yes
checking for C compiler default output file name... a.out
checking for suffix of executables... 
checking whether we are cross compiling... no
checking for suffix of object files... o
checking whether the compiler supports GNU C... yes
checking whether gcc accepts -g... yes
checking for gcc option to enable C11 features... none needed
checking whether gcc understands -c and -o together... yes
checking dependency style of gcc... gcc3
checking for special C compiler options needed for large files... no
checking for _FILE_OFFSET_BITS value needed for large files... no
checking for gcc... (cached) gcc
checking whether the compiler supports GNU C... (cached) yes
checking whether gcc accepts -g... (cached) yes
checking for gcc option to enable C11 features... (cached) none needed
checking whether gcc understands -c and -o together... (cached) yes
checking dependency style of gcc... (cached) gcc3
checking build system type... riscv64-unknown-linux-gnu
checking host system type... riscv64-unknown-linux-gnu
checking how to print strings... printf
checking for a sed that does not truncate output... /bin/sed
checking for grep that handles long lines and -e... /usr/bin/grep
checking for egrep... /usr/bin/grep -E
checking for fgrep... /usr/bin/grep -F
checking for ld used by gcc... /usr/bin/ld
checking if the linker (/usr/bin/ld) is GNU ld... yes
checking for BSD- or MS-compatible name lister (nm)... /usr/bin/nm -B
checking the name lister (/usr/bin/nm -B) interface... BSD nm
checking whether ln -s works... yes
checking the maximum length of command line arguments... 1572864
checking how to convert riscv64-unknown-linux-gnu file names to riscv64-unknown-linux-gnu format... func_convert_file_noop
checking how to convert riscv64-unknown-linux-gnu file names to toolchain format... func_convert_file_noop
checking for /usr/bin/ld option to reload object files... -r
checking for objdump... objdump
checking how to recognize dependent libraries... pass_all
checking for dlltool... no
checking how to associate runtime and link libraries... printf %s\n
checking for ar... ar
checking for archiver @FILE support... @
checking for strip... strip
checking for ranlib... ranlib
checking command to parse /usr/bin/nm -B output from gcc object... ok
checking for sysroot... no
checking for a working dd... /bin/dd
checking how to truncate binary pipes... /bin/dd bs=4096 count=1
checking for mt... no
checking if : is a manifest tool... no
checking for stdio.h... yes
checking for stdlib.h... yes
checking for string.h... yes
checking for inttypes.h... yes
checking for stdint.h... yes
checking for strings.h... yes
checking for sys/stat.h... yes
checking for sys/types.h... yes
checking for unistd.h... yes
checking for dlfcn.h... yes
checking for objdir... .libs
checking if gcc supports -fno-rtti -fno-exceptions... no
checking for gcc option to produce PIC... -fPIC -DPIC
checking if gcc PIC flag -fPIC -DPIC works... yes
checking if gcc static flag -static works... yes
checking if gcc supports -c -o file.o... yes
checking if gcc supports -c -o file.o... (cached) yes
checking whether the gcc linker (/usr/bin/ld) supports shared libraries... yes
checking whether -lc should be explicitly linked in... no
checking dynamic linker characteristics... GNU/Linux ld.so
checking how to hardcode library paths into programs... immediate
checking whether stripping libraries is possible... yes
checking if libtool supports shared libraries... yes
checking whether to build shared libraries... yes
checking whether to build static libraries... no
checking for fdatasync... yes
checking for usleep... yes
checking for fullfsync... no
checking for localtime_r... yes
checking for gmtime_r... yes
checking for gcc options needed to detect all undeclared functions... none needed
checking whether strerror_r is declared... yes
checking whether strerror_r returns char *... no
checking for editline/readline.h... yes
checking for library containing readline... -ledit
./configure: 14090: test: xyes: unexpected operator
checking for library containing pthread_create... none required
checking for library containing pthread_mutexattr_init... none required
checking for library containing dlopen... none required
checking for whether to support dynamic extensions... yes
checking SQL math functions... enabled
checking for library containing ceil... -lm
checking FTS4 extension... enabled
checking FTS3 extension... disabled
checking FTS5 extension... enabled
checking for library containing log... none required
checking RTREE extension... enabled
checking Session extension... disabled
checking Build type... release
checking for posix_fallocate... yes
checking for zlib.h... yes
checking for library containing deflate... -lz
checking for library containing system... none required
checking that generated files are newer than configure... done
configure: creating ./config.status
config.status: creating Makefile
config.status: creating sqlite3.pc
config.status: executing depfiles commands
config.status: executing libtool commands
+ make V=1
gcc -DPACKAGE_NAME=\"sqlite\" -DPACKAGE_TARNAME=\"sqlite\" -DPACKAGE_VERSION=\"3.40.1\" -DPACKAGE_STRING=\"sqlite\ 3.40.1\" -DPACKAGE_BUGREPORT=\"http://www.sqlite.org\" -DPACKAGE_URL=\"\" -DPACKAGE=\"sqlite\" -DVERSION=\"3.40.1\" -DHAVE_STDIO_H=1 -DHAVE_STDLIB_H=1 -DHAVE_STRING_H=1 -DHAVE_INTTYPES_H=1 -DHAVE_STDINT_H=1 -DHAVE_STRINGS_H=1 -DHAVE_SYS_STAT_H=1 -DHAVE_SYS_TYPES_H=1 -DHAVE_UNISTD_H=1 -DSTDC_HEADERS=1 -DHAVE_DLFCN_H=1 -DLT_OBJDIR=\".libs/\" -DHAVE_FDATASYNC=1 -DHAVE_USLEEP=1 -DHAVE_LOCALTIME_R=1 -DHAVE_GMTIME_R=1 -DHAVE_DECL_STRERROR_R=1 -DHAVE_STRERROR_R=1 -DHAVE_EDITLINE_READLINE_H=1 -DHAVE_EDITLINE=1 -DHAVE_POSIX_FALLOCATE=1 -DHAVE_ZLIB_H=1 -I.    -D_REENTRANT=1 -DSQLITE_THREADSAFE=1 -DSQLITE_ENABLE_MATH_FUNCTIONS -DSQLITE_ENABLE_FTS4 -DSQLITE_ENABLE_FTS5 -DSQLITE_ENABLE_RTREE -DSQLITE_ENABLE_GEOPOLY -DSQLITE_HAVE_ZLIB  -DSQLITE_ENABLE_EXPLAIN_COMMENTS -DSQLITE_ENABLE_DBPAGE_VTAB -DSQLITE_ENABLE_STMTVTAB -DSQLITE_ENABLE_DBSTAT_VTAB  -DSQLITE_SECURE_DELETE=1 -DSQLITE_ENABLE_COLUMN_METADATA=1 		-DSQLITE_ENABLE_UNLOCK_NOTIFY=1 -DSQLITE_ENABLE_DBSTAT_VTAB=1 		-DSQLITE_ENABLE_FTS3=1  -O2 -mabi=lp64d -march=rv64gc -MT sqlite3-shell.o -MD -MP -MF .deps/sqlite3-shell.Tpo -c -o sqlite3-shell.o `test -f 'shell.c' || echo './'`shell.c
gcc -DPACKAGE_NAME=\"sqlite\" -DPACKAGE_TARNAME=\"sqlite\" -DPACKAGE_VERSION=\"3.40.1\" -DPACKAGE_STRING=\"sqlite\ 3.40.1\" -DPACKAGE_BUGREPORT=\"http://www.sqlite.org\" -DPACKAGE_URL=\"\" -DPACKAGE=\"sqlite\" -DVERSION=\"3.40.1\" -DHAVE_STDIO_H=1 -DHAVE_STDLIB_H=1 -DHAVE_STRING_H=1 -DHAVE_INTTYPES_H=1 -DHAVE_STDINT_H=1 -DHAVE_STRINGS_H=1 -DHAVE_SYS_STAT_H=1 -DHAVE_SYS_TYPES_H=1 -DHAVE_UNISTD_H=1 -DSTDC_HEADERS=1 -DHAVE_DLFCN_H=1 -DLT_OBJDIR=\".libs/\" -DHAVE_FDATASYNC=1 -DHAVE_USLEEP=1 -DHAVE_LOCALTIME_R=1 -DHAVE_GMTIME_R=1 -DHAVE_DECL_STRERROR_R=1 -DHAVE_STRERROR_R=1 -DHAVE_EDITLINE_READLINE_H=1 -DHAVE_EDITLINE=1 -DHAVE_POSIX_FALLOCATE=1 -DHAVE_ZLIB_H=1 -I.    -D_REENTRANT=1 -DSQLITE_THREADSAFE=1 -DSQLITE_ENABLE_MATH_FUNCTIONS -DSQLITE_ENABLE_FTS4 -DSQLITE_ENABLE_FTS5 -DSQLITE_ENABLE_RTREE -DSQLITE_ENABLE_GEOPOLY -DSQLITE_HAVE_ZLIB  -DSQLITE_ENABLE_EXPLAIN_COMMENTS -DSQLITE_ENABLE_DBPAGE_VTAB -DSQLITE_ENABLE_STMTVTAB -DSQLITE_ENABLE_DBSTAT_VTAB  -DSQLITE_SECURE_DELETE=1 -DSQLITE_ENABLE_COLUMN_METADATA=1 		-DSQLITE_ENABLE_UNLOCK_NOTIFY=1 -DSQLITE_ENABLE_DBSTAT_VTAB=1 		-DSQLITE_ENABLE_FTS3=1  -O2 -mabi=lp64d -march=rv64gc -MT sqlite3-sqlite3.o -MD -MP -MF .deps/sqlite3-sqlite3.Tpo -c -o sqlite3-sqlite3.o `test -f 'sqlite3.c' || echo './'`sqlite3.c
/bin/sh ./libtool  --tag=CC   --mode=compile gcc -DPACKAGE_NAME=\"sqlite\" -DPACKAGE_TARNAME=\"sqlite\" -DPACKAGE_VERSION=\"3.40.1\" -DPACKAGE_STRING=\"sqlite\ 3.40.1\" -DPACKAGE_BUGREPORT=\"http://www.sqlite.org\" -DPACKAGE_URL=\"\" -DPACKAGE=\"sqlite\" -DVERSION=\"3.40.1\" -DHAVE_STDIO_H=1 -DHAVE_STDLIB_H=1 -DHAVE_STRING_H=1 -DHAVE_INTTYPES_H=1 -DHAVE_STDINT_H=1 -DHAVE_STRINGS_H=1 -DHAVE_SYS_STAT_H=1 -DHAVE_SYS_TYPES_H=1 -DHAVE_UNISTD_H=1 -DSTDC_HEADERS=1 -DHAVE_DLFCN_H=1 -DLT_OBJDIR=\".libs/\" -DHAVE_FDATASYNC=1 -DHAVE_USLEEP=1 -DHAVE_LOCALTIME_R=1 -DHAVE_GMTIME_R=1 -DHAVE_DECL_STRERROR_R=1 -DHAVE_STRERROR_R=1 -DHAVE_EDITLINE_READLINE_H=1 -DHAVE_EDITLINE=1 -DHAVE_POSIX_FALLOCATE=1 -DHAVE_ZLIB_H=1 -I.    -D_REENTRANT=1 -DSQLITE_THREADSAFE=1 -DSQLITE_ENABLE_MATH_FUNCTIONS -DSQLITE_ENABLE_FTS4 -DSQLITE_ENABLE_FTS5 -DSQLITE_ENABLE_RTREE -DSQLITE_ENABLE_GEOPOLY -DSQLITE_HAVE_ZLIB  -DSQLITE_SECURE_DELETE=1 -DSQLITE_ENABLE_COLUMN_METADATA=1 		-DSQLITE_ENABLE_UNLOCK_NOTIFY=1 -DSQLITE_ENABLE_DBSTAT_VTAB=1 		-DSQLITE_ENABLE_FTS3=1  -O2 -mabi=lp64d -march=rv64gc -MT sqlite3.lo -MD -MP -MF .deps/sqlite3.Tpo -c -o sqlite3.lo sqlite3.c
libtool: compile:  gcc -DPACKAGE_NAME=\"sqlite\" -DPACKAGE_TARNAME=\"sqlite\" -DPACKAGE_VERSION=\"3.40.1\" "-DPACKAGE_STRING=\"sqlite 3.40.1\"" -DPACKAGE_BUGREPORT=\"http://www.sqlite.org\" -DPACKAGE_URL=\"\" -DPACKAGE=\"sqlite\" -DVERSION=\"3.40.1\" -DHAVE_STDIO_H=1 -DHAVE_STDLIB_H=1 -DHAVE_STRING_H=1 -DHAVE_INTTYPES_H=1 -DHAVE_STDINT_H=1 -DHAVE_STRINGS_H=1 -DHAVE_SYS_STAT_H=1 -DHAVE_SYS_TYPES_H=1 -DHAVE_UNISTD_H=1 -DSTDC_HEADERS=1 -DHAVE_DLFCN_H=1 -DLT_OBJDIR=\".libs/\" -DHAVE_FDATASYNC=1 -DHAVE_USLEEP=1 -DHAVE_LOCALTIME_R=1 -DHAVE_GMTIME_R=1 -DHAVE_DECL_STRERROR_R=1 -DHAVE_STRERROR_R=1 -DHAVE_EDITLINE_READLINE_H=1 -DHAVE_EDITLINE=1 -DHAVE_POSIX_FALLOCATE=1 -DHAVE_ZLIB_H=1 -I. -D_REENTRANT=1 -DSQLITE_THREADSAFE=1 -DSQLITE_ENABLE_MATH_FUNCTIONS -DSQLITE_ENABLE_FTS4 -DSQLITE_ENABLE_FTS5 -DSQLITE_ENABLE_RTREE -DSQLITE_ENABLE_GEOPOLY -DSQLITE_HAVE_ZLIB -DSQLITE_SECURE_DELETE=1 -DSQLITE_ENABLE_COLUMN_METADATA=1 -DSQLITE_ENABLE_UNLOCK_NOTIFY=1 -DSQLITE_ENABLE_DBSTAT_VTAB=1 -DSQLITE_ENABLE_FTS3=1 -O2 -mabi=lp64d -march=rv64gc -MT sqlite3.lo -MD -MP -MF .deps/sqlite3.Tpo -c sqlite3.c  -fPIC -DPIC -o .libs/sqlite3.o
mv -f .deps/sqlite3-shell.Tpo .deps/sqlite3-shell.Po
mv -f .deps/sqlite3.Tpo .deps/sqlite3.Plo
/bin/sh ./libtool  --tag=CC   --mode=link gcc -D_REENTRANT=1 -DSQLITE_THREADSAFE=1 -DSQLITE_ENABLE_MATH_FUNCTIONS -DSQLITE_ENABLE_FTS4 -DSQLITE_ENABLE_FTS5 -DSQLITE_ENABLE_RTREE -DSQLITE_ENABLE_GEOPOLY -DSQLITE_HAVE_ZLIB  -DSQLITE_SECURE_DELETE=1 -DSQLITE_ENABLE_COLUMN_METADATA=1 		-DSQLITE_ENABLE_UNLOCK_NOTIFY=1 -DSQLITE_ENABLE_DBSTAT_VTAB=1 		-DSQLITE_ENABLE_FTS3=1  -O2 -mabi=lp64d -march=rv64gc -no-undefined -version-info 8:6:8  -o libsqlite3.la -rpath /usr/lib sqlite3.lo  -lz -lm 
libtool: link: gcc -shared  -fPIC -DPIC  .libs/sqlite3.o   -lz -lm  -O2 -mabi=lp64d -march=rv64gc   -Wl,-soname -Wl,libsqlite3.so.0 -o .libs/libsqlite3.so.0.8.6
libtool: link: (cd ".libs" && rm -f "libsqlite3.so.0" && ln -s "libsqlite3.so.0.8.6" "libsqlite3.so.0")
libtool: link: (cd ".libs" && rm -f "libsqlite3.so" && ln -s "libsqlite3.so.0.8.6" "libsqlite3.so")
libtool: link: ( cd ".libs" && rm -f "libsqlite3.la" && ln -s "../libsqlite3.la" "libsqlite3.la" )
mv -f .deps/sqlite3-sqlite3.Tpo .deps/sqlite3-sqlite3.Po
/bin/sh ./libtool  --tag=CC   --mode=link gcc -D_REENTRANT=1 -DSQLITE_THREADSAFE=1 -DSQLITE_ENABLE_MATH_FUNCTIONS -DSQLITE_ENABLE_FTS4 -DSQLITE_ENABLE_FTS5 -DSQLITE_ENABLE_RTREE -DSQLITE_ENABLE_GEOPOLY -DSQLITE_HAVE_ZLIB  -DSQLITE_ENABLE_EXPLAIN_COMMENTS -DSQLITE_ENABLE_DBPAGE_VTAB -DSQLITE_ENABLE_STMTVTAB -DSQLITE_ENABLE_DBSTAT_VTAB  -DSQLITE_SECURE_DELETE=1 -DSQLITE_ENABLE_COLUMN_METADATA=1 		-DSQLITE_ENABLE_UNLOCK_NOTIFY=1 -DSQLITE_ENABLE_DBSTAT_VTAB=1 		-DSQLITE_ENABLE_FTS3=1  -O2 -mabi=lp64d -march=rv64gc   -o sqlite3 sqlite3-shell.o sqlite3-sqlite3.o -ledit  -ltinfo -lz -lm 
libtool: link: gcc -D_REENTRANT=1 -DSQLITE_THREADSAFE=1 -DSQLITE_ENABLE_MATH_FUNCTIONS -DSQLITE_ENABLE_FTS4 -DSQLITE_ENABLE_FTS5 -DSQLITE_ENABLE_RTREE -DSQLITE_ENABLE_GEOPOLY -DSQLITE_HAVE_ZLIB -DSQLITE_ENABLE_EXPLAIN_COMMENTS -DSQLITE_ENABLE_DBPAGE_VTAB -DSQLITE_ENABLE_STMTVTAB -DSQLITE_ENABLE_DBSTAT_VTAB -DSQLITE_SECURE_DELETE=1 -DSQLITE_ENABLE_COLUMN_METADATA=1 -DSQLITE_ENABLE_UNLOCK_NOTIFY=1 -DSQLITE_ENABLE_DBSTAT_VTAB=1 -DSQLITE_ENABLE_FTS3=1 -O2 -mabi=lp64d -march=rv64gc -o sqlite3 sqlite3-shell.o sqlite3-sqlite3.o  -ledit -ltinfo -lz -lm
+ make DESTDIR=/home/devel/building/work/pkg install
make[1]: Entering directory '/home/devel/building/work/src/sqlite-autoconf-3400100'
 /bin/mkdir -p '/home/devel/building/work/pkg/usr/lib'
 /bin/mkdir -p '/home/devel/building/work/pkg/usr/include'
 /bin/mkdir -p '/home/devel/building/work/pkg/usr/lib/pkgconfig'
 /bin/mkdir -p '/home/devel/building/work/pkg/usr/share/man/man1'
 /bin/sh ./libtool   --mode=install /usr/bin/install -c   libsqlite3.la '/home/devel/building/work/pkg/usr/lib'
 /usr/bin/install -c -m 644 sqlite3.pc '/home/devel/building/work/pkg/usr/lib/pkgconfig'
 /usr/bin/install -c -m 644 sqlite3.h sqlite3ext.h '/home/devel/building/work/pkg/usr/include'
 /usr/bin/install -c -m 644 sqlite3.1 '/home/devel/building/work/pkg/usr/share/man/man1'
libtool: install: /usr/bin/install -c .libs/libsqlite3.so.0.8.6 /home/devel/building/work/pkg/usr/lib/libsqlite3.so.0.8.6
libtool: install: (cd /home/devel/building/work/pkg/usr/lib && { ln -s -f libsqlite3.so.0.8.6 libsqlite3.so.0 || { rm -f libsqlite3.so.0 && ln -s libsqlite3.so.0.8.6 libsqlite3.so.0; }; })
libtool: install: (cd /home/devel/building/work/pkg/usr/lib && { ln -s -f libsqlite3.so.0.8.6 libsqlite3.so || { rm -f libsqlite3.so && ln -s libsqlite3.so.0.8.6 libsqlite3.so; }; })
libtool: install: /usr/bin/install -c .libs/libsqlite3.lai /home/devel/building/work/pkg/usr/lib/libsqlite3.la
libtool: warning: remember to run 'libtool --finish /usr/lib'
 /bin/mkdir -p '/home/devel/building/work/pkg/usr/bin'
  /bin/sh ./libtool   --mode=install /usr/bin/install -c sqlite3 '/home/devel/building/work/pkg/usr/bin'
libtool: install: /usr/bin/install -c sqlite3 /home/devel/building/work/pkg/usr/bin/sqlite3
make[1]: Leaving directory '/home/devel/building/work/src/sqlite-autoconf-3400100'
+ rm /home/devel/building/work/pkg/usr/lib/libsqlite3.la
=======> Build result:
drwxr-xr-x  0 root   root        0 Feb 21 23:52 usr/
drwxr-xr-x  0 root   root        0 Feb 21 23:52 usr/bin/
drwxr-xr-x  0 root   root        0 Feb 21 23:52 usr/share/
drwxr-xr-x  0 root   root        0 Feb 21 23:52 usr/include/
drwxr-xr-x  0 root   root        0 Feb 21 23:52 usr/lib/
lrwxrwxrwx  0 root   root        0 Feb 21 23:52 usr/lib/libsqlite3.so -> libsqlite3.so.0.8.6
lrwxrwxrwx  0 root   root        0 Feb 21 23:52 usr/lib/libsqlite3.so.0 -> libsqlite3.so.0.8.6
-rwxr-xr-x  0 root   root  1095800 Feb 21 23:52 usr/lib/libsqlite3.so.0.8.6
drwxr-xr-x  0 root   root        0 Feb 21 23:52 usr/lib/pkgconfig/
-rw-r--r--  0 root   root      265 Feb 21 23:52 usr/lib/pkgconfig/sqlite3.pc
-rw-r--r--  0 root   root    37494 Feb 21 23:52 usr/include/sqlite3ext.h
-rw-r--r--  0 root   root   616357 Feb 21 23:52 usr/include/sqlite3.h
drwxr-xr-x  0 root   root        0 Feb 21 23:52 usr/share/man/
drwxr-xr-x  0 root   root        0 Feb 21 23:52 usr/share/man/man1/
-rw-r--r--  0 root   root     3606 Feb 21 23:52 usr/share/man/man1/sqlite3.1.gz
-rwxr-xr-x  0 root   root  1306176 Feb 21 23:52 usr/bin/sqlite3
=======> Building '/home/devel/packages/sqlite3#3.40.1-1.riscv64.pkg.tar.zst' succeeded.
prt-get: Using PKGMK_PACKAGE_DIR: /home/devel/packages
prt-get: reinstalling sqlite3 3.40.1-1
prt-get: /usr/bin/pkgadd -u sqlite3#3.40.1-1.riscv64.pkg.tar.zst
prt-get: build done Tue Feb 21 23:52:18 2023

