prt-get: updating /usr/ports/core-riscv64/dash
prt-get: starting build Tue Feb 21 14:23:48 2023
=======> Building '/home/devel/packages/dash#0.5.12-1.riscv64.pkg.tar.zst'.
bsdtar -p -o -C /home/devel/building/work/src -xf /home/devel/sources/dash-0.5.12.tar.gz
+ build
+ cd dash-0.5.12
+ ./configure --prefix=/ --mandir=/usr/share/man
checking for a BSD-compatible install... /usr/bin/install -c
checking whether build environment is sane... yes
checking for a thread-safe mkdir -p... /bin/mkdir -p
checking for gawk... gawk
checking whether make sets $(MAKE)... yes
checking whether make supports nested variables... yes
checking whether make supports nested variables... (cached) yes
checking for gcc... gcc
checking whether the C compiler works... yes
checking for C compiler default output file name... a.out
checking for suffix of executables... 
checking whether we are cross compiling... no
checking for suffix of object files... o
checking whether we are using the GNU C compiler... yes
checking whether gcc accepts -g... yes
checking for gcc option to accept ISO C89... none needed
checking whether gcc understands -c and -o together... yes
checking whether make supports the include directive... yes (GNU style)
checking dependency style of gcc... gcc3
checking how to run the C preprocessor... gcc -E
checking for grep that handles long lines and -e... /usr/bin/grep
checking for egrep... /usr/bin/grep -E
checking for ANSI C header files... yes
checking for sys/types.h... yes
checking for sys/stat.h... yes
checking for stdlib.h... yes
checking for string.h... yes
checking for memory.h... yes
checking for strings.h... yes
checking for inttypes.h... yes
checking for stdint.h... yes
checking for unistd.h... yes
checking minix/config.h usability... no
checking minix/config.h presence... no
checking for minix/config.h... no
checking whether it is safe to define __EXTENSIONS__... yes
checking for build system compiler... gcc
checking for __attribute__((__alias__()))... yes
checking alloca.h usability... yes
checking alloca.h presence... yes
checking for alloca.h... yes
checking paths.h usability... yes
checking paths.h presence... yes
checking for paths.h... yes
checking whether _PATH_BSHELL is declared... yes
checking whether _PATH_DEVNULL is declared... yes
checking whether _PATH_TTY is declared... yes
checking whether isblank is declared... yes
checking size of intmax_t... 8
checking size of long long int... 8
checking whether PRIdMAX is declared... yes
checking for bsearch... yes
checking for faccessat... yes
checking for getpwnam... yes
checking for getrlimit... yes
checking for isalpha... yes
checking for killpg... yes
checking for mempcpy... yes
checking for sigsetmask... yes
checking for stpcpy... yes
checking for strchrnul... yes
checking for strsignal... yes
checking for strtod... yes
checking for strtoimax... yes
checking for strtoumax... yes
checking for sysconf... yes
checking for fnmatch... yes
checking for signal... yes
checking whether stat64 is declared... yes
checking for stat64... yes
checking for glob64... yes
checking for open64... yes
checking for stat::st_mtim... yes
checking that generated files are newer than configure... done
configure: creating ./config.status
config.status: creating Makefile
config.status: creating src/Makefile
config.status: creating config.h
config.status: executing depfiles commands
+ make V=1
/usr/bin/make  all-recursive
make[1]: Entering directory '/home/devel/building/work/src/dash-0.5.12'
Making all in src
make[2]: Entering directory '/home/devel/building/work/src/dash-0.5.12/src'
gcc -DHAVE_CONFIG_H -I. -I..  -include ../config.h -DBSD=1 -DSHELL  -Wall -O2 -mabi=lp64d -march=rv64gc -E -x c -o builtins.def builtins.def.in
gcc -I. -I.. -DBSD=1 -DSHELL  -g -O2 -Wall    -o mknodes mknodes.c
/bin/sh mktokens
/bin/sh mktokens
/bin/sh mkbuiltins builtins.def
gcc -I. -I.. -DBSD=1 -DSHELL  -g -O2 -Wall    -o mksyntax mksyntax.c
./mksyntax
./mknodes nodetypes nodes.c.pat
/usr/bin/make  all-am
make[3]: Entering directory '/home/devel/building/work/src/dash-0.5.12/src'
depbase=`echo alias.o | sed 's|[^/]*$|.deps/&|;s|\.o$||'`;\
gcc -DHAVE_CONFIG_H -I. -I..  -include ../config.h -DBSD=1 -DSHELL  -Wall -O2 -mabi=lp64d -march=rv64gc -MT alias.o -MD -MP -MF $depbase.Tpo -c -o alias.o alias.c &&\
mv -f $depbase.Tpo $depbase.Po
depbase=`echo arith_yacc.o | sed 's|[^/]*$|.deps/&|;s|\.o$||'`;\
gcc -DHAVE_CONFIG_H -I. -I..  -include ../config.h -DBSD=1 -DSHELL  -Wall -O2 -mabi=lp64d -march=rv64gc -MT arith_yacc.o -MD -MP -MF $depbase.Tpo -c -o arith_yacc.o arith_yacc.c &&\
mv -f $depbase.Tpo $depbase.Po
depbase=`echo arith_yylex.o | sed 's|[^/]*$|.deps/&|;s|\.o$||'`;\
gcc -DHAVE_CONFIG_H -I. -I..  -include ../config.h -DBSD=1 -DSHELL  -Wall -O2 -mabi=lp64d -march=rv64gc -MT arith_yylex.o -MD -MP -MF $depbase.Tpo -c -o arith_yylex.o arith_yylex.c &&\
mv -f $depbase.Tpo $depbase.Po
depbase=`echo cd.o | sed 's|[^/]*$|.deps/&|;s|\.o$||'`;\
gcc -DHAVE_CONFIG_H -I. -I..  -include ../config.h -DBSD=1 -DSHELL  -Wall -O2 -mabi=lp64d -march=rv64gc -MT cd.o -MD -MP -MF $depbase.Tpo -c -o cd.o cd.c &&\
mv -f $depbase.Tpo $depbase.Po
depbase=`echo error.o | sed 's|[^/]*$|.deps/&|;s|\.o$||'`;\
gcc -DHAVE_CONFIG_H -I. -I..  -include ../config.h -DBSD=1 -DSHELL  -Wall -O2 -mabi=lp64d -march=rv64gc -MT error.o -MD -MP -MF $depbase.Tpo -c -o error.o error.c &&\
mv -f $depbase.Tpo $depbase.Po
depbase=`echo eval.o | sed 's|[^/]*$|.deps/&|;s|\.o$||'`;\
gcc -DHAVE_CONFIG_H -I. -I..  -include ../config.h -DBSD=1 -DSHELL  -Wall -O2 -mabi=lp64d -march=rv64gc -MT eval.o -MD -MP -MF $depbase.Tpo -c -o eval.o eval.c &&\
mv -f $depbase.Tpo $depbase.Po
depbase=`echo exec.o | sed 's|[^/]*$|.deps/&|;s|\.o$||'`;\
gcc -DHAVE_CONFIG_H -I. -I..  -include ../config.h -DBSD=1 -DSHELL  -Wall -O2 -mabi=lp64d -march=rv64gc -MT exec.o -MD -MP -MF $depbase.Tpo -c -o exec.o exec.c &&\
mv -f $depbase.Tpo $depbase.Po
depbase=`echo expand.o | sed 's|[^/]*$|.deps/&|;s|\.o$||'`;\
gcc -DHAVE_CONFIG_H -I. -I..  -include ../config.h -DBSD=1 -DSHELL  -Wall -O2 -mabi=lp64d -march=rv64gc -MT expand.o -MD -MP -MF $depbase.Tpo -c -o expand.o expand.c &&\
mv -f $depbase.Tpo $depbase.Po
depbase=`echo histedit.o | sed 's|[^/]*$|.deps/&|;s|\.o$||'`;\
gcc -DHAVE_CONFIG_H -I. -I..  -include ../config.h -DBSD=1 -DSHELL  -Wall -O2 -mabi=lp64d -march=rv64gc -MT histedit.o -MD -MP -MF $depbase.Tpo -c -o histedit.o histedit.c &&\
mv -f $depbase.Tpo $depbase.Po
depbase=`echo input.o | sed 's|[^/]*$|.deps/&|;s|\.o$||'`;\
gcc -DHAVE_CONFIG_H -I. -I..  -include ../config.h -DBSD=1 -DSHELL  -Wall -O2 -mabi=lp64d -march=rv64gc -MT input.o -MD -MP -MF $depbase.Tpo -c -o input.o input.c &&\
mv -f $depbase.Tpo $depbase.Po
depbase=`echo jobs.o | sed 's|[^/]*$|.deps/&|;s|\.o$||'`;\
gcc -DHAVE_CONFIG_H -I. -I..  -include ../config.h -DBSD=1 -DSHELL  -Wall -O2 -mabi=lp64d -march=rv64gc -MT jobs.o -MD -MP -MF $depbase.Tpo -c -o jobs.o jobs.c &&\
mv -f $depbase.Tpo $depbase.Po
depbase=`echo mail.o | sed 's|[^/]*$|.deps/&|;s|\.o$||'`;\
gcc -DHAVE_CONFIG_H -I. -I..  -include ../config.h -DBSD=1 -DSHELL  -Wall -O2 -mabi=lp64d -march=rv64gc -MT mail.o -MD -MP -MF $depbase.Tpo -c -o mail.o mail.c &&\
mv -f $depbase.Tpo $depbase.Po
depbase=`echo main.o | sed 's|[^/]*$|.deps/&|;s|\.o$||'`;\
gcc -DHAVE_CONFIG_H -I. -I..  -include ../config.h -DBSD=1 -DSHELL  -Wall -O2 -mabi=lp64d -march=rv64gc -MT main.o -MD -MP -MF $depbase.Tpo -c -o main.o main.c &&\
mv -f $depbase.Tpo $depbase.Po
depbase=`echo memalloc.o | sed 's|[^/]*$|.deps/&|;s|\.o$||'`;\
gcc -DHAVE_CONFIG_H -I. -I..  -include ../config.h -DBSD=1 -DSHELL  -Wall -O2 -mabi=lp64d -march=rv64gc -MT memalloc.o -MD -MP -MF $depbase.Tpo -c -o memalloc.o memalloc.c &&\
mv -f $depbase.Tpo $depbase.Po
depbase=`echo miscbltin.o | sed 's|[^/]*$|.deps/&|;s|\.o$||'`;\
gcc -DHAVE_CONFIG_H -I. -I..  -include ../config.h -DBSD=1 -DSHELL  -Wall -O2 -mabi=lp64d -march=rv64gc -MT miscbltin.o -MD -MP -MF $depbase.Tpo -c -o miscbltin.o miscbltin.c &&\
mv -f $depbase.Tpo $depbase.Po
depbase=`echo mystring.o | sed 's|[^/]*$|.deps/&|;s|\.o$||'`;\
gcc -DHAVE_CONFIG_H -I. -I..  -include ../config.h -DBSD=1 -DSHELL  -Wall -O2 -mabi=lp64d -march=rv64gc -MT mystring.o -MD -MP -MF $depbase.Tpo -c -o mystring.o mystring.c &&\
mv -f $depbase.Tpo $depbase.Po
depbase=`echo options.o | sed 's|[^/]*$|.deps/&|;s|\.o$||'`;\
gcc -DHAVE_CONFIG_H -I. -I..  -include ../config.h -DBSD=1 -DSHELL  -Wall -O2 -mabi=lp64d -march=rv64gc -MT options.o -MD -MP -MF $depbase.Tpo -c -o options.o options.c &&\
mv -f $depbase.Tpo $depbase.Po
depbase=`echo parser.o | sed 's|[^/]*$|.deps/&|;s|\.o$||'`;\
gcc -DHAVE_CONFIG_H -I. -I..  -include ../config.h -DBSD=1 -DSHELL  -Wall -O2 -mabi=lp64d -march=rv64gc -MT parser.o -MD -MP -MF $depbase.Tpo -c -o parser.o parser.c &&\
mv -f $depbase.Tpo $depbase.Po
depbase=`echo redir.o | sed 's|[^/]*$|.deps/&|;s|\.o$||'`;\
gcc -DHAVE_CONFIG_H -I. -I..  -include ../config.h -DBSD=1 -DSHELL  -Wall -O2 -mabi=lp64d -march=rv64gc -MT redir.o -MD -MP -MF $depbase.Tpo -c -o redir.o redir.c &&\
mv -f $depbase.Tpo $depbase.Po
depbase=`echo show.o | sed 's|[^/]*$|.deps/&|;s|\.o$||'`;\
gcc -DHAVE_CONFIG_H -I. -I..  -include ../config.h -DBSD=1 -DSHELL  -Wall -O2 -mabi=lp64d -march=rv64gc -MT show.o -MD -MP -MF $depbase.Tpo -c -o show.o show.c &&\
mv -f $depbase.Tpo $depbase.Po
depbase=`echo trap.o | sed 's|[^/]*$|.deps/&|;s|\.o$||'`;\
gcc -DHAVE_CONFIG_H -I. -I..  -include ../config.h -DBSD=1 -DSHELL  -Wall -O2 -mabi=lp64d -march=rv64gc -MT trap.o -MD -MP -MF $depbase.Tpo -c -o trap.o trap.c &&\
mv -f $depbase.Tpo $depbase.Po
depbase=`echo output.o | sed 's|[^/]*$|.deps/&|;s|\.o$||'`;\
gcc -DHAVE_CONFIG_H -I. -I..  -include ../config.h -DBSD=1 -DSHELL  -Wall -O2 -mabi=lp64d -march=rv64gc -MT output.o -MD -MP -MF $depbase.Tpo -c -o output.o output.c &&\
mv -f $depbase.Tpo $depbase.Po
depbase=`echo system.o | sed 's|[^/]*$|.deps/&|;s|\.o$||'`;\
gcc -DHAVE_CONFIG_H -I. -I..  -include ../config.h -DBSD=1 -DSHELL  -Wall -O2 -mabi=lp64d -march=rv64gc -MT system.o -MD -MP -MF $depbase.Tpo -c -o system.o system.c &&\
mv -f $depbase.Tpo $depbase.Po
depbase=`echo bltin/test.o | sed 's|[^/]*$|.deps/&|;s|\.o$||'`;\
gcc -DHAVE_CONFIG_H -I. -I..  -include ../config.h -DBSD=1 -DSHELL  -Wall -O2 -mabi=lp64d -march=rv64gc -MT bltin/test.o -MD -MP -MF $depbase.Tpo -c -o bltin/test.o bltin/test.c &&\
mv -f $depbase.Tpo $depbase.Po
depbase=`echo bltin/times.o | sed 's|[^/]*$|.deps/&|;s|\.o$||'`;\
gcc -DHAVE_CONFIG_H -I. -I..  -include ../config.h -DBSD=1 -DSHELL  -Wall -O2 -mabi=lp64d -march=rv64gc -MT bltin/times.o -MD -MP -MF $depbase.Tpo -c -o bltin/times.o bltin/times.c &&\
mv -f $depbase.Tpo $depbase.Po
depbase=`echo var.o | sed 's|[^/]*$|.deps/&|;s|\.o$||'`;\
gcc -DHAVE_CONFIG_H -I. -I..  -include ../config.h -DBSD=1 -DSHELL  -Wall -O2 -mabi=lp64d -march=rv64gc -MT var.o -MD -MP -MF $depbase.Tpo -c -o var.o var.c &&\
mv -f $depbase.Tpo $depbase.Po
depbase=`echo builtins.o | sed 's|[^/]*$|.deps/&|;s|\.o$||'`;\
gcc -DHAVE_CONFIG_H -I. -I..  -include ../config.h -DBSD=1 -DSHELL  -Wall -O2 -mabi=lp64d -march=rv64gc -MT builtins.o -MD -MP -MF $depbase.Tpo -c -o builtins.o builtins.c &&\
mv -f $depbase.Tpo $depbase.Po
gcc -I. -I.. -DBSD=1 -DSHELL  -g -O2 -Wall    -o mkinit mkinit.c
depbase=`echo nodes.o | sed 's|[^/]*$|.deps/&|;s|\.o$||'`;\
gcc -DHAVE_CONFIG_H -I. -I..  -include ../config.h -DBSD=1 -DSHELL  -Wall -O2 -mabi=lp64d -march=rv64gc -MT nodes.o -MD -MP -MF $depbase.Tpo -c -o nodes.o nodes.c &&\
mv -f $depbase.Tpo $depbase.Po
gcc -I. -I.. -DBSD=1 -DSHELL  -g -O2 -Wall    -o mksignames mksignames.c
depbase=`echo syntax.o | sed 's|[^/]*$|.deps/&|;s|\.o$||'`;\
gcc -DHAVE_CONFIG_H -I. -I..  -include ../config.h -DBSD=1 -DSHELL  -Wall -O2 -mabi=lp64d -march=rv64gc -MT syntax.o -MD -MP -MF $depbase.Tpo -c -o syntax.o syntax.c &&\
mv -f $depbase.Tpo $depbase.Po
depbase=`echo bltin/printf.o | sed 's|[^/]*$|.deps/&|;s|\.o$||'`;\
gcc -DHAVE_CONFIG_H -I. -I..  -include ../config.h -DBSD=1 -DSHELL  -Wall -O2 -mabi=lp64d -march=rv64gc -MT bltin/printf.o -MD -MP -MF $depbase.Tpo -c -o bltin/printf.o bltin/printf.c &&\
mv -f $depbase.Tpo $depbase.Po
./mksignames
depbase=`echo signames.o | sed 's|[^/]*$|.deps/&|;s|\.o$||'`;\
gcc -DHAVE_CONFIG_H -I. -I..  -include ../config.h -DBSD=1 -DSHELL  -Wall -O2 -mabi=lp64d -march=rv64gc -MT signames.o -MD -MP -MF $depbase.Tpo -c -o signames.o signames.c &&\
mv -f $depbase.Tpo $depbase.Po
./mkinit alias.c arith_yacc.c arith_yylex.c cd.c error.c eval.c exec.c expand.c histedit.c input.c jobs.c mail.c main.c memalloc.c miscbltin.c mystring.c options.c parser.c redir.c show.c trap.c output.c bltin/printf.c system.c bltin/test.c bltin/times.c var.c
depbase=`echo init.o | sed 's|[^/]*$|.deps/&|;s|\.o$||'`;\
gcc -DHAVE_CONFIG_H -I. -I..  -include ../config.h -DBSD=1 -DSHELL  -Wall -O2 -mabi=lp64d -march=rv64gc -MT init.o -MD -MP -MF $depbase.Tpo -c -o init.o init.c &&\
mv -f $depbase.Tpo $depbase.Po
gcc -Wall -O2 -mabi=lp64d -march=rv64gc   -o dash alias.o arith_yacc.o arith_yylex.o cd.o error.o eval.o exec.o expand.o histedit.o input.o jobs.o mail.o main.o memalloc.o miscbltin.o mystring.o options.o parser.o redir.o show.o trap.o output.o bltin/printf.o system.o bltin/test.o bltin/times.o var.o builtins.o init.o nodes.o signames.o syntax.o 
make[3]: Leaving directory '/home/devel/building/work/src/dash-0.5.12/src'
make[2]: Leaving directory '/home/devel/building/work/src/dash-0.5.12/src'
make[2]: Entering directory '/home/devel/building/work/src/dash-0.5.12'
make[2]: Leaving directory '/home/devel/building/work/src/dash-0.5.12'
make[1]: Leaving directory '/home/devel/building/work/src/dash-0.5.12'
+ make DESTDIR=/home/devel/building/work/pkg install
Making install in src
make[1]: Entering directory '/home/devel/building/work/src/dash-0.5.12/src'
/usr/bin/make  install-am
make[2]: Entering directory '/home/devel/building/work/src/dash-0.5.12/src'
make[3]: Entering directory '/home/devel/building/work/src/dash-0.5.12/src'
 /bin/mkdir -p '/home/devel/building/work/pkg//bin'
 /bin/mkdir -p '/home/devel/building/work/pkg/usr/share/man/man1'
  /usr/bin/install -c dash '/home/devel/building/work/pkg//bin'
 /usr/bin/install -c -m 644 dash.1 '/home/devel/building/work/pkg/usr/share/man/man1'
make[3]: Leaving directory '/home/devel/building/work/src/dash-0.5.12/src'
make[2]: Leaving directory '/home/devel/building/work/src/dash-0.5.12/src'
make[1]: Leaving directory '/home/devel/building/work/src/dash-0.5.12/src'
make[1]: Entering directory '/home/devel/building/work/src/dash-0.5.12'
make[2]: Entering directory '/home/devel/building/work/src/dash-0.5.12'
make[2]: Nothing to be done for 'install-exec-am'.
make[2]: Nothing to be done for 'install-data-am'.
make[2]: Leaving directory '/home/devel/building/work/src/dash-0.5.12'
make[1]: Leaving directory '/home/devel/building/work/src/dash-0.5.12'
+ ln -s dash /home/devel/building/work/pkg/bin/sh
+ ln -s dash.1 /home/devel/building/work/pkg/usr/share/man/man1/sh.1
=======> Build result:
drwxr-xr-x  0 root   root        0 Feb 21 14:24 bin/
lrwxrwxrwx  0 root   root        0 Feb 21 14:24 bin/sh -> dash
-rwxr-xr-x  0 root   root    97688 Feb 21 14:24 bin/dash
drwxr-xr-x  0 root   root        0 Feb 21 14:24 usr/
drwxr-xr-x  0 root   root        0 Feb 21 14:24 usr/share/
drwxr-xr-x  0 root   root        0 Feb 21 14:24 usr/share/man/
drwxr-xr-x  0 root   root        0 Feb 21 14:24 usr/share/man/man1/
lrwxrwxrwx  0 root   root        0 Feb 21 14:24 usr/share/man/man1/sh.1.gz -> dash.1.gz
-rw-r--r--  0 root   root    21121 Feb 21 14:24 usr/share/man/man1/dash.1.gz
=======> Building '/home/devel/packages/dash#0.5.12-1.riscv64.pkg.tar.zst' succeeded.
prt-get: Using PKGMK_PACKAGE_DIR: /home/devel/packages
prt-get: reinstalling dash 0.5.12-1
prt-get: /usr/bin/pkgadd -u dash#0.5.12-1.riscv64.pkg.tar.zst
prt-get: build done Tue Feb 21 14:24:31 2023

