prt-get: updating /usr/ports/core-riscv64/iputils
prt-get: starting build Tue Feb 21 17:34:10 2023
=======> Building '/home/devel/packages/iputils#20221126-1.riscv64.pkg.tar.zst'.
bsdtar -p -o -C /home/devel/building/work/src -xf /home/devel/sources/iputils-20221126.tar.gz
+ build
+ cd iputils-20221126
+ build-meson -DNO_SETCAP_OR_SUID=true -DBUILD_MANS=false -DUSE_IDN=false -DUSE_GETTEXT=false . build
The Meson build system
Version: 1.0.0
Source dir: /home/devel/building/work/src/iputils-20221126
Build dir: /home/devel/building/work/src/iputils-20221126/build
Build type: native build
Project name: iputils
Project version: 20221126
C compiler for the host machine: cc (gcc 13.0.1 "cc (SAUX-RISCV64) 13.0.1 20230219 (experimental)")
C linker for the host machine: cc ld.bfd 2.40
Host machine cpu family: riscv64
Host machine cpu: riscv64
Found pkg-config: /usr/bin/pkg-config (1.9.4)
Found CMake: /usr/bin/cmake (3.25.2)
Run-time dependency systemd found: NO (tried pkgconfig and cmake)
Checking for function "__fpending" : YES 
Checking for function "getrandom" : YES 
Checking for function "nanosleep" : YES 
Checking if "struct icmp6_nodeinfo" compiles: NO 
Checking if "struct tm time;" compiles: YES 
Library m found: YES
Library resolv found: YES
Checking for function "clock_gettime" : YES 
Library disabler-appears-to-disable-executable-build found: NO
Library cap found: YES
Run-time dependency disabler-appears-to-disable-executable-build found: NO (tried pkgconfig and cmake)
Has header "error.h" : YES 
Configuring config.h using configuration
Program setcap found: YES (/sbin/setcap)
Program ip found: YES (/sbin/ip)
WARNING: You should add the boolean check kwarg to the run_command call.
         It currently defaults to false,
         but it will default to true in future releases of meson.
         See also: https://github.com/mesonbuild/meson/issues/9300
Message: IPv6 enabled
Message: running as root
test/ping/meson.build:48: DEPRECATION: ":" is not allowed in test name "ping -c1 ::1", it has been replaced with "_"
test/ping/meson.build:48: DEPRECATION: ":" is not allowed in test name "ping -4 -c1 ::1", it has been replaced with "_"
test/ping/meson.build:48: DEPRECATION: ":" is not allowed in test name "ping -6 -c1 ::1", it has been replaced with "_"
test/ping/meson.build:64: DEPRECATION: ":" is not allowed in test name "ping -c1 ::1", it has been replaced with "_"
test/ping/meson.build:64: DEPRECATION: ":" is not allowed in test name "ping -c5 -i0.1 ::1", it has been replaced with "_"
test/ping/meson.build:64: DEPRECATION: ":" is not allowed in test name "ping -c1 -I lo ::1", it has been replaced with "_"
test/ping/meson.build:64: DEPRECATION: ":" is not allowed in test name "ping -c1 -w1 ::1", it has been replaced with "_"
test/ping/meson.build:64: DEPRECATION: ":" is not allowed in test name "ping -c1 -W1 ::1", it has been replaced with "_"
test/ping/meson.build:64: DEPRECATION: ":" is not allowed in test name "ping -c1 -W1.1 ::1", it has been replaced with "_"
test/ping/meson.build:78: DEPRECATION: ":" is not allowed in test name "ping -c1.1 ::1", it has been replaced with "_"
test/ping/meson.build:78: DEPRECATION: ":" is not allowed in test name "ping -I nonexisting ::1", it has been replaced with "_"
test/ping/meson.build:78: DEPRECATION: ":" is not allowed in test name "ping -w0.1 ::1", it has been replaced with "_"
test/ping/meson.build:78: DEPRECATION: ":" is not allowed in test name "ping -w0,1 ::1", it has been replaced with "_"
test/ping/meson.build:89: DEPRECATION: ":" is not allowed in test name "ping -c1 -i0.001 ::1", it has been replaced with "_"
Message: 

APPLICATIONS (build)
man: false
HTML man: false
arping: true (capability or suid: false)
clockdiff: true (capability or suid: false)
ping: true (capability or suid: false)
tracepath: true

CONFIGURATION
Capability (with libcap): true
IDN (with libidn2): false
I18N (with gettext): false
systemd: false
run tests: true

SYSTEM PATHS
prefix: /usr
bindir: /usr/bin
localedir: /usr/share/locale
sbindir: /usr/sbin
systemdunitdir: 

Build targets in project: 6
NOTICE: Future-deprecated features used:
 * 0.55.0: {'ExternalProgram.path'}

iputils 20221126

  User defined options
    auto_features    : auto
    bindir           : /usr/bin
    buildtype        : plain
    datadir          : /usr/share
    includedir       : /usr/include
    libdir           : /usr/lib
    libexecdir       : /usr/lib
    localstatedir    : /var
    mandir           : /usr/share/man
    prefix           : /usr
    sbindir          : /usr/sbin
    sharedstatedir   : /var/lib
    sysconfdir       : /etc
    wrap_mode        : nodownload
    b_lto            : false
    b_pie            : true
    b_staticpic      : true
    BUILD_MANS       : false
    NO_SETCAP_OR_SUID: true
    USE_GETTEXT      : false
    USE_IDN          : false

Found ninja-1.9 at /usr/bin/ninja
+ meson compile -j 8 -v -C build
ninja: entering directory '/home/devel/building/work/src/iputils-20221126/build'
[1/15] /usr/bin/meson --internal vcstagger ../git-version.h.meson git-version.h 20221126 /home/devel/building/work/src/iputils-20221126 @VCS_TAG@ '(.*)' ' '
[2/15] cc -Iarping.p -I. -I.. -fdiagnostics-color=always -D_FILE_OFFSET_BITS=64 -Wall -Winvalid-pch -Wextra -Wpedantic -std=c99 -include config.h -include git-version.h -O2 -mabi=lp64d -march=rv64gc -fPIE -MD -MQ arping.p/arping.c.o -MF arping.p/arping.c.o.d -o arping.p/arping.c.o -c ../arping.c
[3/15] cc -Iclockdiff.p -I. -I.. -fdiagnostics-color=always -D_FILE_OFFSET_BITS=64 -Wall -Winvalid-pch -Wextra -Wpedantic -std=c99 -include config.h -include git-version.h -O2 -mabi=lp64d -march=rv64gc -fPIE -MD -MQ clockdiff.p/clockdiff.c.o -MF clockdiff.p/clockdiff.c.o.d -o clockdiff.p/clockdiff.c.o -c ../clockdiff.c
[4/15] cc -Itracepath.p -I. -I.. -fdiagnostics-color=always -D_FILE_OFFSET_BITS=64 -Wall -Winvalid-pch -Wextra -Wpedantic -std=c99 -include config.h -include git-version.h -O2 -mabi=lp64d -march=rv64gc -fPIE -MD -MQ tracepath.p/tracepath.c.o -MF tracepath.p/tracepath.c.o.d -o tracepath.p/tracepath.c.o -c ../tracepath.c
[5/15] cc -Iping/ping.p -Iping -I../ping -I. -I.. -fdiagnostics-color=always -D_FILE_OFFSET_BITS=64 -Wall -Winvalid-pch -Wextra -Wpedantic -std=c99 -include config.h -include git-version.h -O2 -mabi=lp64d -march=rv64gc -fPIE -MD -MQ ping/ping.p/node_info.c.o -MF ping/ping.p/node_info.c.o.d -o ping/ping.p/node_info.c.o -c ../ping/node_info.c
[6/15] cc -Iping/ping.p -Iping -I../ping -I. -I.. -fdiagnostics-color=always -D_FILE_OFFSET_BITS=64 -Wall -Winvalid-pch -Wextra -Wpedantic -std=c99 -include config.h -include git-version.h -O2 -mabi=lp64d -march=rv64gc -fPIE -MD -MQ ping/ping.p/ping6_common.c.o -MF ping/ping.p/ping6_common.c.o.d -o ping/ping.p/ping6_common.c.o -c ../ping/ping6_common.c
[7/15] cc -Iping/ping.p -Iping -I../ping -I. -I.. -fdiagnostics-color=always -D_FILE_OFFSET_BITS=64 -Wall -Winvalid-pch -Wextra -Wpedantic -std=c99 -include config.h -include git-version.h -O2 -mabi=lp64d -march=rv64gc -fPIE -MD -MQ ping/ping.p/ping_common.c.o -MF ping/ping.p/ping_common.c.o.d -o ping/ping.p/ping_common.c.o -c ../ping/ping_common.c
[8/15] cc -Iping/ping.p -Iping -I../ping -I. -I.. -fdiagnostics-color=always -D_FILE_OFFSET_BITS=64 -Wall -Winvalid-pch -Wextra -Wpedantic -std=c99 -include config.h -include git-version.h -O2 -mabi=lp64d -march=rv64gc -fPIE -MD -MQ ping/ping.p/ping.c.o -MF ping/ping.p/ping.c.o.d -o ping/ping.p/ping.c.o -c ../ping/ping.c
[9/15] cc -Ilibcommon.a.p -I. -I.. -fdiagnostics-color=always -D_FILE_OFFSET_BITS=64 -Wall -Winvalid-pch -Wextra -Wpedantic -std=c99 -include config.h -include git-version.h -O2 -mabi=lp64d -march=rv64gc -fPIC -MD -MQ libcommon.a.p/md5.c.o -MF libcommon.a.p/md5.c.o.d -o libcommon.a.p/md5.c.o -c ../md5.c
[10/15] cc -Ilibcommon.a.p -I. -I.. -fdiagnostics-color=always -D_FILE_OFFSET_BITS=64 -Wall -Winvalid-pch -Wextra -Wpedantic -std=c99 -include config.h -include git-version.h -O2 -mabi=lp64d -march=rv64gc -fPIC -MD -MQ libcommon.a.p/iputils_common.c.o -MF libcommon.a.p/iputils_common.c.o.d -o libcommon.a.p/iputils_common.c.o -c ../iputils_common.c
[11/15] rm -f libcommon.a && gcc-ar csrDT libcommon.a libcommon.a.p/iputils_common.c.o libcommon.a.p/md5.c.o
[12/15] cc  -o clockdiff clockdiff.p/clockdiff.c.o -Wl,--as-needed -Wl,--no-undefined -pie -O2 -mabi=lp64d -march=rv64gc -Wl,--start-group libcommon.a -lcap -Wl,--end-group
[13/15] cc  -o tracepath tracepath.p/tracepath.c.o -Wl,--as-needed -Wl,--no-undefined -pie -O2 -mabi=lp64d -march=rv64gc -Wl,--start-group libcommon.a -Wl,--end-group
[14/15] cc  -o arping arping.p/arping.c.o -Wl,--as-needed -Wl,--no-undefined -pie -O2 -mabi=lp64d -march=rv64gc -Wl,--start-group libcommon.a -lcap -Wl,--end-group
[15/15] cc  -o ping/ping ping/ping.p/ping.c.o ping/ping.p/ping_common.c.o ping/ping.p/ping6_common.c.o ping/ping.p/node_info.c.o -Wl,--as-needed -Wl,--no-undefined -pie -O2 -mabi=lp64d -march=rv64gc -Wl,--start-group libcommon.a -lcap -lm -lresolv -Wl,--end-group
INFO: autodetecting backend as ninja
INFO: calculating backend command to run: /usr/bin/ninja -C /home/devel/building/work/src/iputils-20221126/build -j 8 -v
+ install -d /home/devel/building/work/pkg/sbin /home/devel/building/work/pkg/bin /home/devel/building/work/pkg/usr/bin /home/devel/building/work/pkg/usr/sbin
+ install build/ping/ping /home/devel/building/work/pkg/bin/
+ install build/arping /home/devel/building/work/pkg/sbin/
+ install build/tracepath build/clockdiff /home/devel/building/work/pkg/usr/sbin/
+ chmod u+s /home/devel/building/work/pkg/bin/ping
=======> Build result:
drwxr-xr-x  0 root   root        0 Feb 21 17:34 bin/
-rwsr-xr-x  0 root   root    78320 Feb 21 17:34 bin/ping
drwxr-xr-x  0 root   root        0 Feb 21 17:34 sbin/
-rwxr-xr-x  0 root   root    23168 Feb 21 17:34 sbin/arping
drwxr-xr-x  0 root   root        0 Feb 21 17:34 usr/
drwxr-xr-x  0 root   root        0 Feb 21 17:34 usr/sbin/
drwxr-xr-x  0 root   root        0 Feb 21 17:34 usr/bin/
-rwxr-xr-x  0 root   root    14944 Feb 21 17:34 usr/sbin/clockdiff
-rwxr-xr-x  0 root   root    18856 Feb 21 17:34 usr/sbin/tracepath
=======> Building '/home/devel/packages/iputils#20221126-1.riscv64.pkg.tar.zst' succeeded.
prt-get: Using PKGMK_PACKAGE_DIR: /home/devel/packages
prt-get: reinstalling iputils 20221126-1
prt-get: /usr/bin/pkgadd -u iputils#20221126-1.riscv64.pkg.tar.zst
prt-get: build done Tue Feb 21 17:34:28 2023

